[1.321s] Invoking command in '/home/carla/Github/C-V2X-Autoware-Carla/build/v2x_msg': CMAKE_PREFIX_PATH=/home/carla/ros1_bridge/install/ros1_bridge:/home/carla/ros2_humble/install/rqt_bag_plugins:/home/carla/ros2_humble/install/rqt_bag:/home/carla/ros2_humble/install/ros2bag:/home/carla/ros2_humble/install/tracetools_test:/home/carla/ros2_humble/install/tracetools_launch:/home/carla/ros2_humble/install/topic_monitor:/home/carla/ros2_humble/install/tf2_tools:/home/carla/ros2_humble/install/examples_tf2_py:/home/carla/ros2_humble/install/tf2_ros_py:/home/carla/ros2_humble/install/sros2:/home/carla/ros2_humble/install/rqt_topic:/home/carla/ros2_humble/install/rqt_srv:/home/carla/ros2_humble/install/rqt_shell:/home/carla/ros2_humble/install/rqt_service_caller:/home/carla/ros2_humble/install/rqt_reconfigure:/home/carla/ros2_humble/install/rqt_py_console:/home/carla/ros2_humble/install/rqt_publisher:/home/carla/ros2_humble/install/rqt_plot:/home/carla/ros2_humble/install/rqt_action:/home/carla/ros2_humble/install/rqt_msg:/home/carla/ros2_humble/install/rqt_console:/home/carla/ros2_humble/install/rqt:/home/carla/ros2_humble/install/rqt_graph:/home/carla/ros2_humble/install/rqt_gui_py:/home/carla/ros2_humble/install/rqt_gui:/home/carla/ros2_humble/install/ros2trace:/home/carla/ros2_humble/install/ros2topic:/home/carla/ros2_humble/install/ros2test:/home/carla/ros2_humble/install/ros2component:/home/carla/ros2_humble/install/ros2param:/home/carla/ros2_humble/install/ros2lifecycle:/home/carla/ros2_humble/install/ros2service:/home/carla/ros2_humble/install/ros2run:/home/carla/ros2_humble/install/ros2launch:/home/carla/ros2_humble/install/ros2pkg:/home/carla/ros2_humble/install/ros2node:/home/carla/ros2_humble/install/ros2multicast:/home/carla/ros2_humble/install/ros2interface:/home/carla/ros2_humble/install/ros2doctor:/home/carla/ros2_humble/install/ros2action:/home/carla/ros2_humble/install/ros2cli:/home/carla/ros2_humble/install/quality_of_service_demo_py:/home/carla/ros2_humble/install/opencv_tests:/home/carla/ros2_humble/install/lifecycle_py:/home/carla/ros2_humble/install/launch_testing_ros:/home/carla/ros2_humble/install/launch_ros:/home/carla/ros2_humble/install/examples_rclpy_pointcloud_publisher:/home/carla/ros2_humble/install/examples_rclpy_minimal_subscriber:/home/carla/ros2_humble/install/examples_rclpy_minimal_service:/home/carla/ros2_humble/install/examples_rclpy_minimal_publisher:/home/carla/ros2_humble/install/examples_rclpy_minimal_client:/home/carla/ros2_humble/install/examples_rclpy_minimal_action_server:/home/carla/ros2_humble/install/examples_rclpy_minimal_action_client:/home/carla/ros2_humble/install/examples_rclpy_guard_conditions:/home/carla/ros2_humble/install/examples_rclpy_executors:/home/carla/ros2_humble/install/demo_nodes_py:/home/carla/ros2_humble/install/action_tutorials_py:/home/carla/ros2_humble/install/ament_uncrustify:/home/carla/ros2_humble/install/tracetools_trace:/home/carla/ros2_humble/install/tracetools_read:/home/carla/ros2_humble/install/test_tracetools_launch:/home/carla/ros2_humble/install/test_launch_ros:/home/carla/ros2_humble/install/sensor_msgs_py:/home/carla/ros2_humble/install/rpyutils:/home/carla/ros2_humble/install/rosidl_runtime_py:/home/carla/ros2_humble/install/rosidl_cli:/home/carla/ros2_humble/install/launch_pytest:/home/carla/ros2_humble/install/launch_testing:/home/carla/ros2_humble/install/launch_yaml:/home/carla/ros2_humble/install/launch_xml:/home/carla/ros2_humble/install/launch:/home/carla/ros2_humble/install/osrf_pycommon:/home/carla/ros2_humble/install/launch_testing_examples:/home/carla/ros2_humble/install/domain_coordinator:/home/carla/ros2_humble/install/ament_xmllint:/home/carla/ros2_humble/install/ament_pyflakes:/home/carla/ros2_humble/install/ament_pycodestyle:/home/carla/ros2_humble/install/ament_pep257:/home/carla/ros2_humble/install/ament_pclint:/home/carla/ros2_humble/install/ament_package:/home/carla/ros2_humble/install/ament_mypy:/home/carla/ros2_humble/install/ament_lint_cmake:/home/carla/ros2_humble/install/ament_flake8:/home/carla/ros2_humble/install/ament_copyright:/home/carla/ros2_humble/install/ament_lint:/home/carla/ros2_humble/install/ament_index_python:/home/carla/ros2_humble/install/ament_cpplint:/home/carla/ros2_humble/install/ament_cppcheck:/home/carla/ros2_humble/install/ament_clang_tidy:/home/carla/ros2_humble/install/ament_clang_format:/home/carla/Github/C-V2X-Autoware-Carla/install/vehicle:/home/carla/Github/C-V2X-Autoware-Carla/install/map:/home/carla/Github/C-V2X-Autoware-Carla/install/infrastructure:/opt/ros/noetic:/home/carla/ros2_humble/install/rosbag2_storage_mcap:/home/carla/ros2_humble/install/rosbag2:/home/carla/ros2_humble/install/rosbag2_compression_zstd:/home/carla/ros2_humble/install/mcap_vendor:/home/carla/ros2_humble/install/zstd_vendor:/home/carla/ros2_humble/install/rviz_visual_testing_framework:/home/carla/ros2_humble/install/rviz2:/home/carla/ros2_humble/install/rviz_default_plugins:/home/carla/ros2_humble/install/rviz_common:/home/carla/ros2_humble/install/rosbag2_py:/home/carla/ros2_humble/install/rosbag2_transport:/home/carla/ros2_humble/install/rosbag2_performance_benchmarking:/home/carla/ros2_humble/install/rosbag2_compression:/home/carla/ros2_humble/install/rosbag2_cpp:/home/carla/ros2_humble/install/rosbag2_storage_default_plugins:/home/carla/ros2_humble/install/rosbag2_storage:/home/carla/ros2_humble/install/image_common:/home/carla/ros2_humble/install/camera_info_manager:/home/carla/ros2_humble/install/camera_calibration_parsers:/home/carla/ros2_humble/install/yaml_cpp_vendor:/home/carla/ros2_humble/install/interactive_markers:/home/carla/ros2_humble/install/common_interfaces:/home/carla/ros2_humble/install/visualization_msgs:/home/carla/ros2_humble/install/vision_opencv:/home/carla/ros2_humble/install/dummy_robot_bringup:/home/carla/ros2_humble/install/robot_state_publisher:/home/carla/ros2_humble/install/kdl_parser:/home/carla/ros2_humble/install/urdf:/home/carla/ros2_humble/install/urdfdom:/home/carla/ros2_humble/install/urdf_parser_plugin:/home/carla/ros2_humble/install/urdfdom_headers:/home/carla/ros2_humble/install/turtlesim:/home/carla/ros2_humble/install/geometry2:/home/carla/ros2_humble/install/tf2_sensor_msgs:/home/carla/ros2_humble/install/test_tf2:/home/carla/ros2_humble/install/tf2_kdl:/home/carla/ros2_humble/install/tf2_geometry_msgs:/home/carla/ros2_humble/install/tf2_eigen:/home/carla/ros2_humble/install/tf2_bullet:/home/carla/ros2_humble/install/tf2_ros:/home/carla/ros2_humble/install/tf2_py:/home/carla/ros2_humble/install/tf2_msgs:/home/carla/ros2_humble/install/test_msgs:/home/carla/ros2_humble/install/sros2_cmake:/home/carla/ros2_humble/install/ros2cli_common_extensions:/home/carla/ros2_humble/install/rqt_py_common:/home/carla/ros2_humble/install/rosbag2_storage_mcap_testdata:/home/carla/ros2_humble/install/ros_testing:/home/carla/ros2_humble/install/ros2cli_test_interfaces:/home/carla/ros2_humble/install/quality_of_service_demo_cpp:/home/carla/ros2_humble/install/image_transport:/home/carla/ros2_humble/install/message_filters:/home/carla/ros2_humble/install/demo_nodes_cpp:/home/carla/ros2_humble/install/composition:/home/carla/ros2_humble/install/laser_geometry:/home/carla/ros2_humble/install/rclpy:/home/carla/ros2_humble/install/examples_rclcpp_minimal_action_server:/home/carla/ros2_humble/install/examples_rclcpp_minimal_action_client:/home/carla/ros2_humble/install/action_tutorials_cpp:/home/carla/ros2_humble/install/rclcpp_action:/home/carla/ros2_humble/install/rcl_action:/home/carla/ros2_humble/install/examples_rclcpp_wait_set:/home/carla/ros2_humble/install/examples_rclcpp_minimal_service:/home/carla/ros2_humble/install/examples_rclcpp_minimal_client:/home/carla/ros2_humble/install/examples_rclcpp_async_client:/home/carla/ros2_humble/install/example_interfaces:/home/carla/ros2_humble/install/darknet_ros_msgs:/home/carla/ros2_humble/install/action_tutorials_interfaces:/home/carla/ros2_humble/install/action_msgs:/home/carla/ros2_humble/install/unique_identifier_msgs:/home/carla/ros2_humble/install/ament_lint_common:/home/carla/ros2_humble/install/ament_cmake_uncrustify:/home/carla/ros2_humble/install/uncrustify_vendor:/home/carla/ros2_humble/install/trajectory_msgs:/home/carla/ros2_humble/install/topic_statistics_demo:/home/carla/ros2_humble/install/pendulum_control:/home/carla/ros2_humble/install/tlsf_cpp:/home/carla/ros2_humble/install/test_tracetools:/home/carla/ros2_humble/install/rqt_gui_cpp:/home/carla/ros2_humble/install/rosbag2_test_common:/home/carla/ros2_humble/install/ros2lifecycle_test_fixtures:/home/carla/ros2_humble/install/lifecycle:/home/carla/ros2_humble/install/rclcpp_lifecycle:/home/carla/ros2_humble/install/logging_demo:/home/carla/ros2_humble/install/image_tools:/home/carla/ros2_humble/install/examples_rclcpp_minimal_subscriber:/home/carla/ros2_humble/install/examples_rclcpp_minimal_composition:/home/carla/ros2_humble/install/demo_nodes_cpp_native:/home/carla/ros2_humble/install/rclcpp_components:/home/carla/ros2_humble/install/intra_process_demo:/home/carla/ros2_humble/install/examples_rclcpp_multithreaded_executor:/home/carla/ros2_humble/install/examples_rclcpp_minimal_timer:/home/carla/ros2_humble/install/examples_rclcpp_minimal_publisher:/home/carla/ros2_humble/install/examples_rclcpp_cbg_executor:/home/carla/ros2_humble/install/dummy_sensors:/home/carla/ros2_humble/install/dummy_map_server:/home/carla/ros2_humble/install/rclcpp:/home/carla/ros2_humble/install/rcl_lifecycle:/home/carla/ros2_humble/install/libstatistics_collector:/home/carla/ros2_humble/install/rcl:/home/carla/ros2_humble/install/rmw_implementation:/home/carla/ros2_humble/install/rmw_fastrtps_dynamic_cpp:/home/carla/ros2_humble/install/rmw_fastrtps_cpp:/home/carla/ros2_humble/install/rmw_fastrtps_shared_cpp:/home/carla/ros2_humble/install/rmw_cyclonedds_cpp:/home/carla/ros2_humble/install/tracetools:/home/carla/ros2_humble/install/tlsf:/home/carla/ros2_humble/install/tinyxml_vendor:/home/carla/ros2_humble/install/qt_gui_core:/home/carla/ros2_humble/install/qt_gui_cpp:/home/carla/ros2_humble/install/pluginlib:/home/carla/ros2_humble/install/tinyxml2_vendor:/home/carla/ros2_humble/install/tf2_eigen_kdl:/home/carla/ros2_humble/install/tf2:/home/carla/ros2_humble/install/test_security:/home/carla/ros2_humble/install/test_rmw_implementation:/home/carla/ros2_humble/install/test_rclcpp:/home/carla/ros2_humble/install/test_quality_of_service:/home/carla/ros2_humble/install/test_launch_testing:/home/carla/ros2_humble/install/test_interface_files:/home/carla/ros2_humble/install/test_communication:/home/carla/ros2_humble/install/test_cli_remapping:/home/carla/ros2_humble/install/test_cli:/home/carla/ros2_humble/install/qt_gui_app:/home/carla/ros2_humble/install/qt_gui:/home/carla/ros2_humble/install/tango_icons_vendor:/home/carla/ros2_humble/install/stereo_msgs:/home/carla/ros2_humble/install/std_srvs:/home/carla/ros2_humble/install/shape_msgs:/home/carla/ros2_humble/install/map_msgs:/home/carla/ros2_humble/install/image_geometry:/home/carla/ros2_humble/install/cv_bridge:/home/carla/ros2_humble/install/sensor_msgs:/home/carla/ros2_humble/install/nav_msgs:/home/carla/ros2_humble/install/diagnostic_msgs:/home/carla/ros2_humble/install/geometry_msgs:/home/carla/ros2_humble/install/actionlib_msgs:/home/carla/ros2_humble/install/std_msgs:/home/carla/ros2_humble/install/statistics_msgs:/home/carla/ros2_humble/install/sqlite3_vendor:/home/carla/ros2_humble/install/rcl_logging_spdlog:/home/carla/ros2_humble/install/spdlog_vendor:/home/carla/ros2_humble/install/shared_queues_vendor:/home/carla/ros2_humble/install/rviz_rendering_tests:/home/carla/ros2_humble/install/rviz_rendering:/home/carla/ros2_humble/install/rviz_ogre_vendor:/home/carla/ros2_humble/install/rviz_assimp_vendor:/home/carla/ros2_humble/install/rttest:/home/carla/ros2_humble/install/rmw_connextddsmicro:/home/carla/ros2_humble/install/rmw_connextdds:/home/carla/ros2_humble/install/rmw_connextdds_common:/home/carla/ros2_humble/install/rti_connext_dds_cmake_module:/home/carla/ros2_humble/install/rosgraph_msgs:/home/carla/ros2_humble/install/rosbag2_interfaces:/home/carla/ros2_humble/install/rmw_dds_common:/home/carla/ros2_humble/install/composition_interfaces:/home/carla/ros2_humble/install/rcl_interfaces:/home/carla/ros2_humble/install/pendulum_msgs:/home/carla/ros2_humble/install/lifecycle_msgs:/home/carla/ros2_humble/install/builtin_interfaces:/home/carla/ros2_humble/install/rosidl_default_runtime:/home/carla/ros2_humble/install/rosidl_default_generators:/home/carla/ros2_humble/install/rosidl_generator_py:/home/carla/ros2_humble/install/rosidl_typesupport_introspection_tests:/home/carla/ros2_humble/install/rosidl_typesupport_cpp:/home/carla/ros2_humble/install/rosidl_typesupport_introspection_cpp:/home/carla/ros2_humble/install/rosidl_typesupport_c:/home/carla/ros2_humble/install/rosidl_typesupport_introspection_c:/home/carla/ros2_humble/install/rosidl_typesupport_fastrtps_c:/home/carla/ros2_humble/install/rosidl_typesupport_fastrtps_cpp:/home/carla/ros2_humble/install/rosidl_generator_cpp:/home/carla/ros2_humble/install/rosidl_runtime_cpp:/home/carla/ros2_humble/install/rcl_yaml_param_parser:/home/carla/ros2_humble/install/rmw:/home/carla/ros2_humble/install/rosidl_runtime_c:/home/carla/ros2_humble/install/rosidl_generator_c:/home/carla/ros2_humble/install/rosidl_typesupport_interface:/home/carla/ros2_humble/install/rosidl_generator_dds_idl:/home/carla/ros2_humble/install/rosidl_cmake:/home/carla/ros2_humble/install/rosidl_parser:/home/carla/ros2_humble/install/rosidl_adapter:/home/carla/ros2_humble/install/rosbag2_tests:/home/carla/ros2_humble/install/ros_environment:/home/carla/ros2_humble/install/rmw_implementation_cmake:/home/carla/ros2_humble/install/resource_retriever:/home/carla/ros2_humble/install/class_loader:/home/carla/ros2_humble/install/rcpputils:/home/carla/ros2_humble/install/rcl_logging_noop:/home/carla/ros2_humble/install/rcl_logging_interface:/home/carla/ros2_humble/install/rcutils:/home/carla/ros2_humble/install/qt_gui_py_common:/home/carla/ros2_humble/install/qt_dotgraph:/home/carla/ros2_humble/install/python_qt_binding:/home/carla/ros2_humble/install/python_orocos_kdl_vendor:/home/carla/ros2_humble/install/launch_testing_ament_cmake:/home/carla/ros2_humble/install/python_cmake_module:/home/carla/ros2_humble/install/pybind11_vendor:/home/carla/ros2_humble/install/performance_test_fixture:/home/carla/ros2_humble/install/osrf_testing_tools_cpp:/home/carla/ros2_humble/install/orocos_kdl_vendor:/home/carla/ros2_humble/install/mimick_vendor:/home/carla/ros2_humble/install/libyaml_vendor:/home/carla/ros2_humble/install/libcurl_vendor:/home/carla/ros2_humble/install/keyboard_handler:/home/carla/ros2_humble/install/iceoryx_introspection:/home/carla/ros2_humble/install/cyclonedds:/home/carla/ros2_humble/install/iceoryx_posh:/home/carla/ros2_humble/install/iceoryx_hoofs:/home/carla/ros2_humble/install/iceoryx_binding_c:/home/carla/ros2_humble/install/ament_cmake_ros:/home/carla/ros2_humble/install/ament_cmake_auto:/home/carla/ros2_humble/install/ament_cmake_gmock:/home/carla/ros2_humble/install/gmock_vendor:/home/carla/ros2_humble/install/ament_cmake_gtest:/home/carla/ros2_humble/install/gtest_vendor:/home/carla/ros2_humble/install/ament_cmake_google_benchmark:/home/carla/ros2_humble/install/google_benchmark_vendor:/home/carla/ros2_humble/install/fastrtps:/home/carla/ros2_humble/install/foonathan_memory_vendor:/home/carla/ros2_humble/install/fastrtps_cmake_module:/home/carla/ros2_humble/install/fastcdr:/home/carla/ros2_humble/install/eigen3_cmake_module:/home/carla/ros2_humble/install/console_bridge_vendor:/home/carla/ros2_humble/install/ament_cmake_xmllint:/home/carla/ros2_humble/install/ament_cmake_pyflakes:/home/carla/ros2_humble/install/ament_cmake_pycodestyle:/home/carla/ros2_humble/install/ament_cmake_pep257:/home/carla/ros2_humble/install/ament_cmake_pclint:/home/carla/ros2_humble/install/ament_lint_auto:/home/carla/ros2_humble/install/ament_cmake:/home/carla/ros2_humble/install/ament_cmake_version:/home/carla/ros2_humble/install/ament_cmake_vendor_package:/home/carla/ros2_humble/install/ament_cmake_pytest:/home/carla/ros2_humble/install/ament_cmake_nose:/home/carla/ros2_humble/install/ament_cmake_mypy:/home/carla/ros2_humble/install/ament_cmake_lint_cmake:/home/carla/ros2_humble/install/ament_cmake_flake8:/home/carla/ros2_humble/install/ament_cmake_cpplint:/home/carla/ros2_humble/install/ament_cmake_cppcheck:/home/carla/ros2_humble/install/ament_cmake_copyright:/home/carla/ros2_humble/install/ament_cmake_clang_tidy:/home/carla/ros2_humble/install/ament_cmake_clang_format:/home/carla/ros2_humble/install/ament_cmake_test:/home/carla/ros2_humble/install/ament_cmake_target_dependencies:/home/carla/ros2_humble/install/ament_cmake_python:/home/carla/ros2_humble/install/ament_cmake_export_dependencies:/home/carla/ros2_humble/install/ament_cmake_libraries:/home/carla/ros2_humble/install/ament_cmake_include_directories:/home/carla/ros2_humble/install/ament_cmake_gen_version_h:/home/carla/ros2_humble/install/ament_cmake_export_targets:/home/carla/ros2_humble/install/ament_cmake_export_link_flags:/home/carla/ros2_humble/install/ament_cmake_export_interfaces:/home/carla/ros2_humble/install/ament_cmake_export_libraries:/home/carla/ros2_humble/install/ament_cmake_export_include_directories:/home/carla/ros2_humble/install/ament_cmake_export_definitions:/home/carla/ros2_humble/install/ament_cmake_core:/home/carla/ros2_humble/install/ament_index_cpp:/home/carla/Github/C-V2X-Autoware-Carla/install/v2x_msg:/home/carla/Github/C-V2X-Autoware-Carla/install/autoware_auto_msgs:/home/carla/Github/C-V2X-Autoware-Carla/install/autoware_auto_vehicle_msgs:/home/carla/Github/C-V2X-Autoware-Carla/install/autoware_auto_system_msgs:/home/carla/Github/C-V2X-Autoware-Carla/install/autoware_auto_planning_msgs:/home/carla/Github/C-V2X-Autoware-Carla/install/autoware_auto_perception_msgs:/home/carla/Github/C-V2X-Autoware-Carla/install/autoware_auto_mapping_msgs:/home/carla/Github/C-V2X-Autoware-Carla/install/autoware_auto_geometry_msgs:/home/carla/Github/C-V2X-Autoware-Carla/install/autoware_auto_control_msgs:/home/carla/Github/C-V2X-Autoware-Carla/install/autoware_adapi_v1_msgs /usr/bin/cmake --build /home/carla/Github/C-V2X-Autoware-Carla/build/v2x_msg -- -j20 -l20
[1.451s] -- Found ament_cmake: 1.3.8 (/home/carla/ros2_humble/install/ament_cmake/share/ament_cmake/cmake)
[3.128s] -- Found Python3: /usr/bin/python3 (found version "3.8.10") found components: Interpreter 
[3.670s] -- Override CMake install command with custom implementation using symlinks instead of copying resources
[3.683s] -- Found rosidl_default_generators: 1.2.0 (/home/carla/ros2_humble/install/rosidl_default_generators/share/rosidl_default_generators/cmake)
[3.791s] -- Using all available rosidl_typesupport_c: rosidl_typesupport_introspection_c;rosidl_typesupport_fastrtps_c
[3.793s] -- Found rosidl_adapter: 3.1.5 (/home/carla/ros2_humble/install/rosidl_adapter/share/rosidl_adapter/cmake)
[3.844s] -- Using all available rosidl_typesupport_cpp: rosidl_typesupport_introspection_cpp;rosidl_typesupport_fastrtps_cpp
[9.587s] -- Found ament_cmake_ros: 0.10.0 (/home/carla/ros2_humble/install/ament_cmake_ros/share/ament_cmake_ros/cmake)
[12.611s] -- Using all available rosidl_typesupport_c: rosidl_typesupport_introspection_c;rosidl_typesupport_fastrtps_c
[18.675s] -- Using all available rosidl_typesupport_cpp: rosidl_typesupport_introspection_cpp;rosidl_typesupport_fastrtps_cpp
[18.987s] -- Found python_cmake_module: 0.10.0 (/home/carla/ros2_humble/install/python_cmake_module/share/python_cmake_module/cmake)
[19.267s] -- Using PYTHON_EXECUTABLE: /usr/bin/python3
[19.267s] -- Using PYTHON_INCLUDE_DIRS: /usr/include/python3.8
[19.267s] -- Using PYTHON_LIBRARIES: /usr/lib/x86_64-linux-gnu/libpython3.8.so
[19.484s] -- Found ament_lint_auto: 0.12.10 (/home/carla/ros2_humble/install/ament_lint_auto/share/ament_lint_auto/cmake)
[19.491s] -- Added test 'copyright' to check source files copyright and LICENSE
[19.497s] -- Added test 'lint_cmake' to check CMake code style
[19.501s] -- Added test 'xmllint' to check XML markup files
[19.504s] -- Configuring done
[19.690s] -- Generating done
[19.692s] -- Build files have been written to: /home/carla/Github/C-V2X-Autoware-Carla/build/v2x_msg
[19.736s] [  0%] [34m[1mGenerating C code for ROS interfaces[0m
[19.741s] failed to create symbolic link '/home/carla/Github/C-V2X-Autoware-Carla/build/v2x_msg/ament_cmake_python/v2x_msg/v2x_msg' because existing path cannot be removed: Is a directory
[19.741s] make[2]: *** [CMakeFiles/ament_cmake_python_symlink_v2x_msg.dir/build.make:57: CMakeFiles/ament_cmake_python_symlink_v2x_msg] Error 1
[19.741s] make[1]: *** [CMakeFiles/Makefile2:576: CMakeFiles/ament_cmake_python_symlink_v2x_msg.dir/all] Error 2
[19.742s] make[1]: *** Waiting for unfinished jobs....
[19.749s] [  0%] [34m[1mGenerating C++ code for ROS interfaces[0m
[25.838s] [  0%] Built target v2x_msg__cpp
[26.624s] [35m[1mScanning dependencies of target v2x_msg__rosidl_generator_c[0m
[26.682s] [  1%] [32mBuilding C object CMakeFiles/v2x_msg__rosidl_generator_c.dir/rosidl_generator_c/v2x_msg/msg/detail/bsm__functions.c.o[0m
[26.682s] [  1%] [32mBuilding C object CMakeFiles/v2x_msg__rosidl_generator_c.dir/rosidl_generator_c/v2x_msg/msg/detail/psm__functions.c.o[0m
[26.682s] [  1%] [32mBuilding C object CMakeFiles/v2x_msg__rosidl_generator_c.dir/rosidl_generator_c/v2x_msg/msg/detail/pvd__functions.c.o[0m
[26.682s] [  1%] [32mBuilding C object CMakeFiles/v2x_msg__rosidl_generator_c.dir/rosidl_generator_c/v2x_msg/msg/detail/ica__functions.c.o[0m
[26.682s] [  1%] [32mBuilding C object CMakeFiles/v2x_msg__rosidl_generator_c.dir/rosidl_generator_c/v2x_msg/msg/detail/map__functions.c.o[0m
[26.682s] [  1%] [32mBuilding C object CMakeFiles/v2x_msg__rosidl_generator_c.dir/rosidl_generator_c/v2x_msg/msg/detail/csr__functions.c.o[0m
[26.682s] [  1%] [32mBuilding C object CMakeFiles/v2x_msg__rosidl_generator_c.dir/rosidl_generator_c/v2x_msg/msg/detail/rtcm__functions.c.o[0m
[26.682s] [  1%] [32mBuilding C object CMakeFiles/v2x_msg__rosidl_generator_c.dir/rosidl_generator_c/v2x_msg/msg/detail/tim__functions.c.o[0m
[26.682s] [  1%] [32mBuilding C object CMakeFiles/v2x_msg__rosidl_generator_c.dir/rosidl_generator_c/v2x_msg/msg/detail/srm__functions.c.o[0m
[26.682s] [  1%] [32mBuilding C object CMakeFiles/v2x_msg__rosidl_generator_c.dir/rosidl_generator_c/v2x_msg/msg/detail/ssm__functions.c.o[0m
[26.682s] [  1%] [32mBuilding C object CMakeFiles/v2x_msg__rosidl_generator_c.dir/rosidl_generator_c/v2x_msg/msg/detail/eva__functions.c.o[0m
[26.683s] [  1%] [32mBuilding C object CMakeFiles/v2x_msg__rosidl_generator_c.dir/rosidl_generator_c/v2x_msg/msg/detail/nmea__functions.c.o[0m
[26.683s] [  1%] [32mBuilding C object CMakeFiles/v2x_msg__rosidl_generator_c.dir/rosidl_generator_c/v2x_msg/msg/detail/pdm__functions.c.o[0m
[26.683s] [  1%] [32mBuilding C object CMakeFiles/v2x_msg__rosidl_generator_c.dir/rosidl_generator_c/v2x_msg/msg/detail/latency__functions.c.o[0m
[26.683s] [  1%] [32mBuilding C object CMakeFiles/v2x_msg__rosidl_generator_c.dir/rosidl_generator_c/v2x_msg/msg/detail/spat__functions.c.o[0m
[26.684s] [  1%] [32mBuilding C object CMakeFiles/v2x_msg__rosidl_generator_c.dir/rosidl_generator_c/v2x_msg/msg/detail/rsa__functions.c.o[0m
[26.686s] [  1%] [32mBuilding C object CMakeFiles/v2x_msg__rosidl_generator_c.dir/rosidl_generator_c/v2x_msg/msg/detail/acceleration_set4_way__functions.c.o[0m
[26.692s] [  1%] [32mBuilding C object CMakeFiles/v2x_msg__rosidl_generator_c.dir/rosidl_generator_c/v2x_msg/msg/detail/accel_sets__functions.c.o[0m
[26.705s] [  1%] [32mBuilding C object CMakeFiles/v2x_msg__rosidl_generator_c.dir/rosidl_generator_c/v2x_msg/msg/detail/accel_steer_yaw_rate_confidence__functions.c.o[0m
[26.730s] [  2%] [32mBuilding C object CMakeFiles/v2x_msg__rosidl_generator_c.dir/rosidl_generator_c/v2x_msg/msg/detail/advisory_speed__functions.c.o[0m
[26.779s] [  2%] [32mBuilding C object CMakeFiles/v2x_msg__rosidl_generator_c.dir/rosidl_generator_c/v2x_msg/msg/detail/area__functions.c.o[0m
[26.779s] [  2%] [32mBuilding C object CMakeFiles/v2x_msg__rosidl_generator_c.dir/rosidl_generator_c/v2x_msg/msg/detail/approach_or_lane__functions.c.o[0m
[26.779s] [  2%] [32mBuilding C object CMakeFiles/v2x_msg__rosidl_generator_c.dir/rosidl_generator_c/v2x_msg/msg/detail/bsm_core_data__functions.c.o[0m
[26.779s] [  2%] [32mBuilding C object CMakeFiles/v2x_msg__rosidl_generator_c.dir/rosidl_generator_c/v2x_msg/msg/detail/antenna_offset_set__functions.c.o[0m
[26.783s] [  2%] [32mBuilding C object CMakeFiles/v2x_msg__rosidl_generator_c.dir/rosidl_generator_c/v2x_msg/msg/detail/circle__functions.c.o[0m
[26.783s] [  2%] [32mBuilding C object CMakeFiles/v2x_msg__rosidl_generator_c.dir/rosidl_generator_c/v2x_msg/msg/detail/axle_weight__functions.c.o[0m
[26.783s] [  2%] [32mBuilding C object CMakeFiles/v2x_msg__rosidl_generator_c.dir/rosidl_generator_c/v2x_msg/msg/detail/brake_system_status__functions.c.o[0m
[26.791s] [  2%] [32mBuilding C object CMakeFiles/v2x_msg__rosidl_generator_c.dir/rosidl_generator_c/v2x_msg/msg/detail/confidence_set__functions.c.o[0m
[26.791s] [  2%] [32mBuilding C object CMakeFiles/v2x_msg__rosidl_generator_c.dir/rosidl_generator_c/v2x_msg/msg/detail/computed_lane__functions.c.o[0m
[26.791s] [  2%] [32mBuilding C object CMakeFiles/v2x_msg__rosidl_generator_c.dir/rosidl_generator_c/v2x_msg/msg/detail/allowed_maneuvers__functions.c.o[0m
[26.791s] [  3%] [32mBuilding C object CMakeFiles/v2x_msg__rosidl_generator_c.dir/rosidl_generator_c/v2x_msg/msg/detail/connecting_lane__functions.c.o[0m
[26.800s] [  3%] [32mBuilding C object CMakeFiles/v2x_msg__rosidl_generator_c.dir/rosidl_generator_c/v2x_msg/msg/detail/bumper_heights__functions.c.o[0m
[26.800s] [  3%] [32mBuilding C object CMakeFiles/v2x_msg__rosidl_generator_c.dir/rosidl_generator_c/v2x_msg/msg/detail/connection_maneuver_assist__functions.c.o[0m
[26.800s] [  3%] [32mBuilding C object CMakeFiles/v2x_msg__rosidl_generator_c.dir/rosidl_generator_c/v2x_msg/msg/detail/data_parameters__functions.c.o[0m
[26.805s] [  3%] [32mBuilding C object CMakeFiles/v2x_msg__rosidl_generator_c.dir/rosidl_generator_c/v2x_msg/msg/detail/connection__functions.c.o[0m
[26.805s] [  3%] [32mBuilding C object CMakeFiles/v2x_msg__rosidl_generator_c.dir/rosidl_generator_c/v2x_msg/msg/detail/content__functions.c.o[0m
[26.812s] [  3%] [32mBuilding C object CMakeFiles/v2x_msg__rosidl_generator_c.dir/rosidl_generator_c/v2x_msg/msg/detail/d_date_time__functions.c.o[0m
[26.822s] [  3%] [32mBuilding C object CMakeFiles/v2x_msg__rosidl_generator_c.dir/rosidl_generator_c/v2x_msg/msg/detail/description__functions.c.o[0m
[26.822s] [  3%] [32mBuilding C object CMakeFiles/v2x_msg__rosidl_generator_c.dir/rosidl_generator_c/v2x_msg/msg/detail/emergency_details__functions.c.o[0m
[26.865s] [  4%] [32mBuilding C object CMakeFiles/v2x_msg__rosidl_generator_c.dir/rosidl_generator_c/v2x_msg/msg/detail/generic_lane__functions.c.o[0m
[26.866s] [  4%] [32mBuilding C object CMakeFiles/v2x_msg__rosidl_generator_c.dir/rosidl_generator_c/v2x_msg/msg/detail/full_position_vector__functions.c.o[0m
[26.866s] [  4%] [32mBuilding C object CMakeFiles/v2x_msg__rosidl_generator_c.dir/rosidl_generator_c/v2x_msg/msg/detail/generic_signage__functions.c.o[0m
[26.868s] [  4%] [32mBuilding C object CMakeFiles/v2x_msg__rosidl_generator_c.dir/rosidl_generator_c/v2x_msg/msg/detail/generic_signagecontent__functions.c.o[0m
[26.869s] [  4%] [32mBuilding C object CMakeFiles/v2x_msg__rosidl_generator_c.dir/rosidl_generator_c/v2x_msg/msg/detail/geometric_projection__functions.c.o[0m
[26.872s] [  4%] [32mBuilding C object CMakeFiles/v2x_msg__rosidl_generator_c.dir/rosidl_generator_c/v2x_msg/msg/detail/intersection_geometry__functions.c.o[0m
[26.872s] [  4%] [32mBuilding C object CMakeFiles/v2x_msg__rosidl_generator_c.dir/rosidl_generator_c/v2x_msg/msg/detail/exit_servicecontent__functions.c.o[0m
[26.876s] [  4%] [32mBuilding C object CMakeFiles/v2x_msg__rosidl_generator_c.dir/rosidl_generator_c/v2x_msg/msg/detail/exit_service__functions.c.o[0m
[26.876s] [  4%] [32mBuilding C object CMakeFiles/v2x_msg__rosidl_generator_c.dir/rosidl_generator_c/v2x_msg/msg/detail/geographical_path__functions.c.o[0m
[26.882s] [  4%] [32mBuilding C object CMakeFiles/v2x_msg__rosidl_generator_c.dir/rosidl_generator_c/v2x_msg/msg/detail/intersection_status_object__functions.c.o[0m
[26.882s] [  4%] [32mBuilding C object CMakeFiles/v2x_msg__rosidl_generator_c.dir/rosidl_generator_c/v2x_msg/msg/detail/intersection_reference_id__functions.c.o[0m
[26.887s] [  4%] [32mBuilding C object CMakeFiles/v2x_msg__rosidl_generator_c.dir/rosidl_generator_c/v2x_msg/msg/detail/intersection_state__functions.c.o[0m
[26.887s] [  4%] [32mBuilding C object CMakeFiles/v2x_msg__rosidl_generator_c.dir/rosidl_generator_c/v2x_msg/msg/detail/iti_scodesandtext__functions.c.o[0m
[26.887s] [  4%] [32mBuilding C object CMakeFiles/v2x_msg__rosidl_generator_c.dir/rosidl_generator_c/v2x_msg/msg/detail/intersection_access_point__functions.c.o[0m
[26.889s] [  4%] [32mBuilding C object CMakeFiles/v2x_msg__rosidl_generator_c.dir/rosidl_generator_c/v2x_msg/msg/detail/iti_scodesandtextcontent__functions.c.o[0m
[26.896s] [  5%] [32mBuilding C object CMakeFiles/v2x_msg__rosidl_generator_c.dir/rosidl_generator_c/v2x_msg/msg/detail/itis_speed_limit__functions.c.o[0m
[26.904s] [  5%] [32mBuilding C object CMakeFiles/v2x_msg__rosidl_generator_c.dir/rosidl_generator_c/v2x_msg/msg/detail/itis_speed_limitcontent__functions.c.o[0m
[26.918s] [  5%] [32mBuilding C object CMakeFiles/v2x_msg__rosidl_generator_c.dir/rosidl_generator_c/v2x_msg/msg/detail/j1939data__functions.c.o[0m
[26.942s] [  5%] [32mBuilding C object CMakeFiles/v2x_msg__rosidl_generator_c.dir/rosidl_generator_c/v2x_msg/msg/detail/lane_attributes__functions.c.o[0m
[26.952s] [  5%] [32mBuilding C object CMakeFiles/v2x_msg__rosidl_generator_c.dir/rosidl_generator_c/v2x_msg/msg/detail/lane_id__functions.c.o[0m
[26.956s] [  5%] [32mBuilding C object CMakeFiles/v2x_msg__rosidl_generator_c.dir/rosidl_generator_c/v2x_msg/msg/detail/movement_state__functions.c.o[0m
[26.956s] [  5%] [32mBuilding C object CMakeFiles/v2x_msg__rosidl_generator_c.dir/rosidl_generator_c/v2x_msg/msg/detail/msg_id__functions.c.o[0m
[26.956s] [  5%] [32mBuilding C object CMakeFiles/v2x_msg__rosidl_generator_c.dir/rosidl_generator_c/v2x_msg/msg/detail/lane_data_attribute__functions.c.o[0m
[26.957s] [  5%] [32mBuilding C object CMakeFiles/v2x_msg__rosidl_generator_c.dir/rosidl_generator_c/v2x_msg/msg/detail/movement_event__functions.c.o[0m
[26.960s] [  6%] [32mBuilding C object CMakeFiles/v2x_msg__rosidl_generator_c.dir/rosidl_generator_c/v2x_msg/msg/detail/node_list_xy__functions.c.o[0m
[26.964s] [  6%] [32mBuilding C object CMakeFiles/v2x_msg__rosidl_generator_c.dir/rosidl_generator_c/v2x_msg/msg/detail/node_attribute_set_ll__functions.c.o[0m
[26.967s] [  6%] [32mBuilding C object CMakeFiles/v2x_msg__rosidl_generator_c.dir/rosidl_generator_c/v2x_msg/msg/detail/node_offset_point_ll__functions.c.o[0m
[26.969s] [  6%] [32mBuilding C object CMakeFiles/v2x_msg__rosidl_generator_c.dir/rosidl_generator_c/v2x_msg/msg/detail/nodellmd64b__functions.c.o[0m
[26.969s] [  6%] [32mBuilding C object CMakeFiles/v2x_msg__rosidl_generator_c.dir/rosidl_generator_c/v2x_msg/msg/detail/node_offset_point_xy__functions.c.o[0m
[26.969s] [  6%] [32mBuilding C object CMakeFiles/v2x_msg__rosidl_generator_c.dir/rosidl_generator_c/v2x_msg/msg/detail/node_attribute_set_xy__functions.c.o[0m
[26.972s] [  6%] [32mBuilding C object CMakeFiles/v2x_msg__rosidl_generator_c.dir/rosidl_generator_c/v2x_msg/msg/detail/node_ll28_b__functions.c.o[0m
[26.972s] [  6%] [32mBuilding C object CMakeFiles/v2x_msg__rosidl_generator_c.dir/rosidl_generator_c/v2x_msg/msg/detail/node_ll24_b__functions.c.o[0m
[26.974s] [  6%] [32mBuilding C object CMakeFiles/v2x_msg__rosidl_generator_c.dir/rosidl_generator_c/v2x_msg/msg/detail/node_ll__functions.c.o[0m
[26.976s] [  6%] [32mBuilding C object CMakeFiles/v2x_msg__rosidl_generator_c.dir/rosidl_generator_c/v2x_msg/msg/detail/node_ll32_b__functions.c.o[0m
[26.977s] [  6%] [32mBuilding C object CMakeFiles/v2x_msg__rosidl_generator_c.dir/rosidl_generator_c/v2x_msg/msg/detail/node_ll36_b__functions.c.o[0m
[26.997s] [  6%] [32mBuilding C object CMakeFiles/v2x_msg__rosidl_generator_c.dir/rosidl_generator_c/v2x_msg/msg/detail/node_ll44_b__functions.c.o[0m
[27.022s] [  6%] [32mBuilding C object CMakeFiles/v2x_msg__rosidl_generator_c.dir/rosidl_generator_c/v2x_msg/msg/detail/node_ll48_b__functions.c.o[0m
[27.023s] [  6%] [32mBuilding C object CMakeFiles/v2x_msg__rosidl_generator_c.dir/rosidl_generator_c/v2x_msg/msg/detail/node_xy__functions.c.o[0m
[27.024s] [  6%] [32mBuilding C object CMakeFiles/v2x_msg__rosidl_generator_c.dir/rosidl_generator_c/v2x_msg/msg/detail/node_xy26b__functions.c.o[0m
[27.024s] [  6%] [32mBuilding C object CMakeFiles/v2x_msg__rosidl_generator_c.dir/rosidl_generator_c/v2x_msg/msg/detail/node_xy22b__functions.c.o[0m
[27.031s] [  6%] [32mBuilding C object CMakeFiles/v2x_msg__rosidl_generator_c.dir/rosidl_generator_c/v2x_msg/msg/detail/node_xy24b__functions.c.o[0m
[27.034s] [  7%] [32mBuilding C object CMakeFiles/v2x_msg__rosidl_generator_c.dir/rosidl_generator_c/v2x_msg/msg/detail/node_xy20b__functions.c.o[0m
[27.050s] [  7%] [32mBuilding C object CMakeFiles/v2x_msg__rosidl_generator_c.dir/rosidl_generator_c/v2x_msg/msg/detail/node_xy28b__functions.c.o[0m
[27.052s] [  7%] [32mBuilding C object CMakeFiles/v2x_msg__rosidl_generator_c.dir/rosidl_generator_c/v2x_msg/msg/detail/node_xy32b__functions.c.o[0m
[27.052s] [  7%] [32mBuilding C object CMakeFiles/v2x_msg__rosidl_generator_c.dir/rosidl_generator_c/v2x_msg/msg/detail/offset_system__functions.c.o[0m
[27.053s] [  7%] [32mBuilding C object CMakeFiles/v2x_msg__rosidl_generator_c.dir/rosidl_generator_c/v2x_msg/msg/detail/object__functions.c.o[0m
[27.060s] [  7%] [32mBuilding C object CMakeFiles/v2x_msg__rosidl_generator_c.dir/rosidl_generator_c/v2x_msg/msg/detail/offset__functions.c.o[0m
[27.060s] [  7%] [32mBuilding C object CMakeFiles/v2x_msg__rosidl_generator_c.dir/rosidl_generator_c/v2x_msg/msg/detail/offset_xaxis__functions.c.o[0m
[27.073s] [  7%] [32mBuilding C object CMakeFiles/v2x_msg__rosidl_generator_c.dir/rosidl_generator_c/v2x_msg/msg/detail/offset_yaxis__functions.c.o[0m
[27.078s] [  8%] [32mBuilding C object CMakeFiles/v2x_msg__rosidl_generator_c.dir/rosidl_generator_c/v2x_msg/msg/detail/path_prediction__functions.c.o[0m
[27.078s] [  8%] [32mBuilding C object CMakeFiles/v2x_msg__rosidl_generator_c.dir/rosidl_generator_c/v2x_msg/msg/detail/position3_d__functions.c.o[0m
[27.078s] [  8%] [32mBuilding C object CMakeFiles/v2x_msg__rosidl_generator_c.dir/rosidl_generator_c/v2x_msg/msg/detail/path_history__functions.c.o[0m
[27.082s] [  8%] [32mBuilding C object CMakeFiles/v2x_msg__rosidl_generator_c.dir/rosidl_generator_c/v2x_msg/msg/detail/positional_accuracy__functions.c.o[0m
[27.083s] [  8%] [32mBuilding C object CMakeFiles/v2x_msg__rosidl_generator_c.dir/rosidl_generator_c/v2x_msg/msg/detail/path_history_point__functions.c.o[0m
[27.085s] [  8%] [32mBuilding C object CMakeFiles/v2x_msg__rosidl_generator_c.dir/rosidl_generator_c/v2x_msg/msg/detail/position_confidence_set__functions.c.o[0m
[27.109s] [  8%] [32mBuilding C object CMakeFiles/v2x_msg__rosidl_generator_c.dir/rosidl_generator_c/v2x_msg/msg/detail/privileged_events__functions.c.o[0m
[27.109s] [  8%] [32mBuilding C object CMakeFiles/v2x_msg__rosidl_generator_c.dir/rosidl_generator_c/v2x_msg/msg/detail/region_offsets__functions.c.o[0m
[27.117s] [  8%] [32mBuilding C object CMakeFiles/v2x_msg__rosidl_generator_c.dir/rosidl_generator_c/v2x_msg/msg/detail/requested_item__functions.c.o[0m
[27.122s] [  8%] [32mBuilding C object CMakeFiles/v2x_msg__rosidl_generator_c.dir/rosidl_generator_c/v2x_msg/msg/detail/requestor_position_vector__functions.c.o[0m
[27.126s] [  8%] [32mBuilding C object CMakeFiles/v2x_msg__rosidl_generator_c.dir/rosidl_generator_c/v2x_msg/msg/detail/propelled_information__functions.c.o[0m
[27.128s] [  8%] [32mBuilding C object CMakeFiles/v2x_msg__rosidl_generator_c.dir/rosidl_generator_c/v2x_msg/msg/detail/region_point_set__functions.c.o[0m
[27.129s] [  8%] [32mBuilding C object CMakeFiles/v2x_msg__rosidl_generator_c.dir/rosidl_generator_c/v2x_msg/msg/detail/requestor_type__functions.c.o[0m
[27.133s] [  9%] [32mBuilding C object CMakeFiles/v2x_msg__rosidl_generator_c.dir/rosidl_generator_c/v2x_msg/msg/detail/restriction_user_type__functions.c.o[0m
[27.133s] [  9%] [32mBuilding C object CMakeFiles/v2x_msg__rosidl_generator_c.dir/rosidl_generator_c/v2x_msg/msg/detail/requestor_description__functions.c.o[0m
[27.138s] [  9%] [32mBuilding C object CMakeFiles/v2x_msg__rosidl_generator_c.dir/rosidl_generator_c/v2x_msg/msg/detail/restriction_class_assignment__functions.c.o[0m
[27.148s] [  9%] [32mBuilding C object CMakeFiles/v2x_msg__rosidl_generator_c.dir/rosidl_generator_c/v2x_msg/msg/detail/road_segment__functions.c.o[0m
[27.154s] [  9%] [32mBuilding C object CMakeFiles/v2x_msg__rosidl_generator_c.dir/rosidl_generator_c/v2x_msg/msg/detail/road_segment_reference_id__functions.c.o[0m
[27.157s] [  9%] [32mBuilding C object CMakeFiles/v2x_msg__rosidl_generator_c.dir/rosidl_generator_c/v2x_msg/msg/detail/road_sign_id__functions.c.o[0m
[27.160s] [  9%] [32mBuilding C object CMakeFiles/v2x_msg__rosidl_generator_c.dir/rosidl_generator_c/v2x_msg/msg/detail/rtc_mheader__functions.c.o[0m
[27.168s] [  9%] [32mBuilding C object CMakeFiles/v2x_msg__rosidl_generator_c.dir/rosidl_generator_c/v2x_msg/msg/detail/sample__functions.c.o[0m
[27.169s] [ 10%] [32mBuilding C object CMakeFiles/v2x_msg__rosidl_generator_c.dir/rosidl_generator_c/v2x_msg/msg/detail/signal_requester_info__functions.c.o[0m
[27.172s] [ 10%] [32mBuilding C object CMakeFiles/v2x_msg__rosidl_generator_c.dir/rosidl_generator_c/v2x_msg/msg/detail/signal_request__functions.c.o[0m
[27.181s] [ 10%] [32mBuilding C object CMakeFiles/v2x_msg__rosidl_generator_c.dir/rosidl_generator_c/v2x_msg/msg/detail/shape_point_set__functions.c.o[0m
[27.195s] [ 10%] [32mBuilding C object CMakeFiles/v2x_msg__rosidl_generator_c.dir/rosidl_generator_c/v2x_msg/msg/detail/signal_status__functions.c.o[0m
[27.196s] [ 10%] [32mBuilding C object CMakeFiles/v2x_msg__rosidl_generator_c.dir/rosidl_generator_c/v2x_msg/msg/detail/snapshot_distance__functions.c.o[0m
[27.200s] [ 10%] [32mBuilding C object CMakeFiles/v2x_msg__rosidl_generator_c.dir/rosidl_generator_c/v2x_msg/msg/detail/signal_request_package__functions.c.o[0m
[27.204s] [ 10%] [32mBuilding C object CMakeFiles/v2x_msg__rosidl_generator_c.dir/rosidl_generator_c/v2x_msg/msg/detail/signal_status_package__functions.c.o[0m
[27.208s] [ 10%] [32mBuilding C object CMakeFiles/v2x_msg__rosidl_generator_c.dir/rosidl_generator_c/v2x_msg/msg/detail/snapshot__functions.c.o[0m
[27.208s] [ 10%] [32mBuilding C object CMakeFiles/v2x_msg__rosidl_generator_c.dir/rosidl_generator_c/v2x_msg/msg/detail/steering__functions.c.o[0m
[27.212s] [ 10%] [32mBuilding C object CMakeFiles/v2x_msg__rosidl_generator_c.dir/rosidl_generator_c/v2x_msg/msg/detail/time_change_details__functions.c.o[0m
[27.213s] [ 10%] [32mBuilding C object CMakeFiles/v2x_msg__rosidl_generator_c.dir/rosidl_generator_c/v2x_msg/msg/detail/speedand_headingand_throttle_confidence__functions.c.o[0m
[27.213s] [ 10%] [32mBuilding C object CMakeFiles/v2x_msg__rosidl_generator_c.dir/rosidl_generator_c/v2x_msg/msg/detail/snapshot_time__functions.c.o[0m
[27.214s] [ 10%] [32mBuilding C object CMakeFiles/v2x_msg__rosidl_generator_c.dir/rosidl_generator_c/v2x_msg/msg/detail/speed_limit__functions.c.o[0m
[27.235s] [ 10%] [32mBuilding C object CMakeFiles/v2x_msg__rosidl_generator_c.dir/rosidl_generator_c/v2x_msg/msg/detail/transit_vehicle_status__functions.c.o[0m
[27.243s] [ 11%] [32mBuilding C object CMakeFiles/v2x_msg__rosidl_generator_c.dir/rosidl_generator_c/v2x_msg/msg/detail/transmission_and_speed__functions.c.o[0m
[27.243s] [ 11%] [32mBuilding C object CMakeFiles/v2x_msg__rosidl_generator_c.dir/rosidl_generator_c/v2x_msg/msg/detail/tire_data__functions.c.o[0m
[27.243s] [ 11%] [32mBuilding C object CMakeFiles/v2x_msg__rosidl_generator_c.dir/rosidl_generator_c/v2x_msg/msg/detail/traveler_data_frame__functions.c.o[0m
[27.248s] [ 11%] [32mBuilding C object CMakeFiles/v2x_msg__rosidl_generator_c.dir/rosidl_generator_c/v2x_msg/msg/detail/vehicle_classification__functions.c.o[0m
[27.248s] [ 11%] [32mBuilding C object CMakeFiles/v2x_msg__rosidl_generator_c.dir/rosidl_generator_c/v2x_msg/msg/detail/valid_region__functions.c.o[0m
[27.248s] [ 11%] [32mBuilding C object CMakeFiles/v2x_msg__rosidl_generator_c.dir/rosidl_generator_c/v2x_msg/msg/detail/vehicle_class__functions.c.o[0m
[27.256s] [ 11%] [32mBuilding C object CMakeFiles/v2x_msg__rosidl_generator_c.dir/rosidl_generator_c/v2x_msg/msg/detail/vehicle_id__functions.c.o[0m
[27.259s] [ 11%] [32mBuilding C object CMakeFiles/v2x_msg__rosidl_generator_c.dir/rosidl_generator_c/v2x_msg/msg/detail/vehicle_data__functions.c.o[0m
[27.261s] [ 11%] [32mBuilding C object CMakeFiles/v2x_msg__rosidl_generator_c.dir/rosidl_generator_c/v2x_msg/msg/detail/vehicle_ident__functions.c.o[0m
[27.277s] [ 11%] [32mBuilding C object CMakeFiles/v2x_msg__rosidl_generator_c.dir/rosidl_generator_c/v2x_msg/msg/detail/vehicle_safety_extensions__functions.c.o[0m
[27.283s] [ 12%] [32mBuilding C object CMakeFiles/v2x_msg__rosidl_generator_c.dir/rosidl_generator_c/v2x_msg/msg/detail/vehicle_status__functions.c.o[0m
[27.283s] [ 12%] [32mBuilding C object CMakeFiles/v2x_msg__rosidl_generator_c.dir/rosidl_generator_c/v2x_msg/msg/detail/vehicle_size__functions.c.o[0m
[27.292s] [ 12%] [32mBuilding C object CMakeFiles/v2x_msg__rosidl_generator_c.dir/rosidl_generator_c/v2x_msg/msg/detail/vehicle_status_request__functions.c.o[0m
[27.293s] [ 12%] [32mBuilding C object CMakeFiles/v2x_msg__rosidl_generator_c.dir/rosidl_generator_c/v2x_msg/msg/detail/weather_report__functions.c.o[0m
[27.297s] [ 12%] [32mBuilding C object CMakeFiles/v2x_msg__rosidl_generator_c.dir/rosidl_generator_c/v2x_msg/msg/detail/work_zone__functions.c.o[0m
[27.302s] [ 12%] [32mBuilding C object CMakeFiles/v2x_msg__rosidl_generator_c.dir/rosidl_generator_c/v2x_msg/msg/detail/work_zonecontent__functions.c.o[0m
[27.314s] [ 12%] [32mBuilding C object CMakeFiles/v2x_msg__rosidl_generator_c.dir/rosidl_generator_c/v2x_msg/msg/detail/wiper_set__functions.c.o[0m
[27.357s] [ 12%] [32m[1mLinking C shared library libv2x_msg__rosidl_generator_c.so[0m
[27.407s] [ 12%] Built target v2x_msg__rosidl_generator_c
[27.408s] make: *** [Makefile:141: all] Error 2
