running develop
running egg_info
creating infrastructure.egg-info
writing infrastructure.egg-info/PKG-INFO
writing dependency_links to infrastructure.egg-info/dependency_links.txt
writing entry points to infrastructure.egg-info/entry_points.txt
writing requirements to infrastructure.egg-info/requires.txt
writing top-level names to infrastructure.egg-info/top_level.txt
writing manifest file 'infrastructure.egg-info/SOURCES.txt'
reading manifest file 'infrastructure.egg-info/SOURCES.txt'
writing manifest file 'infrastructure.egg-info/SOURCES.txt'
running build_ext
Creating /home/carla/Github/C-V2X-Autoware-Carla/install/infrastructure/lib/python3.8/site-packages/site.py
Creating /home/carla/Github/C-V2X-Autoware-Carla/install/infrastructure/lib/python3.8/site-packages/infrastructure.egg-link (link to .)
Installing MAP script to /home/carla/Github/C-V2X-Autoware-Carla/install/infrastructure/lib/infrastructure
Installing SSM script to /home/carla/Github/C-V2X-Autoware-Carla/install/infrastructure/lib/infrastructure

Installed /home/carla/Github/C-V2X-Autoware-Carla/build/infrastructure
running install_data
creating /home/carla/Github/C-V2X-Autoware-Carla/install/infrastructure/share/ament_index
creating /home/carla/Github/C-V2X-Autoware-Carla/install/infrastructure/share/ament_index/resource_index
creating /home/carla/Github/C-V2X-Autoware-Carla/install/infrastructure/share/ament_index/resource_index/packages
copying resource/infrastructure -> /home/carla/Github/C-V2X-Autoware-Carla/install/infrastructure/share/ament_index/resource_index/packages
copying package.xml -> /home/carla/Github/C-V2X-Autoware-Carla/install/infrastructure/share/infrastructure
