[1.286s] Invoking command in '/home/carla/Github/C-V2X-Autoware-Carla/build/infrastructure': PYTHONPATH=/home/carla/Github/C-V2X-Autoware-Carla/build/infrastructure/prefix_override:/home/carla/Github/C-V2X-Autoware-Carla/install/infrastructure/lib/python3.8/site-packages:${PYTHONPATH} /usr/bin/python3 setup.py develop --editable --build-directory /home/carla/Github/C-V2X-Autoware-Carla/build/infrastructure/build --no-deps install_data
[1.667s] running develop
[1.768s] running egg_info
[1.768s] creating infrastructure.egg-info
[1.769s] writing infrastructure.egg-info/PKG-INFO
[1.769s] writing dependency_links to infrastructure.egg-info/dependency_links.txt
[1.769s] writing entry points to infrastructure.egg-info/entry_points.txt
[1.769s] writing requirements to infrastructure.egg-info/requires.txt
[1.769s] writing top-level names to infrastructure.egg-info/top_level.txt
[1.769s] writing manifest file 'infrastructure.egg-info/SOURCES.txt'
[1.796s] reading manifest file 'infrastructure.egg-info/SOURCES.txt'
[1.797s] writing manifest file 'infrastructure.egg-info/SOURCES.txt'
[1.799s] running build_ext
[1.799s] Creating /home/carla/Github/C-V2X-Autoware-Carla/install/infrastructure/lib/python3.8/site-packages/site.py
[1.800s] Creating /home/carla/Github/C-V2X-Autoware-Carla/install/infrastructure/lib/python3.8/site-packages/infrastructure.egg-link (link to .)
[1.800s] Installing MAP script to /home/carla/Github/C-V2X-Autoware-Carla/install/infrastructure/lib/infrastructure
[1.801s] Installing SSM script to /home/carla/Github/C-V2X-Autoware-Carla/install/infrastructure/lib/infrastructure
[1.801s] 
[1.801s] Installed /home/carla/Github/C-V2X-Autoware-Carla/build/infrastructure
[1.801s] running install_data
[1.801s] creating /home/carla/Github/C-V2X-Autoware-Carla/install/infrastructure/share/ament_index
[1.801s] creating /home/carla/Github/C-V2X-Autoware-Carla/install/infrastructure/share/ament_index/resource_index
[1.801s] creating /home/carla/Github/C-V2X-Autoware-Carla/install/infrastructure/share/ament_index/resource_index/packages
[1.801s] copying resource/infrastructure -> /home/carla/Github/C-V2X-Autoware-Carla/install/infrastructure/share/ament_index/resource_index/packages
[1.801s] copying package.xml -> /home/carla/Github/C-V2X-Autoware-Carla/install/infrastructure/share/infrastructure
[1.836s] Invoked command in '/home/carla/Github/C-V2X-Autoware-Carla/build/infrastructure' returned '0': PYTHONPATH=/home/carla/Github/C-V2X-Autoware-Carla/build/infrastructure/prefix_override:/home/carla/Github/C-V2X-Autoware-Carla/install/infrastructure/lib/python3.8/site-packages:${PYTHONPATH} /usr/bin/python3 setup.py develop --editable --build-directory /home/carla/Github/C-V2X-Autoware-Carla/build/infrastructure/build --no-deps install_data
