[  1%] Built target autoware_auto_system_msgs__cpp
[ 12%] Built target autoware_auto_system_msgs__rosidl_generator_c
[ 12%] Built target ament_cmake_python_copy_autoware_auto_system_msgs
[ 24%] Built target autoware_auto_system_msgs__rosidl_typesupport_c
[ 35%] Built target autoware_auto_system_msgs__rosidl_typesupport_cpp
[ 46%] Built target autoware_auto_system_msgs__rosidl_typesupport_introspection_cpp
[ 58%] Built target autoware_auto_system_msgs__rosidl_typesupport_introspection_c
[ 69%] Built target autoware_auto_system_msgs__rosidl_typesupport_fastrtps_c
[ 81%] Built target autoware_auto_system_msgs__rosidl_typesupport_fastrtps_cpp
[ 81%] Built target autoware_auto_system_msgs
[ 82%] Built target autoware_auto_system_msgs__py
[ 92%] Built target autoware_auto_system_msgs__rosidl_generator_py
[ 97%] Built target autoware_auto_system_msgs__rosidl_typesupport_c__pyext
[ 97%] Built target autoware_auto_system_msgs__rosidl_typesupport_introspection_c__pyext
[100%] Built target autoware_auto_system_msgs__rosidl_typesupport_fastrtps_c__pyext
running egg_info
writing autoware_auto_system_msgs.egg-info/PKG-INFO
writing dependency_links to autoware_auto_system_msgs.egg-info/dependency_links.txt
writing top-level names to autoware_auto_system_msgs.egg-info/top_level.txt
reading manifest file 'autoware_auto_system_msgs.egg-info/SOURCES.txt'
writing manifest file 'autoware_auto_system_msgs.egg-info/SOURCES.txt'
[100%] Built target ament_cmake_python_build_autoware_auto_system_msgs_egg
-- Install configuration: ""
-- Up-to-date: /home/carla/Github/C-V2X-Autoware-Carla/install/autoware_auto_system_msgs/share/ament_index/resource_index/rosidl_interfaces/autoware_auto_system_msgs
-- Up-to-date: /home/carla/Github/C-V2X-Autoware-Carla/install/autoware_auto_system_msgs/include/autoware_auto_system_msgs/autoware_auto_system_msgs
-- Up-to-date: /home/carla/Github/C-V2X-Autoware-Carla/install/autoware_auto_system_msgs/include/autoware_auto_system_msgs/autoware_auto_system_msgs/msg
-- Up-to-date: /home/carla/Github/C-V2X-Autoware-Carla/install/autoware_auto_system_msgs/include/autoware_auto_system_msgs/autoware_auto_system_msgs/msg/control_diagnostic.h
-- Up-to-date: /home/carla/Github/C-V2X-Autoware-Carla/install/autoware_auto_system_msgs/include/autoware_auto_system_msgs/autoware_auto_system_msgs/msg/diagnostic_header.h
-- Up-to-date: /home/carla/Github/C-V2X-Autoware-Carla/install/autoware_auto_system_msgs/include/autoware_auto_system_msgs/autoware_auto_system_msgs/msg/hazard_status_stamped.h
-- Up-to-date: /home/carla/Github/C-V2X-Autoware-Carla/install/autoware_auto_system_msgs/include/autoware_auto_system_msgs/autoware_auto_system_msgs/msg/detail
-- Up-to-date: /home/carla/Github/C-V2X-Autoware-Carla/install/autoware_auto_system_msgs/include/autoware_auto_system_msgs/autoware_auto_system_msgs/msg/detail/emergency_state__functions.h
-- Up-to-date: /home/carla/Github/C-V2X-Autoware-Carla/install/autoware_auto_system_msgs/include/autoware_auto_system_msgs/autoware_auto_system_msgs/msg/detail/control_diagnostic__struct.h
-- Up-to-date: /home/carla/Github/C-V2X-Autoware-Carla/install/autoware_auto_system_msgs/include/autoware_auto_system_msgs/autoware_auto_system_msgs/msg/detail/emergency_state__functions.c
-- Up-to-date: /home/carla/Github/C-V2X-Autoware-Carla/install/autoware_auto_system_msgs/include/autoware_auto_system_msgs/autoware_auto_system_msgs/msg/detail/diagnostic_header__functions.h
-- Up-to-date: /home/carla/Github/C-V2X-Autoware-Carla/install/autoware_auto_system_msgs/include/autoware_auto_system_msgs/autoware_auto_system_msgs/msg/detail/control_diagnostic__functions.c
-- Up-to-date: /home/carla/Github/C-V2X-Autoware-Carla/install/autoware_auto_system_msgs/include/autoware_auto_system_msgs/autoware_auto_system_msgs/msg/detail/control_diagnostic__type_support.h
-- Up-to-date: /home/carla/Github/C-V2X-Autoware-Carla/install/autoware_auto_system_msgs/include/autoware_auto_system_msgs/autoware_auto_system_msgs/msg/detail/hazard_status_stamped__type_support.h
-- Up-to-date: /home/carla/Github/C-V2X-Autoware-Carla/install/autoware_auto_system_msgs/include/autoware_auto_system_msgs/autoware_auto_system_msgs/msg/detail/emergency_state__type_support.h
-- Up-to-date: /home/carla/Github/C-V2X-Autoware-Carla/install/autoware_auto_system_msgs/include/autoware_auto_system_msgs/autoware_auto_system_msgs/msg/detail/hazard_status__functions.c
-- Up-to-date: /home/carla/Github/C-V2X-Autoware-Carla/install/autoware_auto_system_msgs/include/autoware_auto_system_msgs/autoware_auto_system_msgs/msg/detail/autoware_state__functions.c
-- Up-to-date: /home/carla/Github/C-V2X-Autoware-Carla/install/autoware_auto_system_msgs/include/autoware_auto_system_msgs/autoware_auto_system_msgs/msg/detail/hazard_status__struct.h
-- Up-to-date: /home/carla/Github/C-V2X-Autoware-Carla/install/autoware_auto_system_msgs/include/autoware_auto_system_msgs/autoware_auto_system_msgs/msg/detail/autoware_state__struct.h
-- Up-to-date: /home/carla/Github/C-V2X-Autoware-Carla/install/autoware_auto_system_msgs/include/autoware_auto_system_msgs/autoware_auto_system_msgs/msg/detail/hazard_status__functions.h
-- Up-to-date: /home/carla/Github/C-V2X-Autoware-Carla/install/autoware_auto_system_msgs/include/autoware_auto_system_msgs/autoware_auto_system_msgs/msg/detail/diagnostic_header__type_support.h
-- Up-to-date: /home/carla/Github/C-V2X-Autoware-Carla/install/autoware_auto_system_msgs/include/autoware_auto_system_msgs/autoware_auto_system_msgs/msg/detail/hazard_status__type_support.h
-- Up-to-date: /home/carla/Github/C-V2X-Autoware-Carla/install/autoware_auto_system_msgs/include/autoware_auto_system_msgs/autoware_auto_system_msgs/msg/detail/hazard_status_stamped__struct.h
-- Up-to-date: /home/carla/Github/C-V2X-Autoware-Carla/install/autoware_auto_system_msgs/include/autoware_auto_system_msgs/autoware_auto_system_msgs/msg/detail/control_diagnostic__functions.h
-- Up-to-date: /home/carla/Github/C-V2X-Autoware-Carla/install/autoware_auto_system_msgs/include/autoware_auto_system_msgs/autoware_auto_system_msgs/msg/detail/driving_capability__functions.h
-- Up-to-date: /home/carla/Github/C-V2X-Autoware-Carla/install/autoware_auto_system_msgs/include/autoware_auto_system_msgs/autoware_auto_system_msgs/msg/detail/diagnostic_header__struct.h
-- Up-to-date: /home/carla/Github/C-V2X-Autoware-Carla/install/autoware_auto_system_msgs/include/autoware_auto_system_msgs/autoware_auto_system_msgs/msg/detail/autoware_state__type_support.h
-- Up-to-date: /home/carla/Github/C-V2X-Autoware-Carla/install/autoware_auto_system_msgs/include/autoware_auto_system_msgs/autoware_auto_system_msgs/msg/detail/driving_capability__functions.c
-- Up-to-date: /home/carla/Github/C-V2X-Autoware-Carla/install/autoware_auto_system_msgs/include/autoware_auto_system_msgs/autoware_auto_system_msgs/msg/detail/driving_capability__struct.h
-- Up-to-date: /home/carla/Github/C-V2X-Autoware-Carla/install/autoware_auto_system_msgs/include/autoware_auto_system_msgs/autoware_auto_system_msgs/msg/detail/hazard_status_stamped__functions.h
-- Up-to-date: /home/carla/Github/C-V2X-Autoware-Carla/install/autoware_auto_system_msgs/include/autoware_auto_system_msgs/autoware_auto_system_msgs/msg/detail/autoware_state__functions.h
-- Up-to-date: /home/carla/Github/C-V2X-Autoware-Carla/install/autoware_auto_system_msgs/include/autoware_auto_system_msgs/autoware_auto_system_msgs/msg/detail/driving_capability__type_support.h
-- Up-to-date: /home/carla/Github/C-V2X-Autoware-Carla/install/autoware_auto_system_msgs/include/autoware_auto_system_msgs/autoware_auto_system_msgs/msg/detail/hazard_status_stamped__functions.c
-- Up-to-date: /home/carla/Github/C-V2X-Autoware-Carla/install/autoware_auto_system_msgs/include/autoware_auto_system_msgs/autoware_auto_system_msgs/msg/detail/diagnostic_header__functions.c
-- Up-to-date: /home/carla/Github/C-V2X-Autoware-Carla/install/autoware_auto_system_msgs/include/autoware_auto_system_msgs/autoware_auto_system_msgs/msg/detail/emergency_state__struct.h
-- Up-to-date: /home/carla/Github/C-V2X-Autoware-Carla/install/autoware_auto_system_msgs/include/autoware_auto_system_msgs/autoware_auto_system_msgs/msg/rosidl_generator_c__visibility_control.h
-- Up-to-date: /home/carla/Github/C-V2X-Autoware-Carla/install/autoware_auto_system_msgs/include/autoware_auto_system_msgs/autoware_auto_system_msgs/msg/hazard_status.h
-- Up-to-date: /home/carla/Github/C-V2X-Autoware-Carla/install/autoware_auto_system_msgs/include/autoware_auto_system_msgs/autoware_auto_system_msgs/msg/emergency_state.h
-- Up-to-date: /home/carla/Github/C-V2X-Autoware-Carla/install/autoware_auto_system_msgs/include/autoware_auto_system_msgs/autoware_auto_system_msgs/msg/autoware_state.h
-- Up-to-date: /home/carla/Github/C-V2X-Autoware-Carla/install/autoware_auto_system_msgs/include/autoware_auto_system_msgs/autoware_auto_system_msgs/msg/driving_capability.h
-- Up-to-date: /home/carla/Github/C-V2X-Autoware-Carla/install/autoware_auto_system_msgs/share/autoware_auto_system_msgs/environment/library_path.sh
-- Up-to-date: /home/carla/Github/C-V2X-Autoware-Carla/install/autoware_auto_system_msgs/share/autoware_auto_system_msgs/environment/library_path.dsv
-- Up-to-date: /home/carla/Github/C-V2X-Autoware-Carla/install/autoware_auto_system_msgs/lib/libautoware_auto_system_msgs__rosidl_generator_c.so
-- Up-to-date: /home/carla/Github/C-V2X-Autoware-Carla/install/autoware_auto_system_msgs/include/autoware_auto_system_msgs/autoware_auto_system_msgs
-- Up-to-date: /home/carla/Github/C-V2X-Autoware-Carla/install/autoware_auto_system_msgs/include/autoware_auto_system_msgs/autoware_auto_system_msgs/msg
-- Up-to-date: /home/carla/Github/C-V2X-Autoware-Carla/install/autoware_auto_system_msgs/include/autoware_auto_system_msgs/autoware_auto_system_msgs/msg/rosidl_typesupport_introspection_c__visibility_control.h
-- Up-to-date: /home/carla/Github/C-V2X-Autoware-Carla/install/autoware_auto_system_msgs/include/autoware_auto_system_msgs/autoware_auto_system_msgs/msg/detail
-- Up-to-date: /home/carla/Github/C-V2X-Autoware-Carla/install/autoware_auto_system_msgs/include/autoware_auto_system_msgs/autoware_auto_system_msgs/msg/detail/control_diagnostic__rosidl_typesupport_introspection_c.h
-- Up-to-date: /home/carla/Github/C-V2X-Autoware-Carla/install/autoware_auto_system_msgs/include/autoware_auto_system_msgs/autoware_auto_system_msgs/msg/detail/diagnostic_header__type_support.c
-- Up-to-date: /home/carla/Github/C-V2X-Autoware-Carla/install/autoware_auto_system_msgs/include/autoware_auto_system_msgs/autoware_auto_system_msgs/msg/detail/emergency_state__rosidl_typesupport_introspection_c.h
-- Up-to-date: /home/carla/Github/C-V2X-Autoware-Carla/install/autoware_auto_system_msgs/include/autoware_auto_system_msgs/autoware_auto_system_msgs/msg/detail/control_diagnostic__type_support.c
-- Up-to-date: /home/carla/Github/C-V2X-Autoware-Carla/install/autoware_auto_system_msgs/include/autoware_auto_system_msgs/autoware_auto_system_msgs/msg/detail/driving_capability__type_support.c
-- Up-to-date: /home/carla/Github/C-V2X-Autoware-Carla/install/autoware_auto_system_msgs/include/autoware_auto_system_msgs/autoware_auto_system_msgs/msg/detail/hazard_status__rosidl_typesupport_introspection_c.h
-- Up-to-date: /home/carla/Github/C-V2X-Autoware-Carla/install/autoware_auto_system_msgs/include/autoware_auto_system_msgs/autoware_auto_system_msgs/msg/detail/diagnostic_header__rosidl_typesupport_introspection_c.h
-- Up-to-date: /home/carla/Github/C-V2X-Autoware-Carla/install/autoware_auto_system_msgs/include/autoware_auto_system_msgs/autoware_auto_system_msgs/msg/detail/emergency_state__type_support.c
-- Up-to-date: /home/carla/Github/C-V2X-Autoware-Carla/install/autoware_auto_system_msgs/include/autoware_auto_system_msgs/autoware_auto_system_msgs/msg/detail/autoware_state__rosidl_typesupport_introspection_c.h
-- Up-to-date: /home/carla/Github/C-V2X-Autoware-Carla/install/autoware_auto_system_msgs/include/autoware_auto_system_msgs/autoware_auto_system_msgs/msg/detail/driving_capability__rosidl_typesupport_introspection_c.h
-- Up-to-date: /home/carla/Github/C-V2X-Autoware-Carla/install/autoware_auto_system_msgs/include/autoware_auto_system_msgs/autoware_auto_system_msgs/msg/detail/hazard_status_stamped__rosidl_typesupport_introspection_c.h
-- Up-to-date: /home/carla/Github/C-V2X-Autoware-Carla/install/autoware_auto_system_msgs/include/autoware_auto_system_msgs/autoware_auto_system_msgs/msg/detail/autoware_state__type_support.c
-- Up-to-date: /home/carla/Github/C-V2X-Autoware-Carla/install/autoware_auto_system_msgs/include/autoware_auto_system_msgs/autoware_auto_system_msgs/msg/detail/hazard_status__type_support.c
-- Up-to-date: /home/carla/Github/C-V2X-Autoware-Carla/install/autoware_auto_system_msgs/include/autoware_auto_system_msgs/autoware_auto_system_msgs/msg/detail/hazard_status_stamped__type_support.c
-- Up-to-date: /home/carla/Github/C-V2X-Autoware-Carla/install/autoware_auto_system_msgs/lib/libautoware_auto_system_msgs__rosidl_typesupport_introspection_c.so
-- Up-to-date: /home/carla/Github/C-V2X-Autoware-Carla/install/autoware_auto_system_msgs/include/autoware_auto_system_msgs/autoware_auto_system_msgs
-- Up-to-date: /home/carla/Github/C-V2X-Autoware-Carla/install/autoware_auto_system_msgs/include/autoware_auto_system_msgs/autoware_auto_system_msgs/msg
-- Up-to-date: /home/carla/Github/C-V2X-Autoware-Carla/install/autoware_auto_system_msgs/include/autoware_auto_system_msgs/autoware_auto_system_msgs/msg/detail
-- Up-to-date: /home/carla/Github/C-V2X-Autoware-Carla/install/autoware_auto_system_msgs/include/autoware_auto_system_msgs/autoware_auto_system_msgs/msg/detail/control_diagnostic__rosidl_typesupport_fastrtps_c.h
-- Up-to-date: /home/carla/Github/C-V2X-Autoware-Carla/install/autoware_auto_system_msgs/include/autoware_auto_system_msgs/autoware_auto_system_msgs/msg/detail/hazard_status_stamped__rosidl_typesupport_fastrtps_c.h
-- Up-to-date: /home/carla/Github/C-V2X-Autoware-Carla/install/autoware_auto_system_msgs/include/autoware_auto_system_msgs/autoware_auto_system_msgs/msg/detail/diagnostic_header__rosidl_typesupport_fastrtps_c.h
-- Up-to-date: /home/carla/Github/C-V2X-Autoware-Carla/install/autoware_auto_system_msgs/include/autoware_auto_system_msgs/autoware_auto_system_msgs/msg/detail/emergency_state__rosidl_typesupport_fastrtps_c.h
-- Up-to-date: /home/carla/Github/C-V2X-Autoware-Carla/install/autoware_auto_system_msgs/include/autoware_auto_system_msgs/autoware_auto_system_msgs/msg/detail/driving_capability__rosidl_typesupport_fastrtps_c.h
-- Up-to-date: /home/carla/Github/C-V2X-Autoware-Carla/install/autoware_auto_system_msgs/include/autoware_auto_system_msgs/autoware_auto_system_msgs/msg/detail/hazard_status__rosidl_typesupport_fastrtps_c.h
-- Up-to-date: /home/carla/Github/C-V2X-Autoware-Carla/install/autoware_auto_system_msgs/include/autoware_auto_system_msgs/autoware_auto_system_msgs/msg/detail/autoware_state__rosidl_typesupport_fastrtps_c.h
-- Up-to-date: /home/carla/Github/C-V2X-Autoware-Carla/install/autoware_auto_system_msgs/include/autoware_auto_system_msgs/autoware_auto_system_msgs/msg/rosidl_typesupport_fastrtps_c__visibility_control.h
-- Up-to-date: /home/carla/Github/C-V2X-Autoware-Carla/install/autoware_auto_system_msgs/lib/libautoware_auto_system_msgs__rosidl_typesupport_fastrtps_c.so
-- Up-to-date: /home/carla/Github/C-V2X-Autoware-Carla/install/autoware_auto_system_msgs/lib/libautoware_auto_system_msgs__rosidl_typesupport_c.so
-- Up-to-date: /home/carla/Github/C-V2X-Autoware-Carla/install/autoware_auto_system_msgs/include/autoware_auto_system_msgs/autoware_auto_system_msgs
-- Up-to-date: /home/carla/Github/C-V2X-Autoware-Carla/install/autoware_auto_system_msgs/include/autoware_auto_system_msgs/autoware_auto_system_msgs/msg
-- Up-to-date: /home/carla/Github/C-V2X-Autoware-Carla/install/autoware_auto_system_msgs/include/autoware_auto_system_msgs/autoware_auto_system_msgs/msg/control_diagnostic.hpp
-- Up-to-date: /home/carla/Github/C-V2X-Autoware-Carla/install/autoware_auto_system_msgs/include/autoware_auto_system_msgs/autoware_auto_system_msgs/msg/emergency_state.hpp
-- Up-to-date: /home/carla/Github/C-V2X-Autoware-Carla/install/autoware_auto_system_msgs/include/autoware_auto_system_msgs/autoware_auto_system_msgs/msg/detail
-- Up-to-date: /home/carla/Github/C-V2X-Autoware-Carla/install/autoware_auto_system_msgs/include/autoware_auto_system_msgs/autoware_auto_system_msgs/msg/detail/driving_capability__struct.hpp
-- Up-to-date: /home/carla/Github/C-V2X-Autoware-Carla/install/autoware_auto_system_msgs/include/autoware_auto_system_msgs/autoware_auto_system_msgs/msg/detail/emergency_state__builder.hpp
-- Up-to-date: /home/carla/Github/C-V2X-Autoware-Carla/install/autoware_auto_system_msgs/include/autoware_auto_system_msgs/autoware_auto_system_msgs/msg/detail/emergency_state__struct.hpp
-- Up-to-date: /home/carla/Github/C-V2X-Autoware-Carla/install/autoware_auto_system_msgs/include/autoware_auto_system_msgs/autoware_auto_system_msgs/msg/detail/autoware_state__struct.hpp
-- Up-to-date: /home/carla/Github/C-V2X-Autoware-Carla/install/autoware_auto_system_msgs/include/autoware_auto_system_msgs/autoware_auto_system_msgs/msg/detail/diagnostic_header__traits.hpp
-- Up-to-date: /home/carla/Github/C-V2X-Autoware-Carla/install/autoware_auto_system_msgs/include/autoware_auto_system_msgs/autoware_auto_system_msgs/msg/detail/hazard_status__traits.hpp
-- Up-to-date: /home/carla/Github/C-V2X-Autoware-Carla/install/autoware_auto_system_msgs/include/autoware_auto_system_msgs/autoware_auto_system_msgs/msg/detail/diagnostic_header__struct.hpp
-- Up-to-date: /home/carla/Github/C-V2X-Autoware-Carla/install/autoware_auto_system_msgs/include/autoware_auto_system_msgs/autoware_auto_system_msgs/msg/detail/hazard_status_stamped__traits.hpp
-- Up-to-date: /home/carla/Github/C-V2X-Autoware-Carla/install/autoware_auto_system_msgs/include/autoware_auto_system_msgs/autoware_auto_system_msgs/msg/detail/driving_capability__builder.hpp
-- Up-to-date: /home/carla/Github/C-V2X-Autoware-Carla/install/autoware_auto_system_msgs/include/autoware_auto_system_msgs/autoware_auto_system_msgs/msg/detail/hazard_status_stamped__builder.hpp
-- Up-to-date: /home/carla/Github/C-V2X-Autoware-Carla/install/autoware_auto_system_msgs/include/autoware_auto_system_msgs/autoware_auto_system_msgs/msg/detail/emergency_state__traits.hpp
-- Up-to-date: /home/carla/Github/C-V2X-Autoware-Carla/install/autoware_auto_system_msgs/include/autoware_auto_system_msgs/autoware_auto_system_msgs/msg/detail/diagnostic_header__builder.hpp
-- Up-to-date: /home/carla/Github/C-V2X-Autoware-Carla/install/autoware_auto_system_msgs/include/autoware_auto_system_msgs/autoware_auto_system_msgs/msg/detail/autoware_state__builder.hpp
-- Up-to-date: /home/carla/Github/C-V2X-Autoware-Carla/install/autoware_auto_system_msgs/include/autoware_auto_system_msgs/autoware_auto_system_msgs/msg/detail/driving_capability__traits.hpp
-- Up-to-date: /home/carla/Github/C-V2X-Autoware-Carla/install/autoware_auto_system_msgs/include/autoware_auto_system_msgs/autoware_auto_system_msgs/msg/detail/control_diagnostic__traits.hpp
-- Up-to-date: /home/carla/Github/C-V2X-Autoware-Carla/install/autoware_auto_system_msgs/include/autoware_auto_system_msgs/autoware_auto_system_msgs/msg/detail/hazard_status__struct.hpp
-- Up-to-date: /home/carla/Github/C-V2X-Autoware-Carla/install/autoware_auto_system_msgs/include/autoware_auto_system_msgs/autoware_auto_system_msgs/msg/detail/control_diagnostic__struct.hpp
-- Up-to-date: /home/carla/Github/C-V2X-Autoware-Carla/install/autoware_auto_system_msgs/include/autoware_auto_system_msgs/autoware_auto_system_msgs/msg/detail/hazard_status_stamped__struct.hpp
-- Up-to-date: /home/carla/Github/C-V2X-Autoware-Carla/install/autoware_auto_system_msgs/include/autoware_auto_system_msgs/autoware_auto_system_msgs/msg/detail/autoware_state__traits.hpp
-- Up-to-date: /home/carla/Github/C-V2X-Autoware-Carla/install/autoware_auto_system_msgs/include/autoware_auto_system_msgs/autoware_auto_system_msgs/msg/detail/hazard_status__builder.hpp
-- Up-to-date: /home/carla/Github/C-V2X-Autoware-Carla/install/autoware_auto_system_msgs/include/autoware_auto_system_msgs/autoware_auto_system_msgs/msg/detail/control_diagnostic__builder.hpp
-- Up-to-date: /home/carla/Github/C-V2X-Autoware-Carla/install/autoware_auto_system_msgs/include/autoware_auto_system_msgs/autoware_auto_system_msgs/msg/autoware_state.hpp
-- Up-to-date: /home/carla/Github/C-V2X-Autoware-Carla/install/autoware_auto_system_msgs/include/autoware_auto_system_msgs/autoware_auto_system_msgs/msg/driving_capability.hpp
-- Up-to-date: /home/carla/Github/C-V2X-Autoware-Carla/install/autoware_auto_system_msgs/include/autoware_auto_system_msgs/autoware_auto_system_msgs/msg/diagnostic_header.hpp
-- Up-to-date: /home/carla/Github/C-V2X-Autoware-Carla/install/autoware_auto_system_msgs/include/autoware_auto_system_msgs/autoware_auto_system_msgs/msg/hazard_status.hpp
-- Up-to-date: /home/carla/Github/C-V2X-Autoware-Carla/install/autoware_auto_system_msgs/include/autoware_auto_system_msgs/autoware_auto_system_msgs/msg/hazard_status_stamped.hpp
-- Up-to-date: /home/carla/Github/C-V2X-Autoware-Carla/install/autoware_auto_system_msgs/include/autoware_auto_system_msgs/autoware_auto_system_msgs
-- Up-to-date: /home/carla/Github/C-V2X-Autoware-Carla/install/autoware_auto_system_msgs/include/autoware_auto_system_msgs/autoware_auto_system_msgs/msg
-- Up-to-date: /home/carla/Github/C-V2X-Autoware-Carla/install/autoware_auto_system_msgs/include/autoware_auto_system_msgs/autoware_auto_system_msgs/msg/detail
-- Up-to-date: /home/carla/Github/C-V2X-Autoware-Carla/install/autoware_auto_system_msgs/include/autoware_auto_system_msgs/autoware_auto_system_msgs/msg/detail/hazard_status_stamped__rosidl_typesupport_introspection_cpp.hpp
-- Up-to-date: /home/carla/Github/C-V2X-Autoware-Carla/install/autoware_auto_system_msgs/include/autoware_auto_system_msgs/autoware_auto_system_msgs/msg/detail/autoware_state__rosidl_typesupport_introspection_cpp.hpp
-- Up-to-date: /home/carla/Github/C-V2X-Autoware-Carla/install/autoware_auto_system_msgs/include/autoware_auto_system_msgs/autoware_auto_system_msgs/msg/detail/diagnostic_header__rosidl_typesupport_introspection_cpp.hpp
-- Up-to-date: /home/carla/Github/C-V2X-Autoware-Carla/install/autoware_auto_system_msgs/include/autoware_auto_system_msgs/autoware_auto_system_msgs/msg/detail/driving_capability__type_support.cpp
-- Up-to-date: /home/carla/Github/C-V2X-Autoware-Carla/install/autoware_auto_system_msgs/include/autoware_auto_system_msgs/autoware_auto_system_msgs/msg/detail/hazard_status_stamped__type_support.cpp
-- Up-to-date: /home/carla/Github/C-V2X-Autoware-Carla/install/autoware_auto_system_msgs/include/autoware_auto_system_msgs/autoware_auto_system_msgs/msg/detail/diagnostic_header__type_support.cpp
-- Up-to-date: /home/carla/Github/C-V2X-Autoware-Carla/install/autoware_auto_system_msgs/include/autoware_auto_system_msgs/autoware_auto_system_msgs/msg/detail/autoware_state__type_support.cpp
-- Up-to-date: /home/carla/Github/C-V2X-Autoware-Carla/install/autoware_auto_system_msgs/include/autoware_auto_system_msgs/autoware_auto_system_msgs/msg/detail/control_diagnostic__type_support.cpp
-- Up-to-date: /home/carla/Github/C-V2X-Autoware-Carla/install/autoware_auto_system_msgs/include/autoware_auto_system_msgs/autoware_auto_system_msgs/msg/detail/hazard_status__rosidl_typesupport_introspection_cpp.hpp
-- Up-to-date: /home/carla/Github/C-V2X-Autoware-Carla/install/autoware_auto_system_msgs/include/autoware_auto_system_msgs/autoware_auto_system_msgs/msg/detail/emergency_state__type_support.cpp
-- Up-to-date: /home/carla/Github/C-V2X-Autoware-Carla/install/autoware_auto_system_msgs/include/autoware_auto_system_msgs/autoware_auto_system_msgs/msg/detail/emergency_state__rosidl_typesupport_introspection_cpp.hpp
-- Up-to-date: /home/carla/Github/C-V2X-Autoware-Carla/install/autoware_auto_system_msgs/include/autoware_auto_system_msgs/autoware_auto_system_msgs/msg/detail/control_diagnostic__rosidl_typesupport_introspection_cpp.hpp
-- Up-to-date: /home/carla/Github/C-V2X-Autoware-Carla/install/autoware_auto_system_msgs/include/autoware_auto_system_msgs/autoware_auto_system_msgs/msg/detail/hazard_status__type_support.cpp
-- Up-to-date: /home/carla/Github/C-V2X-Autoware-Carla/install/autoware_auto_system_msgs/include/autoware_auto_system_msgs/autoware_auto_system_msgs/msg/detail/driving_capability__rosidl_typesupport_introspection_cpp.hpp
-- Up-to-date: /home/carla/Github/C-V2X-Autoware-Carla/install/autoware_auto_system_msgs/lib/libautoware_auto_system_msgs__rosidl_typesupport_introspection_cpp.so
-- Up-to-date: /home/carla/Github/C-V2X-Autoware-Carla/install/autoware_auto_system_msgs/include/autoware_auto_system_msgs/autoware_auto_system_msgs
-- Up-to-date: /home/carla/Github/C-V2X-Autoware-Carla/install/autoware_auto_system_msgs/include/autoware_auto_system_msgs/autoware_auto_system_msgs/msg
-- Up-to-date: /home/carla/Github/C-V2X-Autoware-Carla/install/autoware_auto_system_msgs/include/autoware_auto_system_msgs/autoware_auto_system_msgs/msg/rosidl_typesupport_fastrtps_cpp__visibility_control.h
-- Up-to-date: /home/carla/Github/C-V2X-Autoware-Carla/install/autoware_auto_system_msgs/include/autoware_auto_system_msgs/autoware_auto_system_msgs/msg/detail
-- Up-to-date: /home/carla/Github/C-V2X-Autoware-Carla/install/autoware_auto_system_msgs/include/autoware_auto_system_msgs/autoware_auto_system_msgs/msg/detail/emergency_state__rosidl_typesupport_fastrtps_cpp.hpp
-- Up-to-date: /home/carla/Github/C-V2X-Autoware-Carla/install/autoware_auto_system_msgs/include/autoware_auto_system_msgs/autoware_auto_system_msgs/msg/detail/diagnostic_header__rosidl_typesupport_fastrtps_cpp.hpp
-- Up-to-date: /home/carla/Github/C-V2X-Autoware-Carla/install/autoware_auto_system_msgs/include/autoware_auto_system_msgs/autoware_auto_system_msgs/msg/detail/autoware_state__rosidl_typesupport_fastrtps_cpp.hpp
-- Up-to-date: /home/carla/Github/C-V2X-Autoware-Carla/install/autoware_auto_system_msgs/include/autoware_auto_system_msgs/autoware_auto_system_msgs/msg/detail/hazard_status__rosidl_typesupport_fastrtps_cpp.hpp
-- Up-to-date: /home/carla/Github/C-V2X-Autoware-Carla/install/autoware_auto_system_msgs/include/autoware_auto_system_msgs/autoware_auto_system_msgs/msg/detail/dds_fastrtps
-- Up-to-date: /home/carla/Github/C-V2X-Autoware-Carla/install/autoware_auto_system_msgs/include/autoware_auto_system_msgs/autoware_auto_system_msgs/msg/detail/control_diagnostic__rosidl_typesupport_fastrtps_cpp.hpp
-- Up-to-date: /home/carla/Github/C-V2X-Autoware-Carla/install/autoware_auto_system_msgs/include/autoware_auto_system_msgs/autoware_auto_system_msgs/msg/detail/hazard_status_stamped__rosidl_typesupport_fastrtps_cpp.hpp
-- Up-to-date: /home/carla/Github/C-V2X-Autoware-Carla/install/autoware_auto_system_msgs/include/autoware_auto_system_msgs/autoware_auto_system_msgs/msg/detail/driving_capability__rosidl_typesupport_fastrtps_cpp.hpp
-- Up-to-date: /home/carla/Github/C-V2X-Autoware-Carla/install/autoware_auto_system_msgs/lib/libautoware_auto_system_msgs__rosidl_typesupport_fastrtps_cpp.so
-- Up-to-date: /home/carla/Github/C-V2X-Autoware-Carla/install/autoware_auto_system_msgs/lib/libautoware_auto_system_msgs__rosidl_typesupport_cpp.so
-- Up-to-date: /home/carla/Github/C-V2X-Autoware-Carla/install/autoware_auto_system_msgs/share/autoware_auto_system_msgs/environment/pythonpath.sh
-- Up-to-date: /home/carla/Github/C-V2X-Autoware-Carla/install/autoware_auto_system_msgs/share/autoware_auto_system_msgs/environment/pythonpath.dsv
-- Up-to-date: /home/carla/Github/C-V2X-Autoware-Carla/install/autoware_auto_system_msgs/lib/python3.8/site-packages/autoware_auto_system_msgs-1.0.0-py3.8.egg-info
-- Installing: /home/carla/Github/C-V2X-Autoware-Carla/install/autoware_auto_system_msgs/lib/python3.8/site-packages/autoware_auto_system_msgs-1.0.0-py3.8.egg-info/SOURCES.txt
-- Installing: /home/carla/Github/C-V2X-Autoware-Carla/install/autoware_auto_system_msgs/lib/python3.8/site-packages/autoware_auto_system_msgs-1.0.0-py3.8.egg-info/PKG-INFO
-- Installing: /home/carla/Github/C-V2X-Autoware-Carla/install/autoware_auto_system_msgs/lib/python3.8/site-packages/autoware_auto_system_msgs-1.0.0-py3.8.egg-info/dependency_links.txt
-- Installing: /home/carla/Github/C-V2X-Autoware-Carla/install/autoware_auto_system_msgs/lib/python3.8/site-packages/autoware_auto_system_msgs-1.0.0-py3.8.egg-info/top_level.txt
-- Up-to-date: /home/carla/Github/C-V2X-Autoware-Carla/install/autoware_auto_system_msgs/lib/python3.8/site-packages/autoware_auto_system_msgs
-- Up-to-date: /home/carla/Github/C-V2X-Autoware-Carla/install/autoware_auto_system_msgs/lib/python3.8/site-packages/autoware_auto_system_msgs/libautoware_auto_system_msgs__rosidl_generator_py.so
-- Up-to-date: /home/carla/Github/C-V2X-Autoware-Carla/install/autoware_auto_system_msgs/lib/python3.8/site-packages/autoware_auto_system_msgs/_autoware_auto_system_msgs_s.ep.rosidl_typesupport_fastrtps_c.c
-- Up-to-date: /home/carla/Github/C-V2X-Autoware-Carla/install/autoware_auto_system_msgs/lib/python3.8/site-packages/autoware_auto_system_msgs/_autoware_auto_system_msgs_s.ep.rosidl_typesupport_introspection_c.c
-- Up-to-date: /home/carla/Github/C-V2X-Autoware-Carla/install/autoware_auto_system_msgs/lib/python3.8/site-packages/autoware_auto_system_msgs/autoware_auto_system_msgs_s__rosidl_typesupport_introspection_c.cpython-38-x86_64-linux-gnu.so
-- Up-to-date: /home/carla/Github/C-V2X-Autoware-Carla/install/autoware_auto_system_msgs/lib/python3.8/site-packages/autoware_auto_system_msgs/autoware_auto_system_msgs_s__rosidl_typesupport_fastrtps_c.cpython-38-x86_64-linux-gnu.so
-- Up-to-date: /home/carla/Github/C-V2X-Autoware-Carla/install/autoware_auto_system_msgs/lib/python3.8/site-packages/autoware_auto_system_msgs/_autoware_auto_system_msgs_s.ep.rosidl_typesupport_c.c
-- Up-to-date: /home/carla/Github/C-V2X-Autoware-Carla/install/autoware_auto_system_msgs/lib/python3.8/site-packages/autoware_auto_system_msgs/__init__.py
-- Up-to-date: /home/carla/Github/C-V2X-Autoware-Carla/install/autoware_auto_system_msgs/lib/python3.8/site-packages/autoware_auto_system_msgs/msg
-- Up-to-date: /home/carla/Github/C-V2X-Autoware-Carla/install/autoware_auto_system_msgs/lib/python3.8/site-packages/autoware_auto_system_msgs/msg/_diagnostic_header.py
-- Up-to-date: /home/carla/Github/C-V2X-Autoware-Carla/install/autoware_auto_system_msgs/lib/python3.8/site-packages/autoware_auto_system_msgs/msg/_driving_capability_s.c
-- Up-to-date: /home/carla/Github/C-V2X-Autoware-Carla/install/autoware_auto_system_msgs/lib/python3.8/site-packages/autoware_auto_system_msgs/msg/_diagnostic_header_s.c
-- Up-to-date: /home/carla/Github/C-V2X-Autoware-Carla/install/autoware_auto_system_msgs/lib/python3.8/site-packages/autoware_auto_system_msgs/msg/_hazard_status_stamped.py
-- Up-to-date: /home/carla/Github/C-V2X-Autoware-Carla/install/autoware_auto_system_msgs/lib/python3.8/site-packages/autoware_auto_system_msgs/msg/_control_diagnostic.py
-- Up-to-date: /home/carla/Github/C-V2X-Autoware-Carla/install/autoware_auto_system_msgs/lib/python3.8/site-packages/autoware_auto_system_msgs/msg/_hazard_status_stamped_s.c
-- Up-to-date: /home/carla/Github/C-V2X-Autoware-Carla/install/autoware_auto_system_msgs/lib/python3.8/site-packages/autoware_auto_system_msgs/msg/_driving_capability.py
-- Up-to-date: /home/carla/Github/C-V2X-Autoware-Carla/install/autoware_auto_system_msgs/lib/python3.8/site-packages/autoware_auto_system_msgs/msg/_emergency_state_s.c
-- Up-to-date: /home/carla/Github/C-V2X-Autoware-Carla/install/autoware_auto_system_msgs/lib/python3.8/site-packages/autoware_auto_system_msgs/msg/_emergency_state.py
-- Up-to-date: /home/carla/Github/C-V2X-Autoware-Carla/install/autoware_auto_system_msgs/lib/python3.8/site-packages/autoware_auto_system_msgs/msg/_autoware_state.py
-- Up-to-date: /home/carla/Github/C-V2X-Autoware-Carla/install/autoware_auto_system_msgs/lib/python3.8/site-packages/autoware_auto_system_msgs/msg/_hazard_status.py
-- Up-to-date: /home/carla/Github/C-V2X-Autoware-Carla/install/autoware_auto_system_msgs/lib/python3.8/site-packages/autoware_auto_system_msgs/msg/_control_diagnostic_s.c
-- Up-to-date: /home/carla/Github/C-V2X-Autoware-Carla/install/autoware_auto_system_msgs/lib/python3.8/site-packages/autoware_auto_system_msgs/msg/__init__.py
-- Up-to-date: /home/carla/Github/C-V2X-Autoware-Carla/install/autoware_auto_system_msgs/lib/python3.8/site-packages/autoware_auto_system_msgs/msg/_hazard_status_s.c
-- Up-to-date: /home/carla/Github/C-V2X-Autoware-Carla/install/autoware_auto_system_msgs/lib/python3.8/site-packages/autoware_auto_system_msgs/msg/_autoware_state_s.c
-- Up-to-date: /home/carla/Github/C-V2X-Autoware-Carla/install/autoware_auto_system_msgs/lib/python3.8/site-packages/autoware_auto_system_msgs/autoware_auto_system_msgs_s__rosidl_typesupport_c.cpython-38-x86_64-linux-gnu.so
Listing '/home/carla/Github/C-V2X-Autoware-Carla/install/autoware_auto_system_msgs/lib/python3.8/site-packages/autoware_auto_system_msgs'...
Listing '/home/carla/Github/C-V2X-Autoware-Carla/install/autoware_auto_system_msgs/lib/python3.8/site-packages/autoware_auto_system_msgs/msg'...
-- Up-to-date: /home/carla/Github/C-V2X-Autoware-Carla/install/autoware_auto_system_msgs/lib/python3.8/site-packages/autoware_auto_system_msgs/autoware_auto_system_msgs_s__rosidl_typesupport_introspection_c.cpython-38-x86_64-linux-gnu.so
-- Up-to-date: /home/carla/Github/C-V2X-Autoware-Carla/install/autoware_auto_system_msgs/lib/python3.8/site-packages/autoware_auto_system_msgs/autoware_auto_system_msgs_s__rosidl_typesupport_fastrtps_c.cpython-38-x86_64-linux-gnu.so
-- Up-to-date: /home/carla/Github/C-V2X-Autoware-Carla/install/autoware_auto_system_msgs/lib/python3.8/site-packages/autoware_auto_system_msgs/autoware_auto_system_msgs_s__rosidl_typesupport_c.cpython-38-x86_64-linux-gnu.so
-- Up-to-date: /home/carla/Github/C-V2X-Autoware-Carla/install/autoware_auto_system_msgs/lib/libautoware_auto_system_msgs__rosidl_generator_py.so
-- Up-to-date: /home/carla/Github/C-V2X-Autoware-Carla/install/autoware_auto_system_msgs/share/autoware_auto_system_msgs/msg/AutowareState.idl
-- Up-to-date: /home/carla/Github/C-V2X-Autoware-Carla/install/autoware_auto_system_msgs/share/autoware_auto_system_msgs/msg/ControlDiagnostic.idl
-- Up-to-date: /home/carla/Github/C-V2X-Autoware-Carla/install/autoware_auto_system_msgs/share/autoware_auto_system_msgs/msg/DiagnosticHeader.idl
-- Up-to-date: /home/carla/Github/C-V2X-Autoware-Carla/install/autoware_auto_system_msgs/share/autoware_auto_system_msgs/msg/DrivingCapability.idl
-- Up-to-date: /home/carla/Github/C-V2X-Autoware-Carla/install/autoware_auto_system_msgs/share/autoware_auto_system_msgs/msg/EmergencyState.idl
-- Up-to-date: /home/carla/Github/C-V2X-Autoware-Carla/install/autoware_auto_system_msgs/share/autoware_auto_system_msgs/msg/HazardStatus.idl
-- Up-to-date: /home/carla/Github/C-V2X-Autoware-Carla/install/autoware_auto_system_msgs/share/autoware_auto_system_msgs/msg/HazardStatusStamped.idl
-- Up-to-date: /home/carla/Github/C-V2X-Autoware-Carla/install/autoware_auto_system_msgs/share/ament_index/resource_index/package_run_dependencies/autoware_auto_system_msgs
-- Up-to-date: /home/carla/Github/C-V2X-Autoware-Carla/install/autoware_auto_system_msgs/share/ament_index/resource_index/parent_prefix_path/autoware_auto_system_msgs
-- Up-to-date: /home/carla/Github/C-V2X-Autoware-Carla/install/autoware_auto_system_msgs/share/autoware_auto_system_msgs/environment/ament_prefix_path.dsv
-- Up-to-date: /home/carla/Github/C-V2X-Autoware-Carla/install/autoware_auto_system_msgs/share/autoware_auto_system_msgs/environment/path.dsv
-- Up-to-date: /home/carla/Github/C-V2X-Autoware-Carla/install/autoware_auto_system_msgs/share/autoware_auto_system_msgs/local_setup.bash
-- Up-to-date: /home/carla/Github/C-V2X-Autoware-Carla/install/autoware_auto_system_msgs/share/autoware_auto_system_msgs/local_setup.sh
-- Up-to-date: /home/carla/Github/C-V2X-Autoware-Carla/install/autoware_auto_system_msgs/share/autoware_auto_system_msgs/local_setup.zsh
-- Up-to-date: /home/carla/Github/C-V2X-Autoware-Carla/install/autoware_auto_system_msgs/share/autoware_auto_system_msgs/local_setup.dsv
-- Installing: /home/carla/Github/C-V2X-Autoware-Carla/install/autoware_auto_system_msgs/share/autoware_auto_system_msgs/package.dsv
-- Up-to-date: /home/carla/Github/C-V2X-Autoware-Carla/install/autoware_auto_system_msgs/share/ament_index/resource_index/packages/autoware_auto_system_msgs
-- Up-to-date: /home/carla/Github/C-V2X-Autoware-Carla/install/autoware_auto_system_msgs/share/autoware_auto_system_msgs/cmake/export_autoware_auto_system_msgs__rosidl_generator_cExport.cmake
-- Up-to-date: /home/carla/Github/C-V2X-Autoware-Carla/install/autoware_auto_system_msgs/share/autoware_auto_system_msgs/cmake/export_autoware_auto_system_msgs__rosidl_generator_cExport-noconfig.cmake
-- Up-to-date: /home/carla/Github/C-V2X-Autoware-Carla/install/autoware_auto_system_msgs/share/autoware_auto_system_msgs/cmake/autoware_auto_system_msgs__rosidl_typesupport_introspection_cExport.cmake
-- Up-to-date: /home/carla/Github/C-V2X-Autoware-Carla/install/autoware_auto_system_msgs/share/autoware_auto_system_msgs/cmake/autoware_auto_system_msgs__rosidl_typesupport_introspection_cExport-noconfig.cmake
-- Up-to-date: /home/carla/Github/C-V2X-Autoware-Carla/install/autoware_auto_system_msgs/share/autoware_auto_system_msgs/cmake/export_autoware_auto_system_msgs__rosidl_typesupport_fastrtps_cExport.cmake
-- Up-to-date: /home/carla/Github/C-V2X-Autoware-Carla/install/autoware_auto_system_msgs/share/autoware_auto_system_msgs/cmake/export_autoware_auto_system_msgs__rosidl_typesupport_fastrtps_cExport-noconfig.cmake
-- Up-to-date: /home/carla/Github/C-V2X-Autoware-Carla/install/autoware_auto_system_msgs/share/autoware_auto_system_msgs/cmake/autoware_auto_system_msgs__rosidl_typesupport_cExport.cmake
-- Up-to-date: /home/carla/Github/C-V2X-Autoware-Carla/install/autoware_auto_system_msgs/share/autoware_auto_system_msgs/cmake/autoware_auto_system_msgs__rosidl_typesupport_cExport-noconfig.cmake
-- Up-to-date: /home/carla/Github/C-V2X-Autoware-Carla/install/autoware_auto_system_msgs/share/autoware_auto_system_msgs/cmake/export_autoware_auto_system_msgs__rosidl_generator_cppExport.cmake
-- Up-to-date: /home/carla/Github/C-V2X-Autoware-Carla/install/autoware_auto_system_msgs/share/autoware_auto_system_msgs/cmake/autoware_auto_system_msgs__rosidl_typesupport_introspection_cppExport.cmake
-- Up-to-date: /home/carla/Github/C-V2X-Autoware-Carla/install/autoware_auto_system_msgs/share/autoware_auto_system_msgs/cmake/autoware_auto_system_msgs__rosidl_typesupport_introspection_cppExport-noconfig.cmake
-- Up-to-date: /home/carla/Github/C-V2X-Autoware-Carla/install/autoware_auto_system_msgs/share/autoware_auto_system_msgs/cmake/export_autoware_auto_system_msgs__rosidl_typesupport_fastrtps_cppExport.cmake
-- Up-to-date: /home/carla/Github/C-V2X-Autoware-Carla/install/autoware_auto_system_msgs/share/autoware_auto_system_msgs/cmake/export_autoware_auto_system_msgs__rosidl_typesupport_fastrtps_cppExport-noconfig.cmake
-- Up-to-date: /home/carla/Github/C-V2X-Autoware-Carla/install/autoware_auto_system_msgs/share/autoware_auto_system_msgs/cmake/autoware_auto_system_msgs__rosidl_typesupport_cppExport.cmake
-- Up-to-date: /home/carla/Github/C-V2X-Autoware-Carla/install/autoware_auto_system_msgs/share/autoware_auto_system_msgs/cmake/autoware_auto_system_msgs__rosidl_typesupport_cppExport-noconfig.cmake
-- Up-to-date: /home/carla/Github/C-V2X-Autoware-Carla/install/autoware_auto_system_msgs/share/autoware_auto_system_msgs/cmake/export_autoware_auto_system_msgs__rosidl_generator_pyExport.cmake
-- Up-to-date: /home/carla/Github/C-V2X-Autoware-Carla/install/autoware_auto_system_msgs/share/autoware_auto_system_msgs/cmake/export_autoware_auto_system_msgs__rosidl_generator_pyExport-noconfig.cmake
-- Up-to-date: /home/carla/Github/C-V2X-Autoware-Carla/install/autoware_auto_system_msgs/share/autoware_auto_system_msgs/cmake/rosidl_cmake-extras.cmake
-- Up-to-date: /home/carla/Github/C-V2X-Autoware-Carla/install/autoware_auto_system_msgs/share/autoware_auto_system_msgs/cmake/ament_cmake_export_dependencies-extras.cmake
-- Up-to-date: /home/carla/Github/C-V2X-Autoware-Carla/install/autoware_auto_system_msgs/share/autoware_auto_system_msgs/cmake/ament_cmake_export_include_directories-extras.cmake
-- Up-to-date: /home/carla/Github/C-V2X-Autoware-Carla/install/autoware_auto_system_msgs/share/autoware_auto_system_msgs/cmake/ament_cmake_export_libraries-extras.cmake
-- Up-to-date: /home/carla/Github/C-V2X-Autoware-Carla/install/autoware_auto_system_msgs/share/autoware_auto_system_msgs/cmake/ament_cmake_export_targets-extras.cmake
-- Up-to-date: /home/carla/Github/C-V2X-Autoware-Carla/install/autoware_auto_system_msgs/share/autoware_auto_system_msgs/cmake/rosidl_cmake_export_typesupport_targets-extras.cmake
-- Up-to-date: /home/carla/Github/C-V2X-Autoware-Carla/install/autoware_auto_system_msgs/share/autoware_auto_system_msgs/cmake/rosidl_cmake_export_typesupport_libraries-extras.cmake
-- Up-to-date: /home/carla/Github/C-V2X-Autoware-Carla/install/autoware_auto_system_msgs/share/autoware_auto_system_msgs/cmake/autoware_auto_system_msgsConfig.cmake
-- Up-to-date: /home/carla/Github/C-V2X-Autoware-Carla/install/autoware_auto_system_msgs/share/autoware_auto_system_msgs/cmake/autoware_auto_system_msgsConfig-version.cmake
-- Up-to-date: /home/carla/Github/C-V2X-Autoware-Carla/install/autoware_auto_system_msgs/share/autoware_auto_system_msgs/package.xml
