[  2%] Built target autoware_auto_geometry_msgs__cpp
[ 12%] Built target autoware_auto_geometry_msgs__rosidl_generator_c
[ 12%] Built target ament_cmake_python_copy_autoware_auto_geometry_msgs
[ 23%] Built target autoware_auto_geometry_msgs__rosidl_typesupport_fastrtps_cpp
[ 34%] Built target autoware_auto_geometry_msgs__rosidl_typesupport_cpp
[ 44%] Built target autoware_auto_geometry_msgs__rosidl_typesupport_introspection_cpp
[ 55%] Built target autoware_auto_geometry_msgs__rosidl_typesupport_fastrtps_c
[ 65%] Built target autoware_auto_geometry_msgs__rosidl_typesupport_c
[ 76%] Built target autoware_auto_geometry_msgs__rosidl_typesupport_introspection_c
[ 76%] Built target autoware_auto_geometry_msgs
[ 78%] Built target autoware_auto_geometry_msgs__py
[ 87%] Built target autoware_auto_geometry_msgs__rosidl_generator_py
[ 91%] Built target autoware_auto_geometry_msgs__rosidl_typesupport_fastrtps_c__pyext
[ 95%] Built target autoware_auto_geometry_msgs__rosidl_typesupport_c__pyext
[100%] Built target autoware_auto_geometry_msgs__rosidl_typesupport_introspection_c__pyext
running egg_info
writing autoware_auto_geometry_msgs.egg-info/PKG-INFO
writing dependency_links to autoware_auto_geometry_msgs.egg-info/dependency_links.txt
writing top-level names to autoware_auto_geometry_msgs.egg-info/top_level.txt
reading manifest file 'autoware_auto_geometry_msgs.egg-info/SOURCES.txt'
writing manifest file 'autoware_auto_geometry_msgs.egg-info/SOURCES.txt'
[100%] Built target ament_cmake_python_build_autoware_auto_geometry_msgs_egg
-- Install configuration: ""
-- Up-to-date: /home/carla/Github/C-V2X-Autoware-Carla/install/autoware_auto_geometry_msgs/share/ament_index/resource_index/rosidl_interfaces/autoware_auto_geometry_msgs
-- Up-to-date: /home/carla/Github/C-V2X-Autoware-Carla/install/autoware_auto_geometry_msgs/include/autoware_auto_geometry_msgs/autoware_auto_geometry_msgs
-- Up-to-date: /home/carla/Github/C-V2X-Autoware-Carla/install/autoware_auto_geometry_msgs/include/autoware_auto_geometry_msgs/autoware_auto_geometry_msgs/msg
-- Up-to-date: /home/carla/Github/C-V2X-Autoware-Carla/install/autoware_auto_geometry_msgs/include/autoware_auto_geometry_msgs/autoware_auto_geometry_msgs/msg/detail
-- Up-to-date: /home/carla/Github/C-V2X-Autoware-Carla/install/autoware_auto_geometry_msgs/include/autoware_auto_geometry_msgs/autoware_auto_geometry_msgs/msg/detail/quaternion32__struct.h
-- Up-to-date: /home/carla/Github/C-V2X-Autoware-Carla/install/autoware_auto_geometry_msgs/include/autoware_auto_geometry_msgs/autoware_auto_geometry_msgs/msg/detail/relative_position_with_covariance_stamped__struct.h
-- Up-to-date: /home/carla/Github/C-V2X-Autoware-Carla/install/autoware_auto_geometry_msgs/include/autoware_auto_geometry_msgs/autoware_auto_geometry_msgs/msg/detail/quaternion32__type_support.h
-- Up-to-date: /home/carla/Github/C-V2X-Autoware-Carla/install/autoware_auto_geometry_msgs/include/autoware_auto_geometry_msgs/autoware_auto_geometry_msgs/msg/detail/complex32__functions.c
-- Up-to-date: /home/carla/Github/C-V2X-Autoware-Carla/install/autoware_auto_geometry_msgs/include/autoware_auto_geometry_msgs/autoware_auto_geometry_msgs/msg/detail/relative_position_with_covariance_stamped__type_support.h
-- Up-to-date: /home/carla/Github/C-V2X-Autoware-Carla/install/autoware_auto_geometry_msgs/include/autoware_auto_geometry_msgs/autoware_auto_geometry_msgs/msg/detail/quaternion32__functions.c
-- Up-to-date: /home/carla/Github/C-V2X-Autoware-Carla/install/autoware_auto_geometry_msgs/include/autoware_auto_geometry_msgs/autoware_auto_geometry_msgs/msg/detail/complex32__struct.h
-- Up-to-date: /home/carla/Github/C-V2X-Autoware-Carla/install/autoware_auto_geometry_msgs/include/autoware_auto_geometry_msgs/autoware_auto_geometry_msgs/msg/detail/relative_position_with_covariance_stamped__functions.c
-- Up-to-date: /home/carla/Github/C-V2X-Autoware-Carla/install/autoware_auto_geometry_msgs/include/autoware_auto_geometry_msgs/autoware_auto_geometry_msgs/msg/detail/complex32__type_support.h
-- Up-to-date: /home/carla/Github/C-V2X-Autoware-Carla/install/autoware_auto_geometry_msgs/include/autoware_auto_geometry_msgs/autoware_auto_geometry_msgs/msg/detail/quaternion32__functions.h
-- Up-to-date: /home/carla/Github/C-V2X-Autoware-Carla/install/autoware_auto_geometry_msgs/include/autoware_auto_geometry_msgs/autoware_auto_geometry_msgs/msg/detail/relative_position_with_covariance_stamped__functions.h
-- Up-to-date: /home/carla/Github/C-V2X-Autoware-Carla/install/autoware_auto_geometry_msgs/include/autoware_auto_geometry_msgs/autoware_auto_geometry_msgs/msg/detail/complex32__functions.h
-- Up-to-date: /home/carla/Github/C-V2X-Autoware-Carla/install/autoware_auto_geometry_msgs/include/autoware_auto_geometry_msgs/autoware_auto_geometry_msgs/msg/relative_position_with_covariance_stamped.h
-- Up-to-date: /home/carla/Github/C-V2X-Autoware-Carla/install/autoware_auto_geometry_msgs/include/autoware_auto_geometry_msgs/autoware_auto_geometry_msgs/msg/rosidl_generator_c__visibility_control.h
-- Up-to-date: /home/carla/Github/C-V2X-Autoware-Carla/install/autoware_auto_geometry_msgs/include/autoware_auto_geometry_msgs/autoware_auto_geometry_msgs/msg/quaternion32.h
-- Up-to-date: /home/carla/Github/C-V2X-Autoware-Carla/install/autoware_auto_geometry_msgs/include/autoware_auto_geometry_msgs/autoware_auto_geometry_msgs/msg/complex32.h
-- Up-to-date: /home/carla/Github/C-V2X-Autoware-Carla/install/autoware_auto_geometry_msgs/share/autoware_auto_geometry_msgs/environment/library_path.sh
-- Up-to-date: /home/carla/Github/C-V2X-Autoware-Carla/install/autoware_auto_geometry_msgs/share/autoware_auto_geometry_msgs/environment/library_path.dsv
-- Up-to-date: /home/carla/Github/C-V2X-Autoware-Carla/install/autoware_auto_geometry_msgs/lib/libautoware_auto_geometry_msgs__rosidl_generator_c.so
-- Up-to-date: /home/carla/Github/C-V2X-Autoware-Carla/install/autoware_auto_geometry_msgs/include/autoware_auto_geometry_msgs/autoware_auto_geometry_msgs
-- Up-to-date: /home/carla/Github/C-V2X-Autoware-Carla/install/autoware_auto_geometry_msgs/include/autoware_auto_geometry_msgs/autoware_auto_geometry_msgs/msg
-- Up-to-date: /home/carla/Github/C-V2X-Autoware-Carla/install/autoware_auto_geometry_msgs/include/autoware_auto_geometry_msgs/autoware_auto_geometry_msgs/msg/rosidl_typesupport_introspection_c__visibility_control.h
-- Up-to-date: /home/carla/Github/C-V2X-Autoware-Carla/install/autoware_auto_geometry_msgs/include/autoware_auto_geometry_msgs/autoware_auto_geometry_msgs/msg/detail
-- Up-to-date: /home/carla/Github/C-V2X-Autoware-Carla/install/autoware_auto_geometry_msgs/include/autoware_auto_geometry_msgs/autoware_auto_geometry_msgs/msg/detail/quaternion32__type_support.c
-- Up-to-date: /home/carla/Github/C-V2X-Autoware-Carla/install/autoware_auto_geometry_msgs/include/autoware_auto_geometry_msgs/autoware_auto_geometry_msgs/msg/detail/quaternion32__rosidl_typesupport_introspection_c.h
-- Up-to-date: /home/carla/Github/C-V2X-Autoware-Carla/install/autoware_auto_geometry_msgs/include/autoware_auto_geometry_msgs/autoware_auto_geometry_msgs/msg/detail/complex32__type_support.c
-- Up-to-date: /home/carla/Github/C-V2X-Autoware-Carla/install/autoware_auto_geometry_msgs/include/autoware_auto_geometry_msgs/autoware_auto_geometry_msgs/msg/detail/relative_position_with_covariance_stamped__type_support.c
-- Up-to-date: /home/carla/Github/C-V2X-Autoware-Carla/install/autoware_auto_geometry_msgs/include/autoware_auto_geometry_msgs/autoware_auto_geometry_msgs/msg/detail/relative_position_with_covariance_stamped__rosidl_typesupport_introspection_c.h
-- Up-to-date: /home/carla/Github/C-V2X-Autoware-Carla/install/autoware_auto_geometry_msgs/include/autoware_auto_geometry_msgs/autoware_auto_geometry_msgs/msg/detail/complex32__rosidl_typesupport_introspection_c.h
-- Up-to-date: /home/carla/Github/C-V2X-Autoware-Carla/install/autoware_auto_geometry_msgs/lib/libautoware_auto_geometry_msgs__rosidl_typesupport_introspection_c.so
-- Up-to-date: /home/carla/Github/C-V2X-Autoware-Carla/install/autoware_auto_geometry_msgs/include/autoware_auto_geometry_msgs/autoware_auto_geometry_msgs
-- Up-to-date: /home/carla/Github/C-V2X-Autoware-Carla/install/autoware_auto_geometry_msgs/include/autoware_auto_geometry_msgs/autoware_auto_geometry_msgs/msg
-- Up-to-date: /home/carla/Github/C-V2X-Autoware-Carla/install/autoware_auto_geometry_msgs/include/autoware_auto_geometry_msgs/autoware_auto_geometry_msgs/msg/detail
-- Up-to-date: /home/carla/Github/C-V2X-Autoware-Carla/install/autoware_auto_geometry_msgs/include/autoware_auto_geometry_msgs/autoware_auto_geometry_msgs/msg/detail/quaternion32__rosidl_typesupport_fastrtps_c.h
-- Up-to-date: /home/carla/Github/C-V2X-Autoware-Carla/install/autoware_auto_geometry_msgs/include/autoware_auto_geometry_msgs/autoware_auto_geometry_msgs/msg/detail/complex32__rosidl_typesupport_fastrtps_c.h
-- Up-to-date: /home/carla/Github/C-V2X-Autoware-Carla/install/autoware_auto_geometry_msgs/include/autoware_auto_geometry_msgs/autoware_auto_geometry_msgs/msg/detail/relative_position_with_covariance_stamped__rosidl_typesupport_fastrtps_c.h
-- Up-to-date: /home/carla/Github/C-V2X-Autoware-Carla/install/autoware_auto_geometry_msgs/include/autoware_auto_geometry_msgs/autoware_auto_geometry_msgs/msg/rosidl_typesupport_fastrtps_c__visibility_control.h
-- Up-to-date: /home/carla/Github/C-V2X-Autoware-Carla/install/autoware_auto_geometry_msgs/lib/libautoware_auto_geometry_msgs__rosidl_typesupport_fastrtps_c.so
-- Up-to-date: /home/carla/Github/C-V2X-Autoware-Carla/install/autoware_auto_geometry_msgs/lib/libautoware_auto_geometry_msgs__rosidl_typesupport_c.so
-- Up-to-date: /home/carla/Github/C-V2X-Autoware-Carla/install/autoware_auto_geometry_msgs/include/autoware_auto_geometry_msgs/autoware_auto_geometry_msgs
-- Up-to-date: /home/carla/Github/C-V2X-Autoware-Carla/install/autoware_auto_geometry_msgs/include/autoware_auto_geometry_msgs/autoware_auto_geometry_msgs/msg
-- Up-to-date: /home/carla/Github/C-V2X-Autoware-Carla/install/autoware_auto_geometry_msgs/include/autoware_auto_geometry_msgs/autoware_auto_geometry_msgs/msg/relative_position_with_covariance_stamped.hpp
-- Up-to-date: /home/carla/Github/C-V2X-Autoware-Carla/install/autoware_auto_geometry_msgs/include/autoware_auto_geometry_msgs/autoware_auto_geometry_msgs/msg/quaternion32.hpp
-- Up-to-date: /home/carla/Github/C-V2X-Autoware-Carla/install/autoware_auto_geometry_msgs/include/autoware_auto_geometry_msgs/autoware_auto_geometry_msgs/msg/complex32.hpp
-- Up-to-date: /home/carla/Github/C-V2X-Autoware-Carla/install/autoware_auto_geometry_msgs/include/autoware_auto_geometry_msgs/autoware_auto_geometry_msgs/msg/detail
-- Up-to-date: /home/carla/Github/C-V2X-Autoware-Carla/install/autoware_auto_geometry_msgs/include/autoware_auto_geometry_msgs/autoware_auto_geometry_msgs/msg/detail/quaternion32__traits.hpp
-- Up-to-date: /home/carla/Github/C-V2X-Autoware-Carla/install/autoware_auto_geometry_msgs/include/autoware_auto_geometry_msgs/autoware_auto_geometry_msgs/msg/detail/complex32__traits.hpp
-- Up-to-date: /home/carla/Github/C-V2X-Autoware-Carla/install/autoware_auto_geometry_msgs/include/autoware_auto_geometry_msgs/autoware_auto_geometry_msgs/msg/detail/relative_position_with_covariance_stamped__builder.hpp
-- Up-to-date: /home/carla/Github/C-V2X-Autoware-Carla/install/autoware_auto_geometry_msgs/include/autoware_auto_geometry_msgs/autoware_auto_geometry_msgs/msg/detail/complex32__builder.hpp
-- Up-to-date: /home/carla/Github/C-V2X-Autoware-Carla/install/autoware_auto_geometry_msgs/include/autoware_auto_geometry_msgs/autoware_auto_geometry_msgs/msg/detail/relative_position_with_covariance_stamped__struct.hpp
-- Up-to-date: /home/carla/Github/C-V2X-Autoware-Carla/install/autoware_auto_geometry_msgs/include/autoware_auto_geometry_msgs/autoware_auto_geometry_msgs/msg/detail/complex32__struct.hpp
-- Up-to-date: /home/carla/Github/C-V2X-Autoware-Carla/install/autoware_auto_geometry_msgs/include/autoware_auto_geometry_msgs/autoware_auto_geometry_msgs/msg/detail/relative_position_with_covariance_stamped__traits.hpp
-- Up-to-date: /home/carla/Github/C-V2X-Autoware-Carla/install/autoware_auto_geometry_msgs/include/autoware_auto_geometry_msgs/autoware_auto_geometry_msgs/msg/detail/quaternion32__builder.hpp
-- Up-to-date: /home/carla/Github/C-V2X-Autoware-Carla/install/autoware_auto_geometry_msgs/include/autoware_auto_geometry_msgs/autoware_auto_geometry_msgs/msg/detail/quaternion32__struct.hpp
-- Up-to-date: /home/carla/Github/C-V2X-Autoware-Carla/install/autoware_auto_geometry_msgs/include/autoware_auto_geometry_msgs/autoware_auto_geometry_msgs
-- Up-to-date: /home/carla/Github/C-V2X-Autoware-Carla/install/autoware_auto_geometry_msgs/include/autoware_auto_geometry_msgs/autoware_auto_geometry_msgs/msg
-- Up-to-date: /home/carla/Github/C-V2X-Autoware-Carla/install/autoware_auto_geometry_msgs/include/autoware_auto_geometry_msgs/autoware_auto_geometry_msgs/msg/detail
-- Up-to-date: /home/carla/Github/C-V2X-Autoware-Carla/install/autoware_auto_geometry_msgs/include/autoware_auto_geometry_msgs/autoware_auto_geometry_msgs/msg/detail/relative_position_with_covariance_stamped__rosidl_typesupport_introspection_cpp.hpp
-- Up-to-date: /home/carla/Github/C-V2X-Autoware-Carla/install/autoware_auto_geometry_msgs/include/autoware_auto_geometry_msgs/autoware_auto_geometry_msgs/msg/detail/quaternion32__type_support.cpp
-- Up-to-date: /home/carla/Github/C-V2X-Autoware-Carla/install/autoware_auto_geometry_msgs/include/autoware_auto_geometry_msgs/autoware_auto_geometry_msgs/msg/detail/complex32__type_support.cpp
-- Up-to-date: /home/carla/Github/C-V2X-Autoware-Carla/install/autoware_auto_geometry_msgs/include/autoware_auto_geometry_msgs/autoware_auto_geometry_msgs/msg/detail/quaternion32__rosidl_typesupport_introspection_cpp.hpp
-- Up-to-date: /home/carla/Github/C-V2X-Autoware-Carla/install/autoware_auto_geometry_msgs/include/autoware_auto_geometry_msgs/autoware_auto_geometry_msgs/msg/detail/complex32__rosidl_typesupport_introspection_cpp.hpp
-- Up-to-date: /home/carla/Github/C-V2X-Autoware-Carla/install/autoware_auto_geometry_msgs/include/autoware_auto_geometry_msgs/autoware_auto_geometry_msgs/msg/detail/relative_position_with_covariance_stamped__type_support.cpp
-- Up-to-date: /home/carla/Github/C-V2X-Autoware-Carla/install/autoware_auto_geometry_msgs/lib/libautoware_auto_geometry_msgs__rosidl_typesupport_introspection_cpp.so
-- Up-to-date: /home/carla/Github/C-V2X-Autoware-Carla/install/autoware_auto_geometry_msgs/include/autoware_auto_geometry_msgs/autoware_auto_geometry_msgs
-- Up-to-date: /home/carla/Github/C-V2X-Autoware-Carla/install/autoware_auto_geometry_msgs/include/autoware_auto_geometry_msgs/autoware_auto_geometry_msgs/msg
-- Up-to-date: /home/carla/Github/C-V2X-Autoware-Carla/install/autoware_auto_geometry_msgs/include/autoware_auto_geometry_msgs/autoware_auto_geometry_msgs/msg/rosidl_typesupport_fastrtps_cpp__visibility_control.h
-- Up-to-date: /home/carla/Github/C-V2X-Autoware-Carla/install/autoware_auto_geometry_msgs/include/autoware_auto_geometry_msgs/autoware_auto_geometry_msgs/msg/detail
-- Up-to-date: /home/carla/Github/C-V2X-Autoware-Carla/install/autoware_auto_geometry_msgs/include/autoware_auto_geometry_msgs/autoware_auto_geometry_msgs/msg/detail/dds_fastrtps
-- Up-to-date: /home/carla/Github/C-V2X-Autoware-Carla/install/autoware_auto_geometry_msgs/include/autoware_auto_geometry_msgs/autoware_auto_geometry_msgs/msg/detail/relative_position_with_covariance_stamped__rosidl_typesupport_fastrtps_cpp.hpp
-- Up-to-date: /home/carla/Github/C-V2X-Autoware-Carla/install/autoware_auto_geometry_msgs/include/autoware_auto_geometry_msgs/autoware_auto_geometry_msgs/msg/detail/complex32__rosidl_typesupport_fastrtps_cpp.hpp
-- Up-to-date: /home/carla/Github/C-V2X-Autoware-Carla/install/autoware_auto_geometry_msgs/include/autoware_auto_geometry_msgs/autoware_auto_geometry_msgs/msg/detail/quaternion32__rosidl_typesupport_fastrtps_cpp.hpp
-- Up-to-date: /home/carla/Github/C-V2X-Autoware-Carla/install/autoware_auto_geometry_msgs/lib/libautoware_auto_geometry_msgs__rosidl_typesupport_fastrtps_cpp.so
-- Up-to-date: /home/carla/Github/C-V2X-Autoware-Carla/install/autoware_auto_geometry_msgs/lib/libautoware_auto_geometry_msgs__rosidl_typesupport_cpp.so
-- Up-to-date: /home/carla/Github/C-V2X-Autoware-Carla/install/autoware_auto_geometry_msgs/share/autoware_auto_geometry_msgs/environment/pythonpath.sh
-- Up-to-date: /home/carla/Github/C-V2X-Autoware-Carla/install/autoware_auto_geometry_msgs/share/autoware_auto_geometry_msgs/environment/pythonpath.dsv
-- Up-to-date: /home/carla/Github/C-V2X-Autoware-Carla/install/autoware_auto_geometry_msgs/lib/python3.8/site-packages/autoware_auto_geometry_msgs-1.0.0-py3.8.egg-info
-- Installing: /home/carla/Github/C-V2X-Autoware-Carla/install/autoware_auto_geometry_msgs/lib/python3.8/site-packages/autoware_auto_geometry_msgs-1.0.0-py3.8.egg-info/SOURCES.txt
-- Installing: /home/carla/Github/C-V2X-Autoware-Carla/install/autoware_auto_geometry_msgs/lib/python3.8/site-packages/autoware_auto_geometry_msgs-1.0.0-py3.8.egg-info/PKG-INFO
-- Installing: /home/carla/Github/C-V2X-Autoware-Carla/install/autoware_auto_geometry_msgs/lib/python3.8/site-packages/autoware_auto_geometry_msgs-1.0.0-py3.8.egg-info/dependency_links.txt
-- Installing: /home/carla/Github/C-V2X-Autoware-Carla/install/autoware_auto_geometry_msgs/lib/python3.8/site-packages/autoware_auto_geometry_msgs-1.0.0-py3.8.egg-info/top_level.txt
-- Up-to-date: /home/carla/Github/C-V2X-Autoware-Carla/install/autoware_auto_geometry_msgs/lib/python3.8/site-packages/autoware_auto_geometry_msgs
-- Up-to-date: /home/carla/Github/C-V2X-Autoware-Carla/install/autoware_auto_geometry_msgs/lib/python3.8/site-packages/autoware_auto_geometry_msgs/_autoware_auto_geometry_msgs_s.ep.rosidl_typesupport_fastrtps_c.c
-- Up-to-date: /home/carla/Github/C-V2X-Autoware-Carla/install/autoware_auto_geometry_msgs/lib/python3.8/site-packages/autoware_auto_geometry_msgs/libautoware_auto_geometry_msgs__rosidl_generator_py.so
-- Up-to-date: /home/carla/Github/C-V2X-Autoware-Carla/install/autoware_auto_geometry_msgs/lib/python3.8/site-packages/autoware_auto_geometry_msgs/autoware_auto_geometry_msgs_s__rosidl_typesupport_introspection_c.cpython-38-x86_64-linux-gnu.so
-- Up-to-date: /home/carla/Github/C-V2X-Autoware-Carla/install/autoware_auto_geometry_msgs/lib/python3.8/site-packages/autoware_auto_geometry_msgs/autoware_auto_geometry_msgs_s__rosidl_typesupport_c.cpython-38-x86_64-linux-gnu.so
-- Up-to-date: /home/carla/Github/C-V2X-Autoware-Carla/install/autoware_auto_geometry_msgs/lib/python3.8/site-packages/autoware_auto_geometry_msgs/_autoware_auto_geometry_msgs_s.ep.rosidl_typesupport_c.c
-- Up-to-date: /home/carla/Github/C-V2X-Autoware-Carla/install/autoware_auto_geometry_msgs/lib/python3.8/site-packages/autoware_auto_geometry_msgs/_autoware_auto_geometry_msgs_s.ep.rosidl_typesupport_introspection_c.c
-- Up-to-date: /home/carla/Github/C-V2X-Autoware-Carla/install/autoware_auto_geometry_msgs/lib/python3.8/site-packages/autoware_auto_geometry_msgs/__init__.py
-- Up-to-date: /home/carla/Github/C-V2X-Autoware-Carla/install/autoware_auto_geometry_msgs/lib/python3.8/site-packages/autoware_auto_geometry_msgs/msg
-- Up-to-date: /home/carla/Github/C-V2X-Autoware-Carla/install/autoware_auto_geometry_msgs/lib/python3.8/site-packages/autoware_auto_geometry_msgs/msg/_quaternion32.py
-- Up-to-date: /home/carla/Github/C-V2X-Autoware-Carla/install/autoware_auto_geometry_msgs/lib/python3.8/site-packages/autoware_auto_geometry_msgs/msg/_complex32_s.c
-- Up-to-date: /home/carla/Github/C-V2X-Autoware-Carla/install/autoware_auto_geometry_msgs/lib/python3.8/site-packages/autoware_auto_geometry_msgs/msg/_relative_position_with_covariance_stamped_s.c
-- Up-to-date: /home/carla/Github/C-V2X-Autoware-Carla/install/autoware_auto_geometry_msgs/lib/python3.8/site-packages/autoware_auto_geometry_msgs/msg/_relative_position_with_covariance_stamped.py
-- Up-to-date: /home/carla/Github/C-V2X-Autoware-Carla/install/autoware_auto_geometry_msgs/lib/python3.8/site-packages/autoware_auto_geometry_msgs/msg/_complex32.py
-- Up-to-date: /home/carla/Github/C-V2X-Autoware-Carla/install/autoware_auto_geometry_msgs/lib/python3.8/site-packages/autoware_auto_geometry_msgs/msg/__init__.py
-- Up-to-date: /home/carla/Github/C-V2X-Autoware-Carla/install/autoware_auto_geometry_msgs/lib/python3.8/site-packages/autoware_auto_geometry_msgs/msg/_quaternion32_s.c
-- Up-to-date: /home/carla/Github/C-V2X-Autoware-Carla/install/autoware_auto_geometry_msgs/lib/python3.8/site-packages/autoware_auto_geometry_msgs/autoware_auto_geometry_msgs_s__rosidl_typesupport_fastrtps_c.cpython-38-x86_64-linux-gnu.so
Listing '/home/carla/Github/C-V2X-Autoware-Carla/install/autoware_auto_geometry_msgs/lib/python3.8/site-packages/autoware_auto_geometry_msgs'...
Listing '/home/carla/Github/C-V2X-Autoware-Carla/install/autoware_auto_geometry_msgs/lib/python3.8/site-packages/autoware_auto_geometry_msgs/msg'...
-- Up-to-date: /home/carla/Github/C-V2X-Autoware-Carla/install/autoware_auto_geometry_msgs/lib/python3.8/site-packages/autoware_auto_geometry_msgs/autoware_auto_geometry_msgs_s__rosidl_typesupport_introspection_c.cpython-38-x86_64-linux-gnu.so
-- Up-to-date: /home/carla/Github/C-V2X-Autoware-Carla/install/autoware_auto_geometry_msgs/lib/python3.8/site-packages/autoware_auto_geometry_msgs/autoware_auto_geometry_msgs_s__rosidl_typesupport_fastrtps_c.cpython-38-x86_64-linux-gnu.so
-- Up-to-date: /home/carla/Github/C-V2X-Autoware-Carla/install/autoware_auto_geometry_msgs/lib/python3.8/site-packages/autoware_auto_geometry_msgs/autoware_auto_geometry_msgs_s__rosidl_typesupport_c.cpython-38-x86_64-linux-gnu.so
-- Up-to-date: /home/carla/Github/C-V2X-Autoware-Carla/install/autoware_auto_geometry_msgs/lib/libautoware_auto_geometry_msgs__rosidl_generator_py.so
-- Up-to-date: /home/carla/Github/C-V2X-Autoware-Carla/install/autoware_auto_geometry_msgs/share/autoware_auto_geometry_msgs/msg/Complex32.idl
-- Up-to-date: /home/carla/Github/C-V2X-Autoware-Carla/install/autoware_auto_geometry_msgs/share/autoware_auto_geometry_msgs/msg/Quaternion32.idl
-- Up-to-date: /home/carla/Github/C-V2X-Autoware-Carla/install/autoware_auto_geometry_msgs/share/autoware_auto_geometry_msgs/msg/RelativePositionWithCovarianceStamped.idl
-- Up-to-date: /home/carla/Github/C-V2X-Autoware-Carla/install/autoware_auto_geometry_msgs/share/ament_index/resource_index/package_run_dependencies/autoware_auto_geometry_msgs
-- Up-to-date: /home/carla/Github/C-V2X-Autoware-Carla/install/autoware_auto_geometry_msgs/share/ament_index/resource_index/parent_prefix_path/autoware_auto_geometry_msgs
-- Up-to-date: /home/carla/Github/C-V2X-Autoware-Carla/install/autoware_auto_geometry_msgs/share/autoware_auto_geometry_msgs/environment/ament_prefix_path.dsv
-- Up-to-date: /home/carla/Github/C-V2X-Autoware-Carla/install/autoware_auto_geometry_msgs/share/autoware_auto_geometry_msgs/environment/path.dsv
-- Up-to-date: /home/carla/Github/C-V2X-Autoware-Carla/install/autoware_auto_geometry_msgs/share/autoware_auto_geometry_msgs/local_setup.bash
-- Up-to-date: /home/carla/Github/C-V2X-Autoware-Carla/install/autoware_auto_geometry_msgs/share/autoware_auto_geometry_msgs/local_setup.sh
-- Up-to-date: /home/carla/Github/C-V2X-Autoware-Carla/install/autoware_auto_geometry_msgs/share/autoware_auto_geometry_msgs/local_setup.zsh
-- Up-to-date: /home/carla/Github/C-V2X-Autoware-Carla/install/autoware_auto_geometry_msgs/share/autoware_auto_geometry_msgs/local_setup.dsv
-- Installing: /home/carla/Github/C-V2X-Autoware-Carla/install/autoware_auto_geometry_msgs/share/autoware_auto_geometry_msgs/package.dsv
-- Up-to-date: /home/carla/Github/C-V2X-Autoware-Carla/install/autoware_auto_geometry_msgs/share/ament_index/resource_index/packages/autoware_auto_geometry_msgs
-- Up-to-date: /home/carla/Github/C-V2X-Autoware-Carla/install/autoware_auto_geometry_msgs/share/autoware_auto_geometry_msgs/cmake/export_autoware_auto_geometry_msgs__rosidl_generator_cExport.cmake
-- Up-to-date: /home/carla/Github/C-V2X-Autoware-Carla/install/autoware_auto_geometry_msgs/share/autoware_auto_geometry_msgs/cmake/export_autoware_auto_geometry_msgs__rosidl_generator_cExport-noconfig.cmake
-- Up-to-date: /home/carla/Github/C-V2X-Autoware-Carla/install/autoware_auto_geometry_msgs/share/autoware_auto_geometry_msgs/cmake/autoware_auto_geometry_msgs__rosidl_typesupport_introspection_cExport.cmake
-- Up-to-date: /home/carla/Github/C-V2X-Autoware-Carla/install/autoware_auto_geometry_msgs/share/autoware_auto_geometry_msgs/cmake/autoware_auto_geometry_msgs__rosidl_typesupport_introspection_cExport-noconfig.cmake
-- Up-to-date: /home/carla/Github/C-V2X-Autoware-Carla/install/autoware_auto_geometry_msgs/share/autoware_auto_geometry_msgs/cmake/export_autoware_auto_geometry_msgs__rosidl_typesupport_fastrtps_cExport.cmake
-- Up-to-date: /home/carla/Github/C-V2X-Autoware-Carla/install/autoware_auto_geometry_msgs/share/autoware_auto_geometry_msgs/cmake/export_autoware_auto_geometry_msgs__rosidl_typesupport_fastrtps_cExport-noconfig.cmake
-- Up-to-date: /home/carla/Github/C-V2X-Autoware-Carla/install/autoware_auto_geometry_msgs/share/autoware_auto_geometry_msgs/cmake/autoware_auto_geometry_msgs__rosidl_typesupport_cExport.cmake
-- Up-to-date: /home/carla/Github/C-V2X-Autoware-Carla/install/autoware_auto_geometry_msgs/share/autoware_auto_geometry_msgs/cmake/autoware_auto_geometry_msgs__rosidl_typesupport_cExport-noconfig.cmake
-- Up-to-date: /home/carla/Github/C-V2X-Autoware-Carla/install/autoware_auto_geometry_msgs/share/autoware_auto_geometry_msgs/cmake/export_autoware_auto_geometry_msgs__rosidl_generator_cppExport.cmake
-- Up-to-date: /home/carla/Github/C-V2X-Autoware-Carla/install/autoware_auto_geometry_msgs/share/autoware_auto_geometry_msgs/cmake/autoware_auto_geometry_msgs__rosidl_typesupport_introspection_cppExport.cmake
-- Up-to-date: /home/carla/Github/C-V2X-Autoware-Carla/install/autoware_auto_geometry_msgs/share/autoware_auto_geometry_msgs/cmake/autoware_auto_geometry_msgs__rosidl_typesupport_introspection_cppExport-noconfig.cmake
-- Up-to-date: /home/carla/Github/C-V2X-Autoware-Carla/install/autoware_auto_geometry_msgs/share/autoware_auto_geometry_msgs/cmake/export_autoware_auto_geometry_msgs__rosidl_typesupport_fastrtps_cppExport.cmake
-- Up-to-date: /home/carla/Github/C-V2X-Autoware-Carla/install/autoware_auto_geometry_msgs/share/autoware_auto_geometry_msgs/cmake/export_autoware_auto_geometry_msgs__rosidl_typesupport_fastrtps_cppExport-noconfig.cmake
-- Up-to-date: /home/carla/Github/C-V2X-Autoware-Carla/install/autoware_auto_geometry_msgs/share/autoware_auto_geometry_msgs/cmake/autoware_auto_geometry_msgs__rosidl_typesupport_cppExport.cmake
-- Up-to-date: /home/carla/Github/C-V2X-Autoware-Carla/install/autoware_auto_geometry_msgs/share/autoware_auto_geometry_msgs/cmake/autoware_auto_geometry_msgs__rosidl_typesupport_cppExport-noconfig.cmake
-- Up-to-date: /home/carla/Github/C-V2X-Autoware-Carla/install/autoware_auto_geometry_msgs/share/autoware_auto_geometry_msgs/cmake/export_autoware_auto_geometry_msgs__rosidl_generator_pyExport.cmake
-- Up-to-date: /home/carla/Github/C-V2X-Autoware-Carla/install/autoware_auto_geometry_msgs/share/autoware_auto_geometry_msgs/cmake/export_autoware_auto_geometry_msgs__rosidl_generator_pyExport-noconfig.cmake
-- Up-to-date: /home/carla/Github/C-V2X-Autoware-Carla/install/autoware_auto_geometry_msgs/share/autoware_auto_geometry_msgs/cmake/rosidl_cmake-extras.cmake
-- Up-to-date: /home/carla/Github/C-V2X-Autoware-Carla/install/autoware_auto_geometry_msgs/share/autoware_auto_geometry_msgs/cmake/ament_cmake_export_dependencies-extras.cmake
-- Up-to-date: /home/carla/Github/C-V2X-Autoware-Carla/install/autoware_auto_geometry_msgs/share/autoware_auto_geometry_msgs/cmake/ament_cmake_export_include_directories-extras.cmake
-- Up-to-date: /home/carla/Github/C-V2X-Autoware-Carla/install/autoware_auto_geometry_msgs/share/autoware_auto_geometry_msgs/cmake/ament_cmake_export_libraries-extras.cmake
-- Up-to-date: /home/carla/Github/C-V2X-Autoware-Carla/install/autoware_auto_geometry_msgs/share/autoware_auto_geometry_msgs/cmake/ament_cmake_export_targets-extras.cmake
-- Up-to-date: /home/carla/Github/C-V2X-Autoware-Carla/install/autoware_auto_geometry_msgs/share/autoware_auto_geometry_msgs/cmake/rosidl_cmake_export_typesupport_targets-extras.cmake
-- Up-to-date: /home/carla/Github/C-V2X-Autoware-Carla/install/autoware_auto_geometry_msgs/share/autoware_auto_geometry_msgs/cmake/rosidl_cmake_export_typesupport_libraries-extras.cmake
-- Up-to-date: /home/carla/Github/C-V2X-Autoware-Carla/install/autoware_auto_geometry_msgs/share/autoware_auto_geometry_msgs/cmake/autoware_auto_geometry_msgsConfig.cmake
-- Up-to-date: /home/carla/Github/C-V2X-Autoware-Carla/install/autoware_auto_geometry_msgs/share/autoware_auto_geometry_msgs/cmake/autoware_auto_geometry_msgsConfig-version.cmake
-- Up-to-date: /home/carla/Github/C-V2X-Autoware-Carla/install/autoware_auto_geometry_msgs/share/autoware_auto_geometry_msgs/package.xml
