[1.469s] Invoking command in '/home/carla/Github/C-V2X-Autoware-Carla/src/vehicle': PYTHONPATH=/home/carla/Github/C-V2X-Autoware-Carla/build/vehicle/prefix_override:/home/carla/Github/C-V2X-Autoware-Carla/install/vehicle/lib/python3.8/site-packages:${PYTHONPATH} /usr/bin/python3 setup.py egg_info --egg-base ../../build/vehicle build --build-base /home/carla/Github/C-V2X-Autoware-Carla/build/vehicle/build install --record /home/carla/Github/C-V2X-Autoware-Carla/build/vehicle/install.log --single-version-externally-managed
[1.920s] running egg_info
[1.920s] writing ../../build/vehicle/vehicle.egg-info/PKG-INFO
[1.920s] writing dependency_links to ../../build/vehicle/vehicle.egg-info/dependency_links.txt
[1.920s] writing entry points to ../../build/vehicle/vehicle.egg-info/entry_points.txt
[1.920s] writing requirements to ../../build/vehicle/vehicle.egg-info/requires.txt
[1.920s] writing top-level names to ../../build/vehicle/vehicle.egg-info/top_level.txt
[1.944s] reading manifest file '../../build/vehicle/vehicle.egg-info/SOURCES.txt'
[1.944s] writing manifest file '../../build/vehicle/vehicle.egg-info/SOURCES.txt'
[1.944s] running build
[1.944s] running build_py
[1.944s] copying vehicle/host_vehicle.py -> /home/carla/Github/C-V2X-Autoware-Carla/build/vehicle/build/lib/vehicle
[1.945s] running install
[1.947s] running install_lib
[1.947s] copying /home/carla/Github/C-V2X-Autoware-Carla/build/vehicle/build/lib/vehicle/host_vehicle.py -> /home/carla/Github/C-V2X-Autoware-Carla/install/vehicle/lib/python3.8/site-packages/vehicle
[1.949s] byte-compiling /home/carla/Github/C-V2X-Autoware-Carla/install/vehicle/lib/python3.8/site-packages/vehicle/host_vehicle.py to host_vehicle.cpython-38.pyc
[1.953s] running install_data
[1.954s] running install_egg_info
[1.956s] removing '/home/carla/Github/C-V2X-Autoware-Carla/install/vehicle/lib/python3.8/site-packages/vehicle-0.0.0-py3.8.egg-info' (and everything under it)
[1.956s] Copying ../../build/vehicle/vehicle.egg-info to /home/carla/Github/C-V2X-Autoware-Carla/install/vehicle/lib/python3.8/site-packages/vehicle-0.0.0-py3.8.egg-info
[1.956s] running install_scripts
[1.974s] Installing host_vehicle script to /home/carla/Github/C-V2X-Autoware-Carla/install/vehicle/lib/vehicle
[1.974s] Installing remote_vehicle script to /home/carla/Github/C-V2X-Autoware-Carla/install/vehicle/lib/vehicle
[1.974s] Installing ren_vehicle script to /home/carla/Github/C-V2X-Autoware-Carla/install/vehicle/lib/vehicle
[1.974s] writing list of installed files to '/home/carla/Github/C-V2X-Autoware-Carla/build/vehicle/install.log'
[1.991s] Invoked command in '/home/carla/Github/C-V2X-Autoware-Carla/src/vehicle' returned '0': PYTHONPATH=/home/carla/Github/C-V2X-Autoware-Carla/build/vehicle/prefix_override:/home/carla/Github/C-V2X-Autoware-Carla/install/vehicle/lib/python3.8/site-packages:${PYTHONPATH} /usr/bin/python3 setup.py egg_info --egg-base ../../build/vehicle build --build-base /home/carla/Github/C-V2X-Autoware-Carla/build/vehicle/build install --record /home/carla/Github/C-V2X-Autoware-Carla/build/vehicle/install.log --single-version-externally-managed
