[0.922s] Invoking command in '/home/carla/Documents/GitHub/C-V2X-Autoware-Carla/src/infrastructure': PYTHONPATH=/home/carla/Documents/GitHub/C-V2X-Autoware-Carla/build/infrastructure/prefix_override:/home/carla/Documents/GitHub/C-V2X-Autoware-Carla/install/infrastructure/lib/python3.8/site-packages:${PYTHONPATH} /usr/bin/python3 setup.py egg_info --egg-base ../../build/infrastructure build --build-base /home/carla/Documents/GitHub/C-V2X-Autoware-Carla/build/infrastructure/build install --record /home/carla/Documents/GitHub/C-V2X-Autoware-Carla/build/infrastructure/install.log --single-version-externally-managed
[1.150s] running egg_info
[1.157s] writing ../../build/infrastructure/infrastructure.egg-info/PKG-INFO
[1.157s] writing dependency_links to ../../build/infrastructure/infrastructure.egg-info/dependency_links.txt
[1.157s] writing entry points to ../../build/infrastructure/infrastructure.egg-info/entry_points.txt
[1.157s] writing requirements to ../../build/infrastructure/infrastructure.egg-info/requires.txt
[1.158s] writing top-level names to ../../build/infrastructure/infrastructure.egg-info/top_level.txt
[1.182s] reading manifest file '../../build/infrastructure/infrastructure.egg-info/SOURCES.txt'
[1.183s] writing manifest file '../../build/infrastructure/infrastructure.egg-info/SOURCES.txt'
[1.183s] running build
[1.183s] running build_py
[1.183s] running install
[1.183s] /home/carla/.local/lib/python3.8/site-packages/setuptools/command/install.py:34: SetuptoolsDeprecationWarning: setup.py install is deprecated. Use build and pip and other standards-based tools.
[1.183s]   warnings.warn(
[1.186s] running install_lib
[1.194s] running install_data
[1.202s] running install_egg_info
[1.210s] removing '/home/carla/Documents/GitHub/C-V2X-Autoware-Carla/install/infrastructure/lib/python3.8/site-packages/infrastructure-0.0.0-py3.8.egg-info' (and everything under it)
[1.210s] Copying ../../build/infrastructure/infrastructure.egg-info to /home/carla/Documents/GitHub/C-V2X-Autoware-Carla/install/infrastructure/lib/python3.8/site-packages/infrastructure-0.0.0-py3.8.egg-info
[1.210s] running install_scripts
[1.242s] Installing MAP script to /home/carla/Documents/GitHub/C-V2X-Autoware-Carla/install/infrastructure/lib/infrastructure
[1.243s] Installing SSM script to /home/carla/Documents/GitHub/C-V2X-Autoware-Carla/install/infrastructure/lib/infrastructure
[1.243s] writing list of installed files to '/home/carla/Documents/GitHub/C-V2X-Autoware-Carla/build/infrastructure/install.log'
[1.275s] Invoked command in '/home/carla/Documents/GitHub/C-V2X-Autoware-Carla/src/infrastructure' returned '0': PYTHONPATH=/home/carla/Documents/GitHub/C-V2X-Autoware-Carla/build/infrastructure/prefix_override:/home/carla/Documents/GitHub/C-V2X-Autoware-Carla/install/infrastructure/lib/python3.8/site-packages:${PYTHONPATH} /usr/bin/python3 setup.py egg_info --egg-base ../../build/infrastructure build --build-base /home/carla/Documents/GitHub/C-V2X-Autoware-Carla/build/infrastructure/build install --record /home/carla/Documents/GitHub/C-V2X-Autoware-Carla/build/infrastructure/install.log --single-version-externally-managed
