[0.055s] Invoking command in '/media/william/blueicedrive/Github/AutowareUniverse-Carla/build/autoware_auto_mapping_msgs': CMAKE_PREFIX_PATH=${CMAKE_PREFIX_PATH}:/media/william/blueicedrive/Github/AutowareUniverse-Carla/install/vehicle:/opt/ros/humble /usr/bin/cmake /media/william/blueicedrive/Github/AutowareUniverse-Carla/src/autoware_auto_mapping_msgs -DCMAKE_INSTALL_PREFIX=/media/william/blueicedrive/Github/AutowareUniverse-Carla/install/autoware_auto_mapping_msgs
[1.019s] -- The C compiler identification is GNU 11.4.0
[1.019s] -- The CXX compiler identification is GNU 11.4.0
[1.019s] -- Detecting C compiler ABI info
[1.019s] -- Detecting C compiler ABI info - done
[1.019s] -- Check for working C compiler: /usr/bin/cc - skipped
[1.019s] -- Detecting C compile features
[1.019s] -- Detecting C compile features - done
[1.019s] -- Detecting CXX compiler ABI info
[1.019s] -- Detecting CXX compiler ABI info - done
[1.019s] -- Check for working CXX compiler: /usr/bin/c++ - skipped
[1.019s] -- Detecting CXX compile features
[1.019s] -- Detecting CXX compile features - done
[1.023s] -- Found ament_cmake_auto: 1.3.9 (/opt/ros/humble/share/ament_cmake_auto/cmake)
[1.150s] -- Found Python3: /usr/bin/python3 (found version "3.10.12") found components: Interpreter 
[1.398s] -- Using all available rosidl_typesupport_c: rosidl_typesupport_fastrtps_c;rosidl_typesupport_introspection_c
[1.426s] -- Found rosidl_adapter: 3.1.5 (/opt/ros/humble/share/rosidl_adapter/cmake)
[1.539s] -- Using all available rosidl_typesupport_cpp: rosidl_typesupport_fastrtps_cpp;rosidl_typesupport_introspection_cpp
[1.892s] -- Found ament_cmake_cppcheck: 0.12.11 (/opt/ros/humble/share/ament_cmake_cppcheck/cmake)
[1.906s] -- Found ament_cmake_cpplint: 0.12.11 (/opt/ros/humble/share/ament_cmake_cpplint/cmake)
[1.919s] -- Found ament_cmake_uncrustify: 0.12.11 (/opt/ros/humble/share/ament_cmake_uncrustify/cmake)
[1.932s] -- Found ament_cmake_ros: 0.10.0 (/opt/ros/humble/share/ament_cmake_ros/cmake)
[2.370s] -- Using all available rosidl_typesupport_c: rosidl_typesupport_fastrtps_c;rosidl_typesupport_introspection_c
[3.104s] -- Using all available rosidl_typesupport_cpp: rosidl_typesupport_fastrtps_cpp;rosidl_typesupport_introspection_cpp
[3.138s] -- Found PythonInterp: /usr/bin/python3 (found suitable version "3.10.12", minimum required is "3.6") 
[3.149s] -- Found python_cmake_module: 0.10.0 (/opt/ros/humble/share/python_cmake_module/cmake)
[3.183s] -- Found PythonLibs: /usr/lib/x86_64-linux-gnu/libpython3.10.so (found suitable version "3.10.12", minimum required is "3.5") 
[3.183s] -- Using PYTHON_EXECUTABLE: /usr/bin/python3
[3.183s] -- Using PYTHON_INCLUDE_DIRS: /usr/include/python3.10
[3.183s] -- Using PYTHON_LIBRARIES: /usr/lib/x86_64-linux-gnu/libpython3.10.so
[3.222s] -- Found PythonExtra: .so  
[3.346s] -- Found ament_cmake_flake8: 0.12.11 (/opt/ros/humble/share/ament_cmake_flake8/cmake)
[3.356s] -- Found ament_cmake_pep257: 0.12.11 (/opt/ros/humble/share/ament_cmake_pep257/cmake)
[3.367s] -- Found ament_lint_auto: 0.12.11 (/opt/ros/humble/share/ament_lint_auto/cmake)
[3.470s] -- Added test 'copyright' to check source files copyright and LICENSE
[3.476s] -- Added test 'lint_cmake' to check CMake code style
[3.480s] -- Added test 'xmllint' to check XML markup files
[3.512s] -- Configuring done
[3.726s] -- Generating done
[3.743s] -- Build files have been written to: /media/william/blueicedrive/Github/AutowareUniverse-Carla/build/autoware_auto_mapping_msgs
[3.749s] Invoked command in '/media/william/blueicedrive/Github/AutowareUniverse-Carla/build/autoware_auto_mapping_msgs' returned '0': CMAKE_PREFIX_PATH=${CMAKE_PREFIX_PATH}:/media/william/blueicedrive/Github/AutowareUniverse-Carla/install/vehicle:/opt/ros/humble /usr/bin/cmake /media/william/blueicedrive/Github/AutowareUniverse-Carla/src/autoware_auto_mapping_msgs -DCMAKE_INSTALL_PREFIX=/media/william/blueicedrive/Github/AutowareUniverse-Carla/install/autoware_auto_mapping_msgs
[3.751s] Invoking command in '/media/william/blueicedrive/Github/AutowareUniverse-Carla/build/autoware_auto_mapping_msgs': CMAKE_PREFIX_PATH=${CMAKE_PREFIX_PATH}:/media/william/blueicedrive/Github/AutowareUniverse-Carla/install/vehicle:/opt/ros/humble /usr/bin/cmake --build /media/william/blueicedrive/Github/AutowareUniverse-Carla/build/autoware_auto_mapping_msgs -- -j20 -l20
[3.804s] [  1%] [34m[1mGenerating C code for ROS interfaces[0m
[3.821s] [  3%] [34m[1mGenerating C++ code for ROS interfaces[0m
[3.830s] [  3%] Built target ament_cmake_python_copy_autoware_auto_mapping_msgs
[4.142s] running egg_info
[4.142s] creating autoware_auto_mapping_msgs.egg-info
[4.143s] writing autoware_auto_mapping_msgs.egg-info/PKG-INFO
[4.143s] writing dependency_links to autoware_auto_mapping_msgs.egg-info/dependency_links.txt
[4.144s] writing top-level names to autoware_auto_mapping_msgs.egg-info/top_level.txt
[4.145s] writing manifest file 'autoware_auto_mapping_msgs.egg-info/SOURCES.txt'
[4.174s] reading manifest file 'autoware_auto_mapping_msgs.egg-info/SOURCES.txt'
[4.176s] writing manifest file 'autoware_auto_mapping_msgs.egg-info/SOURCES.txt'
[4.204s] [  3%] Built target ament_cmake_python_build_autoware_auto_mapping_msgs_egg
[4.425s] [  3%] Built target autoware_auto_mapping_msgs__cpp
[4.455s] [  5%] [34m[1mGenerating C++ type support dispatch for ROS interfaces[0m
[4.457s] [  7%] [34m[1mGenerating C++ type support for eProsima Fast-RTPS[0m
[4.458s] [  9%] [34m[1mGenerating C++ introspection for ROS interfaces[0m
[4.509s] [ 10%] [32mBuilding C object CMakeFiles/autoware_auto_mapping_msgs__rosidl_generator_c.dir/rosidl_generator_c/autoware_auto_mapping_msgs/msg/detail/had_map_bin__functions.c.o[0m
[4.511s] [ 12%] [32mBuilding C object CMakeFiles/autoware_auto_mapping_msgs__rosidl_generator_c.dir/rosidl_generator_c/autoware_auto_mapping_msgs/msg/detail/map_primitive__functions.c.o[0m
[4.515s] [ 14%] [32mBuilding C object CMakeFiles/autoware_auto_mapping_msgs__rosidl_generator_c.dir/rosidl_generator_c/autoware_auto_mapping_msgs/srv/detail/had_map_service__functions.c.o[0m
[4.519s] [ 16%] [32mBuilding C object CMakeFiles/autoware_auto_mapping_msgs__rosidl_generator_c.dir/rosidl_generator_c/autoware_auto_mapping_msgs/msg/detail/had_map_segment__functions.c.o[0m
[4.966s] [ 18%] [32m[1mLinking C shared library libautoware_auto_mapping_msgs__rosidl_generator_c.so[0m
[5.725s] [ 21%] [32mBuilding CXX object CMakeFiles/autoware_auto_mapping_msgs__rosidl_typesupport_cpp.dir/rosidl_typesupport_cpp/autoware_auto_mapping_msgs/msg/had_map_bin__type_support.cpp.o[0m
[5.727s] [ 21%] [32mBuilding CXX object CMakeFiles/autoware_auto_mapping_msgs__rosidl_typesupport_cpp.dir/rosidl_typesupport_cpp/autoware_auto_mapping_msgs/msg/had_map_segment__type_support.cpp.o[0m
[5.779s] [ 23%] [32mBuilding CXX object CMakeFiles/autoware_auto_mapping_msgs__rosidl_typesupport_cpp.dir/rosidl_typesupport_cpp/autoware_auto_mapping_msgs/srv/had_map_service__type_support.cpp.o[0m
[5.825s] [ 25%] [32mBuilding CXX object CMakeFiles/autoware_auto_mapping_msgs__rosidl_typesupport_cpp.dir/rosidl_typesupport_cpp/autoware_auto_mapping_msgs/msg/map_primitive__type_support.cpp.o[0m
[5.866s] [ 25%] Built target autoware_auto_mapping_msgs__rosidl_generator_c
[5.900s] [ 27%] [32mBuilding CXX object CMakeFiles/autoware_auto_mapping_msgs__rosidl_typesupport_introspection_cpp.dir/rosidl_typesupport_introspection_cpp/autoware_auto_mapping_msgs/msg/detail/had_map_bin__type_support.cpp.o[0m
[5.908s] [ 29%] [32mBuilding CXX object CMakeFiles/autoware_auto_mapping_msgs__rosidl_typesupport_introspection_cpp.dir/rosidl_typesupport_introspection_cpp/autoware_auto_mapping_msgs/msg/detail/had_map_segment__type_support.cpp.o[0m
[5.916s] [ 30%] [32mBuilding CXX object CMakeFiles/autoware_auto_mapping_msgs__rosidl_typesupport_introspection_cpp.dir/rosidl_typesupport_introspection_cpp/autoware_auto_mapping_msgs/msg/detail/map_primitive__type_support.cpp.o[0m
[5.920s] [ 32%] [32mBuilding CXX object CMakeFiles/autoware_auto_mapping_msgs__rosidl_typesupport_introspection_cpp.dir/rosidl_typesupport_introspection_cpp/autoware_auto_mapping_msgs/srv/detail/had_map_service__type_support.cpp.o[0m
[5.964s] [ 34%] [32mBuilding CXX object CMakeFiles/autoware_auto_mapping_msgs__rosidl_typesupport_fastrtps_cpp.dir/rosidl_typesupport_fastrtps_cpp/autoware_auto_mapping_msgs/msg/detail/dds_fastrtps/had_map_bin__type_support.cpp.o[0m
[6.013s] [ 36%] [32mBuilding CXX object CMakeFiles/autoware_auto_mapping_msgs__rosidl_typesupport_fastrtps_cpp.dir/rosidl_typesupport_fastrtps_cpp/autoware_auto_mapping_msgs/msg/detail/dds_fastrtps/map_primitive__type_support.cpp.o[0m
[6.043s] [ 38%] [32mBuilding CXX object CMakeFiles/autoware_auto_mapping_msgs__rosidl_typesupport_fastrtps_cpp.dir/rosidl_typesupport_fastrtps_cpp/autoware_auto_mapping_msgs/msg/detail/dds_fastrtps/had_map_segment__type_support.cpp.o[0m
[6.077s] [ 40%] [32mBuilding CXX object CMakeFiles/autoware_auto_mapping_msgs__rosidl_typesupport_fastrtps_cpp.dir/rosidl_typesupport_fastrtps_cpp/autoware_auto_mapping_msgs/srv/detail/dds_fastrtps/had_map_service__type_support.cpp.o[0m
[6.273s] [ 41%] [34m[1mGenerating C type support for eProsima Fast-RTPS[0m
[6.277s] [ 43%] [34m[1mGenerating C type support dispatch for ROS interfaces[0m
[6.289s] [ 45%] [34m[1mGenerating C introspection for ROS interfaces[0m
[6.737s] [ 47%] [32m[1mLinking CXX shared library libautoware_auto_mapping_msgs__rosidl_typesupport_cpp.so[0m
[7.256s] [ 47%] Built target autoware_auto_mapping_msgs__rosidl_typesupport_cpp
[7.353s] [ 49%] [32m[1mLinking CXX shared library libautoware_auto_mapping_msgs__rosidl_typesupport_introspection_cpp.so[0m
[7.361s] [ 50%] [32mBuilding CXX object CMakeFiles/autoware_auto_mapping_msgs__rosidl_typesupport_c.dir/rosidl_typesupport_c/autoware_auto_mapping_msgs/msg/map_primitive__type_support.cpp.o[0m
[7.403s] [ 52%] [32mBuilding CXX object CMakeFiles/autoware_auto_mapping_msgs__rosidl_typesupport_c.dir/rosidl_typesupport_c/autoware_auto_mapping_msgs/msg/had_map_bin__type_support.cpp.o[0m
[7.429s] [ 54%] [32mBuilding CXX object CMakeFiles/autoware_auto_mapping_msgs__rosidl_typesupport_c.dir/rosidl_typesupport_c/autoware_auto_mapping_msgs/msg/had_map_segment__type_support.cpp.o[0m
[7.438s] [ 56%] [32mBuilding CXX object CMakeFiles/autoware_auto_mapping_msgs__rosidl_typesupport_c.dir/rosidl_typesupport_c/autoware_auto_mapping_msgs/srv/had_map_service__type_support.cpp.o[0m
[7.450s] [ 58%] [32m[1mLinking CXX shared library libautoware_auto_mapping_msgs__rosidl_typesupport_fastrtps_cpp.so[0m
[7.465s] [ 60%] [32mBuilding CXX object CMakeFiles/autoware_auto_mapping_msgs__rosidl_typesupport_fastrtps_c.dir/rosidl_typesupport_fastrtps_c/autoware_auto_mapping_msgs/msg/detail/map_primitive__type_support_c.cpp.o[0m
[7.471s] [ 61%] [32mBuilding CXX object CMakeFiles/autoware_auto_mapping_msgs__rosidl_typesupport_fastrtps_c.dir/rosidl_typesupport_fastrtps_c/autoware_auto_mapping_msgs/msg/detail/had_map_segment__type_support_c.cpp.o[0m
[7.475s] [ 63%] [32mBuilding CXX object CMakeFiles/autoware_auto_mapping_msgs__rosidl_typesupport_fastrtps_c.dir/rosidl_typesupport_fastrtps_c/autoware_auto_mapping_msgs/srv/detail/had_map_service__type_support_c.cpp.o[0m
[7.484s] [ 65%] [32mBuilding CXX object CMakeFiles/autoware_auto_mapping_msgs__rosidl_typesupport_fastrtps_c.dir/rosidl_typesupport_fastrtps_c/autoware_auto_mapping_msgs/msg/detail/had_map_bin__type_support_c.cpp.o[0m
[7.907s] [ 67%] [32mBuilding C object CMakeFiles/autoware_auto_mapping_msgs__rosidl_typesupport_introspection_c.dir/rosidl_typesupport_introspection_c/autoware_auto_mapping_msgs/msg/detail/had_map_segment__type_support.c.o[0m
[7.931s] [ 69%] [32mBuilding C object CMakeFiles/autoware_auto_mapping_msgs__rosidl_typesupport_introspection_c.dir/rosidl_typesupport_introspection_c/autoware_auto_mapping_msgs/msg/detail/map_primitive__type_support.c.o[0m
[7.975s] [ 70%] [32mBuilding C object CMakeFiles/autoware_auto_mapping_msgs__rosidl_typesupport_introspection_c.dir/rosidl_typesupport_introspection_c/autoware_auto_mapping_msgs/srv/detail/had_map_service__type_support.c.o[0m
[7.979s] [ 72%] [32mBuilding C object CMakeFiles/autoware_auto_mapping_msgs__rosidl_typesupport_introspection_c.dir/rosidl_typesupport_introspection_c/autoware_auto_mapping_msgs/msg/detail/had_map_bin__type_support.c.o[0m
[8.401s] [ 74%] [32m[1mLinking CXX shared library libautoware_auto_mapping_msgs__rosidl_typesupport_c.so[0m
[8.483s] [ 74%] Built target autoware_auto_mapping_msgs__rosidl_typesupport_introspection_cpp
[8.670s] [ 74%] Built target autoware_auto_mapping_msgs__rosidl_typesupport_fastrtps_cpp
[8.913s] [ 76%] [32m[1mLinking C shared library libautoware_auto_mapping_msgs__rosidl_typesupport_introspection_c.so[0m
[8.952s] [ 78%] [32m[1mLinking CXX shared library libautoware_auto_mapping_msgs__rosidl_typesupport_fastrtps_c.so[0m
[8.981s] [ 78%] Built target autoware_auto_mapping_msgs__rosidl_typesupport_c
[9.384s] [ 78%] Built target autoware_auto_mapping_msgs__rosidl_typesupport_introspection_c
[9.478s] [ 78%] Built target autoware_auto_mapping_msgs__rosidl_typesupport_fastrtps_c
[9.633s] [ 78%] Built target autoware_auto_mapping_msgs
[10.034s] [ 80%] [34m[1mGenerating Python code for ROS interfaces[0m
[12.492s] [ 80%] Built target autoware_auto_mapping_msgs__py
[12.674s] [ 81%] [32mBuilding C object CMakeFiles/autoware_auto_mapping_msgs__rosidl_generator_py.dir/rosidl_generator_py/autoware_auto_mapping_msgs/msg/_had_map_segment_s.c.o[0m
[12.675s] [ 83%] [32mBuilding C object CMakeFiles/autoware_auto_mapping_msgs__rosidl_generator_py.dir/rosidl_generator_py/autoware_auto_mapping_msgs/msg/_had_map_bin_s.c.o[0m
[12.675s] [ 87%] [32mBuilding C object CMakeFiles/autoware_auto_mapping_msgs__rosidl_generator_py.dir/rosidl_generator_py/autoware_auto_mapping_msgs/srv/_had_map_service_s.c.o[0m
[12.675s] [ 87%] [32mBuilding C object CMakeFiles/autoware_auto_mapping_msgs__rosidl_generator_py.dir/rosidl_generator_py/autoware_auto_mapping_msgs/msg/_map_primitive_s.c.o[0m
[13.506s] [ 89%] [32m[1mLinking C shared library rosidl_generator_py/autoware_auto_mapping_msgs/libautoware_auto_mapping_msgs__rosidl_generator_py.so[0m
[13.814s] [ 89%] Built target autoware_auto_mapping_msgs__rosidl_generator_py
[13.865s] [ 90%] [32mBuilding C object CMakeFiles/autoware_auto_mapping_msgs__rosidl_typesupport_c__pyext.dir/rosidl_generator_py/autoware_auto_mapping_msgs/_autoware_auto_mapping_msgs_s.ep.rosidl_typesupport_c.c.o[0m
[13.866s] [ 92%] [32mBuilding C object CMakeFiles/autoware_auto_mapping_msgs__rosidl_typesupport_introspection_c__pyext.dir/rosidl_generator_py/autoware_auto_mapping_msgs/_autoware_auto_mapping_msgs_s.ep.rosidl_typesupport_introspection_c.c.o[0m
[13.870s] [ 94%] [32mBuilding C object CMakeFiles/autoware_auto_mapping_msgs__rosidl_typesupport_fastrtps_c__pyext.dir/rosidl_generator_py/autoware_auto_mapping_msgs/_autoware_auto_mapping_msgs_s.ep.rosidl_typesupport_fastrtps_c.c.o[0m
[14.334s] [ 96%] [32m[1mLinking C shared library rosidl_generator_py/autoware_auto_mapping_msgs/autoware_auto_mapping_msgs_s__rosidl_typesupport_c.cpython-310-x86_64-linux-gnu.so[0m
[14.451s] [ 98%] [32m[1mLinking C shared library rosidl_generator_py/autoware_auto_mapping_msgs/autoware_auto_mapping_msgs_s__rosidl_typesupport_introspection_c.cpython-310-x86_64-linux-gnu.so[0m
[14.458s] [100%] [32m[1mLinking C shared library rosidl_generator_py/autoware_auto_mapping_msgs/autoware_auto_mapping_msgs_s__rosidl_typesupport_fastrtps_c.cpython-310-x86_64-linux-gnu.so[0m
[14.674s] [100%] Built target autoware_auto_mapping_msgs__rosidl_typesupport_c__pyext
[14.691s] [100%] Built target autoware_auto_mapping_msgs__rosidl_typesupport_fastrtps_c__pyext
[14.694s] [100%] Built target autoware_auto_mapping_msgs__rosidl_typesupport_introspection_c__pyext
[14.766s] Invoked command in '/media/william/blueicedrive/Github/AutowareUniverse-Carla/build/autoware_auto_mapping_msgs' returned '0': CMAKE_PREFIX_PATH=${CMAKE_PREFIX_PATH}:/media/william/blueicedrive/Github/AutowareUniverse-Carla/install/vehicle:/opt/ros/humble /usr/bin/cmake --build /media/william/blueicedrive/Github/AutowareUniverse-Carla/build/autoware_auto_mapping_msgs -- -j20 -l20
[17.365s] Invoking command in '/media/william/blueicedrive/Github/AutowareUniverse-Carla/build/autoware_auto_mapping_msgs': CMAKE_PREFIX_PATH=${CMAKE_PREFIX_PATH}:/media/william/blueicedrive/Github/AutowareUniverse-Carla/install/vehicle:/opt/ros/humble /usr/bin/cmake --install /media/william/blueicedrive/Github/AutowareUniverse-Carla/build/autoware_auto_mapping_msgs
[17.393s] -- Install configuration: ""
[17.398s] -- Installing: /media/william/blueicedrive/Github/AutowareUniverse-Carla/install/autoware_auto_mapping_msgs/share/ament_index/resource_index/rosidl_interfaces/autoware_auto_mapping_msgs
[17.406s] -- Installing: /media/william/blueicedrive/Github/AutowareUniverse-Carla/install/autoware_auto_mapping_msgs/include/autoware_auto_mapping_msgs/autoware_auto_mapping_msgs
[17.411s] -- Installing: /media/william/blueicedrive/Github/AutowareUniverse-Carla/install/autoware_auto_mapping_msgs/include/autoware_auto_mapping_msgs/autoware_auto_mapping_msgs/msg
[17.416s] -- Installing: /media/william/blueicedrive/Github/AutowareUniverse-Carla/install/autoware_auto_mapping_msgs/include/autoware_auto_mapping_msgs/autoware_auto_mapping_msgs/msg/detail
[17.424s] -- Installing: /media/william/blueicedrive/Github/AutowareUniverse-Carla/install/autoware_auto_mapping_msgs/include/autoware_auto_mapping_msgs/autoware_auto_mapping_msgs/msg/detail/had_map_bin__functions.c
[17.435s] -- Installing: /media/william/blueicedrive/Github/AutowareUniverse-Carla/install/autoware_auto_mapping_msgs/include/autoware_auto_mapping_msgs/autoware_auto_mapping_msgs/msg/detail/had_map_bin__functions.h
[17.448s] -- Installing: /media/william/blueicedrive/Github/AutowareUniverse-Carla/install/autoware_auto_mapping_msgs/include/autoware_auto_mapping_msgs/autoware_auto_mapping_msgs/msg/detail/had_map_bin__struct.h
[17.459s] -- Installing: /media/william/blueicedrive/Github/AutowareUniverse-Carla/install/autoware_auto_mapping_msgs/include/autoware_auto_mapping_msgs/autoware_auto_mapping_msgs/msg/detail/had_map_bin__type_support.h
[17.470s] -- Installing: /media/william/blueicedrive/Github/AutowareUniverse-Carla/install/autoware_auto_mapping_msgs/include/autoware_auto_mapping_msgs/autoware_auto_mapping_msgs/msg/detail/had_map_segment__functions.c
[17.481s] -- Installing: /media/william/blueicedrive/Github/AutowareUniverse-Carla/install/autoware_auto_mapping_msgs/include/autoware_auto_mapping_msgs/autoware_auto_mapping_msgs/msg/detail/had_map_segment__functions.h
[17.496s] -- Installing: /media/william/blueicedrive/Github/AutowareUniverse-Carla/install/autoware_auto_mapping_msgs/include/autoware_auto_mapping_msgs/autoware_auto_mapping_msgs/msg/detail/had_map_segment__struct.h
[17.561s] -- Installing: /media/william/blueicedrive/Github/AutowareUniverse-Carla/install/autoware_auto_mapping_msgs/include/autoware_auto_mapping_msgs/autoware_auto_mapping_msgs/msg/detail/had_map_segment__type_support.h
[17.591s] -- Installing: /media/william/blueicedrive/Github/AutowareUniverse-Carla/install/autoware_auto_mapping_msgs/include/autoware_auto_mapping_msgs/autoware_auto_mapping_msgs/msg/detail/map_primitive__functions.c
[17.618s] -- Installing: /media/william/blueicedrive/Github/AutowareUniverse-Carla/install/autoware_auto_mapping_msgs/include/autoware_auto_mapping_msgs/autoware_auto_mapping_msgs/msg/detail/map_primitive__functions.h
[17.710s] -- Installing: /media/william/blueicedrive/Github/AutowareUniverse-Carla/install/autoware_auto_mapping_msgs/include/autoware_auto_mapping_msgs/autoware_auto_mapping_msgs/msg/detail/map_primitive__struct.h
[17.796s] -- Installing: /media/william/blueicedrive/Github/AutowareUniverse-Carla/install/autoware_auto_mapping_msgs/include/autoware_auto_mapping_msgs/autoware_auto_mapping_msgs/msg/detail/map_primitive__type_support.h
[17.853s] -- Installing: /media/william/blueicedrive/Github/AutowareUniverse-Carla/install/autoware_auto_mapping_msgs/include/autoware_auto_mapping_msgs/autoware_auto_mapping_msgs/msg/had_map_bin.h
[17.867s] -- Installing: /media/william/blueicedrive/Github/AutowareUniverse-Carla/install/autoware_auto_mapping_msgs/include/autoware_auto_mapping_msgs/autoware_auto_mapping_msgs/msg/had_map_segment.h
[17.877s] -- Installing: /media/william/blueicedrive/Github/AutowareUniverse-Carla/install/autoware_auto_mapping_msgs/include/autoware_auto_mapping_msgs/autoware_auto_mapping_msgs/msg/map_primitive.h
[17.887s] -- Installing: /media/william/blueicedrive/Github/AutowareUniverse-Carla/install/autoware_auto_mapping_msgs/include/autoware_auto_mapping_msgs/autoware_auto_mapping_msgs/msg/rosidl_generator_c__visibility_control.h
[17.898s] -- Installing: /media/william/blueicedrive/Github/AutowareUniverse-Carla/install/autoware_auto_mapping_msgs/include/autoware_auto_mapping_msgs/autoware_auto_mapping_msgs/srv
[17.903s] -- Installing: /media/william/blueicedrive/Github/AutowareUniverse-Carla/install/autoware_auto_mapping_msgs/include/autoware_auto_mapping_msgs/autoware_auto_mapping_msgs/srv/detail
[17.909s] -- Installing: /media/william/blueicedrive/Github/AutowareUniverse-Carla/install/autoware_auto_mapping_msgs/include/autoware_auto_mapping_msgs/autoware_auto_mapping_msgs/srv/detail/had_map_service__functions.c
[17.944s] -- Installing: /media/william/blueicedrive/Github/AutowareUniverse-Carla/install/autoware_auto_mapping_msgs/include/autoware_auto_mapping_msgs/autoware_auto_mapping_msgs/srv/detail/had_map_service__functions.h
[17.976s] -- Installing: /media/william/blueicedrive/Github/AutowareUniverse-Carla/install/autoware_auto_mapping_msgs/include/autoware_auto_mapping_msgs/autoware_auto_mapping_msgs/srv/detail/had_map_service__struct.h
[17.989s] -- Installing: /media/william/blueicedrive/Github/AutowareUniverse-Carla/install/autoware_auto_mapping_msgs/include/autoware_auto_mapping_msgs/autoware_auto_mapping_msgs/srv/detail/had_map_service__type_support.h
[18.028s] -- Installing: /media/william/blueicedrive/Github/AutowareUniverse-Carla/install/autoware_auto_mapping_msgs/include/autoware_auto_mapping_msgs/autoware_auto_mapping_msgs/srv/had_map_service.h
[18.056s] -- Installing: /media/william/blueicedrive/Github/AutowareUniverse-Carla/install/autoware_auto_mapping_msgs/share/autoware_auto_mapping_msgs/environment/library_path.sh
[18.129s] -- Installing: /media/william/blueicedrive/Github/AutowareUniverse-Carla/install/autoware_auto_mapping_msgs/share/autoware_auto_mapping_msgs/environment/library_path.dsv
[18.179s] -- Installing: /media/william/blueicedrive/Github/AutowareUniverse-Carla/install/autoware_auto_mapping_msgs/lib/libautoware_auto_mapping_msgs__rosidl_generator_c.so
[18.263s] -- Set runtime path of "/media/william/blueicedrive/Github/AutowareUniverse-Carla/install/autoware_auto_mapping_msgs/lib/libautoware_auto_mapping_msgs__rosidl_generator_c.so" to ""
[18.270s] -- Up-to-date: /media/william/blueicedrive/Github/AutowareUniverse-Carla/install/autoware_auto_mapping_msgs/include/autoware_auto_mapping_msgs/autoware_auto_mapping_msgs
[18.283s] -- Up-to-date: /media/william/blueicedrive/Github/AutowareUniverse-Carla/install/autoware_auto_mapping_msgs/include/autoware_auto_mapping_msgs/autoware_auto_mapping_msgs/msg
[18.289s] -- Up-to-date: /media/william/blueicedrive/Github/AutowareUniverse-Carla/install/autoware_auto_mapping_msgs/include/autoware_auto_mapping_msgs/autoware_auto_mapping_msgs/msg/detail
[18.296s] -- Installing: /media/william/blueicedrive/Github/AutowareUniverse-Carla/install/autoware_auto_mapping_msgs/include/autoware_auto_mapping_msgs/autoware_auto_mapping_msgs/msg/detail/had_map_bin__rosidl_typesupport_fastrtps_c.h
[18.315s] -- Installing: /media/william/blueicedrive/Github/AutowareUniverse-Carla/install/autoware_auto_mapping_msgs/include/autoware_auto_mapping_msgs/autoware_auto_mapping_msgs/msg/detail/had_map_segment__rosidl_typesupport_fastrtps_c.h
[18.344s] -- Installing: /media/william/blueicedrive/Github/AutowareUniverse-Carla/install/autoware_auto_mapping_msgs/include/autoware_auto_mapping_msgs/autoware_auto_mapping_msgs/msg/detail/map_primitive__rosidl_typesupport_fastrtps_c.h
[18.357s] -- Installing: /media/william/blueicedrive/Github/AutowareUniverse-Carla/install/autoware_auto_mapping_msgs/include/autoware_auto_mapping_msgs/autoware_auto_mapping_msgs/msg/rosidl_typesupport_fastrtps_c__visibility_control.h
[18.369s] -- Up-to-date: /media/william/blueicedrive/Github/AutowareUniverse-Carla/install/autoware_auto_mapping_msgs/include/autoware_auto_mapping_msgs/autoware_auto_mapping_msgs/srv
[18.375s] -- Up-to-date: /media/william/blueicedrive/Github/AutowareUniverse-Carla/install/autoware_auto_mapping_msgs/include/autoware_auto_mapping_msgs/autoware_auto_mapping_msgs/srv/detail
[18.383s] -- Installing: /media/william/blueicedrive/Github/AutowareUniverse-Carla/install/autoware_auto_mapping_msgs/include/autoware_auto_mapping_msgs/autoware_auto_mapping_msgs/srv/detail/had_map_service__rosidl_typesupport_fastrtps_c.h
[18.394s] -- Installing: /media/william/blueicedrive/Github/AutowareUniverse-Carla/install/autoware_auto_mapping_msgs/lib/libautoware_auto_mapping_msgs__rosidl_typesupport_fastrtps_c.so
[18.405s] -- Set runtime path of "/media/william/blueicedrive/Github/AutowareUniverse-Carla/install/autoware_auto_mapping_msgs/lib/libautoware_auto_mapping_msgs__rosidl_typesupport_fastrtps_c.so" to ""
[18.407s] -- Up-to-date: /media/william/blueicedrive/Github/AutowareUniverse-Carla/install/autoware_auto_mapping_msgs/include/autoware_auto_mapping_msgs/autoware_auto_mapping_msgs
[18.410s] -- Up-to-date: /media/william/blueicedrive/Github/AutowareUniverse-Carla/install/autoware_auto_mapping_msgs/include/autoware_auto_mapping_msgs/autoware_auto_mapping_msgs/msg
[18.419s] -- Up-to-date: /media/william/blueicedrive/Github/AutowareUniverse-Carla/install/autoware_auto_mapping_msgs/include/autoware_auto_mapping_msgs/autoware_auto_mapping_msgs/msg/detail
[18.424s] -- Installing: /media/william/blueicedrive/Github/AutowareUniverse-Carla/install/autoware_auto_mapping_msgs/include/autoware_auto_mapping_msgs/autoware_auto_mapping_msgs/msg/detail/had_map_bin__rosidl_typesupport_introspection_c.h
[18.434s] -- Installing: /media/william/blueicedrive/Github/AutowareUniverse-Carla/install/autoware_auto_mapping_msgs/include/autoware_auto_mapping_msgs/autoware_auto_mapping_msgs/msg/detail/had_map_bin__type_support.c
[18.445s] -- Installing: /media/william/blueicedrive/Github/AutowareUniverse-Carla/install/autoware_auto_mapping_msgs/include/autoware_auto_mapping_msgs/autoware_auto_mapping_msgs/msg/detail/had_map_segment__rosidl_typesupport_introspection_c.h
[18.480s] -- Installing: /media/william/blueicedrive/Github/AutowareUniverse-Carla/install/autoware_auto_mapping_msgs/include/autoware_auto_mapping_msgs/autoware_auto_mapping_msgs/msg/detail/had_map_segment__type_support.c
[18.518s] -- Installing: /media/william/blueicedrive/Github/AutowareUniverse-Carla/install/autoware_auto_mapping_msgs/include/autoware_auto_mapping_msgs/autoware_auto_mapping_msgs/msg/detail/map_primitive__rosidl_typesupport_introspection_c.h
[18.592s] -- Installing: /media/william/blueicedrive/Github/AutowareUniverse-Carla/install/autoware_auto_mapping_msgs/include/autoware_auto_mapping_msgs/autoware_auto_mapping_msgs/msg/detail/map_primitive__type_support.c
[18.616s] -- Installing: /media/william/blueicedrive/Github/AutowareUniverse-Carla/install/autoware_auto_mapping_msgs/include/autoware_auto_mapping_msgs/autoware_auto_mapping_msgs/msg/rosidl_typesupport_introspection_c__visibility_control.h
[18.628s] -- Up-to-date: /media/william/blueicedrive/Github/AutowareUniverse-Carla/install/autoware_auto_mapping_msgs/include/autoware_auto_mapping_msgs/autoware_auto_mapping_msgs/srv
[18.638s] -- Up-to-date: /media/william/blueicedrive/Github/AutowareUniverse-Carla/install/autoware_auto_mapping_msgs/include/autoware_auto_mapping_msgs/autoware_auto_mapping_msgs/srv/detail
[18.644s] -- Installing: /media/william/blueicedrive/Github/AutowareUniverse-Carla/install/autoware_auto_mapping_msgs/include/autoware_auto_mapping_msgs/autoware_auto_mapping_msgs/srv/detail/had_map_service__rosidl_typesupport_introspection_c.h
[18.662s] -- Installing: /media/william/blueicedrive/Github/AutowareUniverse-Carla/install/autoware_auto_mapping_msgs/include/autoware_auto_mapping_msgs/autoware_auto_mapping_msgs/srv/detail/had_map_service__type_support.c
[18.682s] -- Installing: /media/william/blueicedrive/Github/AutowareUniverse-Carla/install/autoware_auto_mapping_msgs/lib/libautoware_auto_mapping_msgs__rosidl_typesupport_introspection_c.so
[18.692s] -- Set runtime path of "/media/william/blueicedrive/Github/AutowareUniverse-Carla/install/autoware_auto_mapping_msgs/lib/libautoware_auto_mapping_msgs__rosidl_typesupport_introspection_c.so" to ""
[18.695s] -- Installing: /media/william/blueicedrive/Github/AutowareUniverse-Carla/install/autoware_auto_mapping_msgs/lib/libautoware_auto_mapping_msgs__rosidl_typesupport_c.so
[18.702s] -- Set runtime path of "/media/william/blueicedrive/Github/AutowareUniverse-Carla/install/autoware_auto_mapping_msgs/lib/libautoware_auto_mapping_msgs__rosidl_typesupport_c.so" to ""
[18.703s] -- Up-to-date: /media/william/blueicedrive/Github/AutowareUniverse-Carla/install/autoware_auto_mapping_msgs/include/autoware_auto_mapping_msgs/autoware_auto_mapping_msgs
[18.706s] -- Up-to-date: /media/william/blueicedrive/Github/AutowareUniverse-Carla/install/autoware_auto_mapping_msgs/include/autoware_auto_mapping_msgs/autoware_auto_mapping_msgs/msg
[18.708s] -- Up-to-date: /media/william/blueicedrive/Github/AutowareUniverse-Carla/install/autoware_auto_mapping_msgs/include/autoware_auto_mapping_msgs/autoware_auto_mapping_msgs/msg/detail
[18.712s] -- Installing: /media/william/blueicedrive/Github/AutowareUniverse-Carla/install/autoware_auto_mapping_msgs/include/autoware_auto_mapping_msgs/autoware_auto_mapping_msgs/msg/detail/had_map_bin__builder.hpp
[18.723s] -- Installing: /media/william/blueicedrive/Github/AutowareUniverse-Carla/install/autoware_auto_mapping_msgs/include/autoware_auto_mapping_msgs/autoware_auto_mapping_msgs/msg/detail/had_map_bin__struct.hpp
[18.731s] -- Installing: /media/william/blueicedrive/Github/AutowareUniverse-Carla/install/autoware_auto_mapping_msgs/include/autoware_auto_mapping_msgs/autoware_auto_mapping_msgs/msg/detail/had_map_bin__traits.hpp
[18.739s] -- Installing: /media/william/blueicedrive/Github/AutowareUniverse-Carla/install/autoware_auto_mapping_msgs/include/autoware_auto_mapping_msgs/autoware_auto_mapping_msgs/msg/detail/had_map_segment__builder.hpp
[18.762s] -- Installing: /media/william/blueicedrive/Github/AutowareUniverse-Carla/install/autoware_auto_mapping_msgs/include/autoware_auto_mapping_msgs/autoware_auto_mapping_msgs/msg/detail/had_map_segment__struct.hpp
[18.788s] -- Installing: /media/william/blueicedrive/Github/AutowareUniverse-Carla/install/autoware_auto_mapping_msgs/include/autoware_auto_mapping_msgs/autoware_auto_mapping_msgs/msg/detail/had_map_segment__traits.hpp
[18.796s] -- Installing: /media/william/blueicedrive/Github/AutowareUniverse-Carla/install/autoware_auto_mapping_msgs/include/autoware_auto_mapping_msgs/autoware_auto_mapping_msgs/msg/detail/map_primitive__builder.hpp
[18.825s] -- Installing: /media/william/blueicedrive/Github/AutowareUniverse-Carla/install/autoware_auto_mapping_msgs/include/autoware_auto_mapping_msgs/autoware_auto_mapping_msgs/msg/detail/map_primitive__struct.hpp
[18.838s] -- Installing: /media/william/blueicedrive/Github/AutowareUniverse-Carla/install/autoware_auto_mapping_msgs/include/autoware_auto_mapping_msgs/autoware_auto_mapping_msgs/msg/detail/map_primitive__traits.hpp
[18.844s] -- Installing: /media/william/blueicedrive/Github/AutowareUniverse-Carla/install/autoware_auto_mapping_msgs/include/autoware_auto_mapping_msgs/autoware_auto_mapping_msgs/msg/had_map_bin.hpp
[18.888s] -- Installing: /media/william/blueicedrive/Github/AutowareUniverse-Carla/install/autoware_auto_mapping_msgs/include/autoware_auto_mapping_msgs/autoware_auto_mapping_msgs/msg/had_map_segment.hpp
[18.913s] -- Installing: /media/william/blueicedrive/Github/AutowareUniverse-Carla/install/autoware_auto_mapping_msgs/include/autoware_auto_mapping_msgs/autoware_auto_mapping_msgs/msg/map_primitive.hpp
[19.012s] -- Up-to-date: /media/william/blueicedrive/Github/AutowareUniverse-Carla/install/autoware_auto_mapping_msgs/include/autoware_auto_mapping_msgs/autoware_auto_mapping_msgs/srv
[19.087s] -- Up-to-date: /media/william/blueicedrive/Github/AutowareUniverse-Carla/install/autoware_auto_mapping_msgs/include/autoware_auto_mapping_msgs/autoware_auto_mapping_msgs/srv/detail
[19.093s] -- Installing: /media/william/blueicedrive/Github/AutowareUniverse-Carla/install/autoware_auto_mapping_msgs/include/autoware_auto_mapping_msgs/autoware_auto_mapping_msgs/srv/detail/had_map_service__builder.hpp
[19.140s] -- Installing: /media/william/blueicedrive/Github/AutowareUniverse-Carla/install/autoware_auto_mapping_msgs/include/autoware_auto_mapping_msgs/autoware_auto_mapping_msgs/srv/detail/had_map_service__struct.hpp
[19.148s] -- Installing: /media/william/blueicedrive/Github/AutowareUniverse-Carla/install/autoware_auto_mapping_msgs/include/autoware_auto_mapping_msgs/autoware_auto_mapping_msgs/srv/detail/had_map_service__traits.hpp
[19.152s] -- Installing: /media/william/blueicedrive/Github/AutowareUniverse-Carla/install/autoware_auto_mapping_msgs/include/autoware_auto_mapping_msgs/autoware_auto_mapping_msgs/srv/had_map_service.hpp
[19.154s] -- Up-to-date: /media/william/blueicedrive/Github/AutowareUniverse-Carla/install/autoware_auto_mapping_msgs/include/autoware_auto_mapping_msgs/autoware_auto_mapping_msgs
[19.155s] -- Up-to-date: /media/william/blueicedrive/Github/AutowareUniverse-Carla/install/autoware_auto_mapping_msgs/include/autoware_auto_mapping_msgs/autoware_auto_mapping_msgs/msg
[19.156s] -- Up-to-date: /media/william/blueicedrive/Github/AutowareUniverse-Carla/install/autoware_auto_mapping_msgs/include/autoware_auto_mapping_msgs/autoware_auto_mapping_msgs/msg/detail
[19.157s] -- Installing: /media/william/blueicedrive/Github/AutowareUniverse-Carla/install/autoware_auto_mapping_msgs/include/autoware_auto_mapping_msgs/autoware_auto_mapping_msgs/msg/detail/dds_fastrtps
[19.158s] -- Installing: /media/william/blueicedrive/Github/AutowareUniverse-Carla/install/autoware_auto_mapping_msgs/include/autoware_auto_mapping_msgs/autoware_auto_mapping_msgs/msg/detail/had_map_bin__rosidl_typesupport_fastrtps_cpp.hpp
[19.161s] -- Installing: /media/william/blueicedrive/Github/AutowareUniverse-Carla/install/autoware_auto_mapping_msgs/include/autoware_auto_mapping_msgs/autoware_auto_mapping_msgs/msg/detail/had_map_segment__rosidl_typesupport_fastrtps_cpp.hpp
[19.164s] -- Installing: /media/william/blueicedrive/Github/AutowareUniverse-Carla/install/autoware_auto_mapping_msgs/include/autoware_auto_mapping_msgs/autoware_auto_mapping_msgs/msg/detail/map_primitive__rosidl_typesupport_fastrtps_cpp.hpp
[19.166s] -- Installing: /media/william/blueicedrive/Github/AutowareUniverse-Carla/install/autoware_auto_mapping_msgs/include/autoware_auto_mapping_msgs/autoware_auto_mapping_msgs/msg/rosidl_typesupport_fastrtps_cpp__visibility_control.h
[19.170s] -- Up-to-date: /media/william/blueicedrive/Github/AutowareUniverse-Carla/install/autoware_auto_mapping_msgs/include/autoware_auto_mapping_msgs/autoware_auto_mapping_msgs/srv
[19.171s] -- Up-to-date: /media/william/blueicedrive/Github/AutowareUniverse-Carla/install/autoware_auto_mapping_msgs/include/autoware_auto_mapping_msgs/autoware_auto_mapping_msgs/srv/detail
[19.172s] -- Installing: /media/william/blueicedrive/Github/AutowareUniverse-Carla/install/autoware_auto_mapping_msgs/include/autoware_auto_mapping_msgs/autoware_auto_mapping_msgs/srv/detail/dds_fastrtps
[19.174s] -- Installing: /media/william/blueicedrive/Github/AutowareUniverse-Carla/install/autoware_auto_mapping_msgs/include/autoware_auto_mapping_msgs/autoware_auto_mapping_msgs/srv/detail/had_map_service__rosidl_typesupport_fastrtps_cpp.hpp
[19.178s] -- Installing: /media/william/blueicedrive/Github/AutowareUniverse-Carla/install/autoware_auto_mapping_msgs/lib/libautoware_auto_mapping_msgs__rosidl_typesupport_fastrtps_cpp.so
[19.181s] -- Set runtime path of "/media/william/blueicedrive/Github/AutowareUniverse-Carla/install/autoware_auto_mapping_msgs/lib/libautoware_auto_mapping_msgs__rosidl_typesupport_fastrtps_cpp.so" to ""
[19.181s] -- Up-to-date: /media/william/blueicedrive/Github/AutowareUniverse-Carla/install/autoware_auto_mapping_msgs/include/autoware_auto_mapping_msgs/autoware_auto_mapping_msgs
[19.182s] -- Up-to-date: /media/william/blueicedrive/Github/AutowareUniverse-Carla/install/autoware_auto_mapping_msgs/include/autoware_auto_mapping_msgs/autoware_auto_mapping_msgs/msg
[19.183s] -- Up-to-date: /media/william/blueicedrive/Github/AutowareUniverse-Carla/install/autoware_auto_mapping_msgs/include/autoware_auto_mapping_msgs/autoware_auto_mapping_msgs/msg/detail
[19.184s] -- Installing: /media/william/blueicedrive/Github/AutowareUniverse-Carla/install/autoware_auto_mapping_msgs/include/autoware_auto_mapping_msgs/autoware_auto_mapping_msgs/msg/detail/had_map_bin__rosidl_typesupport_introspection_cpp.hpp
[19.187s] -- Installing: /media/william/blueicedrive/Github/AutowareUniverse-Carla/install/autoware_auto_mapping_msgs/include/autoware_auto_mapping_msgs/autoware_auto_mapping_msgs/msg/detail/had_map_bin__type_support.cpp
[19.190s] -- Installing: /media/william/blueicedrive/Github/AutowareUniverse-Carla/install/autoware_auto_mapping_msgs/include/autoware_auto_mapping_msgs/autoware_auto_mapping_msgs/msg/detail/had_map_segment__rosidl_typesupport_introspection_cpp.hpp
[19.193s] -- Installing: /media/william/blueicedrive/Github/AutowareUniverse-Carla/install/autoware_auto_mapping_msgs/include/autoware_auto_mapping_msgs/autoware_auto_mapping_msgs/msg/detail/had_map_segment__type_support.cpp
[19.197s] -- Installing: /media/william/blueicedrive/Github/AutowareUniverse-Carla/install/autoware_auto_mapping_msgs/include/autoware_auto_mapping_msgs/autoware_auto_mapping_msgs/msg/detail/map_primitive__rosidl_typesupport_introspection_cpp.hpp
[19.199s] -- Installing: /media/william/blueicedrive/Github/AutowareUniverse-Carla/install/autoware_auto_mapping_msgs/include/autoware_auto_mapping_msgs/autoware_auto_mapping_msgs/msg/detail/map_primitive__type_support.cpp
[19.202s] -- Up-to-date: /media/william/blueicedrive/Github/AutowareUniverse-Carla/install/autoware_auto_mapping_msgs/include/autoware_auto_mapping_msgs/autoware_auto_mapping_msgs/srv
[19.203s] -- Up-to-date: /media/william/blueicedrive/Github/AutowareUniverse-Carla/install/autoware_auto_mapping_msgs/include/autoware_auto_mapping_msgs/autoware_auto_mapping_msgs/srv/detail
[19.204s] -- Installing: /media/william/blueicedrive/Github/AutowareUniverse-Carla/install/autoware_auto_mapping_msgs/include/autoware_auto_mapping_msgs/autoware_auto_mapping_msgs/srv/detail/had_map_service__rosidl_typesupport_introspection_cpp.hpp
[19.207s] -- Installing: /media/william/blueicedrive/Github/AutowareUniverse-Carla/install/autoware_auto_mapping_msgs/include/autoware_auto_mapping_msgs/autoware_auto_mapping_msgs/srv/detail/had_map_service__type_support.cpp
[19.210s] -- Installing: /media/william/blueicedrive/Github/AutowareUniverse-Carla/install/autoware_auto_mapping_msgs/lib/libautoware_auto_mapping_msgs__rosidl_typesupport_introspection_cpp.so
[19.213s] -- Set runtime path of "/media/william/blueicedrive/Github/AutowareUniverse-Carla/install/autoware_auto_mapping_msgs/lib/libautoware_auto_mapping_msgs__rosidl_typesupport_introspection_cpp.so" to ""
[19.214s] -- Installing: /media/william/blueicedrive/Github/AutowareUniverse-Carla/install/autoware_auto_mapping_msgs/lib/libautoware_auto_mapping_msgs__rosidl_typesupport_cpp.so
[19.216s] -- Set runtime path of "/media/william/blueicedrive/Github/AutowareUniverse-Carla/install/autoware_auto_mapping_msgs/lib/libautoware_auto_mapping_msgs__rosidl_typesupport_cpp.so" to ""
[19.217s] -- Installing: /media/william/blueicedrive/Github/AutowareUniverse-Carla/install/autoware_auto_mapping_msgs/share/autoware_auto_mapping_msgs/environment/pythonpath.sh
[19.219s] -- Installing: /media/william/blueicedrive/Github/AutowareUniverse-Carla/install/autoware_auto_mapping_msgs/share/autoware_auto_mapping_msgs/environment/pythonpath.dsv
[19.221s] -- Installing: /media/william/blueicedrive/Github/AutowareUniverse-Carla/install/autoware_auto_mapping_msgs/local/lib/python3.10/dist-packages/autoware_auto_mapping_msgs-1.0.0-py3.10.egg-info
[19.223s] -- Installing: /media/william/blueicedrive/Github/AutowareUniverse-Carla/install/autoware_auto_mapping_msgs/local/lib/python3.10/dist-packages/autoware_auto_mapping_msgs-1.0.0-py3.10.egg-info/dependency_links.txt
[19.236s] -- Installing: /media/william/blueicedrive/Github/AutowareUniverse-Carla/install/autoware_auto_mapping_msgs/local/lib/python3.10/dist-packages/autoware_auto_mapping_msgs-1.0.0-py3.10.egg-info/PKG-INFO
[19.237s] -- Installing: /media/william/blueicedrive/Github/AutowareUniverse-Carla/install/autoware_auto_mapping_msgs/local/lib/python3.10/dist-packages/autoware_auto_mapping_msgs-1.0.0-py3.10.egg-info/SOURCES.txt
[19.240s] -- Installing: /media/william/blueicedrive/Github/AutowareUniverse-Carla/install/autoware_auto_mapping_msgs/local/lib/python3.10/dist-packages/autoware_auto_mapping_msgs-1.0.0-py3.10.egg-info/top_level.txt
[19.242s] -- Installing: /media/william/blueicedrive/Github/AutowareUniverse-Carla/install/autoware_auto_mapping_msgs/local/lib/python3.10/dist-packages/autoware_auto_mapping_msgs
[19.244s] -- Installing: /media/william/blueicedrive/Github/AutowareUniverse-Carla/install/autoware_auto_mapping_msgs/local/lib/python3.10/dist-packages/autoware_auto_mapping_msgs/autoware_auto_mapping_msgs_s__rosidl_typesupport_c.cpython-310-x86_64-linux-gnu.so
[19.257s] -- Installing: /media/william/blueicedrive/Github/AutowareUniverse-Carla/install/autoware_auto_mapping_msgs/local/lib/python3.10/dist-packages/autoware_auto_mapping_msgs/autoware_auto_mapping_msgs_s__rosidl_typesupport_fastrtps_c.cpython-310-x86_64-linux-gnu.so
[19.261s] -- Installing: /media/william/blueicedrive/Github/AutowareUniverse-Carla/install/autoware_auto_mapping_msgs/local/lib/python3.10/dist-packages/autoware_auto_mapping_msgs/autoware_auto_mapping_msgs_s__rosidl_typesupport_introspection_c.cpython-310-x86_64-linux-gnu.so
[19.265s] -- Installing: /media/william/blueicedrive/Github/AutowareUniverse-Carla/install/autoware_auto_mapping_msgs/local/lib/python3.10/dist-packages/autoware_auto_mapping_msgs/libautoware_auto_mapping_msgs__rosidl_generator_py.so
[19.268s] -- Installing: /media/william/blueicedrive/Github/AutowareUniverse-Carla/install/autoware_auto_mapping_msgs/local/lib/python3.10/dist-packages/autoware_auto_mapping_msgs/msg
[19.270s] -- Installing: /media/william/blueicedrive/Github/AutowareUniverse-Carla/install/autoware_auto_mapping_msgs/local/lib/python3.10/dist-packages/autoware_auto_mapping_msgs/msg/_had_map_bin.py
[19.278s] -- Installing: /media/william/blueicedrive/Github/AutowareUniverse-Carla/install/autoware_auto_mapping_msgs/local/lib/python3.10/dist-packages/autoware_auto_mapping_msgs/msg/_had_map_bin_s.c
[19.281s] -- Installing: /media/william/blueicedrive/Github/AutowareUniverse-Carla/install/autoware_auto_mapping_msgs/local/lib/python3.10/dist-packages/autoware_auto_mapping_msgs/msg/_had_map_segment.py
[19.285s] -- Installing: /media/william/blueicedrive/Github/AutowareUniverse-Carla/install/autoware_auto_mapping_msgs/local/lib/python3.10/dist-packages/autoware_auto_mapping_msgs/msg/_had_map_segment_s.c
[19.289s] -- Installing: /media/william/blueicedrive/Github/AutowareUniverse-Carla/install/autoware_auto_mapping_msgs/local/lib/python3.10/dist-packages/autoware_auto_mapping_msgs/msg/_map_primitive.py
[19.293s] -- Installing: /media/william/blueicedrive/Github/AutowareUniverse-Carla/install/autoware_auto_mapping_msgs/local/lib/python3.10/dist-packages/autoware_auto_mapping_msgs/msg/_map_primitive_s.c
[19.296s] -- Installing: /media/william/blueicedrive/Github/AutowareUniverse-Carla/install/autoware_auto_mapping_msgs/local/lib/python3.10/dist-packages/autoware_auto_mapping_msgs/msg/__init__.py
[19.299s] -- Installing: /media/william/blueicedrive/Github/AutowareUniverse-Carla/install/autoware_auto_mapping_msgs/local/lib/python3.10/dist-packages/autoware_auto_mapping_msgs/srv
[19.301s] -- Installing: /media/william/blueicedrive/Github/AutowareUniverse-Carla/install/autoware_auto_mapping_msgs/local/lib/python3.10/dist-packages/autoware_auto_mapping_msgs/srv/_had_map_service.py
[19.305s] -- Installing: /media/william/blueicedrive/Github/AutowareUniverse-Carla/install/autoware_auto_mapping_msgs/local/lib/python3.10/dist-packages/autoware_auto_mapping_msgs/srv/_had_map_service_s.c
[19.309s] -- Installing: /media/william/blueicedrive/Github/AutowareUniverse-Carla/install/autoware_auto_mapping_msgs/local/lib/python3.10/dist-packages/autoware_auto_mapping_msgs/srv/__init__.py
[19.313s] -- Installing: /media/william/blueicedrive/Github/AutowareUniverse-Carla/install/autoware_auto_mapping_msgs/local/lib/python3.10/dist-packages/autoware_auto_mapping_msgs/_autoware_auto_mapping_msgs_s.ep.rosidl_typesupport_c.c
[19.316s] -- Installing: /media/william/blueicedrive/Github/AutowareUniverse-Carla/install/autoware_auto_mapping_msgs/local/lib/python3.10/dist-packages/autoware_auto_mapping_msgs/_autoware_auto_mapping_msgs_s.ep.rosidl_typesupport_fastrtps_c.c
[19.320s] -- Installing: /media/william/blueicedrive/Github/AutowareUniverse-Carla/install/autoware_auto_mapping_msgs/local/lib/python3.10/dist-packages/autoware_auto_mapping_msgs/_autoware_auto_mapping_msgs_s.ep.rosidl_typesupport_introspection_c.c
[19.324s] -- Installing: /media/william/blueicedrive/Github/AutowareUniverse-Carla/install/autoware_auto_mapping_msgs/local/lib/python3.10/dist-packages/autoware_auto_mapping_msgs/__init__.py
[19.429s] Listing '/media/william/blueicedrive/Github/AutowareUniverse-Carla/install/autoware_auto_mapping_msgs/local/lib/python3.10/dist-packages/autoware_auto_mapping_msgs'...
[19.429s] Compiling '/media/william/blueicedrive/Github/AutowareUniverse-Carla/install/autoware_auto_mapping_msgs/local/lib/python3.10/dist-packages/autoware_auto_mapping_msgs/__init__.py'...
[19.430s] Listing '/media/william/blueicedrive/Github/AutowareUniverse-Carla/install/autoware_auto_mapping_msgs/local/lib/python3.10/dist-packages/autoware_auto_mapping_msgs/msg'...
[19.430s] Compiling '/media/william/blueicedrive/Github/AutowareUniverse-Carla/install/autoware_auto_mapping_msgs/local/lib/python3.10/dist-packages/autoware_auto_mapping_msgs/msg/__init__.py'...
[19.430s] Compiling '/media/william/blueicedrive/Github/AutowareUniverse-Carla/install/autoware_auto_mapping_msgs/local/lib/python3.10/dist-packages/autoware_auto_mapping_msgs/msg/_had_map_bin.py'...
[19.430s] Compiling '/media/william/blueicedrive/Github/AutowareUniverse-Carla/install/autoware_auto_mapping_msgs/local/lib/python3.10/dist-packages/autoware_auto_mapping_msgs/msg/_had_map_segment.py'...
[19.430s] Compiling '/media/william/blueicedrive/Github/AutowareUniverse-Carla/install/autoware_auto_mapping_msgs/local/lib/python3.10/dist-packages/autoware_auto_mapping_msgs/msg/_map_primitive.py'...
[19.430s] Listing '/media/william/blueicedrive/Github/AutowareUniverse-Carla/install/autoware_auto_mapping_msgs/local/lib/python3.10/dist-packages/autoware_auto_mapping_msgs/srv'...
[19.431s] Compiling '/media/william/blueicedrive/Github/AutowareUniverse-Carla/install/autoware_auto_mapping_msgs/local/lib/python3.10/dist-packages/autoware_auto_mapping_msgs/srv/__init__.py'...
[19.431s] Compiling '/media/william/blueicedrive/Github/AutowareUniverse-Carla/install/autoware_auto_mapping_msgs/local/lib/python3.10/dist-packages/autoware_auto_mapping_msgs/srv/_had_map_service.py'...
[19.434s] -- Installing: /media/william/blueicedrive/Github/AutowareUniverse-Carla/install/autoware_auto_mapping_msgs/local/lib/python3.10/dist-packages/autoware_auto_mapping_msgs/autoware_auto_mapping_msgs_s__rosidl_typesupport_fastrtps_c.cpython-310-x86_64-linux-gnu.so
[19.439s] -- Set runtime path of "/media/william/blueicedrive/Github/AutowareUniverse-Carla/install/autoware_auto_mapping_msgs/local/lib/python3.10/dist-packages/autoware_auto_mapping_msgs/autoware_auto_mapping_msgs_s__rosidl_typesupport_fastrtps_c.cpython-310-x86_64-linux-gnu.so" to ""
[19.442s] -- Installing: /media/william/blueicedrive/Github/AutowareUniverse-Carla/install/autoware_auto_mapping_msgs/local/lib/python3.10/dist-packages/autoware_auto_mapping_msgs/autoware_auto_mapping_msgs_s__rosidl_typesupport_introspection_c.cpython-310-x86_64-linux-gnu.so
[19.446s] -- Set runtime path of "/media/william/blueicedrive/Github/AutowareUniverse-Carla/install/autoware_auto_mapping_msgs/local/lib/python3.10/dist-packages/autoware_auto_mapping_msgs/autoware_auto_mapping_msgs_s__rosidl_typesupport_introspection_c.cpython-310-x86_64-linux-gnu.so" to ""
[19.449s] -- Installing: /media/william/blueicedrive/Github/AutowareUniverse-Carla/install/autoware_auto_mapping_msgs/local/lib/python3.10/dist-packages/autoware_auto_mapping_msgs/autoware_auto_mapping_msgs_s__rosidl_typesupport_c.cpython-310-x86_64-linux-gnu.so
[19.454s] -- Set runtime path of "/media/william/blueicedrive/Github/AutowareUniverse-Carla/install/autoware_auto_mapping_msgs/local/lib/python3.10/dist-packages/autoware_auto_mapping_msgs/autoware_auto_mapping_msgs_s__rosidl_typesupport_c.cpython-310-x86_64-linux-gnu.so" to ""
[19.455s] -- Installing: /media/william/blueicedrive/Github/AutowareUniverse-Carla/install/autoware_auto_mapping_msgs/lib/libautoware_auto_mapping_msgs__rosidl_generator_py.so
[19.459s] -- Set runtime path of "/media/william/blueicedrive/Github/AutowareUniverse-Carla/install/autoware_auto_mapping_msgs/lib/libautoware_auto_mapping_msgs__rosidl_generator_py.so" to ""
[19.460s] -- Installing: /media/william/blueicedrive/Github/AutowareUniverse-Carla/install/autoware_auto_mapping_msgs/share/autoware_auto_mapping_msgs/msg/HADMapBin.idl
[19.463s] -- Installing: /media/william/blueicedrive/Github/AutowareUniverse-Carla/install/autoware_auto_mapping_msgs/share/autoware_auto_mapping_msgs/msg/HADMapSegment.idl
[19.465s] -- Installing: /media/william/blueicedrive/Github/AutowareUniverse-Carla/install/autoware_auto_mapping_msgs/share/autoware_auto_mapping_msgs/msg/MapPrimitive.idl
[19.468s] -- Installing: /media/william/blueicedrive/Github/AutowareUniverse-Carla/install/autoware_auto_mapping_msgs/share/autoware_auto_mapping_msgs/srv/HADMapService.idl
[19.471s] -- Installing: /media/william/blueicedrive/Github/AutowareUniverse-Carla/install/autoware_auto_mapping_msgs/share/ament_index/resource_index/package_run_dependencies/autoware_auto_mapping_msgs
[19.474s] -- Installing: /media/william/blueicedrive/Github/AutowareUniverse-Carla/install/autoware_auto_mapping_msgs/share/ament_index/resource_index/parent_prefix_path/autoware_auto_mapping_msgs
[19.477s] -- Installing: /media/william/blueicedrive/Github/AutowareUniverse-Carla/install/autoware_auto_mapping_msgs/share/autoware_auto_mapping_msgs/environment/ament_prefix_path.sh
[19.479s] -- Installing: /media/william/blueicedrive/Github/AutowareUniverse-Carla/install/autoware_auto_mapping_msgs/share/autoware_auto_mapping_msgs/environment/ament_prefix_path.dsv
[19.481s] -- Installing: /media/william/blueicedrive/Github/AutowareUniverse-Carla/install/autoware_auto_mapping_msgs/share/autoware_auto_mapping_msgs/environment/path.sh
[19.483s] -- Installing: /media/william/blueicedrive/Github/AutowareUniverse-Carla/install/autoware_auto_mapping_msgs/share/autoware_auto_mapping_msgs/environment/path.dsv
[19.485s] -- Installing: /media/william/blueicedrive/Github/AutowareUniverse-Carla/install/autoware_auto_mapping_msgs/share/autoware_auto_mapping_msgs/local_setup.bash
[19.487s] -- Installing: /media/william/blueicedrive/Github/AutowareUniverse-Carla/install/autoware_auto_mapping_msgs/share/autoware_auto_mapping_msgs/local_setup.sh
[19.490s] -- Installing: /media/william/blueicedrive/Github/AutowareUniverse-Carla/install/autoware_auto_mapping_msgs/share/autoware_auto_mapping_msgs/local_setup.zsh
[19.492s] -- Installing: /media/william/blueicedrive/Github/AutowareUniverse-Carla/install/autoware_auto_mapping_msgs/share/autoware_auto_mapping_msgs/local_setup.dsv
[19.494s] -- Installing: /media/william/blueicedrive/Github/AutowareUniverse-Carla/install/autoware_auto_mapping_msgs/share/autoware_auto_mapping_msgs/package.dsv
[19.496s] -- Installing: /media/william/blueicedrive/Github/AutowareUniverse-Carla/install/autoware_auto_mapping_msgs/share/ament_index/resource_index/packages/autoware_auto_mapping_msgs
[19.499s] -- Installing: /media/william/blueicedrive/Github/AutowareUniverse-Carla/install/autoware_auto_mapping_msgs/share/autoware_auto_mapping_msgs/cmake/export_autoware_auto_mapping_msgs__rosidl_generator_cExport.cmake
[19.501s] -- Installing: /media/william/blueicedrive/Github/AutowareUniverse-Carla/install/autoware_auto_mapping_msgs/share/autoware_auto_mapping_msgs/cmake/export_autoware_auto_mapping_msgs__rosidl_generator_cExport-noconfig.cmake
[19.504s] -- Installing: /media/william/blueicedrive/Github/AutowareUniverse-Carla/install/autoware_auto_mapping_msgs/share/autoware_auto_mapping_msgs/cmake/export_autoware_auto_mapping_msgs__rosidl_typesupport_fastrtps_cExport.cmake
[19.507s] -- Installing: /media/william/blueicedrive/Github/AutowareUniverse-Carla/install/autoware_auto_mapping_msgs/share/autoware_auto_mapping_msgs/cmake/export_autoware_auto_mapping_msgs__rosidl_typesupport_fastrtps_cExport-noconfig.cmake
[19.540s] -- Installing: /media/william/blueicedrive/Github/AutowareUniverse-Carla/install/autoware_auto_mapping_msgs/share/autoware_auto_mapping_msgs/cmake/autoware_auto_mapping_msgs__rosidl_typesupport_introspection_cExport.cmake
[19.543s] -- Installing: /media/william/blueicedrive/Github/AutowareUniverse-Carla/install/autoware_auto_mapping_msgs/share/autoware_auto_mapping_msgs/cmake/autoware_auto_mapping_msgs__rosidl_typesupport_introspection_cExport-noconfig.cmake
[19.559s] -- Installing: /media/william/blueicedrive/Github/AutowareUniverse-Carla/install/autoware_auto_mapping_msgs/share/autoware_auto_mapping_msgs/cmake/autoware_auto_mapping_msgs__rosidl_typesupport_cExport.cmake
[19.562s] -- Installing: /media/william/blueicedrive/Github/AutowareUniverse-Carla/install/autoware_auto_mapping_msgs/share/autoware_auto_mapping_msgs/cmake/autoware_auto_mapping_msgs__rosidl_typesupport_cExport-noconfig.cmake
[19.564s] -- Installing: /media/william/blueicedrive/Github/AutowareUniverse-Carla/install/autoware_auto_mapping_msgs/share/autoware_auto_mapping_msgs/cmake/export_autoware_auto_mapping_msgs__rosidl_generator_cppExport.cmake
[19.572s] -- Installing: /media/william/blueicedrive/Github/AutowareUniverse-Carla/install/autoware_auto_mapping_msgs/share/autoware_auto_mapping_msgs/cmake/export_autoware_auto_mapping_msgs__rosidl_typesupport_fastrtps_cppExport.cmake
[19.598s] -- Installing: /media/william/blueicedrive/Github/AutowareUniverse-Carla/install/autoware_auto_mapping_msgs/share/autoware_auto_mapping_msgs/cmake/export_autoware_auto_mapping_msgs__rosidl_typesupport_fastrtps_cppExport-noconfig.cmake
[19.601s] -- Installing: /media/william/blueicedrive/Github/AutowareUniverse-Carla/install/autoware_auto_mapping_msgs/share/autoware_auto_mapping_msgs/cmake/autoware_auto_mapping_msgs__rosidl_typesupport_introspection_cppExport.cmake
[19.604s] -- Installing: /media/william/blueicedrive/Github/AutowareUniverse-Carla/install/autoware_auto_mapping_msgs/share/autoware_auto_mapping_msgs/cmake/autoware_auto_mapping_msgs__rosidl_typesupport_introspection_cppExport-noconfig.cmake
[19.606s] -- Installing: /media/william/blueicedrive/Github/AutowareUniverse-Carla/install/autoware_auto_mapping_msgs/share/autoware_auto_mapping_msgs/cmake/autoware_auto_mapping_msgs__rosidl_typesupport_cppExport.cmake
[19.609s] -- Installing: /media/william/blueicedrive/Github/AutowareUniverse-Carla/install/autoware_auto_mapping_msgs/share/autoware_auto_mapping_msgs/cmake/autoware_auto_mapping_msgs__rosidl_typesupport_cppExport-noconfig.cmake
[19.613s] -- Installing: /media/william/blueicedrive/Github/AutowareUniverse-Carla/install/autoware_auto_mapping_msgs/share/autoware_auto_mapping_msgs/cmake/export_autoware_auto_mapping_msgs__rosidl_generator_pyExport.cmake
[19.617s] -- Installing: /media/william/blueicedrive/Github/AutowareUniverse-Carla/install/autoware_auto_mapping_msgs/share/autoware_auto_mapping_msgs/cmake/export_autoware_auto_mapping_msgs__rosidl_generator_pyExport-noconfig.cmake
[19.635s] -- Installing: /media/william/blueicedrive/Github/AutowareUniverse-Carla/install/autoware_auto_mapping_msgs/share/autoware_auto_mapping_msgs/cmake/rosidl_cmake-extras.cmake
[19.638s] -- Installing: /media/william/blueicedrive/Github/AutowareUniverse-Carla/install/autoware_auto_mapping_msgs/share/autoware_auto_mapping_msgs/cmake/ament_cmake_export_dependencies-extras.cmake
[19.640s] -- Installing: /media/william/blueicedrive/Github/AutowareUniverse-Carla/install/autoware_auto_mapping_msgs/share/autoware_auto_mapping_msgs/cmake/ament_cmake_export_include_directories-extras.cmake
[19.643s] -- Installing: /media/william/blueicedrive/Github/AutowareUniverse-Carla/install/autoware_auto_mapping_msgs/share/autoware_auto_mapping_msgs/cmake/ament_cmake_export_libraries-extras.cmake
[19.645s] -- Installing: /media/william/blueicedrive/Github/AutowareUniverse-Carla/install/autoware_auto_mapping_msgs/share/autoware_auto_mapping_msgs/cmake/ament_cmake_export_targets-extras.cmake
[19.648s] -- Installing: /media/william/blueicedrive/Github/AutowareUniverse-Carla/install/autoware_auto_mapping_msgs/share/autoware_auto_mapping_msgs/cmake/rosidl_cmake_export_typesupport_targets-extras.cmake
[19.650s] -- Installing: /media/william/blueicedrive/Github/AutowareUniverse-Carla/install/autoware_auto_mapping_msgs/share/autoware_auto_mapping_msgs/cmake/rosidl_cmake_export_typesupport_libraries-extras.cmake
[19.652s] -- Installing: /media/william/blueicedrive/Github/AutowareUniverse-Carla/install/autoware_auto_mapping_msgs/share/autoware_auto_mapping_msgs/cmake/autoware_auto_mapping_msgsConfig.cmake
[19.655s] -- Installing: /media/william/blueicedrive/Github/AutowareUniverse-Carla/install/autoware_auto_mapping_msgs/share/autoware_auto_mapping_msgs/cmake/autoware_auto_mapping_msgsConfig-version.cmake
[19.657s] -- Installing: /media/william/blueicedrive/Github/AutowareUniverse-Carla/install/autoware_auto_mapping_msgs/share/autoware_auto_mapping_msgs/package.xml
[19.661s] Invoked command in '/media/william/blueicedrive/Github/AutowareUniverse-Carla/build/autoware_auto_mapping_msgs' returned '0': CMAKE_PREFIX_PATH=${CMAKE_PREFIX_PATH}:/media/william/blueicedrive/Github/AutowareUniverse-Carla/install/vehicle:/opt/ros/humble /usr/bin/cmake --install /media/william/blueicedrive/Github/AutowareUniverse-Carla/build/autoware_auto_mapping_msgs
