[0.865s] Invoking command in '/home/carla/Documents/GitHub/C-V2X-Autoware-Carla/build/vehicle': PYTHONPATH=/home/carla/Documents/GitHub/C-V2X-Autoware-Carla/install/vehicle/lib/python3.8/site-packages:${PYTHONPATH} /usr/bin/python3 setup.py develop --prefix /home/carla/Documents/GitHub/C-V2X-Autoware-Carla/install/vehicle --uninstall --editable --build-directory /home/carla/Documents/GitHub/C-V2X-Autoware-Carla/build/vehicle/build
[1.086s] running develop
[1.086s] /home/carla/.local/lib/python3.8/site-packages/setuptools/command/easy_install.py:144: EasyInstallDeprecationWarning: easy_install command is deprecated. Use build and pip and other standards-based tools.
[1.086s]   warnings.warn(
[1.108s] /home/carla/.local/lib/python3.8/site-packages/setuptools/command/install.py:34: SetuptoolsDeprecationWarning: setup.py install is deprecated. Use build and pip and other standards-based tools.
[1.108s]   warnings.warn(
[1.158s] /home/carla/.local/lib/python3.8/site-packages/pkg_resources/__init__.py:123: PkgResourcesDeprecationWarning: 0.1.36ubuntu1 is an invalid version and will not be supported in a future release
[1.158s]   warnings.warn(
[1.158s] /home/carla/.local/lib/python3.8/site-packages/pkg_resources/__init__.py:123: PkgResourcesDeprecationWarning: 0.23ubuntu1 is an invalid version and will not be supported in a future release
[1.159s]   warnings.warn(
[1.208s] Removing /home/carla/Documents/GitHub/C-V2X-Autoware-Carla/install/vehicle/lib/python3.8/site-packages/vehicle.egg-link (link to .)
[1.240s] Invoked command in '/home/carla/Documents/GitHub/C-V2X-Autoware-Carla/build/vehicle' returned '0': PYTHONPATH=/home/carla/Documents/GitHub/C-V2X-Autoware-Carla/install/vehicle/lib/python3.8/site-packages:${PYTHONPATH} /usr/bin/python3 setup.py develop --prefix /home/carla/Documents/GitHub/C-V2X-Autoware-Carla/install/vehicle --uninstall --editable --build-directory /home/carla/Documents/GitHub/C-V2X-Autoware-Carla/build/vehicle/build
[1.241s] Invoking command in '/home/carla/Documents/GitHub/C-V2X-Autoware-Carla/src/vehicle': PYTHONPATH=/home/carla/Documents/GitHub/C-V2X-Autoware-Carla/install/vehicle/lib/python3.8/site-packages:${PYTHONPATH} /usr/bin/python3 setup.py egg_info --egg-base ../../build/vehicle build --build-base /home/carla/Documents/GitHub/C-V2X-Autoware-Carla/build/vehicle/build install --prefix /home/carla/Documents/GitHub/C-V2X-Autoware-Carla/install/vehicle --record /home/carla/Documents/GitHub/C-V2X-Autoware-Carla/build/vehicle/install.log --single-version-externally-managed
[1.437s] running egg_info
[1.443s] writing ../../build/vehicle/vehicle.egg-info/PKG-INFO
[1.443s] writing dependency_links to ../../build/vehicle/vehicle.egg-info/dependency_links.txt
[1.444s] writing entry points to ../../build/vehicle/vehicle.egg-info/entry_points.txt
[1.444s] writing requirements to ../../build/vehicle/vehicle.egg-info/requires.txt
[1.444s] writing top-level names to ../../build/vehicle/vehicle.egg-info/top_level.txt
[1.463s] reading manifest file '../../build/vehicle/vehicle.egg-info/SOURCES.txt'
[1.463s] writing manifest file '../../build/vehicle/vehicle.egg-info/SOURCES.txt'
[1.463s] running build
[1.463s] running build_py
[1.464s] creating /home/carla/Documents/GitHub/C-V2X-Autoware-Carla/build/vehicle/build
[1.464s] creating /home/carla/Documents/GitHub/C-V2X-Autoware-Carla/build/vehicle/build/lib
[1.464s] creating /home/carla/Documents/GitHub/C-V2X-Autoware-Carla/build/vehicle/build/lib/vehicle
[1.464s] copying vehicle/__init__.py -> /home/carla/Documents/GitHub/C-V2X-Autoware-Carla/build/vehicle/build/lib/vehicle
[1.464s] copying vehicle/default_vehicle.py -> /home/carla/Documents/GitHub/C-V2X-Autoware-Carla/build/vehicle/build/lib/vehicle
[1.464s] running install
[1.464s] /home/carla/.local/lib/python3.8/site-packages/setuptools/command/install.py:34: SetuptoolsDeprecationWarning: setup.py install is deprecated. Use build and pip and other standards-based tools.
[1.464s]   warnings.warn(
[1.467s] running install_lib
[1.479s] creating /home/carla/Documents/GitHub/C-V2X-Autoware-Carla/install/vehicle/lib/python3.8/site-packages/vehicle
[1.480s] copying /home/carla/Documents/GitHub/C-V2X-Autoware-Carla/build/vehicle/build/lib/vehicle/__init__.py -> /home/carla/Documents/GitHub/C-V2X-Autoware-Carla/install/vehicle/lib/python3.8/site-packages/vehicle
[1.480s] copying /home/carla/Documents/GitHub/C-V2X-Autoware-Carla/build/vehicle/build/lib/vehicle/default_vehicle.py -> /home/carla/Documents/GitHub/C-V2X-Autoware-Carla/install/vehicle/lib/python3.8/site-packages/vehicle
[1.480s] byte-compiling /home/carla/Documents/GitHub/C-V2X-Autoware-Carla/install/vehicle/lib/python3.8/site-packages/vehicle/__init__.py to __init__.cpython-38.pyc
[1.480s] byte-compiling /home/carla/Documents/GitHub/C-V2X-Autoware-Carla/install/vehicle/lib/python3.8/site-packages/vehicle/default_vehicle.py to default_vehicle.cpython-38.pyc
[1.481s] running install_data
[1.488s] running install_egg_info
[1.495s] Copying ../../build/vehicle/vehicle.egg-info to /home/carla/Documents/GitHub/C-V2X-Autoware-Carla/install/vehicle/lib/python3.8/site-packages/vehicle-0.0.0-py3.8.egg-info
[1.496s] running install_scripts
[1.525s] Installing default_vehicle script to /home/carla/Documents/GitHub/C-V2X-Autoware-Carla/install/vehicle/lib/vehicle
[1.525s] writing list of installed files to '/home/carla/Documents/GitHub/C-V2X-Autoware-Carla/build/vehicle/install.log'
[1.557s] Invoked command in '/home/carla/Documents/GitHub/C-V2X-Autoware-Carla/src/vehicle' returned '0': PYTHONPATH=/home/carla/Documents/GitHub/C-V2X-Autoware-Carla/install/vehicle/lib/python3.8/site-packages:${PYTHONPATH} /usr/bin/python3 setup.py egg_info --egg-base ../../build/vehicle build --build-base /home/carla/Documents/GitHub/C-V2X-Autoware-Carla/build/vehicle/build install --prefix /home/carla/Documents/GitHub/C-V2X-Autoware-Carla/install/vehicle --record /home/carla/Documents/GitHub/C-V2X-Autoware-Carla/build/vehicle/install.log --single-version-externally-managed
