[0.041s] Invoking command in '/home/carla/Documents/GitHub/C-V2X-Autoware-Carla/build/cv_bridge': CMAKE_PREFIX_PATH=${CMAKE_PREFIX_PATH}:/home/carla/Documents/GitHub/C-V2X-Autoware-Carla/install/vehicle:/home/carla/Documents/GitHub/C-V2X-Autoware-Carla/install/opencv_tests:/home/carla/Documents/GitHub/C-V2X-Autoware-Carla/install/infrastructure:/opt/ros/galactic /usr/bin/cmake /home/carla/Documents/GitHub/C-V2X-Autoware-Carla/src/vision_opencv/cv_bridge -DCMAKE_INSTALL_PREFIX=/home/carla/Documents/GitHub/C-V2X-Autoware-Carla/install/cv_bridge
[0.481s] -- The C compiler identification is GNU 9.4.0
[0.482s] -- The CXX compiler identification is GNU 9.4.0
[0.482s] -- Check for working C compiler: /usr/bin/cc
[0.482s] -- Check for working C compiler: /usr/bin/cc -- works
[0.482s] -- Detecting C compiler ABI info
[0.482s] -- Detecting C compiler ABI info - done
[0.482s] -- Detecting C compile features
[0.482s] -- Detecting C compile features - done
[0.482s] -- Check for working CXX compiler: /usr/bin/c++
[0.482s] -- Check for working CXX compiler: /usr/bin/c++ -- works
[0.482s] -- Detecting CXX compiler ABI info
[0.482s] -- Detecting CXX compiler ABI info - done
[0.482s] -- Detecting CXX compile features
[0.482s] -- Detecting CXX compile features - done
[0.482s] -- Found ament_cmake_ros: 0.9.2 (/opt/ros/galactic/share/ament_cmake_ros/cmake)
[0.482s] -- Found PythonInterp: /usr/bin/python3 (found suitable version "3.8.10", minimum required is "3") 
[0.482s] -- Using PYTHON_EXECUTABLE: /usr/bin/python3
[1.558s] -- Found Python3: /usr/lib/x86_64-linux-gnu/libpython3.8.so (found version "3.8.10") found components: Development NumPy Interpreter 
[1.576s] -- Found Boost: /usr/lib/x86_64-linux-gnu/cmake/Boost-1.71.0/BoostConfig.cmake (found version "1.71.0") found components: python38 
[1.577s] -- Found rcpputils: 2.2.1 (/opt/ros/galactic/share/rcpputils/cmake)
[1.584s] -- Found sensor_msgs: 2.2.4 (/opt/ros/galactic/share/sensor_msgs/cmake)
[1.593s] -- Using all available rosidl_typesupport_c: rosidl_typesupport_fastrtps_c;rosidl_typesupport_introspection_c
[1.596s] -- Found rosidl_adapter: 2.2.2 (/opt/ros/galactic/share/rosidl_adapter/cmake)
[1.641s] -- Found OpenSSL: /usr/lib/x86_64-linux-gnu/libcrypto.so (found version "1.1.1f")  
[1.658s] -- Found FastRTPS: /opt/ros/galactic/include  
[1.701s] -- Using all available rosidl_typesupport_cpp: rosidl_typesupport_fastrtps_cpp;rosidl_typesupport_introspection_cpp
[2.042s] -- Performing Test COMPILER_HAS_HIDDEN_VISIBILITY
[2.087s] -- Performing Test COMPILER_HAS_HIDDEN_VISIBILITY - Success
[2.087s] -- Performing Test COMPILER_HAS_HIDDEN_INLINE_VISIBILITY
[2.132s] -- Performing Test COMPILER_HAS_HIDDEN_INLINE_VISIBILITY - Success
[2.132s] -- Performing Test COMPILER_HAS_DEPRECATED_ATTR
[2.183s] -- Performing Test COMPILER_HAS_DEPRECATED_ATTR - Success
[2.185s] -- Found ament_lint_auto: 0.10.7 (/opt/ros/galactic/share/ament_lint_auto/cmake)
[2.241s] -- Found gtest sources under '/opt/ros/galactic/src/gtest_vendor': C++ tests using 'Google Test' will be built
[2.244s] -- Looking for pthread.h
[2.290s] -- Looking for pthread.h - found
[2.290s] -- Performing Test CMAKE_HAVE_LIBC_PTHREAD
[2.335s] -- Performing Test CMAKE_HAVE_LIBC_PTHREAD - Failed
[2.335s] -- Check if compiler accepts -pthread
[2.379s] -- Check if compiler accepts -pthread - yes
[2.379s] -- Found Threads: TRUE  
[3.670s] -- Configuring done
[3.679s] -- Generating done
[3.680s] -- Build files have been written to: /home/carla/Documents/GitHub/C-V2X-Autoware-Carla/build/cv_bridge
[3.685s] Invoked command in '/home/carla/Documents/GitHub/C-V2X-Autoware-Carla/build/cv_bridge' returned '0': CMAKE_PREFIX_PATH=${CMAKE_PREFIX_PATH}:/home/carla/Documents/GitHub/C-V2X-Autoware-Carla/install/vehicle:/home/carla/Documents/GitHub/C-V2X-Autoware-Carla/install/opencv_tests:/home/carla/Documents/GitHub/C-V2X-Autoware-Carla/install/infrastructure:/opt/ros/galactic /usr/bin/cmake /home/carla/Documents/GitHub/C-V2X-Autoware-Carla/src/vision_opencv/cv_bridge -DCMAKE_INSTALL_PREFIX=/home/carla/Documents/GitHub/C-V2X-Autoware-Carla/install/cv_bridge
[3.687s] Invoking command in '/home/carla/Documents/GitHub/C-V2X-Autoware-Carla/build/cv_bridge': CMAKE_PREFIX_PATH=${CMAKE_PREFIX_PATH}:/home/carla/Documents/GitHub/C-V2X-Autoware-Carla/install/vehicle:/home/carla/Documents/GitHub/C-V2X-Autoware-Carla/install/opencv_tests:/home/carla/Documents/GitHub/C-V2X-Autoware-Carla/install/infrastructure:/opt/ros/galactic /usr/bin/cmake --build /home/carla/Documents/GitHub/C-V2X-Autoware-Carla/build/cv_bridge -- -j20 -l20
[3.712s] [35m[1mScanning dependencies of target ament_cmake_python_copy_cv_bridge[0m
[3.712s] [35m[1mScanning dependencies of target gtest_main[0m
[3.712s] [35m[1mScanning dependencies of target cv_bridge[0m
[3.712s] [35m[1mScanning dependencies of target gtest[0m
[3.721s] [  6%] [32mBuilding CXX object gtest/CMakeFiles/gtest.dir/src/gtest-all.cc.o[0m
[3.722s] [ 12%] [32mBuilding CXX object gtest/CMakeFiles/gtest_main.dir/src/gtest_main.cc.o[0m
[3.722s] [ 12%] Built target ament_cmake_python_copy_cv_bridge
[3.728s] [35m[1mScanning dependencies of target ament_cmake_python_build_cv_bridge_egg[0m
[3.738s] [ 18%] [32mBuilding CXX object src/CMakeFiles/cv_bridge.dir/cv_bridge.cpp.o[0m
[3.740s] [ 25%] [32mBuilding CXX object src/CMakeFiles/cv_bridge.dir/rgb_colors.cpp.o[0m
[3.935s] running egg_info
[3.936s] creating cv_bridge.egg-info
[3.944s] writing cv_bridge.egg-info/PKG-INFO
[3.944s] writing dependency_links to cv_bridge.egg-info/dependency_links.txt
[3.944s] writing top-level names to cv_bridge.egg-info/top_level.txt
[3.945s] writing manifest file 'cv_bridge.egg-info/SOURCES.txt'
[3.968s] reading manifest file 'cv_bridge.egg-info/SOURCES.txt'
[3.968s] writing manifest file 'cv_bridge.egg-info/SOURCES.txt'
[4.001s] [ 25%] Built target ament_cmake_python_build_cv_bridge_egg
[4.080s] [ 31%] [32m[1mLinking CXX static library libgtest_main.a[0m
[4.103s] [ 31%] Built target gtest_main
[5.575s] [ 37%] [32m[1mLinking CXX static library libgtest.a[0m
[5.621s] [ 37%] Built target gtest
[6.524s] [ 43%] [32m[1mLinking CXX shared library libcv_bridge.so[0m
[6.609s] [ 43%] Built target cv_bridge
[6.616s] [35m[1mScanning dependencies of target cv_bridge-utest[0m
[6.617s] [35m[1mScanning dependencies of target cv_bridge_boost[0m
[6.641s] [ 56%] [32mBuilding CXX object test/CMakeFiles/cv_bridge-utest.dir/test_endian.cpp.o[0m
[6.641s] [ 56%] [32mBuilding CXX object test/CMakeFiles/cv_bridge-utest.dir/test_compression.cpp.o[0m
[6.642s] [ 62%] [32mBuilding CXX object test/CMakeFiles/cv_bridge-utest.dir/utest.cpp.o[0m
[6.642s] [ 68%] [32mBuilding CXX object test/CMakeFiles/cv_bridge-utest.dir/test_rgb_colors.cpp.o[0m
[6.644s] [ 75%] [32mBuilding CXX object test/CMakeFiles/cv_bridge-utest.dir/utest2.cpp.o[0m
[6.664s] [ 81%] [32mBuilding CXX object src/CMakeFiles/cv_bridge_boost.dir/module.cpp.o[0m
[6.667s] [ 87%] [32mBuilding CXX object src/CMakeFiles/cv_bridge_boost.dir/module_opencv3.cpp.o[0m
[8.529s] [ 93%] [32m[1mLinking CXX executable cv_bridge-utest[0m
[9.274s] [ 93%] Built target cv_bridge-utest
[10.327s] [100%] [32m[1mLinking CXX shared module boost/cv_bridge_boost.so[0m
[10.486s] [100%] Built target cv_bridge_boost
[10.507s] Invoked command in '/home/carla/Documents/GitHub/C-V2X-Autoware-Carla/build/cv_bridge' returned '0': CMAKE_PREFIX_PATH=${CMAKE_PREFIX_PATH}:/home/carla/Documents/GitHub/C-V2X-Autoware-Carla/install/vehicle:/home/carla/Documents/GitHub/C-V2X-Autoware-Carla/install/opencv_tests:/home/carla/Documents/GitHub/C-V2X-Autoware-Carla/install/infrastructure:/opt/ros/galactic /usr/bin/cmake --build /home/carla/Documents/GitHub/C-V2X-Autoware-Carla/build/cv_bridge -- -j20 -l20
[10.545s] Invoking command in '/home/carla/Documents/GitHub/C-V2X-Autoware-Carla/build/cv_bridge': CMAKE_PREFIX_PATH=${CMAKE_PREFIX_PATH}:/home/carla/Documents/GitHub/C-V2X-Autoware-Carla/install/vehicle:/home/carla/Documents/GitHub/C-V2X-Autoware-Carla/install/opencv_tests:/home/carla/Documents/GitHub/C-V2X-Autoware-Carla/install/infrastructure:/opt/ros/galactic /usr/bin/cmake --install /home/carla/Documents/GitHub/C-V2X-Autoware-Carla/build/cv_bridge
[10.552s] -- Install configuration: ""
[10.552s] -- Installing: /home/carla/Documents/GitHub/C-V2X-Autoware-Carla/install/cv_bridge/share/cv_bridge/environment/pythonpath.sh
[10.552s] -- Installing: /home/carla/Documents/GitHub/C-V2X-Autoware-Carla/install/cv_bridge/share/cv_bridge/environment/pythonpath.dsv
[10.552s] -- Installing: /home/carla/Documents/GitHub/C-V2X-Autoware-Carla/install/cv_bridge/lib/python3.8/site-packages//cv_bridge.egg-info
[10.552s] -- Installing: /home/carla/Documents/GitHub/C-V2X-Autoware-Carla/install/cv_bridge/lib/python3.8/site-packages//cv_bridge.egg-info/top_level.txt
[10.552s] -- Installing: /home/carla/Documents/GitHub/C-V2X-Autoware-Carla/install/cv_bridge/lib/python3.8/site-packages//cv_bridge.egg-info/SOURCES.txt
[10.552s] -- Installing: /home/carla/Documents/GitHub/C-V2X-Autoware-Carla/install/cv_bridge/lib/python3.8/site-packages//cv_bridge.egg-info/dependency_links.txt
[10.552s] -- Installing: /home/carla/Documents/GitHub/C-V2X-Autoware-Carla/install/cv_bridge/lib/python3.8/site-packages//cv_bridge.egg-info/PKG-INFO
[10.552s] -- Installing: /home/carla/Documents/GitHub/C-V2X-Autoware-Carla/install/cv_bridge/lib/python3.8/site-packages/cv_bridge
[10.553s] -- Installing: /home/carla/Documents/GitHub/C-V2X-Autoware-Carla/install/cv_bridge/lib/python3.8/site-packages/cv_bridge/core.py
[10.553s] -- Installing: /home/carla/Documents/GitHub/C-V2X-Autoware-Carla/install/cv_bridge/lib/python3.8/site-packages/cv_bridge/__init__.py
[10.585s] Listing '/home/carla/Documents/GitHub/C-V2X-Autoware-Carla/install/cv_bridge/lib/python3.8/site-packages/cv_bridge'...
[10.585s] Compiling '/home/carla/Documents/GitHub/C-V2X-Autoware-Carla/install/cv_bridge/lib/python3.8/site-packages/cv_bridge/__init__.py'...
[10.585s] Compiling '/home/carla/Documents/GitHub/C-V2X-Autoware-Carla/install/cv_bridge/lib/python3.8/site-packages/cv_bridge/core.py'...
[10.590s] -- Installing: /home/carla/Documents/GitHub/C-V2X-Autoware-Carla/install/cv_bridge/lib/libcv_bridge.so
[10.592s] -- Set runtime path of "/home/carla/Documents/GitHub/C-V2X-Autoware-Carla/install/cv_bridge/lib/libcv_bridge.so" to ""
[10.592s] -- Installing: /home/carla/Documents/GitHub/C-V2X-Autoware-Carla/install/cv_bridge/include/cv_bridge/cv_bridge/cv_bridge_export.h
[10.592s] -- Installing: /home/carla/Documents/GitHub/C-V2X-Autoware-Carla/install/cv_bridge/lib/python3.8/site-packages/cv_bridge/boost/cv_bridge_boost.so
[10.592s] -- Set runtime path of "/home/carla/Documents/GitHub/C-V2X-Autoware-Carla/install/cv_bridge/lib/python3.8/site-packages/cv_bridge/boost/cv_bridge_boost.so" to ""
[10.593s] -- Up-to-date: /home/carla/Documents/GitHub/C-V2X-Autoware-Carla/install/cv_bridge/include/cv_bridge
[10.593s] -- Up-to-date: /home/carla/Documents/GitHub/C-V2X-Autoware-Carla/install/cv_bridge/include/cv_bridge/cv_bridge
[10.593s] -- Installing: /home/carla/Documents/GitHub/C-V2X-Autoware-Carla/install/cv_bridge/include/cv_bridge/cv_bridge/rgb_colors.h
[10.593s] -- Installing: /home/carla/Documents/GitHub/C-V2X-Autoware-Carla/install/cv_bridge/include/cv_bridge/cv_bridge/cv_bridge.h
[10.593s] -- Up-to-date: /home/carla/Documents/GitHub/C-V2X-Autoware-Carla/install/cv_bridge/lib/libcv_bridge.so
[10.593s] -- Installing: /home/carla/Documents/GitHub/C-V2X-Autoware-Carla/install/cv_bridge/share/ament_index/resource_index/package_run_dependencies/cv_bridge
[10.593s] -- Installing: /home/carla/Documents/GitHub/C-V2X-Autoware-Carla/install/cv_bridge/share/ament_index/resource_index/parent_prefix_path/cv_bridge
[10.593s] -- Installing: /home/carla/Documents/GitHub/C-V2X-Autoware-Carla/install/cv_bridge/share/cv_bridge/environment/ament_prefix_path.sh
[10.593s] -- Installing: /home/carla/Documents/GitHub/C-V2X-Autoware-Carla/install/cv_bridge/share/cv_bridge/environment/ament_prefix_path.dsv
[10.593s] -- Installing: /home/carla/Documents/GitHub/C-V2X-Autoware-Carla/install/cv_bridge/share/cv_bridge/environment/path.sh
[10.593s] -- Installing: /home/carla/Documents/GitHub/C-V2X-Autoware-Carla/install/cv_bridge/share/cv_bridge/environment/path.dsv
[10.593s] -- Installing: /home/carla/Documents/GitHub/C-V2X-Autoware-Carla/install/cv_bridge/share/cv_bridge/local_setup.bash
[10.594s] -- Installing: /home/carla/Documents/GitHub/C-V2X-Autoware-Carla/install/cv_bridge/share/cv_bridge/local_setup.sh
[10.594s] -- Installing: /home/carla/Documents/GitHub/C-V2X-Autoware-Carla/install/cv_bridge/share/cv_bridge/local_setup.zsh
[10.594s] -- Installing: /home/carla/Documents/GitHub/C-V2X-Autoware-Carla/install/cv_bridge/share/cv_bridge/local_setup.dsv
[10.594s] -- Installing: /home/carla/Documents/GitHub/C-V2X-Autoware-Carla/install/cv_bridge/share/cv_bridge/package.dsv
[10.594s] -- Installing: /home/carla/Documents/GitHub/C-V2X-Autoware-Carla/install/cv_bridge/share/ament_index/resource_index/packages/cv_bridge
[10.594s] -- Installing: /home/carla/Documents/GitHub/C-V2X-Autoware-Carla/install/cv_bridge/share/cv_bridge/cmake/export_cv_bridgeExport.cmake
[10.594s] -- Installing: /home/carla/Documents/GitHub/C-V2X-Autoware-Carla/install/cv_bridge/share/cv_bridge/cmake/export_cv_bridgeExport-noconfig.cmake
[10.594s] -- Installing: /home/carla/Documents/GitHub/C-V2X-Autoware-Carla/install/cv_bridge/share/cv_bridge/cmake/cv_bridge-extras.cmake
[10.594s] -- Installing: /home/carla/Documents/GitHub/C-V2X-Autoware-Carla/install/cv_bridge/share/cv_bridge/cmake/ament_cmake_export_dependencies-extras.cmake
[10.594s] -- Installing: /home/carla/Documents/GitHub/C-V2X-Autoware-Carla/install/cv_bridge/share/cv_bridge/cmake/ament_cmake_export_targets-extras.cmake
[10.595s] -- Installing: /home/carla/Documents/GitHub/C-V2X-Autoware-Carla/install/cv_bridge/share/cv_bridge/cmake/cv_bridgeConfig.cmake
[10.595s] -- Installing: /home/carla/Documents/GitHub/C-V2X-Autoware-Carla/install/cv_bridge/share/cv_bridge/cmake/cv_bridgeConfig-version.cmake
[10.595s] -- Installing: /home/carla/Documents/GitHub/C-V2X-Autoware-Carla/install/cv_bridge/share/cv_bridge/package.xml
[10.601s] Invoked command in '/home/carla/Documents/GitHub/C-V2X-Autoware-Carla/build/cv_bridge' returned '0': CMAKE_PREFIX_PATH=${CMAKE_PREFIX_PATH}:/home/carla/Documents/GitHub/C-V2X-Autoware-Carla/install/vehicle:/home/carla/Documents/GitHub/C-V2X-Autoware-Carla/install/opencv_tests:/home/carla/Documents/GitHub/C-V2X-Autoware-Carla/install/infrastructure:/opt/ros/galactic /usr/bin/cmake --install /home/carla/Documents/GitHub/C-V2X-Autoware-Carla/build/cv_bridge
