[0.344s] Invoking command in '/media/william/blueicedrive/Github/AutowareUniverse-Carla/src/vehicle': PYTHONPATH=/media/william/blueicedrive/Github/AutowareUniverse-Carla/build/vehicle/prefix_override:/usr/lib/python3/dist-packages/colcon_core/task/python/colcon_distutils_commands:/media/william/blueicedrive/Github/AutowareUniverse-Carla/install/vehicle/lib/python3.10/site-packages:${PYTHONPATH} /usr/bin/python3 -W ignore:setup.py install is deprecated setup.py egg_info --egg-base ../../build/vehicle build --build-base /media/william/blueicedrive/Github/AutowareUniverse-Carla/build/vehicle/build install --record /media/william/blueicedrive/Github/AutowareUniverse-Carla/build/vehicle/install.log --single-version-externally-managed install_data
[0.468s] running egg_info
[0.473s] writing ../../build/vehicle/vehicle.egg-info/PKG-INFO
[0.474s] writing dependency_links to ../../build/vehicle/vehicle.egg-info/dependency_links.txt
[0.474s] writing entry points to ../../build/vehicle/vehicle.egg-info/entry_points.txt
[0.474s] writing requirements to ../../build/vehicle/vehicle.egg-info/requires.txt
[0.474s] writing top-level names to ../../build/vehicle/vehicle.egg-info/top_level.txt
[0.486s] reading manifest file '../../build/vehicle/vehicle.egg-info/SOURCES.txt'
[0.488s] writing manifest file '../../build/vehicle/vehicle.egg-info/SOURCES.txt'
[0.488s] running build
[0.489s] running build_py
[0.489s] copying vehicle/host_vehicle.py -> /media/william/blueicedrive/Github/AutowareUniverse-Carla/build/vehicle/build/lib/vehicle
[0.489s] copying vehicle/remote_vehicle.py -> /media/william/blueicedrive/Github/AutowareUniverse-Carla/build/vehicle/build/lib/vehicle
[0.490s] copying vehicle/ren_vehicle.py -> /media/william/blueicedrive/Github/AutowareUniverse-Carla/build/vehicle/build/lib/vehicle
[0.491s] copying vehicle/start_multiple.py -> /media/william/blueicedrive/Github/AutowareUniverse-Carla/build/vehicle/build/lib/vehicle
[0.491s] copying vehicle/__init__.py -> /media/william/blueicedrive/Github/AutowareUniverse-Carla/build/vehicle/build/lib/vehicle
[0.492s] running install
[0.494s] running install_lib
[0.500s] copying /media/william/blueicedrive/Github/AutowareUniverse-Carla/build/vehicle/build/lib/vehicle/host_vehicle.py -> /media/william/blueicedrive/Github/AutowareUniverse-Carla/install/vehicle/lib/python3.10/site-packages/vehicle
[0.502s] byte-compiling /media/william/blueicedrive/Github/AutowareUniverse-Carla/install/vehicle/lib/python3.10/site-packages/vehicle/host_vehicle.py to host_vehicle.cpython-310.pyc
[0.507s] running install_data
[0.507s] copying resource/vehicle -> /media/william/blueicedrive/Github/AutowareUniverse-Carla/install/vehicle/share/ament_index/resource_index/packages
[0.507s] copying package.xml -> /media/william/blueicedrive/Github/AutowareUniverse-Carla/install/vehicle/share/vehicle
[0.508s] running install_egg_info
[0.514s] removing '/media/william/blueicedrive/Github/AutowareUniverse-Carla/install/vehicle/lib/python3.10/site-packages/vehicle-0.0.0-py3.10.egg-info' (and everything under it)
[0.516s] Copying ../../build/vehicle/vehicle.egg-info to /media/william/blueicedrive/Github/AutowareUniverse-Carla/install/vehicle/lib/python3.10/site-packages/vehicle-0.0.0-py3.10.egg-info
[0.520s] running install_scripts
[0.573s] Installing host_vehicle script to /media/william/blueicedrive/Github/AutowareUniverse-Carla/install/vehicle/lib/vehicle
[0.573s] Installing remote_vehicle script to /media/william/blueicedrive/Github/AutowareUniverse-Carla/install/vehicle/lib/vehicle
[0.573s] Installing ren_vehicle script to /media/william/blueicedrive/Github/AutowareUniverse-Carla/install/vehicle/lib/vehicle
[0.574s] writing list of installed files to '/media/william/blueicedrive/Github/AutowareUniverse-Carla/build/vehicle/install.log'
[0.587s] Invoked command in '/media/william/blueicedrive/Github/AutowareUniverse-Carla/src/vehicle' returned '0': PYTHONPATH=/media/william/blueicedrive/Github/AutowareUniverse-Carla/build/vehicle/prefix_override:/usr/lib/python3/dist-packages/colcon_core/task/python/colcon_distutils_commands:/media/william/blueicedrive/Github/AutowareUniverse-Carla/install/vehicle/lib/python3.10/site-packages:${PYTHONPATH} /usr/bin/python3 -W ignore:setup.py install is deprecated setup.py egg_info --egg-base ../../build/vehicle build --build-base /media/william/blueicedrive/Github/AutowareUniverse-Carla/build/vehicle/build install --record /media/william/blueicedrive/Github/AutowareUniverse-Carla/build/vehicle/install.log --single-version-externally-managed install_data
