running egg_info
writing ../../build/infrastructure/infrastructure.egg-info/PKG-INFO
writing dependency_links to ../../build/infrastructure/infrastructure.egg-info/dependency_links.txt
writing entry points to ../../build/infrastructure/infrastructure.egg-info/entry_points.txt
writing requirements to ../../build/infrastructure/infrastructure.egg-info/requires.txt
writing top-level names to ../../build/infrastructure/infrastructure.egg-info/top_level.txt
reading manifest file '../../build/infrastructure/infrastructure.egg-info/SOURCES.txt'
writing manifest file '../../build/infrastructure/infrastructure.egg-info/SOURCES.txt'
running build
running build_py
copying infrastructure/SSM.py -> /home/carla/Documents/GitHub/C-V2X-Autoware-Carla/build/infrastructure/build/lib/infrastructure
copying infrastructure/MAP.py -> /home/carla/Documents/GitHub/C-V2X-Autoware-Carla/build/infrastructure/build/lib/infrastructure
running install
running install_lib
copying /home/carla/Documents/GitHub/C-V2X-Autoware-Carla/build/infrastructure/build/lib/infrastructure/SSM.py -> /home/carla/Documents/GitHub/C-V2X-Autoware-Carla/install/infrastructure/lib/python3.8/site-packages/infrastructure
copying /home/carla/Documents/GitHub/C-V2X-Autoware-Carla/build/infrastructure/build/lib/infrastructure/MAP.py -> /home/carla/Documents/GitHub/C-V2X-Autoware-Carla/install/infrastructure/lib/python3.8/site-packages/infrastructure
byte-compiling /home/carla/Documents/GitHub/C-V2X-Autoware-Carla/install/infrastructure/lib/python3.8/site-packages/infrastructure/SSM.py to SSM.cpython-38.pyc
byte-compiling /home/carla/Documents/GitHub/C-V2X-Autoware-Carla/install/infrastructure/lib/python3.8/site-packages/infrastructure/MAP.py to MAP.cpython-38.pyc
running install_data
running install_egg_info
removing '/home/carla/Documents/GitHub/C-V2X-Autoware-Carla/install/infrastructure/lib/python3.8/site-packages/infrastructure-0.0.0-py3.8.egg-info' (and everything under it)
Copying ../../build/infrastructure/infrastructure.egg-info to /home/carla/Documents/GitHub/C-V2X-Autoware-Carla/install/infrastructure/lib/python3.8/site-packages/infrastructure-0.0.0-py3.8.egg-info
running install_scripts
Installing MAP script to /home/carla/Documents/GitHub/C-V2X-Autoware-Carla/install/infrastructure/lib/infrastructure
Installing SSM script to /home/carla/Documents/GitHub/C-V2X-Autoware-Carla/install/infrastructure/lib/infrastructure
writing list of installed files to '/home/carla/Documents/GitHub/C-V2X-Autoware-Carla/build/infrastructure/install.log'
