[0.055s] DEBUG:colcon:Command line arguments: ['/usr/bin/colcon', 'build', '--packages-select', 'v2x_msg']
[0.055s] DEBUG:colcon:Parsed command line arguments: Namespace(log_base=None, log_level=None, verb_name='build', build_base='build', install_base='install', merge_install=False, symlink_install=False, test_result_base=None, continue_on_error=False, executor='parallel', parallel_workers=20, event_handlers=None, ignore_user_meta=False, metas=['./colcon.meta'], base_paths=['.'], packages_ignore=None, packages_ignore_regex=None, paths=None, packages_up_to=None, packages_up_to_regex=None, packages_above=None, packages_above_and_dependencies=None, packages_above_depth=None, packages_select_by_dep=None, packages_skip_by_dep=None, packages_skip_up_to=None, packages_select_build_failed=False, packages_skip_build_finished=False, packages_select_test_failures=False, packages_skip_test_passed=False, packages_select=['v2x_msg'], packages_skip=None, packages_select_regex=None, packages_skip_regex=None, packages_start=None, packages_end=None, allow_overriding=[], cmake_args=None, cmake_target=None, cmake_target_skip_unavailable=False, cmake_clean_cache=False, cmake_clean_first=False, cmake_force_configure=False, ament_cmake_args=None, catkin_cmake_args=None, catkin_skip_building_tests=False, mixin_files=None, mixin=None, verb_parser=<colcon_mixin.mixin.mixin_argument.MixinArgumentDecorator object at 0x731cdc246560>, verb_extension=<colcon_core.verb.build.BuildVerb object at 0x731cdc245ff0>, main=<bound method BuildVerb.main of <colcon_core.verb.build.BuildVerb object at 0x731cdc245ff0>>, mixin_verb=('build',))
[0.132s] Level 1:colcon.colcon_core.package_discovery:discover_packages(colcon_meta) check parameters
[0.132s] Level 1:colcon.colcon_core.package_discovery:discover_packages(recursive) check parameters
[0.132s] Level 1:colcon.colcon_core.package_discovery:discover_packages(ignore) check parameters
[0.132s] Level 1:colcon.colcon_core.package_discovery:discover_packages(path) check parameters
[0.132s] Level 1:colcon.colcon_core.package_discovery:discover_packages(colcon_meta) discover
[0.132s] Level 1:colcon.colcon_core.package_discovery:discover_packages(recursive) discover
[0.132s] INFO:colcon.colcon_core.package_discovery:Crawling recursively for packages in '/media/william/blueicedrive/Github/AutowareUniverse-Carla'
[0.132s] Level 1:colcon.colcon_core.package_identification:_identify(.) by extensions ['ignore', 'ignore_ament_install']
[0.132s] Level 1:colcon.colcon_core.package_identification:_identify(.) by extension 'ignore'
[0.132s] Level 1:colcon.colcon_core.package_identification:_identify(.) by extension 'ignore_ament_install'
[0.132s] Level 1:colcon.colcon_core.package_identification:_identify(.) by extensions ['colcon_pkg']
[0.132s] Level 1:colcon.colcon_core.package_identification:_identify(.) by extension 'colcon_pkg'
[0.132s] Level 1:colcon.colcon_core.package_identification:_identify(.) by extensions ['colcon_meta']
[0.132s] Level 1:colcon.colcon_core.package_identification:_identify(.) by extension 'colcon_meta'
[0.132s] Level 1:colcon.colcon_core.package_identification:_identify(.) by extensions ['ros']
[0.132s] Level 1:colcon.colcon_core.package_identification:_identify(.) by extension 'ros'
[0.138s] Level 1:colcon.colcon_core.package_identification:_identify(.) by extensions ['cmake', 'python']
[0.138s] Level 1:colcon.colcon_core.package_identification:_identify(.) by extension 'cmake'
[0.138s] Level 1:colcon.colcon_core.package_identification:_identify(.) by extension 'python'
[0.138s] Level 1:colcon.colcon_core.package_identification:_identify(.) by extensions ['python_setup_py']
[0.138s] Level 1:colcon.colcon_core.package_identification:_identify(.) by extension 'python_setup_py'
[0.139s] Level 1:colcon.colcon_core.package_identification:_identify(autoware_map) by extensions ['ignore', 'ignore_ament_install']
[0.139s] Level 1:colcon.colcon_core.package_identification:_identify(autoware_map) by extension 'ignore'
[0.139s] Level 1:colcon.colcon_core.package_identification:_identify(autoware_map) by extension 'ignore_ament_install'
[0.139s] Level 1:colcon.colcon_core.package_identification:_identify(autoware_map) by extensions ['colcon_pkg']
[0.139s] Level 1:colcon.colcon_core.package_identification:_identify(autoware_map) by extension 'colcon_pkg'
[0.139s] Level 1:colcon.colcon_core.package_identification:_identify(autoware_map) by extensions ['colcon_meta']
[0.139s] Level 1:colcon.colcon_core.package_identification:_identify(autoware_map) by extension 'colcon_meta'
[0.139s] Level 1:colcon.colcon_core.package_identification:_identify(autoware_map) by extensions ['ros']
[0.139s] Level 1:colcon.colcon_core.package_identification:_identify(autoware_map) by extension 'ros'
[0.139s] Level 1:colcon.colcon_core.package_identification:_identify(autoware_map) by extensions ['cmake', 'python']
[0.139s] Level 1:colcon.colcon_core.package_identification:_identify(autoware_map) by extension 'cmake'
[0.139s] Level 1:colcon.colcon_core.package_identification:_identify(autoware_map) by extension 'python'
[0.139s] Level 1:colcon.colcon_core.package_identification:_identify(autoware_map) by extensions ['python_setup_py']
[0.139s] Level 1:colcon.colcon_core.package_identification:_identify(autoware_map) by extension 'python_setup_py'
[0.139s] Level 1:colcon.colcon_core.package_identification:_identify(autoware_map/ud-modular-lab) by extensions ['ignore', 'ignore_ament_install']
[0.139s] Level 1:colcon.colcon_core.package_identification:_identify(autoware_map/ud-modular-lab) by extension 'ignore'
[0.139s] Level 1:colcon.colcon_core.package_identification:_identify(autoware_map/ud-modular-lab) by extension 'ignore_ament_install'
[0.139s] Level 1:colcon.colcon_core.package_identification:_identify(autoware_map/ud-modular-lab) by extensions ['colcon_pkg']
[0.139s] Level 1:colcon.colcon_core.package_identification:_identify(autoware_map/ud-modular-lab) by extension 'colcon_pkg'
[0.139s] Level 1:colcon.colcon_core.package_identification:_identify(autoware_map/ud-modular-lab) by extensions ['colcon_meta']
[0.139s] Level 1:colcon.colcon_core.package_identification:_identify(autoware_map/ud-modular-lab) by extension 'colcon_meta'
[0.139s] Level 1:colcon.colcon_core.package_identification:_identify(autoware_map/ud-modular-lab) by extensions ['ros']
[0.139s] Level 1:colcon.colcon_core.package_identification:_identify(autoware_map/ud-modular-lab) by extension 'ros'
[0.140s] Level 1:colcon.colcon_core.package_identification:_identify(autoware_map/ud-modular-lab) by extensions ['cmake', 'python']
[0.140s] Level 1:colcon.colcon_core.package_identification:_identify(autoware_map/ud-modular-lab) by extension 'cmake'
[0.140s] Level 1:colcon.colcon_core.package_identification:_identify(autoware_map/ud-modular-lab) by extension 'python'
[0.140s] Level 1:colcon.colcon_core.package_identification:_identify(autoware_map/ud-modular-lab) by extensions ['python_setup_py']
[0.140s] Level 1:colcon.colcon_core.package_identification:_identify(autoware_map/ud-modular-lab) by extension 'python_setup_py'
[0.140s] Level 1:colcon.colcon_core.package_identification:_identify(build) by extensions ['ignore', 'ignore_ament_install']
[0.140s] Level 1:colcon.colcon_core.package_identification:_identify(build) by extension 'ignore'
[0.140s] Level 1:colcon.colcon_core.package_identification:_identify(build) ignored
[0.140s] Level 1:colcon.colcon_core.package_identification:_identify(install) by extensions ['ignore', 'ignore_ament_install']
[0.140s] Level 1:colcon.colcon_core.package_identification:_identify(install) by extension 'ignore'
[0.140s] Level 1:colcon.colcon_core.package_identification:_identify(install) ignored
[0.140s] Level 1:colcon.colcon_core.package_identification:_identify(log) by extensions ['ignore', 'ignore_ament_install']
[0.140s] Level 1:colcon.colcon_core.package_identification:_identify(log) by extension 'ignore'
[0.140s] Level 1:colcon.colcon_core.package_identification:_identify(log) ignored
[0.140s] Level 1:colcon.colcon_core.package_identification:_identify(src) by extensions ['ignore', 'ignore_ament_install']
[0.140s] Level 1:colcon.colcon_core.package_identification:_identify(src) by extension 'ignore'
[0.140s] Level 1:colcon.colcon_core.package_identification:_identify(src) by extension 'ignore_ament_install'
[0.141s] Level 1:colcon.colcon_core.package_identification:_identify(src) by extensions ['colcon_pkg']
[0.141s] Level 1:colcon.colcon_core.package_identification:_identify(src) by extension 'colcon_pkg'
[0.141s] Level 1:colcon.colcon_core.package_identification:_identify(src) by extensions ['colcon_meta']
[0.141s] Level 1:colcon.colcon_core.package_identification:_identify(src) by extension 'colcon_meta'
[0.141s] Level 1:colcon.colcon_core.package_identification:_identify(src) by extensions ['ros']
[0.141s] Level 1:colcon.colcon_core.package_identification:_identify(src) by extension 'ros'
[0.141s] Level 1:colcon.colcon_core.package_identification:_identify(src) by extensions ['cmake', 'python']
[0.141s] Level 1:colcon.colcon_core.package_identification:_identify(src) by extension 'cmake'
[0.141s] Level 1:colcon.colcon_core.package_identification:_identify(src) by extension 'python'
[0.141s] Level 1:colcon.colcon_core.package_identification:_identify(src) by extensions ['python_setup_py']
[0.141s] Level 1:colcon.colcon_core.package_identification:_identify(src) by extension 'python_setup_py'
[0.141s] Level 1:colcon.colcon_core.package_identification:_identify(src/autoware_adapi_v1_msgs) by extensions ['ignore', 'ignore_ament_install']
[0.141s] Level 1:colcon.colcon_core.package_identification:_identify(src/autoware_adapi_v1_msgs) by extension 'ignore'
[0.141s] Level 1:colcon.colcon_core.package_identification:_identify(src/autoware_adapi_v1_msgs) by extension 'ignore_ament_install'
[0.141s] Level 1:colcon.colcon_core.package_identification:_identify(src/autoware_adapi_v1_msgs) by extensions ['colcon_pkg']
[0.141s] Level 1:colcon.colcon_core.package_identification:_identify(src/autoware_adapi_v1_msgs) by extension 'colcon_pkg'
[0.141s] Level 1:colcon.colcon_core.package_identification:_identify(src/autoware_adapi_v1_msgs) by extensions ['colcon_meta']
[0.141s] Level 1:colcon.colcon_core.package_identification:_identify(src/autoware_adapi_v1_msgs) by extension 'colcon_meta'
[0.141s] Level 1:colcon.colcon_core.package_identification:_identify(src/autoware_adapi_v1_msgs) by extensions ['ros']
[0.141s] Level 1:colcon.colcon_core.package_identification:_identify(src/autoware_adapi_v1_msgs) by extension 'ros'
[0.143s] DEBUG:colcon.colcon_core.package_identification:Package 'src/autoware_adapi_v1_msgs' with type 'ros.ament_cmake' and name 'autoware_adapi_v1_msgs'
[0.143s] Level 1:colcon.colcon_core.package_identification:_identify(src/autoware_auto_control_msgs) by extensions ['ignore', 'ignore_ament_install']
[0.143s] Level 1:colcon.colcon_core.package_identification:_identify(src/autoware_auto_control_msgs) by extension 'ignore'
[0.143s] Level 1:colcon.colcon_core.package_identification:_identify(src/autoware_auto_control_msgs) by extension 'ignore_ament_install'
[0.143s] Level 1:colcon.colcon_core.package_identification:_identify(src/autoware_auto_control_msgs) by extensions ['colcon_pkg']
[0.143s] Level 1:colcon.colcon_core.package_identification:_identify(src/autoware_auto_control_msgs) by extension 'colcon_pkg'
[0.143s] Level 1:colcon.colcon_core.package_identification:_identify(src/autoware_auto_control_msgs) by extensions ['colcon_meta']
[0.143s] Level 1:colcon.colcon_core.package_identification:_identify(src/autoware_auto_control_msgs) by extension 'colcon_meta'
[0.143s] Level 1:colcon.colcon_core.package_identification:_identify(src/autoware_auto_control_msgs) by extensions ['ros']
[0.143s] Level 1:colcon.colcon_core.package_identification:_identify(src/autoware_auto_control_msgs) by extension 'ros'
[0.144s] DEBUG:colcon.colcon_core.package_identification:Package 'src/autoware_auto_control_msgs' with type 'ros.ament_cmake' and name 'autoware_auto_control_msgs'
[0.144s] Level 1:colcon.colcon_core.package_identification:_identify(src/autoware_auto_geometry_msgs) by extensions ['ignore', 'ignore_ament_install']
[0.144s] Level 1:colcon.colcon_core.package_identification:_identify(src/autoware_auto_geometry_msgs) by extension 'ignore'
[0.144s] Level 1:colcon.colcon_core.package_identification:_identify(src/autoware_auto_geometry_msgs) by extension 'ignore_ament_install'
[0.144s] Level 1:colcon.colcon_core.package_identification:_identify(src/autoware_auto_geometry_msgs) by extensions ['colcon_pkg']
[0.144s] Level 1:colcon.colcon_core.package_identification:_identify(src/autoware_auto_geometry_msgs) by extension 'colcon_pkg'
[0.144s] Level 1:colcon.colcon_core.package_identification:_identify(src/autoware_auto_geometry_msgs) by extensions ['colcon_meta']
[0.144s] Level 1:colcon.colcon_core.package_identification:_identify(src/autoware_auto_geometry_msgs) by extension 'colcon_meta'
[0.144s] Level 1:colcon.colcon_core.package_identification:_identify(src/autoware_auto_geometry_msgs) by extensions ['ros']
[0.144s] Level 1:colcon.colcon_core.package_identification:_identify(src/autoware_auto_geometry_msgs) by extension 'ros'
[0.145s] DEBUG:colcon.colcon_core.package_identification:Package 'src/autoware_auto_geometry_msgs' with type 'ros.ament_cmake' and name 'autoware_auto_geometry_msgs'
[0.145s] Level 1:colcon.colcon_core.package_identification:_identify(src/autoware_auto_mapping_msgs) by extensions ['ignore', 'ignore_ament_install']
[0.145s] Level 1:colcon.colcon_core.package_identification:_identify(src/autoware_auto_mapping_msgs) by extension 'ignore'
[0.145s] Level 1:colcon.colcon_core.package_identification:_identify(src/autoware_auto_mapping_msgs) by extension 'ignore_ament_install'
[0.145s] Level 1:colcon.colcon_core.package_identification:_identify(src/autoware_auto_mapping_msgs) by extensions ['colcon_pkg']
[0.145s] Level 1:colcon.colcon_core.package_identification:_identify(src/autoware_auto_mapping_msgs) by extension 'colcon_pkg'
[0.145s] Level 1:colcon.colcon_core.package_identification:_identify(src/autoware_auto_mapping_msgs) by extensions ['colcon_meta']
[0.145s] Level 1:colcon.colcon_core.package_identification:_identify(src/autoware_auto_mapping_msgs) by extension 'colcon_meta'
[0.145s] Level 1:colcon.colcon_core.package_identification:_identify(src/autoware_auto_mapping_msgs) by extensions ['ros']
[0.145s] Level 1:colcon.colcon_core.package_identification:_identify(src/autoware_auto_mapping_msgs) by extension 'ros'
[0.145s] DEBUG:colcon.colcon_core.package_identification:Package 'src/autoware_auto_mapping_msgs' with type 'ros.ament_cmake' and name 'autoware_auto_mapping_msgs'
[0.146s] Level 1:colcon.colcon_core.package_identification:_identify(src/autoware_auto_msgs) by extensions ['ignore', 'ignore_ament_install']
[0.146s] Level 1:colcon.colcon_core.package_identification:_identify(src/autoware_auto_msgs) by extension 'ignore'
[0.146s] Level 1:colcon.colcon_core.package_identification:_identify(src/autoware_auto_msgs) by extension 'ignore_ament_install'
[0.146s] Level 1:colcon.colcon_core.package_identification:_identify(src/autoware_auto_msgs) by extensions ['colcon_pkg']
[0.146s] Level 1:colcon.colcon_core.package_identification:_identify(src/autoware_auto_msgs) by extension 'colcon_pkg'
[0.146s] Level 1:colcon.colcon_core.package_identification:_identify(src/autoware_auto_msgs) by extensions ['colcon_meta']
[0.146s] Level 1:colcon.colcon_core.package_identification:_identify(src/autoware_auto_msgs) by extension 'colcon_meta'
[0.146s] Level 1:colcon.colcon_core.package_identification:_identify(src/autoware_auto_msgs) by extensions ['ros']
[0.146s] Level 1:colcon.colcon_core.package_identification:_identify(src/autoware_auto_msgs) by extension 'ros'
[0.146s] DEBUG:colcon.colcon_core.package_identification:Package 'src/autoware_auto_msgs' with type 'ros.ament_cmake' and name 'autoware_auto_msgs'
[0.146s] Level 1:colcon.colcon_core.package_identification:_identify(src/autoware_auto_perception_msgs) by extensions ['ignore', 'ignore_ament_install']
[0.146s] Level 1:colcon.colcon_core.package_identification:_identify(src/autoware_auto_perception_msgs) by extension 'ignore'
[0.147s] Level 1:colcon.colcon_core.package_identification:_identify(src/autoware_auto_perception_msgs) by extension 'ignore_ament_install'
[0.147s] Level 1:colcon.colcon_core.package_identification:_identify(src/autoware_auto_perception_msgs) by extensions ['colcon_pkg']
[0.147s] Level 1:colcon.colcon_core.package_identification:_identify(src/autoware_auto_perception_msgs) by extension 'colcon_pkg'
[0.147s] Level 1:colcon.colcon_core.package_identification:_identify(src/autoware_auto_perception_msgs) by extensions ['colcon_meta']
[0.147s] Level 1:colcon.colcon_core.package_identification:_identify(src/autoware_auto_perception_msgs) by extension 'colcon_meta'
[0.147s] Level 1:colcon.colcon_core.package_identification:_identify(src/autoware_auto_perception_msgs) by extensions ['ros']
[0.147s] Level 1:colcon.colcon_core.package_identification:_identify(src/autoware_auto_perception_msgs) by extension 'ros'
[0.147s] DEBUG:colcon.colcon_core.package_identification:Package 'src/autoware_auto_perception_msgs' with type 'ros.ament_cmake' and name 'autoware_auto_perception_msgs'
[0.147s] Level 1:colcon.colcon_core.package_identification:_identify(src/autoware_auto_planning_msgs) by extensions ['ignore', 'ignore_ament_install']
[0.147s] Level 1:colcon.colcon_core.package_identification:_identify(src/autoware_auto_planning_msgs) by extension 'ignore'
[0.148s] Level 1:colcon.colcon_core.package_identification:_identify(src/autoware_auto_planning_msgs) by extension 'ignore_ament_install'
[0.148s] Level 1:colcon.colcon_core.package_identification:_identify(src/autoware_auto_planning_msgs) by extensions ['colcon_pkg']
[0.148s] Level 1:colcon.colcon_core.package_identification:_identify(src/autoware_auto_planning_msgs) by extension 'colcon_pkg'
[0.148s] Level 1:colcon.colcon_core.package_identification:_identify(src/autoware_auto_planning_msgs) by extensions ['colcon_meta']
[0.148s] Level 1:colcon.colcon_core.package_identification:_identify(src/autoware_auto_planning_msgs) by extension 'colcon_meta'
[0.148s] Level 1:colcon.colcon_core.package_identification:_identify(src/autoware_auto_planning_msgs) by extensions ['ros']
[0.148s] Level 1:colcon.colcon_core.package_identification:_identify(src/autoware_auto_planning_msgs) by extension 'ros'
[0.148s] DEBUG:colcon.colcon_core.package_identification:Package 'src/autoware_auto_planning_msgs' with type 'ros.ament_cmake' and name 'autoware_auto_planning_msgs'
[0.148s] Level 1:colcon.colcon_core.package_identification:_identify(src/autoware_auto_system_msgs) by extensions ['ignore', 'ignore_ament_install']
[0.149s] Level 1:colcon.colcon_core.package_identification:_identify(src/autoware_auto_system_msgs) by extension 'ignore'
[0.149s] Level 1:colcon.colcon_core.package_identification:_identify(src/autoware_auto_system_msgs) by extension 'ignore_ament_install'
[0.149s] Level 1:colcon.colcon_core.package_identification:_identify(src/autoware_auto_system_msgs) by extensions ['colcon_pkg']
[0.149s] Level 1:colcon.colcon_core.package_identification:_identify(src/autoware_auto_system_msgs) by extension 'colcon_pkg'
[0.149s] Level 1:colcon.colcon_core.package_identification:_identify(src/autoware_auto_system_msgs) by extensions ['colcon_meta']
[0.149s] Level 1:colcon.colcon_core.package_identification:_identify(src/autoware_auto_system_msgs) by extension 'colcon_meta'
[0.149s] Level 1:colcon.colcon_core.package_identification:_identify(src/autoware_auto_system_msgs) by extensions ['ros']
[0.149s] Level 1:colcon.colcon_core.package_identification:_identify(src/autoware_auto_system_msgs) by extension 'ros'
[0.149s] DEBUG:colcon.colcon_core.package_identification:Package 'src/autoware_auto_system_msgs' with type 'ros.ament_cmake' and name 'autoware_auto_system_msgs'
[0.149s] Level 1:colcon.colcon_core.package_identification:_identify(src/autoware_auto_vehicle_msgs) by extensions ['ignore', 'ignore_ament_install']
[0.149s] Level 1:colcon.colcon_core.package_identification:_identify(src/autoware_auto_vehicle_msgs) by extension 'ignore'
[0.149s] Level 1:colcon.colcon_core.package_identification:_identify(src/autoware_auto_vehicle_msgs) by extension 'ignore_ament_install'
[0.150s] Level 1:colcon.colcon_core.package_identification:_identify(src/autoware_auto_vehicle_msgs) by extensions ['colcon_pkg']
[0.150s] Level 1:colcon.colcon_core.package_identification:_identify(src/autoware_auto_vehicle_msgs) by extension 'colcon_pkg'
[0.150s] Level 1:colcon.colcon_core.package_identification:_identify(src/autoware_auto_vehicle_msgs) by extensions ['colcon_meta']
[0.150s] Level 1:colcon.colcon_core.package_identification:_identify(src/autoware_auto_vehicle_msgs) by extension 'colcon_meta'
[0.150s] Level 1:colcon.colcon_core.package_identification:_identify(src/autoware_auto_vehicle_msgs) by extensions ['ros']
[0.150s] Level 1:colcon.colcon_core.package_identification:_identify(src/autoware_auto_vehicle_msgs) by extension 'ros'
[0.150s] DEBUG:colcon.colcon_core.package_identification:Package 'src/autoware_auto_vehicle_msgs' with type 'ros.ament_cmake' and name 'autoware_auto_vehicle_msgs'
[0.150s] Level 1:colcon.colcon_core.package_identification:_identify(src/infrastructure) by extensions ['ignore', 'ignore_ament_install']
[0.150s] Level 1:colcon.colcon_core.package_identification:_identify(src/infrastructure) by extension 'ignore'
[0.150s] Level 1:colcon.colcon_core.package_identification:_identify(src/infrastructure) by extension 'ignore_ament_install'
[0.150s] Level 1:colcon.colcon_core.package_identification:_identify(src/infrastructure) by extensions ['colcon_pkg']
[0.150s] Level 1:colcon.colcon_core.package_identification:_identify(src/infrastructure) by extension 'colcon_pkg'
[0.151s] Level 1:colcon.colcon_core.package_identification:_identify(src/infrastructure) by extensions ['colcon_meta']
[0.151s] Level 1:colcon.colcon_core.package_identification:_identify(src/infrastructure) by extension 'colcon_meta'
[0.151s] Level 1:colcon.colcon_core.package_identification:_identify(src/infrastructure) by extensions ['ros']
[0.151s] Level 1:colcon.colcon_core.package_identification:_identify(src/infrastructure) by extension 'ros'
[0.151s] DEBUG:colcon.colcon_core.package_identification:Package 'src/infrastructure' with type 'ros.ament_python' and name 'infrastructure'
[0.151s] Level 1:colcon.colcon_core.package_identification:_identify(src/map) by extensions ['ignore', 'ignore_ament_install']
[0.151s] Level 1:colcon.colcon_core.package_identification:_identify(src/map) by extension 'ignore'
[0.151s] Level 1:colcon.colcon_core.package_identification:_identify(src/map) by extension 'ignore_ament_install'
[0.151s] Level 1:colcon.colcon_core.package_identification:_identify(src/map) by extensions ['colcon_pkg']
[0.151s] Level 1:colcon.colcon_core.package_identification:_identify(src/map) by extension 'colcon_pkg'
[0.151s] Level 1:colcon.colcon_core.package_identification:_identify(src/map) by extensions ['colcon_meta']
[0.151s] Level 1:colcon.colcon_core.package_identification:_identify(src/map) by extension 'colcon_meta'
[0.151s] Level 1:colcon.colcon_core.package_identification:_identify(src/map) by extensions ['ros']
[0.151s] Level 1:colcon.colcon_core.package_identification:_identify(src/map) by extension 'ros'
[0.152s] DEBUG:colcon.colcon_core.package_identification:Package 'src/map' with type 'ros.ament_python' and name 'map'
[0.152s] Level 1:colcon.colcon_core.package_identification:_identify(src/v2x_msg) by extensions ['ignore', 'ignore_ament_install']
[0.152s] Level 1:colcon.colcon_core.package_identification:_identify(src/v2x_msg) by extension 'ignore'
[0.152s] Level 1:colcon.colcon_core.package_identification:_identify(src/v2x_msg) by extension 'ignore_ament_install'
[0.152s] Level 1:colcon.colcon_core.package_identification:_identify(src/v2x_msg) by extensions ['colcon_pkg']
[0.152s] Level 1:colcon.colcon_core.package_identification:_identify(src/v2x_msg) by extension 'colcon_pkg'
[0.152s] Level 1:colcon.colcon_core.package_identification:_identify(src/v2x_msg) by extensions ['colcon_meta']
[0.152s] Level 1:colcon.colcon_core.package_identification:_identify(src/v2x_msg) by extension 'colcon_meta'
[0.152s] Level 1:colcon.colcon_core.package_identification:_identify(src/v2x_msg) by extensions ['ros']
[0.152s] Level 1:colcon.colcon_core.package_identification:_identify(src/v2x_msg) by extension 'ros'
[0.153s] DEBUG:colcon.colcon_core.package_identification:Package 'src/v2x_msg' with type 'ros.ament_cmake' and name 'v2x_msg'
[0.153s] Level 1:colcon.colcon_core.package_identification:_identify(src/vehicle) by extensions ['ignore', 'ignore_ament_install']
[0.153s] Level 1:colcon.colcon_core.package_identification:_identify(src/vehicle) by extension 'ignore'
[0.153s] Level 1:colcon.colcon_core.package_identification:_identify(src/vehicle) by extension 'ignore_ament_install'
[0.153s] Level 1:colcon.colcon_core.package_identification:_identify(src/vehicle) by extensions ['colcon_pkg']
[0.153s] Level 1:colcon.colcon_core.package_identification:_identify(src/vehicle) by extension 'colcon_pkg'
[0.153s] Level 1:colcon.colcon_core.package_identification:_identify(src/vehicle) by extensions ['colcon_meta']
[0.153s] Level 1:colcon.colcon_core.package_identification:_identify(src/vehicle) by extension 'colcon_meta'
[0.153s] Level 1:colcon.colcon_core.package_identification:_identify(src/vehicle) by extensions ['ros']
[0.153s] Level 1:colcon.colcon_core.package_identification:_identify(src/vehicle) by extension 'ros'
[0.153s] DEBUG:colcon.colcon_core.package_identification:Package 'src/vehicle' with type 'ros.ament_python' and name 'vehicle'
[0.153s] Level 1:colcon.colcon_core.package_discovery:discover_packages(recursive) using defaults
[0.153s] Level 1:colcon.colcon_core.package_discovery:discover_packages(ignore) discover
[0.153s] Level 1:colcon.colcon_core.package_discovery:discover_packages(ignore) using defaults
[0.153s] Level 1:colcon.colcon_core.package_discovery:discover_packages(path) discover
[0.153s] Level 1:colcon.colcon_core.package_discovery:discover_packages(path) using defaults
[0.171s] INFO:colcon.colcon_core.package_selection:Skipping not selected package 'autoware_adapi_v1_msgs' in 'src/autoware_adapi_v1_msgs'
[0.171s] INFO:colcon.colcon_core.package_selection:Skipping not selected package 'autoware_auto_control_msgs' in 'src/autoware_auto_control_msgs'
[0.171s] INFO:colcon.colcon_core.package_selection:Skipping not selected package 'autoware_auto_geometry_msgs' in 'src/autoware_auto_geometry_msgs'
[0.171s] INFO:colcon.colcon_core.package_selection:Skipping not selected package 'autoware_auto_mapping_msgs' in 'src/autoware_auto_mapping_msgs'
[0.171s] INFO:colcon.colcon_core.package_selection:Skipping not selected package 'autoware_auto_system_msgs' in 'src/autoware_auto_system_msgs'
[0.171s] INFO:colcon.colcon_core.package_selection:Skipping not selected package 'infrastructure' in 'src/infrastructure'
[0.171s] INFO:colcon.colcon_core.package_selection:Skipping not selected package 'map' in 'src/map'
[0.171s] INFO:colcon.colcon_core.package_selection:Skipping not selected package 'vehicle' in 'src/vehicle'
[0.171s] INFO:colcon.colcon_core.package_selection:Skipping not selected package 'autoware_auto_perception_msgs' in 'src/autoware_auto_perception_msgs'
[0.171s] INFO:colcon.colcon_core.package_selection:Skipping not selected package 'autoware_auto_planning_msgs' in 'src/autoware_auto_planning_msgs'
[0.171s] INFO:colcon.colcon_core.package_selection:Skipping not selected package 'autoware_auto_vehicle_msgs' in 'src/autoware_auto_vehicle_msgs'
[0.171s] INFO:colcon.colcon_core.package_selection:Skipping not selected package 'autoware_auto_msgs' in 'src/autoware_auto_msgs'
[0.171s] Level 1:colcon.colcon_core.package_discovery:discover_packages(prefix_path) check parameters
[0.171s] Level 1:colcon.colcon_core.package_discovery:discover_packages(prefix_path) discover
[0.172s] DEBUG:colcon.colcon_installed_package_information.package_discovery:Found 1 installed packages in /media/william/blueicedrive/Github/AutowareUniverse-Carla/install
[0.173s] DEBUG:colcon.colcon_installed_package_information.package_discovery:Found 270 installed packages in /opt/ros/humble
[0.174s] Level 1:colcon.colcon_core.package_discovery:discover_packages(prefix_path) using defaults
[0.190s] Level 5:colcon.colcon_core.verb:set package 'v2x_msg' build argument 'cmake_args' from command line to 'None'
[0.190s] Level 5:colcon.colcon_core.verb:set package 'v2x_msg' build argument 'cmake_target' from command line to 'None'
[0.190s] Level 5:colcon.colcon_core.verb:set package 'v2x_msg' build argument 'cmake_target_skip_unavailable' from command line to 'False'
[0.190s] Level 5:colcon.colcon_core.verb:set package 'v2x_msg' build argument 'cmake_clean_cache' from command line to 'False'
[0.190s] Level 5:colcon.colcon_core.verb:set package 'v2x_msg' build argument 'cmake_clean_first' from command line to 'False'
[0.190s] Level 5:colcon.colcon_core.verb:set package 'v2x_msg' build argument 'cmake_force_configure' from command line to 'False'
[0.190s] Level 5:colcon.colcon_core.verb:set package 'v2x_msg' build argument 'ament_cmake_args' from command line to 'None'
[0.190s] Level 5:colcon.colcon_core.verb:set package 'v2x_msg' build argument 'catkin_cmake_args' from command line to 'None'
[0.190s] Level 5:colcon.colcon_core.verb:set package 'v2x_msg' build argument 'catkin_skip_building_tests' from command line to 'False'
[0.190s] DEBUG:colcon.colcon_core.verb:Building package 'v2x_msg' with the following arguments: {'ament_cmake_args': None, 'build_base': '/media/william/blueicedrive/Github/AutowareUniverse-Carla/build/v2x_msg', 'catkin_cmake_args': None, 'catkin_skip_building_tests': False, 'cmake_args': None, 'cmake_clean_cache': False, 'cmake_clean_first': False, 'cmake_force_configure': False, 'cmake_target': None, 'cmake_target_skip_unavailable': False, 'install_base': '/media/william/blueicedrive/Github/AutowareUniverse-Carla/install/v2x_msg', 'merge_install': False, 'path': '/media/william/blueicedrive/Github/AutowareUniverse-Carla/src/v2x_msg', 'symlink_install': False, 'test_result_base': None}
[0.190s] INFO:colcon.colcon_core.executor:Executing jobs using 'parallel' executor
[0.191s] DEBUG:colcon.colcon_parallel_executor.executor.parallel:run_until_complete
[0.191s] INFO:colcon.colcon_ros.task.ament_cmake.build:Building ROS package in '/media/william/blueicedrive/Github/AutowareUniverse-Carla/src/v2x_msg' with build type 'ament_cmake'
[0.191s] INFO:colcon.colcon_cmake.task.cmake.build:Building CMake package in '/media/william/blueicedrive/Github/AutowareUniverse-Carla/src/v2x_msg'
[0.192s] INFO:colcon.colcon_core.plugin_system:Skipping extension 'colcon_core.shell.bat': Not used on non-Windows systems
[0.192s] INFO:colcon.colcon_core.shell:Skip shell extension 'powershell' for command environment: Not usable outside of PowerShell
[0.192s] DEBUG:colcon.colcon_core.shell:Skip shell extension 'dsv' for command environment
[0.237s] DEBUG:colcon.colcon_core.event_handler.log_command:Invoking command in '/media/william/blueicedrive/Github/AutowareUniverse-Carla/build/v2x_msg': CMAKE_PREFIX_PATH=/media/william/blueicedrive/Github/AutowareUniverse-Carla/install/vehicle:/opt/ros/humble /usr/bin/cmake /media/william/blueicedrive/Github/AutowareUniverse-Carla/src/v2x_msg -DCMAKE_INSTALL_PREFIX=/media/william/blueicedrive/Github/AutowareUniverse-Carla/install/v2x_msg
[3.906s] DEBUG:colcon.colcon_core.event_handler.log_command:Invoked command in '/media/william/blueicedrive/Github/AutowareUniverse-Carla/build/v2x_msg' returned '0': CMAKE_PREFIX_PATH=/media/william/blueicedrive/Github/AutowareUniverse-Carla/install/vehicle:/opt/ros/humble /usr/bin/cmake /media/william/blueicedrive/Github/AutowareUniverse-Carla/src/v2x_msg -DCMAKE_INSTALL_PREFIX=/media/william/blueicedrive/Github/AutowareUniverse-Carla/install/v2x_msg
[3.907s] DEBUG:colcon.colcon_core.event_handler.log_command:Invoking command in '/media/william/blueicedrive/Github/AutowareUniverse-Carla/build/v2x_msg': CMAKE_PREFIX_PATH=/media/william/blueicedrive/Github/AutowareUniverse-Carla/install/vehicle:/opt/ros/humble /usr/bin/cmake --build /media/william/blueicedrive/Github/AutowareUniverse-Carla/build/v2x_msg -- -j20 -l20
[52.314s] DEBUG:colcon.colcon_core.event_handler.log_command:Invoked command in '/media/william/blueicedrive/Github/AutowareUniverse-Carla/build/v2x_msg' returned '0': CMAKE_PREFIX_PATH=/media/william/blueicedrive/Github/AutowareUniverse-Carla/install/vehicle:/opt/ros/humble /usr/bin/cmake --build /media/william/blueicedrive/Github/AutowareUniverse-Carla/build/v2x_msg -- -j20 -l20
[54.696s] DEBUG:colcon.colcon_core.event_handler.log_command:Invoking command in '/media/william/blueicedrive/Github/AutowareUniverse-Carla/build/v2x_msg': CMAKE_PREFIX_PATH=/media/william/blueicedrive/Github/AutowareUniverse-Carla/install/vehicle:/opt/ros/humble /usr/bin/cmake --install /media/william/blueicedrive/Github/AutowareUniverse-Carla/build/v2x_msg
[62.257s] Level 1:colcon.colcon_core.environment:create_environment_scripts_only(v2x_msg)
[62.257s] DEBUG:colcon.colcon_core.event_handler.log_command:Invoked command in '/media/william/blueicedrive/Github/AutowareUniverse-Carla/build/v2x_msg' returned '0': CMAKE_PREFIX_PATH=/media/william/blueicedrive/Github/AutowareUniverse-Carla/install/vehicle:/opt/ros/humble /usr/bin/cmake --install /media/william/blueicedrive/Github/AutowareUniverse-Carla/build/v2x_msg
[62.259s] Level 1:colcon.colcon_core.environment:checking '/media/william/blueicedrive/Github/AutowareUniverse-Carla/install/v2x_msg' for CMake module files
[62.261s] Level 1:colcon.colcon_core.environment:checking '/media/william/blueicedrive/Github/AutowareUniverse-Carla/install/v2x_msg' for CMake config files
[62.264s] Level 1:colcon.colcon_core.shell:create_environment_hook('v2x_msg', 'cmake_prefix_path')
[62.264s] INFO:colcon.colcon_core.shell:Creating environment hook '/media/william/blueicedrive/Github/AutowareUniverse-Carla/install/v2x_msg/share/v2x_msg/hook/cmake_prefix_path.ps1'
[62.265s] INFO:colcon.colcon_core.shell:Creating environment descriptor '/media/william/blueicedrive/Github/AutowareUniverse-Carla/install/v2x_msg/share/v2x_msg/hook/cmake_prefix_path.dsv'
[62.265s] INFO:colcon.colcon_core.shell:Creating environment hook '/media/william/blueicedrive/Github/AutowareUniverse-Carla/install/v2x_msg/share/v2x_msg/hook/cmake_prefix_path.sh'
[62.266s] Level 1:colcon.colcon_core.environment:checking '/media/william/blueicedrive/Github/AutowareUniverse-Carla/install/v2x_msg/lib'
[62.266s] Level 1:colcon.colcon_core.shell:create_environment_hook('v2x_msg', 'ld_library_path_lib')
[62.267s] INFO:colcon.colcon_core.shell:Creating environment hook '/media/william/blueicedrive/Github/AutowareUniverse-Carla/install/v2x_msg/share/v2x_msg/hook/ld_library_path_lib.ps1'
[62.267s] INFO:colcon.colcon_core.shell:Creating environment descriptor '/media/william/blueicedrive/Github/AutowareUniverse-Carla/install/v2x_msg/share/v2x_msg/hook/ld_library_path_lib.dsv'
[62.268s] INFO:colcon.colcon_core.shell:Creating environment hook '/media/william/blueicedrive/Github/AutowareUniverse-Carla/install/v2x_msg/share/v2x_msg/hook/ld_library_path_lib.sh'
[62.268s] Level 1:colcon.colcon_core.environment:checking '/media/william/blueicedrive/Github/AutowareUniverse-Carla/install/v2x_msg/bin'
[62.268s] Level 1:colcon.colcon_core.environment:checking '/media/william/blueicedrive/Github/AutowareUniverse-Carla/install/v2x_msg/lib/pkgconfig/v2x_msg.pc'
[62.268s] Level 1:colcon.colcon_core.environment:checking '/media/william/blueicedrive/Github/AutowareUniverse-Carla/install/v2x_msg/lib/python3.10/site-packages'
[62.268s] Level 1:colcon.colcon_core.environment:checking '/media/william/blueicedrive/Github/AutowareUniverse-Carla/install/v2x_msg/bin'
[62.269s] INFO:colcon.colcon_core.shell:Creating package script '/media/william/blueicedrive/Github/AutowareUniverse-Carla/install/v2x_msg/share/v2x_msg/package.ps1'
[62.269s] INFO:colcon.colcon_core.shell:Creating package descriptor '/media/william/blueicedrive/Github/AutowareUniverse-Carla/install/v2x_msg/share/v2x_msg/package.dsv'
[62.270s] INFO:colcon.colcon_core.shell:Creating package script '/media/william/blueicedrive/Github/AutowareUniverse-Carla/install/v2x_msg/share/v2x_msg/package.sh'
[62.271s] INFO:colcon.colcon_core.shell:Creating package script '/media/william/blueicedrive/Github/AutowareUniverse-Carla/install/v2x_msg/share/v2x_msg/package.bash'
[62.280s] INFO:colcon.colcon_core.shell:Creating package script '/media/william/blueicedrive/Github/AutowareUniverse-Carla/install/v2x_msg/share/v2x_msg/package.zsh'
[62.280s] Level 1:colcon.colcon_core.environment:create_file_with_runtime_dependencies(/media/william/blueicedrive/Github/AutowareUniverse-Carla/install/v2x_msg/share/colcon-core/packages/v2x_msg)
[65.580s] Level 1:colcon.colcon_core.environment:create_environment_scripts_only(v2x_msg)
[65.580s] Level 1:colcon.colcon_core.environment:checking '/media/william/blueicedrive/Github/AutowareUniverse-Carla/install/v2x_msg' for CMake module files
[65.583s] Level 1:colcon.colcon_core.environment:checking '/media/william/blueicedrive/Github/AutowareUniverse-Carla/install/v2x_msg' for CMake config files
[65.587s] Level 1:colcon.colcon_core.shell:create_environment_hook('v2x_msg', 'cmake_prefix_path')
[65.587s] INFO:colcon.colcon_core.shell:Creating environment hook '/media/william/blueicedrive/Github/AutowareUniverse-Carla/install/v2x_msg/share/v2x_msg/hook/cmake_prefix_path.ps1'
[65.587s] INFO:colcon.colcon_core.shell:Creating environment descriptor '/media/william/blueicedrive/Github/AutowareUniverse-Carla/install/v2x_msg/share/v2x_msg/hook/cmake_prefix_path.dsv'
[65.588s] INFO:colcon.colcon_core.shell:Creating environment hook '/media/william/blueicedrive/Github/AutowareUniverse-Carla/install/v2x_msg/share/v2x_msg/hook/cmake_prefix_path.sh'
[65.588s] Level 1:colcon.colcon_core.environment:checking '/media/william/blueicedrive/Github/AutowareUniverse-Carla/install/v2x_msg/lib'
[65.588s] Level 1:colcon.colcon_core.shell:create_environment_hook('v2x_msg', 'ld_library_path_lib')
[65.588s] INFO:colcon.colcon_core.shell:Creating environment hook '/media/william/blueicedrive/Github/AutowareUniverse-Carla/install/v2x_msg/share/v2x_msg/hook/ld_library_path_lib.ps1'
[65.589s] INFO:colcon.colcon_core.shell:Creating environment descriptor '/media/william/blueicedrive/Github/AutowareUniverse-Carla/install/v2x_msg/share/v2x_msg/hook/ld_library_path_lib.dsv'
[65.589s] INFO:colcon.colcon_core.shell:Creating environment hook '/media/william/blueicedrive/Github/AutowareUniverse-Carla/install/v2x_msg/share/v2x_msg/hook/ld_library_path_lib.sh'
[65.589s] Level 1:colcon.colcon_core.environment:checking '/media/william/blueicedrive/Github/AutowareUniverse-Carla/install/v2x_msg/bin'
[65.589s] Level 1:colcon.colcon_core.environment:checking '/media/william/blueicedrive/Github/AutowareUniverse-Carla/install/v2x_msg/lib/pkgconfig/v2x_msg.pc'
[65.589s] Level 1:colcon.colcon_core.environment:checking '/media/william/blueicedrive/Github/AutowareUniverse-Carla/install/v2x_msg/lib/python3.10/site-packages'
[65.589s] Level 1:colcon.colcon_core.environment:checking '/media/william/blueicedrive/Github/AutowareUniverse-Carla/install/v2x_msg/bin'
[65.590s] INFO:colcon.colcon_core.shell:Creating package script '/media/william/blueicedrive/Github/AutowareUniverse-Carla/install/v2x_msg/share/v2x_msg/package.ps1'
[65.590s] INFO:colcon.colcon_core.shell:Creating package descriptor '/media/william/blueicedrive/Github/AutowareUniverse-Carla/install/v2x_msg/share/v2x_msg/package.dsv'
[65.590s] INFO:colcon.colcon_core.shell:Creating package script '/media/william/blueicedrive/Github/AutowareUniverse-Carla/install/v2x_msg/share/v2x_msg/package.sh'
[65.591s] INFO:colcon.colcon_core.shell:Creating package script '/media/william/blueicedrive/Github/AutowareUniverse-Carla/install/v2x_msg/share/v2x_msg/package.bash'
[65.591s] INFO:colcon.colcon_core.shell:Creating package script '/media/william/blueicedrive/Github/AutowareUniverse-Carla/install/v2x_msg/share/v2x_msg/package.zsh'
[65.591s] Level 1:colcon.colcon_core.environment:create_file_with_runtime_dependencies(/media/william/blueicedrive/Github/AutowareUniverse-Carla/install/v2x_msg/share/colcon-core/packages/v2x_msg)
[65.592s] DEBUG:colcon.colcon_parallel_executor.executor.parallel:closing loop
[65.592s] DEBUG:colcon.colcon_parallel_executor.executor.parallel:loop closed
[65.592s] DEBUG:colcon.colcon_parallel_executor.executor.parallel:run_until_complete finished with '0'
[65.592s] DEBUG:colcon.colcon_core.event_reactor:joining thread
[65.595s] INFO:colcon.colcon_core.plugin_system:Skipping extension 'colcon_notification.desktop_notification.terminal_notifier': Not used on non-Darwin systems
[65.595s] INFO:colcon.colcon_core.plugin_system:Skipping extension 'colcon_notification.desktop_notification.win32': Not used on non-Windows systems
[65.595s] INFO:colcon.colcon_notification.desktop_notification:Sending desktop notification using 'notify2'
[65.602s] DEBUG:colcon.colcon_core.event_reactor:joined thread
[65.602s] INFO:colcon.colcon_core.shell:Creating prefix script '/media/william/blueicedrive/Github/AutowareUniverse-Carla/install/local_setup.ps1'
[65.603s] INFO:colcon.colcon_core.shell:Creating prefix util module '/media/william/blueicedrive/Github/AutowareUniverse-Carla/install/_local_setup_util_ps1.py'
[65.604s] INFO:colcon.colcon_core.shell:Creating prefix chain script '/media/william/blueicedrive/Github/AutowareUniverse-Carla/install/setup.ps1'
[65.604s] INFO:colcon.colcon_core.shell:Creating prefix script '/media/william/blueicedrive/Github/AutowareUniverse-Carla/install/local_setup.sh'
[65.605s] INFO:colcon.colcon_core.shell:Creating prefix util module '/media/william/blueicedrive/Github/AutowareUniverse-Carla/install/_local_setup_util_sh.py'
[65.605s] INFO:colcon.colcon_core.shell:Creating prefix chain script '/media/william/blueicedrive/Github/AutowareUniverse-Carla/install/setup.sh'
[65.606s] INFO:colcon.colcon_core.shell:Creating prefix script '/media/william/blueicedrive/Github/AutowareUniverse-Carla/install/local_setup.bash'
[65.606s] INFO:colcon.colcon_core.shell:Creating prefix chain script '/media/william/blueicedrive/Github/AutowareUniverse-Carla/install/setup.bash'
[65.607s] INFO:colcon.colcon_core.shell:Creating prefix script '/media/william/blueicedrive/Github/AutowareUniverse-Carla/install/local_setup.zsh'
[65.607s] INFO:colcon.colcon_core.shell:Creating prefix chain script '/media/william/blueicedrive/Github/AutowareUniverse-Carla/install/setup.zsh'
