[1.024s] Invoking command in '/home/carla/Github/C-V2X-Autoware-Carla/build/vehicle': PYTHONPATH=/home/carla/Github/C-V2X-Autoware-Carla/build/vehicle/prefix_override:/home/carla/Github/C-V2X-Autoware-Carla/install/vehicle/lib/python3.8/site-packages:${PYTHONPATH} /usr/bin/python3 setup.py develop --uninstall --editable --build-directory /home/carla/Github/C-V2X-Autoware-Carla/build/vehicle/build
[1.451s] running develop
[1.585s] Invoked command in '/home/carla/Github/C-V2X-Autoware-Carla/build/vehicle' returned '0': PYTHONPATH=/home/carla/Github/C-V2X-Autoware-Carla/build/vehicle/prefix_override:/home/carla/Github/C-V2X-Autoware-Carla/install/vehicle/lib/python3.8/site-packages:${PYTHONPATH} /usr/bin/python3 setup.py develop --uninstall --editable --build-directory /home/carla/Github/C-V2X-Autoware-Carla/build/vehicle/build
[1.587s] Invoking command in '/home/carla/Github/C-V2X-Autoware-Carla/src/vehicle': PYTHONPATH=/home/carla/Github/C-V2X-Autoware-Carla/build/vehicle/prefix_override:/home/carla/Github/C-V2X-Autoware-Carla/install/vehicle/lib/python3.8/site-packages:${PYTHONPATH} /usr/bin/python3 setup.py egg_info --egg-base ../../build/vehicle build --build-base /home/carla/Github/C-V2X-Autoware-Carla/build/vehicle/build install --record /home/carla/Github/C-V2X-Autoware-Carla/build/vehicle/install.log --single-version-externally-managed
[1.998s] running egg_info
[1.998s] writing ../../build/vehicle/vehicle.egg-info/PKG-INFO
[1.998s] writing dependency_links to ../../build/vehicle/vehicle.egg-info/dependency_links.txt
[1.998s] writing entry points to ../../build/vehicle/vehicle.egg-info/entry_points.txt
[1.998s] writing requirements to ../../build/vehicle/vehicle.egg-info/requires.txt
[1.998s] writing top-level names to ../../build/vehicle/vehicle.egg-info/top_level.txt
[2.021s] reading manifest file '../../build/vehicle/vehicle.egg-info/SOURCES.txt'
[2.021s] writing manifest file '../../build/vehicle/vehicle.egg-info/SOURCES.txt'
[2.021s] running build
[2.021s] running build_py
[2.021s] copying vehicle/host_vehicle.py -> /home/carla/Github/C-V2X-Autoware-Carla/build/vehicle/build/lib/vehicle
[2.022s] running install
[2.023s] running install_lib
[2.024s] copying /home/carla/Github/C-V2X-Autoware-Carla/build/vehicle/build/lib/vehicle/host_vehicle.py -> /home/carla/Github/C-V2X-Autoware-Carla/install/vehicle/lib/python3.8/site-packages/vehicle
[2.025s] byte-compiling /home/carla/Github/C-V2X-Autoware-Carla/install/vehicle/lib/python3.8/site-packages/vehicle/host_vehicle.py to host_vehicle.cpython-38.pyc
[2.028s] running install_data
[2.028s] running install_egg_info
[2.030s] removing '/home/carla/Github/C-V2X-Autoware-Carla/install/vehicle/lib/python3.8/site-packages/vehicle-0.0.0-py3.8.egg-info' (and everything under it)
[2.030s] Copying ../../build/vehicle/vehicle.egg-info to /home/carla/Github/C-V2X-Autoware-Carla/install/vehicle/lib/python3.8/site-packages/vehicle-0.0.0-py3.8.egg-info
[2.030s] running install_scripts
[2.048s] Installing host_vehicle script to /home/carla/Github/C-V2X-Autoware-Carla/install/vehicle/lib/vehicle
[2.048s] Installing remote_vehicle script to /home/carla/Github/C-V2X-Autoware-Carla/install/vehicle/lib/vehicle
[2.048s] writing list of installed files to '/home/carla/Github/C-V2X-Autoware-Carla/build/vehicle/install.log'
[2.062s] Invoked command in '/home/carla/Github/C-V2X-Autoware-Carla/src/vehicle' returned '0': PYTHONPATH=/home/carla/Github/C-V2X-Autoware-Carla/build/vehicle/prefix_override:/home/carla/Github/C-V2X-Autoware-Carla/install/vehicle/lib/python3.8/site-packages:${PYTHONPATH} /usr/bin/python3 setup.py egg_info --egg-base ../../build/vehicle build --build-base /home/carla/Github/C-V2X-Autoware-Carla/build/vehicle/build install --record /home/carla/Github/C-V2X-Autoware-Carla/build/vehicle/install.log --single-version-externally-managed
