[0.869s] Invoking command in '/home/carla/Documents/GitHub/C-V2X-Autoware-Carla/build/vehicle': PYTHONPATH=/home/carla/Documents/GitHub/C-V2X-Autoware-Carla/install/vehicle/lib/python3.8/site-packages:${PYTHONPATH} /usr/bin/python3 setup.py develop --prefix /home/carla/Documents/GitHub/C-V2X-Autoware-Carla/install/vehicle --uninstall --editable --build-directory /home/carla/Documents/GitHub/C-V2X-Autoware-Carla/build/vehicle/build
[1.134s] running develop
[1.134s] /home/carla/.local/lib/python3.8/site-packages/setuptools/command/easy_install.py:144: EasyInstallDeprecationWarning: easy_install command is deprecated. Use build and pip and other standards-based tools.
[1.134s]   warnings.warn(
[1.182s] /home/carla/.local/lib/python3.8/site-packages/setuptools/command/install.py:34: SetuptoolsDeprecationWarning: setup.py install is deprecated. Use build and pip and other standards-based tools.
[1.182s]   warnings.warn(
[1.293s] /home/carla/.local/lib/python3.8/site-packages/pkg_resources/__init__.py:123: PkgResourcesDeprecationWarning: 0.1.36ubuntu1 is an invalid version and will not be supported in a future release
[1.293s]   warnings.warn(
[1.293s] /home/carla/.local/lib/python3.8/site-packages/pkg_resources/__init__.py:123: PkgResourcesDeprecationWarning: 0.23ubuntu1 is an invalid version and will not be supported in a future release
[1.293s]   warnings.warn(
[1.448s] Invoked command in '/home/carla/Documents/GitHub/C-V2X-Autoware-Carla/build/vehicle' returned '0': PYTHONPATH=/home/carla/Documents/GitHub/C-V2X-Autoware-Carla/install/vehicle/lib/python3.8/site-packages:${PYTHONPATH} /usr/bin/python3 setup.py develop --prefix /home/carla/Documents/GitHub/C-V2X-Autoware-Carla/install/vehicle --uninstall --editable --build-directory /home/carla/Documents/GitHub/C-V2X-Autoware-Carla/build/vehicle/build
[1.449s] Invoking command in '/home/carla/Documents/GitHub/C-V2X-Autoware-Carla/src/vehicle': PYTHONPATH=/home/carla/Documents/GitHub/C-V2X-Autoware-Carla/install/vehicle/lib/python3.8/site-packages:${PYTHONPATH} /usr/bin/python3 setup.py egg_info --egg-base ../../build/vehicle build --build-base /home/carla/Documents/GitHub/C-V2X-Autoware-Carla/build/vehicle/build install --prefix /home/carla/Documents/GitHub/C-V2X-Autoware-Carla/install/vehicle --record /home/carla/Documents/GitHub/C-V2X-Autoware-Carla/build/vehicle/install.log --single-version-externally-managed
[1.641s] running egg_info
[1.651s] writing ../../build/vehicle/vehicle.egg-info/PKG-INFO
[1.651s] writing dependency_links to ../../build/vehicle/vehicle.egg-info/dependency_links.txt
[1.651s] writing entry points to ../../build/vehicle/vehicle.egg-info/entry_points.txt
[1.651s] writing requirements to ../../build/vehicle/vehicle.egg-info/requires.txt
[1.651s] writing top-level names to ../../build/vehicle/vehicle.egg-info/top_level.txt
[1.666s] reading manifest file '../../build/vehicle/vehicle.egg-info/SOURCES.txt'
[1.667s] writing manifest file '../../build/vehicle/vehicle.egg-info/SOURCES.txt'
[1.667s] running build
[1.667s] running build_py
[1.667s] running install
[1.667s] /home/carla/.local/lib/python3.8/site-packages/setuptools/command/install.py:34: SetuptoolsDeprecationWarning: setup.py install is deprecated. Use build and pip and other standards-based tools.
[1.667s]   warnings.warn(
[1.670s] running install_lib
[1.682s] running install_data
[1.690s] running install_egg_info
[1.698s] removing '/home/carla/Documents/GitHub/C-V2X-Autoware-Carla/install/vehicle/lib/python3.8/site-packages/vehicle-0.0.0-py3.8.egg-info' (and everything under it)
[1.699s] Copying ../../build/vehicle/vehicle.egg-info to /home/carla/Documents/GitHub/C-V2X-Autoware-Carla/install/vehicle/lib/python3.8/site-packages/vehicle-0.0.0-py3.8.egg-info
[1.699s] running install_scripts
[1.729s] Installing default_vehicle script to /home/carla/Documents/GitHub/C-V2X-Autoware-Carla/install/vehicle/lib/vehicle
[1.729s] writing list of installed files to '/home/carla/Documents/GitHub/C-V2X-Autoware-Carla/build/vehicle/install.log'
[1.758s] Invoked command in '/home/carla/Documents/GitHub/C-V2X-Autoware-Carla/src/vehicle' returned '0': PYTHONPATH=/home/carla/Documents/GitHub/C-V2X-Autoware-Carla/install/vehicle/lib/python3.8/site-packages:${PYTHONPATH} /usr/bin/python3 setup.py egg_info --egg-base ../../build/vehicle build --build-base /home/carla/Documents/GitHub/C-V2X-Autoware-Carla/build/vehicle/build install --prefix /home/carla/Documents/GitHub/C-V2X-Autoware-Carla/install/vehicle --record /home/carla/Documents/GitHub/C-V2X-Autoware-Carla/build/vehicle/install.log --single-version-externally-managed
