[  0%] Built target v2x_msg__cpp
[  0%] Built target ament_cmake_python_symlink_v2x_msg
[ 12%] Built target v2x_msg__rosidl_generator_c
[ 24%] Built target v2x_msg__rosidl_typesupport_cpp
[ 37%] Built target v2x_msg__rosidl_typesupport_introspection_cpp
[ 49%] Built target v2x_msg__rosidl_typesupport_fastrtps_cpp
[ 62%] Built target v2x_msg__rosidl_typesupport_c
[ 75%] Built target v2x_msg__rosidl_typesupport_fastrtps_c
[ 88%] Built target v2x_msg__rosidl_typesupport_introspection_c
[ 88%] Built target v2x_msg
[ 88%] Built target v2x_msg__py
[100%] Built target v2x_msg__rosidl_generator_py
[100%] Built target v2x_msg__rosidl_typesupport_fastrtps_c__pyext
[100%] Built target v2x_msg__rosidl_typesupport_introspection_c__pyext
[100%] Built target v2x_msg__rosidl_typesupport_c__pyext
running egg_info
writing v2x_msg.egg-info/PKG-INFO
writing dependency_links to v2x_msg.egg-info/dependency_links.txt
writing top-level names to v2x_msg.egg-info/top_level.txt
reading manifest file 'v2x_msg.egg-info/SOURCES.txt'
writing manifest file 'v2x_msg.egg-info/SOURCES.txt'
[100%] Built target ament_cmake_python_build_v2x_msg_egg
