[  1%] Built target autoware_auto_control_msgs__cpp
[ 12%] Built target autoware_auto_control_msgs__rosidl_generator_c
[ 12%] Built target ament_cmake_python_copy_autoware_auto_control_msgs
[ 23%] Built target autoware_auto_control_msgs__rosidl_typesupport_cpp
[ 34%] Built target autoware_auto_control_msgs__rosidl_typesupport_fastrtps_cpp
[ 45%] Built target autoware_auto_control_msgs__rosidl_typesupport_introspection_c
[ 56%] Built target autoware_auto_control_msgs__rosidl_typesupport_c
[ 67%] Built target autoware_auto_control_msgs__rosidl_typesupport_fastrtps_c
[ 78%] Built target autoware_auto_control_msgs__rosidl_typesupport_introspection_cpp
[ 78%] Built target autoware_auto_control_msgs
[ 80%] Built target autoware_auto_control_msgs__py
[ 89%] Built target autoware_auto_control_msgs__rosidl_generator_py
[ 92%] Built target autoware_auto_control_msgs__rosidl_typesupport_fastrtps_c__pyext
[ 98%] Built target autoware_auto_control_msgs__rosidl_typesupport_introspection_c__pyext
[100%] Built target autoware_auto_control_msgs__rosidl_typesupport_c__pyext
running egg_info
writing autoware_auto_control_msgs.egg-info/PKG-INFO
writing dependency_links to autoware_auto_control_msgs.egg-info/dependency_links.txt
writing top-level names to autoware_auto_control_msgs.egg-info/top_level.txt
reading manifest file 'autoware_auto_control_msgs.egg-info/SOURCES.txt'
writing manifest file 'autoware_auto_control_msgs.egg-info/SOURCES.txt'
[100%] Built target ament_cmake_python_build_autoware_auto_control_msgs_egg
-- Install configuration: ""
-- Up-to-date: /home/carla/Github/C-V2X-Autoware-Carla/install/autoware_auto_control_msgs/share/ament_index/resource_index/rosidl_interfaces/autoware_auto_control_msgs
-- Up-to-date: /home/carla/Github/C-V2X-Autoware-Carla/install/autoware_auto_control_msgs/include/autoware_auto_control_msgs/autoware_auto_control_msgs
-- Up-to-date: /home/carla/Github/C-V2X-Autoware-Carla/install/autoware_auto_control_msgs/include/autoware_auto_control_msgs/autoware_auto_control_msgs/msg
-- Up-to-date: /home/carla/Github/C-V2X-Autoware-Carla/install/autoware_auto_control_msgs/include/autoware_auto_control_msgs/autoware_auto_control_msgs/msg/longitudinal_command.h
-- Up-to-date: /home/carla/Github/C-V2X-Autoware-Carla/install/autoware_auto_control_msgs/include/autoware_auto_control_msgs/autoware_auto_control_msgs/msg/ackermann_control_command.h
-- Up-to-date: /home/carla/Github/C-V2X-Autoware-Carla/install/autoware_auto_control_msgs/include/autoware_auto_control_msgs/autoware_auto_control_msgs/msg/high_level_control_command.h
-- Up-to-date: /home/carla/Github/C-V2X-Autoware-Carla/install/autoware_auto_control_msgs/include/autoware_auto_control_msgs/autoware_auto_control_msgs/msg/detail
-- Up-to-date: /home/carla/Github/C-V2X-Autoware-Carla/install/autoware_auto_control_msgs/include/autoware_auto_control_msgs/autoware_auto_control_msgs/msg/detail/ackermann_control_command__functions.c
-- Up-to-date: /home/carla/Github/C-V2X-Autoware-Carla/install/autoware_auto_control_msgs/include/autoware_auto_control_msgs/autoware_auto_control_msgs/msg/detail/ackermann_lateral_command__functions.c
-- Up-to-date: /home/carla/Github/C-V2X-Autoware-Carla/install/autoware_auto_control_msgs/include/autoware_auto_control_msgs/autoware_auto_control_msgs/msg/detail/ackermann_lateral_command__struct.h
-- Up-to-date: /home/carla/Github/C-V2X-Autoware-Carla/install/autoware_auto_control_msgs/include/autoware_auto_control_msgs/autoware_auto_control_msgs/msg/detail/high_level_control_command__type_support.h
-- Up-to-date: /home/carla/Github/C-V2X-Autoware-Carla/install/autoware_auto_control_msgs/include/autoware_auto_control_msgs/autoware_auto_control_msgs/msg/detail/high_level_control_command__struct.h
-- Up-to-date: /home/carla/Github/C-V2X-Autoware-Carla/install/autoware_auto_control_msgs/include/autoware_auto_control_msgs/autoware_auto_control_msgs/msg/detail/longitudinal_command__struct.h
-- Up-to-date: /home/carla/Github/C-V2X-Autoware-Carla/install/autoware_auto_control_msgs/include/autoware_auto_control_msgs/autoware_auto_control_msgs/msg/detail/high_level_control_command__functions.c
-- Up-to-date: /home/carla/Github/C-V2X-Autoware-Carla/install/autoware_auto_control_msgs/include/autoware_auto_control_msgs/autoware_auto_control_msgs/msg/detail/longitudinal_command__functions.h
-- Up-to-date: /home/carla/Github/C-V2X-Autoware-Carla/install/autoware_auto_control_msgs/include/autoware_auto_control_msgs/autoware_auto_control_msgs/msg/detail/ackermann_control_command__type_support.h
-- Up-to-date: /home/carla/Github/C-V2X-Autoware-Carla/install/autoware_auto_control_msgs/include/autoware_auto_control_msgs/autoware_auto_control_msgs/msg/detail/ackermann_control_command__struct.h
-- Up-to-date: /home/carla/Github/C-V2X-Autoware-Carla/install/autoware_auto_control_msgs/include/autoware_auto_control_msgs/autoware_auto_control_msgs/msg/detail/ackermann_lateral_command__functions.h
-- Up-to-date: /home/carla/Github/C-V2X-Autoware-Carla/install/autoware_auto_control_msgs/include/autoware_auto_control_msgs/autoware_auto_control_msgs/msg/detail/longitudinal_command__functions.c
-- Up-to-date: /home/carla/Github/C-V2X-Autoware-Carla/install/autoware_auto_control_msgs/include/autoware_auto_control_msgs/autoware_auto_control_msgs/msg/detail/longitudinal_command__type_support.h
-- Up-to-date: /home/carla/Github/C-V2X-Autoware-Carla/install/autoware_auto_control_msgs/include/autoware_auto_control_msgs/autoware_auto_control_msgs/msg/detail/ackermann_lateral_command__type_support.h
-- Up-to-date: /home/carla/Github/C-V2X-Autoware-Carla/install/autoware_auto_control_msgs/include/autoware_auto_control_msgs/autoware_auto_control_msgs/msg/detail/high_level_control_command__functions.h
-- Up-to-date: /home/carla/Github/C-V2X-Autoware-Carla/install/autoware_auto_control_msgs/include/autoware_auto_control_msgs/autoware_auto_control_msgs/msg/detail/ackermann_control_command__functions.h
-- Up-to-date: /home/carla/Github/C-V2X-Autoware-Carla/install/autoware_auto_control_msgs/include/autoware_auto_control_msgs/autoware_auto_control_msgs/msg/rosidl_generator_c__visibility_control.h
-- Up-to-date: /home/carla/Github/C-V2X-Autoware-Carla/install/autoware_auto_control_msgs/include/autoware_auto_control_msgs/autoware_auto_control_msgs/msg/ackermann_lateral_command.h
-- Up-to-date: /home/carla/Github/C-V2X-Autoware-Carla/install/autoware_auto_control_msgs/share/autoware_auto_control_msgs/environment/library_path.sh
-- Up-to-date: /home/carla/Github/C-V2X-Autoware-Carla/install/autoware_auto_control_msgs/share/autoware_auto_control_msgs/environment/library_path.dsv
-- Up-to-date: /home/carla/Github/C-V2X-Autoware-Carla/install/autoware_auto_control_msgs/lib/libautoware_auto_control_msgs__rosidl_generator_c.so
-- Up-to-date: /home/carla/Github/C-V2X-Autoware-Carla/install/autoware_auto_control_msgs/include/autoware_auto_control_msgs/autoware_auto_control_msgs
-- Up-to-date: /home/carla/Github/C-V2X-Autoware-Carla/install/autoware_auto_control_msgs/include/autoware_auto_control_msgs/autoware_auto_control_msgs/msg
-- Up-to-date: /home/carla/Github/C-V2X-Autoware-Carla/install/autoware_auto_control_msgs/include/autoware_auto_control_msgs/autoware_auto_control_msgs/msg/rosidl_typesupport_introspection_c__visibility_control.h
-- Up-to-date: /home/carla/Github/C-V2X-Autoware-Carla/install/autoware_auto_control_msgs/include/autoware_auto_control_msgs/autoware_auto_control_msgs/msg/detail
-- Up-to-date: /home/carla/Github/C-V2X-Autoware-Carla/install/autoware_auto_control_msgs/include/autoware_auto_control_msgs/autoware_auto_control_msgs/msg/detail/longitudinal_command__type_support.c
-- Up-to-date: /home/carla/Github/C-V2X-Autoware-Carla/install/autoware_auto_control_msgs/include/autoware_auto_control_msgs/autoware_auto_control_msgs/msg/detail/ackermann_lateral_command__rosidl_typesupport_introspection_c.h
-- Up-to-date: /home/carla/Github/C-V2X-Autoware-Carla/install/autoware_auto_control_msgs/include/autoware_auto_control_msgs/autoware_auto_control_msgs/msg/detail/ackermann_lateral_command__type_support.c
-- Up-to-date: /home/carla/Github/C-V2X-Autoware-Carla/install/autoware_auto_control_msgs/include/autoware_auto_control_msgs/autoware_auto_control_msgs/msg/detail/longitudinal_command__rosidl_typesupport_introspection_c.h
-- Up-to-date: /home/carla/Github/C-V2X-Autoware-Carla/install/autoware_auto_control_msgs/include/autoware_auto_control_msgs/autoware_auto_control_msgs/msg/detail/ackermann_control_command__type_support.c
-- Up-to-date: /home/carla/Github/C-V2X-Autoware-Carla/install/autoware_auto_control_msgs/include/autoware_auto_control_msgs/autoware_auto_control_msgs/msg/detail/ackermann_control_command__rosidl_typesupport_introspection_c.h
-- Up-to-date: /home/carla/Github/C-V2X-Autoware-Carla/install/autoware_auto_control_msgs/include/autoware_auto_control_msgs/autoware_auto_control_msgs/msg/detail/high_level_control_command__type_support.c
-- Up-to-date: /home/carla/Github/C-V2X-Autoware-Carla/install/autoware_auto_control_msgs/include/autoware_auto_control_msgs/autoware_auto_control_msgs/msg/detail/high_level_control_command__rosidl_typesupport_introspection_c.h
-- Up-to-date: /home/carla/Github/C-V2X-Autoware-Carla/install/autoware_auto_control_msgs/lib/libautoware_auto_control_msgs__rosidl_typesupport_introspection_c.so
-- Up-to-date: /home/carla/Github/C-V2X-Autoware-Carla/install/autoware_auto_control_msgs/include/autoware_auto_control_msgs/autoware_auto_control_msgs
-- Up-to-date: /home/carla/Github/C-V2X-Autoware-Carla/install/autoware_auto_control_msgs/include/autoware_auto_control_msgs/autoware_auto_control_msgs/msg
-- Up-to-date: /home/carla/Github/C-V2X-Autoware-Carla/install/autoware_auto_control_msgs/include/autoware_auto_control_msgs/autoware_auto_control_msgs/msg/detail
-- Up-to-date: /home/carla/Github/C-V2X-Autoware-Carla/install/autoware_auto_control_msgs/include/autoware_auto_control_msgs/autoware_auto_control_msgs/msg/detail/longitudinal_command__rosidl_typesupport_fastrtps_c.h
-- Up-to-date: /home/carla/Github/C-V2X-Autoware-Carla/install/autoware_auto_control_msgs/include/autoware_auto_control_msgs/autoware_auto_control_msgs/msg/detail/ackermann_lateral_command__rosidl_typesupport_fastrtps_c.h
-- Up-to-date: /home/carla/Github/C-V2X-Autoware-Carla/install/autoware_auto_control_msgs/include/autoware_auto_control_msgs/autoware_auto_control_msgs/msg/detail/ackermann_control_command__rosidl_typesupport_fastrtps_c.h
-- Up-to-date: /home/carla/Github/C-V2X-Autoware-Carla/install/autoware_auto_control_msgs/include/autoware_auto_control_msgs/autoware_auto_control_msgs/msg/detail/high_level_control_command__rosidl_typesupport_fastrtps_c.h
-- Up-to-date: /home/carla/Github/C-V2X-Autoware-Carla/install/autoware_auto_control_msgs/include/autoware_auto_control_msgs/autoware_auto_control_msgs/msg/rosidl_typesupport_fastrtps_c__visibility_control.h
-- Up-to-date: /home/carla/Github/C-V2X-Autoware-Carla/install/autoware_auto_control_msgs/lib/libautoware_auto_control_msgs__rosidl_typesupport_fastrtps_c.so
-- Up-to-date: /home/carla/Github/C-V2X-Autoware-Carla/install/autoware_auto_control_msgs/lib/libautoware_auto_control_msgs__rosidl_typesupport_c.so
-- Up-to-date: /home/carla/Github/C-V2X-Autoware-Carla/install/autoware_auto_control_msgs/include/autoware_auto_control_msgs/autoware_auto_control_msgs
-- Up-to-date: /home/carla/Github/C-V2X-Autoware-Carla/install/autoware_auto_control_msgs/include/autoware_auto_control_msgs/autoware_auto_control_msgs/msg
-- Up-to-date: /home/carla/Github/C-V2X-Autoware-Carla/install/autoware_auto_control_msgs/include/autoware_auto_control_msgs/autoware_auto_control_msgs/msg/detail
-- Up-to-date: /home/carla/Github/C-V2X-Autoware-Carla/install/autoware_auto_control_msgs/include/autoware_auto_control_msgs/autoware_auto_control_msgs/msg/detail/ackermann_lateral_command__builder.hpp
-- Up-to-date: /home/carla/Github/C-V2X-Autoware-Carla/install/autoware_auto_control_msgs/include/autoware_auto_control_msgs/autoware_auto_control_msgs/msg/detail/longitudinal_command__traits.hpp
-- Up-to-date: /home/carla/Github/C-V2X-Autoware-Carla/install/autoware_auto_control_msgs/include/autoware_auto_control_msgs/autoware_auto_control_msgs/msg/detail/ackermann_control_command__struct.hpp
-- Up-to-date: /home/carla/Github/C-V2X-Autoware-Carla/install/autoware_auto_control_msgs/include/autoware_auto_control_msgs/autoware_auto_control_msgs/msg/detail/longitudinal_command__struct.hpp
-- Up-to-date: /home/carla/Github/C-V2X-Autoware-Carla/install/autoware_auto_control_msgs/include/autoware_auto_control_msgs/autoware_auto_control_msgs/msg/detail/ackermann_control_command__builder.hpp
-- Up-to-date: /home/carla/Github/C-V2X-Autoware-Carla/install/autoware_auto_control_msgs/include/autoware_auto_control_msgs/autoware_auto_control_msgs/msg/detail/high_level_control_command__struct.hpp
-- Up-to-date: /home/carla/Github/C-V2X-Autoware-Carla/install/autoware_auto_control_msgs/include/autoware_auto_control_msgs/autoware_auto_control_msgs/msg/detail/ackermann_control_command__traits.hpp
-- Up-to-date: /home/carla/Github/C-V2X-Autoware-Carla/install/autoware_auto_control_msgs/include/autoware_auto_control_msgs/autoware_auto_control_msgs/msg/detail/ackermann_lateral_command__struct.hpp
-- Up-to-date: /home/carla/Github/C-V2X-Autoware-Carla/install/autoware_auto_control_msgs/include/autoware_auto_control_msgs/autoware_auto_control_msgs/msg/detail/ackermann_lateral_command__traits.hpp
-- Up-to-date: /home/carla/Github/C-V2X-Autoware-Carla/install/autoware_auto_control_msgs/include/autoware_auto_control_msgs/autoware_auto_control_msgs/msg/detail/longitudinal_command__builder.hpp
-- Up-to-date: /home/carla/Github/C-V2X-Autoware-Carla/install/autoware_auto_control_msgs/include/autoware_auto_control_msgs/autoware_auto_control_msgs/msg/detail/high_level_control_command__builder.hpp
-- Up-to-date: /home/carla/Github/C-V2X-Autoware-Carla/install/autoware_auto_control_msgs/include/autoware_auto_control_msgs/autoware_auto_control_msgs/msg/detail/high_level_control_command__traits.hpp
-- Up-to-date: /home/carla/Github/C-V2X-Autoware-Carla/install/autoware_auto_control_msgs/include/autoware_auto_control_msgs/autoware_auto_control_msgs/msg/longitudinal_command.hpp
-- Up-to-date: /home/carla/Github/C-V2X-Autoware-Carla/install/autoware_auto_control_msgs/include/autoware_auto_control_msgs/autoware_auto_control_msgs/msg/high_level_control_command.hpp
-- Up-to-date: /home/carla/Github/C-V2X-Autoware-Carla/install/autoware_auto_control_msgs/include/autoware_auto_control_msgs/autoware_auto_control_msgs/msg/ackermann_lateral_command.hpp
-- Up-to-date: /home/carla/Github/C-V2X-Autoware-Carla/install/autoware_auto_control_msgs/include/autoware_auto_control_msgs/autoware_auto_control_msgs/msg/ackermann_control_command.hpp
-- Up-to-date: /home/carla/Github/C-V2X-Autoware-Carla/install/autoware_auto_control_msgs/include/autoware_auto_control_msgs/autoware_auto_control_msgs
-- Up-to-date: /home/carla/Github/C-V2X-Autoware-Carla/install/autoware_auto_control_msgs/include/autoware_auto_control_msgs/autoware_auto_control_msgs/msg
-- Up-to-date: /home/carla/Github/C-V2X-Autoware-Carla/install/autoware_auto_control_msgs/include/autoware_auto_control_msgs/autoware_auto_control_msgs/msg/detail
-- Up-to-date: /home/carla/Github/C-V2X-Autoware-Carla/install/autoware_auto_control_msgs/include/autoware_auto_control_msgs/autoware_auto_control_msgs/msg/detail/longitudinal_command__type_support.cpp
-- Up-to-date: /home/carla/Github/C-V2X-Autoware-Carla/install/autoware_auto_control_msgs/include/autoware_auto_control_msgs/autoware_auto_control_msgs/msg/detail/high_level_control_command__rosidl_typesupport_introspection_cpp.hpp
-- Up-to-date: /home/carla/Github/C-V2X-Autoware-Carla/install/autoware_auto_control_msgs/include/autoware_auto_control_msgs/autoware_auto_control_msgs/msg/detail/high_level_control_command__type_support.cpp
-- Up-to-date: /home/carla/Github/C-V2X-Autoware-Carla/install/autoware_auto_control_msgs/include/autoware_auto_control_msgs/autoware_auto_control_msgs/msg/detail/longitudinal_command__rosidl_typesupport_introspection_cpp.hpp
-- Up-to-date: /home/carla/Github/C-V2X-Autoware-Carla/install/autoware_auto_control_msgs/include/autoware_auto_control_msgs/autoware_auto_control_msgs/msg/detail/ackermann_control_command__type_support.cpp
-- Up-to-date: /home/carla/Github/C-V2X-Autoware-Carla/install/autoware_auto_control_msgs/include/autoware_auto_control_msgs/autoware_auto_control_msgs/msg/detail/ackermann_lateral_command__type_support.cpp
-- Up-to-date: /home/carla/Github/C-V2X-Autoware-Carla/install/autoware_auto_control_msgs/include/autoware_auto_control_msgs/autoware_auto_control_msgs/msg/detail/ackermann_lateral_command__rosidl_typesupport_introspection_cpp.hpp
-- Up-to-date: /home/carla/Github/C-V2X-Autoware-Carla/install/autoware_auto_control_msgs/include/autoware_auto_control_msgs/autoware_auto_control_msgs/msg/detail/ackermann_control_command__rosidl_typesupport_introspection_cpp.hpp
-- Up-to-date: /home/carla/Github/C-V2X-Autoware-Carla/install/autoware_auto_control_msgs/lib/libautoware_auto_control_msgs__rosidl_typesupport_introspection_cpp.so
-- Up-to-date: /home/carla/Github/C-V2X-Autoware-Carla/install/autoware_auto_control_msgs/include/autoware_auto_control_msgs/autoware_auto_control_msgs
-- Up-to-date: /home/carla/Github/C-V2X-Autoware-Carla/install/autoware_auto_control_msgs/include/autoware_auto_control_msgs/autoware_auto_control_msgs/msg
-- Up-to-date: /home/carla/Github/C-V2X-Autoware-Carla/install/autoware_auto_control_msgs/include/autoware_auto_control_msgs/autoware_auto_control_msgs/msg/rosidl_typesupport_fastrtps_cpp__visibility_control.h
-- Up-to-date: /home/carla/Github/C-V2X-Autoware-Carla/install/autoware_auto_control_msgs/include/autoware_auto_control_msgs/autoware_auto_control_msgs/msg/detail
-- Up-to-date: /home/carla/Github/C-V2X-Autoware-Carla/install/autoware_auto_control_msgs/include/autoware_auto_control_msgs/autoware_auto_control_msgs/msg/detail/ackermann_control_command__rosidl_typesupport_fastrtps_cpp.hpp
-- Up-to-date: /home/carla/Github/C-V2X-Autoware-Carla/install/autoware_auto_control_msgs/include/autoware_auto_control_msgs/autoware_auto_control_msgs/msg/detail/dds_fastrtps
-- Up-to-date: /home/carla/Github/C-V2X-Autoware-Carla/install/autoware_auto_control_msgs/include/autoware_auto_control_msgs/autoware_auto_control_msgs/msg/detail/longitudinal_command__rosidl_typesupport_fastrtps_cpp.hpp
-- Up-to-date: /home/carla/Github/C-V2X-Autoware-Carla/install/autoware_auto_control_msgs/include/autoware_auto_control_msgs/autoware_auto_control_msgs/msg/detail/ackermann_lateral_command__rosidl_typesupport_fastrtps_cpp.hpp
-- Up-to-date: /home/carla/Github/C-V2X-Autoware-Carla/install/autoware_auto_control_msgs/include/autoware_auto_control_msgs/autoware_auto_control_msgs/msg/detail/high_level_control_command__rosidl_typesupport_fastrtps_cpp.hpp
-- Up-to-date: /home/carla/Github/C-V2X-Autoware-Carla/install/autoware_auto_control_msgs/lib/libautoware_auto_control_msgs__rosidl_typesupport_fastrtps_cpp.so
-- Up-to-date: /home/carla/Github/C-V2X-Autoware-Carla/install/autoware_auto_control_msgs/lib/libautoware_auto_control_msgs__rosidl_typesupport_cpp.so
-- Up-to-date: /home/carla/Github/C-V2X-Autoware-Carla/install/autoware_auto_control_msgs/share/autoware_auto_control_msgs/environment/pythonpath.sh
-- Up-to-date: /home/carla/Github/C-V2X-Autoware-Carla/install/autoware_auto_control_msgs/share/autoware_auto_control_msgs/environment/pythonpath.dsv
-- Up-to-date: /home/carla/Github/C-V2X-Autoware-Carla/install/autoware_auto_control_msgs/lib/python3.8/site-packages/autoware_auto_control_msgs-1.0.0-py3.8.egg-info
-- Installing: /home/carla/Github/C-V2X-Autoware-Carla/install/autoware_auto_control_msgs/lib/python3.8/site-packages/autoware_auto_control_msgs-1.0.0-py3.8.egg-info/SOURCES.txt
-- Installing: /home/carla/Github/C-V2X-Autoware-Carla/install/autoware_auto_control_msgs/lib/python3.8/site-packages/autoware_auto_control_msgs-1.0.0-py3.8.egg-info/PKG-INFO
-- Installing: /home/carla/Github/C-V2X-Autoware-Carla/install/autoware_auto_control_msgs/lib/python3.8/site-packages/autoware_auto_control_msgs-1.0.0-py3.8.egg-info/dependency_links.txt
-- Installing: /home/carla/Github/C-V2X-Autoware-Carla/install/autoware_auto_control_msgs/lib/python3.8/site-packages/autoware_auto_control_msgs-1.0.0-py3.8.egg-info/top_level.txt
-- Up-to-date: /home/carla/Github/C-V2X-Autoware-Carla/install/autoware_auto_control_msgs/lib/python3.8/site-packages/autoware_auto_control_msgs
-- Up-to-date: /home/carla/Github/C-V2X-Autoware-Carla/install/autoware_auto_control_msgs/lib/python3.8/site-packages/autoware_auto_control_msgs/_autoware_auto_control_msgs_s.ep.rosidl_typesupport_c.c
-- Up-to-date: /home/carla/Github/C-V2X-Autoware-Carla/install/autoware_auto_control_msgs/lib/python3.8/site-packages/autoware_auto_control_msgs/_autoware_auto_control_msgs_s.ep.rosidl_typesupport_introspection_c.c
-- Up-to-date: /home/carla/Github/C-V2X-Autoware-Carla/install/autoware_auto_control_msgs/lib/python3.8/site-packages/autoware_auto_control_msgs/autoware_auto_control_msgs_s__rosidl_typesupport_introspection_c.cpython-38-x86_64-linux-gnu.so
-- Up-to-date: /home/carla/Github/C-V2X-Autoware-Carla/install/autoware_auto_control_msgs/lib/python3.8/site-packages/autoware_auto_control_msgs/libautoware_auto_control_msgs__rosidl_generator_py.so
-- Up-to-date: /home/carla/Github/C-V2X-Autoware-Carla/install/autoware_auto_control_msgs/lib/python3.8/site-packages/autoware_auto_control_msgs/autoware_auto_control_msgs_s__rosidl_typesupport_fastrtps_c.cpython-38-x86_64-linux-gnu.so
-- Up-to-date: /home/carla/Github/C-V2X-Autoware-Carla/install/autoware_auto_control_msgs/lib/python3.8/site-packages/autoware_auto_control_msgs/__init__.py
-- Up-to-date: /home/carla/Github/C-V2X-Autoware-Carla/install/autoware_auto_control_msgs/lib/python3.8/site-packages/autoware_auto_control_msgs/msg
-- Up-to-date: /home/carla/Github/C-V2X-Autoware-Carla/install/autoware_auto_control_msgs/lib/python3.8/site-packages/autoware_auto_control_msgs/msg/_ackermann_lateral_command.py
-- Up-to-date: /home/carla/Github/C-V2X-Autoware-Carla/install/autoware_auto_control_msgs/lib/python3.8/site-packages/autoware_auto_control_msgs/msg/_longitudinal_command_s.c
-- Up-to-date: /home/carla/Github/C-V2X-Autoware-Carla/install/autoware_auto_control_msgs/lib/python3.8/site-packages/autoware_auto_control_msgs/msg/_ackermann_control_command_s.c
-- Up-to-date: /home/carla/Github/C-V2X-Autoware-Carla/install/autoware_auto_control_msgs/lib/python3.8/site-packages/autoware_auto_control_msgs/msg/_high_level_control_command_s.c
-- Up-to-date: /home/carla/Github/C-V2X-Autoware-Carla/install/autoware_auto_control_msgs/lib/python3.8/site-packages/autoware_auto_control_msgs/msg/_ackermann_lateral_command_s.c
-- Up-to-date: /home/carla/Github/C-V2X-Autoware-Carla/install/autoware_auto_control_msgs/lib/python3.8/site-packages/autoware_auto_control_msgs/msg/_longitudinal_command.py
-- Up-to-date: /home/carla/Github/C-V2X-Autoware-Carla/install/autoware_auto_control_msgs/lib/python3.8/site-packages/autoware_auto_control_msgs/msg/_ackermann_control_command.py
-- Up-to-date: /home/carla/Github/C-V2X-Autoware-Carla/install/autoware_auto_control_msgs/lib/python3.8/site-packages/autoware_auto_control_msgs/msg/_high_level_control_command.py
-- Up-to-date: /home/carla/Github/C-V2X-Autoware-Carla/install/autoware_auto_control_msgs/lib/python3.8/site-packages/autoware_auto_control_msgs/msg/__init__.py
-- Up-to-date: /home/carla/Github/C-V2X-Autoware-Carla/install/autoware_auto_control_msgs/lib/python3.8/site-packages/autoware_auto_control_msgs/_autoware_auto_control_msgs_s.ep.rosidl_typesupport_fastrtps_c.c
-- Up-to-date: /home/carla/Github/C-V2X-Autoware-Carla/install/autoware_auto_control_msgs/lib/python3.8/site-packages/autoware_auto_control_msgs/autoware_auto_control_msgs_s__rosidl_typesupport_c.cpython-38-x86_64-linux-gnu.so
Listing '/home/carla/Github/C-V2X-Autoware-Carla/install/autoware_auto_control_msgs/lib/python3.8/site-packages/autoware_auto_control_msgs'...
Listing '/home/carla/Github/C-V2X-Autoware-Carla/install/autoware_auto_control_msgs/lib/python3.8/site-packages/autoware_auto_control_msgs/msg'...
-- Up-to-date: /home/carla/Github/C-V2X-Autoware-Carla/install/autoware_auto_control_msgs/lib/python3.8/site-packages/autoware_auto_control_msgs/autoware_auto_control_msgs_s__rosidl_typesupport_introspection_c.cpython-38-x86_64-linux-gnu.so
-- Up-to-date: /home/carla/Github/C-V2X-Autoware-Carla/install/autoware_auto_control_msgs/lib/python3.8/site-packages/autoware_auto_control_msgs/autoware_auto_control_msgs_s__rosidl_typesupport_fastrtps_c.cpython-38-x86_64-linux-gnu.so
-- Up-to-date: /home/carla/Github/C-V2X-Autoware-Carla/install/autoware_auto_control_msgs/lib/python3.8/site-packages/autoware_auto_control_msgs/autoware_auto_control_msgs_s__rosidl_typesupport_c.cpython-38-x86_64-linux-gnu.so
-- Up-to-date: /home/carla/Github/C-V2X-Autoware-Carla/install/autoware_auto_control_msgs/lib/libautoware_auto_control_msgs__rosidl_generator_py.so
-- Up-to-date: /home/carla/Github/C-V2X-Autoware-Carla/install/autoware_auto_control_msgs/share/autoware_auto_control_msgs/msg/AckermannControlCommand.idl
-- Up-to-date: /home/carla/Github/C-V2X-Autoware-Carla/install/autoware_auto_control_msgs/share/autoware_auto_control_msgs/msg/AckermannLateralCommand.idl
-- Up-to-date: /home/carla/Github/C-V2X-Autoware-Carla/install/autoware_auto_control_msgs/share/autoware_auto_control_msgs/msg/HighLevelControlCommand.idl
-- Up-to-date: /home/carla/Github/C-V2X-Autoware-Carla/install/autoware_auto_control_msgs/share/autoware_auto_control_msgs/msg/LongitudinalCommand.idl
-- Up-to-date: /home/carla/Github/C-V2X-Autoware-Carla/install/autoware_auto_control_msgs/share/ament_index/resource_index/package_run_dependencies/autoware_auto_control_msgs
-- Up-to-date: /home/carla/Github/C-V2X-Autoware-Carla/install/autoware_auto_control_msgs/share/ament_index/resource_index/parent_prefix_path/autoware_auto_control_msgs
-- Up-to-date: /home/carla/Github/C-V2X-Autoware-Carla/install/autoware_auto_control_msgs/share/autoware_auto_control_msgs/environment/ament_prefix_path.dsv
-- Up-to-date: /home/carla/Github/C-V2X-Autoware-Carla/install/autoware_auto_control_msgs/share/autoware_auto_control_msgs/environment/path.dsv
-- Up-to-date: /home/carla/Github/C-V2X-Autoware-Carla/install/autoware_auto_control_msgs/share/autoware_auto_control_msgs/local_setup.bash
-- Up-to-date: /home/carla/Github/C-V2X-Autoware-Carla/install/autoware_auto_control_msgs/share/autoware_auto_control_msgs/local_setup.sh
-- Up-to-date: /home/carla/Github/C-V2X-Autoware-Carla/install/autoware_auto_control_msgs/share/autoware_auto_control_msgs/local_setup.zsh
-- Up-to-date: /home/carla/Github/C-V2X-Autoware-Carla/install/autoware_auto_control_msgs/share/autoware_auto_control_msgs/local_setup.dsv
-- Installing: /home/carla/Github/C-V2X-Autoware-Carla/install/autoware_auto_control_msgs/share/autoware_auto_control_msgs/package.dsv
-- Up-to-date: /home/carla/Github/C-V2X-Autoware-Carla/install/autoware_auto_control_msgs/share/ament_index/resource_index/packages/autoware_auto_control_msgs
-- Up-to-date: /home/carla/Github/C-V2X-Autoware-Carla/install/autoware_auto_control_msgs/share/autoware_auto_control_msgs/cmake/export_autoware_auto_control_msgs__rosidl_generator_cExport.cmake
-- Up-to-date: /home/carla/Github/C-V2X-Autoware-Carla/install/autoware_auto_control_msgs/share/autoware_auto_control_msgs/cmake/export_autoware_auto_control_msgs__rosidl_generator_cExport-noconfig.cmake
-- Up-to-date: /home/carla/Github/C-V2X-Autoware-Carla/install/autoware_auto_control_msgs/share/autoware_auto_control_msgs/cmake/autoware_auto_control_msgs__rosidl_typesupport_introspection_cExport.cmake
-- Up-to-date: /home/carla/Github/C-V2X-Autoware-Carla/install/autoware_auto_control_msgs/share/autoware_auto_control_msgs/cmake/autoware_auto_control_msgs__rosidl_typesupport_introspection_cExport-noconfig.cmake
-- Up-to-date: /home/carla/Github/C-V2X-Autoware-Carla/install/autoware_auto_control_msgs/share/autoware_auto_control_msgs/cmake/export_autoware_auto_control_msgs__rosidl_typesupport_fastrtps_cExport.cmake
-- Up-to-date: /home/carla/Github/C-V2X-Autoware-Carla/install/autoware_auto_control_msgs/share/autoware_auto_control_msgs/cmake/export_autoware_auto_control_msgs__rosidl_typesupport_fastrtps_cExport-noconfig.cmake
-- Up-to-date: /home/carla/Github/C-V2X-Autoware-Carla/install/autoware_auto_control_msgs/share/autoware_auto_control_msgs/cmake/autoware_auto_control_msgs__rosidl_typesupport_cExport.cmake
-- Up-to-date: /home/carla/Github/C-V2X-Autoware-Carla/install/autoware_auto_control_msgs/share/autoware_auto_control_msgs/cmake/autoware_auto_control_msgs__rosidl_typesupport_cExport-noconfig.cmake
-- Up-to-date: /home/carla/Github/C-V2X-Autoware-Carla/install/autoware_auto_control_msgs/share/autoware_auto_control_msgs/cmake/export_autoware_auto_control_msgs__rosidl_generator_cppExport.cmake
-- Up-to-date: /home/carla/Github/C-V2X-Autoware-Carla/install/autoware_auto_control_msgs/share/autoware_auto_control_msgs/cmake/autoware_auto_control_msgs__rosidl_typesupport_introspection_cppExport.cmake
-- Up-to-date: /home/carla/Github/C-V2X-Autoware-Carla/install/autoware_auto_control_msgs/share/autoware_auto_control_msgs/cmake/autoware_auto_control_msgs__rosidl_typesupport_introspection_cppExport-noconfig.cmake
-- Up-to-date: /home/carla/Github/C-V2X-Autoware-Carla/install/autoware_auto_control_msgs/share/autoware_auto_control_msgs/cmake/export_autoware_auto_control_msgs__rosidl_typesupport_fastrtps_cppExport.cmake
-- Up-to-date: /home/carla/Github/C-V2X-Autoware-Carla/install/autoware_auto_control_msgs/share/autoware_auto_control_msgs/cmake/export_autoware_auto_control_msgs__rosidl_typesupport_fastrtps_cppExport-noconfig.cmake
-- Up-to-date: /home/carla/Github/C-V2X-Autoware-Carla/install/autoware_auto_control_msgs/share/autoware_auto_control_msgs/cmake/autoware_auto_control_msgs__rosidl_typesupport_cppExport.cmake
-- Up-to-date: /home/carla/Github/C-V2X-Autoware-Carla/install/autoware_auto_control_msgs/share/autoware_auto_control_msgs/cmake/autoware_auto_control_msgs__rosidl_typesupport_cppExport-noconfig.cmake
-- Up-to-date: /home/carla/Github/C-V2X-Autoware-Carla/install/autoware_auto_control_msgs/share/autoware_auto_control_msgs/cmake/export_autoware_auto_control_msgs__rosidl_generator_pyExport.cmake
-- Up-to-date: /home/carla/Github/C-V2X-Autoware-Carla/install/autoware_auto_control_msgs/share/autoware_auto_control_msgs/cmake/export_autoware_auto_control_msgs__rosidl_generator_pyExport-noconfig.cmake
-- Up-to-date: /home/carla/Github/C-V2X-Autoware-Carla/install/autoware_auto_control_msgs/share/autoware_auto_control_msgs/cmake/rosidl_cmake-extras.cmake
-- Up-to-date: /home/carla/Github/C-V2X-Autoware-Carla/install/autoware_auto_control_msgs/share/autoware_auto_control_msgs/cmake/ament_cmake_export_dependencies-extras.cmake
-- Up-to-date: /home/carla/Github/C-V2X-Autoware-Carla/install/autoware_auto_control_msgs/share/autoware_auto_control_msgs/cmake/ament_cmake_export_include_directories-extras.cmake
-- Up-to-date: /home/carla/Github/C-V2X-Autoware-Carla/install/autoware_auto_control_msgs/share/autoware_auto_control_msgs/cmake/ament_cmake_export_libraries-extras.cmake
-- Up-to-date: /home/carla/Github/C-V2X-Autoware-Carla/install/autoware_auto_control_msgs/share/autoware_auto_control_msgs/cmake/ament_cmake_export_targets-extras.cmake
-- Up-to-date: /home/carla/Github/C-V2X-Autoware-Carla/install/autoware_auto_control_msgs/share/autoware_auto_control_msgs/cmake/rosidl_cmake_export_typesupport_targets-extras.cmake
-- Up-to-date: /home/carla/Github/C-V2X-Autoware-Carla/install/autoware_auto_control_msgs/share/autoware_auto_control_msgs/cmake/rosidl_cmake_export_typesupport_libraries-extras.cmake
-- Up-to-date: /home/carla/Github/C-V2X-Autoware-Carla/install/autoware_auto_control_msgs/share/autoware_auto_control_msgs/cmake/autoware_auto_control_msgsConfig.cmake
-- Up-to-date: /home/carla/Github/C-V2X-Autoware-Carla/install/autoware_auto_control_msgs/share/autoware_auto_control_msgs/cmake/autoware_auto_control_msgsConfig-version.cmake
-- Up-to-date: /home/carla/Github/C-V2X-Autoware-Carla/install/autoware_auto_control_msgs/share/autoware_auto_control_msgs/package.xml
