/media/william/blueicedrive/Github/AutowareUniverse-Carla/install/vehicle/lib/python3.10/site-packages/vehicle/host_vehicle.py
/media/william/blueicedrive/Github/AutowareUniverse-Carla/install/vehicle/lib/python3.10/site-packages/vehicle/remote_vehicle.py
/media/william/blueicedrive/Github/AutowareUniverse-Carla/install/vehicle/lib/python3.10/site-packages/vehicle/ren_vehicle.py
/media/william/blueicedrive/Github/AutowareUniverse-Carla/install/vehicle/lib/python3.10/site-packages/vehicle/start_multiple.py
/media/william/blueicedrive/Github/AutowareUniverse-Carla/install/vehicle/lib/python3.10/site-packages/vehicle/__init__.py
/media/william/blueicedrive/Github/AutowareUniverse-Carla/install/vehicle/lib/python3.10/site-packages/vehicle/__pycache__/host_vehicle.cpython-310.pyc
/media/william/blueicedrive/Github/AutowareUniverse-Carla/install/vehicle/lib/python3.10/site-packages/vehicle/__pycache__/remote_vehicle.cpython-310.pyc
/media/william/blueicedrive/Github/AutowareUniverse-Carla/install/vehicle/lib/python3.10/site-packages/vehicle/__pycache__/ren_vehicle.cpython-310.pyc
/media/william/blueicedrive/Github/AutowareUniverse-Carla/install/vehicle/lib/python3.10/site-packages/vehicle/__pycache__/start_multiple.cpython-310.pyc
/media/william/blueicedrive/Github/AutowareUniverse-Carla/install/vehicle/lib/python3.10/site-packages/vehicle/__pycache__/__init__.cpython-310.pyc
/media/william/blueicedrive/Github/AutowareUniverse-Carla/install/vehicle/share/ament_index/resource_index/packages/vehicle
/media/william/blueicedrive/Github/AutowareUniverse-Carla/install/vehicle/share/vehicle/package.xml
/media/william/blueicedrive/Github/AutowareUniverse-Carla/install/vehicle/lib/python3.10/site-packages/vehicle-0.0.0-py3.10.egg-info/dependency_links.txt
/media/william/blueicedrive/Github/AutowareUniverse-Carla/install/vehicle/lib/python3.10/site-packages/vehicle-0.0.0-py3.10.egg-info/entry_points.txt
/media/william/blueicedrive/Github/AutowareUniverse-Carla/install/vehicle/lib/python3.10/site-packages/vehicle-0.0.0-py3.10.egg-info/PKG-INFO
/media/william/blueicedrive/Github/AutowareUniverse-Carla/install/vehicle/lib/python3.10/site-packages/vehicle-0.0.0-py3.10.egg-info/requires.txt
/media/william/blueicedrive/Github/AutowareUniverse-Carla/install/vehicle/lib/python3.10/site-packages/vehicle-0.0.0-py3.10.egg-info/SOURCES.txt
/media/william/blueicedrive/Github/AutowareUniverse-Carla/install/vehicle/lib/python3.10/site-packages/vehicle-0.0.0-py3.10.egg-info/top_level.txt
/media/william/blueicedrive/Github/AutowareUniverse-Carla/install/vehicle/lib/python3.10/site-packages/vehicle-0.0.0-py3.10.egg-info/zip-safe
/media/william/blueicedrive/Github/AutowareUniverse-Carla/install/vehicle/lib/vehicle/host_vehicle
/media/william/blueicedrive/Github/AutowareUniverse-Carla/install/vehicle/lib/vehicle/remote_vehicle
/media/william/blueicedrive/Github/AutowareUniverse-Carla/install/vehicle/lib/vehicle/ren_vehicle
