[0.279s] DEBUG:colcon:Command line arguments: ['/usr/bin/colcon', 'build', '--symlink-install', '--packages-select', 'vehicle']
[0.279s] DEBUG:colcon:Parsed command line arguments: Namespace(allow_overriding=[], ament_cmake_args=None, base_paths=['.'], build_base='build', catkin_cmake_args=None, catkin_skip_building_tests=False, cmake_args=None, cmake_clean_cache=False, cmake_clean_first=False, cmake_force_configure=False, cmake_target=None, cmake_target_skip_unavailable=False, continue_on_error=False, event_handlers=None, executor='parallel', ignore_user_meta=False, install_base='install', log_base=None, log_level=None, main=<bound method BuildVerb.main of <colcon_core.verb.build.BuildVerb object at 0x7f38b5752d00>>, merge_install=False, metas=['./colcon.meta'], packages_above=None, packages_above_and_dependencies=None, packages_above_depth=None, packages_end=None, packages_ignore=None, packages_ignore_regex=None, packages_select=['vehicle'], packages_select_build_failed=False, packages_select_by_dep=None, packages_select_regex=None, packages_select_test_failures=False, packages_skip=None, packages_skip_build_finished=False, packages_skip_by_dep=None, packages_skip_regex=None, packages_skip_test_passed=False, packages_skip_up_to=None, packages_start=None, packages_up_to=None, packages_up_to_regex=None, parallel_workers=20, paths=None, symlink_install=True, test_result_base=None, verb_extension=<colcon_core.verb.build.BuildVerb object at 0x7f38b5752d00>, verb_name='build', verb_parser=<colcon_defaults.argument_parser.defaults.DefaultArgumentsDecorator object at 0x7f38b56e12b0>)
[0.312s] Level 1:colcon.colcon_core.package_discovery:discover_packages(colcon_meta) check parameters
[0.312s] Level 1:colcon.colcon_core.package_discovery:discover_packages(recursive) check parameters
[0.312s] Level 1:colcon.colcon_core.package_discovery:discover_packages(ignore) check parameters
[0.312s] Level 1:colcon.colcon_core.package_discovery:discover_packages(path) check parameters
[0.312s] Level 1:colcon.colcon_core.package_discovery:discover_packages(colcon_meta) discover
[0.312s] Level 1:colcon.colcon_core.package_discovery:discover_packages(recursive) discover
[0.312s] INFO:colcon.colcon_core.package_discovery:Crawling recursively for packages in '/home/carla/Github/C-V2X-Autoware-Carla'
[0.312s] Level 1:colcon.colcon_core.package_identification:_identify(.) by extensions ['ignore', 'ignore_ament_install']
[0.312s] Level 1:colcon.colcon_core.package_identification:_identify(.) by extension 'ignore'
[0.312s] Level 1:colcon.colcon_core.package_identification:_identify(.) by extension 'ignore_ament_install'
[0.312s] Level 1:colcon.colcon_core.package_identification:_identify(.) by extensions ['colcon_pkg']
[0.312s] Level 1:colcon.colcon_core.package_identification:_identify(.) by extension 'colcon_pkg'
[0.312s] Level 1:colcon.colcon_core.package_identification:_identify(.) by extensions ['colcon_meta']
[0.312s] Level 1:colcon.colcon_core.package_identification:_identify(.) by extension 'colcon_meta'
[0.312s] Level 1:colcon.colcon_core.package_identification:_identify(.) by extensions ['ros']
[0.312s] Level 1:colcon.colcon_core.package_identification:_identify(.) by extension 'ros'
[0.320s] Level 1:colcon.colcon_core.package_identification:_identify(.) by extensions ['cmake', 'python']
[0.320s] Level 1:colcon.colcon_core.package_identification:_identify(.) by extension 'cmake'
[0.320s] Level 1:colcon.colcon_core.package_identification:_identify(.) by extension 'python'
[0.320s] Level 1:colcon.colcon_core.package_identification:_identify(.) by extensions ['python_setup_py']
[0.320s] Level 1:colcon.colcon_core.package_identification:_identify(.) by extension 'python_setup_py'
[0.320s] Level 1:colcon.colcon_core.package_identification:_identify(build) by extensions ['ignore', 'ignore_ament_install']
[0.320s] Level 1:colcon.colcon_core.package_identification:_identify(build) by extension 'ignore'
[0.320s] Level 1:colcon.colcon_core.package_identification:_identify(build) ignored
[0.320s] Level 1:colcon.colcon_core.package_identification:_identify(install) by extensions ['ignore', 'ignore_ament_install']
[0.320s] Level 1:colcon.colcon_core.package_identification:_identify(install) by extension 'ignore'
[0.320s] Level 1:colcon.colcon_core.package_identification:_identify(install) ignored
[0.320s] Level 1:colcon.colcon_core.package_identification:_identify(log) by extensions ['ignore', 'ignore_ament_install']
[0.320s] Level 1:colcon.colcon_core.package_identification:_identify(log) by extension 'ignore'
[0.320s] Level 1:colcon.colcon_core.package_identification:_identify(log) ignored
[0.320s] Level 1:colcon.colcon_core.package_identification:_identify(src) by extensions ['ignore', 'ignore_ament_install']
[0.320s] Level 1:colcon.colcon_core.package_identification:_identify(src) by extension 'ignore'
[0.320s] Level 1:colcon.colcon_core.package_identification:_identify(src) by extension 'ignore_ament_install'
[0.320s] Level 1:colcon.colcon_core.package_identification:_identify(src) by extensions ['colcon_pkg']
[0.320s] Level 1:colcon.colcon_core.package_identification:_identify(src) by extension 'colcon_pkg'
[0.320s] Level 1:colcon.colcon_core.package_identification:_identify(src) by extensions ['colcon_meta']
[0.320s] Level 1:colcon.colcon_core.package_identification:_identify(src) by extension 'colcon_meta'
[0.320s] Level 1:colcon.colcon_core.package_identification:_identify(src) by extensions ['ros']
[0.320s] Level 1:colcon.colcon_core.package_identification:_identify(src) by extension 'ros'
[0.320s] Level 1:colcon.colcon_core.package_identification:_identify(src) by extensions ['cmake', 'python']
[0.320s] Level 1:colcon.colcon_core.package_identification:_identify(src) by extension 'cmake'
[0.320s] Level 1:colcon.colcon_core.package_identification:_identify(src) by extension 'python'
[0.320s] Level 1:colcon.colcon_core.package_identification:_identify(src) by extensions ['python_setup_py']
[0.320s] Level 1:colcon.colcon_core.package_identification:_identify(src) by extension 'python_setup_py'
[0.320s] Level 1:colcon.colcon_core.package_identification:_identify(src/infrastructure) by extensions ['ignore', 'ignore_ament_install']
[0.320s] Level 1:colcon.colcon_core.package_identification:_identify(src/infrastructure) by extension 'ignore'
[0.321s] Level 1:colcon.colcon_core.package_identification:_identify(src/infrastructure) by extension 'ignore_ament_install'
[0.321s] Level 1:colcon.colcon_core.package_identification:_identify(src/infrastructure) by extensions ['colcon_pkg']
[0.321s] Level 1:colcon.colcon_core.package_identification:_identify(src/infrastructure) by extension 'colcon_pkg'
[0.321s] Level 1:colcon.colcon_core.package_identification:_identify(src/infrastructure) by extensions ['colcon_meta']
[0.321s] Level 1:colcon.colcon_core.package_identification:_identify(src/infrastructure) by extension 'colcon_meta'
[0.321s] Level 1:colcon.colcon_core.package_identification:_identify(src/infrastructure) by extensions ['ros']
[0.321s] Level 1:colcon.colcon_core.package_identification:_identify(src/infrastructure) by extension 'ros'
[0.322s] DEBUG:colcon.colcon_core.package_identification:Package 'src/infrastructure' with type 'ros.ament_python' and name 'infrastructure'
[0.322s] Level 1:colcon.colcon_core.package_identification:_identify(src/v2x_msg) by extensions ['ignore', 'ignore_ament_install']
[0.322s] Level 1:colcon.colcon_core.package_identification:_identify(src/v2x_msg) by extension 'ignore'
[0.322s] Level 1:colcon.colcon_core.package_identification:_identify(src/v2x_msg) by extension 'ignore_ament_install'
[0.322s] Level 1:colcon.colcon_core.package_identification:_identify(src/v2x_msg) by extensions ['colcon_pkg']
[0.322s] Level 1:colcon.colcon_core.package_identification:_identify(src/v2x_msg) by extension 'colcon_pkg'
[0.322s] Level 1:colcon.colcon_core.package_identification:_identify(src/v2x_msg) by extensions ['colcon_meta']
[0.322s] Level 1:colcon.colcon_core.package_identification:_identify(src/v2x_msg) by extension 'colcon_meta'
[0.322s] Level 1:colcon.colcon_core.package_identification:_identify(src/v2x_msg) by extensions ['ros']
[0.322s] Level 1:colcon.colcon_core.package_identification:_identify(src/v2x_msg) by extension 'ros'
[0.323s] DEBUG:colcon.colcon_core.package_identification:Package 'src/v2x_msg' with type 'ros.ament_cmake' and name 'v2x_msg'
[0.323s] Level 1:colcon.colcon_core.package_identification:_identify(src/vehicle) by extensions ['ignore', 'ignore_ament_install']
[0.323s] Level 1:colcon.colcon_core.package_identification:_identify(src/vehicle) by extension 'ignore'
[0.323s] Level 1:colcon.colcon_core.package_identification:_identify(src/vehicle) by extension 'ignore_ament_install'
[0.323s] Level 1:colcon.colcon_core.package_identification:_identify(src/vehicle) by extensions ['colcon_pkg']
[0.323s] Level 1:colcon.colcon_core.package_identification:_identify(src/vehicle) by extension 'colcon_pkg'
[0.323s] Level 1:colcon.colcon_core.package_identification:_identify(src/vehicle) by extensions ['colcon_meta']
[0.323s] Level 1:colcon.colcon_core.package_identification:_identify(src/vehicle) by extension 'colcon_meta'
[0.323s] Level 1:colcon.colcon_core.package_identification:_identify(src/vehicle) by extensions ['ros']
[0.323s] Level 1:colcon.colcon_core.package_identification:_identify(src/vehicle) by extension 'ros'
[0.323s] DEBUG:colcon.colcon_core.package_identification:Package 'src/vehicle' with type 'ros.ament_python' and name 'vehicle'
[0.323s] Level 1:colcon.colcon_core.package_discovery:discover_packages(recursive) using defaults
[0.323s] Level 1:colcon.colcon_core.package_discovery:discover_packages(ignore) discover
[0.323s] Level 1:colcon.colcon_core.package_discovery:discover_packages(ignore) using defaults
[0.323s] Level 1:colcon.colcon_core.package_discovery:discover_packages(path) discover
[0.323s] Level 1:colcon.colcon_core.package_discovery:discover_packages(path) using defaults
[0.349s] INFO:colcon.colcon_core.package_selection:Skipping not selected package 'infrastructure' in 'src/infrastructure'
[0.349s] INFO:colcon.colcon_core.package_selection:Skipping not selected package 'v2x_msg' in 'src/v2x_msg'
[0.349s] Level 1:colcon.colcon_core.package_discovery:discover_packages(prefix_path) check parameters
[0.349s] Level 1:colcon.colcon_core.package_discovery:discover_packages(prefix_path) discover
[0.356s] DEBUG:colcon.colcon_installed_package_information.package_discovery:Found 3 installed packages in /home/carla/Github/C-V2X-Autoware-Carla/install
[0.361s] DEBUG:colcon.colcon_installed_package_information.package_discovery:Found 343 installed packages in /home/carla/ros2_humble/install
[0.362s] Level 1:colcon.colcon_core.package_discovery:discover_packages(prefix_path) using defaults
[0.373s] Level 5:colcon.colcon_core.verb:set package 'vehicle' build argument 'cmake_args' from command line to 'None'
[0.373s] Level 5:colcon.colcon_core.verb:set package 'vehicle' build argument 'cmake_target' from command line to 'None'
[0.373s] Level 5:colcon.colcon_core.verb:set package 'vehicle' build argument 'cmake_target_skip_unavailable' from command line to 'False'
[0.373s] Level 5:colcon.colcon_core.verb:set package 'vehicle' build argument 'cmake_clean_cache' from command line to 'False'
[0.373s] Level 5:colcon.colcon_core.verb:set package 'vehicle' build argument 'cmake_clean_first' from command line to 'False'
[0.373s] Level 5:colcon.colcon_core.verb:set package 'vehicle' build argument 'cmake_force_configure' from command line to 'False'
[0.373s] Level 5:colcon.colcon_core.verb:set package 'vehicle' build argument 'ament_cmake_args' from command line to 'None'
[0.373s] Level 5:colcon.colcon_core.verb:set package 'vehicle' build argument 'catkin_cmake_args' from command line to 'None'
[0.373s] Level 5:colcon.colcon_core.verb:set package 'vehicle' build argument 'catkin_skip_building_tests' from command line to 'False'
[0.373s] DEBUG:colcon.colcon_core.verb:Building package 'vehicle' with the following arguments: {'ament_cmake_args': None, 'build_base': '/home/carla/Github/C-V2X-Autoware-Carla/build/vehicle', 'catkin_cmake_args': None, 'catkin_skip_building_tests': False, 'cmake_args': None, 'cmake_clean_cache': False, 'cmake_clean_first': False, 'cmake_force_configure': False, 'cmake_target': None, 'cmake_target_skip_unavailable': False, 'install_base': '/home/carla/Github/C-V2X-Autoware-Carla/install/vehicle', 'merge_install': False, 'path': '/home/carla/Github/C-V2X-Autoware-Carla/src/vehicle', 'symlink_install': True, 'test_result_base': None}
[0.375s] INFO:colcon.colcon_core.executor:Executing jobs using 'parallel' executor
[0.380s] DEBUG:colcon.colcon_parallel_executor.executor.parallel:run_until_complete
[0.380s] INFO:colcon.colcon_ros.task.ament_python.build:Building ROS package in '/home/carla/Github/C-V2X-Autoware-Carla/src/vehicle' with build type 'ament_python'
[0.380s] Level 1:colcon.colcon_core.shell:create_environment_hook('vehicle', 'ament_prefix_path')
[0.386s] INFO:colcon.colcon_core.plugin_system:Skipping extension 'colcon_core.shell.bat': Not used on non-Windows systems
[0.386s] INFO:colcon.colcon_core.shell:Creating environment hook '/home/carla/Github/C-V2X-Autoware-Carla/install/vehicle/share/vehicle/hook/ament_prefix_path.ps1'
[0.386s] INFO:colcon.colcon_core.shell:Creating environment descriptor '/home/carla/Github/C-V2X-Autoware-Carla/install/vehicle/share/vehicle/hook/ament_prefix_path.dsv'
[0.386s] INFO:colcon.colcon_core.shell:Creating environment hook '/home/carla/Github/C-V2X-Autoware-Carla/install/vehicle/share/vehicle/hook/ament_prefix_path.sh'
[0.389s] INFO:colcon.colcon_core.shell:Skip shell extension 'powershell' for command environment: Not usable outside of PowerShell
[0.389s] DEBUG:colcon.colcon_core.shell:Skip shell extension 'dsv' for command environment
[0.817s] INFO:colcon.colcon_core.task.python.build:Building Python package in '/home/carla/Github/C-V2X-Autoware-Carla/src/vehicle'
[0.820s] INFO:colcon.colcon_core.shell:Skip shell extension 'powershell' for command environment: Not usable outside of PowerShell
[0.820s] DEBUG:colcon.colcon_core.shell:Skip shell extension 'dsv' for command environment
[1.369s] DEBUG:colcon.colcon_core.event_handler.log_command:Invoking command in '/home/carla/Github/C-V2X-Autoware-Carla/build/vehicle': PYTHONPATH=/home/carla/Github/C-V2X-Autoware-Carla/build/vehicle/prefix_override:/home/carla/Github/C-V2X-Autoware-Carla/install/vehicle/lib/python3.8/site-packages:${PYTHONPATH} /usr/bin/python3 setup.py develop --editable --build-directory /home/carla/Github/C-V2X-Autoware-Carla/build/vehicle/build --no-deps install_data
[1.950s] Level 1:colcon.colcon_core.shell:create_environment_hook('vehicle', 'pythonpath_develop')
[1.953s] INFO:colcon.colcon_core.shell:Creating environment hook '/home/carla/Github/C-V2X-Autoware-Carla/build/vehicle/share/vehicle/hook/pythonpath_develop.ps1'
[1.953s] DEBUG:colcon.colcon_core.event_handler.log_command:Invoked command in '/home/carla/Github/C-V2X-Autoware-Carla/build/vehicle' returned '0': PYTHONPATH=/home/carla/Github/C-V2X-Autoware-Carla/build/vehicle/prefix_override:/home/carla/Github/C-V2X-Autoware-Carla/install/vehicle/lib/python3.8/site-packages:${PYTHONPATH} /usr/bin/python3 setup.py develop --editable --build-directory /home/carla/Github/C-V2X-Autoware-Carla/build/vehicle/build --no-deps install_data
[1.953s] INFO:colcon.colcon_core.shell:Creating environment descriptor '/home/carla/Github/C-V2X-Autoware-Carla/build/vehicle/share/vehicle/hook/pythonpath_develop.dsv'
[1.954s] INFO:colcon.colcon_core.shell:Creating environment hook '/home/carla/Github/C-V2X-Autoware-Carla/build/vehicle/share/vehicle/hook/pythonpath_develop.sh'
[1.961s] Level 1:colcon.colcon_core.environment:checking '/home/carla/Github/C-V2X-Autoware-Carla/install/vehicle' for CMake module files
[1.961s] Level 1:colcon.colcon_core.environment:checking '/home/carla/Github/C-V2X-Autoware-Carla/install/vehicle' for CMake config files
[1.962s] Level 1:colcon.colcon_core.environment:checking '/home/carla/Github/C-V2X-Autoware-Carla/install/vehicle/lib'
[1.962s] Level 1:colcon.colcon_core.environment:checking '/home/carla/Github/C-V2X-Autoware-Carla/install/vehicle/bin'
[1.962s] Level 1:colcon.colcon_core.environment:checking '/home/carla/Github/C-V2X-Autoware-Carla/install/vehicle/lib/pkgconfig/vehicle.pc'
[1.962s] Level 1:colcon.colcon_core.environment:checking '/home/carla/Github/C-V2X-Autoware-Carla/install/vehicle/lib/python3.8/site-packages'
[1.962s] Level 1:colcon.colcon_core.shell:create_environment_hook('vehicle', 'pythonpath')
[1.964s] INFO:colcon.colcon_core.shell:Creating environment hook '/home/carla/Github/C-V2X-Autoware-Carla/install/vehicle/share/vehicle/hook/pythonpath.ps1'
[1.964s] INFO:colcon.colcon_core.shell:Creating environment descriptor '/home/carla/Github/C-V2X-Autoware-Carla/install/vehicle/share/vehicle/hook/pythonpath.dsv'
[1.964s] INFO:colcon.colcon_core.shell:Creating environment hook '/home/carla/Github/C-V2X-Autoware-Carla/install/vehicle/share/vehicle/hook/pythonpath.sh'
[1.965s] Level 1:colcon.colcon_core.environment:checking '/home/carla/Github/C-V2X-Autoware-Carla/install/vehicle/bin'
[1.965s] Level 1:colcon.colcon_core.environment:create_environment_scripts_only(vehicle)
[1.967s] INFO:colcon.colcon_core.shell:Creating package script '/home/carla/Github/C-V2X-Autoware-Carla/install/vehicle/share/vehicle/package.ps1'
[1.967s] INFO:colcon.colcon_core.shell:Creating package descriptor '/home/carla/Github/C-V2X-Autoware-Carla/install/vehicle/share/vehicle/package.dsv'
[1.968s] INFO:colcon.colcon_core.shell:Creating package script '/home/carla/Github/C-V2X-Autoware-Carla/install/vehicle/share/vehicle/package.sh'
[1.968s] INFO:colcon.colcon_core.shell:Creating package script '/home/carla/Github/C-V2X-Autoware-Carla/install/vehicle/share/vehicle/package.bash'
[1.968s] INFO:colcon.colcon_core.shell:Creating package script '/home/carla/Github/C-V2X-Autoware-Carla/install/vehicle/share/vehicle/package.zsh'
[1.969s] Level 1:colcon.colcon_core.environment:create_file_with_runtime_dependencies(/home/carla/Github/C-V2X-Autoware-Carla/install/vehicle/share/colcon-core/packages/vehicle)
[1.969s] DEBUG:colcon.colcon_parallel_executor.executor.parallel:closing loop
[1.969s] DEBUG:colcon.colcon_parallel_executor.executor.parallel:loop closed
[1.969s] DEBUG:colcon.colcon_parallel_executor.executor.parallel:run_until_complete finished with '0'
[1.969s] DEBUG:colcon.colcon_core.event_reactor:joining thread
[1.976s] INFO:colcon.colcon_core.plugin_system:Skipping extension 'colcon_notification.desktop_notification.terminal_notifier': Not used on non-Darwin systems
[1.976s] INFO:colcon.colcon_core.plugin_system:Skipping extension 'colcon_notification.desktop_notification.win32': Not used on non-Windows systems
[1.976s] INFO:colcon.colcon_notification.desktop_notification:Sending desktop notification using 'notify2'
[1.988s] DEBUG:colcon.colcon_core.event_reactor:joined thread
[1.990s] INFO:colcon.colcon_core.shell:Creating prefix script '/home/carla/Github/C-V2X-Autoware-Carla/install/local_setup.ps1'
[1.991s] INFO:colcon.colcon_core.shell:Creating prefix util module '/home/carla/Github/C-V2X-Autoware-Carla/install/_local_setup_util_ps1.py'
[1.991s] INFO:colcon.colcon_core.shell:Creating prefix chain script '/home/carla/Github/C-V2X-Autoware-Carla/install/setup.ps1'
[1.997s] INFO:colcon.colcon_core.shell:Creating prefix script '/home/carla/Github/C-V2X-Autoware-Carla/install/local_setup.sh'
[1.997s] INFO:colcon.colcon_core.shell:Creating prefix util module '/home/carla/Github/C-V2X-Autoware-Carla/install/_local_setup_util_sh.py'
[1.997s] INFO:colcon.colcon_core.shell:Creating prefix chain script '/home/carla/Github/C-V2X-Autoware-Carla/install/setup.sh'
[2.003s] INFO:colcon.colcon_core.shell:Creating prefix script '/home/carla/Github/C-V2X-Autoware-Carla/install/local_setup.bash'
[2.003s] INFO:colcon.colcon_core.shell:Creating prefix chain script '/home/carla/Github/C-V2X-Autoware-Carla/install/setup.bash'
[2.008s] INFO:colcon.colcon_core.shell:Creating prefix script '/home/carla/Github/C-V2X-Autoware-Carla/install/local_setup.zsh'
[2.008s] INFO:colcon.colcon_core.shell:Creating prefix chain script '/home/carla/Github/C-V2X-Autoware-Carla/install/setup.zsh'
