[3.011s] DEBUG:colcon:Command line arguments: ['/usr/bin/colcon', 'build', '--packages-select', 'vehicle']
[3.011s] DEBUG:colcon:Parsed command line arguments: Namespace(allow_overriding=[], ament_cmake_args=None, base_paths=['.'], build_base='build', catkin_cmake_args=None, catkin_skip_building_tests=False, cmake_args=None, cmake_clean_cache=False, cmake_clean_first=False, cmake_force_configure=False, cmake_target=None, cmake_target_skip_unavailable=False, continue_on_error=False, event_handlers=None, executor='parallel', ignore_user_meta=False, install_base='install', log_base=None, log_level=None, main=<bound method BuildVerb.main of <colcon_core.verb.build.BuildVerb object at 0x7fc59a58d8b0>>, merge_install=False, metas=['./colcon.meta'], packages_above=None, packages_above_and_dependencies=None, packages_above_depth=None, packages_end=None, packages_ignore=None, packages_ignore_regex=None, packages_select=['vehicle'], packages_select_build_failed=False, packages_select_by_dep=None, packages_select_regex=None, packages_select_test_failures=False, packages_skip=None, packages_skip_build_finished=False, packages_skip_by_dep=None, packages_skip_regex=None, packages_skip_test_passed=False, packages_skip_up_to=None, packages_start=None, packages_up_to=None, packages_up_to_regex=None, parallel_workers=20, paths=None, symlink_install=False, test_result_base=None, verb_extension=<colcon_core.verb.build.BuildVerb object at 0x7fc59a58d8b0>, verb_name='build', verb_parser=<colcon_defaults.argument_parser.defaults.DefaultArgumentsDecorator object at 0x7fc59a1b0880>)
[3.170s] Level 1:colcon.colcon_core.package_discovery:discover_packages(colcon_meta) check parameters
[3.170s] Level 1:colcon.colcon_core.package_discovery:discover_packages(recursive) check parameters
[3.170s] Level 1:colcon.colcon_core.package_discovery:discover_packages(ignore) check parameters
[3.170s] Level 1:colcon.colcon_core.package_discovery:discover_packages(path) check parameters
[3.170s] Level 1:colcon.colcon_core.package_discovery:discover_packages(colcon_meta) discover
[3.170s] Level 1:colcon.colcon_core.package_discovery:discover_packages(recursive) discover
[3.170s] INFO:colcon.colcon_core.package_discovery:Crawling recursively for packages in '/home/carla/Github/C-V2X-Autoware-Carla'
[3.170s] Level 1:colcon.colcon_core.package_identification:_identify(.) by extensions ['ignore', 'ignore_ament_install']
[3.170s] Level 1:colcon.colcon_core.package_identification:_identify(.) by extension 'ignore'
[3.170s] Level 1:colcon.colcon_core.package_identification:_identify(.) by extension 'ignore_ament_install'
[3.170s] Level 1:colcon.colcon_core.package_identification:_identify(.) by extensions ['colcon_pkg']
[3.170s] Level 1:colcon.colcon_core.package_identification:_identify(.) by extension 'colcon_pkg'
[3.170s] Level 1:colcon.colcon_core.package_identification:_identify(.) by extensions ['colcon_meta']
[3.170s] Level 1:colcon.colcon_core.package_identification:_identify(.) by extension 'colcon_meta'
[3.170s] Level 1:colcon.colcon_core.package_identification:_identify(.) by extensions ['ros']
[3.170s] Level 1:colcon.colcon_core.package_identification:_identify(.) by extension 'ros'
[3.184s] Level 1:colcon.colcon_core.package_identification:_identify(.) by extensions ['cmake', 'python']
[3.184s] Level 1:colcon.colcon_core.package_identification:_identify(.) by extension 'cmake'
[3.184s] Level 1:colcon.colcon_core.package_identification:_identify(.) by extension 'python'
[3.184s] Level 1:colcon.colcon_core.package_identification:_identify(.) by extensions ['python_setup_py']
[3.184s] Level 1:colcon.colcon_core.package_identification:_identify(.) by extension 'python_setup_py'
[3.185s] Level 1:colcon.colcon_core.package_identification:_identify(autoware_map) by extensions ['ignore', 'ignore_ament_install']
[3.185s] Level 1:colcon.colcon_core.package_identification:_identify(autoware_map) by extension 'ignore'
[3.185s] Level 1:colcon.colcon_core.package_identification:_identify(autoware_map) by extension 'ignore_ament_install'
[3.185s] Level 1:colcon.colcon_core.package_identification:_identify(autoware_map) by extensions ['colcon_pkg']
[3.185s] Level 1:colcon.colcon_core.package_identification:_identify(autoware_map) by extension 'colcon_pkg'
[3.185s] Level 1:colcon.colcon_core.package_identification:_identify(autoware_map) by extensions ['colcon_meta']
[3.185s] Level 1:colcon.colcon_core.package_identification:_identify(autoware_map) by extension 'colcon_meta'
[3.185s] Level 1:colcon.colcon_core.package_identification:_identify(autoware_map) by extensions ['ros']
[3.185s] Level 1:colcon.colcon_core.package_identification:_identify(autoware_map) by extension 'ros'
[3.185s] Level 1:colcon.colcon_core.package_identification:_identify(autoware_map) by extensions ['cmake', 'python']
[3.185s] Level 1:colcon.colcon_core.package_identification:_identify(autoware_map) by extension 'cmake'
[3.185s] Level 1:colcon.colcon_core.package_identification:_identify(autoware_map) by extension 'python'
[3.185s] Level 1:colcon.colcon_core.package_identification:_identify(autoware_map) by extensions ['python_setup_py']
[3.186s] Level 1:colcon.colcon_core.package_identification:_identify(autoware_map) by extension 'python_setup_py'
[3.186s] Level 1:colcon.colcon_core.package_identification:_identify(autoware_map/carla_map) by extensions ['ignore', 'ignore_ament_install']
[3.186s] Level 1:colcon.colcon_core.package_identification:_identify(autoware_map/carla_map) by extension 'ignore'
[3.186s] Level 1:colcon.colcon_core.package_identification:_identify(autoware_map/carla_map) by extension 'ignore_ament_install'
[3.186s] Level 1:colcon.colcon_core.package_identification:_identify(autoware_map/carla_map) by extensions ['colcon_pkg']
[3.186s] Level 1:colcon.colcon_core.package_identification:_identify(autoware_map/carla_map) by extension 'colcon_pkg'
[3.186s] Level 1:colcon.colcon_core.package_identification:_identify(autoware_map/carla_map) by extensions ['colcon_meta']
[3.186s] Level 1:colcon.colcon_core.package_identification:_identify(autoware_map/carla_map) by extension 'colcon_meta'
[3.186s] Level 1:colcon.colcon_core.package_identification:_identify(autoware_map/carla_map) by extensions ['ros']
[3.186s] Level 1:colcon.colcon_core.package_identification:_identify(autoware_map/carla_map) by extension 'ros'
[3.186s] Level 1:colcon.colcon_core.package_identification:_identify(autoware_map/carla_map) by extensions ['cmake', 'python']
[3.186s] Level 1:colcon.colcon_core.package_identification:_identify(autoware_map/carla_map) by extension 'cmake'
[3.187s] Level 1:colcon.colcon_core.package_identification:_identify(autoware_map/carla_map) by extension 'python'
[3.187s] Level 1:colcon.colcon_core.package_identification:_identify(autoware_map/carla_map) by extensions ['python_setup_py']
[3.187s] Level 1:colcon.colcon_core.package_identification:_identify(autoware_map/carla_map) by extension 'python_setup_py'
[3.187s] Level 1:colcon.colcon_core.package_identification:_identify(autoware_map/carla_map/Town01) by extensions ['ignore', 'ignore_ament_install']
[3.187s] Level 1:colcon.colcon_core.package_identification:_identify(autoware_map/carla_map/Town01) by extension 'ignore'
[3.187s] Level 1:colcon.colcon_core.package_identification:_identify(autoware_map/carla_map/Town01) by extension 'ignore_ament_install'
[3.187s] Level 1:colcon.colcon_core.package_identification:_identify(autoware_map/carla_map/Town01) by extensions ['colcon_pkg']
[3.187s] Level 1:colcon.colcon_core.package_identification:_identify(autoware_map/carla_map/Town01) by extension 'colcon_pkg'
[3.187s] Level 1:colcon.colcon_core.package_identification:_identify(autoware_map/carla_map/Town01) by extensions ['colcon_meta']
[3.187s] Level 1:colcon.colcon_core.package_identification:_identify(autoware_map/carla_map/Town01) by extension 'colcon_meta'
[3.187s] Level 1:colcon.colcon_core.package_identification:_identify(autoware_map/carla_map/Town01) by extensions ['ros']
[3.187s] Level 1:colcon.colcon_core.package_identification:_identify(autoware_map/carla_map/Town01) by extension 'ros'
[3.188s] Level 1:colcon.colcon_core.package_identification:_identify(autoware_map/carla_map/Town01) by extensions ['cmake', 'python']
[3.188s] Level 1:colcon.colcon_core.package_identification:_identify(autoware_map/carla_map/Town01) by extension 'cmake'
[3.188s] Level 1:colcon.colcon_core.package_identification:_identify(autoware_map/carla_map/Town01) by extension 'python'
[3.188s] Level 1:colcon.colcon_core.package_identification:_identify(autoware_map/carla_map/Town01) by extensions ['python_setup_py']
[3.188s] Level 1:colcon.colcon_core.package_identification:_identify(autoware_map/carla_map/Town01) by extension 'python_setup_py'
[3.188s] Level 1:colcon.colcon_core.package_identification:_identify(autoware_map/carla_map/Town03) by extensions ['ignore', 'ignore_ament_install']
[3.188s] Level 1:colcon.colcon_core.package_identification:_identify(autoware_map/carla_map/Town03) by extension 'ignore'
[3.188s] Level 1:colcon.colcon_core.package_identification:_identify(autoware_map/carla_map/Town03) by extension 'ignore_ament_install'
[3.188s] Level 1:colcon.colcon_core.package_identification:_identify(autoware_map/carla_map/Town03) by extensions ['colcon_pkg']
[3.188s] Level 1:colcon.colcon_core.package_identification:_identify(autoware_map/carla_map/Town03) by extension 'colcon_pkg'
[3.188s] Level 1:colcon.colcon_core.package_identification:_identify(autoware_map/carla_map/Town03) by extensions ['colcon_meta']
[3.188s] Level 1:colcon.colcon_core.package_identification:_identify(autoware_map/carla_map/Town03) by extension 'colcon_meta'
[3.189s] Level 1:colcon.colcon_core.package_identification:_identify(autoware_map/carla_map/Town03) by extensions ['ros']
[3.189s] Level 1:colcon.colcon_core.package_identification:_identify(autoware_map/carla_map/Town03) by extension 'ros'
[3.189s] Level 1:colcon.colcon_core.package_identification:_identify(autoware_map/carla_map/Town03) by extensions ['cmake', 'python']
[3.189s] Level 1:colcon.colcon_core.package_identification:_identify(autoware_map/carla_map/Town03) by extension 'cmake'
[3.189s] Level 1:colcon.colcon_core.package_identification:_identify(autoware_map/carla_map/Town03) by extension 'python'
[3.189s] Level 1:colcon.colcon_core.package_identification:_identify(autoware_map/carla_map/Town03) by extensions ['python_setup_py']
[3.189s] Level 1:colcon.colcon_core.package_identification:_identify(autoware_map/carla_map/Town03) by extension 'python_setup_py'
[3.189s] Level 1:colcon.colcon_core.package_identification:_identify(autoware_map/carla_map/Town04) by extensions ['ignore', 'ignore_ament_install']
[3.189s] Level 1:colcon.colcon_core.package_identification:_identify(autoware_map/carla_map/Town04) by extension 'ignore'
[3.189s] Level 1:colcon.colcon_core.package_identification:_identify(autoware_map/carla_map/Town04) by extension 'ignore_ament_install'
[3.189s] Level 1:colcon.colcon_core.package_identification:_identify(autoware_map/carla_map/Town04) by extensions ['colcon_pkg']
[3.189s] Level 1:colcon.colcon_core.package_identification:_identify(autoware_map/carla_map/Town04) by extension 'colcon_pkg'
[3.189s] Level 1:colcon.colcon_core.package_identification:_identify(autoware_map/carla_map/Town04) by extensions ['colcon_meta']
[3.190s] Level 1:colcon.colcon_core.package_identification:_identify(autoware_map/carla_map/Town04) by extension 'colcon_meta'
[3.190s] Level 1:colcon.colcon_core.package_identification:_identify(autoware_map/carla_map/Town04) by extensions ['ros']
[3.190s] Level 1:colcon.colcon_core.package_identification:_identify(autoware_map/carla_map/Town04) by extension 'ros'
[3.190s] Level 1:colcon.colcon_core.package_identification:_identify(autoware_map/carla_map/Town04) by extensions ['cmake', 'python']
[3.190s] Level 1:colcon.colcon_core.package_identification:_identify(autoware_map/carla_map/Town04) by extension 'cmake'
[3.190s] Level 1:colcon.colcon_core.package_identification:_identify(autoware_map/carla_map/Town04) by extension 'python'
[3.190s] Level 1:colcon.colcon_core.package_identification:_identify(autoware_map/carla_map/Town04) by extensions ['python_setup_py']
[3.190s] Level 1:colcon.colcon_core.package_identification:_identify(autoware_map/carla_map/Town04) by extension 'python_setup_py'
[3.190s] Level 1:colcon.colcon_core.package_identification:_identify(autoware_map/carla_map/Town05) by extensions ['ignore', 'ignore_ament_install']
[3.190s] Level 1:colcon.colcon_core.package_identification:_identify(autoware_map/carla_map/Town05) by extension 'ignore'
[3.190s] Level 1:colcon.colcon_core.package_identification:_identify(autoware_map/carla_map/Town05) by extension 'ignore_ament_install'
[3.190s] Level 1:colcon.colcon_core.package_identification:_identify(autoware_map/carla_map/Town05) by extensions ['colcon_pkg']
[3.191s] Level 1:colcon.colcon_core.package_identification:_identify(autoware_map/carla_map/Town05) by extension 'colcon_pkg'
[3.191s] Level 1:colcon.colcon_core.package_identification:_identify(autoware_map/carla_map/Town05) by extensions ['colcon_meta']
[3.191s] Level 1:colcon.colcon_core.package_identification:_identify(autoware_map/carla_map/Town05) by extension 'colcon_meta'
[3.191s] Level 1:colcon.colcon_core.package_identification:_identify(autoware_map/carla_map/Town05) by extensions ['ros']
[3.191s] Level 1:colcon.colcon_core.package_identification:_identify(autoware_map/carla_map/Town05) by extension 'ros'
[3.191s] Level 1:colcon.colcon_core.package_identification:_identify(autoware_map/carla_map/Town05) by extensions ['cmake', 'python']
[3.191s] Level 1:colcon.colcon_core.package_identification:_identify(autoware_map/carla_map/Town05) by extension 'cmake'
[3.191s] Level 1:colcon.colcon_core.package_identification:_identify(autoware_map/carla_map/Town05) by extension 'python'
[3.191s] Level 1:colcon.colcon_core.package_identification:_identify(autoware_map/carla_map/Town05) by extensions ['python_setup_py']
[3.191s] Level 1:colcon.colcon_core.package_identification:_identify(autoware_map/carla_map/Town05) by extension 'python_setup_py'
[3.191s] Level 1:colcon.colcon_core.package_identification:_identify(autoware_map/carla_map/Town10) by extensions ['ignore', 'ignore_ament_install']
[3.192s] Level 1:colcon.colcon_core.package_identification:_identify(autoware_map/carla_map/Town10) by extension 'ignore'
[3.192s] Level 1:colcon.colcon_core.package_identification:_identify(autoware_map/carla_map/Town10) by extension 'ignore_ament_install'
[3.192s] Level 1:colcon.colcon_core.package_identification:_identify(autoware_map/carla_map/Town10) by extensions ['colcon_pkg']
[3.192s] Level 1:colcon.colcon_core.package_identification:_identify(autoware_map/carla_map/Town10) by extension 'colcon_pkg'
[3.192s] Level 1:colcon.colcon_core.package_identification:_identify(autoware_map/carla_map/Town10) by extensions ['colcon_meta']
[3.192s] Level 1:colcon.colcon_core.package_identification:_identify(autoware_map/carla_map/Town10) by extension 'colcon_meta'
[3.192s] Level 1:colcon.colcon_core.package_identification:_identify(autoware_map/carla_map/Town10) by extensions ['ros']
[3.192s] Level 1:colcon.colcon_core.package_identification:_identify(autoware_map/carla_map/Town10) by extension 'ros'
[3.192s] Level 1:colcon.colcon_core.package_identification:_identify(autoware_map/carla_map/Town10) by extensions ['cmake', 'python']
[3.192s] Level 1:colcon.colcon_core.package_identification:_identify(autoware_map/carla_map/Town10) by extension 'cmake'
[3.192s] Level 1:colcon.colcon_core.package_identification:_identify(autoware_map/carla_map/Town10) by extension 'python'
[3.192s] Level 1:colcon.colcon_core.package_identification:_identify(autoware_map/carla_map/Town10) by extensions ['python_setup_py']
[3.192s] Level 1:colcon.colcon_core.package_identification:_identify(autoware_map/carla_map/Town10) by extension 'python_setup_py'
[3.193s] Level 1:colcon.colcon_core.package_identification:_identify(autoware_map/ud-modular-lab) by extensions ['ignore', 'ignore_ament_install']
[3.193s] Level 1:colcon.colcon_core.package_identification:_identify(autoware_map/ud-modular-lab) by extension 'ignore'
[3.193s] Level 1:colcon.colcon_core.package_identification:_identify(autoware_map/ud-modular-lab) by extension 'ignore_ament_install'
[3.193s] Level 1:colcon.colcon_core.package_identification:_identify(autoware_map/ud-modular-lab) by extensions ['colcon_pkg']
[3.193s] Level 1:colcon.colcon_core.package_identification:_identify(autoware_map/ud-modular-lab) by extension 'colcon_pkg'
[3.193s] Level 1:colcon.colcon_core.package_identification:_identify(autoware_map/ud-modular-lab) by extensions ['colcon_meta']
[3.193s] Level 1:colcon.colcon_core.package_identification:_identify(autoware_map/ud-modular-lab) by extension 'colcon_meta'
[3.193s] Level 1:colcon.colcon_core.package_identification:_identify(autoware_map/ud-modular-lab) by extensions ['ros']
[3.193s] Level 1:colcon.colcon_core.package_identification:_identify(autoware_map/ud-modular-lab) by extension 'ros'
[3.193s] Level 1:colcon.colcon_core.package_identification:_identify(autoware_map/ud-modular-lab) by extensions ['cmake', 'python']
[3.193s] Level 1:colcon.colcon_core.package_identification:_identify(autoware_map/ud-modular-lab) by extension 'cmake'
[3.193s] Level 1:colcon.colcon_core.package_identification:_identify(autoware_map/ud-modular-lab) by extension 'python'
[3.194s] Level 1:colcon.colcon_core.package_identification:_identify(autoware_map/ud-modular-lab) by extensions ['python_setup_py']
[3.194s] Level 1:colcon.colcon_core.package_identification:_identify(autoware_map/ud-modular-lab) by extension 'python_setup_py'
[3.194s] Level 1:colcon.colcon_core.package_identification:_identify(build) by extensions ['ignore', 'ignore_ament_install']
[3.194s] Level 1:colcon.colcon_core.package_identification:_identify(build) by extension 'ignore'
[3.194s] Level 1:colcon.colcon_core.package_identification:_identify(build) ignored
[3.194s] Level 1:colcon.colcon_core.package_identification:_identify(install) by extensions ['ignore', 'ignore_ament_install']
[3.194s] Level 1:colcon.colcon_core.package_identification:_identify(install) by extension 'ignore'
[3.194s] Level 1:colcon.colcon_core.package_identification:_identify(install) ignored
[3.195s] Level 1:colcon.colcon_core.package_identification:_identify(log) by extensions ['ignore', 'ignore_ament_install']
[3.195s] Level 1:colcon.colcon_core.package_identification:_identify(log) by extension 'ignore'
[3.195s] Level 1:colcon.colcon_core.package_identification:_identify(log) ignored
[3.195s] Level 1:colcon.colcon_core.package_identification:_identify(rosbag2_2024_01_24-16_15_23) by extensions ['ignore', 'ignore_ament_install']
[3.195s] Level 1:colcon.colcon_core.package_identification:_identify(rosbag2_2024_01_24-16_15_23) by extension 'ignore'
[3.195s] Level 1:colcon.colcon_core.package_identification:_identify(rosbag2_2024_01_24-16_15_23) by extension 'ignore_ament_install'
[3.195s] Level 1:colcon.colcon_core.package_identification:_identify(rosbag2_2024_01_24-16_15_23) by extensions ['colcon_pkg']
[3.195s] Level 1:colcon.colcon_core.package_identification:_identify(rosbag2_2024_01_24-16_15_23) by extension 'colcon_pkg'
[3.195s] Level 1:colcon.colcon_core.package_identification:_identify(rosbag2_2024_01_24-16_15_23) by extensions ['colcon_meta']
[3.195s] Level 1:colcon.colcon_core.package_identification:_identify(rosbag2_2024_01_24-16_15_23) by extension 'colcon_meta'
[3.195s] Level 1:colcon.colcon_core.package_identification:_identify(rosbag2_2024_01_24-16_15_23) by extensions ['ros']
[3.195s] Level 1:colcon.colcon_core.package_identification:_identify(rosbag2_2024_01_24-16_15_23) by extension 'ros'
[3.196s] Level 1:colcon.colcon_core.package_identification:_identify(rosbag2_2024_01_24-16_15_23) by extensions ['cmake', 'python']
[3.196s] Level 1:colcon.colcon_core.package_identification:_identify(rosbag2_2024_01_24-16_15_23) by extension 'cmake'
[3.196s] Level 1:colcon.colcon_core.package_identification:_identify(rosbag2_2024_01_24-16_15_23) by extension 'python'
[3.196s] Level 1:colcon.colcon_core.package_identification:_identify(rosbag2_2024_01_24-16_15_23) by extensions ['python_setup_py']
[3.196s] Level 1:colcon.colcon_core.package_identification:_identify(rosbag2_2024_01_24-16_15_23) by extension 'python_setup_py'
[3.196s] Level 1:colcon.colcon_core.package_identification:_identify(src) by extensions ['ignore', 'ignore_ament_install']
[3.196s] Level 1:colcon.colcon_core.package_identification:_identify(src) by extension 'ignore'
[3.196s] Level 1:colcon.colcon_core.package_identification:_identify(src) by extension 'ignore_ament_install'
[3.196s] Level 1:colcon.colcon_core.package_identification:_identify(src) by extensions ['colcon_pkg']
[3.196s] Level 1:colcon.colcon_core.package_identification:_identify(src) by extension 'colcon_pkg'
[3.197s] Level 1:colcon.colcon_core.package_identification:_identify(src) by extensions ['colcon_meta']
[3.197s] Level 1:colcon.colcon_core.package_identification:_identify(src) by extension 'colcon_meta'
[3.197s] Level 1:colcon.colcon_core.package_identification:_identify(src) by extensions ['ros']
[3.197s] Level 1:colcon.colcon_core.package_identification:_identify(src) by extension 'ros'
[3.197s] Level 1:colcon.colcon_core.package_identification:_identify(src) by extensions ['cmake', 'python']
[3.197s] Level 1:colcon.colcon_core.package_identification:_identify(src) by extension 'cmake'
[3.197s] Level 1:colcon.colcon_core.package_identification:_identify(src) by extension 'python'
[3.197s] Level 1:colcon.colcon_core.package_identification:_identify(src) by extensions ['python_setup_py']
[3.197s] Level 1:colcon.colcon_core.package_identification:_identify(src) by extension 'python_setup_py'
[3.197s] Level 1:colcon.colcon_core.package_identification:_identify(src/autoware_adapi_v1_msgs) by extensions ['ignore', 'ignore_ament_install']
[3.197s] Level 1:colcon.colcon_core.package_identification:_identify(src/autoware_adapi_v1_msgs) by extension 'ignore'
[3.197s] Level 1:colcon.colcon_core.package_identification:_identify(src/autoware_adapi_v1_msgs) by extension 'ignore_ament_install'
[3.198s] Level 1:colcon.colcon_core.package_identification:_identify(src/autoware_adapi_v1_msgs) by extensions ['colcon_pkg']
[3.198s] Level 1:colcon.colcon_core.package_identification:_identify(src/autoware_adapi_v1_msgs) by extension 'colcon_pkg'
[3.198s] Level 1:colcon.colcon_core.package_identification:_identify(src/autoware_adapi_v1_msgs) by extensions ['colcon_meta']
[3.198s] Level 1:colcon.colcon_core.package_identification:_identify(src/autoware_adapi_v1_msgs) by extension 'colcon_meta'
[3.198s] Level 1:colcon.colcon_core.package_identification:_identify(src/autoware_adapi_v1_msgs) by extensions ['ros']
[3.198s] Level 1:colcon.colcon_core.package_identification:_identify(src/autoware_adapi_v1_msgs) by extension 'ros'
[3.201s] DEBUG:colcon.colcon_core.package_identification:Package 'src/autoware_adapi_v1_msgs' with type 'ros.ament_cmake' and name 'autoware_adapi_v1_msgs'
[3.201s] Level 1:colcon.colcon_core.package_identification:_identify(src/autoware_auto_control_msgs) by extensions ['ignore', 'ignore_ament_install']
[3.201s] Level 1:colcon.colcon_core.package_identification:_identify(src/autoware_auto_control_msgs) by extension 'ignore'
[3.201s] Level 1:colcon.colcon_core.package_identification:_identify(src/autoware_auto_control_msgs) by extension 'ignore_ament_install'
[3.201s] Level 1:colcon.colcon_core.package_identification:_identify(src/autoware_auto_control_msgs) by extensions ['colcon_pkg']
[3.201s] Level 1:colcon.colcon_core.package_identification:_identify(src/autoware_auto_control_msgs) by extension 'colcon_pkg'
[3.201s] Level 1:colcon.colcon_core.package_identification:_identify(src/autoware_auto_control_msgs) by extensions ['colcon_meta']
[3.201s] Level 1:colcon.colcon_core.package_identification:_identify(src/autoware_auto_control_msgs) by extension 'colcon_meta'
[3.201s] Level 1:colcon.colcon_core.package_identification:_identify(src/autoware_auto_control_msgs) by extensions ['ros']
[3.202s] Level 1:colcon.colcon_core.package_identification:_identify(src/autoware_auto_control_msgs) by extension 'ros'
[3.202s] DEBUG:colcon.colcon_core.package_identification:Package 'src/autoware_auto_control_msgs' with type 'ros.ament_cmake' and name 'autoware_auto_control_msgs'
[3.202s] Level 1:colcon.colcon_core.package_identification:_identify(src/autoware_auto_geometry_msgs) by extensions ['ignore', 'ignore_ament_install']
[3.202s] Level 1:colcon.colcon_core.package_identification:_identify(src/autoware_auto_geometry_msgs) by extension 'ignore'
[3.203s] Level 1:colcon.colcon_core.package_identification:_identify(src/autoware_auto_geometry_msgs) by extension 'ignore_ament_install'
[3.203s] Level 1:colcon.colcon_core.package_identification:_identify(src/autoware_auto_geometry_msgs) by extensions ['colcon_pkg']
[3.203s] Level 1:colcon.colcon_core.package_identification:_identify(src/autoware_auto_geometry_msgs) by extension 'colcon_pkg'
[3.203s] Level 1:colcon.colcon_core.package_identification:_identify(src/autoware_auto_geometry_msgs) by extensions ['colcon_meta']
[3.203s] Level 1:colcon.colcon_core.package_identification:_identify(src/autoware_auto_geometry_msgs) by extension 'colcon_meta'
[3.203s] Level 1:colcon.colcon_core.package_identification:_identify(src/autoware_auto_geometry_msgs) by extensions ['ros']
[3.203s] Level 1:colcon.colcon_core.package_identification:_identify(src/autoware_auto_geometry_msgs) by extension 'ros'
[3.203s] DEBUG:colcon.colcon_core.package_identification:Package 'src/autoware_auto_geometry_msgs' with type 'ros.ament_cmake' and name 'autoware_auto_geometry_msgs'
[3.204s] Level 1:colcon.colcon_core.package_identification:_identify(src/autoware_auto_mapping_msgs) by extensions ['ignore', 'ignore_ament_install']
[3.204s] Level 1:colcon.colcon_core.package_identification:_identify(src/autoware_auto_mapping_msgs) by extension 'ignore'
[3.204s] Level 1:colcon.colcon_core.package_identification:_identify(src/autoware_auto_mapping_msgs) by extension 'ignore_ament_install'
[3.204s] Level 1:colcon.colcon_core.package_identification:_identify(src/autoware_auto_mapping_msgs) by extensions ['colcon_pkg']
[3.204s] Level 1:colcon.colcon_core.package_identification:_identify(src/autoware_auto_mapping_msgs) by extension 'colcon_pkg'
[3.204s] Level 1:colcon.colcon_core.package_identification:_identify(src/autoware_auto_mapping_msgs) by extensions ['colcon_meta']
[3.204s] Level 1:colcon.colcon_core.package_identification:_identify(src/autoware_auto_mapping_msgs) by extension 'colcon_meta'
[3.204s] Level 1:colcon.colcon_core.package_identification:_identify(src/autoware_auto_mapping_msgs) by extensions ['ros']
[3.204s] Level 1:colcon.colcon_core.package_identification:_identify(src/autoware_auto_mapping_msgs) by extension 'ros'
[3.205s] DEBUG:colcon.colcon_core.package_identification:Package 'src/autoware_auto_mapping_msgs' with type 'ros.ament_cmake' and name 'autoware_auto_mapping_msgs'
[3.205s] Level 1:colcon.colcon_core.package_identification:_identify(src/autoware_auto_msgs) by extensions ['ignore', 'ignore_ament_install']
[3.205s] Level 1:colcon.colcon_core.package_identification:_identify(src/autoware_auto_msgs) by extension 'ignore'
[3.205s] Level 1:colcon.colcon_core.package_identification:_identify(src/autoware_auto_msgs) by extension 'ignore_ament_install'
[3.205s] Level 1:colcon.colcon_core.package_identification:_identify(src/autoware_auto_msgs) by extensions ['colcon_pkg']
[3.205s] Level 1:colcon.colcon_core.package_identification:_identify(src/autoware_auto_msgs) by extension 'colcon_pkg'
[3.205s] Level 1:colcon.colcon_core.package_identification:_identify(src/autoware_auto_msgs) by extensions ['colcon_meta']
[3.205s] Level 1:colcon.colcon_core.package_identification:_identify(src/autoware_auto_msgs) by extension 'colcon_meta'
[3.205s] Level 1:colcon.colcon_core.package_identification:_identify(src/autoware_auto_msgs) by extensions ['ros']
[3.206s] Level 1:colcon.colcon_core.package_identification:_identify(src/autoware_auto_msgs) by extension 'ros'
[3.206s] DEBUG:colcon.colcon_core.package_identification:Package 'src/autoware_auto_msgs' with type 'ros.ament_cmake' and name 'autoware_auto_msgs'
[3.206s] Level 1:colcon.colcon_core.package_identification:_identify(src/autoware_auto_perception_msgs) by extensions ['ignore', 'ignore_ament_install']
[3.206s] Level 1:colcon.colcon_core.package_identification:_identify(src/autoware_auto_perception_msgs) by extension 'ignore'
[3.206s] Level 1:colcon.colcon_core.package_identification:_identify(src/autoware_auto_perception_msgs) by extension 'ignore_ament_install'
[3.206s] Level 1:colcon.colcon_core.package_identification:_identify(src/autoware_auto_perception_msgs) by extensions ['colcon_pkg']
[3.206s] Level 1:colcon.colcon_core.package_identification:_identify(src/autoware_auto_perception_msgs) by extension 'colcon_pkg'
[3.207s] Level 1:colcon.colcon_core.package_identification:_identify(src/autoware_auto_perception_msgs) by extensions ['colcon_meta']
[3.207s] Level 1:colcon.colcon_core.package_identification:_identify(src/autoware_auto_perception_msgs) by extension 'colcon_meta'
[3.207s] Level 1:colcon.colcon_core.package_identification:_identify(src/autoware_auto_perception_msgs) by extensions ['ros']
[3.207s] Level 1:colcon.colcon_core.package_identification:_identify(src/autoware_auto_perception_msgs) by extension 'ros'
[3.207s] DEBUG:colcon.colcon_core.package_identification:Package 'src/autoware_auto_perception_msgs' with type 'ros.ament_cmake' and name 'autoware_auto_perception_msgs'
[3.208s] Level 1:colcon.colcon_core.package_identification:_identify(src/autoware_auto_planning_msgs) by extensions ['ignore', 'ignore_ament_install']
[3.208s] Level 1:colcon.colcon_core.package_identification:_identify(src/autoware_auto_planning_msgs) by extension 'ignore'
[3.208s] Level 1:colcon.colcon_core.package_identification:_identify(src/autoware_auto_planning_msgs) by extension 'ignore_ament_install'
[3.208s] Level 1:colcon.colcon_core.package_identification:_identify(src/autoware_auto_planning_msgs) by extensions ['colcon_pkg']
[3.208s] Level 1:colcon.colcon_core.package_identification:_identify(src/autoware_auto_planning_msgs) by extension 'colcon_pkg'
[3.208s] Level 1:colcon.colcon_core.package_identification:_identify(src/autoware_auto_planning_msgs) by extensions ['colcon_meta']
[3.208s] Level 1:colcon.colcon_core.package_identification:_identify(src/autoware_auto_planning_msgs) by extension 'colcon_meta'
[3.208s] Level 1:colcon.colcon_core.package_identification:_identify(src/autoware_auto_planning_msgs) by extensions ['ros']
[3.208s] Level 1:colcon.colcon_core.package_identification:_identify(src/autoware_auto_planning_msgs) by extension 'ros'
[3.208s] DEBUG:colcon.colcon_core.package_identification:Package 'src/autoware_auto_planning_msgs' with type 'ros.ament_cmake' and name 'autoware_auto_planning_msgs'
[3.208s] Level 1:colcon.colcon_core.package_identification:_identify(src/autoware_auto_system_msgs) by extensions ['ignore', 'ignore_ament_install']
[3.209s] Level 1:colcon.colcon_core.package_identification:_identify(src/autoware_auto_system_msgs) by extension 'ignore'
[3.209s] Level 1:colcon.colcon_core.package_identification:_identify(src/autoware_auto_system_msgs) by extension 'ignore_ament_install'
[3.209s] Level 1:colcon.colcon_core.package_identification:_identify(src/autoware_auto_system_msgs) by extensions ['colcon_pkg']
[3.209s] Level 1:colcon.colcon_core.package_identification:_identify(src/autoware_auto_system_msgs) by extension 'colcon_pkg'
[3.209s] Level 1:colcon.colcon_core.package_identification:_identify(src/autoware_auto_system_msgs) by extensions ['colcon_meta']
[3.209s] Level 1:colcon.colcon_core.package_identification:_identify(src/autoware_auto_system_msgs) by extension 'colcon_meta'
[3.209s] Level 1:colcon.colcon_core.package_identification:_identify(src/autoware_auto_system_msgs) by extensions ['ros']
[3.209s] Level 1:colcon.colcon_core.package_identification:_identify(src/autoware_auto_system_msgs) by extension 'ros'
[3.209s] DEBUG:colcon.colcon_core.package_identification:Package 'src/autoware_auto_system_msgs' with type 'ros.ament_cmake' and name 'autoware_auto_system_msgs'
[3.209s] Level 1:colcon.colcon_core.package_identification:_identify(src/autoware_auto_vehicle_msgs) by extensions ['ignore', 'ignore_ament_install']
[3.209s] Level 1:colcon.colcon_core.package_identification:_identify(src/autoware_auto_vehicle_msgs) by extension 'ignore'
[3.209s] Level 1:colcon.colcon_core.package_identification:_identify(src/autoware_auto_vehicle_msgs) by extension 'ignore_ament_install'
[3.209s] Level 1:colcon.colcon_core.package_identification:_identify(src/autoware_auto_vehicle_msgs) by extensions ['colcon_pkg']
[3.209s] Level 1:colcon.colcon_core.package_identification:_identify(src/autoware_auto_vehicle_msgs) by extension 'colcon_pkg'
[3.209s] Level 1:colcon.colcon_core.package_identification:_identify(src/autoware_auto_vehicle_msgs) by extensions ['colcon_meta']
[3.209s] Level 1:colcon.colcon_core.package_identification:_identify(src/autoware_auto_vehicle_msgs) by extension 'colcon_meta'
[3.210s] Level 1:colcon.colcon_core.package_identification:_identify(src/autoware_auto_vehicle_msgs) by extensions ['ros']
[3.210s] Level 1:colcon.colcon_core.package_identification:_identify(src/autoware_auto_vehicle_msgs) by extension 'ros'
[3.210s] DEBUG:colcon.colcon_core.package_identification:Package 'src/autoware_auto_vehicle_msgs' with type 'ros.ament_cmake' and name 'autoware_auto_vehicle_msgs'
[3.210s] Level 1:colcon.colcon_core.package_identification:_identify(src/infrastructure) by extensions ['ignore', 'ignore_ament_install']
[3.210s] Level 1:colcon.colcon_core.package_identification:_identify(src/infrastructure) by extension 'ignore'
[3.210s] Level 1:colcon.colcon_core.package_identification:_identify(src/infrastructure) by extension 'ignore_ament_install'
[3.210s] Level 1:colcon.colcon_core.package_identification:_identify(src/infrastructure) by extensions ['colcon_pkg']
[3.210s] Level 1:colcon.colcon_core.package_identification:_identify(src/infrastructure) by extension 'colcon_pkg'
[3.210s] Level 1:colcon.colcon_core.package_identification:_identify(src/infrastructure) by extensions ['colcon_meta']
[3.210s] Level 1:colcon.colcon_core.package_identification:_identify(src/infrastructure) by extension 'colcon_meta'
[3.210s] Level 1:colcon.colcon_core.package_identification:_identify(src/infrastructure) by extensions ['ros']
[3.210s] Level 1:colcon.colcon_core.package_identification:_identify(src/infrastructure) by extension 'ros'
[3.211s] DEBUG:colcon.colcon_core.package_identification:Package 'src/infrastructure' with type 'ros.ament_python' and name 'infrastructure'
[3.211s] Level 1:colcon.colcon_core.package_identification:_identify(src/map) by extensions ['ignore', 'ignore_ament_install']
[3.211s] Level 1:colcon.colcon_core.package_identification:_identify(src/map) by extension 'ignore'
[3.211s] Level 1:colcon.colcon_core.package_identification:_identify(src/map) by extension 'ignore_ament_install'
[3.211s] Level 1:colcon.colcon_core.package_identification:_identify(src/map) by extensions ['colcon_pkg']
[3.211s] Level 1:colcon.colcon_core.package_identification:_identify(src/map) by extension 'colcon_pkg'
[3.211s] Level 1:colcon.colcon_core.package_identification:_identify(src/map) by extensions ['colcon_meta']
[3.211s] Level 1:colcon.colcon_core.package_identification:_identify(src/map) by extension 'colcon_meta'
[3.211s] Level 1:colcon.colcon_core.package_identification:_identify(src/map) by extensions ['ros']
[3.211s] Level 1:colcon.colcon_core.package_identification:_identify(src/map) by extension 'ros'
[3.211s] DEBUG:colcon.colcon_core.package_identification:Package 'src/map' with type 'ros.ament_python' and name 'map'
[3.211s] Level 1:colcon.colcon_core.package_identification:_identify(src/v2x_msg) by extensions ['ignore', 'ignore_ament_install']
[3.211s] Level 1:colcon.colcon_core.package_identification:_identify(src/v2x_msg) by extension 'ignore'
[3.211s] Level 1:colcon.colcon_core.package_identification:_identify(src/v2x_msg) by extension 'ignore_ament_install'
[3.211s] Level 1:colcon.colcon_core.package_identification:_identify(src/v2x_msg) by extensions ['colcon_pkg']
[3.211s] Level 1:colcon.colcon_core.package_identification:_identify(src/v2x_msg) by extension 'colcon_pkg'
[3.211s] Level 1:colcon.colcon_core.package_identification:_identify(src/v2x_msg) by extensions ['colcon_meta']
[3.211s] Level 1:colcon.colcon_core.package_identification:_identify(src/v2x_msg) by extension 'colcon_meta'
[3.212s] Level 1:colcon.colcon_core.package_identification:_identify(src/v2x_msg) by extensions ['ros']
[3.212s] Level 1:colcon.colcon_core.package_identification:_identify(src/v2x_msg) by extension 'ros'
[3.212s] DEBUG:colcon.colcon_core.package_identification:Package 'src/v2x_msg' with type 'ros.ament_cmake' and name 'v2x_msg'
[3.212s] Level 1:colcon.colcon_core.package_identification:_identify(src/vehicle) by extensions ['ignore', 'ignore_ament_install']
[3.212s] Level 1:colcon.colcon_core.package_identification:_identify(src/vehicle) by extension 'ignore'
[3.212s] Level 1:colcon.colcon_core.package_identification:_identify(src/vehicle) by extension 'ignore_ament_install'
[3.212s] Level 1:colcon.colcon_core.package_identification:_identify(src/vehicle) by extensions ['colcon_pkg']
[3.212s] Level 1:colcon.colcon_core.package_identification:_identify(src/vehicle) by extension 'colcon_pkg'
[3.212s] Level 1:colcon.colcon_core.package_identification:_identify(src/vehicle) by extensions ['colcon_meta']
[3.212s] Level 1:colcon.colcon_core.package_identification:_identify(src/vehicle) by extension 'colcon_meta'
[3.212s] Level 1:colcon.colcon_core.package_identification:_identify(src/vehicle) by extensions ['ros']
[3.212s] Level 1:colcon.colcon_core.package_identification:_identify(src/vehicle) by extension 'ros'
[3.213s] DEBUG:colcon.colcon_core.package_identification:Package 'src/vehicle' with type 'ros.ament_python' and name 'vehicle'
[3.213s] Level 1:colcon.colcon_core.package_discovery:discover_packages(recursive) using defaults
[3.213s] Level 1:colcon.colcon_core.package_discovery:discover_packages(ignore) discover
[3.213s] Level 1:colcon.colcon_core.package_discovery:discover_packages(ignore) using defaults
[3.213s] Level 1:colcon.colcon_core.package_discovery:discover_packages(path) discover
[3.213s] Level 1:colcon.colcon_core.package_discovery:discover_packages(path) using defaults
[3.394s] INFO:colcon.colcon_core.package_selection:Skipping not selected package 'autoware_adapi_v1_msgs' in 'src/autoware_adapi_v1_msgs'
[3.394s] INFO:colcon.colcon_core.package_selection:Skipping not selected package 'autoware_auto_control_msgs' in 'src/autoware_auto_control_msgs'
[3.394s] INFO:colcon.colcon_core.package_selection:Skipping not selected package 'autoware_auto_geometry_msgs' in 'src/autoware_auto_geometry_msgs'
[3.394s] INFO:colcon.colcon_core.package_selection:Skipping not selected package 'autoware_auto_mapping_msgs' in 'src/autoware_auto_mapping_msgs'
[3.394s] INFO:colcon.colcon_core.package_selection:Skipping not selected package 'autoware_auto_system_msgs' in 'src/autoware_auto_system_msgs'
[3.394s] INFO:colcon.colcon_core.package_selection:Skipping not selected package 'infrastructure' in 'src/infrastructure'
[3.394s] INFO:colcon.colcon_core.package_selection:Skipping not selected package 'map' in 'src/map'
[3.394s] INFO:colcon.colcon_core.package_selection:Skipping not selected package 'v2x_msg' in 'src/v2x_msg'
[3.395s] INFO:colcon.colcon_core.package_selection:Skipping not selected package 'autoware_auto_perception_msgs' in 'src/autoware_auto_perception_msgs'
[3.395s] INFO:colcon.colcon_core.package_selection:Skipping not selected package 'autoware_auto_planning_msgs' in 'src/autoware_auto_planning_msgs'
[3.395s] INFO:colcon.colcon_core.package_selection:Skipping not selected package 'autoware_auto_vehicle_msgs' in 'src/autoware_auto_vehicle_msgs'
[3.395s] INFO:colcon.colcon_core.package_selection:Skipping not selected package 'autoware_auto_msgs' in 'src/autoware_auto_msgs'
[3.488s] Level 1:colcon.colcon_core.package_discovery:discover_packages(prefix_path) check parameters
[3.488s] Level 1:colcon.colcon_core.package_discovery:discover_packages(prefix_path) discover
[3.613s] DEBUG:colcon.colcon_installed_package_information.package_discovery:Found 13 installed packages in /home/carla/Github/C-V2X-Autoware-Carla/install
[3.670s] DEBUG:colcon.colcon_installed_package_information.package_discovery:Found 343 installed packages in /home/carla/ros2_humble/install
[3.673s] Level 1:colcon.colcon_core.package_discovery:discover_packages(prefix_path) using defaults
[3.800s] Level 5:colcon.colcon_core.verb:set package 'vehicle' build argument 'cmake_args' from command line to 'None'
[3.800s] Level 5:colcon.colcon_core.verb:set package 'vehicle' build argument 'cmake_target' from command line to 'None'
[3.801s] Level 5:colcon.colcon_core.verb:set package 'vehicle' build argument 'cmake_target_skip_unavailable' from command line to 'False'
[3.801s] Level 5:colcon.colcon_core.verb:set package 'vehicle' build argument 'cmake_clean_cache' from command line to 'False'
[3.801s] Level 5:colcon.colcon_core.verb:set package 'vehicle' build argument 'cmake_clean_first' from command line to 'False'
[3.801s] Level 5:colcon.colcon_core.verb:set package 'vehicle' build argument 'cmake_force_configure' from command line to 'False'
[3.801s] Level 5:colcon.colcon_core.verb:set package 'vehicle' build argument 'ament_cmake_args' from command line to 'None'
[3.801s] Level 5:colcon.colcon_core.verb:set package 'vehicle' build argument 'catkin_cmake_args' from command line to 'None'
[3.801s] Level 5:colcon.colcon_core.verb:set package 'vehicle' build argument 'catkin_skip_building_tests' from command line to 'False'
[3.801s] DEBUG:colcon.colcon_core.verb:Building package 'vehicle' with the following arguments: {'ament_cmake_args': None, 'build_base': '/home/carla/Github/C-V2X-Autoware-Carla/build/vehicle', 'catkin_cmake_args': None, 'catkin_skip_building_tests': False, 'cmake_args': None, 'cmake_clean_cache': False, 'cmake_clean_first': False, 'cmake_force_configure': False, 'cmake_target': None, 'cmake_target_skip_unavailable': False, 'install_base': '/home/carla/Github/C-V2X-Autoware-Carla/install/vehicle', 'merge_install': False, 'path': '/home/carla/Github/C-V2X-Autoware-Carla/src/vehicle', 'symlink_install': False, 'test_result_base': None}
[3.853s] INFO:colcon.colcon_core.executor:Executing jobs using 'parallel' executor
[3.906s] DEBUG:colcon.colcon_parallel_executor.executor.parallel:run_until_complete
[3.907s] INFO:colcon.colcon_ros.task.ament_python.build:Building ROS package in '/home/carla/Github/C-V2X-Autoware-Carla/src/vehicle' with build type 'ament_python'
[3.907s] Level 1:colcon.colcon_core.shell:create_environment_hook('vehicle', 'ament_prefix_path')
[3.975s] INFO:colcon.colcon_core.plugin_system:Skipping extension 'colcon_core.shell.bat': Not used on non-Windows systems
[3.976s] INFO:colcon.colcon_core.shell:Creating environment hook '/home/carla/Github/C-V2X-Autoware-Carla/install/vehicle/share/vehicle/hook/ament_prefix_path.ps1'
[3.976s] INFO:colcon.colcon_core.shell:Creating environment descriptor '/home/carla/Github/C-V2X-Autoware-Carla/install/vehicle/share/vehicle/hook/ament_prefix_path.dsv'
[3.977s] INFO:colcon.colcon_core.shell:Creating environment hook '/home/carla/Github/C-V2X-Autoware-Carla/install/vehicle/share/vehicle/hook/ament_prefix_path.sh'
[4.030s] INFO:colcon.colcon_core.shell:Skip shell extension 'powershell' for command environment: Not usable outside of PowerShell
[4.030s] DEBUG:colcon.colcon_core.shell:Skip shell extension 'dsv' for command environment
[5.046s] INFO:colcon.colcon_core.task.python.build:Building Python package in '/home/carla/Github/C-V2X-Autoware-Carla/src/vehicle'
[5.103s] INFO:colcon.colcon_core.shell:Skip shell extension 'powershell' for command environment: Not usable outside of PowerShell
[5.103s] DEBUG:colcon.colcon_core.shell:Skip shell extension 'dsv' for command environment
[6.518s] DEBUG:colcon.colcon_core.event_handler.log_command:Invoking command in '/home/carla/Github/C-V2X-Autoware-Carla/src/vehicle': PYTHONPATH=/home/carla/Github/C-V2X-Autoware-Carla/build/vehicle/prefix_override:/home/carla/Github/C-V2X-Autoware-Carla/install/vehicle/lib/python3.8/site-packages:${PYTHONPATH} /usr/bin/python3 setup.py egg_info --egg-base ../../build/vehicle build --build-base /home/carla/Github/C-V2X-Autoware-Carla/build/vehicle/build install --record /home/carla/Github/C-V2X-Autoware-Carla/build/vehicle/install.log --single-version-externally-managed
[7.457s] DEBUG:colcon.colcon_core.event_handler.log_command:Invoked command in '/home/carla/Github/C-V2X-Autoware-Carla/src/vehicle' returned '0': PYTHONPATH=/home/carla/Github/C-V2X-Autoware-Carla/build/vehicle/prefix_override:/home/carla/Github/C-V2X-Autoware-Carla/install/vehicle/lib/python3.8/site-packages:${PYTHONPATH} /usr/bin/python3 setup.py egg_info --egg-base ../../build/vehicle build --build-base /home/carla/Github/C-V2X-Autoware-Carla/build/vehicle/build install --record /home/carla/Github/C-V2X-Autoware-Carla/build/vehicle/install.log --single-version-externally-managed
[7.522s] Level 1:colcon.colcon_core.environment:checking '/home/carla/Github/C-V2X-Autoware-Carla/install/vehicle' for CMake module files
[7.523s] Level 1:colcon.colcon_core.environment:checking '/home/carla/Github/C-V2X-Autoware-Carla/install/vehicle' for CMake config files
[7.524s] Level 1:colcon.colcon_core.environment:checking '/home/carla/Github/C-V2X-Autoware-Carla/install/vehicle/lib'
[7.524s] Level 1:colcon.colcon_core.environment:checking '/home/carla/Github/C-V2X-Autoware-Carla/install/vehicle/bin'
[7.524s] Level 1:colcon.colcon_core.environment:checking '/home/carla/Github/C-V2X-Autoware-Carla/install/vehicle/lib/pkgconfig/vehicle.pc'
[7.527s] Level 1:colcon.colcon_core.environment:checking '/home/carla/Github/C-V2X-Autoware-Carla/install/vehicle/lib/python3.8/site-packages'
[7.528s] Level 1:colcon.colcon_core.shell:create_environment_hook('vehicle', 'pythonpath')
[7.587s] INFO:colcon.colcon_core.shell:Creating environment hook '/home/carla/Github/C-V2X-Autoware-Carla/install/vehicle/share/vehicle/hook/pythonpath.ps1'
[7.587s] INFO:colcon.colcon_core.shell:Creating environment descriptor '/home/carla/Github/C-V2X-Autoware-Carla/install/vehicle/share/vehicle/hook/pythonpath.dsv'
[7.588s] INFO:colcon.colcon_core.shell:Creating environment hook '/home/carla/Github/C-V2X-Autoware-Carla/install/vehicle/share/vehicle/hook/pythonpath.sh'
[7.588s] Level 1:colcon.colcon_core.environment:checking '/home/carla/Github/C-V2X-Autoware-Carla/install/vehicle/bin'
[7.588s] Level 1:colcon.colcon_core.environment:create_environment_scripts_only(vehicle)
[7.650s] INFO:colcon.colcon_core.shell:Creating package script '/home/carla/Github/C-V2X-Autoware-Carla/install/vehicle/share/vehicle/package.ps1'
[7.651s] INFO:colcon.colcon_core.shell:Creating package descriptor '/home/carla/Github/C-V2X-Autoware-Carla/install/vehicle/share/vehicle/package.dsv'
[7.651s] INFO:colcon.colcon_core.shell:Creating package script '/home/carla/Github/C-V2X-Autoware-Carla/install/vehicle/share/vehicle/package.sh'
[7.652s] INFO:colcon.colcon_core.shell:Creating package script '/home/carla/Github/C-V2X-Autoware-Carla/install/vehicle/share/vehicle/package.bash'
[7.653s] INFO:colcon.colcon_core.shell:Creating package script '/home/carla/Github/C-V2X-Autoware-Carla/install/vehicle/share/vehicle/package.zsh'
[7.653s] Level 1:colcon.colcon_core.environment:create_file_with_runtime_dependencies(/home/carla/Github/C-V2X-Autoware-Carla/install/vehicle/share/colcon-core/packages/vehicle)
[7.661s] DEBUG:colcon.colcon_parallel_executor.executor.parallel:closing loop
[7.661s] DEBUG:colcon.colcon_parallel_executor.executor.parallel:loop closed
[7.661s] DEBUG:colcon.colcon_parallel_executor.executor.parallel:run_until_complete finished with '0'
[7.661s] DEBUG:colcon.colcon_core.event_reactor:joining thread
[7.730s] INFO:colcon.colcon_core.plugin_system:Skipping extension 'colcon_notification.desktop_notification.terminal_notifier': Not used on non-Darwin systems
[7.731s] INFO:colcon.colcon_core.plugin_system:Skipping extension 'colcon_notification.desktop_notification.win32': Not used on non-Windows systems
[7.731s] INFO:colcon.colcon_notification.desktop_notification:Sending desktop notification using 'notify2'
[7.756s] DEBUG:colcon.colcon_core.event_reactor:joined thread
[7.810s] INFO:colcon.colcon_core.shell:Creating prefix script '/home/carla/Github/C-V2X-Autoware-Carla/install/local_setup.ps1'
[7.811s] INFO:colcon.colcon_core.shell:Creating prefix util module '/home/carla/Github/C-V2X-Autoware-Carla/install/_local_setup_util_ps1.py'
[7.812s] INFO:colcon.colcon_core.shell:Creating prefix chain script '/home/carla/Github/C-V2X-Autoware-Carla/install/setup.ps1'
[7.875s] INFO:colcon.colcon_core.shell:Creating prefix script '/home/carla/Github/C-V2X-Autoware-Carla/install/local_setup.sh'
[7.875s] INFO:colcon.colcon_core.shell:Creating prefix util module '/home/carla/Github/C-V2X-Autoware-Carla/install/_local_setup_util_sh.py'
[7.876s] INFO:colcon.colcon_core.shell:Creating prefix chain script '/home/carla/Github/C-V2X-Autoware-Carla/install/setup.sh'
[7.934s] INFO:colcon.colcon_core.shell:Creating prefix script '/home/carla/Github/C-V2X-Autoware-Carla/install/local_setup.bash'
[7.935s] INFO:colcon.colcon_core.shell:Creating prefix chain script '/home/carla/Github/C-V2X-Autoware-Carla/install/setup.bash'
[7.993s] INFO:colcon.colcon_core.shell:Creating prefix script '/home/carla/Github/C-V2X-Autoware-Carla/install/local_setup.zsh'
[7.993s] INFO:colcon.colcon_core.shell:Creating prefix chain script '/home/carla/Github/C-V2X-Autoware-Carla/install/setup.zsh'
