-- Found ament_cmake_auto: 1.3.8 (/home/carla/ros2_humble/install/ament_cmake_auto/share/ament_cmake_auto/cmake)
-- Found Python3: /usr/bin/python3 (found version "3.8.10") found components: Interpreter 
-- Override CMake install command with custom implementation using symlinks instead of copying resources
-- Using all available rosidl_typesupport_c: rosidl_typesupport_introspection_c;rosidl_typesupport_fastrtps_c
-- Found rosidl_adapter: 3.1.5 (/home/carla/ros2_humble/install/rosidl_adapter/share/rosidl_adapter/cmake)
-- Using all available rosidl_typesupport_cpp: rosidl_typesupport_introspection_cpp;rosidl_typesupport_fastrtps_cpp
-- Found ament_cmake_ros: 0.10.0 (/home/carla/ros2_humble/install/ament_cmake_ros/share/ament_cmake_ros/cmake)
-- Using all available rosidl_typesupport_c: rosidl_typesupport_introspection_c;rosidl_typesupport_fastrtps_c
-- Using all available rosidl_typesupport_cpp: rosidl_typesupport_introspection_cpp;rosidl_typesupport_fastrtps_cpp
-- Found python_cmake_module: 0.10.0 (/home/carla/ros2_humble/install/python_cmake_module/share/python_cmake_module/cmake)
-- Using PYTHON_EXECUTABLE: /usr/bin/python3
-- Using PYTHON_INCLUDE_DIRS: /usr/include/python3.8
-- Using PYTHON_LIBRARIES: /usr/lib/x86_64-linux-gnu/libpython3.8.so
-- Configuring done
-- Generating done
-- Build files have been written to: /home/carla/Github/C-V2X-Autoware-Carla/build/autoware_adapi_v1_msgs
[  0%] [34m[1mGenerating C code for ROS interfaces[0m
[  0%] [34m[1mGenerating C++ code for ROS interfaces[0m
[  0%] Built target ament_cmake_python_symlink_autoware_adapi_v1_msgs
running egg_info
writing autoware_adapi_v1_msgs.egg-info/PKG-INFO
writing dependency_links to autoware_adapi_v1_msgs.egg-info/dependency_links.txt
writing top-level names to autoware_adapi_v1_msgs.egg-info/top_level.txt
reading manifest file 'autoware_adapi_v1_msgs.egg-info/SOURCES.txt'
writing manifest file 'autoware_adapi_v1_msgs.egg-info/SOURCES.txt'
[  0%] Built target ament_cmake_python_build_autoware_adapi_v1_msgs_egg
[  0%] Built target autoware_adapi_v1_msgs__cpp
[  1%] [34m[1mGenerating C++ type support for eProsima Fast-RTPS[0m
[  2%] [34m[1mGenerating C++ type support dispatch for ROS interfaces[0m
[  3%] [34m[1mGenerating C++ introspection for ROS interfaces[0m
[35m[1mScanning dependencies of target autoware_adapi_v1_msgs__rosidl_generator_c[0m
[  4%] [32mBuilding C object CMakeFiles/autoware_adapi_v1_msgs__rosidl_generator_c.dir/rosidl_generator_c/autoware_adapi_v1_msgs/msg/detail/route_option__functions.c.o[0m
[  6%] [32mBuilding C object CMakeFiles/autoware_adapi_v1_msgs__rosidl_generator_c.dir/rosidl_generator_c/autoware_adapi_v1_msgs/msg/detail/response_status__functions.c.o[0m
[  6%] [32mBuilding C object CMakeFiles/autoware_adapi_v1_msgs__rosidl_generator_c.dir/rosidl_generator_c/autoware_adapi_v1_msgs/msg/detail/localization_initialization_state__functions.c.o[0m
[  7%] [32mBuilding C object CMakeFiles/autoware_adapi_v1_msgs__rosidl_generator_c.dir/rosidl_generator_c/autoware_adapi_v1_msgs/msg/detail/route__functions.c.o[0m
[  7%] [32mBuilding C object CMakeFiles/autoware_adapi_v1_msgs__rosidl_generator_c.dir/rosidl_generator_c/autoware_adapi_v1_msgs/msg/detail/route_segment__functions.c.o[0m
[  7%] [32mBuilding C object CMakeFiles/autoware_adapi_v1_msgs__rosidl_generator_c.dir/rosidl_generator_c/autoware_adapi_v1_msgs/msg/detail/route_primitive__functions.c.o[0m
[  8%] [32mBuilding C object CMakeFiles/autoware_adapi_v1_msgs__rosidl_generator_c.dir/rosidl_generator_c/autoware_adapi_v1_msgs/srv/detail/set_route__functions.c.o[0m
[  9%] [32mBuilding C object CMakeFiles/autoware_adapi_v1_msgs__rosidl_generator_c.dir/rosidl_generator_c/autoware_adapi_v1_msgs/srv/detail/initialize_localization__functions.c.o[0m
[  9%] [32mBuilding C object CMakeFiles/autoware_adapi_v1_msgs__rosidl_generator_c.dir/rosidl_generator_c/autoware_adapi_v1_msgs/msg/detail/route_state__functions.c.o[0m
[  9%] [32mBuilding C object CMakeFiles/autoware_adapi_v1_msgs__rosidl_generator_c.dir/rosidl_generator_c/autoware_adapi_v1_msgs/msg/detail/route_data__functions.c.o[0m
[  9%] [32mBuilding C object CMakeFiles/autoware_adapi_v1_msgs__rosidl_generator_c.dir/rosidl_generator_c/autoware_adapi_v1_msgs/srv/detail/clear_route__functions.c.o[0m
[  9%] [32mBuilding C object CMakeFiles/autoware_adapi_v1_msgs__rosidl_generator_c.dir/rosidl_generator_c/autoware_adapi_v1_msgs/srv/detail/change_operation_mode__functions.c.o[0m
[ 10%] [32mBuilding C object CMakeFiles/autoware_adapi_v1_msgs__rosidl_generator_c.dir/rosidl_generator_c/autoware_adapi_v1_msgs/msg/detail/operation_mode_state__functions.c.o[0m
[ 10%] [32mBuilding C object CMakeFiles/autoware_adapi_v1_msgs__rosidl_generator_c.dir/rosidl_generator_c/autoware_adapi_v1_msgs/srv/detail/accept_start__functions.c.o[0m
[ 11%] [32mBuilding C object CMakeFiles/autoware_adapi_v1_msgs__rosidl_generator_c.dir/rosidl_generator_c/autoware_adapi_v1_msgs/msg/detail/motion_state__functions.c.o[0m
[ 12%] [32mBuilding C object CMakeFiles/autoware_adapi_v1_msgs__rosidl_generator_c.dir/rosidl_generator_c/autoware_adapi_v1_msgs/msg/detail/steering_factor__functions.c.o[0m
[ 12%] [32mBuilding C object CMakeFiles/autoware_adapi_v1_msgs__rosidl_generator_c.dir/rosidl_generator_c/autoware_adapi_v1_msgs/srv/detail/set_route_points__functions.c.o[0m
[ 12%] [32mBuilding C object CMakeFiles/autoware_adapi_v1_msgs__rosidl_generator_c.dir/rosidl_generator_c/autoware_adapi_v1_msgs/msg/detail/steering_factor_array__functions.c.o[0m
[ 13%] [32mBuilding C object CMakeFiles/autoware_adapi_v1_msgs__rosidl_generator_c.dir/rosidl_generator_c/autoware_adapi_v1_msgs/msg/detail/velocity_factor__functions.c.o[0m
[ 13%] [32mBuilding C object CMakeFiles/autoware_adapi_v1_msgs__rosidl_generator_c.dir/rosidl_generator_c/autoware_adapi_v1_msgs/msg/detail/mrm_state__functions.c.o[0m
[ 14%] [32mBuilding C object CMakeFiles/autoware_adapi_v1_msgs__rosidl_generator_c.dir/rosidl_generator_c/autoware_adapi_v1_msgs/msg/detail/velocity_factor_array__functions.c.o[0m
[ 15%] [32m[1mLinking C shared library libautoware_adapi_v1_msgs__rosidl_generator_c.so[0m
[ 15%] Built target autoware_adapi_v1_msgs__rosidl_generator_c
[ 16%] [34m[1mGenerating C type support dispatch for ROS interfaces[0m
[ 17%] [34m[1mGenerating C type support for eProsima Fast-RTPS[0m
[ 18%] [34m[1mGenerating C introspection for ROS interfaces[0m
[35m[1mScanning dependencies of target autoware_adapi_v1_msgs__rosidl_typesupport_cpp[0m
[ 18%] [32mBuilding CXX object CMakeFiles/autoware_adapi_v1_msgs__rosidl_typesupport_cpp.dir/rosidl_typesupport_cpp/autoware_adapi_v1_msgs/srv/initialize_localization__type_support.cpp.o[0m
[ 20%] [32mBuilding CXX object CMakeFiles/autoware_adapi_v1_msgs__rosidl_typesupport_cpp.dir/rosidl_typesupport_cpp/autoware_adapi_v1_msgs/msg/route_data__type_support.cpp.o[0m
[ 20%] [32mBuilding CXX object CMakeFiles/autoware_adapi_v1_msgs__rosidl_typesupport_cpp.dir/rosidl_typesupport_cpp/autoware_adapi_v1_msgs/msg/localization_initialization_state__type_support.cpp.o[0m
[ 20%] [32mBuilding CXX object CMakeFiles/autoware_adapi_v1_msgs__rosidl_typesupport_cpp.dir/rosidl_typesupport_cpp/autoware_adapi_v1_msgs/msg/route__type_support.cpp.o[0m
[ 20%] [32mBuilding CXX object CMakeFiles/autoware_adapi_v1_msgs__rosidl_typesupport_cpp.dir/rosidl_typesupport_cpp/autoware_adapi_v1_msgs/msg/route_option__type_support.cpp.o[0m
[ 21%] [32mBuilding CXX object CMakeFiles/autoware_adapi_v1_msgs__rosidl_typesupport_cpp.dir/rosidl_typesupport_cpp/autoware_adapi_v1_msgs/msg/route_state__type_support.cpp.o[0m
[ 22%] [32mBuilding CXX object CMakeFiles/autoware_adapi_v1_msgs__rosidl_typesupport_cpp.dir/rosidl_typesupport_cpp/autoware_adapi_v1_msgs/msg/route_primitive__type_support.cpp.o[0m
[ 23%] [32mBuilding CXX object CMakeFiles/autoware_adapi_v1_msgs__rosidl_typesupport_cpp.dir/rosidl_typesupport_cpp/autoware_adapi_v1_msgs/srv/clear_route__type_support.cpp.o[0m
[ 23%] [32mBuilding CXX object CMakeFiles/autoware_adapi_v1_msgs__rosidl_typesupport_cpp.dir/rosidl_typesupport_cpp/autoware_adapi_v1_msgs/msg/response_status__type_support.cpp.o[0m
[ 23%] [32mBuilding CXX object CMakeFiles/autoware_adapi_v1_msgs__rosidl_typesupport_cpp.dir/rosidl_typesupport_cpp/autoware_adapi_v1_msgs/msg/route_segment__type_support.cpp.o[0m
[ 24%] [32mBuilding CXX object CMakeFiles/autoware_adapi_v1_msgs__rosidl_typesupport_cpp.dir/rosidl_typesupport_cpp/autoware_adapi_v1_msgs/srv/set_route_points__type_support.cpp.o[0m
[ 24%] [32mBuilding CXX object CMakeFiles/autoware_adapi_v1_msgs__rosidl_typesupport_cpp.dir/rosidl_typesupport_cpp/autoware_adapi_v1_msgs/srv/set_route__type_support.cpp.o[0m
[ 25%] [32mBuilding CXX object CMakeFiles/autoware_adapi_v1_msgs__rosidl_typesupport_cpp.dir/rosidl_typesupport_cpp/autoware_adapi_v1_msgs/msg/operation_mode_state__type_support.cpp.o[0m
[ 25%] [32mBuilding CXX object CMakeFiles/autoware_adapi_v1_msgs__rosidl_typesupport_cpp.dir/rosidl_typesupport_cpp/autoware_adapi_v1_msgs/srv/change_operation_mode__type_support.cpp.o[0m
[ 26%] [32mBuilding CXX object CMakeFiles/autoware_adapi_v1_msgs__rosidl_typesupport_cpp.dir/rosidl_typesupport_cpp/autoware_adapi_v1_msgs/msg/motion_state__type_support.cpp.o[0m
[ 26%] [32mBuilding CXX object CMakeFiles/autoware_adapi_v1_msgs__rosidl_typesupport_cpp.dir/rosidl_typesupport_cpp/autoware_adapi_v1_msgs/srv/accept_start__type_support.cpp.o[0m
[ 27%] [32mBuilding CXX object CMakeFiles/autoware_adapi_v1_msgs__rosidl_typesupport_cpp.dir/rosidl_typesupport_cpp/autoware_adapi_v1_msgs/msg/steering_factor__type_support.cpp.o[0m
[ 27%] [32mBuilding CXX object CMakeFiles/autoware_adapi_v1_msgs__rosidl_typesupport_cpp.dir/rosidl_typesupport_cpp/autoware_adapi_v1_msgs/msg/steering_factor_array__type_support.cpp.o[0m
[ 28%] [32mBuilding CXX object CMakeFiles/autoware_adapi_v1_msgs__rosidl_typesupport_cpp.dir/rosidl_typesupport_cpp/autoware_adapi_v1_msgs/msg/velocity_factor__type_support.cpp.o[0m
[ 28%] [32mBuilding CXX object CMakeFiles/autoware_adapi_v1_msgs__rosidl_typesupport_cpp.dir/rosidl_typesupport_cpp/autoware_adapi_v1_msgs/msg/velocity_factor_array__type_support.cpp.o[0m
[ 29%] [32mBuilding CXX object CMakeFiles/autoware_adapi_v1_msgs__rosidl_typesupport_cpp.dir/rosidl_typesupport_cpp/autoware_adapi_v1_msgs/msg/mrm_state__type_support.cpp.o[0m
[35m[1mScanning dependencies of target autoware_adapi_v1_msgs__rosidl_typesupport_c[0m
[ 30%] [32mBuilding CXX object CMakeFiles/autoware_adapi_v1_msgs__rosidl_typesupport_c.dir/rosidl_typesupport_c/autoware_adapi_v1_msgs/msg/localization_initialization_state__type_support.cpp.o[0m
[ 30%] [32mBuilding CXX object CMakeFiles/autoware_adapi_v1_msgs__rosidl_typesupport_c.dir/rosidl_typesupport_c/autoware_adapi_v1_msgs/msg/route__type_support.cpp.o[0m
[ 30%] [32mBuilding CXX object CMakeFiles/autoware_adapi_v1_msgs__rosidl_typesupport_c.dir/rosidl_typesupport_c/autoware_adapi_v1_msgs/srv/initialize_localization__type_support.cpp.o[0m
[ 31%] [32mBuilding CXX object CMakeFiles/autoware_adapi_v1_msgs__rosidl_typesupport_c.dir/rosidl_typesupport_c/autoware_adapi_v1_msgs/msg/route_state__type_support.cpp.o[0m
[ 32%] [32mBuilding CXX object CMakeFiles/autoware_adapi_v1_msgs__rosidl_typesupport_c.dir/rosidl_typesupport_c/autoware_adapi_v1_msgs/msg/route_primitive__type_support.cpp.o[0m
[ 32%] [32mBuilding CXX object CMakeFiles/autoware_adapi_v1_msgs__rosidl_typesupport_c.dir/rosidl_typesupport_c/autoware_adapi_v1_msgs/msg/route_option__type_support.cpp.o[0m
[ 32%] [32mBuilding CXX object CMakeFiles/autoware_adapi_v1_msgs__rosidl_typesupport_c.dir/rosidl_typesupport_c/autoware_adapi_v1_msgs/msg/route_segment__type_support.cpp.o[0m
[ 33%] [32mBuilding CXX object CMakeFiles/autoware_adapi_v1_msgs__rosidl_typesupport_c.dir/rosidl_typesupport_c/autoware_adapi_v1_msgs/srv/clear_route__type_support.cpp.o[0m
[35m[1mScanning dependencies of target autoware_adapi_v1_msgs__rosidl_typesupport_fastrtps_cpp[0m
[ 34%] [32mBuilding CXX object CMakeFiles/autoware_adapi_v1_msgs__rosidl_typesupport_c.dir/rosidl_typesupport_c/autoware_adapi_v1_msgs/msg/route_data__type_support.cpp.o[0m
[ 34%] [32mBuilding CXX object CMakeFiles/autoware_adapi_v1_msgs__rosidl_typesupport_c.dir/rosidl_typesupport_c/autoware_adapi_v1_msgs/msg/response_status__type_support.cpp.o[0m
[ 34%] [32mBuilding CXX object CMakeFiles/autoware_adapi_v1_msgs__rosidl_typesupport_c.dir/rosidl_typesupport_c/autoware_adapi_v1_msgs/srv/set_route__type_support.cpp.o[0m
[ 34%] [32mBuilding CXX object CMakeFiles/autoware_adapi_v1_msgs__rosidl_typesupport_c.dir/rosidl_typesupport_c/autoware_adapi_v1_msgs/msg/operation_mode_state__type_support.cpp.o[0m
[ 35%] [32mBuilding CXX object CMakeFiles/autoware_adapi_v1_msgs__rosidl_typesupport_c.dir/rosidl_typesupport_c/autoware_adapi_v1_msgs/srv/set_route_points__type_support.cpp.o[0m
[ 36%] [32mBuilding CXX object CMakeFiles/autoware_adapi_v1_msgs__rosidl_typesupport_c.dir/rosidl_typesupport_c/autoware_adapi_v1_msgs/msg/motion_state__type_support.cpp.o[0m
[ 36%] [32mBuilding CXX object CMakeFiles/autoware_adapi_v1_msgs__rosidl_typesupport_c.dir/rosidl_typesupport_c/autoware_adapi_v1_msgs/srv/change_operation_mode__type_support.cpp.o[0m
[ 38%] [32mBuilding CXX object CMakeFiles/autoware_adapi_v1_msgs__rosidl_typesupport_c.dir/rosidl_typesupport_c/autoware_adapi_v1_msgs/srv/accept_start__type_support.cpp.o[0m
[ 38%] [32mBuilding CXX object CMakeFiles/autoware_adapi_v1_msgs__rosidl_typesupport_fastrtps_cpp.dir/rosidl_typesupport_fastrtps_cpp/autoware_adapi_v1_msgs/msg/detail/dds_fastrtps/localization_initialization_state__type_support.cpp.o[0m
[ 38%] [32mBuilding CXX object CMakeFiles/autoware_adapi_v1_msgs__rosidl_typesupport_fastrtps_cpp.dir/rosidl_typesupport_fastrtps_cpp/autoware_adapi_v1_msgs/msg/detail/dds_fastrtps/response_status__type_support.cpp.o[0m
[ 39%] [32mBuilding CXX object CMakeFiles/autoware_adapi_v1_msgs__rosidl_typesupport_c.dir/rosidl_typesupport_c/autoware_adapi_v1_msgs/msg/steering_factor__type_support.cpp.o[0m
[ 39%] [32mBuilding CXX object CMakeFiles/autoware_adapi_v1_msgs__rosidl_typesupport_c.dir/rosidl_typesupport_c/autoware_adapi_v1_msgs/msg/steering_factor_array__type_support.cpp.o[0m
[ 40%] [32mBuilding CXX object CMakeFiles/autoware_adapi_v1_msgs__rosidl_typesupport_fastrtps_cpp.dir/rosidl_typesupport_fastrtps_cpp/autoware_adapi_v1_msgs/msg/detail/dds_fastrtps/route_state__type_support.cpp.o[0m
[ 41%] [32mBuilding CXX object CMakeFiles/autoware_adapi_v1_msgs__rosidl_typesupport_c.dir/rosidl_typesupport_c/autoware_adapi_v1_msgs/msg/velocity_factor__type_support.cpp.o[0m
[ 41%] [32mBuilding CXX object CMakeFiles/autoware_adapi_v1_msgs__rosidl_typesupport_c.dir/rosidl_typesupport_c/autoware_adapi_v1_msgs/msg/velocity_factor_array__type_support.cpp.o[0m
[35m[1mScanning dependencies of target autoware_adapi_v1_msgs__rosidl_typesupport_introspection_cpp[0m
[ 41%] [32mBuilding CXX object CMakeFiles/autoware_adapi_v1_msgs__rosidl_typesupport_fastrtps_cpp.dir/rosidl_typesupport_fastrtps_cpp/autoware_adapi_v1_msgs/srv/detail/dds_fastrtps/initialize_localization__type_support.cpp.o[0m
[ 42%] [32mBuilding CXX object CMakeFiles/autoware_adapi_v1_msgs__rosidl_typesupport_c.dir/rosidl_typesupport_c/autoware_adapi_v1_msgs/msg/mrm_state__type_support.cpp.o[0m
[ 42%] [32mBuilding CXX object CMakeFiles/autoware_adapi_v1_msgs__rosidl_typesupport_fastrtps_cpp.dir/rosidl_typesupport_fastrtps_cpp/autoware_adapi_v1_msgs/msg/detail/dds_fastrtps/route__type_support.cpp.o[0m
[ 42%] [32m[1mLinking CXX shared library libautoware_adapi_v1_msgs__rosidl_typesupport_cpp.so[0m
[ 43%] [32mBuilding CXX object CMakeFiles/autoware_adapi_v1_msgs__rosidl_typesupport_fastrtps_cpp.dir/rosidl_typesupport_fastrtps_cpp/autoware_adapi_v1_msgs/msg/detail/dds_fastrtps/route_data__type_support.cpp.o[0m
[ 44%] [32mBuilding CXX object CMakeFiles/autoware_adapi_v1_msgs__rosidl_typesupport_fastrtps_cpp.dir/rosidl_typesupport_fastrtps_cpp/autoware_adapi_v1_msgs/msg/detail/dds_fastrtps/route_option__type_support.cpp.o[0m
[ 44%] [32mBuilding CXX object CMakeFiles/autoware_adapi_v1_msgs__rosidl_typesupport_introspection_cpp.dir/rosidl_typesupport_introspection_cpp/autoware_adapi_v1_msgs/msg/detail/localization_initialization_state__type_support.cpp.o[0m
[ 45%] [32mBuilding CXX object CMakeFiles/autoware_adapi_v1_msgs__rosidl_typesupport_introspection_cpp.dir/rosidl_typesupport_introspection_cpp/autoware_adapi_v1_msgs/msg/detail/response_status__type_support.cpp.o[0m
[ 45%] [32mBuilding CXX object CMakeFiles/autoware_adapi_v1_msgs__rosidl_typesupport_fastrtps_cpp.dir/rosidl_typesupport_fastrtps_cpp/autoware_adapi_v1_msgs/srv/detail/dds_fastrtps/clear_route__type_support.cpp.o[0m
[ 46%] [32mBuilding CXX object CMakeFiles/autoware_adapi_v1_msgs__rosidl_typesupport_fastrtps_cpp.dir/rosidl_typesupport_fastrtps_cpp/autoware_adapi_v1_msgs/srv/detail/dds_fastrtps/set_route__type_support.cpp.o[0m
[ 46%] [32mBuilding CXX object CMakeFiles/autoware_adapi_v1_msgs__rosidl_typesupport_fastrtps_cpp.dir/rosidl_typesupport_fastrtps_cpp/autoware_adapi_v1_msgs/msg/detail/dds_fastrtps/route_primitive__type_support.cpp.o[0m
[ 46%] [32mBuilding CXX object CMakeFiles/autoware_adapi_v1_msgs__rosidl_typesupport_fastrtps_cpp.dir/rosidl_typesupport_fastrtps_cpp/autoware_adapi_v1_msgs/srv/detail/dds_fastrtps/set_route_points__type_support.cpp.o[0m
[ 47%] [32mBuilding CXX object CMakeFiles/autoware_adapi_v1_msgs__rosidl_typesupport_fastrtps_cpp.dir/rosidl_typesupport_fastrtps_cpp/autoware_adapi_v1_msgs/msg/detail/dds_fastrtps/route_segment__type_support.cpp.o[0m
[ 47%] [32m[1mLinking CXX shared library libautoware_adapi_v1_msgs__rosidl_typesupport_c.so[0m
[ 48%] [32mBuilding CXX object CMakeFiles/autoware_adapi_v1_msgs__rosidl_typesupport_fastrtps_cpp.dir/rosidl_typesupport_fastrtps_cpp/autoware_adapi_v1_msgs/msg/detail/dds_fastrtps/operation_mode_state__type_support.cpp.o[0m
[ 49%] [32mBuilding CXX object CMakeFiles/autoware_adapi_v1_msgs__rosidl_typesupport_introspection_cpp.dir/rosidl_typesupport_introspection_cpp/autoware_adapi_v1_msgs/srv/detail/initialize_localization__type_support.cpp.o[0m
[ 49%] Built target autoware_adapi_v1_msgs__rosidl_typesupport_cpp
[ 49%] [32mBuilding CXX object CMakeFiles/autoware_adapi_v1_msgs__rosidl_typesupport_introspection_cpp.dir/rosidl_typesupport_introspection_cpp/autoware_adapi_v1_msgs/msg/detail/route_state__type_support.cpp.o[0m
[ 49%] Built target autoware_adapi_v1_msgs__rosidl_typesupport_c
[ 50%] [32mBuilding CXX object CMakeFiles/autoware_adapi_v1_msgs__rosidl_typesupport_introspection_cpp.dir/rosidl_typesupport_introspection_cpp/autoware_adapi_v1_msgs/msg/detail/route__type_support.cpp.o[0m
[ 50%] [32mBuilding CXX object CMakeFiles/autoware_adapi_v1_msgs__rosidl_typesupport_fastrtps_cpp.dir/rosidl_typesupport_fastrtps_cpp/autoware_adapi_v1_msgs/srv/detail/dds_fastrtps/change_operation_mode__type_support.cpp.o[0m
[ 51%] [32mBuilding CXX object CMakeFiles/autoware_adapi_v1_msgs__rosidl_typesupport_fastrtps_cpp.dir/rosidl_typesupport_fastrtps_cpp/autoware_adapi_v1_msgs/msg/detail/dds_fastrtps/motion_state__type_support.cpp.o[0m
[ 51%] [32mBuilding CXX object CMakeFiles/autoware_adapi_v1_msgs__rosidl_typesupport_introspection_cpp.dir/rosidl_typesupport_introspection_cpp/autoware_adapi_v1_msgs/msg/detail/route_data__type_support.cpp.o[0m
[ 52%] [32mBuilding CXX object CMakeFiles/autoware_adapi_v1_msgs__rosidl_typesupport_introspection_cpp.dir/rosidl_typesupport_introspection_cpp/autoware_adapi_v1_msgs/msg/detail/route_option__type_support.cpp.o[0m
[ 52%] [32mBuilding CXX object CMakeFiles/autoware_adapi_v1_msgs__rosidl_typesupport_fastrtps_cpp.dir/rosidl_typesupport_fastrtps_cpp/autoware_adapi_v1_msgs/srv/detail/dds_fastrtps/accept_start__type_support.cpp.o[0m
[ 52%] [32mBuilding CXX object CMakeFiles/autoware_adapi_v1_msgs__rosidl_typesupport_introspection_cpp.dir/rosidl_typesupport_introspection_cpp/autoware_adapi_v1_msgs/msg/detail/route_primitive__type_support.cpp.o[0m
[ 53%] [32mBuilding CXX object CMakeFiles/autoware_adapi_v1_msgs__rosidl_typesupport_fastrtps_cpp.dir/rosidl_typesupport_fastrtps_cpp/autoware_adapi_v1_msgs/msg/detail/dds_fastrtps/steering_factor__type_support.cpp.o[0m
[ 54%] [32mBuilding CXX object CMakeFiles/autoware_adapi_v1_msgs__rosidl_typesupport_introspection_cpp.dir/rosidl_typesupport_introspection_cpp/autoware_adapi_v1_msgs/msg/detail/route_segment__type_support.cpp.o[0m
[ 54%] [32mBuilding CXX object CMakeFiles/autoware_adapi_v1_msgs__rosidl_typesupport_fastrtps_cpp.dir/rosidl_typesupport_fastrtps_cpp/autoware_adapi_v1_msgs/msg/detail/dds_fastrtps/steering_factor_array__type_support.cpp.o[0m
[ 54%] [32mBuilding CXX object CMakeFiles/autoware_adapi_v1_msgs__rosidl_typesupport_introspection_cpp.dir/rosidl_typesupport_introspection_cpp/autoware_adapi_v1_msgs/srv/detail/clear_route__type_support.cpp.o[0m
[ 55%] [32mBuilding CXX object CMakeFiles/autoware_adapi_v1_msgs__rosidl_typesupport_fastrtps_cpp.dir/rosidl_typesupport_fastrtps_cpp/autoware_adapi_v1_msgs/msg/detail/dds_fastrtps/mrm_state__type_support.cpp.o[0m
[ 55%] [32mBuilding CXX object CMakeFiles/autoware_adapi_v1_msgs__rosidl_typesupport_fastrtps_cpp.dir/rosidl_typesupport_fastrtps_cpp/autoware_adapi_v1_msgs/msg/detail/dds_fastrtps/velocity_factor_array__type_support.cpp.o[0m
[ 56%] [32mBuilding CXX object CMakeFiles/autoware_adapi_v1_msgs__rosidl_typesupport_fastrtps_cpp.dir/rosidl_typesupport_fastrtps_cpp/autoware_adapi_v1_msgs/msg/detail/dds_fastrtps/velocity_factor__type_support.cpp.o[0m
[ 57%] [32mBuilding CXX object CMakeFiles/autoware_adapi_v1_msgs__rosidl_typesupport_introspection_cpp.dir/rosidl_typesupport_introspection_cpp/autoware_adapi_v1_msgs/srv/detail/set_route__type_support.cpp.o[0m
[ 57%] [32mBuilding CXX object CMakeFiles/autoware_adapi_v1_msgs__rosidl_typesupport_introspection_cpp.dir/rosidl_typesupport_introspection_cpp/autoware_adapi_v1_msgs/srv/detail/set_route_points__type_support.cpp.o[0m
[ 58%] [32mBuilding CXX object CMakeFiles/autoware_adapi_v1_msgs__rosidl_typesupport_introspection_cpp.dir/rosidl_typesupport_introspection_cpp/autoware_adapi_v1_msgs/msg/detail/operation_mode_state__type_support.cpp.o[0m
[ 58%] [32mBuilding CXX object CMakeFiles/autoware_adapi_v1_msgs__rosidl_typesupport_introspection_cpp.dir/rosidl_typesupport_introspection_cpp/autoware_adapi_v1_msgs/srv/detail/change_operation_mode__type_support.cpp.o[0m
[ 59%] [32mBuilding CXX object CMakeFiles/autoware_adapi_v1_msgs__rosidl_typesupport_introspection_cpp.dir/rosidl_typesupport_introspection_cpp/autoware_adapi_v1_msgs/msg/detail/motion_state__type_support.cpp.o[0m
[ 59%] [32mBuilding CXX object CMakeFiles/autoware_adapi_v1_msgs__rosidl_typesupport_introspection_cpp.dir/rosidl_typesupport_introspection_cpp/autoware_adapi_v1_msgs/srv/detail/accept_start__type_support.cpp.o[0m
[ 60%] [32mBuilding CXX object CMakeFiles/autoware_adapi_v1_msgs__rosidl_typesupport_introspection_cpp.dir/rosidl_typesupport_introspection_cpp/autoware_adapi_v1_msgs/msg/detail/steering_factor_array__type_support.cpp.o[0m
[ 60%] [32mBuilding CXX object CMakeFiles/autoware_adapi_v1_msgs__rosidl_typesupport_introspection_cpp.dir/rosidl_typesupport_introspection_cpp/autoware_adapi_v1_msgs/msg/detail/steering_factor__type_support.cpp.o[0m
[ 61%] [32mBuilding CXX object CMakeFiles/autoware_adapi_v1_msgs__rosidl_typesupport_introspection_cpp.dir/rosidl_typesupport_introspection_cpp/autoware_adapi_v1_msgs/msg/detail/velocity_factor__type_support.cpp.o[0m
[ 61%] [32mBuilding CXX object CMakeFiles/autoware_adapi_v1_msgs__rosidl_typesupport_introspection_cpp.dir/rosidl_typesupport_introspection_cpp/autoware_adapi_v1_msgs/msg/detail/velocity_factor_array__type_support.cpp.o[0m
[ 62%] [32mBuilding CXX object CMakeFiles/autoware_adapi_v1_msgs__rosidl_typesupport_introspection_cpp.dir/rosidl_typesupport_introspection_cpp/autoware_adapi_v1_msgs/msg/detail/mrm_state__type_support.cpp.o[0m
[35m[1mScanning dependencies of target autoware_adapi_v1_msgs__rosidl_typesupport_fastrtps_c[0m
[ 62%] [32m[1mLinking CXX shared library libautoware_adapi_v1_msgs__rosidl_typesupport_fastrtps_cpp.so[0m
[ 62%] [32mBuilding CXX object CMakeFiles/autoware_adapi_v1_msgs__rosidl_typesupport_fastrtps_c.dir/rosidl_typesupport_fastrtps_c/autoware_adapi_v1_msgs/msg/detail/response_status__type_support_c.cpp.o[0m
[35m[1mScanning dependencies of target autoware_adapi_v1_msgs__rosidl_typesupport_introspection_c[0m
[ 63%] [32mBuilding CXX object CMakeFiles/autoware_adapi_v1_msgs__rosidl_typesupport_fastrtps_c.dir/rosidl_typesupport_fastrtps_c/autoware_adapi_v1_msgs/msg/detail/localization_initialization_state__type_support_c.cpp.o[0m
[ 64%] [32mBuilding CXX object CMakeFiles/autoware_adapi_v1_msgs__rosidl_typesupport_fastrtps_c.dir/rosidl_typesupport_fastrtps_c/autoware_adapi_v1_msgs/msg/detail/route_state__type_support_c.cpp.o[0m
[ 64%] [32mBuilding CXX object CMakeFiles/autoware_adapi_v1_msgs__rosidl_typesupport_fastrtps_c.dir/rosidl_typesupport_fastrtps_c/autoware_adapi_v1_msgs/srv/detail/initialize_localization__type_support_c.cpp.o[0m
[ 64%] [32mBuilding CXX object CMakeFiles/autoware_adapi_v1_msgs__rosidl_typesupport_fastrtps_c.dir/rosidl_typesupport_fastrtps_c/autoware_adapi_v1_msgs/msg/detail/route__type_support_c.cpp.o[0m
[ 65%] [32mBuilding CXX object CMakeFiles/autoware_adapi_v1_msgs__rosidl_typesupport_fastrtps_c.dir/rosidl_typesupport_fastrtps_c/autoware_adapi_v1_msgs/msg/detail/route_data__type_support_c.cpp.o[0m
[ 65%] [32mBuilding CXX object CMakeFiles/autoware_adapi_v1_msgs__rosidl_typesupport_fastrtps_c.dir/rosidl_typesupport_fastrtps_c/autoware_adapi_v1_msgs/msg/detail/route_option__type_support_c.cpp.o[0m
[ 65%] [32mBuilding C object CMakeFiles/autoware_adapi_v1_msgs__rosidl_typesupport_introspection_c.dir/rosidl_typesupport_introspection_c/autoware_adapi_v1_msgs/msg/detail/response_status__type_support.c.o[0m
[ 66%] [32mBuilding CXX object CMakeFiles/autoware_adapi_v1_msgs__rosidl_typesupport_fastrtps_c.dir/rosidl_typesupport_fastrtps_c/autoware_adapi_v1_msgs/msg/detail/route_primitive__type_support_c.cpp.o[0m
[ 67%] [32mBuilding C object CMakeFiles/autoware_adapi_v1_msgs__rosidl_typesupport_introspection_c.dir/rosidl_typesupport_introspection_c/autoware_adapi_v1_msgs/msg/detail/localization_initialization_state__type_support.c.o[0m
[ 67%] [32mBuilding CXX object CMakeFiles/autoware_adapi_v1_msgs__rosidl_typesupport_fastrtps_c.dir/rosidl_typesupport_fastrtps_c/autoware_adapi_v1_msgs/msg/detail/route_segment__type_support_c.cpp.o[0m
[ 68%] [32mBuilding CXX object CMakeFiles/autoware_adapi_v1_msgs__rosidl_typesupport_fastrtps_c.dir/rosidl_typesupport_fastrtps_c/autoware_adapi_v1_msgs/srv/detail/clear_route__type_support_c.cpp.o[0m
[ 69%] [32mBuilding CXX object CMakeFiles/autoware_adapi_v1_msgs__rosidl_typesupport_fastrtps_c.dir/rosidl_typesupport_fastrtps_c/autoware_adapi_v1_msgs/srv/detail/set_route__type_support_c.cpp.o[0m
[ 69%] [32mBuilding C object CMakeFiles/autoware_adapi_v1_msgs__rosidl_typesupport_introspection_c.dir/rosidl_typesupport_introspection_c/autoware_adapi_v1_msgs/srv/detail/initialize_localization__type_support.c.o[0m
[ 70%] [32mBuilding C object CMakeFiles/autoware_adapi_v1_msgs__rosidl_typesupport_introspection_c.dir/rosidl_typesupport_introspection_c/autoware_adapi_v1_msgs/msg/detail/route_state__type_support.c.o[0m
[ 70%] Built target autoware_adapi_v1_msgs__rosidl_typesupport_fastrtps_cpp
[ 71%] [32mBuilding CXX object CMakeFiles/autoware_adapi_v1_msgs__rosidl_typesupport_fastrtps_c.dir/rosidl_typesupport_fastrtps_c/autoware_adapi_v1_msgs/msg/detail/operation_mode_state__type_support_c.cpp.o[0m
[ 71%] [32mBuilding CXX object CMakeFiles/autoware_adapi_v1_msgs__rosidl_typesupport_fastrtps_c.dir/rosidl_typesupport_fastrtps_c/autoware_adapi_v1_msgs/srv/detail/set_route_points__type_support_c.cpp.o[0m
[ 72%] [32mBuilding C object CMakeFiles/autoware_adapi_v1_msgs__rosidl_typesupport_introspection_c.dir/rosidl_typesupport_introspection_c/autoware_adapi_v1_msgs/msg/detail/route__type_support.c.o[0m
[ 72%] [32mBuilding CXX object CMakeFiles/autoware_adapi_v1_msgs__rosidl_typesupport_fastrtps_c.dir/rosidl_typesupport_fastrtps_c/autoware_adapi_v1_msgs/srv/detail/change_operation_mode__type_support_c.cpp.o[0m
[ 73%] [32mBuilding CXX object CMakeFiles/autoware_adapi_v1_msgs__rosidl_typesupport_fastrtps_c.dir/rosidl_typesupport_fastrtps_c/autoware_adapi_v1_msgs/msg/detail/motion_state__type_support_c.cpp.o[0m
[ 73%] [32mBuilding CXX object CMakeFiles/autoware_adapi_v1_msgs__rosidl_typesupport_fastrtps_c.dir/rosidl_typesupport_fastrtps_c/autoware_adapi_v1_msgs/srv/detail/accept_start__type_support_c.cpp.o[0m
[ 74%] [32mBuilding C object CMakeFiles/autoware_adapi_v1_msgs__rosidl_typesupport_introspection_c.dir/rosidl_typesupport_introspection_c/autoware_adapi_v1_msgs/msg/detail/route_option__type_support.c.o[0m
[ 74%] [32mBuilding C object CMakeFiles/autoware_adapi_v1_msgs__rosidl_typesupport_introspection_c.dir/rosidl_typesupport_introspection_c/autoware_adapi_v1_msgs/msg/detail/route_data__type_support.c.o[0m
[ 74%] [32mBuilding CXX object CMakeFiles/autoware_adapi_v1_msgs__rosidl_typesupport_fastrtps_c.dir/rosidl_typesupport_fastrtps_c/autoware_adapi_v1_msgs/msg/detail/steering_factor_array__type_support_c.cpp.o[0m
[ 75%] [32mBuilding CXX object CMakeFiles/autoware_adapi_v1_msgs__rosidl_typesupport_fastrtps_c.dir/rosidl_typesupport_fastrtps_c/autoware_adapi_v1_msgs/msg/detail/velocity_factor__type_support_c.cpp.o[0m
[ 75%] [32mBuilding C object CMakeFiles/autoware_adapi_v1_msgs__rosidl_typesupport_introspection_c.dir/rosidl_typesupport_introspection_c/autoware_adapi_v1_msgs/msg/detail/route_primitive__type_support.c.o[0m
[ 76%] [32mBuilding CXX object CMakeFiles/autoware_adapi_v1_msgs__rosidl_typesupport_fastrtps_c.dir/rosidl_typesupport_fastrtps_c/autoware_adapi_v1_msgs/msg/detail/steering_factor__type_support_c.cpp.o[0m
[ 77%] [32mBuilding C object CMakeFiles/autoware_adapi_v1_msgs__rosidl_typesupport_introspection_c.dir/rosidl_typesupport_introspection_c/autoware_adapi_v1_msgs/msg/detail/route_segment__type_support.c.o[0m
[ 77%] [32mBuilding CXX object CMakeFiles/autoware_adapi_v1_msgs__rosidl_typesupport_fastrtps_c.dir/rosidl_typesupport_fastrtps_c/autoware_adapi_v1_msgs/msg/detail/velocity_factor_array__type_support_c.cpp.o[0m
[ 77%] [32mBuilding C object CMakeFiles/autoware_adapi_v1_msgs__rosidl_typesupport_introspection_c.dir/rosidl_typesupport_introspection_c/autoware_adapi_v1_msgs/srv/detail/clear_route__type_support.c.o[0m
[ 77%] [32mBuilding C object CMakeFiles/autoware_adapi_v1_msgs__rosidl_typesupport_introspection_c.dir/rosidl_typesupport_introspection_c/autoware_adapi_v1_msgs/srv/detail/set_route_points__type_support.c.o[0m
[ 78%] [32mBuilding C object CMakeFiles/autoware_adapi_v1_msgs__rosidl_typesupport_introspection_c.dir/rosidl_typesupport_introspection_c/autoware_adapi_v1_msgs/srv/detail/set_route__type_support.c.o[0m
[ 79%] [32mBuilding CXX object CMakeFiles/autoware_adapi_v1_msgs__rosidl_typesupport_fastrtps_c.dir/rosidl_typesupport_fastrtps_c/autoware_adapi_v1_msgs/msg/detail/mrm_state__type_support_c.cpp.o[0m
[ 80%] [32mBuilding C object CMakeFiles/autoware_adapi_v1_msgs__rosidl_typesupport_introspection_c.dir/rosidl_typesupport_introspection_c/autoware_adapi_v1_msgs/msg/detail/operation_mode_state__type_support.c.o[0m
[ 80%] [32mBuilding C object CMakeFiles/autoware_adapi_v1_msgs__rosidl_typesupport_introspection_c.dir/rosidl_typesupport_introspection_c/autoware_adapi_v1_msgs/srv/detail/change_operation_mode__type_support.c.o[0m
[ 81%] [32mBuilding C object CMakeFiles/autoware_adapi_v1_msgs__rosidl_typesupport_introspection_c.dir/rosidl_typesupport_introspection_c/autoware_adapi_v1_msgs/msg/detail/motion_state__type_support.c.o[0m
[ 82%] [32m[1mLinking CXX shared library libautoware_adapi_v1_msgs__rosidl_typesupport_introspection_cpp.so[0m
[ 82%] [32mBuilding C object CMakeFiles/autoware_adapi_v1_msgs__rosidl_typesupport_introspection_c.dir/rosidl_typesupport_introspection_c/autoware_adapi_v1_msgs/srv/detail/accept_start__type_support.c.o[0m
[ 83%] [32mBuilding C object CMakeFiles/autoware_adapi_v1_msgs__rosidl_typesupport_introspection_c.dir/rosidl_typesupport_introspection_c/autoware_adapi_v1_msgs/msg/detail/steering_factor__type_support.c.o[0m
[ 84%] [32mBuilding C object CMakeFiles/autoware_adapi_v1_msgs__rosidl_typesupport_introspection_c.dir/rosidl_typesupport_introspection_c/autoware_adapi_v1_msgs/msg/detail/velocity_factor__type_support.c.o[0m
[ 84%] [32mBuilding C object CMakeFiles/autoware_adapi_v1_msgs__rosidl_typesupport_introspection_c.dir/rosidl_typesupport_introspection_c/autoware_adapi_v1_msgs/msg/detail/steering_factor_array__type_support.c.o[0m
[ 84%] [32mBuilding C object CMakeFiles/autoware_adapi_v1_msgs__rosidl_typesupport_introspection_c.dir/rosidl_typesupport_introspection_c/autoware_adapi_v1_msgs/msg/detail/velocity_factor_array__type_support.c.o[0m
[ 85%] [32mBuilding C object CMakeFiles/autoware_adapi_v1_msgs__rosidl_typesupport_introspection_c.dir/rosidl_typesupport_introspection_c/autoware_adapi_v1_msgs/msg/detail/mrm_state__type_support.c.o[0m
[ 85%] [32m[1mLinking C shared library libautoware_adapi_v1_msgs__rosidl_typesupport_introspection_c.so[0m
[ 85%] Built target autoware_adapi_v1_msgs__rosidl_typesupport_introspection_cpp
[ 85%] Built target autoware_adapi_v1_msgs__rosidl_typesupport_introspection_c
[ 85%] [32m[1mLinking CXX shared library libautoware_adapi_v1_msgs__rosidl_typesupport_fastrtps_c.so[0m
[ 85%] Built target autoware_adapi_v1_msgs__rosidl_typesupport_fastrtps_c
[ 85%] Built target autoware_adapi_v1_msgs
[ 86%] [34m[1mGenerating Python code for ROS interfaces[0m
[ 86%] Built target autoware_adapi_v1_msgs__py
[35m[1mScanning dependencies of target autoware_adapi_v1_msgs__rosidl_generator_py[0m
[ 88%] [32mBuilding C object CMakeFiles/autoware_adapi_v1_msgs__rosidl_generator_py.dir/rosidl_generator_py/autoware_adapi_v1_msgs/msg/_route_data_s.c.o[0m
[ 88%] [32mBuilding C object CMakeFiles/autoware_adapi_v1_msgs__rosidl_generator_py.dir/rosidl_generator_py/autoware_adapi_v1_msgs/srv/_initialize_localization_s.c.o[0m
[ 88%] [32mBuilding C object CMakeFiles/autoware_adapi_v1_msgs__rosidl_generator_py.dir/rosidl_generator_py/autoware_adapi_v1_msgs/msg/_localization_initialization_state_s.c.o[0m
[ 88%] [32mBuilding C object CMakeFiles/autoware_adapi_v1_msgs__rosidl_generator_py.dir/rosidl_generator_py/autoware_adapi_v1_msgs/msg/_route_option_s.c.o[0m
[ 89%] [32mBuilding C object CMakeFiles/autoware_adapi_v1_msgs__rosidl_generator_py.dir/rosidl_generator_py/autoware_adapi_v1_msgs/msg/_route_state_s.c.o[0m
[ 90%] [32mBuilding C object CMakeFiles/autoware_adapi_v1_msgs__rosidl_generator_py.dir/rosidl_generator_py/autoware_adapi_v1_msgs/msg/_route_primitive_s.c.o[0m
[ 90%] [32mBuilding C object CMakeFiles/autoware_adapi_v1_msgs__rosidl_generator_py.dir/rosidl_generator_py/autoware_adapi_v1_msgs/msg/_response_status_s.c.o[0m
[ 90%] [32mBuilding C object CMakeFiles/autoware_adapi_v1_msgs__rosidl_generator_py.dir/rosidl_generator_py/autoware_adapi_v1_msgs/msg/_route_s.c.o[0m
[ 91%] [32mBuilding C object CMakeFiles/autoware_adapi_v1_msgs__rosidl_generator_py.dir/rosidl_generator_py/autoware_adapi_v1_msgs/srv/_change_operation_mode_s.c.o[0m
[ 91%] [32mBuilding C object CMakeFiles/autoware_adapi_v1_msgs__rosidl_generator_py.dir/rosidl_generator_py/autoware_adapi_v1_msgs/msg/_motion_state_s.c.o[0m
[ 92%] [32mBuilding C object CMakeFiles/autoware_adapi_v1_msgs__rosidl_generator_py.dir/rosidl_generator_py/autoware_adapi_v1_msgs/srv/_accept_start_s.c.o[0m
[ 93%] [32mBuilding C object CMakeFiles/autoware_adapi_v1_msgs__rosidl_generator_py.dir/rosidl_generator_py/autoware_adapi_v1_msgs/srv/_set_route_s.c.o[0m
[ 93%] [32mBuilding C object CMakeFiles/autoware_adapi_v1_msgs__rosidl_generator_py.dir/rosidl_generator_py/autoware_adapi_v1_msgs/srv/_clear_route_s.c.o[0m
[ 94%] [32mBuilding C object CMakeFiles/autoware_adapi_v1_msgs__rosidl_generator_py.dir/rosidl_generator_py/autoware_adapi_v1_msgs/msg/_steering_factor_s.c.o[0m
[ 94%] [32mBuilding C object CMakeFiles/autoware_adapi_v1_msgs__rosidl_generator_py.dir/rosidl_generator_py/autoware_adapi_v1_msgs/msg/_steering_factor_array_s.c.o[0m
[ 95%] [32mBuilding C object CMakeFiles/autoware_adapi_v1_msgs__rosidl_generator_py.dir/rosidl_generator_py/autoware_adapi_v1_msgs/srv/_set_route_points_s.c.o[0m
[ 96%] [32mBuilding C object CMakeFiles/autoware_adapi_v1_msgs__rosidl_generator_py.dir/rosidl_generator_py/autoware_adapi_v1_msgs/msg/_velocity_factor_s.c.o[0m
[ 96%] [32mBuilding C object CMakeFiles/autoware_adapi_v1_msgs__rosidl_generator_py.dir/rosidl_generator_py/autoware_adapi_v1_msgs/msg/_velocity_factor_array_s.c.o[0m
[ 96%] [32mBuilding C object CMakeFiles/autoware_adapi_v1_msgs__rosidl_generator_py.dir/rosidl_generator_py/autoware_adapi_v1_msgs/msg/_operation_mode_state_s.c.o[0m
[ 96%] [32mBuilding C object CMakeFiles/autoware_adapi_v1_msgs__rosidl_generator_py.dir/rosidl_generator_py/autoware_adapi_v1_msgs/msg/_route_segment_s.c.o[0m
[ 97%] [32mBuilding C object CMakeFiles/autoware_adapi_v1_msgs__rosidl_generator_py.dir/rosidl_generator_py/autoware_adapi_v1_msgs/msg/_mrm_state_s.c.o[0m
[ 97%] [32m[1mLinking C shared library rosidl_generator_py/autoware_adapi_v1_msgs/libautoware_adapi_v1_msgs__rosidl_generator_py.so[0m
[ 97%] Built target autoware_adapi_v1_msgs__rosidl_generator_py
[35m[1mScanning dependencies of target autoware_adapi_v1_msgs__rosidl_typesupport_fastrtps_c__pyext[0m
[35m[1mScanning dependencies of target autoware_adapi_v1_msgs__rosidl_typesupport_introspection_c__pyext[0m
[35m[1mScanning dependencies of target autoware_adapi_v1_msgs__rosidl_typesupport_c__pyext[0m
[ 99%] [32mBuilding C object CMakeFiles/autoware_adapi_v1_msgs__rosidl_typesupport_introspection_c__pyext.dir/rosidl_generator_py/autoware_adapi_v1_msgs/_autoware_adapi_v1_msgs_s.ep.rosidl_typesupport_introspection_c.c.o[0m
[ 99%] [32mBuilding C object CMakeFiles/autoware_adapi_v1_msgs__rosidl_typesupport_c__pyext.dir/rosidl_generator_py/autoware_adapi_v1_msgs/_autoware_adapi_v1_msgs_s.ep.rosidl_typesupport_c.c.o[0m
[100%] [32mBuilding C object CMakeFiles/autoware_adapi_v1_msgs__rosidl_typesupport_fastrtps_c__pyext.dir/rosidl_generator_py/autoware_adapi_v1_msgs/_autoware_adapi_v1_msgs_s.ep.rosidl_typesupport_fastrtps_c.c.o[0m
[100%] [32m[1mLinking C shared library rosidl_generator_py/autoware_adapi_v1_msgs/autoware_adapi_v1_msgs_s__rosidl_typesupport_introspection_c.cpython-38-x86_64-linux-gnu.so[0m
[100%] [32m[1mLinking C shared library rosidl_generator_py/autoware_adapi_v1_msgs/autoware_adapi_v1_msgs_s__rosidl_typesupport_fastrtps_c.cpython-38-x86_64-linux-gnu.so[0m
[100%] [32m[1mLinking C shared library rosidl_generator_py/autoware_adapi_v1_msgs/autoware_adapi_v1_msgs_s__rosidl_typesupport_c.cpython-38-x86_64-linux-gnu.so[0m
[100%] Built target autoware_adapi_v1_msgs__rosidl_typesupport_introspection_c__pyext
[100%] Built target autoware_adapi_v1_msgs__rosidl_typesupport_fastrtps_c__pyext
[100%] Built target autoware_adapi_v1_msgs__rosidl_typesupport_c__pyext
