Compiling the C compiler identification source file "CMakeCCompilerId.c" failed.
Compiler: /usr/bin/cc 
Build flags: 
Id flags:  

The output was:
1
cc: fatal error: cannot execute ‘cc1’: execvp: No such file or directory
compilation terminated.


Compiling the C compiler identification source file "CMakeCCompilerId.c" failed.
Compiler: /usr/bin/cc 
Build flags: 
Id flags: -c 

The output was:
1
cc: fatal error: cannot execute ‘cc1’: execvp: No such file or directory
compilation terminated.


Compiling the C compiler identification source file "CMakeCCompilerId.c" failed.
Compiler: /usr/bin/cc 
Build flags: 
Id flags: -Aa 

The output was:
1
cc: fatal error: cannot execute ‘cc1’: execvp: No such file or directory
compilation terminated.


Compiling the C compiler identification source file "CMakeCCompilerId.c" failed.
Compiler: /usr/bin/cc 
Build flags: 
Id flags: -D__CLASSIC_C__ 

The output was:
1
cc: fatal error: cannot execute ‘cc1’: execvp: No such file or directory
compilation terminated.


Compiling the C compiler identification source file "CMakeCCompilerId.c" failed.
Compiler: /usr/bin/cc 
Build flags: 
Id flags: --target=arm-arm-none-eabi;-mcpu=cortex-m3 

The output was:
1
cc: warning: ‘-mcpu=’ is deprecated; use ‘-mtune=’ or ‘-march=’ instead
cc: error: unrecognized command line option ‘--target=arm-arm-none-eabi’


Compiling the C compiler identification source file "CMakeCCompilerId.c" failed.
Compiler: /usr/bin/cc 
Build flags: 
Id flags:  

The output was:
1
cc: fatal error: cannot execute ‘cc1’: execvp: No such file or directory
compilation terminated.


Compiling the C compiler identification source file "CMakeCCompilerId.c" failed.
Compiler: /usr/bin/cc 
Build flags: 
Id flags: -c 

The output was:
1
cc: fatal error: cannot execute ‘cc1’: execvp: No such file or directory
compilation terminated.


Compiling the C compiler identification source file "CMakeCCompilerId.c" failed.
Compiler: /usr/bin/cc 
Build flags: 
Id flags: -Aa 

The output was:
1
cc: fatal error: cannot execute ‘cc1’: execvp: No such file or directory
compilation terminated.


Compiling the C compiler identification source file "CMakeCCompilerId.c" failed.
Compiler: /usr/bin/cc 
Build flags: 
Id flags: -D__CLASSIC_C__ 

The output was:
1
cc: fatal error: cannot execute ‘cc1’: execvp: No such file or directory
compilation terminated.


Compiling the C compiler identification source file "CMakeCCompilerId.c" failed.
Compiler: /usr/bin/cc 
Build flags: 
Id flags: --target=arm-arm-none-eabi;-mcpu=cortex-m3 

The output was:
1
cc: warning: ‘-mcpu=’ is deprecated; use ‘-mtune=’ or ‘-march=’ instead
cc: error: unrecognized command line option ‘--target=arm-arm-none-eabi’


Checking whether the C compiler is IAR using "" did not match "IAR .+ Compiler":
cc: fatal error: no input files
compilation terminated.
Checking whether the C compiler is IAR using "" did not match "IAR .+ Compiler":
cc: fatal error: no input files
compilation terminated.
Determining if the C compiler works failed with the following output:
Change Dir: /home/carla/Github/C-V2X-Autoware-Carla/build/v2x_msg/CMakeFiles/CMakeTmp

Run Build Command(s):/usr/bin/make cmTC_a4edd/fast && /usr/bin/make -f CMakeFiles/cmTC_a4edd.dir/build.make CMakeFiles/cmTC_a4edd.dir/build
make[1]: Entering directory '/home/carla/Github/C-V2X-Autoware-Carla/build/v2x_msg/CMakeFiles/CMakeTmp'
Building C object CMakeFiles/cmTC_a4edd.dir/testCCompiler.c.o
/usr/bin/cc    -o CMakeFiles/cmTC_a4edd.dir/testCCompiler.c.o   -c /home/carla/Github/C-V2X-Autoware-Carla/build/v2x_msg/CMakeFiles/CMakeTmp/testCCompiler.c
cc: fatal error: cannot execute ‘cc1’: execvp: No such file or directory
compilation terminated.
make[1]: *** [CMakeFiles/cmTC_a4edd.dir/build.make:66: CMakeFiles/cmTC_a4edd.dir/testCCompiler.c.o] Error 1
make[1]: Leaving directory '/home/carla/Github/C-V2X-Autoware-Carla/build/v2x_msg/CMakeFiles/CMakeTmp'
make: *** [Makefile:121: cmTC_a4edd/fast] Error 2



Compiling the C compiler identification source file "CMakeCCompilerId.c" failed.
Compiler: /usr/bin/cc 
Build flags: 
Id flags:  

The output was:
1
cc: fatal error: cannot execute ‘cc1’: execvp: No such file or directory
compilation terminated.


Compiling the C compiler identification source file "CMakeCCompilerId.c" failed.
Compiler: /usr/bin/cc 
Build flags: 
Id flags: -c 

The output was:
1
cc: fatal error: cannot execute ‘cc1’: execvp: No such file or directory
compilation terminated.


Compiling the C compiler identification source file "CMakeCCompilerId.c" failed.
Compiler: /usr/bin/cc 
Build flags: 
Id flags: -Aa 

The output was:
1
cc: fatal error: cannot execute ‘cc1’: execvp: No such file or directory
compilation terminated.


Compiling the C compiler identification source file "CMakeCCompilerId.c" failed.
Compiler: /usr/bin/cc 
Build flags: 
Id flags: -D__CLASSIC_C__ 

The output was:
1
cc: fatal error: cannot execute ‘cc1’: execvp: No such file or directory
compilation terminated.


Compiling the C compiler identification source file "CMakeCCompilerId.c" failed.
Compiler: /usr/bin/cc 
Build flags: 
Id flags: --target=arm-arm-none-eabi;-mcpu=cortex-m3 

The output was:
1
cc: warning: ‘-mcpu=’ is deprecated; use ‘-mtune=’ or ‘-march=’ instead
cc: error: unrecognized command line option ‘--target=arm-arm-none-eabi’


Compiling the C compiler identification source file "CMakeCCompilerId.c" failed.
Compiler: /usr/bin/cc 
Build flags: 
Id flags:  

The output was:
1
cc: fatal error: cannot execute ‘cc1’: execvp: No such file or directory
compilation terminated.


Compiling the C compiler identification source file "CMakeCCompilerId.c" failed.
Compiler: /usr/bin/cc 
Build flags: 
Id flags: -c 

The output was:
1
cc: fatal error: cannot execute ‘cc1’: execvp: No such file or directory
compilation terminated.


Compiling the C compiler identification source file "CMakeCCompilerId.c" failed.
Compiler: /usr/bin/cc 
Build flags: 
Id flags: -Aa 

The output was:
1
cc: fatal error: cannot execute ‘cc1’: execvp: No such file or directory
compilation terminated.


Compiling the C compiler identification source file "CMakeCCompilerId.c" failed.
Compiler: /usr/bin/cc 
Build flags: 
Id flags: -D__CLASSIC_C__ 

The output was:
1
cc: fatal error: cannot execute ‘cc1’: execvp: No such file or directory
compilation terminated.


Compiling the C compiler identification source file "CMakeCCompilerId.c" failed.
Compiler: /usr/bin/cc 
Build flags: 
Id flags: --target=arm-arm-none-eabi;-mcpu=cortex-m3 

The output was:
1
cc: warning: ‘-mcpu=’ is deprecated; use ‘-mtune=’ or ‘-march=’ instead
cc: error: unrecognized command line option ‘--target=arm-arm-none-eabi’


Checking whether the C compiler is IAR using "" did not match "IAR .+ Compiler":
cc: fatal error: no input files
compilation terminated.
Checking whether the C compiler is IAR using "" did not match "IAR .+ Compiler":
cc: fatal error: no input files
compilation terminated.
Determining if the C compiler works failed with the following output:
Change Dir: /home/carla/Github/C-V2X-Autoware-Carla/build/v2x_msg/CMakeFiles/CMakeTmp

Run Build Command(s):/usr/bin/make cmTC_a8b3a/fast && /usr/bin/make -f CMakeFiles/cmTC_a8b3a.dir/build.make CMakeFiles/cmTC_a8b3a.dir/build
make[1]: Entering directory '/home/carla/Github/C-V2X-Autoware-Carla/build/v2x_msg/CMakeFiles/CMakeTmp'
Building C object CMakeFiles/cmTC_a8b3a.dir/testCCompiler.c.o
/usr/bin/cc    -o CMakeFiles/cmTC_a8b3a.dir/testCCompiler.c.o   -c /home/carla/Github/C-V2X-Autoware-Carla/build/v2x_msg/CMakeFiles/CMakeTmp/testCCompiler.c
cc: fatal error: cannot execute ‘cc1’: execvp: No such file or directory
compilation terminated.
make[1]: *** [CMakeFiles/cmTC_a8b3a.dir/build.make:66: CMakeFiles/cmTC_a8b3a.dir/testCCompiler.c.o] Error 1
make[1]: Leaving directory '/home/carla/Github/C-V2X-Autoware-Carla/build/v2x_msg/CMakeFiles/CMakeTmp'
make: *** [Makefile:121: cmTC_a8b3a/fast] Error 2



Compiling the C compiler identification source file "CMakeCCompilerId.c" failed.
Compiler: /usr/bin/cc 
Build flags: 
Id flags:  

The output was:
1
cc: fatal error: cannot execute ‘cc1’: execvp: No such file or directory
compilation terminated.


Compiling the C compiler identification source file "CMakeCCompilerId.c" failed.
Compiler: /usr/bin/cc 
Build flags: 
Id flags: -c 

The output was:
1
cc: fatal error: cannot execute ‘cc1’: execvp: No such file or directory
compilation terminated.


Compiling the C compiler identification source file "CMakeCCompilerId.c" failed.
Compiler: /usr/bin/cc 
Build flags: 
Id flags: -Aa 

The output was:
1
cc: fatal error: cannot execute ‘cc1’: execvp: No such file or directory
compilation terminated.


Compiling the C compiler identification source file "CMakeCCompilerId.c" failed.
Compiler: /usr/bin/cc 
Build flags: 
Id flags: -D__CLASSIC_C__ 

The output was:
1
cc: fatal error: cannot execute ‘cc1’: execvp: No such file or directory
compilation terminated.


Compiling the C compiler identification source file "CMakeCCompilerId.c" failed.
Compiler: /usr/bin/cc 
Build flags: 
Id flags: --target=arm-arm-none-eabi;-mcpu=cortex-m3 

The output was:
1
cc: warning: ‘-mcpu=’ is deprecated; use ‘-mtune=’ or ‘-march=’ instead
cc: error: unrecognized command line option ‘--target=arm-arm-none-eabi’


Compiling the C compiler identification source file "CMakeCCompilerId.c" failed.
Compiler: /usr/bin/cc 
Build flags: 
Id flags:  

The output was:
1
cc: fatal error: cannot execute ‘cc1’: execvp: No such file or directory
compilation terminated.


Compiling the C compiler identification source file "CMakeCCompilerId.c" failed.
Compiler: /usr/bin/cc 
Build flags: 
Id flags: -c 

The output was:
1
cc: fatal error: cannot execute ‘cc1’: execvp: No such file or directory
compilation terminated.


Compiling the C compiler identification source file "CMakeCCompilerId.c" failed.
Compiler: /usr/bin/cc 
Build flags: 
Id flags: -Aa 

The output was:
1
cc: fatal error: cannot execute ‘cc1’: execvp: No such file or directory
compilation terminated.


Compiling the C compiler identification source file "CMakeCCompilerId.c" failed.
Compiler: /usr/bin/cc 
Build flags: 
Id flags: -D__CLASSIC_C__ 

The output was:
1
cc: fatal error: cannot execute ‘cc1’: execvp: No such file or directory
compilation terminated.


Compiling the C compiler identification source file "CMakeCCompilerId.c" failed.
Compiler: /usr/bin/cc 
Build flags: 
Id flags: --target=arm-arm-none-eabi;-mcpu=cortex-m3 

The output was:
1
cc: warning: ‘-mcpu=’ is deprecated; use ‘-mtune=’ or ‘-march=’ instead
cc: error: unrecognized command line option ‘--target=arm-arm-none-eabi’


Checking whether the C compiler is IAR using "" did not match "IAR .+ Compiler":
cc: fatal error: no input files
compilation terminated.
Checking whether the C compiler is IAR using "" did not match "IAR .+ Compiler":
cc: fatal error: no input files
compilation terminated.
Determining if the C compiler works failed with the following output:
Change Dir: /home/carla/Github/C-V2X-Autoware-Carla/build/v2x_msg/CMakeFiles/CMakeTmp

Run Build Command(s):/usr/bin/make cmTC_a0876/fast && /usr/bin/make -f CMakeFiles/cmTC_a0876.dir/build.make CMakeFiles/cmTC_a0876.dir/build
make[1]: Entering directory '/home/carla/Github/C-V2X-Autoware-Carla/build/v2x_msg/CMakeFiles/CMakeTmp'
Building C object CMakeFiles/cmTC_a0876.dir/testCCompiler.c.o
/usr/bin/cc    -o CMakeFiles/cmTC_a0876.dir/testCCompiler.c.o   -c /home/carla/Github/C-V2X-Autoware-Carla/build/v2x_msg/CMakeFiles/CMakeTmp/testCCompiler.c
cc: fatal error: cannot execute ‘cc1’: execvp: No such file or directory
compilation terminated.
make[1]: *** [CMakeFiles/cmTC_a0876.dir/build.make:66: CMakeFiles/cmTC_a0876.dir/testCCompiler.c.o] Error 1
make[1]: Leaving directory '/home/carla/Github/C-V2X-Autoware-Carla/build/v2x_msg/CMakeFiles/CMakeTmp'
make: *** [Makefile:121: cmTC_a0876/fast] Error 2



Compiling the C compiler identification source file "CMakeCCompilerId.c" failed.
Compiler: /usr/bin/cc 
Build flags: 
Id flags:  

The output was:
1
cc: fatal error: cannot execute ‘cc1’: execvp: No such file or directory
compilation terminated.


Compiling the C compiler identification source file "CMakeCCompilerId.c" failed.
Compiler: /usr/bin/cc 
Build flags: 
Id flags: -c 

The output was:
1
cc: fatal error: cannot execute ‘cc1’: execvp: No such file or directory
compilation terminated.


Compiling the C compiler identification source file "CMakeCCompilerId.c" failed.
Compiler: /usr/bin/cc 
Build flags: 
Id flags: -Aa 

The output was:
1
cc: fatal error: cannot execute ‘cc1’: execvp: No such file or directory
compilation terminated.


Compiling the C compiler identification source file "CMakeCCompilerId.c" failed.
Compiler: /usr/bin/cc 
Build flags: 
Id flags: -D__CLASSIC_C__ 

The output was:
1
cc: fatal error: cannot execute ‘cc1’: execvp: No such file or directory
compilation terminated.


Compiling the C compiler identification source file "CMakeCCompilerId.c" failed.
Compiler: /usr/bin/cc 
Build flags: 
Id flags: --target=arm-arm-none-eabi;-mcpu=cortex-m3 

The output was:
1
cc: warning: ‘-mcpu=’ is deprecated; use ‘-mtune=’ or ‘-march=’ instead
cc: error: unrecognized command line option ‘--target=arm-arm-none-eabi’


Compiling the C compiler identification source file "CMakeCCompilerId.c" failed.
Compiler: /usr/bin/cc 
Build flags: 
Id flags:  

The output was:
1
cc: fatal error: cannot execute ‘cc1’: execvp: No such file or directory
compilation terminated.


Compiling the C compiler identification source file "CMakeCCompilerId.c" failed.
Compiler: /usr/bin/cc 
Build flags: 
Id flags: -c 

The output was:
1
cc: fatal error: cannot execute ‘cc1’: execvp: No such file or directory
compilation terminated.


Compiling the C compiler identification source file "CMakeCCompilerId.c" failed.
Compiler: /usr/bin/cc 
Build flags: 
Id flags: -Aa 

The output was:
1
cc: fatal error: cannot execute ‘cc1’: execvp: No such file or directory
compilation terminated.


Compiling the C compiler identification source file "CMakeCCompilerId.c" failed.
Compiler: /usr/bin/cc 
Build flags: 
Id flags: -D__CLASSIC_C__ 

The output was:
1
cc: fatal error: cannot execute ‘cc1’: execvp: No such file or directory
compilation terminated.


Compiling the C compiler identification source file "CMakeCCompilerId.c" failed.
Compiler: /usr/bin/cc 
Build flags: 
Id flags: --target=arm-arm-none-eabi;-mcpu=cortex-m3 

The output was:
1
cc: warning: ‘-mcpu=’ is deprecated; use ‘-mtune=’ or ‘-march=’ instead
cc: error: unrecognized command line option ‘--target=arm-arm-none-eabi’


Checking whether the C compiler is IAR using "" did not match "IAR .+ Compiler":
cc: fatal error: no input files
compilation terminated.
Checking whether the C compiler is IAR using "" did not match "IAR .+ Compiler":
cc: fatal error: no input files
compilation terminated.
Determining if the C compiler works failed with the following output:
Change Dir: /home/carla/Github/C-V2X-Autoware-Carla/build/v2x_msg/CMakeFiles/CMakeTmp

Run Build Command(s):/usr/bin/make cmTC_a9486/fast && /usr/bin/make -f CMakeFiles/cmTC_a9486.dir/build.make CMakeFiles/cmTC_a9486.dir/build
make[1]: Entering directory '/home/carla/Github/C-V2X-Autoware-Carla/build/v2x_msg/CMakeFiles/CMakeTmp'
Building C object CMakeFiles/cmTC_a9486.dir/testCCompiler.c.o
/usr/bin/cc    -o CMakeFiles/cmTC_a9486.dir/testCCompiler.c.o   -c /home/carla/Github/C-V2X-Autoware-Carla/build/v2x_msg/CMakeFiles/CMakeTmp/testCCompiler.c
cc: fatal error: cannot execute ‘cc1’: execvp: No such file or directory
compilation terminated.
make[1]: *** [CMakeFiles/cmTC_a9486.dir/build.make:66: CMakeFiles/cmTC_a9486.dir/testCCompiler.c.o] Error 1
make[1]: Leaving directory '/home/carla/Github/C-V2X-Autoware-Carla/build/v2x_msg/CMakeFiles/CMakeTmp'
make: *** [Makefile:121: cmTC_a9486/fast] Error 2



Compiling the C compiler identification source file "CMakeCCompilerId.c" failed.
Compiler: /usr/bin/cc 
Build flags: 
Id flags:  

The output was:
1
cc: fatal error: cannot execute ‘cc1’: execvp: No such file or directory
compilation terminated.


Compiling the C compiler identification source file "CMakeCCompilerId.c" failed.
Compiler: /usr/bin/cc 
Build flags: 
Id flags: -c 

The output was:
1
cc: fatal error: cannot execute ‘cc1’: execvp: No such file or directory
compilation terminated.


Compiling the C compiler identification source file "CMakeCCompilerId.c" failed.
Compiler: /usr/bin/cc 
Build flags: 
Id flags: -Aa 

The output was:
1
cc: fatal error: cannot execute ‘cc1’: execvp: No such file or directory
compilation terminated.


Compiling the C compiler identification source file "CMakeCCompilerId.c" failed.
Compiler: /usr/bin/cc 
Build flags: 
Id flags: -D__CLASSIC_C__ 

The output was:
1
cc: fatal error: cannot execute ‘cc1’: execvp: No such file or directory
compilation terminated.


Compiling the C compiler identification source file "CMakeCCompilerId.c" failed.
Compiler: /usr/bin/cc 
Build flags: 
Id flags: --target=arm-arm-none-eabi;-mcpu=cortex-m3 

The output was:
1
cc: warning: ‘-mcpu=’ is deprecated; use ‘-mtune=’ or ‘-march=’ instead
cc: error: unrecognized command line option ‘--target=arm-arm-none-eabi’


Compiling the C compiler identification source file "CMakeCCompilerId.c" failed.
Compiler: /usr/bin/cc 
Build flags: 
Id flags:  

The output was:
1
cc: fatal error: cannot execute ‘cc1’: execvp: No such file or directory
compilation terminated.


Compiling the C compiler identification source file "CMakeCCompilerId.c" failed.
Compiler: /usr/bin/cc 
Build flags: 
Id flags: -c 

The output was:
1
cc: fatal error: cannot execute ‘cc1’: execvp: No such file or directory
compilation terminated.


Compiling the C compiler identification source file "CMakeCCompilerId.c" failed.
Compiler: /usr/bin/cc 
Build flags: 
Id flags: -Aa 

The output was:
1
cc: fatal error: cannot execute ‘cc1’: execvp: No such file or directory
compilation terminated.


Compiling the C compiler identification source file "CMakeCCompilerId.c" failed.
Compiler: /usr/bin/cc 
Build flags: 
Id flags: -D__CLASSIC_C__ 

The output was:
1
cc: fatal error: cannot execute ‘cc1’: execvp: No such file or directory
compilation terminated.


Compiling the C compiler identification source file "CMakeCCompilerId.c" failed.
Compiler: /usr/bin/cc 
Build flags: 
Id flags: --target=arm-arm-none-eabi;-mcpu=cortex-m3 

The output was:
1
cc: warning: ‘-mcpu=’ is deprecated; use ‘-mtune=’ or ‘-march=’ instead
cc: error: unrecognized command line option ‘--target=arm-arm-none-eabi’


Checking whether the C compiler is IAR using "" did not match "IAR .+ Compiler":
cc: fatal error: no input files
compilation terminated.
Checking whether the C compiler is IAR using "" did not match "IAR .+ Compiler":
cc: fatal error: no input files
compilation terminated.
Determining if the C compiler works failed with the following output:
Change Dir: /home/carla/Github/C-V2X-Autoware-Carla/build/v2x_msg/CMakeFiles/CMakeTmp

Run Build Command(s):/usr/bin/make cmTC_16989/fast && /usr/bin/make -f CMakeFiles/cmTC_16989.dir/build.make CMakeFiles/cmTC_16989.dir/build
make[1]: Entering directory '/home/carla/Github/C-V2X-Autoware-Carla/build/v2x_msg/CMakeFiles/CMakeTmp'
Building C object CMakeFiles/cmTC_16989.dir/testCCompiler.c.o
/usr/bin/cc    -o CMakeFiles/cmTC_16989.dir/testCCompiler.c.o   -c /home/carla/Github/C-V2X-Autoware-Carla/build/v2x_msg/CMakeFiles/CMakeTmp/testCCompiler.c
cc: fatal error: cannot execute ‘cc1’: execvp: No such file or directory
compilation terminated.
make[1]: *** [CMakeFiles/cmTC_16989.dir/build.make:66: CMakeFiles/cmTC_16989.dir/testCCompiler.c.o] Error 1
make[1]: Leaving directory '/home/carla/Github/C-V2X-Autoware-Carla/build/v2x_msg/CMakeFiles/CMakeTmp'
make: *** [Makefile:121: cmTC_16989/fast] Error 2



Compiling the C compiler identification source file "CMakeCCompilerId.c" failed.
Compiler: /usr/bin/cc 
Build flags: 
Id flags:  

The output was:
1
cc: fatal error: cannot execute ‘cc1’: execvp: No such file or directory
compilation terminated.


Compiling the C compiler identification source file "CMakeCCompilerId.c" failed.
Compiler: /usr/bin/cc 
Build flags: 
Id flags: -c 

The output was:
1
cc: fatal error: cannot execute ‘cc1’: execvp: No such file or directory
compilation terminated.


Compiling the C compiler identification source file "CMakeCCompilerId.c" failed.
Compiler: /usr/bin/cc 
Build flags: 
Id flags: -Aa 

The output was:
1
cc: fatal error: cannot execute ‘cc1’: execvp: No such file or directory
compilation terminated.


Compiling the C compiler identification source file "CMakeCCompilerId.c" failed.
Compiler: /usr/bin/cc 
Build flags: 
Id flags: -D__CLASSIC_C__ 

The output was:
1
cc: fatal error: cannot execute ‘cc1’: execvp: No such file or directory
compilation terminated.


Compiling the C compiler identification source file "CMakeCCompilerId.c" failed.
Compiler: /usr/bin/cc 
Build flags: 
Id flags: --target=arm-arm-none-eabi;-mcpu=cortex-m3 

The output was:
1
cc: warning: ‘-mcpu=’ is deprecated; use ‘-mtune=’ or ‘-march=’ instead
cc: error: unrecognized command line option ‘--target=arm-arm-none-eabi’


Compiling the C compiler identification source file "CMakeCCompilerId.c" failed.
Compiler: /usr/bin/cc 
Build flags: 
Id flags:  

The output was:
1
cc: fatal error: cannot execute ‘cc1’: execvp: No such file or directory
compilation terminated.


Compiling the C compiler identification source file "CMakeCCompilerId.c" failed.
Compiler: /usr/bin/cc 
Build flags: 
Id flags: -c 

The output was:
1
cc: fatal error: cannot execute ‘cc1’: execvp: No such file or directory
compilation terminated.


Compiling the C compiler identification source file "CMakeCCompilerId.c" failed.
Compiler: /usr/bin/cc 
Build flags: 
Id flags: -Aa 

The output was:
1
cc: fatal error: cannot execute ‘cc1’: execvp: No such file or directory
compilation terminated.


Compiling the C compiler identification source file "CMakeCCompilerId.c" failed.
Compiler: /usr/bin/cc 
Build flags: 
Id flags: -D__CLASSIC_C__ 

The output was:
1
cc: fatal error: cannot execute ‘cc1’: execvp: No such file or directory
compilation terminated.


Compiling the C compiler identification source file "CMakeCCompilerId.c" failed.
Compiler: /usr/bin/cc 
Build flags: 
Id flags: --target=arm-arm-none-eabi;-mcpu=cortex-m3 

The output was:
1
cc: warning: ‘-mcpu=’ is deprecated; use ‘-mtune=’ or ‘-march=’ instead
cc: error: unrecognized command line option ‘--target=arm-arm-none-eabi’


Checking whether the C compiler is IAR using "" did not match "IAR .+ Compiler":
cc: fatal error: no input files
compilation terminated.
Checking whether the C compiler is IAR using "" did not match "IAR .+ Compiler":
cc: fatal error: no input files
compilation terminated.
Determining if the C compiler works failed with the following output:
Change Dir: /home/carla/Github/C-V2X-Autoware-Carla/build/v2x_msg/CMakeFiles/CMakeTmp

Run Build Command(s):/usr/bin/make cmTC_39950/fast && /usr/bin/make -f CMakeFiles/cmTC_39950.dir/build.make CMakeFiles/cmTC_39950.dir/build
make[1]: Entering directory '/home/carla/Github/C-V2X-Autoware-Carla/build/v2x_msg/CMakeFiles/CMakeTmp'
Building C object CMakeFiles/cmTC_39950.dir/testCCompiler.c.o
/usr/bin/cc    -o CMakeFiles/cmTC_39950.dir/testCCompiler.c.o   -c /home/carla/Github/C-V2X-Autoware-Carla/build/v2x_msg/CMakeFiles/CMakeTmp/testCCompiler.c
cc: fatal error: cannot execute ‘cc1’: execvp: No such file or directory
compilation terminated.
make[1]: *** [CMakeFiles/cmTC_39950.dir/build.make:66: CMakeFiles/cmTC_39950.dir/testCCompiler.c.o] Error 1
make[1]: Leaving directory '/home/carla/Github/C-V2X-Autoware-Carla/build/v2x_msg/CMakeFiles/CMakeTmp'
make: *** [Makefile:121: cmTC_39950/fast] Error 2



