/media/william/blueicedrive/Github/AutowareUniverse-Carla/install/infrastructure/lib/python3.10/site-packages/infrastructure/MAP.py
/media/william/blueicedrive/Github/AutowareUniverse-Carla/install/infrastructure/lib/python3.10/site-packages/infrastructure/SRM.py
/media/william/blueicedrive/Github/AutowareUniverse-Carla/install/infrastructure/lib/python3.10/site-packages/infrastructure/SSM.py
/media/william/blueicedrive/Github/AutowareUniverse-Carla/install/infrastructure/lib/python3.10/site-packages/infrastructure/update.py
/media/william/blueicedrive/Github/AutowareUniverse-Carla/install/infrastructure/lib/python3.10/site-packages/infrastructure/__init__.py
/media/william/blueicedrive/Github/AutowareUniverse-Carla/install/infrastructure/lib/python3.10/site-packages/infrastructure/__pycache__/MAP.cpython-310.pyc
/media/william/blueicedrive/Github/AutowareUniverse-Carla/install/infrastructure/lib/python3.10/site-packages/infrastructure/__pycache__/SRM.cpython-310.pyc
/media/william/blueicedrive/Github/AutowareUniverse-Carla/install/infrastructure/lib/python3.10/site-packages/infrastructure/__pycache__/SSM.cpython-310.pyc
/media/william/blueicedrive/Github/AutowareUniverse-Carla/install/infrastructure/lib/python3.10/site-packages/infrastructure/__pycache__/update.cpython-310.pyc
/media/william/blueicedrive/Github/AutowareUniverse-Carla/install/infrastructure/lib/python3.10/site-packages/infrastructure/__pycache__/__init__.cpython-310.pyc
/media/william/blueicedrive/Github/AutowareUniverse-Carla/install/infrastructure/share/ament_index/resource_index/packages/infrastructure
/media/william/blueicedrive/Github/AutowareUniverse-Carla/install/infrastructure/share/infrastructure/package.xml
/media/william/blueicedrive/Github/AutowareUniverse-Carla/install/infrastructure/lib/python3.10/site-packages/infrastructure-0.0.0-py3.10.egg-info/dependency_links.txt
/media/william/blueicedrive/Github/AutowareUniverse-Carla/install/infrastructure/lib/python3.10/site-packages/infrastructure-0.0.0-py3.10.egg-info/entry_points.txt
/media/william/blueicedrive/Github/AutowareUniverse-Carla/install/infrastructure/lib/python3.10/site-packages/infrastructure-0.0.0-py3.10.egg-info/PKG-INFO
/media/william/blueicedrive/Github/AutowareUniverse-Carla/install/infrastructure/lib/python3.10/site-packages/infrastructure-0.0.0-py3.10.egg-info/requires.txt
/media/william/blueicedrive/Github/AutowareUniverse-Carla/install/infrastructure/lib/python3.10/site-packages/infrastructure-0.0.0-py3.10.egg-info/SOURCES.txt
/media/william/blueicedrive/Github/AutowareUniverse-Carla/install/infrastructure/lib/python3.10/site-packages/infrastructure-0.0.0-py3.10.egg-info/top_level.txt
/media/william/blueicedrive/Github/AutowareUniverse-Carla/install/infrastructure/lib/python3.10/site-packages/infrastructure-0.0.0-py3.10.egg-info/zip-safe
/media/william/blueicedrive/Github/AutowareUniverse-Carla/install/infrastructure/lib/infrastructure/MAP
/media/william/blueicedrive/Github/AutowareUniverse-Carla/install/infrastructure/lib/infrastructure/SSM
/media/william/blueicedrive/Github/AutowareUniverse-Carla/install/infrastructure/lib/infrastructure/update
