[0.053s] Invoking command in '/media/william/blueicedrive/Github/AutowareUniverse-Carla/build/autoware_auto_system_msgs': CMAKE_PREFIX_PATH=${CMAKE_PREFIX_PATH}:/media/william/blueicedrive/Github/AutowareUniverse-Carla/install/vehicle:/opt/ros/humble /usr/bin/cmake /media/william/blueicedrive/Github/AutowareUniverse-Carla/src/autoware_auto_system_msgs -DCMAKE_INSTALL_PREFIX=/media/william/blueicedrive/Github/AutowareUniverse-Carla/install/autoware_auto_system_msgs
[1.016s] -- The C compiler identification is GNU 11.4.0
[1.016s] -- The CXX compiler identification is GNU 11.4.0
[1.016s] -- Detecting C compiler ABI info
[1.016s] -- Detecting C compiler ABI info - done
[1.016s] -- Check for working C compiler: /usr/bin/cc - skipped
[1.016s] -- Detecting C compile features
[1.016s] -- Detecting C compile features - done
[1.016s] -- Detecting CXX compiler ABI info
[1.016s] -- Detecting CXX compiler ABI info - done
[1.016s] -- Check for working CXX compiler: /usr/bin/c++ - skipped
[1.016s] -- Detecting CXX compile features
[1.016s] -- Detecting CXX compile features - done
[1.018s] -- Found ament_cmake_auto: 1.3.9 (/opt/ros/humble/share/ament_cmake_auto/cmake)
[1.147s] -- Found Python3: /usr/bin/python3 (found version "3.10.12") found components: Interpreter 
[1.395s] -- Using all available rosidl_typesupport_c: rosidl_typesupport_fastrtps_c;rosidl_typesupport_introspection_c
[1.423s] -- Found rosidl_adapter: 3.1.5 (/opt/ros/humble/share/rosidl_adapter/cmake)
[1.544s] -- Using all available rosidl_typesupport_cpp: rosidl_typesupport_fastrtps_cpp;rosidl_typesupport_introspection_cpp
[1.960s] -- Found ament_cmake_cppcheck: 0.12.11 (/opt/ros/humble/share/ament_cmake_cppcheck/cmake)
[1.974s] -- Found ament_cmake_cpplint: 0.12.11 (/opt/ros/humble/share/ament_cmake_cpplint/cmake)
[1.988s] -- Found ament_cmake_uncrustify: 0.12.11 (/opt/ros/humble/share/ament_cmake_uncrustify/cmake)
[2.001s] -- Found ament_cmake_ros: 0.10.0 (/opt/ros/humble/share/ament_cmake_ros/cmake)
[2.482s] -- Using all available rosidl_typesupport_c: rosidl_typesupport_fastrtps_c;rosidl_typesupport_introspection_c
[3.247s] -- Using all available rosidl_typesupport_cpp: rosidl_typesupport_fastrtps_cpp;rosidl_typesupport_introspection_cpp
[3.278s] -- Found PythonInterp: /usr/bin/python3 (found suitable version "3.10.12", minimum required is "3.6") 
[3.286s] -- Found python_cmake_module: 0.10.0 (/opt/ros/humble/share/python_cmake_module/cmake)
[3.320s] -- Found PythonLibs: /usr/lib/x86_64-linux-gnu/libpython3.10.so (found suitable version "3.10.12", minimum required is "3.5") 
[3.320s] -- Using PYTHON_EXECUTABLE: /usr/bin/python3
[3.320s] -- Using PYTHON_INCLUDE_DIRS: /usr/include/python3.10
[3.320s] -- Using PYTHON_LIBRARIES: /usr/lib/x86_64-linux-gnu/libpython3.10.so
[3.344s] -- Found PythonExtra: .so  
[3.441s] -- Found ament_cmake_flake8: 0.12.11 (/opt/ros/humble/share/ament_cmake_flake8/cmake)
[3.449s] -- Found ament_cmake_pep257: 0.12.11 (/opt/ros/humble/share/ament_cmake_pep257/cmake)
[3.461s] -- Found ament_lint_auto: 0.12.11 (/opt/ros/humble/share/ament_lint_auto/cmake)
[3.559s] -- Added test 'copyright' to check source files copyright and LICENSE
[3.565s] -- Added test 'lint_cmake' to check CMake code style
[3.569s] -- Added test 'xmllint' to check XML markup files
[3.602s] -- Configuring done
[3.798s] -- Generating done
[3.817s] -- Build files have been written to: /media/william/blueicedrive/Github/AutowareUniverse-Carla/build/autoware_auto_system_msgs
[3.822s] Invoked command in '/media/william/blueicedrive/Github/AutowareUniverse-Carla/build/autoware_auto_system_msgs' returned '0': CMAKE_PREFIX_PATH=${CMAKE_PREFIX_PATH}:/media/william/blueicedrive/Github/AutowareUniverse-Carla/install/vehicle:/opt/ros/humble /usr/bin/cmake /media/william/blueicedrive/Github/AutowareUniverse-Carla/src/autoware_auto_system_msgs -DCMAKE_INSTALL_PREFIX=/media/william/blueicedrive/Github/AutowareUniverse-Carla/install/autoware_auto_system_msgs
[3.824s] Invoking command in '/media/william/blueicedrive/Github/AutowareUniverse-Carla/build/autoware_auto_system_msgs': CMAKE_PREFIX_PATH=${CMAKE_PREFIX_PATH}:/media/william/blueicedrive/Github/AutowareUniverse-Carla/install/vehicle:/opt/ros/humble /usr/bin/cmake --build /media/william/blueicedrive/Github/AutowareUniverse-Carla/build/autoware_auto_system_msgs -- -j20 -l20
[3.905s] [  1%] [34m[1mGenerating C code for ROS interfaces[0m
[3.928s] [  2%] [34m[1mGenerating C++ code for ROS interfaces[0m
[3.941s] [  2%] Built target ament_cmake_python_copy_autoware_auto_system_msgs
[4.281s] running egg_info
[4.281s] creating autoware_auto_system_msgs.egg-info
[4.281s] writing autoware_auto_system_msgs.egg-info/PKG-INFO
[4.282s] writing dependency_links to autoware_auto_system_msgs.egg-info/dependency_links.txt
[4.282s] writing top-level names to autoware_auto_system_msgs.egg-info/top_level.txt
[4.283s] writing manifest file 'autoware_auto_system_msgs.egg-info/SOURCES.txt'
[4.285s] reading manifest file 'autoware_auto_system_msgs.egg-info/SOURCES.txt'
[4.286s] writing manifest file 'autoware_auto_system_msgs.egg-info/SOURCES.txt'
[4.320s] [  2%] Built target ament_cmake_python_build_autoware_auto_system_msgs_egg
[5.156s] [  2%] Built target autoware_auto_system_msgs__cpp
[5.263s] [  3%] [32mBuilding C object CMakeFiles/autoware_auto_system_msgs__rosidl_generator_c.dir/rosidl_generator_c/autoware_auto_system_msgs/msg/detail/control_diagnostic__functions.c.o[0m
[5.281s] [  5%] [32mBuilding C object CMakeFiles/autoware_auto_system_msgs__rosidl_generator_c.dir/rosidl_generator_c/autoware_auto_system_msgs/msg/detail/emergency_state__functions.c.o[0m
[5.359s] [  6%] [32mBuilding C object CMakeFiles/autoware_auto_system_msgs__rosidl_generator_c.dir/rosidl_generator_c/autoware_auto_system_msgs/msg/detail/diagnostic_header__functions.c.o[0m
[5.386s] [  7%] [32mBuilding C object CMakeFiles/autoware_auto_system_msgs__rosidl_generator_c.dir/rosidl_generator_c/autoware_auto_system_msgs/msg/detail/hazard_status_stamped__functions.c.o[0m
[5.476s] [  8%] [32mBuilding C object CMakeFiles/autoware_auto_system_msgs__rosidl_generator_c.dir/rosidl_generator_c/autoware_auto_system_msgs/msg/detail/driving_capability__functions.c.o[0m
[5.500s] [ 10%] [32mBuilding C object CMakeFiles/autoware_auto_system_msgs__rosidl_generator_c.dir/rosidl_generator_c/autoware_auto_system_msgs/msg/detail/autoware_state__functions.c.o[0m
[5.530s] [ 11%] [32mBuilding C object CMakeFiles/autoware_auto_system_msgs__rosidl_generator_c.dir/rosidl_generator_c/autoware_auto_system_msgs/msg/detail/hazard_status__functions.c.o[0m
[5.683s] [ 12%] [34m[1mGenerating C++ type support dispatch for ROS interfaces[0m
[5.810s] [ 13%] [34m[1mGenerating C++ type support for eProsima Fast-RTPS[0m
[5.885s] [ 15%] [34m[1mGenerating C++ introspection for ROS interfaces[0m
[6.324s] [ 16%] [32m[1mLinking C shared library libautoware_auto_system_msgs__rosidl_generator_c.so[0m
[6.769s] [ 16%] Built target autoware_auto_system_msgs__rosidl_generator_c
[6.877s] [ 17%] [34m[1mGenerating C introspection for ROS interfaces[0m
[6.886s] [ 18%] [34m[1mGenerating C type support dispatch for ROS interfaces[0m
[6.892s] [ 20%] [34m[1mGenerating C type support for eProsima Fast-RTPS[0m
[7.259s] [ 21%] [32mBuilding CXX object CMakeFiles/autoware_auto_system_msgs__rosidl_typesupport_cpp.dir/rosidl_typesupport_cpp/autoware_auto_system_msgs/msg/control_diagnostic__type_support.cpp.o[0m
[7.267s] [ 22%] [32mBuilding CXX object CMakeFiles/autoware_auto_system_msgs__rosidl_typesupport_cpp.dir/rosidl_typesupport_cpp/autoware_auto_system_msgs/msg/autoware_state__type_support.cpp.o[0m
[7.272s] [ 25%] [32mBuilding CXX object CMakeFiles/autoware_auto_system_msgs__rosidl_typesupport_cpp.dir/rosidl_typesupport_cpp/autoware_auto_system_msgs/msg/driving_capability__type_support.cpp.o[0m
[7.273s] [ 25%] [32mBuilding CXX object CMakeFiles/autoware_auto_system_msgs__rosidl_typesupport_cpp.dir/rosidl_typesupport_cpp/autoware_auto_system_msgs/msg/hazard_status_stamped__type_support.cpp.o[0m
[7.275s] [ 26%] [32mBuilding CXX object CMakeFiles/autoware_auto_system_msgs__rosidl_typesupport_cpp.dir/rosidl_typesupport_cpp/autoware_auto_system_msgs/msg/emergency_state__type_support.cpp.o[0m
[7.310s] [ 27%] [32mBuilding CXX object CMakeFiles/autoware_auto_system_msgs__rosidl_typesupport_cpp.dir/rosidl_typesupport_cpp/autoware_auto_system_msgs/msg/hazard_status__type_support.cpp.o[0m
[7.311s] [ 29%] [32mBuilding CXX object CMakeFiles/autoware_auto_system_msgs__rosidl_typesupport_cpp.dir/rosidl_typesupport_cpp/autoware_auto_system_msgs/msg/diagnostic_header__type_support.cpp.o[0m
[7.939s] [ 30%] [32mBuilding CXX object CMakeFiles/autoware_auto_system_msgs__rosidl_typesupport_fastrtps_cpp.dir/rosidl_typesupport_fastrtps_cpp/autoware_auto_system_msgs/msg/detail/dds_fastrtps/hazard_status_stamped__type_support.cpp.o[0m
[7.940s] [ 31%] [32mBuilding CXX object CMakeFiles/autoware_auto_system_msgs__rosidl_typesupport_fastrtps_cpp.dir/rosidl_typesupport_fastrtps_cpp/autoware_auto_system_msgs/msg/detail/dds_fastrtps/diagnostic_header__type_support.cpp.o[0m
[7.968s] [ 32%] [32mBuilding CXX object CMakeFiles/autoware_auto_system_msgs__rosidl_typesupport_fastrtps_cpp.dir/rosidl_typesupport_fastrtps_cpp/autoware_auto_system_msgs/msg/detail/dds_fastrtps/hazard_status__type_support.cpp.o[0m
[7.972s] [ 34%] [32mBuilding CXX object CMakeFiles/autoware_auto_system_msgs__rosidl_typesupport_fastrtps_cpp.dir/rosidl_typesupport_fastrtps_cpp/autoware_auto_system_msgs/msg/detail/dds_fastrtps/emergency_state__type_support.cpp.o[0m
[7.981s] [ 35%] [32mBuilding CXX object CMakeFiles/autoware_auto_system_msgs__rosidl_typesupport_fastrtps_cpp.dir/rosidl_typesupport_fastrtps_cpp/autoware_auto_system_msgs/msg/detail/dds_fastrtps/control_diagnostic__type_support.cpp.o[0m
[8.194s] [ 36%] [32mBuilding CXX object CMakeFiles/autoware_auto_system_msgs__rosidl_typesupport_fastrtps_cpp.dir/rosidl_typesupport_fastrtps_cpp/autoware_auto_system_msgs/msg/detail/dds_fastrtps/driving_capability__type_support.cpp.o[0m
[8.201s] [ 37%] [32mBuilding CXX object CMakeFiles/autoware_auto_system_msgs__rosidl_typesupport_fastrtps_cpp.dir/rosidl_typesupport_fastrtps_cpp/autoware_auto_system_msgs/msg/detail/dds_fastrtps/autoware_state__type_support.cpp.o[0m
[8.356s] [ 39%] [32mBuilding CXX object CMakeFiles/autoware_auto_system_msgs__rosidl_typesupport_introspection_cpp.dir/rosidl_typesupport_introspection_cpp/autoware_auto_system_msgs/msg/detail/autoware_state__type_support.cpp.o[0m
[8.418s] [ 40%] [32mBuilding CXX object CMakeFiles/autoware_auto_system_msgs__rosidl_typesupport_introspection_cpp.dir/rosidl_typesupport_introspection_cpp/autoware_auto_system_msgs/msg/detail/control_diagnostic__type_support.cpp.o[0m
[8.502s] [ 41%] [32m[1mLinking CXX shared library libautoware_auto_system_msgs__rosidl_typesupport_cpp.so[0m
[8.511s] [ 43%] [32mBuilding CXX object CMakeFiles/autoware_auto_system_msgs__rosidl_typesupport_introspection_cpp.dir/rosidl_typesupport_introspection_cpp/autoware_auto_system_msgs/msg/detail/diagnostic_header__type_support.cpp.o[0m
[8.553s] [ 44%] [32mBuilding CXX object CMakeFiles/autoware_auto_system_msgs__rosidl_typesupport_introspection_cpp.dir/rosidl_typesupport_introspection_cpp/autoware_auto_system_msgs/msg/detail/driving_capability__type_support.cpp.o[0m
[8.590s] [ 45%] [32mBuilding CXX object CMakeFiles/autoware_auto_system_msgs__rosidl_typesupport_introspection_cpp.dir/rosidl_typesupport_introspection_cpp/autoware_auto_system_msgs/msg/detail/emergency_state__type_support.cpp.o[0m
[8.742s] [ 46%] [32mBuilding CXX object CMakeFiles/autoware_auto_system_msgs__rosidl_typesupport_introspection_cpp.dir/rosidl_typesupport_introspection_cpp/autoware_auto_system_msgs/msg/detail/hazard_status__type_support.cpp.o[0m
[8.806s] [ 48%] [32mBuilding CXX object CMakeFiles/autoware_auto_system_msgs__rosidl_typesupport_introspection_cpp.dir/rosidl_typesupport_introspection_cpp/autoware_auto_system_msgs/msg/detail/hazard_status_stamped__type_support.cpp.o[0m
[8.906s] [ 49%] [32mBuilding CXX object CMakeFiles/autoware_auto_system_msgs__rosidl_typesupport_c.dir/rosidl_typesupport_c/autoware_auto_system_msgs/msg/autoware_state__type_support.cpp.o[0m
[8.927s] [ 50%] [32mBuilding CXX object CMakeFiles/autoware_auto_system_msgs__rosidl_typesupport_c.dir/rosidl_typesupport_c/autoware_auto_system_msgs/msg/control_diagnostic__type_support.cpp.o[0m
[8.978s] [ 51%] [32mBuilding CXX object CMakeFiles/autoware_auto_system_msgs__rosidl_typesupport_c.dir/rosidl_typesupport_c/autoware_auto_system_msgs/msg/diagnostic_header__type_support.cpp.o[0m
[9.039s] [ 51%] Built target autoware_auto_system_msgs__rosidl_typesupport_cpp
[9.148s] [ 53%] [32mBuilding CXX object CMakeFiles/autoware_auto_system_msgs__rosidl_typesupport_c.dir/rosidl_typesupport_c/autoware_auto_system_msgs/msg/driving_capability__type_support.cpp.o[0m
[9.161s] [ 54%] [32mBuilding CXX object CMakeFiles/autoware_auto_system_msgs__rosidl_typesupport_c.dir/rosidl_typesupport_c/autoware_auto_system_msgs/msg/emergency_state__type_support.cpp.o[0m
[9.267s] [ 55%] [32mBuilding CXX object CMakeFiles/autoware_auto_system_msgs__rosidl_typesupport_fastrtps_c.dir/rosidl_typesupport_fastrtps_c/autoware_auto_system_msgs/msg/detail/autoware_state__type_support_c.cpp.o[0m
[9.357s] [ 56%] [32mBuilding CXX object CMakeFiles/autoware_auto_system_msgs__rosidl_typesupport_fastrtps_c.dir/rosidl_typesupport_fastrtps_c/autoware_auto_system_msgs/msg/detail/control_diagnostic__type_support_c.cpp.o[0m
[9.381s] [ 58%] [32mBuilding CXX object CMakeFiles/autoware_auto_system_msgs__rosidl_typesupport_fastrtps_c.dir/rosidl_typesupport_fastrtps_c/autoware_auto_system_msgs/msg/detail/diagnostic_header__type_support_c.cpp.o[0m
[9.386s] [ 59%] [32mBuilding CXX object CMakeFiles/autoware_auto_system_msgs__rosidl_typesupport_c.dir/rosidl_typesupport_c/autoware_auto_system_msgs/msg/hazard_status__type_support.cpp.o[0m
[9.393s] [ 60%] [32mBuilding CXX object CMakeFiles/autoware_auto_system_msgs__rosidl_typesupport_c.dir/rosidl_typesupport_c/autoware_auto_system_msgs/msg/hazard_status_stamped__type_support.cpp.o[0m
[9.396s] [ 62%] [32mBuilding CXX object CMakeFiles/autoware_auto_system_msgs__rosidl_typesupport_fastrtps_c.dir/rosidl_typesupport_fastrtps_c/autoware_auto_system_msgs/msg/detail/emergency_state__type_support_c.cpp.o[0m
[9.414s] [ 63%] [32mBuilding CXX object CMakeFiles/autoware_auto_system_msgs__rosidl_typesupport_fastrtps_c.dir/rosidl_typesupport_fastrtps_c/autoware_auto_system_msgs/msg/detail/driving_capability__type_support_c.cpp.o[0m
[9.427s] [ 65%] [32mBuilding CXX object CMakeFiles/autoware_auto_system_msgs__rosidl_typesupport_fastrtps_c.dir/rosidl_typesupport_fastrtps_c/autoware_auto_system_msgs/msg/detail/hazard_status__type_support_c.cpp.o[0m
[9.427s] [ 65%] [32mBuilding CXX object CMakeFiles/autoware_auto_system_msgs__rosidl_typesupport_fastrtps_c.dir/rosidl_typesupport_fastrtps_c/autoware_auto_system_msgs/msg/detail/hazard_status_stamped__type_support_c.cpp.o[0m
[9.430s] [ 67%] [32m[1mLinking CXX shared library libautoware_auto_system_msgs__rosidl_typesupport_fastrtps_cpp.so[0m
[9.627s] [ 70%] [32mBuilding C object CMakeFiles/autoware_auto_system_msgs__rosidl_typesupport_introspection_c.dir/rosidl_typesupport_introspection_c/autoware_auto_system_msgs/msg/detail/control_diagnostic__type_support.c.o[0m
[9.627s] [ 70%] [32mBuilding C object CMakeFiles/autoware_auto_system_msgs__rosidl_typesupport_introspection_c.dir/rosidl_typesupport_introspection_c/autoware_auto_system_msgs/msg/detail/autoware_state__type_support.c.o[0m
[9.627s] [ 70%] [32mBuilding C object CMakeFiles/autoware_auto_system_msgs__rosidl_typesupport_introspection_c.dir/rosidl_typesupport_introspection_c/autoware_auto_system_msgs/msg/detail/diagnostic_header__type_support.c.o[0m
[9.628s] [ 72%] [32mBuilding C object CMakeFiles/autoware_auto_system_msgs__rosidl_typesupport_introspection_c.dir/rosidl_typesupport_introspection_c/autoware_auto_system_msgs/msg/detail/driving_capability__type_support.c.o[0m
[9.629s] [ 74%] [32m[1mLinking CXX shared library libautoware_auto_system_msgs__rosidl_typesupport_c.so[0m
[9.629s] [ 74%] [32mBuilding C object CMakeFiles/autoware_auto_system_msgs__rosidl_typesupport_introspection_c.dir/rosidl_typesupport_introspection_c/autoware_auto_system_msgs/msg/detail/hazard_status__type_support.c.o[0m
[9.630s] [ 77%] [32mBuilding C object CMakeFiles/autoware_auto_system_msgs__rosidl_typesupport_introspection_c.dir/rosidl_typesupport_introspection_c/autoware_auto_system_msgs/msg/detail/emergency_state__type_support.c.o[0m
[9.631s] [ 77%] [32mBuilding C object CMakeFiles/autoware_auto_system_msgs__rosidl_typesupport_introspection_c.dir/rosidl_typesupport_introspection_c/autoware_auto_system_msgs/msg/detail/hazard_status_stamped__type_support.c.o[0m
[9.917s] [ 78%] [32m[1mLinking CXX shared library libautoware_auto_system_msgs__rosidl_typesupport_introspection_cpp.so[0m
[9.971s] [ 78%] Built target autoware_auto_system_msgs__rosidl_typesupport_fastrtps_cpp
[10.221s] [ 78%] Built target autoware_auto_system_msgs__rosidl_typesupport_c
[10.320s] [ 79%] [32m[1mLinking C shared library libautoware_auto_system_msgs__rosidl_typesupport_introspection_c.so[0m
[10.367s] [ 81%] [32m[1mLinking CXX shared library libautoware_auto_system_msgs__rosidl_typesupport_fastrtps_c.so[0m
[10.511s] [ 81%] Built target autoware_auto_system_msgs__rosidl_typesupport_introspection_cpp
[10.511s] [ 81%] Built target autoware_auto_system_msgs__rosidl_typesupport_introspection_c
[10.563s] [ 81%] Built target autoware_auto_system_msgs__rosidl_typesupport_fastrtps_c
[10.643s] [ 81%] Built target autoware_auto_system_msgs
[12.089s] [ 82%] [34m[1mGenerating Python code for ROS interfaces[0m
[14.660s] [ 82%] Built target autoware_auto_system_msgs__py
[14.773s] [ 83%] [32mBuilding C object CMakeFiles/autoware_auto_system_msgs__rosidl_generator_py.dir/rosidl_generator_py/autoware_auto_system_msgs/msg/_control_diagnostic_s.c.o[0m
[14.774s] [ 84%] [32mBuilding C object CMakeFiles/autoware_auto_system_msgs__rosidl_generator_py.dir/rosidl_generator_py/autoware_auto_system_msgs/msg/_autoware_state_s.c.o[0m
[14.783s] [ 88%] [32mBuilding C object CMakeFiles/autoware_auto_system_msgs__rosidl_generator_py.dir/rosidl_generator_py/autoware_auto_system_msgs/msg/_hazard_status_stamped_s.c.o[0m
[14.783s] [ 88%] [32mBuilding C object CMakeFiles/autoware_auto_system_msgs__rosidl_generator_py.dir/rosidl_generator_py/autoware_auto_system_msgs/msg/_driving_capability_s.c.o[0m
[14.783s] [ 88%] [32mBuilding C object CMakeFiles/autoware_auto_system_msgs__rosidl_generator_py.dir/rosidl_generator_py/autoware_auto_system_msgs/msg/_emergency_state_s.c.o[0m
[14.791s] [ 89%] [32mBuilding C object CMakeFiles/autoware_auto_system_msgs__rosidl_generator_py.dir/rosidl_generator_py/autoware_auto_system_msgs/msg/_diagnostic_header_s.c.o[0m
[14.797s] [ 91%] [32mBuilding C object CMakeFiles/autoware_auto_system_msgs__rosidl_generator_py.dir/rosidl_generator_py/autoware_auto_system_msgs/msg/_hazard_status_s.c.o[0m
[15.302s] [ 92%] [32m[1mLinking C shared library rosidl_generator_py/autoware_auto_system_msgs/libautoware_auto_system_msgs__rosidl_generator_py.so[0m
[15.497s] [ 92%] Built target autoware_auto_system_msgs__rosidl_generator_py
[15.598s] [ 93%] [32mBuilding C object CMakeFiles/autoware_auto_system_msgs__rosidl_typesupport_c__pyext.dir/rosidl_generator_py/autoware_auto_system_msgs/_autoware_auto_system_msgs_s.ep.rosidl_typesupport_c.c.o[0m
[15.611s] [ 94%] [32mBuilding C object CMakeFiles/autoware_auto_system_msgs__rosidl_typesupport_introspection_c__pyext.dir/rosidl_generator_py/autoware_auto_system_msgs/_autoware_auto_system_msgs_s.ep.rosidl_typesupport_introspection_c.c.o[0m
[15.661s] [ 96%] [32mBuilding C object CMakeFiles/autoware_auto_system_msgs__rosidl_typesupport_fastrtps_c__pyext.dir/rosidl_generator_py/autoware_auto_system_msgs/_autoware_auto_system_msgs_s.ep.rosidl_typesupport_fastrtps_c.c.o[0m
[16.379s] [ 97%] [32m[1mLinking C shared library rosidl_generator_py/autoware_auto_system_msgs/autoware_auto_system_msgs_s__rosidl_typesupport_c.cpython-310-x86_64-linux-gnu.so[0m
[16.436s] [ 98%] [32m[1mLinking C shared library rosidl_generator_py/autoware_auto_system_msgs/autoware_auto_system_msgs_s__rosidl_typesupport_introspection_c.cpython-310-x86_64-linux-gnu.so[0m
[16.488s] [100%] [32m[1mLinking C shared library rosidl_generator_py/autoware_auto_system_msgs/autoware_auto_system_msgs_s__rosidl_typesupport_fastrtps_c.cpython-310-x86_64-linux-gnu.so[0m
[16.575s] [100%] Built target autoware_auto_system_msgs__rosidl_typesupport_c__pyext
[16.665s] [100%] Built target autoware_auto_system_msgs__rosidl_typesupport_introspection_c__pyext
[16.730s] [100%] Built target autoware_auto_system_msgs__rosidl_typesupport_fastrtps_c__pyext
[17.064s] Invoked command in '/media/william/blueicedrive/Github/AutowareUniverse-Carla/build/autoware_auto_system_msgs' returned '0': CMAKE_PREFIX_PATH=${CMAKE_PREFIX_PATH}:/media/william/blueicedrive/Github/AutowareUniverse-Carla/install/vehicle:/opt/ros/humble /usr/bin/cmake --build /media/william/blueicedrive/Github/AutowareUniverse-Carla/build/autoware_auto_system_msgs -- -j20 -l20
[19.298s] Invoking command in '/media/william/blueicedrive/Github/AutowareUniverse-Carla/build/autoware_auto_system_msgs': CMAKE_PREFIX_PATH=${CMAKE_PREFIX_PATH}:/media/william/blueicedrive/Github/AutowareUniverse-Carla/install/vehicle:/opt/ros/humble /usr/bin/cmake --install /media/william/blueicedrive/Github/AutowareUniverse-Carla/build/autoware_auto_system_msgs
[19.308s] -- Install configuration: ""
[19.311s] -- Installing: /media/william/blueicedrive/Github/AutowareUniverse-Carla/install/autoware_auto_system_msgs/share/ament_index/resource_index/rosidl_interfaces/autoware_auto_system_msgs
[19.314s] -- Installing: /media/william/blueicedrive/Github/AutowareUniverse-Carla/install/autoware_auto_system_msgs/include/autoware_auto_system_msgs/autoware_auto_system_msgs
[19.315s] -- Installing: /media/william/blueicedrive/Github/AutowareUniverse-Carla/install/autoware_auto_system_msgs/include/autoware_auto_system_msgs/autoware_auto_system_msgs/msg
[19.317s] -- Installing: /media/william/blueicedrive/Github/AutowareUniverse-Carla/install/autoware_auto_system_msgs/include/autoware_auto_system_msgs/autoware_auto_system_msgs/msg/autoware_state.h
[19.321s] -- Installing: /media/william/blueicedrive/Github/AutowareUniverse-Carla/install/autoware_auto_system_msgs/include/autoware_auto_system_msgs/autoware_auto_system_msgs/msg/control_diagnostic.h
[19.324s] -- Installing: /media/william/blueicedrive/Github/AutowareUniverse-Carla/install/autoware_auto_system_msgs/include/autoware_auto_system_msgs/autoware_auto_system_msgs/msg/detail
[19.326s] -- Installing: /media/william/blueicedrive/Github/AutowareUniverse-Carla/install/autoware_auto_system_msgs/include/autoware_auto_system_msgs/autoware_auto_system_msgs/msg/detail/autoware_state__functions.c
[19.329s] -- Installing: /media/william/blueicedrive/Github/AutowareUniverse-Carla/install/autoware_auto_system_msgs/include/autoware_auto_system_msgs/autoware_auto_system_msgs/msg/detail/autoware_state__functions.h
[19.333s] -- Installing: /media/william/blueicedrive/Github/AutowareUniverse-Carla/install/autoware_auto_system_msgs/include/autoware_auto_system_msgs/autoware_auto_system_msgs/msg/detail/autoware_state__struct.h
[19.380s] -- Installing: /media/william/blueicedrive/Github/AutowareUniverse-Carla/install/autoware_auto_system_msgs/include/autoware_auto_system_msgs/autoware_auto_system_msgs/msg/detail/autoware_state__type_support.h
[19.384s] -- Installing: /media/william/blueicedrive/Github/AutowareUniverse-Carla/install/autoware_auto_system_msgs/include/autoware_auto_system_msgs/autoware_auto_system_msgs/msg/detail/control_diagnostic__functions.c
[19.388s] -- Installing: /media/william/blueicedrive/Github/AutowareUniverse-Carla/install/autoware_auto_system_msgs/include/autoware_auto_system_msgs/autoware_auto_system_msgs/msg/detail/control_diagnostic__functions.h
[19.392s] -- Installing: /media/william/blueicedrive/Github/AutowareUniverse-Carla/install/autoware_auto_system_msgs/include/autoware_auto_system_msgs/autoware_auto_system_msgs/msg/detail/control_diagnostic__struct.h
[19.395s] -- Installing: /media/william/blueicedrive/Github/AutowareUniverse-Carla/install/autoware_auto_system_msgs/include/autoware_auto_system_msgs/autoware_auto_system_msgs/msg/detail/control_diagnostic__type_support.h
[19.400s] -- Installing: /media/william/blueicedrive/Github/AutowareUniverse-Carla/install/autoware_auto_system_msgs/include/autoware_auto_system_msgs/autoware_auto_system_msgs/msg/detail/diagnostic_header__functions.c
[19.404s] -- Installing: /media/william/blueicedrive/Github/AutowareUniverse-Carla/install/autoware_auto_system_msgs/include/autoware_auto_system_msgs/autoware_auto_system_msgs/msg/detail/diagnostic_header__functions.h
[19.408s] -- Installing: /media/william/blueicedrive/Github/AutowareUniverse-Carla/install/autoware_auto_system_msgs/include/autoware_auto_system_msgs/autoware_auto_system_msgs/msg/detail/diagnostic_header__struct.h
[19.412s] -- Installing: /media/william/blueicedrive/Github/AutowareUniverse-Carla/install/autoware_auto_system_msgs/include/autoware_auto_system_msgs/autoware_auto_system_msgs/msg/detail/diagnostic_header__type_support.h
[19.416s] -- Installing: /media/william/blueicedrive/Github/AutowareUniverse-Carla/install/autoware_auto_system_msgs/include/autoware_auto_system_msgs/autoware_auto_system_msgs/msg/detail/driving_capability__functions.c
[19.420s] -- Installing: /media/william/blueicedrive/Github/AutowareUniverse-Carla/install/autoware_auto_system_msgs/include/autoware_auto_system_msgs/autoware_auto_system_msgs/msg/detail/driving_capability__functions.h
[19.424s] -- Installing: /media/william/blueicedrive/Github/AutowareUniverse-Carla/install/autoware_auto_system_msgs/include/autoware_auto_system_msgs/autoware_auto_system_msgs/msg/detail/driving_capability__struct.h
[19.428s] -- Installing: /media/william/blueicedrive/Github/AutowareUniverse-Carla/install/autoware_auto_system_msgs/include/autoware_auto_system_msgs/autoware_auto_system_msgs/msg/detail/driving_capability__type_support.h
[19.432s] -- Installing: /media/william/blueicedrive/Github/AutowareUniverse-Carla/install/autoware_auto_system_msgs/include/autoware_auto_system_msgs/autoware_auto_system_msgs/msg/detail/emergency_state__functions.c
[19.436s] -- Installing: /media/william/blueicedrive/Github/AutowareUniverse-Carla/install/autoware_auto_system_msgs/include/autoware_auto_system_msgs/autoware_auto_system_msgs/msg/detail/emergency_state__functions.h
[19.440s] -- Installing: /media/william/blueicedrive/Github/AutowareUniverse-Carla/install/autoware_auto_system_msgs/include/autoware_auto_system_msgs/autoware_auto_system_msgs/msg/detail/emergency_state__struct.h
[19.443s] -- Installing: /media/william/blueicedrive/Github/AutowareUniverse-Carla/install/autoware_auto_system_msgs/include/autoware_auto_system_msgs/autoware_auto_system_msgs/msg/detail/emergency_state__type_support.h
[19.447s] -- Installing: /media/william/blueicedrive/Github/AutowareUniverse-Carla/install/autoware_auto_system_msgs/include/autoware_auto_system_msgs/autoware_auto_system_msgs/msg/detail/hazard_status_stamped__functions.c
[19.451s] -- Installing: /media/william/blueicedrive/Github/AutowareUniverse-Carla/install/autoware_auto_system_msgs/include/autoware_auto_system_msgs/autoware_auto_system_msgs/msg/detail/hazard_status_stamped__functions.h
[19.454s] -- Installing: /media/william/blueicedrive/Github/AutowareUniverse-Carla/install/autoware_auto_system_msgs/include/autoware_auto_system_msgs/autoware_auto_system_msgs/msg/detail/hazard_status_stamped__struct.h
[19.458s] -- Installing: /media/william/blueicedrive/Github/AutowareUniverse-Carla/install/autoware_auto_system_msgs/include/autoware_auto_system_msgs/autoware_auto_system_msgs/msg/detail/hazard_status_stamped__type_support.h
[19.460s] -- Installing: /media/william/blueicedrive/Github/AutowareUniverse-Carla/install/autoware_auto_system_msgs/include/autoware_auto_system_msgs/autoware_auto_system_msgs/msg/detail/hazard_status__functions.c
[19.462s] -- Installing: /media/william/blueicedrive/Github/AutowareUniverse-Carla/install/autoware_auto_system_msgs/include/autoware_auto_system_msgs/autoware_auto_system_msgs/msg/detail/hazard_status__functions.h
[19.465s] -- Installing: /media/william/blueicedrive/Github/AutowareUniverse-Carla/install/autoware_auto_system_msgs/include/autoware_auto_system_msgs/autoware_auto_system_msgs/msg/detail/hazard_status__struct.h
[19.468s] -- Installing: /media/william/blueicedrive/Github/AutowareUniverse-Carla/install/autoware_auto_system_msgs/include/autoware_auto_system_msgs/autoware_auto_system_msgs/msg/detail/hazard_status__type_support.h
[19.471s] -- Installing: /media/william/blueicedrive/Github/AutowareUniverse-Carla/install/autoware_auto_system_msgs/include/autoware_auto_system_msgs/autoware_auto_system_msgs/msg/diagnostic_header.h
[19.473s] -- Installing: /media/william/blueicedrive/Github/AutowareUniverse-Carla/install/autoware_auto_system_msgs/include/autoware_auto_system_msgs/autoware_auto_system_msgs/msg/driving_capability.h
[19.476s] -- Installing: /media/william/blueicedrive/Github/AutowareUniverse-Carla/install/autoware_auto_system_msgs/include/autoware_auto_system_msgs/autoware_auto_system_msgs/msg/emergency_state.h
[19.479s] -- Installing: /media/william/blueicedrive/Github/AutowareUniverse-Carla/install/autoware_auto_system_msgs/include/autoware_auto_system_msgs/autoware_auto_system_msgs/msg/hazard_status.h
[19.481s] -- Installing: /media/william/blueicedrive/Github/AutowareUniverse-Carla/install/autoware_auto_system_msgs/include/autoware_auto_system_msgs/autoware_auto_system_msgs/msg/hazard_status_stamped.h
[19.483s] -- Installing: /media/william/blueicedrive/Github/AutowareUniverse-Carla/install/autoware_auto_system_msgs/include/autoware_auto_system_msgs/autoware_auto_system_msgs/msg/rosidl_generator_c__visibility_control.h
[19.487s] -- Installing: /media/william/blueicedrive/Github/AutowareUniverse-Carla/install/autoware_auto_system_msgs/share/autoware_auto_system_msgs/environment/library_path.sh
[19.488s] -- Installing: /media/william/blueicedrive/Github/AutowareUniverse-Carla/install/autoware_auto_system_msgs/share/autoware_auto_system_msgs/environment/library_path.dsv
[19.490s] -- Installing: /media/william/blueicedrive/Github/AutowareUniverse-Carla/install/autoware_auto_system_msgs/lib/libautoware_auto_system_msgs__rosidl_generator_c.so
[19.493s] -- Set runtime path of "/media/william/blueicedrive/Github/AutowareUniverse-Carla/install/autoware_auto_system_msgs/lib/libautoware_auto_system_msgs__rosidl_generator_c.so" to ""
[19.493s] -- Up-to-date: /media/william/blueicedrive/Github/AutowareUniverse-Carla/install/autoware_auto_system_msgs/include/autoware_auto_system_msgs/autoware_auto_system_msgs
[19.494s] -- Up-to-date: /media/william/blueicedrive/Github/AutowareUniverse-Carla/install/autoware_auto_system_msgs/include/autoware_auto_system_msgs/autoware_auto_system_msgs/msg
[19.495s] -- Up-to-date: /media/william/blueicedrive/Github/AutowareUniverse-Carla/install/autoware_auto_system_msgs/include/autoware_auto_system_msgs/autoware_auto_system_msgs/msg/detail
[19.496s] -- Installing: /media/william/blueicedrive/Github/AutowareUniverse-Carla/install/autoware_auto_system_msgs/include/autoware_auto_system_msgs/autoware_auto_system_msgs/msg/detail/autoware_state__rosidl_typesupport_fastrtps_c.h
[19.498s] -- Installing: /media/william/blueicedrive/Github/AutowareUniverse-Carla/install/autoware_auto_system_msgs/include/autoware_auto_system_msgs/autoware_auto_system_msgs/msg/detail/control_diagnostic__rosidl_typesupport_fastrtps_c.h
[19.501s] -- Installing: /media/william/blueicedrive/Github/AutowareUniverse-Carla/install/autoware_auto_system_msgs/include/autoware_auto_system_msgs/autoware_auto_system_msgs/msg/detail/diagnostic_header__rosidl_typesupport_fastrtps_c.h
[19.534s] -- Installing: /media/william/blueicedrive/Github/AutowareUniverse-Carla/install/autoware_auto_system_msgs/include/autoware_auto_system_msgs/autoware_auto_system_msgs/msg/detail/driving_capability__rosidl_typesupport_fastrtps_c.h
[19.536s] -- Installing: /media/william/blueicedrive/Github/AutowareUniverse-Carla/install/autoware_auto_system_msgs/include/autoware_auto_system_msgs/autoware_auto_system_msgs/msg/detail/emergency_state__rosidl_typesupport_fastrtps_c.h
[19.539s] -- Installing: /media/william/blueicedrive/Github/AutowareUniverse-Carla/install/autoware_auto_system_msgs/include/autoware_auto_system_msgs/autoware_auto_system_msgs/msg/detail/hazard_status_stamped__rosidl_typesupport_fastrtps_c.h
[19.556s] -- Installing: /media/william/blueicedrive/Github/AutowareUniverse-Carla/install/autoware_auto_system_msgs/include/autoware_auto_system_msgs/autoware_auto_system_msgs/msg/detail/hazard_status__rosidl_typesupport_fastrtps_c.h
[19.558s] -- Installing: /media/william/blueicedrive/Github/AutowareUniverse-Carla/install/autoware_auto_system_msgs/include/autoware_auto_system_msgs/autoware_auto_system_msgs/msg/rosidl_typesupport_fastrtps_c__visibility_control.h
[19.561s] -- Installing: /media/william/blueicedrive/Github/AutowareUniverse-Carla/install/autoware_auto_system_msgs/lib/libautoware_auto_system_msgs__rosidl_typesupport_fastrtps_c.so
[19.592s] -- Set runtime path of "/media/william/blueicedrive/Github/AutowareUniverse-Carla/install/autoware_auto_system_msgs/lib/libautoware_auto_system_msgs__rosidl_typesupport_fastrtps_c.so" to ""
[19.592s] -- Up-to-date: /media/william/blueicedrive/Github/AutowareUniverse-Carla/install/autoware_auto_system_msgs/include/autoware_auto_system_msgs/autoware_auto_system_msgs
[19.593s] -- Up-to-date: /media/william/blueicedrive/Github/AutowareUniverse-Carla/install/autoware_auto_system_msgs/include/autoware_auto_system_msgs/autoware_auto_system_msgs/msg
[19.594s] -- Up-to-date: /media/william/blueicedrive/Github/AutowareUniverse-Carla/install/autoware_auto_system_msgs/include/autoware_auto_system_msgs/autoware_auto_system_msgs/msg/detail
[19.595s] -- Installing: /media/william/blueicedrive/Github/AutowareUniverse-Carla/install/autoware_auto_system_msgs/include/autoware_auto_system_msgs/autoware_auto_system_msgs/msg/detail/autoware_state__rosidl_typesupport_introspection_c.h
[19.598s] -- Installing: /media/william/blueicedrive/Github/AutowareUniverse-Carla/install/autoware_auto_system_msgs/include/autoware_auto_system_msgs/autoware_auto_system_msgs/msg/detail/autoware_state__type_support.c
[19.600s] -- Installing: /media/william/blueicedrive/Github/AutowareUniverse-Carla/install/autoware_auto_system_msgs/include/autoware_auto_system_msgs/autoware_auto_system_msgs/msg/detail/control_diagnostic__rosidl_typesupport_introspection_c.h
[19.604s] -- Installing: /media/william/blueicedrive/Github/AutowareUniverse-Carla/install/autoware_auto_system_msgs/include/autoware_auto_system_msgs/autoware_auto_system_msgs/msg/detail/control_diagnostic__type_support.c
[19.607s] -- Installing: /media/william/blueicedrive/Github/AutowareUniverse-Carla/install/autoware_auto_system_msgs/include/autoware_auto_system_msgs/autoware_auto_system_msgs/msg/detail/diagnostic_header__rosidl_typesupport_introspection_c.h
[19.611s] -- Installing: /media/william/blueicedrive/Github/AutowareUniverse-Carla/install/autoware_auto_system_msgs/include/autoware_auto_system_msgs/autoware_auto_system_msgs/msg/detail/diagnostic_header__type_support.c
[19.614s] -- Installing: /media/william/blueicedrive/Github/AutowareUniverse-Carla/install/autoware_auto_system_msgs/include/autoware_auto_system_msgs/autoware_auto_system_msgs/msg/detail/driving_capability__rosidl_typesupport_introspection_c.h
[19.632s] -- Installing: /media/william/blueicedrive/Github/AutowareUniverse-Carla/install/autoware_auto_system_msgs/include/autoware_auto_system_msgs/autoware_auto_system_msgs/msg/detail/driving_capability__type_support.c
[19.635s] -- Installing: /media/william/blueicedrive/Github/AutowareUniverse-Carla/install/autoware_auto_system_msgs/include/autoware_auto_system_msgs/autoware_auto_system_msgs/msg/detail/emergency_state__rosidl_typesupport_introspection_c.h
[19.638s] -- Installing: /media/william/blueicedrive/Github/AutowareUniverse-Carla/install/autoware_auto_system_msgs/include/autoware_auto_system_msgs/autoware_auto_system_msgs/msg/detail/emergency_state__type_support.c
[19.640s] -- Installing: /media/william/blueicedrive/Github/AutowareUniverse-Carla/install/autoware_auto_system_msgs/include/autoware_auto_system_msgs/autoware_auto_system_msgs/msg/detail/hazard_status_stamped__rosidl_typesupport_introspection_c.h
[19.643s] -- Installing: /media/william/blueicedrive/Github/AutowareUniverse-Carla/install/autoware_auto_system_msgs/include/autoware_auto_system_msgs/autoware_auto_system_msgs/msg/detail/hazard_status_stamped__type_support.c
[19.646s] -- Installing: /media/william/blueicedrive/Github/AutowareUniverse-Carla/install/autoware_auto_system_msgs/include/autoware_auto_system_msgs/autoware_auto_system_msgs/msg/detail/hazard_status__rosidl_typesupport_introspection_c.h
[19.648s] -- Installing: /media/william/blueicedrive/Github/AutowareUniverse-Carla/install/autoware_auto_system_msgs/include/autoware_auto_system_msgs/autoware_auto_system_msgs/msg/detail/hazard_status__type_support.c
[19.651s] -- Installing: /media/william/blueicedrive/Github/AutowareUniverse-Carla/install/autoware_auto_system_msgs/include/autoware_auto_system_msgs/autoware_auto_system_msgs/msg/rosidl_typesupport_introspection_c__visibility_control.h
[19.654s] -- Installing: /media/william/blueicedrive/Github/AutowareUniverse-Carla/install/autoware_auto_system_msgs/lib/libautoware_auto_system_msgs__rosidl_typesupport_introspection_c.so
[19.657s] -- Set runtime path of "/media/william/blueicedrive/Github/AutowareUniverse-Carla/install/autoware_auto_system_msgs/lib/libautoware_auto_system_msgs__rosidl_typesupport_introspection_c.so" to ""
[19.657s] -- Installing: /media/william/blueicedrive/Github/AutowareUniverse-Carla/install/autoware_auto_system_msgs/lib/libautoware_auto_system_msgs__rosidl_typesupport_c.so
[19.660s] -- Set runtime path of "/media/william/blueicedrive/Github/AutowareUniverse-Carla/install/autoware_auto_system_msgs/lib/libautoware_auto_system_msgs__rosidl_typesupport_c.so" to ""
[19.661s] -- Up-to-date: /media/william/blueicedrive/Github/AutowareUniverse-Carla/install/autoware_auto_system_msgs/include/autoware_auto_system_msgs/autoware_auto_system_msgs
[19.661s] -- Up-to-date: /media/william/blueicedrive/Github/AutowareUniverse-Carla/install/autoware_auto_system_msgs/include/autoware_auto_system_msgs/autoware_auto_system_msgs/msg
[19.662s] -- Installing: /media/william/blueicedrive/Github/AutowareUniverse-Carla/install/autoware_auto_system_msgs/include/autoware_auto_system_msgs/autoware_auto_system_msgs/msg/autoware_state.hpp
[19.665s] -- Installing: /media/william/blueicedrive/Github/AutowareUniverse-Carla/install/autoware_auto_system_msgs/include/autoware_auto_system_msgs/autoware_auto_system_msgs/msg/control_diagnostic.hpp
[19.667s] -- Up-to-date: /media/william/blueicedrive/Github/AutowareUniverse-Carla/install/autoware_auto_system_msgs/include/autoware_auto_system_msgs/autoware_auto_system_msgs/msg/detail
[19.668s] -- Installing: /media/william/blueicedrive/Github/AutowareUniverse-Carla/install/autoware_auto_system_msgs/include/autoware_auto_system_msgs/autoware_auto_system_msgs/msg/detail/autoware_state__builder.hpp
[19.670s] -- Installing: /media/william/blueicedrive/Github/AutowareUniverse-Carla/install/autoware_auto_system_msgs/include/autoware_auto_system_msgs/autoware_auto_system_msgs/msg/detail/autoware_state__struct.hpp
[19.672s] -- Installing: /media/william/blueicedrive/Github/AutowareUniverse-Carla/install/autoware_auto_system_msgs/include/autoware_auto_system_msgs/autoware_auto_system_msgs/msg/detail/autoware_state__traits.hpp
[19.675s] -- Installing: /media/william/blueicedrive/Github/AutowareUniverse-Carla/install/autoware_auto_system_msgs/include/autoware_auto_system_msgs/autoware_auto_system_msgs/msg/detail/control_diagnostic__builder.hpp
[19.677s] -- Installing: /media/william/blueicedrive/Github/AutowareUniverse-Carla/install/autoware_auto_system_msgs/include/autoware_auto_system_msgs/autoware_auto_system_msgs/msg/detail/control_diagnostic__struct.hpp
[19.680s] -- Installing: /media/william/blueicedrive/Github/AutowareUniverse-Carla/install/autoware_auto_system_msgs/include/autoware_auto_system_msgs/autoware_auto_system_msgs/msg/detail/control_diagnostic__traits.hpp
[19.682s] -- Installing: /media/william/blueicedrive/Github/AutowareUniverse-Carla/install/autoware_auto_system_msgs/include/autoware_auto_system_msgs/autoware_auto_system_msgs/msg/detail/diagnostic_header__builder.hpp
[19.684s] -- Installing: /media/william/blueicedrive/Github/AutowareUniverse-Carla/install/autoware_auto_system_msgs/include/autoware_auto_system_msgs/autoware_auto_system_msgs/msg/detail/diagnostic_header__struct.hpp
[19.686s] -- Installing: /media/william/blueicedrive/Github/AutowareUniverse-Carla/install/autoware_auto_system_msgs/include/autoware_auto_system_msgs/autoware_auto_system_msgs/msg/detail/diagnostic_header__traits.hpp
[19.688s] -- Installing: /media/william/blueicedrive/Github/AutowareUniverse-Carla/install/autoware_auto_system_msgs/include/autoware_auto_system_msgs/autoware_auto_system_msgs/msg/detail/driving_capability__builder.hpp
[19.691s] -- Installing: /media/william/blueicedrive/Github/AutowareUniverse-Carla/install/autoware_auto_system_msgs/include/autoware_auto_system_msgs/autoware_auto_system_msgs/msg/detail/driving_capability__struct.hpp
[19.693s] -- Installing: /media/william/blueicedrive/Github/AutowareUniverse-Carla/install/autoware_auto_system_msgs/include/autoware_auto_system_msgs/autoware_auto_system_msgs/msg/detail/driving_capability__traits.hpp
[19.696s] -- Installing: /media/william/blueicedrive/Github/AutowareUniverse-Carla/install/autoware_auto_system_msgs/include/autoware_auto_system_msgs/autoware_auto_system_msgs/msg/detail/emergency_state__builder.hpp
[19.698s] -- Installing: /media/william/blueicedrive/Github/AutowareUniverse-Carla/install/autoware_auto_system_msgs/include/autoware_auto_system_msgs/autoware_auto_system_msgs/msg/detail/emergency_state__struct.hpp
[19.701s] -- Installing: /media/william/blueicedrive/Github/AutowareUniverse-Carla/install/autoware_auto_system_msgs/include/autoware_auto_system_msgs/autoware_auto_system_msgs/msg/detail/emergency_state__traits.hpp
[19.703s] -- Installing: /media/william/blueicedrive/Github/AutowareUniverse-Carla/install/autoware_auto_system_msgs/include/autoware_auto_system_msgs/autoware_auto_system_msgs/msg/detail/hazard_status_stamped__builder.hpp
[19.706s] -- Installing: /media/william/blueicedrive/Github/AutowareUniverse-Carla/install/autoware_auto_system_msgs/include/autoware_auto_system_msgs/autoware_auto_system_msgs/msg/detail/hazard_status_stamped__struct.hpp
[19.709s] -- Installing: /media/william/blueicedrive/Github/AutowareUniverse-Carla/install/autoware_auto_system_msgs/include/autoware_auto_system_msgs/autoware_auto_system_msgs/msg/detail/hazard_status_stamped__traits.hpp
[19.711s] -- Installing: /media/william/blueicedrive/Github/AutowareUniverse-Carla/install/autoware_auto_system_msgs/include/autoware_auto_system_msgs/autoware_auto_system_msgs/msg/detail/hazard_status__builder.hpp
[19.714s] -- Installing: /media/william/blueicedrive/Github/AutowareUniverse-Carla/install/autoware_auto_system_msgs/include/autoware_auto_system_msgs/autoware_auto_system_msgs/msg/detail/hazard_status__struct.hpp
[19.716s] -- Installing: /media/william/blueicedrive/Github/AutowareUniverse-Carla/install/autoware_auto_system_msgs/include/autoware_auto_system_msgs/autoware_auto_system_msgs/msg/detail/hazard_status__traits.hpp
[19.719s] -- Installing: /media/william/blueicedrive/Github/AutowareUniverse-Carla/install/autoware_auto_system_msgs/include/autoware_auto_system_msgs/autoware_auto_system_msgs/msg/diagnostic_header.hpp
[19.721s] -- Installing: /media/william/blueicedrive/Github/AutowareUniverse-Carla/install/autoware_auto_system_msgs/include/autoware_auto_system_msgs/autoware_auto_system_msgs/msg/driving_capability.hpp
[19.724s] -- Installing: /media/william/blueicedrive/Github/AutowareUniverse-Carla/install/autoware_auto_system_msgs/include/autoware_auto_system_msgs/autoware_auto_system_msgs/msg/emergency_state.hpp
[19.726s] -- Installing: /media/william/blueicedrive/Github/AutowareUniverse-Carla/install/autoware_auto_system_msgs/include/autoware_auto_system_msgs/autoware_auto_system_msgs/msg/hazard_status.hpp
[19.728s] -- Installing: /media/william/blueicedrive/Github/AutowareUniverse-Carla/install/autoware_auto_system_msgs/include/autoware_auto_system_msgs/autoware_auto_system_msgs/msg/hazard_status_stamped.hpp
[19.731s] -- Up-to-date: /media/william/blueicedrive/Github/AutowareUniverse-Carla/install/autoware_auto_system_msgs/include/autoware_auto_system_msgs/autoware_auto_system_msgs
[19.731s] -- Up-to-date: /media/william/blueicedrive/Github/AutowareUniverse-Carla/install/autoware_auto_system_msgs/include/autoware_auto_system_msgs/autoware_auto_system_msgs/msg
[19.732s] -- Up-to-date: /media/william/blueicedrive/Github/AutowareUniverse-Carla/install/autoware_auto_system_msgs/include/autoware_auto_system_msgs/autoware_auto_system_msgs/msg/detail
[19.733s] -- Installing: /media/william/blueicedrive/Github/AutowareUniverse-Carla/install/autoware_auto_system_msgs/include/autoware_auto_system_msgs/autoware_auto_system_msgs/msg/detail/autoware_state__rosidl_typesupport_fastrtps_cpp.hpp
[19.736s] -- Installing: /media/william/blueicedrive/Github/AutowareUniverse-Carla/install/autoware_auto_system_msgs/include/autoware_auto_system_msgs/autoware_auto_system_msgs/msg/detail/control_diagnostic__rosidl_typesupport_fastrtps_cpp.hpp
[19.738s] -- Installing: /media/william/blueicedrive/Github/AutowareUniverse-Carla/install/autoware_auto_system_msgs/include/autoware_auto_system_msgs/autoware_auto_system_msgs/msg/detail/dds_fastrtps
[19.739s] -- Installing: /media/william/blueicedrive/Github/AutowareUniverse-Carla/install/autoware_auto_system_msgs/include/autoware_auto_system_msgs/autoware_auto_system_msgs/msg/detail/diagnostic_header__rosidl_typesupport_fastrtps_cpp.hpp
[19.742s] -- Installing: /media/william/blueicedrive/Github/AutowareUniverse-Carla/install/autoware_auto_system_msgs/include/autoware_auto_system_msgs/autoware_auto_system_msgs/msg/detail/driving_capability__rosidl_typesupport_fastrtps_cpp.hpp
[19.745s] -- Installing: /media/william/blueicedrive/Github/AutowareUniverse-Carla/install/autoware_auto_system_msgs/include/autoware_auto_system_msgs/autoware_auto_system_msgs/msg/detail/emergency_state__rosidl_typesupport_fastrtps_cpp.hpp
[19.747s] -- Installing: /media/william/blueicedrive/Github/AutowareUniverse-Carla/install/autoware_auto_system_msgs/include/autoware_auto_system_msgs/autoware_auto_system_msgs/msg/detail/hazard_status_stamped__rosidl_typesupport_fastrtps_cpp.hpp
[19.750s] -- Installing: /media/william/blueicedrive/Github/AutowareUniverse-Carla/install/autoware_auto_system_msgs/include/autoware_auto_system_msgs/autoware_auto_system_msgs/msg/detail/hazard_status__rosidl_typesupport_fastrtps_cpp.hpp
[19.752s] -- Installing: /media/william/blueicedrive/Github/AutowareUniverse-Carla/install/autoware_auto_system_msgs/include/autoware_auto_system_msgs/autoware_auto_system_msgs/msg/rosidl_typesupport_fastrtps_cpp__visibility_control.h
[19.754s] -- Installing: /media/william/blueicedrive/Github/AutowareUniverse-Carla/install/autoware_auto_system_msgs/lib/libautoware_auto_system_msgs__rosidl_typesupport_fastrtps_cpp.so
[19.757s] -- Set runtime path of "/media/william/blueicedrive/Github/AutowareUniverse-Carla/install/autoware_auto_system_msgs/lib/libautoware_auto_system_msgs__rosidl_typesupport_fastrtps_cpp.so" to ""
[19.758s] -- Up-to-date: /media/william/blueicedrive/Github/AutowareUniverse-Carla/install/autoware_auto_system_msgs/include/autoware_auto_system_msgs/autoware_auto_system_msgs
[19.758s] -- Up-to-date: /media/william/blueicedrive/Github/AutowareUniverse-Carla/install/autoware_auto_system_msgs/include/autoware_auto_system_msgs/autoware_auto_system_msgs/msg
[19.760s] -- Up-to-date: /media/william/blueicedrive/Github/AutowareUniverse-Carla/install/autoware_auto_system_msgs/include/autoware_auto_system_msgs/autoware_auto_system_msgs/msg/detail
[19.760s] -- Installing: /media/william/blueicedrive/Github/AutowareUniverse-Carla/install/autoware_auto_system_msgs/include/autoware_auto_system_msgs/autoware_auto_system_msgs/msg/detail/autoware_state__rosidl_typesupport_introspection_cpp.hpp
[19.763s] -- Installing: /media/william/blueicedrive/Github/AutowareUniverse-Carla/install/autoware_auto_system_msgs/include/autoware_auto_system_msgs/autoware_auto_system_msgs/msg/detail/autoware_state__type_support.cpp
[19.765s] -- Installing: /media/william/blueicedrive/Github/AutowareUniverse-Carla/install/autoware_auto_system_msgs/include/autoware_auto_system_msgs/autoware_auto_system_msgs/msg/detail/control_diagnostic__rosidl_typesupport_introspection_cpp.hpp
[19.768s] -- Installing: /media/william/blueicedrive/Github/AutowareUniverse-Carla/install/autoware_auto_system_msgs/include/autoware_auto_system_msgs/autoware_auto_system_msgs/msg/detail/control_diagnostic__type_support.cpp
[19.770s] -- Installing: /media/william/blueicedrive/Github/AutowareUniverse-Carla/install/autoware_auto_system_msgs/include/autoware_auto_system_msgs/autoware_auto_system_msgs/msg/detail/diagnostic_header__rosidl_typesupport_introspection_cpp.hpp
[19.773s] -- Installing: /media/william/blueicedrive/Github/AutowareUniverse-Carla/install/autoware_auto_system_msgs/include/autoware_auto_system_msgs/autoware_auto_system_msgs/msg/detail/diagnostic_header__type_support.cpp
[19.775s] -- Installing: /media/william/blueicedrive/Github/AutowareUniverse-Carla/install/autoware_auto_system_msgs/include/autoware_auto_system_msgs/autoware_auto_system_msgs/msg/detail/driving_capability__rosidl_typesupport_introspection_cpp.hpp
[19.777s] -- Installing: /media/william/blueicedrive/Github/AutowareUniverse-Carla/install/autoware_auto_system_msgs/include/autoware_auto_system_msgs/autoware_auto_system_msgs/msg/detail/driving_capability__type_support.cpp
[19.800s] -- Installing: /media/william/blueicedrive/Github/AutowareUniverse-Carla/install/autoware_auto_system_msgs/include/autoware_auto_system_msgs/autoware_auto_system_msgs/msg/detail/emergency_state__rosidl_typesupport_introspection_cpp.hpp
[19.801s] -- Installing: /media/william/blueicedrive/Github/AutowareUniverse-Carla/install/autoware_auto_system_msgs/include/autoware_auto_system_msgs/autoware_auto_system_msgs/msg/detail/emergency_state__type_support.cpp
[19.803s] -- Installing: /media/william/blueicedrive/Github/AutowareUniverse-Carla/install/autoware_auto_system_msgs/include/autoware_auto_system_msgs/autoware_auto_system_msgs/msg/detail/hazard_status_stamped__rosidl_typesupport_introspection_cpp.hpp
[19.805s] -- Installing: /media/william/blueicedrive/Github/AutowareUniverse-Carla/install/autoware_auto_system_msgs/include/autoware_auto_system_msgs/autoware_auto_system_msgs/msg/detail/hazard_status_stamped__type_support.cpp
[19.808s] -- Installing: /media/william/blueicedrive/Github/AutowareUniverse-Carla/install/autoware_auto_system_msgs/include/autoware_auto_system_msgs/autoware_auto_system_msgs/msg/detail/hazard_status__rosidl_typesupport_introspection_cpp.hpp
[19.811s] -- Installing: /media/william/blueicedrive/Github/AutowareUniverse-Carla/install/autoware_auto_system_msgs/include/autoware_auto_system_msgs/autoware_auto_system_msgs/msg/detail/hazard_status__type_support.cpp
[19.813s] -- Installing: /media/william/blueicedrive/Github/AutowareUniverse-Carla/install/autoware_auto_system_msgs/lib/libautoware_auto_system_msgs__rosidl_typesupport_introspection_cpp.so
[19.816s] -- Set runtime path of "/media/william/blueicedrive/Github/AutowareUniverse-Carla/install/autoware_auto_system_msgs/lib/libautoware_auto_system_msgs__rosidl_typesupport_introspection_cpp.so" to ""
[19.816s] -- Installing: /media/william/blueicedrive/Github/AutowareUniverse-Carla/install/autoware_auto_system_msgs/lib/libautoware_auto_system_msgs__rosidl_typesupport_cpp.so
[19.818s] -- Set runtime path of "/media/william/blueicedrive/Github/AutowareUniverse-Carla/install/autoware_auto_system_msgs/lib/libautoware_auto_system_msgs__rosidl_typesupport_cpp.so" to ""
[19.819s] -- Installing: /media/william/blueicedrive/Github/AutowareUniverse-Carla/install/autoware_auto_system_msgs/share/autoware_auto_system_msgs/environment/pythonpath.sh
[19.820s] -- Installing: /media/william/blueicedrive/Github/AutowareUniverse-Carla/install/autoware_auto_system_msgs/share/autoware_auto_system_msgs/environment/pythonpath.dsv
[19.822s] -- Installing: /media/william/blueicedrive/Github/AutowareUniverse-Carla/install/autoware_auto_system_msgs/local/lib/python3.10/dist-packages/autoware_auto_system_msgs-1.0.0-py3.10.egg-info
[19.823s] -- Installing: /media/william/blueicedrive/Github/AutowareUniverse-Carla/install/autoware_auto_system_msgs/local/lib/python3.10/dist-packages/autoware_auto_system_msgs-1.0.0-py3.10.egg-info/dependency_links.txt
[19.825s] -- Installing: /media/william/blueicedrive/Github/AutowareUniverse-Carla/install/autoware_auto_system_msgs/local/lib/python3.10/dist-packages/autoware_auto_system_msgs-1.0.0-py3.10.egg-info/PKG-INFO
[19.827s] -- Installing: /media/william/blueicedrive/Github/AutowareUniverse-Carla/install/autoware_auto_system_msgs/local/lib/python3.10/dist-packages/autoware_auto_system_msgs-1.0.0-py3.10.egg-info/SOURCES.txt
[19.829s] -- Installing: /media/william/blueicedrive/Github/AutowareUniverse-Carla/install/autoware_auto_system_msgs/local/lib/python3.10/dist-packages/autoware_auto_system_msgs-1.0.0-py3.10.egg-info/top_level.txt
[19.831s] -- Installing: /media/william/blueicedrive/Github/AutowareUniverse-Carla/install/autoware_auto_system_msgs/local/lib/python3.10/dist-packages/autoware_auto_system_msgs
[19.832s] -- Installing: /media/william/blueicedrive/Github/AutowareUniverse-Carla/install/autoware_auto_system_msgs/local/lib/python3.10/dist-packages/autoware_auto_system_msgs/autoware_auto_system_msgs_s__rosidl_typesupport_c.cpython-310-x86_64-linux-gnu.so
[19.834s] -- Installing: /media/william/blueicedrive/Github/AutowareUniverse-Carla/install/autoware_auto_system_msgs/local/lib/python3.10/dist-packages/autoware_auto_system_msgs/autoware_auto_system_msgs_s__rosidl_typesupport_fastrtps_c.cpython-310-x86_64-linux-gnu.so
[19.836s] -- Installing: /media/william/blueicedrive/Github/AutowareUniverse-Carla/install/autoware_auto_system_msgs/local/lib/python3.10/dist-packages/autoware_auto_system_msgs/autoware_auto_system_msgs_s__rosidl_typesupport_introspection_c.cpython-310-x86_64-linux-gnu.so
[19.837s] -- Installing: /media/william/blueicedrive/Github/AutowareUniverse-Carla/install/autoware_auto_system_msgs/local/lib/python3.10/dist-packages/autoware_auto_system_msgs/libautoware_auto_system_msgs__rosidl_generator_py.so
[19.839s] -- Installing: /media/william/blueicedrive/Github/AutowareUniverse-Carla/install/autoware_auto_system_msgs/local/lib/python3.10/dist-packages/autoware_auto_system_msgs/msg
[19.840s] -- Installing: /media/william/blueicedrive/Github/AutowareUniverse-Carla/install/autoware_auto_system_msgs/local/lib/python3.10/dist-packages/autoware_auto_system_msgs/msg/_autoware_state.py
[19.842s] -- Installing: /media/william/blueicedrive/Github/AutowareUniverse-Carla/install/autoware_auto_system_msgs/local/lib/python3.10/dist-packages/autoware_auto_system_msgs/msg/_autoware_state_s.c
[19.844s] -- Installing: /media/william/blueicedrive/Github/AutowareUniverse-Carla/install/autoware_auto_system_msgs/local/lib/python3.10/dist-packages/autoware_auto_system_msgs/msg/_control_diagnostic.py
[19.846s] -- Installing: /media/william/blueicedrive/Github/AutowareUniverse-Carla/install/autoware_auto_system_msgs/local/lib/python3.10/dist-packages/autoware_auto_system_msgs/msg/_control_diagnostic_s.c
[19.848s] -- Installing: /media/william/blueicedrive/Github/AutowareUniverse-Carla/install/autoware_auto_system_msgs/local/lib/python3.10/dist-packages/autoware_auto_system_msgs/msg/_diagnostic_header.py
[19.850s] -- Installing: /media/william/blueicedrive/Github/AutowareUniverse-Carla/install/autoware_auto_system_msgs/local/lib/python3.10/dist-packages/autoware_auto_system_msgs/msg/_diagnostic_header_s.c
[19.852s] -- Installing: /media/william/blueicedrive/Github/AutowareUniverse-Carla/install/autoware_auto_system_msgs/local/lib/python3.10/dist-packages/autoware_auto_system_msgs/msg/_driving_capability.py
[19.853s] -- Installing: /media/william/blueicedrive/Github/AutowareUniverse-Carla/install/autoware_auto_system_msgs/local/lib/python3.10/dist-packages/autoware_auto_system_msgs/msg/_driving_capability_s.c
[19.855s] -- Installing: /media/william/blueicedrive/Github/AutowareUniverse-Carla/install/autoware_auto_system_msgs/local/lib/python3.10/dist-packages/autoware_auto_system_msgs/msg/_emergency_state.py
[19.857s] -- Installing: /media/william/blueicedrive/Github/AutowareUniverse-Carla/install/autoware_auto_system_msgs/local/lib/python3.10/dist-packages/autoware_auto_system_msgs/msg/_emergency_state_s.c
[19.859s] -- Installing: /media/william/blueicedrive/Github/AutowareUniverse-Carla/install/autoware_auto_system_msgs/local/lib/python3.10/dist-packages/autoware_auto_system_msgs/msg/_hazard_status.py
[19.861s] -- Installing: /media/william/blueicedrive/Github/AutowareUniverse-Carla/install/autoware_auto_system_msgs/local/lib/python3.10/dist-packages/autoware_auto_system_msgs/msg/_hazard_status_s.c
[19.863s] -- Installing: /media/william/blueicedrive/Github/AutowareUniverse-Carla/install/autoware_auto_system_msgs/local/lib/python3.10/dist-packages/autoware_auto_system_msgs/msg/_hazard_status_stamped.py
[19.864s] -- Installing: /media/william/blueicedrive/Github/AutowareUniverse-Carla/install/autoware_auto_system_msgs/local/lib/python3.10/dist-packages/autoware_auto_system_msgs/msg/_hazard_status_stamped_s.c
[19.866s] -- Installing: /media/william/blueicedrive/Github/AutowareUniverse-Carla/install/autoware_auto_system_msgs/local/lib/python3.10/dist-packages/autoware_auto_system_msgs/msg/__init__.py
[19.867s] -- Installing: /media/william/blueicedrive/Github/AutowareUniverse-Carla/install/autoware_auto_system_msgs/local/lib/python3.10/dist-packages/autoware_auto_system_msgs/_autoware_auto_system_msgs_s.ep.rosidl_typesupport_c.c
[19.869s] -- Installing: /media/william/blueicedrive/Github/AutowareUniverse-Carla/install/autoware_auto_system_msgs/local/lib/python3.10/dist-packages/autoware_auto_system_msgs/_autoware_auto_system_msgs_s.ep.rosidl_typesupport_fastrtps_c.c
[19.870s] -- Installing: /media/william/blueicedrive/Github/AutowareUniverse-Carla/install/autoware_auto_system_msgs/local/lib/python3.10/dist-packages/autoware_auto_system_msgs/_autoware_auto_system_msgs_s.ep.rosidl_typesupport_introspection_c.c
[19.872s] -- Installing: /media/william/blueicedrive/Github/AutowareUniverse-Carla/install/autoware_auto_system_msgs/local/lib/python3.10/dist-packages/autoware_auto_system_msgs/__init__.py
[19.928s] Listing '/media/william/blueicedrive/Github/AutowareUniverse-Carla/install/autoware_auto_system_msgs/local/lib/python3.10/dist-packages/autoware_auto_system_msgs'...
[19.928s] Compiling '/media/william/blueicedrive/Github/AutowareUniverse-Carla/install/autoware_auto_system_msgs/local/lib/python3.10/dist-packages/autoware_auto_system_msgs/__init__.py'...
[19.928s] Listing '/media/william/blueicedrive/Github/AutowareUniverse-Carla/install/autoware_auto_system_msgs/local/lib/python3.10/dist-packages/autoware_auto_system_msgs/msg'...
[19.928s] Compiling '/media/william/blueicedrive/Github/AutowareUniverse-Carla/install/autoware_auto_system_msgs/local/lib/python3.10/dist-packages/autoware_auto_system_msgs/msg/__init__.py'...
[19.928s] Compiling '/media/william/blueicedrive/Github/AutowareUniverse-Carla/install/autoware_auto_system_msgs/local/lib/python3.10/dist-packages/autoware_auto_system_msgs/msg/_autoware_state.py'...
[19.928s] Compiling '/media/william/blueicedrive/Github/AutowareUniverse-Carla/install/autoware_auto_system_msgs/local/lib/python3.10/dist-packages/autoware_auto_system_msgs/msg/_control_diagnostic.py'...
[19.928s] Compiling '/media/william/blueicedrive/Github/AutowareUniverse-Carla/install/autoware_auto_system_msgs/local/lib/python3.10/dist-packages/autoware_auto_system_msgs/msg/_diagnostic_header.py'...
[19.928s] Compiling '/media/william/blueicedrive/Github/AutowareUniverse-Carla/install/autoware_auto_system_msgs/local/lib/python3.10/dist-packages/autoware_auto_system_msgs/msg/_driving_capability.py'...
[19.928s] Compiling '/media/william/blueicedrive/Github/AutowareUniverse-Carla/install/autoware_auto_system_msgs/local/lib/python3.10/dist-packages/autoware_auto_system_msgs/msg/_emergency_state.py'...
[19.929s] Compiling '/media/william/blueicedrive/Github/AutowareUniverse-Carla/install/autoware_auto_system_msgs/local/lib/python3.10/dist-packages/autoware_auto_system_msgs/msg/_hazard_status.py'...
[19.929s] Compiling '/media/william/blueicedrive/Github/AutowareUniverse-Carla/install/autoware_auto_system_msgs/local/lib/python3.10/dist-packages/autoware_auto_system_msgs/msg/_hazard_status_stamped.py'...
[19.932s] -- Installing: /media/william/blueicedrive/Github/AutowareUniverse-Carla/install/autoware_auto_system_msgs/local/lib/python3.10/dist-packages/autoware_auto_system_msgs/autoware_auto_system_msgs_s__rosidl_typesupport_fastrtps_c.cpython-310-x86_64-linux-gnu.so
[19.934s] -- Set runtime path of "/media/william/blueicedrive/Github/AutowareUniverse-Carla/install/autoware_auto_system_msgs/local/lib/python3.10/dist-packages/autoware_auto_system_msgs/autoware_auto_system_msgs_s__rosidl_typesupport_fastrtps_c.cpython-310-x86_64-linux-gnu.so" to ""
[19.935s] -- Installing: /media/william/blueicedrive/Github/AutowareUniverse-Carla/install/autoware_auto_system_msgs/local/lib/python3.10/dist-packages/autoware_auto_system_msgs/autoware_auto_system_msgs_s__rosidl_typesupport_introspection_c.cpython-310-x86_64-linux-gnu.so
[19.938s] -- Set runtime path of "/media/william/blueicedrive/Github/AutowareUniverse-Carla/install/autoware_auto_system_msgs/local/lib/python3.10/dist-packages/autoware_auto_system_msgs/autoware_auto_system_msgs_s__rosidl_typesupport_introspection_c.cpython-310-x86_64-linux-gnu.so" to ""
[19.939s] -- Installing: /media/william/blueicedrive/Github/AutowareUniverse-Carla/install/autoware_auto_system_msgs/local/lib/python3.10/dist-packages/autoware_auto_system_msgs/autoware_auto_system_msgs_s__rosidl_typesupport_c.cpython-310-x86_64-linux-gnu.so
[19.941s] -- Set runtime path of "/media/william/blueicedrive/Github/AutowareUniverse-Carla/install/autoware_auto_system_msgs/local/lib/python3.10/dist-packages/autoware_auto_system_msgs/autoware_auto_system_msgs_s__rosidl_typesupport_c.cpython-310-x86_64-linux-gnu.so" to ""
[19.942s] -- Installing: /media/william/blueicedrive/Github/AutowareUniverse-Carla/install/autoware_auto_system_msgs/lib/libautoware_auto_system_msgs__rosidl_generator_py.so
[19.944s] -- Set runtime path of "/media/william/blueicedrive/Github/AutowareUniverse-Carla/install/autoware_auto_system_msgs/lib/libautoware_auto_system_msgs__rosidl_generator_py.so" to ""
[19.945s] -- Installing: /media/william/blueicedrive/Github/AutowareUniverse-Carla/install/autoware_auto_system_msgs/share/autoware_auto_system_msgs/msg/AutowareState.idl
[19.946s] -- Installing: /media/william/blueicedrive/Github/AutowareUniverse-Carla/install/autoware_auto_system_msgs/share/autoware_auto_system_msgs/msg/ControlDiagnostic.idl
[19.948s] -- Installing: /media/william/blueicedrive/Github/AutowareUniverse-Carla/install/autoware_auto_system_msgs/share/autoware_auto_system_msgs/msg/DiagnosticHeader.idl
[19.949s] -- Installing: /media/william/blueicedrive/Github/AutowareUniverse-Carla/install/autoware_auto_system_msgs/share/autoware_auto_system_msgs/msg/DrivingCapability.idl
[19.956s] -- Installing: /media/william/blueicedrive/Github/AutowareUniverse-Carla/install/autoware_auto_system_msgs/share/autoware_auto_system_msgs/msg/EmergencyState.idl
[19.957s] -- Installing: /media/william/blueicedrive/Github/AutowareUniverse-Carla/install/autoware_auto_system_msgs/share/autoware_auto_system_msgs/msg/HazardStatus.idl
[19.959s] -- Installing: /media/william/blueicedrive/Github/AutowareUniverse-Carla/install/autoware_auto_system_msgs/share/autoware_auto_system_msgs/msg/HazardStatusStamped.idl
[19.961s] -- Installing: /media/william/blueicedrive/Github/AutowareUniverse-Carla/install/autoware_auto_system_msgs/share/ament_index/resource_index/package_run_dependencies/autoware_auto_system_msgs
[19.963s] -- Installing: /media/william/blueicedrive/Github/AutowareUniverse-Carla/install/autoware_auto_system_msgs/share/ament_index/resource_index/parent_prefix_path/autoware_auto_system_msgs
[19.965s] -- Installing: /media/william/blueicedrive/Github/AutowareUniverse-Carla/install/autoware_auto_system_msgs/share/autoware_auto_system_msgs/environment/ament_prefix_path.sh
[19.966s] -- Installing: /media/william/blueicedrive/Github/AutowareUniverse-Carla/install/autoware_auto_system_msgs/share/autoware_auto_system_msgs/environment/ament_prefix_path.dsv
[19.968s] -- Installing: /media/william/blueicedrive/Github/AutowareUniverse-Carla/install/autoware_auto_system_msgs/share/autoware_auto_system_msgs/environment/path.sh
[19.969s] -- Installing: /media/william/blueicedrive/Github/AutowareUniverse-Carla/install/autoware_auto_system_msgs/share/autoware_auto_system_msgs/environment/path.dsv
[19.971s] -- Installing: /media/william/blueicedrive/Github/AutowareUniverse-Carla/install/autoware_auto_system_msgs/share/autoware_auto_system_msgs/local_setup.bash
[19.972s] -- Installing: /media/william/blueicedrive/Github/AutowareUniverse-Carla/install/autoware_auto_system_msgs/share/autoware_auto_system_msgs/local_setup.sh
[19.974s] -- Installing: /media/william/blueicedrive/Github/AutowareUniverse-Carla/install/autoware_auto_system_msgs/share/autoware_auto_system_msgs/local_setup.zsh
[19.976s] -- Installing: /media/william/blueicedrive/Github/AutowareUniverse-Carla/install/autoware_auto_system_msgs/share/autoware_auto_system_msgs/local_setup.dsv
[19.977s] -- Installing: /media/william/blueicedrive/Github/AutowareUniverse-Carla/install/autoware_auto_system_msgs/share/autoware_auto_system_msgs/package.dsv
[19.980s] -- Installing: /media/william/blueicedrive/Github/AutowareUniverse-Carla/install/autoware_auto_system_msgs/share/ament_index/resource_index/packages/autoware_auto_system_msgs
[19.982s] -- Installing: /media/william/blueicedrive/Github/AutowareUniverse-Carla/install/autoware_auto_system_msgs/share/autoware_auto_system_msgs/cmake/export_autoware_auto_system_msgs__rosidl_generator_cExport.cmake
[19.984s] -- Installing: /media/william/blueicedrive/Github/AutowareUniverse-Carla/install/autoware_auto_system_msgs/share/autoware_auto_system_msgs/cmake/export_autoware_auto_system_msgs__rosidl_generator_cExport-noconfig.cmake
[19.986s] -- Installing: /media/william/blueicedrive/Github/AutowareUniverse-Carla/install/autoware_auto_system_msgs/share/autoware_auto_system_msgs/cmake/export_autoware_auto_system_msgs__rosidl_typesupport_fastrtps_cExport.cmake
[19.988s] -- Installing: /media/william/blueicedrive/Github/AutowareUniverse-Carla/install/autoware_auto_system_msgs/share/autoware_auto_system_msgs/cmake/export_autoware_auto_system_msgs__rosidl_typesupport_fastrtps_cExport-noconfig.cmake
[19.991s] -- Installing: /media/william/blueicedrive/Github/AutowareUniverse-Carla/install/autoware_auto_system_msgs/share/autoware_auto_system_msgs/cmake/autoware_auto_system_msgs__rosidl_typesupport_introspection_cExport.cmake
[19.992s] -- Installing: /media/william/blueicedrive/Github/AutowareUniverse-Carla/install/autoware_auto_system_msgs/share/autoware_auto_system_msgs/cmake/autoware_auto_system_msgs__rosidl_typesupport_introspection_cExport-noconfig.cmake
[19.995s] -- Installing: /media/william/blueicedrive/Github/AutowareUniverse-Carla/install/autoware_auto_system_msgs/share/autoware_auto_system_msgs/cmake/autoware_auto_system_msgs__rosidl_typesupport_cExport.cmake
[19.996s] -- Installing: /media/william/blueicedrive/Github/AutowareUniverse-Carla/install/autoware_auto_system_msgs/share/autoware_auto_system_msgs/cmake/autoware_auto_system_msgs__rosidl_typesupport_cExport-noconfig.cmake
[20.008s] -- Installing: /media/william/blueicedrive/Github/AutowareUniverse-Carla/install/autoware_auto_system_msgs/share/autoware_auto_system_msgs/cmake/export_autoware_auto_system_msgs__rosidl_generator_cppExport.cmake
[20.010s] -- Installing: /media/william/blueicedrive/Github/AutowareUniverse-Carla/install/autoware_auto_system_msgs/share/autoware_auto_system_msgs/cmake/export_autoware_auto_system_msgs__rosidl_typesupport_fastrtps_cppExport.cmake
[20.012s] -- Installing: /media/william/blueicedrive/Github/AutowareUniverse-Carla/install/autoware_auto_system_msgs/share/autoware_auto_system_msgs/cmake/export_autoware_auto_system_msgs__rosidl_typesupport_fastrtps_cppExport-noconfig.cmake
[20.014s] -- Installing: /media/william/blueicedrive/Github/AutowareUniverse-Carla/install/autoware_auto_system_msgs/share/autoware_auto_system_msgs/cmake/autoware_auto_system_msgs__rosidl_typesupport_introspection_cppExport.cmake
[20.016s] -- Installing: /media/william/blueicedrive/Github/AutowareUniverse-Carla/install/autoware_auto_system_msgs/share/autoware_auto_system_msgs/cmake/autoware_auto_system_msgs__rosidl_typesupport_introspection_cppExport-noconfig.cmake
[20.018s] -- Installing: /media/william/blueicedrive/Github/AutowareUniverse-Carla/install/autoware_auto_system_msgs/share/autoware_auto_system_msgs/cmake/autoware_auto_system_msgs__rosidl_typesupport_cppExport.cmake
[20.019s] -- Installing: /media/william/blueicedrive/Github/AutowareUniverse-Carla/install/autoware_auto_system_msgs/share/autoware_auto_system_msgs/cmake/autoware_auto_system_msgs__rosidl_typesupport_cppExport-noconfig.cmake
[20.033s] -- Installing: /media/william/blueicedrive/Github/AutowareUniverse-Carla/install/autoware_auto_system_msgs/share/autoware_auto_system_msgs/cmake/export_autoware_auto_system_msgs__rosidl_generator_pyExport.cmake
[20.035s] -- Installing: /media/william/blueicedrive/Github/AutowareUniverse-Carla/install/autoware_auto_system_msgs/share/autoware_auto_system_msgs/cmake/export_autoware_auto_system_msgs__rosidl_generator_pyExport-noconfig.cmake
[20.037s] -- Installing: /media/william/blueicedrive/Github/AutowareUniverse-Carla/install/autoware_auto_system_msgs/share/autoware_auto_system_msgs/cmake/rosidl_cmake-extras.cmake
[20.039s] -- Installing: /media/william/blueicedrive/Github/AutowareUniverse-Carla/install/autoware_auto_system_msgs/share/autoware_auto_system_msgs/cmake/ament_cmake_export_dependencies-extras.cmake
[20.041s] -- Installing: /media/william/blueicedrive/Github/AutowareUniverse-Carla/install/autoware_auto_system_msgs/share/autoware_auto_system_msgs/cmake/ament_cmake_export_include_directories-extras.cmake
[20.042s] -- Installing: /media/william/blueicedrive/Github/AutowareUniverse-Carla/install/autoware_auto_system_msgs/share/autoware_auto_system_msgs/cmake/ament_cmake_export_libraries-extras.cmake
[20.044s] -- Installing: /media/william/blueicedrive/Github/AutowareUniverse-Carla/install/autoware_auto_system_msgs/share/autoware_auto_system_msgs/cmake/ament_cmake_export_targets-extras.cmake
[20.046s] -- Installing: /media/william/blueicedrive/Github/AutowareUniverse-Carla/install/autoware_auto_system_msgs/share/autoware_auto_system_msgs/cmake/rosidl_cmake_export_typesupport_targets-extras.cmake
[20.048s] -- Installing: /media/william/blueicedrive/Github/AutowareUniverse-Carla/install/autoware_auto_system_msgs/share/autoware_auto_system_msgs/cmake/rosidl_cmake_export_typesupport_libraries-extras.cmake
[20.050s] -- Installing: /media/william/blueicedrive/Github/AutowareUniverse-Carla/install/autoware_auto_system_msgs/share/autoware_auto_system_msgs/cmake/autoware_auto_system_msgsConfig.cmake
[20.051s] -- Installing: /media/william/blueicedrive/Github/AutowareUniverse-Carla/install/autoware_auto_system_msgs/share/autoware_auto_system_msgs/cmake/autoware_auto_system_msgsConfig-version.cmake
[20.052s] -- Installing: /media/william/blueicedrive/Github/AutowareUniverse-Carla/install/autoware_auto_system_msgs/share/autoware_auto_system_msgs/package.xml
[20.056s] Invoked command in '/media/william/blueicedrive/Github/AutowareUniverse-Carla/build/autoware_auto_system_msgs' returned '0': CMAKE_PREFIX_PATH=${CMAKE_PREFIX_PATH}:/media/william/blueicedrive/Github/AutowareUniverse-Carla/install/vehicle:/opt/ros/humble /usr/bin/cmake --install /media/william/blueicedrive/Github/AutowareUniverse-Carla/build/autoware_auto_system_msgs
