[  0%] Built target autoware_adapi_v1_msgs__cpp
[ 12%] Built target autoware_adapi_v1_msgs__rosidl_generator_c
[ 12%] Built target ament_cmake_python_symlink_autoware_adapi_v1_msgs
[ 24%] Built target autoware_adapi_v1_msgs__rosidl_typesupport_cpp
[ 61%] Built target autoware_adapi_v1_msgs__rosidl_typesupport_introspection_cpp
[ 61%] Built target autoware_adapi_v1_msgs__rosidl_typesupport_fastrtps_c
[ 61%] Built target autoware_adapi_v1_msgs__rosidl_typesupport_fastrtps_cpp
[ 73%] Built target autoware_adapi_v1_msgs__rosidl_typesupport_c
[ 85%] Built target autoware_adapi_v1_msgs__rosidl_typesupport_introspection_c
[ 85%] Built target autoware_adapi_v1_msgs
[ 86%] Built target autoware_adapi_v1_msgs__py
[35m[1mScanning dependencies of target autoware_adapi_v1_msgs__rosidl_generator_py[0m
[ 87%] [32mBuilding C object CMakeFiles/autoware_adapi_v1_msgs__rosidl_generator_py.dir/rosidl_generator_py/autoware_adapi_v1_msgs/msg/_response_status_s.c.o[0m
[ 87%] [32mBuilding C object CMakeFiles/autoware_adapi_v1_msgs__rosidl_generator_py.dir/rosidl_generator_py/autoware_adapi_v1_msgs/srv/_initialize_localization_s.c.o[0m
[ 87%] [32mBuilding C object CMakeFiles/autoware_adapi_v1_msgs__rosidl_generator_py.dir/rosidl_generator_py/autoware_adapi_v1_msgs/msg/_route_state_s.c.o[0m
[ 87%] [32mBuilding C object CMakeFiles/autoware_adapi_v1_msgs__rosidl_generator_py.dir/rosidl_generator_py/autoware_adapi_v1_msgs/msg/_route_segment_s.c.o[0m
[ 87%] [32mBuilding C object CMakeFiles/autoware_adapi_v1_msgs__rosidl_generator_py.dir/rosidl_generator_py/autoware_adapi_v1_msgs/srv/_set_route_s.c.o[0m
[ 87%] [32mBuilding C object CMakeFiles/autoware_adapi_v1_msgs__rosidl_generator_py.dir/rosidl_generator_py/autoware_adapi_v1_msgs/msg/_operation_mode_state_s.c.o[0m
[ 88%] [32mBuilding C object CMakeFiles/autoware_adapi_v1_msgs__rosidl_generator_py.dir/rosidl_generator_py/autoware_adapi_v1_msgs/srv/_clear_route_s.c.o[0m
[ 88%] [32mBuilding C object CMakeFiles/autoware_adapi_v1_msgs__rosidl_generator_py.dir/rosidl_generator_py/autoware_adapi_v1_msgs/msg/_motion_state_s.c.o[0m
[ 89%] [32mBuilding C object CMakeFiles/autoware_adapi_v1_msgs__rosidl_generator_py.dir/rosidl_generator_py/autoware_adapi_v1_msgs/msg/_route_data_s.c.o[0m
[ 89%] [32mBuilding C object CMakeFiles/autoware_adapi_v1_msgs__rosidl_generator_py.dir/rosidl_generator_py/autoware_adapi_v1_msgs/msg/_route_option_s.c.o[0m
[ 90%] [32mBuilding C object CMakeFiles/autoware_adapi_v1_msgs__rosidl_generator_py.dir/rosidl_generator_py/autoware_adapi_v1_msgs/srv/_change_operation_mode_s.c.o[0m
[ 91%] [32mBuilding C object CMakeFiles/autoware_adapi_v1_msgs__rosidl_generator_py.dir/rosidl_generator_py/autoware_adapi_v1_msgs/msg/_localization_initialization_state_s.c.o[0m
[ 91%] [32mBuilding C object CMakeFiles/autoware_adapi_v1_msgs__rosidl_generator_py.dir/rosidl_generator_py/autoware_adapi_v1_msgs/msg/_route_s.c.o[0m
[ 92%] [32mBuilding C object CMakeFiles/autoware_adapi_v1_msgs__rosidl_generator_py.dir/rosidl_generator_py/autoware_adapi_v1_msgs/srv/_accept_start_s.c.o[0m
[ 94%] [32mBuilding C object CMakeFiles/autoware_adapi_v1_msgs__rosidl_generator_py.dir/rosidl_generator_py/autoware_adapi_v1_msgs/msg/_route_primitive_s.c.o[0m
[ 94%] [32mBuilding C object CMakeFiles/autoware_adapi_v1_msgs__rosidl_generator_py.dir/rosidl_generator_py/autoware_adapi_v1_msgs/srv/_set_route_points_s.c.o[0m
[ 95%] [32mBuilding C object CMakeFiles/autoware_adapi_v1_msgs__rosidl_generator_py.dir/rosidl_generator_py/autoware_adapi_v1_msgs/msg/_steering_factor_array_s.c.o[0m
[ 95%] [32mBuilding C object CMakeFiles/autoware_adapi_v1_msgs__rosidl_generator_py.dir/rosidl_generator_py/autoware_adapi_v1_msgs/msg/_steering_factor_s.c.o[0m
[ 96%] [32mBuilding C object CMakeFiles/autoware_adapi_v1_msgs__rosidl_generator_py.dir/rosidl_generator_py/autoware_adapi_v1_msgs/msg/_velocity_factor_s.c.o[0m
[ 96%] [32mBuilding C object CMakeFiles/autoware_adapi_v1_msgs__rosidl_generator_py.dir/rosidl_generator_py/autoware_adapi_v1_msgs/msg/_velocity_factor_array_s.c.o[0m
[ 97%] [32mBuilding C object CMakeFiles/autoware_adapi_v1_msgs__rosidl_generator_py.dir/rosidl_generator_py/autoware_adapi_v1_msgs/msg/_mrm_state_s.c.o[0m
[ 97%] [32m[1mLinking C shared library rosidl_generator_py/autoware_adapi_v1_msgs/libautoware_adapi_v1_msgs__rosidl_generator_py.so[0m
[ 97%] Built target autoware_adapi_v1_msgs__rosidl_generator_py
[35m[1mScanning dependencies of target autoware_adapi_v1_msgs__rosidl_typesupport_introspection_c__pyext[0m
[35m[1mScanning dependencies of target autoware_adapi_v1_msgs__rosidl_typesupport_fastrtps_c__pyext[0m
[35m[1mScanning dependencies of target autoware_adapi_v1_msgs__rosidl_typesupport_c__pyext[0m
[100%] [32mBuilding C object CMakeFiles/autoware_adapi_v1_msgs__rosidl_typesupport_introspection_c__pyext.dir/rosidl_generator_py/autoware_adapi_v1_msgs/_autoware_adapi_v1_msgs_s.ep.rosidl_typesupport_introspection_c.c.o[0m
[100%] [32mBuilding C object CMakeFiles/autoware_adapi_v1_msgs__rosidl_typesupport_c__pyext.dir/rosidl_generator_py/autoware_adapi_v1_msgs/_autoware_adapi_v1_msgs_s.ep.rosidl_typesupport_c.c.o[0m
[100%] [32mBuilding C object CMakeFiles/autoware_adapi_v1_msgs__rosidl_typesupport_fastrtps_c__pyext.dir/rosidl_generator_py/autoware_adapi_v1_msgs/_autoware_adapi_v1_msgs_s.ep.rosidl_typesupport_fastrtps_c.c.o[0m
running egg_info
writing autoware_adapi_v1_msgs.egg-info/PKG-INFO
writing dependency_links to autoware_adapi_v1_msgs.egg-info/dependency_links.txt
writing top-level names to autoware_adapi_v1_msgs.egg-info/top_level.txt
[100%] [32m[1mLinking C shared library rosidl_generator_py/autoware_adapi_v1_msgs/autoware_adapi_v1_msgs_s__rosidl_typesupport_introspection_c.cpython-38-x86_64-linux-gnu.so[0m
[100%] [32m[1mLinking C shared library rosidl_generator_py/autoware_adapi_v1_msgs/autoware_adapi_v1_msgs_s__rosidl_typesupport_fastrtps_c.cpython-38-x86_64-linux-gnu.so[0m
[100%] [32m[1mLinking C shared library rosidl_generator_py/autoware_adapi_v1_msgs/autoware_adapi_v1_msgs_s__rosidl_typesupport_c.cpython-38-x86_64-linux-gnu.so[0m
reading manifest file 'autoware_adapi_v1_msgs.egg-info/SOURCES.txt'
writing manifest file 'autoware_adapi_v1_msgs.egg-info/SOURCES.txt'
[100%] Built target autoware_adapi_v1_msgs__rosidl_typesupport_introspection_c__pyext
[100%] Built target autoware_adapi_v1_msgs__rosidl_typesupport_c__pyext
[100%] Built target ament_cmake_python_build_autoware_adapi_v1_msgs_egg
[100%] Built target autoware_adapi_v1_msgs__rosidl_typesupport_fastrtps_c__pyext
