[0.801s] Invoking command in '/home/carla/Github/C-V2X-Autoware-Carla/build/autoware_adapi_v1_msgs': CMAKE_PREFIX_PATH=${CMAKE_PREFIX_PATH}:/home/carla/Github/C-V2X-Autoware-Carla/install/vehicle:/home/carla/Github/C-V2X-Autoware-Carla/install/map:/home/carla/Github/C-V2X-Autoware-Carla/install/infrastructure:/home/carla/ros2_humble/install/rqt_bag_plugins:/home/carla/ros2_humble/install/rqt_bag:/home/carla/ros2_humble/install/ros2bag:/home/carla/ros2_humble/install/tracetools_test:/home/carla/ros2_humble/install/tracetools_launch:/home/carla/ros2_humble/install/topic_monitor:/home/carla/ros2_humble/install/tf2_tools:/home/carla/ros2_humble/install/examples_tf2_py:/home/carla/ros2_humble/install/tf2_ros_py:/home/carla/ros2_humble/install/sros2:/home/carla/ros2_humble/install/rqt_topic:/home/carla/ros2_humble/install/rqt_srv:/home/carla/ros2_humble/install/rqt_shell:/home/carla/ros2_humble/install/rqt_service_caller:/home/carla/ros2_humble/install/rqt_reconfigure:/home/carla/ros2_humble/install/rqt_py_console:/home/carla/ros2_humble/install/rqt_publisher:/home/carla/ros2_humble/install/rqt_plot:/home/carla/ros2_humble/install/rqt_action:/home/carla/ros2_humble/install/rqt_msg:/home/carla/ros2_humble/install/rqt_console:/home/carla/ros2_humble/install/rqt:/home/carla/ros2_humble/install/rqt_graph:/home/carla/ros2_humble/install/rqt_gui_py:/home/carla/ros2_humble/install/rqt_gui:/home/carla/ros2_humble/install/ros2trace:/home/carla/ros2_humble/install/ros2topic:/home/carla/ros2_humble/install/ros2test:/home/carla/ros2_humble/install/ros2component:/home/carla/ros2_humble/install/ros2param:/home/carla/ros2_humble/install/ros2lifecycle:/home/carla/ros2_humble/install/ros2service:/home/carla/ros2_humble/install/ros2run:/home/carla/ros2_humble/install/ros2launch:/home/carla/ros2_humble/install/ros2pkg:/home/carla/ros2_humble/install/ros2node:/home/carla/ros2_humble/install/ros2multicast:/home/carla/ros2_humble/install/ros2interface:/home/carla/ros2_humble/install/ros2doctor:/home/carla/ros2_humble/install/ros2action:/home/carla/ros2_humble/install/ros2cli:/home/carla/ros2_humble/install/quality_of_service_demo_py:/home/carla/ros2_humble/install/lifecycle_py:/home/carla/ros2_humble/install/launch_testing_ros:/home/carla/ros2_humble/install/launch_ros:/home/carla/ros2_humble/install/examples_rclpy_pointcloud_publisher:/home/carla/ros2_humble/install/examples_rclpy_minimal_subscriber:/home/carla/ros2_humble/install/examples_rclpy_minimal_service:/home/carla/ros2_humble/install/examples_rclpy_minimal_publisher:/home/carla/ros2_humble/install/examples_rclpy_minimal_client:/home/carla/ros2_humble/install/examples_rclpy_minimal_action_server:/home/carla/ros2_humble/install/examples_rclpy_minimal_action_client:/home/carla/ros2_humble/install/examples_rclpy_guard_conditions:/home/carla/ros2_humble/install/examples_rclpy_executors:/home/carla/ros2_humble/install/demo_nodes_py:/home/carla/ros2_humble/install/action_tutorials_py:/home/carla/ros2_humble/install/ament_uncrustify:/home/carla/ros2_humble/install/tracetools_trace:/home/carla/ros2_humble/install/tracetools_read:/home/carla/ros2_humble/install/test_tracetools_launch:/home/carla/ros2_humble/install/test_launch_ros:/home/carla/ros2_humble/install/sensor_msgs_py:/home/carla/ros2_humble/install/rpyutils:/home/carla/ros2_humble/install/rosidl_runtime_py:/home/carla/ros2_humble/install/rosidl_cli:/home/carla/ros2_humble/install/launch_pytest:/home/carla/ros2_humble/install/launch_testing:/home/carla/ros2_humble/install/launch_yaml:/home/carla/ros2_humble/install/launch_xml:/home/carla/ros2_humble/install/launch:/home/carla/ros2_humble/install/osrf_pycommon:/home/carla/ros2_humble/install/launch_testing_examples:/home/carla/ros2_humble/install/domain_coordinator:/home/carla/ros2_humble/install/ament_xmllint:/home/carla/ros2_humble/install/ament_pyflakes:/home/carla/ros2_humble/install/ament_pycodestyle:/home/carla/ros2_humble/install/ament_pep257:/home/carla/ros2_humble/install/ament_pclint:/home/carla/ros2_humble/install/ament_package:/home/carla/ros2_humble/install/ament_mypy:/home/carla/ros2_humble/install/ament_lint_cmake:/home/carla/ros2_humble/install/ament_flake8:/home/carla/ros2_humble/install/ament_copyright:/home/carla/ros2_humble/install/ament_lint:/home/carla/ros2_humble/install/ament_index_python:/home/carla/ros2_humble/install/ament_cpplint:/home/carla/ros2_humble/install/ament_cppcheck:/home/carla/ros2_humble/install/ament_clang_tidy:/home/carla/ros2_humble/install/ament_clang_format /usr/bin/cmake --build /home/carla/Github/C-V2X-Autoware-Carla/build/autoware_adapi_v1_msgs -- -j20 -l20
[2.228s] [  0%] Built target autoware_adapi_v1_msgs__cpp
[2.228s] [ 12%] Built target autoware_adapi_v1_msgs__rosidl_generator_c
[2.228s] [ 12%] Built target ament_cmake_python_symlink_autoware_adapi_v1_msgs
[2.228s] [ 24%] Built target autoware_adapi_v1_msgs__rosidl_typesupport_cpp
[2.228s] [ 61%] Built target autoware_adapi_v1_msgs__rosidl_typesupport_introspection_cpp
[2.228s] [ 61%] Built target autoware_adapi_v1_msgs__rosidl_typesupport_fastrtps_c
[2.229s] [ 61%] Built target autoware_adapi_v1_msgs__rosidl_typesupport_fastrtps_cpp
[2.231s] [ 73%] Built target autoware_adapi_v1_msgs__rosidl_typesupport_c
[2.231s] [ 85%] Built target autoware_adapi_v1_msgs__rosidl_typesupport_introspection_c
[2.231s] [ 85%] Built target autoware_adapi_v1_msgs
[2.231s] [ 86%] Built target autoware_adapi_v1_msgs__py
[2.231s] [35m[1mScanning dependencies of target autoware_adapi_v1_msgs__rosidl_generator_py[0m
[2.232s] [ 87%] [32mBuilding C object CMakeFiles/autoware_adapi_v1_msgs__rosidl_generator_py.dir/rosidl_generator_py/autoware_adapi_v1_msgs/msg/_response_status_s.c.o[0m
[2.232s] [ 87%] [32mBuilding C object CMakeFiles/autoware_adapi_v1_msgs__rosidl_generator_py.dir/rosidl_generator_py/autoware_adapi_v1_msgs/srv/_initialize_localization_s.c.o[0m
[2.232s] [ 87%] [32mBuilding C object CMakeFiles/autoware_adapi_v1_msgs__rosidl_generator_py.dir/rosidl_generator_py/autoware_adapi_v1_msgs/msg/_route_state_s.c.o[0m
[2.232s] [ 87%] [32mBuilding C object CMakeFiles/autoware_adapi_v1_msgs__rosidl_generator_py.dir/rosidl_generator_py/autoware_adapi_v1_msgs/msg/_route_segment_s.c.o[0m
[2.232s] [ 87%] [32mBuilding C object CMakeFiles/autoware_adapi_v1_msgs__rosidl_generator_py.dir/rosidl_generator_py/autoware_adapi_v1_msgs/srv/_set_route_s.c.o[0m
[2.232s] [ 87%] [32mBuilding C object CMakeFiles/autoware_adapi_v1_msgs__rosidl_generator_py.dir/rosidl_generator_py/autoware_adapi_v1_msgs/msg/_operation_mode_state_s.c.o[0m
[2.232s] [ 88%] [32mBuilding C object CMakeFiles/autoware_adapi_v1_msgs__rosidl_generator_py.dir/rosidl_generator_py/autoware_adapi_v1_msgs/srv/_clear_route_s.c.o[0m
[2.232s] [ 88%] [32mBuilding C object CMakeFiles/autoware_adapi_v1_msgs__rosidl_generator_py.dir/rosidl_generator_py/autoware_adapi_v1_msgs/msg/_motion_state_s.c.o[0m
[2.232s] [ 89%] [32mBuilding C object CMakeFiles/autoware_adapi_v1_msgs__rosidl_generator_py.dir/rosidl_generator_py/autoware_adapi_v1_msgs/msg/_route_data_s.c.o[0m
[2.232s] [ 89%] [32mBuilding C object CMakeFiles/autoware_adapi_v1_msgs__rosidl_generator_py.dir/rosidl_generator_py/autoware_adapi_v1_msgs/msg/_route_option_s.c.o[0m
[2.232s] [ 90%] [32mBuilding C object CMakeFiles/autoware_adapi_v1_msgs__rosidl_generator_py.dir/rosidl_generator_py/autoware_adapi_v1_msgs/srv/_change_operation_mode_s.c.o[0m
[2.232s] [ 91%] [32mBuilding C object CMakeFiles/autoware_adapi_v1_msgs__rosidl_generator_py.dir/rosidl_generator_py/autoware_adapi_v1_msgs/msg/_localization_initialization_state_s.c.o[0m
[2.232s] [ 91%] [32mBuilding C object CMakeFiles/autoware_adapi_v1_msgs__rosidl_generator_py.dir/rosidl_generator_py/autoware_adapi_v1_msgs/msg/_route_s.c.o[0m
[2.232s] [ 92%] [32mBuilding C object CMakeFiles/autoware_adapi_v1_msgs__rosidl_generator_py.dir/rosidl_generator_py/autoware_adapi_v1_msgs/srv/_accept_start_s.c.o[0m
[2.232s] [ 94%] [32mBuilding C object CMakeFiles/autoware_adapi_v1_msgs__rosidl_generator_py.dir/rosidl_generator_py/autoware_adapi_v1_msgs/msg/_route_primitive_s.c.o[0m
[2.232s] [ 94%] [32mBuilding C object CMakeFiles/autoware_adapi_v1_msgs__rosidl_generator_py.dir/rosidl_generator_py/autoware_adapi_v1_msgs/srv/_set_route_points_s.c.o[0m
[2.232s] [ 95%] [32mBuilding C object CMakeFiles/autoware_adapi_v1_msgs__rosidl_generator_py.dir/rosidl_generator_py/autoware_adapi_v1_msgs/msg/_steering_factor_array_s.c.o[0m
[2.232s] [ 95%] [32mBuilding C object CMakeFiles/autoware_adapi_v1_msgs__rosidl_generator_py.dir/rosidl_generator_py/autoware_adapi_v1_msgs/msg/_steering_factor_s.c.o[0m
[2.232s] [ 96%] [32mBuilding C object CMakeFiles/autoware_adapi_v1_msgs__rosidl_generator_py.dir/rosidl_generator_py/autoware_adapi_v1_msgs/msg/_velocity_factor_s.c.o[0m
[2.232s] [ 96%] [32mBuilding C object CMakeFiles/autoware_adapi_v1_msgs__rosidl_generator_py.dir/rosidl_generator_py/autoware_adapi_v1_msgs/msg/_velocity_factor_array_s.c.o[0m
[2.232s] [ 97%] [32mBuilding C object CMakeFiles/autoware_adapi_v1_msgs__rosidl_generator_py.dir/rosidl_generator_py/autoware_adapi_v1_msgs/msg/_mrm_state_s.c.o[0m
[2.232s] [ 97%] [32m[1mLinking C shared library rosidl_generator_py/autoware_adapi_v1_msgs/libautoware_adapi_v1_msgs__rosidl_generator_py.so[0m
[2.232s] [ 97%] Built target autoware_adapi_v1_msgs__rosidl_generator_py
[2.232s] [35m[1mScanning dependencies of target autoware_adapi_v1_msgs__rosidl_typesupport_introspection_c__pyext[0m
[2.232s] [35m[1mScanning dependencies of target autoware_adapi_v1_msgs__rosidl_typesupport_fastrtps_c__pyext[0m
[2.232s] [35m[1mScanning dependencies of target autoware_adapi_v1_msgs__rosidl_typesupport_c__pyext[0m
[2.232s] [100%] [32mBuilding C object CMakeFiles/autoware_adapi_v1_msgs__rosidl_typesupport_introspection_c__pyext.dir/rosidl_generator_py/autoware_adapi_v1_msgs/_autoware_adapi_v1_msgs_s.ep.rosidl_typesupport_introspection_c.c.o[0m
[2.232s] [100%] [32mBuilding C object CMakeFiles/autoware_adapi_v1_msgs__rosidl_typesupport_c__pyext.dir/rosidl_generator_py/autoware_adapi_v1_msgs/_autoware_adapi_v1_msgs_s.ep.rosidl_typesupport_c.c.o[0m
[2.233s] [100%] [32mBuilding C object CMakeFiles/autoware_adapi_v1_msgs__rosidl_typesupport_fastrtps_c__pyext.dir/rosidl_generator_py/autoware_adapi_v1_msgs/_autoware_adapi_v1_msgs_s.ep.rosidl_typesupport_fastrtps_c.c.o[0m
[2.233s] running egg_info
[2.233s] writing autoware_adapi_v1_msgs.egg-info/PKG-INFO
[2.233s] writing dependency_links to autoware_adapi_v1_msgs.egg-info/dependency_links.txt
[2.233s] writing top-level names to autoware_adapi_v1_msgs.egg-info/top_level.txt
[2.233s] [100%] [32m[1mLinking C shared library rosidl_generator_py/autoware_adapi_v1_msgs/autoware_adapi_v1_msgs_s__rosidl_typesupport_introspection_c.cpython-38-x86_64-linux-gnu.so[0m
[2.233s] [100%] [32m[1mLinking C shared library rosidl_generator_py/autoware_adapi_v1_msgs/autoware_adapi_v1_msgs_s__rosidl_typesupport_fastrtps_c.cpython-38-x86_64-linux-gnu.so[0m
[2.233s] [100%] [32m[1mLinking C shared library rosidl_generator_py/autoware_adapi_v1_msgs/autoware_adapi_v1_msgs_s__rosidl_typesupport_c.cpython-38-x86_64-linux-gnu.so[0m
[2.233s] reading manifest file 'autoware_adapi_v1_msgs.egg-info/SOURCES.txt'
[2.233s] writing manifest file 'autoware_adapi_v1_msgs.egg-info/SOURCES.txt'
[2.233s] [100%] Built target autoware_adapi_v1_msgs__rosidl_typesupport_introspection_c__pyext
[2.233s] [100%] Built target autoware_adapi_v1_msgs__rosidl_typesupport_c__pyext
[2.233s] [100%] Built target ament_cmake_python_build_autoware_adapi_v1_msgs_egg
[2.233s] [100%] Built target autoware_adapi_v1_msgs__rosidl_typesupport_fastrtps_c__pyext
[2.234s] Invoked command in '/home/carla/Github/C-V2X-Autoware-Carla/build/autoware_adapi_v1_msgs' returned '0': CMAKE_PREFIX_PATH=${CMAKE_PREFIX_PATH}:/home/carla/Github/C-V2X-Autoware-Carla/install/vehicle:/home/carla/Github/C-V2X-Autoware-Carla/install/map:/home/carla/Github/C-V2X-Autoware-Carla/install/infrastructure:/home/carla/ros2_humble/install/rqt_bag_plugins:/home/carla/ros2_humble/install/rqt_bag:/home/carla/ros2_humble/install/ros2bag:/home/carla/ros2_humble/install/tracetools_test:/home/carla/ros2_humble/install/tracetools_launch:/home/carla/ros2_humble/install/topic_monitor:/home/carla/ros2_humble/install/tf2_tools:/home/carla/ros2_humble/install/examples_tf2_py:/home/carla/ros2_humble/install/tf2_ros_py:/home/carla/ros2_humble/install/sros2:/home/carla/ros2_humble/install/rqt_topic:/home/carla/ros2_humble/install/rqt_srv:/home/carla/ros2_humble/install/rqt_shell:/home/carla/ros2_humble/install/rqt_service_caller:/home/carla/ros2_humble/install/rqt_reconfigure:/home/carla/ros2_humble/install/rqt_py_console:/home/carla/ros2_humble/install/rqt_publisher:/home/carla/ros2_humble/install/rqt_plot:/home/carla/ros2_humble/install/rqt_action:/home/carla/ros2_humble/install/rqt_msg:/home/carla/ros2_humble/install/rqt_console:/home/carla/ros2_humble/install/rqt:/home/carla/ros2_humble/install/rqt_graph:/home/carla/ros2_humble/install/rqt_gui_py:/home/carla/ros2_humble/install/rqt_gui:/home/carla/ros2_humble/install/ros2trace:/home/carla/ros2_humble/install/ros2topic:/home/carla/ros2_humble/install/ros2test:/home/carla/ros2_humble/install/ros2component:/home/carla/ros2_humble/install/ros2param:/home/carla/ros2_humble/install/ros2lifecycle:/home/carla/ros2_humble/install/ros2service:/home/carla/ros2_humble/install/ros2run:/home/carla/ros2_humble/install/ros2launch:/home/carla/ros2_humble/install/ros2pkg:/home/carla/ros2_humble/install/ros2node:/home/carla/ros2_humble/install/ros2multicast:/home/carla/ros2_humble/install/ros2interface:/home/carla/ros2_humble/install/ros2doctor:/home/carla/ros2_humble/install/ros2action:/home/carla/ros2_humble/install/ros2cli:/home/carla/ros2_humble/install/quality_of_service_demo_py:/home/carla/ros2_humble/install/lifecycle_py:/home/carla/ros2_humble/install/launch_testing_ros:/home/carla/ros2_humble/install/launch_ros:/home/carla/ros2_humble/install/examples_rclpy_pointcloud_publisher:/home/carla/ros2_humble/install/examples_rclpy_minimal_subscriber:/home/carla/ros2_humble/install/examples_rclpy_minimal_service:/home/carla/ros2_humble/install/examples_rclpy_minimal_publisher:/home/carla/ros2_humble/install/examples_rclpy_minimal_client:/home/carla/ros2_humble/install/examples_rclpy_minimal_action_server:/home/carla/ros2_humble/install/examples_rclpy_minimal_action_client:/home/carla/ros2_humble/install/examples_rclpy_guard_conditions:/home/carla/ros2_humble/install/examples_rclpy_executors:/home/carla/ros2_humble/install/demo_nodes_py:/home/carla/ros2_humble/install/action_tutorials_py:/home/carla/ros2_humble/install/ament_uncrustify:/home/carla/ros2_humble/install/tracetools_trace:/home/carla/ros2_humble/install/tracetools_read:/home/carla/ros2_humble/install/test_tracetools_launch:/home/carla/ros2_humble/install/test_launch_ros:/home/carla/ros2_humble/install/sensor_msgs_py:/home/carla/ros2_humble/install/rpyutils:/home/carla/ros2_humble/install/rosidl_runtime_py:/home/carla/ros2_humble/install/rosidl_cli:/home/carla/ros2_humble/install/launch_pytest:/home/carla/ros2_humble/install/launch_testing:/home/carla/ros2_humble/install/launch_yaml:/home/carla/ros2_humble/install/launch_xml:/home/carla/ros2_humble/install/launch:/home/carla/ros2_humble/install/osrf_pycommon:/home/carla/ros2_humble/install/launch_testing_examples:/home/carla/ros2_humble/install/domain_coordinator:/home/carla/ros2_humble/install/ament_xmllint:/home/carla/ros2_humble/install/ament_pyflakes:/home/carla/ros2_humble/install/ament_pycodestyle:/home/carla/ros2_humble/install/ament_pep257:/home/carla/ros2_humble/install/ament_pclint:/home/carla/ros2_humble/install/ament_package:/home/carla/ros2_humble/install/ament_mypy:/home/carla/ros2_humble/install/ament_lint_cmake:/home/carla/ros2_humble/install/ament_flake8:/home/carla/ros2_humble/install/ament_copyright:/home/carla/ros2_humble/install/ament_lint:/home/carla/ros2_humble/install/ament_index_python:/home/carla/ros2_humble/install/ament_cpplint:/home/carla/ros2_humble/install/ament_cppcheck:/home/carla/ros2_humble/install/ament_clang_tidy:/home/carla/ros2_humble/install/ament_clang_format /usr/bin/cmake --build /home/carla/Github/C-V2X-Autoware-Carla/build/autoware_adapi_v1_msgs -- -j20 -l20
