-- The C compiler identification is GNU 9.4.0
-- The CXX compiler identification is GNU 9.4.0
-- Check for working C compiler: /usr/bin/cc
-- Check for working C compiler: /usr/bin/cc -- works
-- Detecting C compiler ABI info
-- Detecting C compiler ABI info - done
-- Detecting C compile features
-- Detecting C compile features - done
-- Check for working CXX compiler: /usr/bin/c++
-- Check for working CXX compiler: /usr/bin/c++ -- works
-- Detecting CXX compiler ABI info
-- Detecting CXX compiler ABI info - done
-- Detecting CXX compile features
-- Detecting CXX compile features - done
-- Found ament_cmake_auto: 1.3.3 (/home/carla/ros2_humble/install/ament_cmake_auto/share/ament_cmake_auto/cmake)
-- Found Python3: /usr/bin/python3.8 (found version "3.8.10") found components: Interpreter 
-- Using all available rosidl_typesupport_c: rosidl_typesupport_introspection_c;rosidl_typesupport_fastrtps_c
-- Found rosidl_adapter: 3.1.4 (/home/carla/ros2_humble/install/rosidl_adapter/share/rosidl_adapter/cmake)
-- Using all available rosidl_typesupport_cpp: rosidl_typesupport_introspection_cpp;rosidl_typesupport_fastrtps_cpp
-- Found ament_cmake_cppcheck: 0.12.5 (/home/carla/ros2_humble/install/ament_cmake_cppcheck/share/ament_cmake_cppcheck/cmake)
-- Found ament_cmake_cpplint: 0.12.5 (/home/carla/ros2_humble/install/ament_cmake_cpplint/share/ament_cmake_cpplint/cmake)
-- Found ament_cmake_uncrustify: 0.12.5 (/home/carla/ros2_humble/install/ament_cmake_uncrustify/share/ament_cmake_uncrustify/cmake)
-- Found ament_cmake_ros: 0.10.0 (/home/carla/ros2_humble/install/ament_cmake_ros/share/ament_cmake_ros/cmake)
-- Using all available rosidl_typesupport_c: rosidl_typesupport_introspection_c;rosidl_typesupport_fastrtps_c
-- Using all available rosidl_typesupport_cpp: rosidl_typesupport_introspection_cpp;rosidl_typesupport_fastrtps_cpp
-- Found PythonInterp: /usr/bin/python3 (found suitable version "3.8.10", minimum required is "3.6") 
-- Found python_cmake_module: 0.10.0 (/home/carla/ros2_humble/install/python_cmake_module/share/python_cmake_module/cmake)
-- Found PythonLibs: /usr/lib/x86_64-linux-gnu/libpython3.8.so (found suitable version "3.8.10", minimum required is "3.5") 
-- Using PYTHON_EXECUTABLE: /usr/bin/python3
-- Using PYTHON_INCLUDE_DIRS: /usr/include/python3.8
-- Using PYTHON_LIBRARIES: /usr/lib/x86_64-linux-gnu/libpython3.8.so
-- Found PythonExtra: .so  
-- Found ament_cmake_flake8: 0.12.5 (/home/carla/ros2_humble/install/ament_cmake_flake8/share/ament_cmake_flake8/cmake)
-- Found ament_cmake_pep257: 0.12.5 (/home/carla/ros2_humble/install/ament_cmake_pep257/share/ament_cmake_pep257/cmake)
-- Found ament_lint_auto: 0.12.5 (/home/carla/ros2_humble/install/ament_lint_auto/share/ament_lint_auto/cmake)
-- Added test 'copyright' to check source files copyright and LICENSE
-- Added test 'lint_cmake' to check CMake code style
-- Added test 'xmllint' to check XML markup files
-- Configuring done
-- Generating done
-- Build files have been written to: /home/carla/Github/C-V2X-Autoware-Carla/build/autoware_auto_control_msgs
[35m[1mScanning dependencies of target ament_cmake_python_copy_autoware_auto_control_msgs[0m
[35m[1mScanning dependencies of target autoware_auto_control_msgs__cpp[0m
[  1%] [34m[1mGenerating C code for ROS interfaces[0m
[  3%] [34m[1mGenerating C++ code for ROS interfaces[0m
[  3%] Built target ament_cmake_python_copy_autoware_auto_control_msgs
[35m[1mScanning dependencies of target ament_cmake_python_build_autoware_auto_control_msgs_egg[0m
running egg_info
creating autoware_auto_control_msgs.egg-info
writing autoware_auto_control_msgs.egg-info/PKG-INFO
writing dependency_links to autoware_auto_control_msgs.egg-info/dependency_links.txt
writing top-level names to autoware_auto_control_msgs.egg-info/top_level.txt
writing manifest file 'autoware_auto_control_msgs.egg-info/SOURCES.txt'
reading manifest file 'autoware_auto_control_msgs.egg-info/SOURCES.txt'
writing manifest file 'autoware_auto_control_msgs.egg-info/SOURCES.txt'
[  3%] Built target ament_cmake_python_build_autoware_auto_control_msgs_egg
[  3%] Built target autoware_auto_control_msgs__cpp
[  5%] [34m[1mGenerating C++ introspection for ROS interfaces[0m
[  7%] [34m[1mGenerating C++ type support for eProsima Fast-RTPS[0m
[  9%] [34m[1mGenerating C++ type support dispatch for ROS interfaces[0m
[35m[1mScanning dependencies of target autoware_auto_control_msgs__rosidl_generator_c[0m
[ 10%] [32mBuilding C object CMakeFiles/autoware_auto_control_msgs__rosidl_generator_c.dir/rosidl_generator_c/autoware_auto_control_msgs/msg/detail/ackermann_control_command__functions.c.o[0m
[ 12%] [32mBuilding C object CMakeFiles/autoware_auto_control_msgs__rosidl_generator_c.dir/rosidl_generator_c/autoware_auto_control_msgs/msg/detail/high_level_control_command__functions.c.o[0m
[ 14%] [32mBuilding C object CMakeFiles/autoware_auto_control_msgs__rosidl_generator_c.dir/rosidl_generator_c/autoware_auto_control_msgs/msg/detail/longitudinal_command__functions.c.o[0m
[ 16%] [32mBuilding C object CMakeFiles/autoware_auto_control_msgs__rosidl_generator_c.dir/rosidl_generator_c/autoware_auto_control_msgs/msg/detail/ackermann_lateral_command__functions.c.o[0m
[ 18%] [32m[1mLinking C shared library libautoware_auto_control_msgs__rosidl_generator_c.so[0m
[ 18%] Built target autoware_auto_control_msgs__rosidl_generator_c
[ 20%] [34m[1mGenerating C type support dispatch for ROS interfaces[0m
[ 21%] [34m[1mGenerating C type support for eProsima Fast-RTPS[0m
[ 23%] [34m[1mGenerating C introspection for ROS interfaces[0m
[35m[1mScanning dependencies of target autoware_auto_control_msgs__rosidl_typesupport_cpp[0m
[35m[1mScanning dependencies of target autoware_auto_control_msgs__rosidl_typesupport_introspection_cpp[0m
[ 25%] [32mBuilding CXX object CMakeFiles/autoware_auto_control_msgs__rosidl_typesupport_introspection_cpp.dir/rosidl_typesupport_introspection_cpp/autoware_auto_control_msgs/msg/detail/ackermann_control_command__type_support.cpp.o[0m
[ 27%] [32mBuilding CXX object CMakeFiles/autoware_auto_control_msgs__rosidl_typesupport_introspection_cpp.dir/rosidl_typesupport_introspection_cpp/autoware_auto_control_msgs/msg/detail/high_level_control_command__type_support.cpp.o[0m
[ 29%] [32mBuilding CXX object CMakeFiles/autoware_auto_control_msgs__rosidl_typesupport_introspection_cpp.dir/rosidl_typesupport_introspection_cpp/autoware_auto_control_msgs/msg/detail/ackermann_lateral_command__type_support.cpp.o[0m
[ 30%] [32mBuilding CXX object CMakeFiles/autoware_auto_control_msgs__rosidl_typesupport_cpp.dir/rosidl_typesupport_cpp/autoware_auto_control_msgs/msg/ackermann_control_command__type_support.cpp.o[0m
[ 32%] [32mBuilding CXX object CMakeFiles/autoware_auto_control_msgs__rosidl_typesupport_cpp.dir/rosidl_typesupport_cpp/autoware_auto_control_msgs/msg/ackermann_lateral_command__type_support.cpp.o[0m
[ 34%] [32mBuilding CXX object CMakeFiles/autoware_auto_control_msgs__rosidl_typesupport_cpp.dir/rosidl_typesupport_cpp/autoware_auto_control_msgs/msg/high_level_control_command__type_support.cpp.o[0m
[ 36%] [32mBuilding CXX object CMakeFiles/autoware_auto_control_msgs__rosidl_typesupport_cpp.dir/rosidl_typesupport_cpp/autoware_auto_control_msgs/msg/longitudinal_command__type_support.cpp.o[0m
[ 38%] [32mBuilding CXX object CMakeFiles/autoware_auto_control_msgs__rosidl_typesupport_introspection_cpp.dir/rosidl_typesupport_introspection_cpp/autoware_auto_control_msgs/msg/detail/longitudinal_command__type_support.cpp.o[0m
[35m[1mScanning dependencies of target autoware_auto_control_msgs__rosidl_typesupport_fastrtps_cpp[0m
[ 40%] [32mBuilding CXX object CMakeFiles/autoware_auto_control_msgs__rosidl_typesupport_fastrtps_cpp.dir/rosidl_typesupport_fastrtps_cpp/autoware_auto_control_msgs/msg/detail/dds_fastrtps/ackermann_lateral_command__type_support.cpp.o[0m
[ 41%] [32mBuilding CXX object CMakeFiles/autoware_auto_control_msgs__rosidl_typesupport_fastrtps_cpp.dir/rosidl_typesupport_fastrtps_cpp/autoware_auto_control_msgs/msg/detail/dds_fastrtps/ackermann_control_command__type_support.cpp.o[0m
[ 43%] [32mBuilding CXX object CMakeFiles/autoware_auto_control_msgs__rosidl_typesupport_fastrtps_cpp.dir/rosidl_typesupport_fastrtps_cpp/autoware_auto_control_msgs/msg/detail/dds_fastrtps/high_level_control_command__type_support.cpp.o[0m
[ 45%] [32mBuilding CXX object CMakeFiles/autoware_auto_control_msgs__rosidl_typesupport_fastrtps_cpp.dir/rosidl_typesupport_fastrtps_cpp/autoware_auto_control_msgs/msg/detail/dds_fastrtps/longitudinal_command__type_support.cpp.o[0m
[35m[1mScanning dependencies of target autoware_auto_control_msgs__rosidl_typesupport_c[0m
[ 47%] [32mBuilding CXX object CMakeFiles/autoware_auto_control_msgs__rosidl_typesupport_c.dir/rosidl_typesupport_c/autoware_auto_control_msgs/msg/ackermann_control_command__type_support.cpp.o[0m
[ 49%] [32mBuilding CXX object CMakeFiles/autoware_auto_control_msgs__rosidl_typesupport_c.dir/rosidl_typesupport_c/autoware_auto_control_msgs/msg/high_level_control_command__type_support.cpp.o[0m
[ 50%] [32mBuilding CXX object CMakeFiles/autoware_auto_control_msgs__rosidl_typesupport_c.dir/rosidl_typesupport_c/autoware_auto_control_msgs/msg/ackermann_lateral_command__type_support.cpp.o[0m
[35m[1mScanning dependencies of target autoware_auto_control_msgs__rosidl_typesupport_fastrtps_c[0m
[ 52%] [32mBuilding CXX object CMakeFiles/autoware_auto_control_msgs__rosidl_typesupport_c.dir/rosidl_typesupport_c/autoware_auto_control_msgs/msg/longitudinal_command__type_support.cpp.o[0m
[ 54%] [32mBuilding CXX object CMakeFiles/autoware_auto_control_msgs__rosidl_typesupport_fastrtps_c.dir/rosidl_typesupport_fastrtps_c/autoware_auto_control_msgs/msg/detail/ackermann_control_command__type_support_c.cpp.o[0m
[ 56%] [32mBuilding CXX object CMakeFiles/autoware_auto_control_msgs__rosidl_typesupport_fastrtps_c.dir/rosidl_typesupport_fastrtps_c/autoware_auto_control_msgs/msg/detail/ackermann_lateral_command__type_support_c.cpp.o[0m
[ 58%] [32mBuilding CXX object CMakeFiles/autoware_auto_control_msgs__rosidl_typesupport_fastrtps_c.dir/rosidl_typesupport_fastrtps_c/autoware_auto_control_msgs/msg/detail/high_level_control_command__type_support_c.cpp.o[0m
[ 60%] [32mBuilding CXX object CMakeFiles/autoware_auto_control_msgs__rosidl_typesupport_fastrtps_c.dir/rosidl_typesupport_fastrtps_c/autoware_auto_control_msgs/msg/detail/longitudinal_command__type_support_c.cpp.o[0m
[ 61%] [32m[1mLinking CXX shared library libautoware_auto_control_msgs__rosidl_typesupport_c.so[0m
[35m[1mScanning dependencies of target autoware_auto_control_msgs__rosidl_typesupport_introspection_c[0m
[ 63%] [32m[1mLinking CXX shared library libautoware_auto_control_msgs__rosidl_typesupport_cpp.so[0m
[ 65%] [32mBuilding C object CMakeFiles/autoware_auto_control_msgs__rosidl_typesupport_introspection_c.dir/rosidl_typesupport_introspection_c/autoware_auto_control_msgs/msg/detail/ackermann_control_command__type_support.c.o[0m
[ 67%] [32mBuilding C object CMakeFiles/autoware_auto_control_msgs__rosidl_typesupport_introspection_c.dir/rosidl_typesupport_introspection_c/autoware_auto_control_msgs/msg/detail/ackermann_lateral_command__type_support.c.o[0m
[ 69%] [32mBuilding C object CMakeFiles/autoware_auto_control_msgs__rosidl_typesupport_introspection_c.dir/rosidl_typesupport_introspection_c/autoware_auto_control_msgs/msg/detail/longitudinal_command__type_support.c.o[0m
[ 70%] [32mBuilding C object CMakeFiles/autoware_auto_control_msgs__rosidl_typesupport_introspection_c.dir/rosidl_typesupport_introspection_c/autoware_auto_control_msgs/msg/detail/high_level_control_command__type_support.c.o[0m
[ 70%] Built target autoware_auto_control_msgs__rosidl_typesupport_cpp
[ 70%] Built target autoware_auto_control_msgs__rosidl_typesupport_c
[ 72%] [32m[1mLinking CXX shared library libautoware_auto_control_msgs__rosidl_typesupport_fastrtps_cpp.so[0m
[ 74%] [32m[1mLinking C shared library libautoware_auto_control_msgs__rosidl_typesupport_introspection_c.so[0m
[ 74%] Built target autoware_auto_control_msgs__rosidl_typesupport_introspection_c
[ 76%] [32m[1mLinking CXX shared library libautoware_auto_control_msgs__rosidl_typesupport_introspection_cpp.so[0m
[ 76%] Built target autoware_auto_control_msgs__rosidl_typesupport_fastrtps_cpp
[ 78%] [32m[1mLinking CXX shared library libautoware_auto_control_msgs__rosidl_typesupport_fastrtps_c.so[0m
[ 78%] Built target autoware_auto_control_msgs__rosidl_typesupport_introspection_cpp
[ 78%] Built target autoware_auto_control_msgs__rosidl_typesupport_fastrtps_c
[35m[1mScanning dependencies of target autoware_auto_control_msgs[0m
[ 78%] Built target autoware_auto_control_msgs
[35m[1mScanning dependencies of target autoware_auto_control_msgs__py[0m
[ 80%] [34m[1mGenerating Python code for ROS interfaces[0m
[ 80%] Built target autoware_auto_control_msgs__py
[35m[1mScanning dependencies of target autoware_auto_control_msgs__rosidl_generator_py[0m
[ 81%] [32mBuilding C object CMakeFiles/autoware_auto_control_msgs__rosidl_generator_py.dir/rosidl_generator_py/autoware_auto_control_msgs/msg/_ackermann_control_command_s.c.o[0m
[ 83%] [32mBuilding C object CMakeFiles/autoware_auto_control_msgs__rosidl_generator_py.dir/rosidl_generator_py/autoware_auto_control_msgs/msg/_high_level_control_command_s.c.o[0m
[ 87%] [32mBuilding C object CMakeFiles/autoware_auto_control_msgs__rosidl_generator_py.dir/rosidl_generator_py/autoware_auto_control_msgs/msg/_ackermann_lateral_command_s.c.o[0m
[ 87%] [32mBuilding C object CMakeFiles/autoware_auto_control_msgs__rosidl_generator_py.dir/rosidl_generator_py/autoware_auto_control_msgs/msg/_longitudinal_command_s.c.o[0m
[ 89%] [32m[1mLinking C shared library rosidl_generator_py/autoware_auto_control_msgs/libautoware_auto_control_msgs__rosidl_generator_py.so[0m
[ 89%] Built target autoware_auto_control_msgs__rosidl_generator_py
[35m[1mScanning dependencies of target autoware_auto_control_msgs__rosidl_typesupport_c__pyext[0m
[35m[1mScanning dependencies of target autoware_auto_control_msgs__rosidl_typesupport_fastrtps_c__pyext[0m
[35m[1mScanning dependencies of target autoware_auto_control_msgs__rosidl_typesupport_introspection_c__pyext[0m
[ 90%] [32mBuilding C object CMakeFiles/autoware_auto_control_msgs__rosidl_typesupport_c__pyext.dir/rosidl_generator_py/autoware_auto_control_msgs/_autoware_auto_control_msgs_s.ep.rosidl_typesupport_c.c.o[0m
[ 92%] [32mBuilding C object CMakeFiles/autoware_auto_control_msgs__rosidl_typesupport_fastrtps_c__pyext.dir/rosidl_generator_py/autoware_auto_control_msgs/_autoware_auto_control_msgs_s.ep.rosidl_typesupport_fastrtps_c.c.o[0m
[ 94%] [32mBuilding C object CMakeFiles/autoware_auto_control_msgs__rosidl_typesupport_introspection_c__pyext.dir/rosidl_generator_py/autoware_auto_control_msgs/_autoware_auto_control_msgs_s.ep.rosidl_typesupport_introspection_c.c.o[0m
[ 96%] [32m[1mLinking C shared library rosidl_generator_py/autoware_auto_control_msgs/autoware_auto_control_msgs_s__rosidl_typesupport_c.cpython-38-x86_64-linux-gnu.so[0m
[ 98%] [32m[1mLinking C shared library rosidl_generator_py/autoware_auto_control_msgs/autoware_auto_control_msgs_s__rosidl_typesupport_fastrtps_c.cpython-38-x86_64-linux-gnu.so[0m
[ 98%] Built target autoware_auto_control_msgs__rosidl_typesupport_c__pyext
[ 98%] Built target autoware_auto_control_msgs__rosidl_typesupport_fastrtps_c__pyext
[100%] [32m[1mLinking C shared library rosidl_generator_py/autoware_auto_control_msgs/autoware_auto_control_msgs_s__rosidl_typesupport_introspection_c.cpython-38-x86_64-linux-gnu.so[0m
[100%] Built target autoware_auto_control_msgs__rosidl_typesupport_introspection_c__pyext
-- Install configuration: ""
-- Installing: /home/carla/Github/C-V2X-Autoware-Carla/install/autoware_auto_control_msgs/share/ament_index/resource_index/rosidl_interfaces/autoware_auto_control_msgs
-- Installing: /home/carla/Github/C-V2X-Autoware-Carla/install/autoware_auto_control_msgs/include/autoware_auto_control_msgs/autoware_auto_control_msgs
-- Installing: /home/carla/Github/C-V2X-Autoware-Carla/install/autoware_auto_control_msgs/include/autoware_auto_control_msgs/autoware_auto_control_msgs/msg
-- Installing: /home/carla/Github/C-V2X-Autoware-Carla/install/autoware_auto_control_msgs/include/autoware_auto_control_msgs/autoware_auto_control_msgs/msg/longitudinal_command.h
-- Installing: /home/carla/Github/C-V2X-Autoware-Carla/install/autoware_auto_control_msgs/include/autoware_auto_control_msgs/autoware_auto_control_msgs/msg/ackermann_control_command.h
-- Installing: /home/carla/Github/C-V2X-Autoware-Carla/install/autoware_auto_control_msgs/include/autoware_auto_control_msgs/autoware_auto_control_msgs/msg/high_level_control_command.h
-- Installing: /home/carla/Github/C-V2X-Autoware-Carla/install/autoware_auto_control_msgs/include/autoware_auto_control_msgs/autoware_auto_control_msgs/msg/detail
-- Installing: /home/carla/Github/C-V2X-Autoware-Carla/install/autoware_auto_control_msgs/include/autoware_auto_control_msgs/autoware_auto_control_msgs/msg/detail/ackermann_control_command__functions.c
-- Installing: /home/carla/Github/C-V2X-Autoware-Carla/install/autoware_auto_control_msgs/include/autoware_auto_control_msgs/autoware_auto_control_msgs/msg/detail/ackermann_lateral_command__functions.c
-- Installing: /home/carla/Github/C-V2X-Autoware-Carla/install/autoware_auto_control_msgs/include/autoware_auto_control_msgs/autoware_auto_control_msgs/msg/detail/ackermann_lateral_command__struct.h
-- Installing: /home/carla/Github/C-V2X-Autoware-Carla/install/autoware_auto_control_msgs/include/autoware_auto_control_msgs/autoware_auto_control_msgs/msg/detail/high_level_control_command__type_support.h
-- Installing: /home/carla/Github/C-V2X-Autoware-Carla/install/autoware_auto_control_msgs/include/autoware_auto_control_msgs/autoware_auto_control_msgs/msg/detail/high_level_control_command__struct.h
-- Installing: /home/carla/Github/C-V2X-Autoware-Carla/install/autoware_auto_control_msgs/include/autoware_auto_control_msgs/autoware_auto_control_msgs/msg/detail/longitudinal_command__struct.h
-- Installing: /home/carla/Github/C-V2X-Autoware-Carla/install/autoware_auto_control_msgs/include/autoware_auto_control_msgs/autoware_auto_control_msgs/msg/detail/high_level_control_command__functions.c
-- Installing: /home/carla/Github/C-V2X-Autoware-Carla/install/autoware_auto_control_msgs/include/autoware_auto_control_msgs/autoware_auto_control_msgs/msg/detail/longitudinal_command__functions.h
-- Installing: /home/carla/Github/C-V2X-Autoware-Carla/install/autoware_auto_control_msgs/include/autoware_auto_control_msgs/autoware_auto_control_msgs/msg/detail/ackermann_control_command__type_support.h
-- Installing: /home/carla/Github/C-V2X-Autoware-Carla/install/autoware_auto_control_msgs/include/autoware_auto_control_msgs/autoware_auto_control_msgs/msg/detail/ackermann_control_command__struct.h
-- Installing: /home/carla/Github/C-V2X-Autoware-Carla/install/autoware_auto_control_msgs/include/autoware_auto_control_msgs/autoware_auto_control_msgs/msg/detail/ackermann_lateral_command__functions.h
-- Installing: /home/carla/Github/C-V2X-Autoware-Carla/install/autoware_auto_control_msgs/include/autoware_auto_control_msgs/autoware_auto_control_msgs/msg/detail/longitudinal_command__functions.c
-- Installing: /home/carla/Github/C-V2X-Autoware-Carla/install/autoware_auto_control_msgs/include/autoware_auto_control_msgs/autoware_auto_control_msgs/msg/detail/longitudinal_command__type_support.h
-- Installing: /home/carla/Github/C-V2X-Autoware-Carla/install/autoware_auto_control_msgs/include/autoware_auto_control_msgs/autoware_auto_control_msgs/msg/detail/ackermann_lateral_command__type_support.h
-- Installing: /home/carla/Github/C-V2X-Autoware-Carla/install/autoware_auto_control_msgs/include/autoware_auto_control_msgs/autoware_auto_control_msgs/msg/detail/high_level_control_command__functions.h
-- Installing: /home/carla/Github/C-V2X-Autoware-Carla/install/autoware_auto_control_msgs/include/autoware_auto_control_msgs/autoware_auto_control_msgs/msg/detail/ackermann_control_command__functions.h
-- Installing: /home/carla/Github/C-V2X-Autoware-Carla/install/autoware_auto_control_msgs/include/autoware_auto_control_msgs/autoware_auto_control_msgs/msg/rosidl_generator_c__visibility_control.h
-- Installing: /home/carla/Github/C-V2X-Autoware-Carla/install/autoware_auto_control_msgs/include/autoware_auto_control_msgs/autoware_auto_control_msgs/msg/ackermann_lateral_command.h
-- Installing: /home/carla/Github/C-V2X-Autoware-Carla/install/autoware_auto_control_msgs/share/autoware_auto_control_msgs/environment/library_path.sh
-- Installing: /home/carla/Github/C-V2X-Autoware-Carla/install/autoware_auto_control_msgs/share/autoware_auto_control_msgs/environment/library_path.dsv
-- Installing: /home/carla/Github/C-V2X-Autoware-Carla/install/autoware_auto_control_msgs/lib/libautoware_auto_control_msgs__rosidl_generator_c.so
-- Set runtime path of "/home/carla/Github/C-V2X-Autoware-Carla/install/autoware_auto_control_msgs/lib/libautoware_auto_control_msgs__rosidl_generator_c.so" to ""
-- Up-to-date: /home/carla/Github/C-V2X-Autoware-Carla/install/autoware_auto_control_msgs/include/autoware_auto_control_msgs/autoware_auto_control_msgs
-- Up-to-date: /home/carla/Github/C-V2X-Autoware-Carla/install/autoware_auto_control_msgs/include/autoware_auto_control_msgs/autoware_auto_control_msgs/msg
-- Installing: /home/carla/Github/C-V2X-Autoware-Carla/install/autoware_auto_control_msgs/include/autoware_auto_control_msgs/autoware_auto_control_msgs/msg/rosidl_typesupport_introspection_c__visibility_control.h
-- Up-to-date: /home/carla/Github/C-V2X-Autoware-Carla/install/autoware_auto_control_msgs/include/autoware_auto_control_msgs/autoware_auto_control_msgs/msg/detail
-- Installing: /home/carla/Github/C-V2X-Autoware-Carla/install/autoware_auto_control_msgs/include/autoware_auto_control_msgs/autoware_auto_control_msgs/msg/detail/longitudinal_command__type_support.c
-- Installing: /home/carla/Github/C-V2X-Autoware-Carla/install/autoware_auto_control_msgs/include/autoware_auto_control_msgs/autoware_auto_control_msgs/msg/detail/ackermann_lateral_command__rosidl_typesupport_introspection_c.h
-- Installing: /home/carla/Github/C-V2X-Autoware-Carla/install/autoware_auto_control_msgs/include/autoware_auto_control_msgs/autoware_auto_control_msgs/msg/detail/ackermann_lateral_command__type_support.c
-- Installing: /home/carla/Github/C-V2X-Autoware-Carla/install/autoware_auto_control_msgs/include/autoware_auto_control_msgs/autoware_auto_control_msgs/msg/detail/longitudinal_command__rosidl_typesupport_introspection_c.h
-- Installing: /home/carla/Github/C-V2X-Autoware-Carla/install/autoware_auto_control_msgs/include/autoware_auto_control_msgs/autoware_auto_control_msgs/msg/detail/ackermann_control_command__type_support.c
-- Installing: /home/carla/Github/C-V2X-Autoware-Carla/install/autoware_auto_control_msgs/include/autoware_auto_control_msgs/autoware_auto_control_msgs/msg/detail/ackermann_control_command__rosidl_typesupport_introspection_c.h
-- Installing: /home/carla/Github/C-V2X-Autoware-Carla/install/autoware_auto_control_msgs/include/autoware_auto_control_msgs/autoware_auto_control_msgs/msg/detail/high_level_control_command__type_support.c
-- Installing: /home/carla/Github/C-V2X-Autoware-Carla/install/autoware_auto_control_msgs/include/autoware_auto_control_msgs/autoware_auto_control_msgs/msg/detail/high_level_control_command__rosidl_typesupport_introspection_c.h
-- Installing: /home/carla/Github/C-V2X-Autoware-Carla/install/autoware_auto_control_msgs/lib/libautoware_auto_control_msgs__rosidl_typesupport_introspection_c.so
-- Set runtime path of "/home/carla/Github/C-V2X-Autoware-Carla/install/autoware_auto_control_msgs/lib/libautoware_auto_control_msgs__rosidl_typesupport_introspection_c.so" to ""
-- Up-to-date: /home/carla/Github/C-V2X-Autoware-Carla/install/autoware_auto_control_msgs/include/autoware_auto_control_msgs/autoware_auto_control_msgs
-- Up-to-date: /home/carla/Github/C-V2X-Autoware-Carla/install/autoware_auto_control_msgs/include/autoware_auto_control_msgs/autoware_auto_control_msgs/msg
-- Up-to-date: /home/carla/Github/C-V2X-Autoware-Carla/install/autoware_auto_control_msgs/include/autoware_auto_control_msgs/autoware_auto_control_msgs/msg/detail
-- Installing: /home/carla/Github/C-V2X-Autoware-Carla/install/autoware_auto_control_msgs/include/autoware_auto_control_msgs/autoware_auto_control_msgs/msg/detail/longitudinal_command__rosidl_typesupport_fastrtps_c.h
-- Installing: /home/carla/Github/C-V2X-Autoware-Carla/install/autoware_auto_control_msgs/include/autoware_auto_control_msgs/autoware_auto_control_msgs/msg/detail/ackermann_lateral_command__rosidl_typesupport_fastrtps_c.h
-- Installing: /home/carla/Github/C-V2X-Autoware-Carla/install/autoware_auto_control_msgs/include/autoware_auto_control_msgs/autoware_auto_control_msgs/msg/detail/ackermann_control_command__rosidl_typesupport_fastrtps_c.h
-- Installing: /home/carla/Github/C-V2X-Autoware-Carla/install/autoware_auto_control_msgs/include/autoware_auto_control_msgs/autoware_auto_control_msgs/msg/detail/high_level_control_command__rosidl_typesupport_fastrtps_c.h
-- Installing: /home/carla/Github/C-V2X-Autoware-Carla/install/autoware_auto_control_msgs/include/autoware_auto_control_msgs/autoware_auto_control_msgs/msg/rosidl_typesupport_fastrtps_c__visibility_control.h
-- Installing: /home/carla/Github/C-V2X-Autoware-Carla/install/autoware_auto_control_msgs/lib/libautoware_auto_control_msgs__rosidl_typesupport_fastrtps_c.so
-- Set runtime path of "/home/carla/Github/C-V2X-Autoware-Carla/install/autoware_auto_control_msgs/lib/libautoware_auto_control_msgs__rosidl_typesupport_fastrtps_c.so" to ""
-- Installing: /home/carla/Github/C-V2X-Autoware-Carla/install/autoware_auto_control_msgs/lib/libautoware_auto_control_msgs__rosidl_typesupport_c.so
-- Set runtime path of "/home/carla/Github/C-V2X-Autoware-Carla/install/autoware_auto_control_msgs/lib/libautoware_auto_control_msgs__rosidl_typesupport_c.so" to ""
-- Up-to-date: /home/carla/Github/C-V2X-Autoware-Carla/install/autoware_auto_control_msgs/include/autoware_auto_control_msgs/autoware_auto_control_msgs
-- Up-to-date: /home/carla/Github/C-V2X-Autoware-Carla/install/autoware_auto_control_msgs/include/autoware_auto_control_msgs/autoware_auto_control_msgs/msg
-- Up-to-date: /home/carla/Github/C-V2X-Autoware-Carla/install/autoware_auto_control_msgs/include/autoware_auto_control_msgs/autoware_auto_control_msgs/msg/detail
-- Installing: /home/carla/Github/C-V2X-Autoware-Carla/install/autoware_auto_control_msgs/include/autoware_auto_control_msgs/autoware_auto_control_msgs/msg/detail/ackermann_lateral_command__builder.hpp
-- Installing: /home/carla/Github/C-V2X-Autoware-Carla/install/autoware_auto_control_msgs/include/autoware_auto_control_msgs/autoware_auto_control_msgs/msg/detail/longitudinal_command__traits.hpp
-- Installing: /home/carla/Github/C-V2X-Autoware-Carla/install/autoware_auto_control_msgs/include/autoware_auto_control_msgs/autoware_auto_control_msgs/msg/detail/ackermann_control_command__struct.hpp
-- Installing: /home/carla/Github/C-V2X-Autoware-Carla/install/autoware_auto_control_msgs/include/autoware_auto_control_msgs/autoware_auto_control_msgs/msg/detail/longitudinal_command__struct.hpp
-- Installing: /home/carla/Github/C-V2X-Autoware-Carla/install/autoware_auto_control_msgs/include/autoware_auto_control_msgs/autoware_auto_control_msgs/msg/detail/ackermann_control_command__builder.hpp
-- Installing: /home/carla/Github/C-V2X-Autoware-Carla/install/autoware_auto_control_msgs/include/autoware_auto_control_msgs/autoware_auto_control_msgs/msg/detail/high_level_control_command__struct.hpp
-- Installing: /home/carla/Github/C-V2X-Autoware-Carla/install/autoware_auto_control_msgs/include/autoware_auto_control_msgs/autoware_auto_control_msgs/msg/detail/ackermann_control_command__traits.hpp
-- Installing: /home/carla/Github/C-V2X-Autoware-Carla/install/autoware_auto_control_msgs/include/autoware_auto_control_msgs/autoware_auto_control_msgs/msg/detail/ackermann_lateral_command__struct.hpp
-- Installing: /home/carla/Github/C-V2X-Autoware-Carla/install/autoware_auto_control_msgs/include/autoware_auto_control_msgs/autoware_auto_control_msgs/msg/detail/ackermann_lateral_command__traits.hpp
-- Installing: /home/carla/Github/C-V2X-Autoware-Carla/install/autoware_auto_control_msgs/include/autoware_auto_control_msgs/autoware_auto_control_msgs/msg/detail/longitudinal_command__builder.hpp
-- Installing: /home/carla/Github/C-V2X-Autoware-Carla/install/autoware_auto_control_msgs/include/autoware_auto_control_msgs/autoware_auto_control_msgs/msg/detail/high_level_control_command__builder.hpp
-- Installing: /home/carla/Github/C-V2X-Autoware-Carla/install/autoware_auto_control_msgs/include/autoware_auto_control_msgs/autoware_auto_control_msgs/msg/detail/high_level_control_command__traits.hpp
-- Installing: /home/carla/Github/C-V2X-Autoware-Carla/install/autoware_auto_control_msgs/include/autoware_auto_control_msgs/autoware_auto_control_msgs/msg/longitudinal_command.hpp
-- Installing: /home/carla/Github/C-V2X-Autoware-Carla/install/autoware_auto_control_msgs/include/autoware_auto_control_msgs/autoware_auto_control_msgs/msg/high_level_control_command.hpp
-- Installing: /home/carla/Github/C-V2X-Autoware-Carla/install/autoware_auto_control_msgs/include/autoware_auto_control_msgs/autoware_auto_control_msgs/msg/ackermann_lateral_command.hpp
-- Installing: /home/carla/Github/C-V2X-Autoware-Carla/install/autoware_auto_control_msgs/include/autoware_auto_control_msgs/autoware_auto_control_msgs/msg/ackermann_control_command.hpp
-- Up-to-date: /home/carla/Github/C-V2X-Autoware-Carla/install/autoware_auto_control_msgs/include/autoware_auto_control_msgs/autoware_auto_control_msgs
-- Up-to-date: /home/carla/Github/C-V2X-Autoware-Carla/install/autoware_auto_control_msgs/include/autoware_auto_control_msgs/autoware_auto_control_msgs/msg
-- Up-to-date: /home/carla/Github/C-V2X-Autoware-Carla/install/autoware_auto_control_msgs/include/autoware_auto_control_msgs/autoware_auto_control_msgs/msg/detail
-- Installing: /home/carla/Github/C-V2X-Autoware-Carla/install/autoware_auto_control_msgs/include/autoware_auto_control_msgs/autoware_auto_control_msgs/msg/detail/longitudinal_command__type_support.cpp
-- Installing: /home/carla/Github/C-V2X-Autoware-Carla/install/autoware_auto_control_msgs/include/autoware_auto_control_msgs/autoware_auto_control_msgs/msg/detail/high_level_control_command__rosidl_typesupport_introspection_cpp.hpp
-- Installing: /home/carla/Github/C-V2X-Autoware-Carla/install/autoware_auto_control_msgs/include/autoware_auto_control_msgs/autoware_auto_control_msgs/msg/detail/high_level_control_command__type_support.cpp
-- Installing: /home/carla/Github/C-V2X-Autoware-Carla/install/autoware_auto_control_msgs/include/autoware_auto_control_msgs/autoware_auto_control_msgs/msg/detail/longitudinal_command__rosidl_typesupport_introspection_cpp.hpp
-- Installing: /home/carla/Github/C-V2X-Autoware-Carla/install/autoware_auto_control_msgs/include/autoware_auto_control_msgs/autoware_auto_control_msgs/msg/detail/ackermann_control_command__type_support.cpp
-- Installing: /home/carla/Github/C-V2X-Autoware-Carla/install/autoware_auto_control_msgs/include/autoware_auto_control_msgs/autoware_auto_control_msgs/msg/detail/ackermann_lateral_command__type_support.cpp
-- Installing: /home/carla/Github/C-V2X-Autoware-Carla/install/autoware_auto_control_msgs/include/autoware_auto_control_msgs/autoware_auto_control_msgs/msg/detail/ackermann_lateral_command__rosidl_typesupport_introspection_cpp.hpp
-- Installing: /home/carla/Github/C-V2X-Autoware-Carla/install/autoware_auto_control_msgs/include/autoware_auto_control_msgs/autoware_auto_control_msgs/msg/detail/ackermann_control_command__rosidl_typesupport_introspection_cpp.hpp
-- Installing: /home/carla/Github/C-V2X-Autoware-Carla/install/autoware_auto_control_msgs/lib/libautoware_auto_control_msgs__rosidl_typesupport_introspection_cpp.so
-- Set runtime path of "/home/carla/Github/C-V2X-Autoware-Carla/install/autoware_auto_control_msgs/lib/libautoware_auto_control_msgs__rosidl_typesupport_introspection_cpp.so" to ""
-- Up-to-date: /home/carla/Github/C-V2X-Autoware-Carla/install/autoware_auto_control_msgs/include/autoware_auto_control_msgs/autoware_auto_control_msgs
-- Up-to-date: /home/carla/Github/C-V2X-Autoware-Carla/install/autoware_auto_control_msgs/include/autoware_auto_control_msgs/autoware_auto_control_msgs/msg
-- Installing: /home/carla/Github/C-V2X-Autoware-Carla/install/autoware_auto_control_msgs/include/autoware_auto_control_msgs/autoware_auto_control_msgs/msg/rosidl_typesupport_fastrtps_cpp__visibility_control.h
-- Up-to-date: /home/carla/Github/C-V2X-Autoware-Carla/install/autoware_auto_control_msgs/include/autoware_auto_control_msgs/autoware_auto_control_msgs/msg/detail
-- Installing: /home/carla/Github/C-V2X-Autoware-Carla/install/autoware_auto_control_msgs/include/autoware_auto_control_msgs/autoware_auto_control_msgs/msg/detail/ackermann_control_command__rosidl_typesupport_fastrtps_cpp.hpp
-- Installing: /home/carla/Github/C-V2X-Autoware-Carla/install/autoware_auto_control_msgs/include/autoware_auto_control_msgs/autoware_auto_control_msgs/msg/detail/dds_fastrtps
-- Installing: /home/carla/Github/C-V2X-Autoware-Carla/install/autoware_auto_control_msgs/include/autoware_auto_control_msgs/autoware_auto_control_msgs/msg/detail/longitudinal_command__rosidl_typesupport_fastrtps_cpp.hpp
-- Installing: /home/carla/Github/C-V2X-Autoware-Carla/install/autoware_auto_control_msgs/include/autoware_auto_control_msgs/autoware_auto_control_msgs/msg/detail/ackermann_lateral_command__rosidl_typesupport_fastrtps_cpp.hpp
-- Installing: /home/carla/Github/C-V2X-Autoware-Carla/install/autoware_auto_control_msgs/include/autoware_auto_control_msgs/autoware_auto_control_msgs/msg/detail/high_level_control_command__rosidl_typesupport_fastrtps_cpp.hpp
-- Installing: /home/carla/Github/C-V2X-Autoware-Carla/install/autoware_auto_control_msgs/lib/libautoware_auto_control_msgs__rosidl_typesupport_fastrtps_cpp.so
-- Set runtime path of "/home/carla/Github/C-V2X-Autoware-Carla/install/autoware_auto_control_msgs/lib/libautoware_auto_control_msgs__rosidl_typesupport_fastrtps_cpp.so" to ""
-- Installing: /home/carla/Github/C-V2X-Autoware-Carla/install/autoware_auto_control_msgs/lib/libautoware_auto_control_msgs__rosidl_typesupport_cpp.so
-- Set runtime path of "/home/carla/Github/C-V2X-Autoware-Carla/install/autoware_auto_control_msgs/lib/libautoware_auto_control_msgs__rosidl_typesupport_cpp.so" to ""
-- Installing: /home/carla/Github/C-V2X-Autoware-Carla/install/autoware_auto_control_msgs/share/autoware_auto_control_msgs/environment/pythonpath.sh
-- Installing: /home/carla/Github/C-V2X-Autoware-Carla/install/autoware_auto_control_msgs/share/autoware_auto_control_msgs/environment/pythonpath.dsv
-- Installing: /home/carla/Github/C-V2X-Autoware-Carla/install/autoware_auto_control_msgs/lib/python3.8/site-packages/autoware_auto_control_msgs-1.0.0-py3.8.egg-info
-- Installing: /home/carla/Github/C-V2X-Autoware-Carla/install/autoware_auto_control_msgs/lib/python3.8/site-packages/autoware_auto_control_msgs-1.0.0-py3.8.egg-info/SOURCES.txt
-- Installing: /home/carla/Github/C-V2X-Autoware-Carla/install/autoware_auto_control_msgs/lib/python3.8/site-packages/autoware_auto_control_msgs-1.0.0-py3.8.egg-info/PKG-INFO
-- Installing: /home/carla/Github/C-V2X-Autoware-Carla/install/autoware_auto_control_msgs/lib/python3.8/site-packages/autoware_auto_control_msgs-1.0.0-py3.8.egg-info/dependency_links.txt
-- Installing: /home/carla/Github/C-V2X-Autoware-Carla/install/autoware_auto_control_msgs/lib/python3.8/site-packages/autoware_auto_control_msgs-1.0.0-py3.8.egg-info/top_level.txt
-- Installing: /home/carla/Github/C-V2X-Autoware-Carla/install/autoware_auto_control_msgs/lib/python3.8/site-packages/autoware_auto_control_msgs
-- Installing: /home/carla/Github/C-V2X-Autoware-Carla/install/autoware_auto_control_msgs/lib/python3.8/site-packages/autoware_auto_control_msgs/_autoware_auto_control_msgs_s.ep.rosidl_typesupport_c.c
-- Installing: /home/carla/Github/C-V2X-Autoware-Carla/install/autoware_auto_control_msgs/lib/python3.8/site-packages/autoware_auto_control_msgs/_autoware_auto_control_msgs_s.ep.rosidl_typesupport_introspection_c.c
-- Installing: /home/carla/Github/C-V2X-Autoware-Carla/install/autoware_auto_control_msgs/lib/python3.8/site-packages/autoware_auto_control_msgs/autoware_auto_control_msgs_s__rosidl_typesupport_introspection_c.cpython-38-x86_64-linux-gnu.so
-- Installing: /home/carla/Github/C-V2X-Autoware-Carla/install/autoware_auto_control_msgs/lib/python3.8/site-packages/autoware_auto_control_msgs/libautoware_auto_control_msgs__rosidl_generator_py.so
-- Installing: /home/carla/Github/C-V2X-Autoware-Carla/install/autoware_auto_control_msgs/lib/python3.8/site-packages/autoware_auto_control_msgs/autoware_auto_control_msgs_s__rosidl_typesupport_fastrtps_c.cpython-38-x86_64-linux-gnu.so
-- Installing: /home/carla/Github/C-V2X-Autoware-Carla/install/autoware_auto_control_msgs/lib/python3.8/site-packages/autoware_auto_control_msgs/__init__.py
-- Installing: /home/carla/Github/C-V2X-Autoware-Carla/install/autoware_auto_control_msgs/lib/python3.8/site-packages/autoware_auto_control_msgs/msg
-- Installing: /home/carla/Github/C-V2X-Autoware-Carla/install/autoware_auto_control_msgs/lib/python3.8/site-packages/autoware_auto_control_msgs/msg/_ackermann_lateral_command.py
-- Installing: /home/carla/Github/C-V2X-Autoware-Carla/install/autoware_auto_control_msgs/lib/python3.8/site-packages/autoware_auto_control_msgs/msg/_longitudinal_command_s.c
-- Installing: /home/carla/Github/C-V2X-Autoware-Carla/install/autoware_auto_control_msgs/lib/python3.8/site-packages/autoware_auto_control_msgs/msg/_ackermann_control_command_s.c
-- Installing: /home/carla/Github/C-V2X-Autoware-Carla/install/autoware_auto_control_msgs/lib/python3.8/site-packages/autoware_auto_control_msgs/msg/_high_level_control_command_s.c
-- Installing: /home/carla/Github/C-V2X-Autoware-Carla/install/autoware_auto_control_msgs/lib/python3.8/site-packages/autoware_auto_control_msgs/msg/_ackermann_lateral_command_s.c
-- Installing: /home/carla/Github/C-V2X-Autoware-Carla/install/autoware_auto_control_msgs/lib/python3.8/site-packages/autoware_auto_control_msgs/msg/_longitudinal_command.py
-- Installing: /home/carla/Github/C-V2X-Autoware-Carla/install/autoware_auto_control_msgs/lib/python3.8/site-packages/autoware_auto_control_msgs/msg/_ackermann_control_command.py
-- Installing: /home/carla/Github/C-V2X-Autoware-Carla/install/autoware_auto_control_msgs/lib/python3.8/site-packages/autoware_auto_control_msgs/msg/_high_level_control_command.py
-- Installing: /home/carla/Github/C-V2X-Autoware-Carla/install/autoware_auto_control_msgs/lib/python3.8/site-packages/autoware_auto_control_msgs/msg/__init__.py
-- Installing: /home/carla/Github/C-V2X-Autoware-Carla/install/autoware_auto_control_msgs/lib/python3.8/site-packages/autoware_auto_control_msgs/_autoware_auto_control_msgs_s.ep.rosidl_typesupport_fastrtps_c.c
-- Installing: /home/carla/Github/C-V2X-Autoware-Carla/install/autoware_auto_control_msgs/lib/python3.8/site-packages/autoware_auto_control_msgs/autoware_auto_control_msgs_s__rosidl_typesupport_c.cpython-38-x86_64-linux-gnu.so
Listing '/home/carla/Github/C-V2X-Autoware-Carla/install/autoware_auto_control_msgs/lib/python3.8/site-packages/autoware_auto_control_msgs'...
Compiling '/home/carla/Github/C-V2X-Autoware-Carla/install/autoware_auto_control_msgs/lib/python3.8/site-packages/autoware_auto_control_msgs/__init__.py'...
Listing '/home/carla/Github/C-V2X-Autoware-Carla/install/autoware_auto_control_msgs/lib/python3.8/site-packages/autoware_auto_control_msgs/msg'...
Compiling '/home/carla/Github/C-V2X-Autoware-Carla/install/autoware_auto_control_msgs/lib/python3.8/site-packages/autoware_auto_control_msgs/msg/__init__.py'...
Compiling '/home/carla/Github/C-V2X-Autoware-Carla/install/autoware_auto_control_msgs/lib/python3.8/site-packages/autoware_auto_control_msgs/msg/_ackermann_control_command.py'...
Compiling '/home/carla/Github/C-V2X-Autoware-Carla/install/autoware_auto_control_msgs/lib/python3.8/site-packages/autoware_auto_control_msgs/msg/_ackermann_lateral_command.py'...
Compiling '/home/carla/Github/C-V2X-Autoware-Carla/install/autoware_auto_control_msgs/lib/python3.8/site-packages/autoware_auto_control_msgs/msg/_high_level_control_command.py'...
Compiling '/home/carla/Github/C-V2X-Autoware-Carla/install/autoware_auto_control_msgs/lib/python3.8/site-packages/autoware_auto_control_msgs/msg/_longitudinal_command.py'...
-- Installing: /home/carla/Github/C-V2X-Autoware-Carla/install/autoware_auto_control_msgs/lib/python3.8/site-packages/autoware_auto_control_msgs/autoware_auto_control_msgs_s__rosidl_typesupport_introspection_c.cpython-38-x86_64-linux-gnu.so
-- Set runtime path of "/home/carla/Github/C-V2X-Autoware-Carla/install/autoware_auto_control_msgs/lib/python3.8/site-packages/autoware_auto_control_msgs/autoware_auto_control_msgs_s__rosidl_typesupport_introspection_c.cpython-38-x86_64-linux-gnu.so" to ""
-- Installing: /home/carla/Github/C-V2X-Autoware-Carla/install/autoware_auto_control_msgs/lib/python3.8/site-packages/autoware_auto_control_msgs/autoware_auto_control_msgs_s__rosidl_typesupport_fastrtps_c.cpython-38-x86_64-linux-gnu.so
-- Set runtime path of "/home/carla/Github/C-V2X-Autoware-Carla/install/autoware_auto_control_msgs/lib/python3.8/site-packages/autoware_auto_control_msgs/autoware_auto_control_msgs_s__rosidl_typesupport_fastrtps_c.cpython-38-x86_64-linux-gnu.so" to ""
-- Installing: /home/carla/Github/C-V2X-Autoware-Carla/install/autoware_auto_control_msgs/lib/python3.8/site-packages/autoware_auto_control_msgs/autoware_auto_control_msgs_s__rosidl_typesupport_c.cpython-38-x86_64-linux-gnu.so
-- Set runtime path of "/home/carla/Github/C-V2X-Autoware-Carla/install/autoware_auto_control_msgs/lib/python3.8/site-packages/autoware_auto_control_msgs/autoware_auto_control_msgs_s__rosidl_typesupport_c.cpython-38-x86_64-linux-gnu.so" to ""
-- Installing: /home/carla/Github/C-V2X-Autoware-Carla/install/autoware_auto_control_msgs/lib/libautoware_auto_control_msgs__rosidl_generator_py.so
-- Set runtime path of "/home/carla/Github/C-V2X-Autoware-Carla/install/autoware_auto_control_msgs/lib/libautoware_auto_control_msgs__rosidl_generator_py.so" to ""
-- Installing: /home/carla/Github/C-V2X-Autoware-Carla/install/autoware_auto_control_msgs/share/autoware_auto_control_msgs/msg/AckermannControlCommand.idl
-- Installing: /home/carla/Github/C-V2X-Autoware-Carla/install/autoware_auto_control_msgs/share/autoware_auto_control_msgs/msg/AckermannLateralCommand.idl
-- Installing: /home/carla/Github/C-V2X-Autoware-Carla/install/autoware_auto_control_msgs/share/autoware_auto_control_msgs/msg/HighLevelControlCommand.idl
-- Installing: /home/carla/Github/C-V2X-Autoware-Carla/install/autoware_auto_control_msgs/share/autoware_auto_control_msgs/msg/LongitudinalCommand.idl
-- Installing: /home/carla/Github/C-V2X-Autoware-Carla/install/autoware_auto_control_msgs/share/ament_index/resource_index/package_run_dependencies/autoware_auto_control_msgs
-- Installing: /home/carla/Github/C-V2X-Autoware-Carla/install/autoware_auto_control_msgs/share/ament_index/resource_index/parent_prefix_path/autoware_auto_control_msgs
-- Installing: /home/carla/Github/C-V2X-Autoware-Carla/install/autoware_auto_control_msgs/share/autoware_auto_control_msgs/environment/ament_prefix_path.sh
-- Installing: /home/carla/Github/C-V2X-Autoware-Carla/install/autoware_auto_control_msgs/share/autoware_auto_control_msgs/environment/ament_prefix_path.dsv
-- Installing: /home/carla/Github/C-V2X-Autoware-Carla/install/autoware_auto_control_msgs/share/autoware_auto_control_msgs/environment/path.sh
-- Installing: /home/carla/Github/C-V2X-Autoware-Carla/install/autoware_auto_control_msgs/share/autoware_auto_control_msgs/environment/path.dsv
-- Installing: /home/carla/Github/C-V2X-Autoware-Carla/install/autoware_auto_control_msgs/share/autoware_auto_control_msgs/local_setup.bash
-- Installing: /home/carla/Github/C-V2X-Autoware-Carla/install/autoware_auto_control_msgs/share/autoware_auto_control_msgs/local_setup.sh
-- Installing: /home/carla/Github/C-V2X-Autoware-Carla/install/autoware_auto_control_msgs/share/autoware_auto_control_msgs/local_setup.zsh
-- Installing: /home/carla/Github/C-V2X-Autoware-Carla/install/autoware_auto_control_msgs/share/autoware_auto_control_msgs/local_setup.dsv
-- Installing: /home/carla/Github/C-V2X-Autoware-Carla/install/autoware_auto_control_msgs/share/autoware_auto_control_msgs/package.dsv
-- Installing: /home/carla/Github/C-V2X-Autoware-Carla/install/autoware_auto_control_msgs/share/ament_index/resource_index/packages/autoware_auto_control_msgs
-- Installing: /home/carla/Github/C-V2X-Autoware-Carla/install/autoware_auto_control_msgs/share/autoware_auto_control_msgs/cmake/export_autoware_auto_control_msgs__rosidl_generator_cExport.cmake
-- Installing: /home/carla/Github/C-V2X-Autoware-Carla/install/autoware_auto_control_msgs/share/autoware_auto_control_msgs/cmake/export_autoware_auto_control_msgs__rosidl_generator_cExport-noconfig.cmake
-- Installing: /home/carla/Github/C-V2X-Autoware-Carla/install/autoware_auto_control_msgs/share/autoware_auto_control_msgs/cmake/autoware_auto_control_msgs__rosidl_typesupport_introspection_cExport.cmake
-- Installing: /home/carla/Github/C-V2X-Autoware-Carla/install/autoware_auto_control_msgs/share/autoware_auto_control_msgs/cmake/autoware_auto_control_msgs__rosidl_typesupport_introspection_cExport-noconfig.cmake
-- Installing: /home/carla/Github/C-V2X-Autoware-Carla/install/autoware_auto_control_msgs/share/autoware_auto_control_msgs/cmake/export_autoware_auto_control_msgs__rosidl_typesupport_fastrtps_cExport.cmake
-- Installing: /home/carla/Github/C-V2X-Autoware-Carla/install/autoware_auto_control_msgs/share/autoware_auto_control_msgs/cmake/export_autoware_auto_control_msgs__rosidl_typesupport_fastrtps_cExport-noconfig.cmake
-- Installing: /home/carla/Github/C-V2X-Autoware-Carla/install/autoware_auto_control_msgs/share/autoware_auto_control_msgs/cmake/autoware_auto_control_msgs__rosidl_typesupport_cExport.cmake
-- Installing: /home/carla/Github/C-V2X-Autoware-Carla/install/autoware_auto_control_msgs/share/autoware_auto_control_msgs/cmake/autoware_auto_control_msgs__rosidl_typesupport_cExport-noconfig.cmake
-- Installing: /home/carla/Github/C-V2X-Autoware-Carla/install/autoware_auto_control_msgs/share/autoware_auto_control_msgs/cmake/export_autoware_auto_control_msgs__rosidl_generator_cppExport.cmake
-- Installing: /home/carla/Github/C-V2X-Autoware-Carla/install/autoware_auto_control_msgs/share/autoware_auto_control_msgs/cmake/autoware_auto_control_msgs__rosidl_typesupport_introspection_cppExport.cmake
-- Installing: /home/carla/Github/C-V2X-Autoware-Carla/install/autoware_auto_control_msgs/share/autoware_auto_control_msgs/cmake/autoware_auto_control_msgs__rosidl_typesupport_introspection_cppExport-noconfig.cmake
-- Installing: /home/carla/Github/C-V2X-Autoware-Carla/install/autoware_auto_control_msgs/share/autoware_auto_control_msgs/cmake/export_autoware_auto_control_msgs__rosidl_typesupport_fastrtps_cppExport.cmake
-- Installing: /home/carla/Github/C-V2X-Autoware-Carla/install/autoware_auto_control_msgs/share/autoware_auto_control_msgs/cmake/export_autoware_auto_control_msgs__rosidl_typesupport_fastrtps_cppExport-noconfig.cmake
-- Installing: /home/carla/Github/C-V2X-Autoware-Carla/install/autoware_auto_control_msgs/share/autoware_auto_control_msgs/cmake/autoware_auto_control_msgs__rosidl_typesupport_cppExport.cmake
-- Installing: /home/carla/Github/C-V2X-Autoware-Carla/install/autoware_auto_control_msgs/share/autoware_auto_control_msgs/cmake/autoware_auto_control_msgs__rosidl_typesupport_cppExport-noconfig.cmake
-- Installing: /home/carla/Github/C-V2X-Autoware-Carla/install/autoware_auto_control_msgs/share/autoware_auto_control_msgs/cmake/export_autoware_auto_control_msgs__rosidl_generator_pyExport.cmake
-- Installing: /home/carla/Github/C-V2X-Autoware-Carla/install/autoware_auto_control_msgs/share/autoware_auto_control_msgs/cmake/export_autoware_auto_control_msgs__rosidl_generator_pyExport-noconfig.cmake
-- Installing: /home/carla/Github/C-V2X-Autoware-Carla/install/autoware_auto_control_msgs/share/autoware_auto_control_msgs/cmake/rosidl_cmake-extras.cmake
-- Installing: /home/carla/Github/C-V2X-Autoware-Carla/install/autoware_auto_control_msgs/share/autoware_auto_control_msgs/cmake/ament_cmake_export_dependencies-extras.cmake
-- Installing: /home/carla/Github/C-V2X-Autoware-Carla/install/autoware_auto_control_msgs/share/autoware_auto_control_msgs/cmake/ament_cmake_export_include_directories-extras.cmake
-- Installing: /home/carla/Github/C-V2X-Autoware-Carla/install/autoware_auto_control_msgs/share/autoware_auto_control_msgs/cmake/ament_cmake_export_libraries-extras.cmake
-- Installing: /home/carla/Github/C-V2X-Autoware-Carla/install/autoware_auto_control_msgs/share/autoware_auto_control_msgs/cmake/ament_cmake_export_targets-extras.cmake
-- Installing: /home/carla/Github/C-V2X-Autoware-Carla/install/autoware_auto_control_msgs/share/autoware_auto_control_msgs/cmake/rosidl_cmake_export_typesupport_targets-extras.cmake
-- Installing: /home/carla/Github/C-V2X-Autoware-Carla/install/autoware_auto_control_msgs/share/autoware_auto_control_msgs/cmake/rosidl_cmake_export_typesupport_libraries-extras.cmake
-- Installing: /home/carla/Github/C-V2X-Autoware-Carla/install/autoware_auto_control_msgs/share/autoware_auto_control_msgs/cmake/autoware_auto_control_msgsConfig.cmake
-- Installing: /home/carla/Github/C-V2X-Autoware-Carla/install/autoware_auto_control_msgs/share/autoware_auto_control_msgs/cmake/autoware_auto_control_msgsConfig-version.cmake
-- Installing: /home/carla/Github/C-V2X-Autoware-Carla/install/autoware_auto_control_msgs/share/autoware_auto_control_msgs/package.xml
