[1.038s] Invoking command in '/home/carla/Github/C-V2X-Autoware-Carla/build/autoware_auto_control_msgs': CMAKE_PREFIX_PATH=${CMAKE_PREFIX_PATH}:/home/carla/Github/C-V2X-Autoware-Carla/install/vehicle:/home/carla/Github/C-V2X-Autoware-Carla/install/infrastructure:/home/carla/ros2_humble/install/rqt_bag_plugins:/home/carla/ros2_humble/install/rqt_bag:/home/carla/ros2_humble/install/ros2bag:/home/carla/ros2_humble/install/tracetools_test:/home/carla/ros2_humble/install/tracetools_launch:/home/carla/ros2_humble/install/topic_monitor:/home/carla/ros2_humble/install/tf2_tools:/home/carla/ros2_humble/install/examples_tf2_py:/home/carla/ros2_humble/install/tf2_ros_py:/home/carla/ros2_humble/install/sros2:/home/carla/ros2_humble/install/rqt_topic:/home/carla/ros2_humble/install/rqt_srv:/home/carla/ros2_humble/install/rqt_shell:/home/carla/ros2_humble/install/rqt_service_caller:/home/carla/ros2_humble/install/rqt_reconfigure:/home/carla/ros2_humble/install/rqt_py_console:/home/carla/ros2_humble/install/rqt_publisher:/home/carla/ros2_humble/install/rqt_plot:/home/carla/ros2_humble/install/rqt_action:/home/carla/ros2_humble/install/rqt_msg:/home/carla/ros2_humble/install/rqt_console:/home/carla/ros2_humble/install/rqt:/home/carla/ros2_humble/install/rqt_graph:/home/carla/ros2_humble/install/rqt_gui_py:/home/carla/ros2_humble/install/rqt_gui:/home/carla/ros2_humble/install/ros2trace:/home/carla/ros2_humble/install/ros2topic:/home/carla/ros2_humble/install/ros2test:/home/carla/ros2_humble/install/ros2component:/home/carla/ros2_humble/install/ros2param:/home/carla/ros2_humble/install/ros2lifecycle:/home/carla/ros2_humble/install/ros2service:/home/carla/ros2_humble/install/ros2run:/home/carla/ros2_humble/install/ros2launch:/home/carla/ros2_humble/install/ros2pkg:/home/carla/ros2_humble/install/ros2node:/home/carla/ros2_humble/install/ros2multicast:/home/carla/ros2_humble/install/ros2interface:/home/carla/ros2_humble/install/ros2doctor:/home/carla/ros2_humble/install/ros2action:/home/carla/ros2_humble/install/ros2cli:/home/carla/ros2_humble/install/quality_of_service_demo_py:/home/carla/ros2_humble/install/lifecycle_py:/home/carla/ros2_humble/install/launch_testing_ros:/home/carla/ros2_humble/install/launch_ros:/home/carla/ros2_humble/install/examples_rclpy_pointcloud_publisher:/home/carla/ros2_humble/install/examples_rclpy_minimal_subscriber:/home/carla/ros2_humble/install/examples_rclpy_minimal_service:/home/carla/ros2_humble/install/examples_rclpy_minimal_publisher:/home/carla/ros2_humble/install/examples_rclpy_minimal_client:/home/carla/ros2_humble/install/examples_rclpy_minimal_action_server:/home/carla/ros2_humble/install/examples_rclpy_minimal_action_client:/home/carla/ros2_humble/install/examples_rclpy_guard_conditions:/home/carla/ros2_humble/install/examples_rclpy_executors:/home/carla/ros2_humble/install/demo_nodes_py:/home/carla/ros2_humble/install/action_tutorials_py:/home/carla/ros2_humble/install/ament_uncrustify:/home/carla/ros2_humble/install/tracetools_trace:/home/carla/ros2_humble/install/tracetools_read:/home/carla/ros2_humble/install/test_tracetools_launch:/home/carla/ros2_humble/install/test_launch_ros:/home/carla/ros2_humble/install/sensor_msgs_py:/home/carla/ros2_humble/install/rpyutils:/home/carla/ros2_humble/install/rosidl_runtime_py:/home/carla/ros2_humble/install/rosidl_cli:/home/carla/ros2_humble/install/launch_pytest:/home/carla/ros2_humble/install/launch_testing:/home/carla/ros2_humble/install/launch_yaml:/home/carla/ros2_humble/install/launch_xml:/home/carla/ros2_humble/install/launch:/home/carla/ros2_humble/install/osrf_pycommon:/home/carla/ros2_humble/install/launch_testing_examples:/home/carla/ros2_humble/install/domain_coordinator:/home/carla/ros2_humble/install/ament_xmllint:/home/carla/ros2_humble/install/ament_pyflakes:/home/carla/ros2_humble/install/ament_pycodestyle:/home/carla/ros2_humble/install/ament_pep257:/home/carla/ros2_humble/install/ament_pclint:/home/carla/ros2_humble/install/ament_package:/home/carla/ros2_humble/install/ament_mypy:/home/carla/ros2_humble/install/ament_lint_cmake:/home/carla/ros2_humble/install/ament_flake8:/home/carla/ros2_humble/install/ament_copyright:/home/carla/ros2_humble/install/ament_lint:/home/carla/ros2_humble/install/ament_index_python:/home/carla/ros2_humble/install/ament_cpplint:/home/carla/ros2_humble/install/ament_cppcheck:/home/carla/ros2_humble/install/ament_clang_tidy:/home/carla/ros2_humble/install/ament_clang_format /usr/bin/cmake --build /home/carla/Github/C-V2X-Autoware-Carla/build/autoware_auto_control_msgs -- -j20 -l20
[2.713s] [ 10%] Built target autoware_auto_control_msgs__rosidl_generator_c
[2.713s] [ 12%] Built target autoware_auto_control_msgs__cpp
[2.713s] [ 12%] Built target ament_cmake_python_copy_autoware_auto_control_msgs
[2.713s] [ 23%] Built target autoware_auto_control_msgs__rosidl_typesupport_cpp
[2.713s] [ 34%] Built target autoware_auto_control_msgs__rosidl_typesupport_introspection_c
[2.713s] [ 45%] Built target autoware_auto_control_msgs__rosidl_typesupport_introspection_cpp
[2.713s] [ 56%] Built target autoware_auto_control_msgs__rosidl_typesupport_c
[2.713s] [ 67%] Built target autoware_auto_control_msgs__rosidl_typesupport_fastrtps_c
[2.713s] [ 78%] Built target autoware_auto_control_msgs__rosidl_typesupport_fastrtps_cpp
[2.713s] [ 78%] Built target autoware_auto_control_msgs
[2.714s] [ 80%] Built target autoware_auto_control_msgs__py
[2.714s] [ 89%] Built target autoware_auto_control_msgs__rosidl_generator_py
[2.714s] [ 92%] Built target autoware_auto_control_msgs__rosidl_typesupport_c__pyext
[2.714s] [100%] Built target autoware_auto_control_msgs__rosidl_typesupport_fastrtps_c__pyext
[2.714s] [100%] Built target autoware_auto_control_msgs__rosidl_typesupport_introspection_c__pyext
[2.714s] running egg_info
[2.714s] writing autoware_auto_control_msgs.egg-info/PKG-INFO
[2.714s] writing dependency_links to autoware_auto_control_msgs.egg-info/dependency_links.txt
[2.714s] writing top-level names to autoware_auto_control_msgs.egg-info/top_level.txt
[2.714s] reading manifest file 'autoware_auto_control_msgs.egg-info/SOURCES.txt'
[2.714s] writing manifest file 'autoware_auto_control_msgs.egg-info/SOURCES.txt'
[2.714s] [100%] Built target ament_cmake_python_build_autoware_auto_control_msgs_egg
[2.719s] Invoked command in '/home/carla/Github/C-V2X-Autoware-Carla/build/autoware_auto_control_msgs' returned '0': CMAKE_PREFIX_PATH=${CMAKE_PREFIX_PATH}:/home/carla/Github/C-V2X-Autoware-Carla/install/vehicle:/home/carla/Github/C-V2X-Autoware-Carla/install/infrastructure:/home/carla/ros2_humble/install/rqt_bag_plugins:/home/carla/ros2_humble/install/rqt_bag:/home/carla/ros2_humble/install/ros2bag:/home/carla/ros2_humble/install/tracetools_test:/home/carla/ros2_humble/install/tracetools_launch:/home/carla/ros2_humble/install/topic_monitor:/home/carla/ros2_humble/install/tf2_tools:/home/carla/ros2_humble/install/examples_tf2_py:/home/carla/ros2_humble/install/tf2_ros_py:/home/carla/ros2_humble/install/sros2:/home/carla/ros2_humble/install/rqt_topic:/home/carla/ros2_humble/install/rqt_srv:/home/carla/ros2_humble/install/rqt_shell:/home/carla/ros2_humble/install/rqt_service_caller:/home/carla/ros2_humble/install/rqt_reconfigure:/home/carla/ros2_humble/install/rqt_py_console:/home/carla/ros2_humble/install/rqt_publisher:/home/carla/ros2_humble/install/rqt_plot:/home/carla/ros2_humble/install/rqt_action:/home/carla/ros2_humble/install/rqt_msg:/home/carla/ros2_humble/install/rqt_console:/home/carla/ros2_humble/install/rqt:/home/carla/ros2_humble/install/rqt_graph:/home/carla/ros2_humble/install/rqt_gui_py:/home/carla/ros2_humble/install/rqt_gui:/home/carla/ros2_humble/install/ros2trace:/home/carla/ros2_humble/install/ros2topic:/home/carla/ros2_humble/install/ros2test:/home/carla/ros2_humble/install/ros2component:/home/carla/ros2_humble/install/ros2param:/home/carla/ros2_humble/install/ros2lifecycle:/home/carla/ros2_humble/install/ros2service:/home/carla/ros2_humble/install/ros2run:/home/carla/ros2_humble/install/ros2launch:/home/carla/ros2_humble/install/ros2pkg:/home/carla/ros2_humble/install/ros2node:/home/carla/ros2_humble/install/ros2multicast:/home/carla/ros2_humble/install/ros2interface:/home/carla/ros2_humble/install/ros2doctor:/home/carla/ros2_humble/install/ros2action:/home/carla/ros2_humble/install/ros2cli:/home/carla/ros2_humble/install/quality_of_service_demo_py:/home/carla/ros2_humble/install/lifecycle_py:/home/carla/ros2_humble/install/launch_testing_ros:/home/carla/ros2_humble/install/launch_ros:/home/carla/ros2_humble/install/examples_rclpy_pointcloud_publisher:/home/carla/ros2_humble/install/examples_rclpy_minimal_subscriber:/home/carla/ros2_humble/install/examples_rclpy_minimal_service:/home/carla/ros2_humble/install/examples_rclpy_minimal_publisher:/home/carla/ros2_humble/install/examples_rclpy_minimal_client:/home/carla/ros2_humble/install/examples_rclpy_minimal_action_server:/home/carla/ros2_humble/install/examples_rclpy_minimal_action_client:/home/carla/ros2_humble/install/examples_rclpy_guard_conditions:/home/carla/ros2_humble/install/examples_rclpy_executors:/home/carla/ros2_humble/install/demo_nodes_py:/home/carla/ros2_humble/install/action_tutorials_py:/home/carla/ros2_humble/install/ament_uncrustify:/home/carla/ros2_humble/install/tracetools_trace:/home/carla/ros2_humble/install/tracetools_read:/home/carla/ros2_humble/install/test_tracetools_launch:/home/carla/ros2_humble/install/test_launch_ros:/home/carla/ros2_humble/install/sensor_msgs_py:/home/carla/ros2_humble/install/rpyutils:/home/carla/ros2_humble/install/rosidl_runtime_py:/home/carla/ros2_humble/install/rosidl_cli:/home/carla/ros2_humble/install/launch_pytest:/home/carla/ros2_humble/install/launch_testing:/home/carla/ros2_humble/install/launch_yaml:/home/carla/ros2_humble/install/launch_xml:/home/carla/ros2_humble/install/launch:/home/carla/ros2_humble/install/osrf_pycommon:/home/carla/ros2_humble/install/launch_testing_examples:/home/carla/ros2_humble/install/domain_coordinator:/home/carla/ros2_humble/install/ament_xmllint:/home/carla/ros2_humble/install/ament_pyflakes:/home/carla/ros2_humble/install/ament_pycodestyle:/home/carla/ros2_humble/install/ament_pep257:/home/carla/ros2_humble/install/ament_pclint:/home/carla/ros2_humble/install/ament_package:/home/carla/ros2_humble/install/ament_mypy:/home/carla/ros2_humble/install/ament_lint_cmake:/home/carla/ros2_humble/install/ament_flake8:/home/carla/ros2_humble/install/ament_copyright:/home/carla/ros2_humble/install/ament_lint:/home/carla/ros2_humble/install/ament_index_python:/home/carla/ros2_humble/install/ament_cpplint:/home/carla/ros2_humble/install/ament_cppcheck:/home/carla/ros2_humble/install/ament_clang_tidy:/home/carla/ros2_humble/install/ament_clang_format /usr/bin/cmake --build /home/carla/Github/C-V2X-Autoware-Carla/build/autoware_auto_control_msgs -- -j20 -l20
[3.523s] Invoking command in '/home/carla/Github/C-V2X-Autoware-Carla/build/autoware_auto_control_msgs': CMAKE_PREFIX_PATH=${CMAKE_PREFIX_PATH}:/home/carla/Github/C-V2X-Autoware-Carla/install/vehicle:/home/carla/Github/C-V2X-Autoware-Carla/install/infrastructure:/home/carla/ros2_humble/install/rqt_bag_plugins:/home/carla/ros2_humble/install/rqt_bag:/home/carla/ros2_humble/install/ros2bag:/home/carla/ros2_humble/install/tracetools_test:/home/carla/ros2_humble/install/tracetools_launch:/home/carla/ros2_humble/install/topic_monitor:/home/carla/ros2_humble/install/tf2_tools:/home/carla/ros2_humble/install/examples_tf2_py:/home/carla/ros2_humble/install/tf2_ros_py:/home/carla/ros2_humble/install/sros2:/home/carla/ros2_humble/install/rqt_topic:/home/carla/ros2_humble/install/rqt_srv:/home/carla/ros2_humble/install/rqt_shell:/home/carla/ros2_humble/install/rqt_service_caller:/home/carla/ros2_humble/install/rqt_reconfigure:/home/carla/ros2_humble/install/rqt_py_console:/home/carla/ros2_humble/install/rqt_publisher:/home/carla/ros2_humble/install/rqt_plot:/home/carla/ros2_humble/install/rqt_action:/home/carla/ros2_humble/install/rqt_msg:/home/carla/ros2_humble/install/rqt_console:/home/carla/ros2_humble/install/rqt:/home/carla/ros2_humble/install/rqt_graph:/home/carla/ros2_humble/install/rqt_gui_py:/home/carla/ros2_humble/install/rqt_gui:/home/carla/ros2_humble/install/ros2trace:/home/carla/ros2_humble/install/ros2topic:/home/carla/ros2_humble/install/ros2test:/home/carla/ros2_humble/install/ros2component:/home/carla/ros2_humble/install/ros2param:/home/carla/ros2_humble/install/ros2lifecycle:/home/carla/ros2_humble/install/ros2service:/home/carla/ros2_humble/install/ros2run:/home/carla/ros2_humble/install/ros2launch:/home/carla/ros2_humble/install/ros2pkg:/home/carla/ros2_humble/install/ros2node:/home/carla/ros2_humble/install/ros2multicast:/home/carla/ros2_humble/install/ros2interface:/home/carla/ros2_humble/install/ros2doctor:/home/carla/ros2_humble/install/ros2action:/home/carla/ros2_humble/install/ros2cli:/home/carla/ros2_humble/install/quality_of_service_demo_py:/home/carla/ros2_humble/install/lifecycle_py:/home/carla/ros2_humble/install/launch_testing_ros:/home/carla/ros2_humble/install/launch_ros:/home/carla/ros2_humble/install/examples_rclpy_pointcloud_publisher:/home/carla/ros2_humble/install/examples_rclpy_minimal_subscriber:/home/carla/ros2_humble/install/examples_rclpy_minimal_service:/home/carla/ros2_humble/install/examples_rclpy_minimal_publisher:/home/carla/ros2_humble/install/examples_rclpy_minimal_client:/home/carla/ros2_humble/install/examples_rclpy_minimal_action_server:/home/carla/ros2_humble/install/examples_rclpy_minimal_action_client:/home/carla/ros2_humble/install/examples_rclpy_guard_conditions:/home/carla/ros2_humble/install/examples_rclpy_executors:/home/carla/ros2_humble/install/demo_nodes_py:/home/carla/ros2_humble/install/action_tutorials_py:/home/carla/ros2_humble/install/ament_uncrustify:/home/carla/ros2_humble/install/tracetools_trace:/home/carla/ros2_humble/install/tracetools_read:/home/carla/ros2_humble/install/test_tracetools_launch:/home/carla/ros2_humble/install/test_launch_ros:/home/carla/ros2_humble/install/sensor_msgs_py:/home/carla/ros2_humble/install/rpyutils:/home/carla/ros2_humble/install/rosidl_runtime_py:/home/carla/ros2_humble/install/rosidl_cli:/home/carla/ros2_humble/install/launch_pytest:/home/carla/ros2_humble/install/launch_testing:/home/carla/ros2_humble/install/launch_yaml:/home/carla/ros2_humble/install/launch_xml:/home/carla/ros2_humble/install/launch:/home/carla/ros2_humble/install/osrf_pycommon:/home/carla/ros2_humble/install/launch_testing_examples:/home/carla/ros2_humble/install/domain_coordinator:/home/carla/ros2_humble/install/ament_xmllint:/home/carla/ros2_humble/install/ament_pyflakes:/home/carla/ros2_humble/install/ament_pycodestyle:/home/carla/ros2_humble/install/ament_pep257:/home/carla/ros2_humble/install/ament_pclint:/home/carla/ros2_humble/install/ament_package:/home/carla/ros2_humble/install/ament_mypy:/home/carla/ros2_humble/install/ament_lint_cmake:/home/carla/ros2_humble/install/ament_flake8:/home/carla/ros2_humble/install/ament_copyright:/home/carla/ros2_humble/install/ament_lint:/home/carla/ros2_humble/install/ament_index_python:/home/carla/ros2_humble/install/ament_cpplint:/home/carla/ros2_humble/install/ament_cppcheck:/home/carla/ros2_humble/install/ament_clang_tidy:/home/carla/ros2_humble/install/ament_clang_format /usr/bin/cmake --install /home/carla/Github/C-V2X-Autoware-Carla/build/autoware_auto_control_msgs
[3.555s] -- Install configuration: ""
[3.555s] -- Up-to-date: /home/carla/Github/C-V2X-Autoware-Carla/install/autoware_auto_control_msgs/share/ament_index/resource_index/rosidl_interfaces/autoware_auto_control_msgs
[3.555s] -- Up-to-date: /home/carla/Github/C-V2X-Autoware-Carla/install/autoware_auto_control_msgs/include/autoware_auto_control_msgs/autoware_auto_control_msgs
[3.555s] -- Up-to-date: /home/carla/Github/C-V2X-Autoware-Carla/install/autoware_auto_control_msgs/include/autoware_auto_control_msgs/autoware_auto_control_msgs/msg
[3.555s] -- Up-to-date: /home/carla/Github/C-V2X-Autoware-Carla/install/autoware_auto_control_msgs/include/autoware_auto_control_msgs/autoware_auto_control_msgs/msg/longitudinal_command.h
[3.555s] -- Up-to-date: /home/carla/Github/C-V2X-Autoware-Carla/install/autoware_auto_control_msgs/include/autoware_auto_control_msgs/autoware_auto_control_msgs/msg/ackermann_control_command.h
[3.555s] -- Up-to-date: /home/carla/Github/C-V2X-Autoware-Carla/install/autoware_auto_control_msgs/include/autoware_auto_control_msgs/autoware_auto_control_msgs/msg/high_level_control_command.h
[3.555s] -- Up-to-date: /home/carla/Github/C-V2X-Autoware-Carla/install/autoware_auto_control_msgs/include/autoware_auto_control_msgs/autoware_auto_control_msgs/msg/detail
[3.555s] -- Up-to-date: /home/carla/Github/C-V2X-Autoware-Carla/install/autoware_auto_control_msgs/include/autoware_auto_control_msgs/autoware_auto_control_msgs/msg/detail/ackermann_control_command__functions.c
[3.556s] -- Up-to-date: /home/carla/Github/C-V2X-Autoware-Carla/install/autoware_auto_control_msgs/include/autoware_auto_control_msgs/autoware_auto_control_msgs/msg/detail/ackermann_lateral_command__functions.c
[3.556s] -- Up-to-date: /home/carla/Github/C-V2X-Autoware-Carla/install/autoware_auto_control_msgs/include/autoware_auto_control_msgs/autoware_auto_control_msgs/msg/detail/ackermann_lateral_command__struct.h
[3.556s] -- Up-to-date: /home/carla/Github/C-V2X-Autoware-Carla/install/autoware_auto_control_msgs/include/autoware_auto_control_msgs/autoware_auto_control_msgs/msg/detail/high_level_control_command__type_support.h
[3.556s] -- Up-to-date: /home/carla/Github/C-V2X-Autoware-Carla/install/autoware_auto_control_msgs/include/autoware_auto_control_msgs/autoware_auto_control_msgs/msg/detail/high_level_control_command__struct.h
[3.556s] -- Up-to-date: /home/carla/Github/C-V2X-Autoware-Carla/install/autoware_auto_control_msgs/include/autoware_auto_control_msgs/autoware_auto_control_msgs/msg/detail/longitudinal_command__struct.h
[3.556s] -- Up-to-date: /home/carla/Github/C-V2X-Autoware-Carla/install/autoware_auto_control_msgs/include/autoware_auto_control_msgs/autoware_auto_control_msgs/msg/detail/high_level_control_command__functions.c
[3.556s] -- Up-to-date: /home/carla/Github/C-V2X-Autoware-Carla/install/autoware_auto_control_msgs/include/autoware_auto_control_msgs/autoware_auto_control_msgs/msg/detail/longitudinal_command__functions.h
[3.556s] -- Up-to-date: /home/carla/Github/C-V2X-Autoware-Carla/install/autoware_auto_control_msgs/include/autoware_auto_control_msgs/autoware_auto_control_msgs/msg/detail/ackermann_control_command__type_support.h
[3.556s] -- Up-to-date: /home/carla/Github/C-V2X-Autoware-Carla/install/autoware_auto_control_msgs/include/autoware_auto_control_msgs/autoware_auto_control_msgs/msg/detail/ackermann_control_command__struct.h
[3.556s] -- Up-to-date: /home/carla/Github/C-V2X-Autoware-Carla/install/autoware_auto_control_msgs/include/autoware_auto_control_msgs/autoware_auto_control_msgs/msg/detail/ackermann_lateral_command__functions.h
[3.556s] -- Up-to-date: /home/carla/Github/C-V2X-Autoware-Carla/install/autoware_auto_control_msgs/include/autoware_auto_control_msgs/autoware_auto_control_msgs/msg/detail/longitudinal_command__functions.c
[3.556s] -- Up-to-date: /home/carla/Github/C-V2X-Autoware-Carla/install/autoware_auto_control_msgs/include/autoware_auto_control_msgs/autoware_auto_control_msgs/msg/detail/longitudinal_command__type_support.h
[3.556s] -- Up-to-date: /home/carla/Github/C-V2X-Autoware-Carla/install/autoware_auto_control_msgs/include/autoware_auto_control_msgs/autoware_auto_control_msgs/msg/detail/ackermann_lateral_command__type_support.h
[3.556s] -- Up-to-date: /home/carla/Github/C-V2X-Autoware-Carla/install/autoware_auto_control_msgs/include/autoware_auto_control_msgs/autoware_auto_control_msgs/msg/detail/high_level_control_command__functions.h
[3.556s] -- Up-to-date: /home/carla/Github/C-V2X-Autoware-Carla/install/autoware_auto_control_msgs/include/autoware_auto_control_msgs/autoware_auto_control_msgs/msg/detail/ackermann_control_command__functions.h
[3.556s] -- Up-to-date: /home/carla/Github/C-V2X-Autoware-Carla/install/autoware_auto_control_msgs/include/autoware_auto_control_msgs/autoware_auto_control_msgs/msg/rosidl_generator_c__visibility_control.h
[3.556s] -- Up-to-date: /home/carla/Github/C-V2X-Autoware-Carla/install/autoware_auto_control_msgs/include/autoware_auto_control_msgs/autoware_auto_control_msgs/msg/ackermann_lateral_command.h
[3.557s] -- Up-to-date: /home/carla/Github/C-V2X-Autoware-Carla/install/autoware_auto_control_msgs/share/autoware_auto_control_msgs/environment/library_path.sh
[3.557s] -- Up-to-date: /home/carla/Github/C-V2X-Autoware-Carla/install/autoware_auto_control_msgs/share/autoware_auto_control_msgs/environment/library_path.dsv
[3.557s] -- Up-to-date: /home/carla/Github/C-V2X-Autoware-Carla/install/autoware_auto_control_msgs/lib/libautoware_auto_control_msgs__rosidl_generator_c.so
[3.557s] -- Up-to-date: /home/carla/Github/C-V2X-Autoware-Carla/install/autoware_auto_control_msgs/include/autoware_auto_control_msgs/autoware_auto_control_msgs
[3.557s] -- Up-to-date: /home/carla/Github/C-V2X-Autoware-Carla/install/autoware_auto_control_msgs/include/autoware_auto_control_msgs/autoware_auto_control_msgs/msg
[3.557s] -- Up-to-date: /home/carla/Github/C-V2X-Autoware-Carla/install/autoware_auto_control_msgs/include/autoware_auto_control_msgs/autoware_auto_control_msgs/msg/rosidl_typesupport_introspection_c__visibility_control.h
[3.557s] -- Up-to-date: /home/carla/Github/C-V2X-Autoware-Carla/install/autoware_auto_control_msgs/include/autoware_auto_control_msgs/autoware_auto_control_msgs/msg/detail
[3.557s] -- Up-to-date: /home/carla/Github/C-V2X-Autoware-Carla/install/autoware_auto_control_msgs/include/autoware_auto_control_msgs/autoware_auto_control_msgs/msg/detail/longitudinal_command__type_support.c
[3.557s] -- Up-to-date: /home/carla/Github/C-V2X-Autoware-Carla/install/autoware_auto_control_msgs/include/autoware_auto_control_msgs/autoware_auto_control_msgs/msg/detail/ackermann_lateral_command__rosidl_typesupport_introspection_c.h
[3.557s] -- Up-to-date: /home/carla/Github/C-V2X-Autoware-Carla/install/autoware_auto_control_msgs/include/autoware_auto_control_msgs/autoware_auto_control_msgs/msg/detail/ackermann_lateral_command__type_support.c
[3.557s] -- Up-to-date: /home/carla/Github/C-V2X-Autoware-Carla/install/autoware_auto_control_msgs/include/autoware_auto_control_msgs/autoware_auto_control_msgs/msg/detail/longitudinal_command__rosidl_typesupport_introspection_c.h
[3.557s] -- Up-to-date: /home/carla/Github/C-V2X-Autoware-Carla/install/autoware_auto_control_msgs/include/autoware_auto_control_msgs/autoware_auto_control_msgs/msg/detail/ackermann_control_command__type_support.c
[3.557s] -- Up-to-date: /home/carla/Github/C-V2X-Autoware-Carla/install/autoware_auto_control_msgs/include/autoware_auto_control_msgs/autoware_auto_control_msgs/msg/detail/ackermann_control_command__rosidl_typesupport_introspection_c.h
[3.557s] -- Up-to-date: /home/carla/Github/C-V2X-Autoware-Carla/install/autoware_auto_control_msgs/include/autoware_auto_control_msgs/autoware_auto_control_msgs/msg/detail/high_level_control_command__type_support.c
[3.557s] -- Up-to-date: /home/carla/Github/C-V2X-Autoware-Carla/install/autoware_auto_control_msgs/include/autoware_auto_control_msgs/autoware_auto_control_msgs/msg/detail/high_level_control_command__rosidl_typesupport_introspection_c.h
[3.557s] -- Up-to-date: /home/carla/Github/C-V2X-Autoware-Carla/install/autoware_auto_control_msgs/lib/libautoware_auto_control_msgs__rosidl_typesupport_introspection_c.so
[3.558s] -- Up-to-date: /home/carla/Github/C-V2X-Autoware-Carla/install/autoware_auto_control_msgs/include/autoware_auto_control_msgs/autoware_auto_control_msgs
[3.558s] -- Up-to-date: /home/carla/Github/C-V2X-Autoware-Carla/install/autoware_auto_control_msgs/include/autoware_auto_control_msgs/autoware_auto_control_msgs/msg
[3.558s] -- Up-to-date: /home/carla/Github/C-V2X-Autoware-Carla/install/autoware_auto_control_msgs/include/autoware_auto_control_msgs/autoware_auto_control_msgs/msg/detail
[3.558s] -- Up-to-date: /home/carla/Github/C-V2X-Autoware-Carla/install/autoware_auto_control_msgs/include/autoware_auto_control_msgs/autoware_auto_control_msgs/msg/detail/longitudinal_command__rosidl_typesupport_fastrtps_c.h
[3.558s] -- Up-to-date: /home/carla/Github/C-V2X-Autoware-Carla/install/autoware_auto_control_msgs/include/autoware_auto_control_msgs/autoware_auto_control_msgs/msg/detail/ackermann_lateral_command__rosidl_typesupport_fastrtps_c.h
[3.558s] -- Up-to-date: /home/carla/Github/C-V2X-Autoware-Carla/install/autoware_auto_control_msgs/include/autoware_auto_control_msgs/autoware_auto_control_msgs/msg/detail/ackermann_control_command__rosidl_typesupport_fastrtps_c.h
[3.558s] -- Up-to-date: /home/carla/Github/C-V2X-Autoware-Carla/install/autoware_auto_control_msgs/include/autoware_auto_control_msgs/autoware_auto_control_msgs/msg/detail/high_level_control_command__rosidl_typesupport_fastrtps_c.h
[3.558s] -- Up-to-date: /home/carla/Github/C-V2X-Autoware-Carla/install/autoware_auto_control_msgs/include/autoware_auto_control_msgs/autoware_auto_control_msgs/msg/rosidl_typesupport_fastrtps_c__visibility_control.h
[3.558s] -- Up-to-date: /home/carla/Github/C-V2X-Autoware-Carla/install/autoware_auto_control_msgs/lib/libautoware_auto_control_msgs__rosidl_typesupport_fastrtps_c.so
[3.558s] -- Up-to-date: /home/carla/Github/C-V2X-Autoware-Carla/install/autoware_auto_control_msgs/lib/libautoware_auto_control_msgs__rosidl_typesupport_c.so
[3.558s] -- Up-to-date: /home/carla/Github/C-V2X-Autoware-Carla/install/autoware_auto_control_msgs/include/autoware_auto_control_msgs/autoware_auto_control_msgs
[3.558s] -- Up-to-date: /home/carla/Github/C-V2X-Autoware-Carla/install/autoware_auto_control_msgs/include/autoware_auto_control_msgs/autoware_auto_control_msgs/msg
[3.558s] -- Up-to-date: /home/carla/Github/C-V2X-Autoware-Carla/install/autoware_auto_control_msgs/include/autoware_auto_control_msgs/autoware_auto_control_msgs/msg/detail
[3.558s] -- Up-to-date: /home/carla/Github/C-V2X-Autoware-Carla/install/autoware_auto_control_msgs/include/autoware_auto_control_msgs/autoware_auto_control_msgs/msg/detail/ackermann_lateral_command__builder.hpp
[3.559s] -- Up-to-date: /home/carla/Github/C-V2X-Autoware-Carla/install/autoware_auto_control_msgs/include/autoware_auto_control_msgs/autoware_auto_control_msgs/msg/detail/longitudinal_command__traits.hpp
[3.559s] -- Up-to-date: /home/carla/Github/C-V2X-Autoware-Carla/install/autoware_auto_control_msgs/include/autoware_auto_control_msgs/autoware_auto_control_msgs/msg/detail/ackermann_control_command__struct.hpp
[3.559s] -- Up-to-date: /home/carla/Github/C-V2X-Autoware-Carla/install/autoware_auto_control_msgs/include/autoware_auto_control_msgs/autoware_auto_control_msgs/msg/detail/longitudinal_command__struct.hpp
[3.559s] -- Up-to-date: /home/carla/Github/C-V2X-Autoware-Carla/install/autoware_auto_control_msgs/include/autoware_auto_control_msgs/autoware_auto_control_msgs/msg/detail/ackermann_control_command__builder.hpp
[3.559s] -- Up-to-date: /home/carla/Github/C-V2X-Autoware-Carla/install/autoware_auto_control_msgs/include/autoware_auto_control_msgs/autoware_auto_control_msgs/msg/detail/high_level_control_command__struct.hpp
[3.559s] -- Up-to-date: /home/carla/Github/C-V2X-Autoware-Carla/install/autoware_auto_control_msgs/include/autoware_auto_control_msgs/autoware_auto_control_msgs/msg/detail/ackermann_control_command__traits.hpp
[3.559s] -- Up-to-date: /home/carla/Github/C-V2X-Autoware-Carla/install/autoware_auto_control_msgs/include/autoware_auto_control_msgs/autoware_auto_control_msgs/msg/detail/ackermann_lateral_command__struct.hpp
[3.559s] -- Up-to-date: /home/carla/Github/C-V2X-Autoware-Carla/install/autoware_auto_control_msgs/include/autoware_auto_control_msgs/autoware_auto_control_msgs/msg/detail/ackermann_lateral_command__traits.hpp
[3.559s] -- Up-to-date: /home/carla/Github/C-V2X-Autoware-Carla/install/autoware_auto_control_msgs/include/autoware_auto_control_msgs/autoware_auto_control_msgs/msg/detail/longitudinal_command__builder.hpp
[3.559s] -- Up-to-date: /home/carla/Github/C-V2X-Autoware-Carla/install/autoware_auto_control_msgs/include/autoware_auto_control_msgs/autoware_auto_control_msgs/msg/detail/high_level_control_command__builder.hpp
[3.559s] -- Up-to-date: /home/carla/Github/C-V2X-Autoware-Carla/install/autoware_auto_control_msgs/include/autoware_auto_control_msgs/autoware_auto_control_msgs/msg/detail/high_level_control_command__traits.hpp
[3.559s] -- Up-to-date: /home/carla/Github/C-V2X-Autoware-Carla/install/autoware_auto_control_msgs/include/autoware_auto_control_msgs/autoware_auto_control_msgs/msg/longitudinal_command.hpp
[3.559s] -- Up-to-date: /home/carla/Github/C-V2X-Autoware-Carla/install/autoware_auto_control_msgs/include/autoware_auto_control_msgs/autoware_auto_control_msgs/msg/high_level_control_command.hpp
[3.559s] -- Up-to-date: /home/carla/Github/C-V2X-Autoware-Carla/install/autoware_auto_control_msgs/include/autoware_auto_control_msgs/autoware_auto_control_msgs/msg/ackermann_lateral_command.hpp
[3.559s] -- Up-to-date: /home/carla/Github/C-V2X-Autoware-Carla/install/autoware_auto_control_msgs/include/autoware_auto_control_msgs/autoware_auto_control_msgs/msg/ackermann_control_command.hpp
[3.560s] -- Up-to-date: /home/carla/Github/C-V2X-Autoware-Carla/install/autoware_auto_control_msgs/include/autoware_auto_control_msgs/autoware_auto_control_msgs
[3.560s] -- Up-to-date: /home/carla/Github/C-V2X-Autoware-Carla/install/autoware_auto_control_msgs/include/autoware_auto_control_msgs/autoware_auto_control_msgs/msg
[3.560s] -- Up-to-date: /home/carla/Github/C-V2X-Autoware-Carla/install/autoware_auto_control_msgs/include/autoware_auto_control_msgs/autoware_auto_control_msgs/msg/detail
[3.560s] -- Up-to-date: /home/carla/Github/C-V2X-Autoware-Carla/install/autoware_auto_control_msgs/include/autoware_auto_control_msgs/autoware_auto_control_msgs/msg/detail/longitudinal_command__type_support.cpp
[3.560s] -- Up-to-date: /home/carla/Github/C-V2X-Autoware-Carla/install/autoware_auto_control_msgs/include/autoware_auto_control_msgs/autoware_auto_control_msgs/msg/detail/high_level_control_command__rosidl_typesupport_introspection_cpp.hpp
[3.560s] -- Up-to-date: /home/carla/Github/C-V2X-Autoware-Carla/install/autoware_auto_control_msgs/include/autoware_auto_control_msgs/autoware_auto_control_msgs/msg/detail/high_level_control_command__type_support.cpp
[3.560s] -- Up-to-date: /home/carla/Github/C-V2X-Autoware-Carla/install/autoware_auto_control_msgs/include/autoware_auto_control_msgs/autoware_auto_control_msgs/msg/detail/longitudinal_command__rosidl_typesupport_introspection_cpp.hpp
[3.560s] -- Up-to-date: /home/carla/Github/C-V2X-Autoware-Carla/install/autoware_auto_control_msgs/include/autoware_auto_control_msgs/autoware_auto_control_msgs/msg/detail/ackermann_control_command__type_support.cpp
[3.560s] -- Up-to-date: /home/carla/Github/C-V2X-Autoware-Carla/install/autoware_auto_control_msgs/include/autoware_auto_control_msgs/autoware_auto_control_msgs/msg/detail/ackermann_lateral_command__type_support.cpp
[3.560s] -- Up-to-date: /home/carla/Github/C-V2X-Autoware-Carla/install/autoware_auto_control_msgs/include/autoware_auto_control_msgs/autoware_auto_control_msgs/msg/detail/ackermann_lateral_command__rosidl_typesupport_introspection_cpp.hpp
[3.560s] -- Up-to-date: /home/carla/Github/C-V2X-Autoware-Carla/install/autoware_auto_control_msgs/include/autoware_auto_control_msgs/autoware_auto_control_msgs/msg/detail/ackermann_control_command__rosidl_typesupport_introspection_cpp.hpp
[3.561s] -- Up-to-date: /home/carla/Github/C-V2X-Autoware-Carla/install/autoware_auto_control_msgs/lib/libautoware_auto_control_msgs__rosidl_typesupport_introspection_cpp.so
[3.561s] -- Up-to-date: /home/carla/Github/C-V2X-Autoware-Carla/install/autoware_auto_control_msgs/include/autoware_auto_control_msgs/autoware_auto_control_msgs
[3.561s] -- Up-to-date: /home/carla/Github/C-V2X-Autoware-Carla/install/autoware_auto_control_msgs/include/autoware_auto_control_msgs/autoware_auto_control_msgs/msg
[3.562s] -- Up-to-date: /home/carla/Github/C-V2X-Autoware-Carla/install/autoware_auto_control_msgs/include/autoware_auto_control_msgs/autoware_auto_control_msgs/msg/rosidl_typesupport_fastrtps_cpp__visibility_control.h
[3.562s] -- Up-to-date: /home/carla/Github/C-V2X-Autoware-Carla/install/autoware_auto_control_msgs/include/autoware_auto_control_msgs/autoware_auto_control_msgs/msg/detail
[3.562s] -- Up-to-date: /home/carla/Github/C-V2X-Autoware-Carla/install/autoware_auto_control_msgs/include/autoware_auto_control_msgs/autoware_auto_control_msgs/msg/detail/ackermann_control_command__rosidl_typesupport_fastrtps_cpp.hpp
[3.562s] -- Up-to-date: /home/carla/Github/C-V2X-Autoware-Carla/install/autoware_auto_control_msgs/include/autoware_auto_control_msgs/autoware_auto_control_msgs/msg/detail/dds_fastrtps
[3.563s] -- Up-to-date: /home/carla/Github/C-V2X-Autoware-Carla/install/autoware_auto_control_msgs/include/autoware_auto_control_msgs/autoware_auto_control_msgs/msg/detail/longitudinal_command__rosidl_typesupport_fastrtps_cpp.hpp
[3.563s] -- Up-to-date: /home/carla/Github/C-V2X-Autoware-Carla/install/autoware_auto_control_msgs/include/autoware_auto_control_msgs/autoware_auto_control_msgs/msg/detail/ackermann_lateral_command__rosidl_typesupport_fastrtps_cpp.hpp
[3.563s] -- Up-to-date: /home/carla/Github/C-V2X-Autoware-Carla/install/autoware_auto_control_msgs/include/autoware_auto_control_msgs/autoware_auto_control_msgs/msg/detail/high_level_control_command__rosidl_typesupport_fastrtps_cpp.hpp
[3.563s] -- Up-to-date: /home/carla/Github/C-V2X-Autoware-Carla/install/autoware_auto_control_msgs/lib/libautoware_auto_control_msgs__rosidl_typesupport_fastrtps_cpp.so
[3.563s] -- Up-to-date: /home/carla/Github/C-V2X-Autoware-Carla/install/autoware_auto_control_msgs/lib/libautoware_auto_control_msgs__rosidl_typesupport_cpp.so
[3.564s] -- Up-to-date: /home/carla/Github/C-V2X-Autoware-Carla/install/autoware_auto_control_msgs/share/autoware_auto_control_msgs/environment/pythonpath.sh
[3.564s] -- Up-to-date: /home/carla/Github/C-V2X-Autoware-Carla/install/autoware_auto_control_msgs/share/autoware_auto_control_msgs/environment/pythonpath.dsv
[3.564s] -- Up-to-date: /home/carla/Github/C-V2X-Autoware-Carla/install/autoware_auto_control_msgs/lib/python3.8/site-packages/autoware_auto_control_msgs-1.0.0-py3.8.egg-info
[3.564s] -- Installing: /home/carla/Github/C-V2X-Autoware-Carla/install/autoware_auto_control_msgs/lib/python3.8/site-packages/autoware_auto_control_msgs-1.0.0-py3.8.egg-info/SOURCES.txt
[3.565s] -- Installing: /home/carla/Github/C-V2X-Autoware-Carla/install/autoware_auto_control_msgs/lib/python3.8/site-packages/autoware_auto_control_msgs-1.0.0-py3.8.egg-info/PKG-INFO
[3.565s] -- Installing: /home/carla/Github/C-V2X-Autoware-Carla/install/autoware_auto_control_msgs/lib/python3.8/site-packages/autoware_auto_control_msgs-1.0.0-py3.8.egg-info/dependency_links.txt
[3.566s] -- Installing: /home/carla/Github/C-V2X-Autoware-Carla/install/autoware_auto_control_msgs/lib/python3.8/site-packages/autoware_auto_control_msgs-1.0.0-py3.8.egg-info/top_level.txt
[3.566s] -- Up-to-date: /home/carla/Github/C-V2X-Autoware-Carla/install/autoware_auto_control_msgs/lib/python3.8/site-packages/autoware_auto_control_msgs
[3.566s] -- Up-to-date: /home/carla/Github/C-V2X-Autoware-Carla/install/autoware_auto_control_msgs/lib/python3.8/site-packages/autoware_auto_control_msgs/_autoware_auto_control_msgs_s.ep.rosidl_typesupport_c.c
[3.566s] -- Up-to-date: /home/carla/Github/C-V2X-Autoware-Carla/install/autoware_auto_control_msgs/lib/python3.8/site-packages/autoware_auto_control_msgs/_autoware_auto_control_msgs_s.ep.rosidl_typesupport_introspection_c.c
[3.566s] -- Up-to-date: /home/carla/Github/C-V2X-Autoware-Carla/install/autoware_auto_control_msgs/lib/python3.8/site-packages/autoware_auto_control_msgs/autoware_auto_control_msgs_s__rosidl_typesupport_introspection_c.cpython-38-x86_64-linux-gnu.so
[3.567s] -- Up-to-date: /home/carla/Github/C-V2X-Autoware-Carla/install/autoware_auto_control_msgs/lib/python3.8/site-packages/autoware_auto_control_msgs/libautoware_auto_control_msgs__rosidl_generator_py.so
[3.567s] -- Up-to-date: /home/carla/Github/C-V2X-Autoware-Carla/install/autoware_auto_control_msgs/lib/python3.8/site-packages/autoware_auto_control_msgs/autoware_auto_control_msgs_s__rosidl_typesupport_fastrtps_c.cpython-38-x86_64-linux-gnu.so
[3.567s] -- Up-to-date: /home/carla/Github/C-V2X-Autoware-Carla/install/autoware_auto_control_msgs/lib/python3.8/site-packages/autoware_auto_control_msgs/__init__.py
[3.567s] -- Up-to-date: /home/carla/Github/C-V2X-Autoware-Carla/install/autoware_auto_control_msgs/lib/python3.8/site-packages/autoware_auto_control_msgs/msg
[3.567s] -- Up-to-date: /home/carla/Github/C-V2X-Autoware-Carla/install/autoware_auto_control_msgs/lib/python3.8/site-packages/autoware_auto_control_msgs/msg/_ackermann_lateral_command.py
[3.567s] -- Up-to-date: /home/carla/Github/C-V2X-Autoware-Carla/install/autoware_auto_control_msgs/lib/python3.8/site-packages/autoware_auto_control_msgs/msg/_longitudinal_command_s.c
[3.567s] -- Up-to-date: /home/carla/Github/C-V2X-Autoware-Carla/install/autoware_auto_control_msgs/lib/python3.8/site-packages/autoware_auto_control_msgs/msg/_ackermann_control_command_s.c
[3.567s] -- Up-to-date: /home/carla/Github/C-V2X-Autoware-Carla/install/autoware_auto_control_msgs/lib/python3.8/site-packages/autoware_auto_control_msgs/msg/_high_level_control_command_s.c
[3.567s] -- Up-to-date: /home/carla/Github/C-V2X-Autoware-Carla/install/autoware_auto_control_msgs/lib/python3.8/site-packages/autoware_auto_control_msgs/msg/_ackermann_lateral_command_s.c
[3.567s] -- Up-to-date: /home/carla/Github/C-V2X-Autoware-Carla/install/autoware_auto_control_msgs/lib/python3.8/site-packages/autoware_auto_control_msgs/msg/_longitudinal_command.py
[3.567s] -- Up-to-date: /home/carla/Github/C-V2X-Autoware-Carla/install/autoware_auto_control_msgs/lib/python3.8/site-packages/autoware_auto_control_msgs/msg/_ackermann_control_command.py
[3.567s] -- Up-to-date: /home/carla/Github/C-V2X-Autoware-Carla/install/autoware_auto_control_msgs/lib/python3.8/site-packages/autoware_auto_control_msgs/msg/_high_level_control_command.py
[3.567s] -- Up-to-date: /home/carla/Github/C-V2X-Autoware-Carla/install/autoware_auto_control_msgs/lib/python3.8/site-packages/autoware_auto_control_msgs/msg/__init__.py
[3.567s] -- Up-to-date: /home/carla/Github/C-V2X-Autoware-Carla/install/autoware_auto_control_msgs/lib/python3.8/site-packages/autoware_auto_control_msgs/_autoware_auto_control_msgs_s.ep.rosidl_typesupport_fastrtps_c.c
[3.567s] -- Up-to-date: /home/carla/Github/C-V2X-Autoware-Carla/install/autoware_auto_control_msgs/lib/python3.8/site-packages/autoware_auto_control_msgs/autoware_auto_control_msgs_s__rosidl_typesupport_c.cpython-38-x86_64-linux-gnu.so
[3.918s] Listing '/home/carla/Github/C-V2X-Autoware-Carla/install/autoware_auto_control_msgs/lib/python3.8/site-packages/autoware_auto_control_msgs'...
[3.918s] Listing '/home/carla/Github/C-V2X-Autoware-Carla/install/autoware_auto_control_msgs/lib/python3.8/site-packages/autoware_auto_control_msgs/msg'...
[3.924s] -- Up-to-date: /home/carla/Github/C-V2X-Autoware-Carla/install/autoware_auto_control_msgs/lib/python3.8/site-packages/autoware_auto_control_msgs/autoware_auto_control_msgs_s__rosidl_typesupport_introspection_c.cpython-38-x86_64-linux-gnu.so
[3.924s] -- Up-to-date: /home/carla/Github/C-V2X-Autoware-Carla/install/autoware_auto_control_msgs/lib/python3.8/site-packages/autoware_auto_control_msgs/autoware_auto_control_msgs_s__rosidl_typesupport_fastrtps_c.cpython-38-x86_64-linux-gnu.so
[3.925s] -- Up-to-date: /home/carla/Github/C-V2X-Autoware-Carla/install/autoware_auto_control_msgs/lib/python3.8/site-packages/autoware_auto_control_msgs/autoware_auto_control_msgs_s__rosidl_typesupport_c.cpython-38-x86_64-linux-gnu.so
[3.925s] -- Up-to-date: /home/carla/Github/C-V2X-Autoware-Carla/install/autoware_auto_control_msgs/lib/libautoware_auto_control_msgs__rosidl_generator_py.so
[3.925s] -- Up-to-date: /home/carla/Github/C-V2X-Autoware-Carla/install/autoware_auto_control_msgs/share/autoware_auto_control_msgs/msg/AckermannControlCommand.idl
[3.925s] -- Up-to-date: /home/carla/Github/C-V2X-Autoware-Carla/install/autoware_auto_control_msgs/share/autoware_auto_control_msgs/msg/AckermannLateralCommand.idl
[3.925s] -- Up-to-date: /home/carla/Github/C-V2X-Autoware-Carla/install/autoware_auto_control_msgs/share/autoware_auto_control_msgs/msg/HighLevelControlCommand.idl
[3.926s] -- Up-to-date: /home/carla/Github/C-V2X-Autoware-Carla/install/autoware_auto_control_msgs/share/autoware_auto_control_msgs/msg/LongitudinalCommand.idl
[3.926s] -- Up-to-date: /home/carla/Github/C-V2X-Autoware-Carla/install/autoware_auto_control_msgs/share/ament_index/resource_index/package_run_dependencies/autoware_auto_control_msgs
[3.926s] -- Up-to-date: /home/carla/Github/C-V2X-Autoware-Carla/install/autoware_auto_control_msgs/share/ament_index/resource_index/parent_prefix_path/autoware_auto_control_msgs
[3.926s] -- Up-to-date: /home/carla/Github/C-V2X-Autoware-Carla/install/autoware_auto_control_msgs/share/autoware_auto_control_msgs/environment/ament_prefix_path.dsv
[3.926s] -- Up-to-date: /home/carla/Github/C-V2X-Autoware-Carla/install/autoware_auto_control_msgs/share/autoware_auto_control_msgs/environment/path.dsv
[3.926s] -- Up-to-date: /home/carla/Github/C-V2X-Autoware-Carla/install/autoware_auto_control_msgs/share/autoware_auto_control_msgs/local_setup.bash
[3.926s] -- Up-to-date: /home/carla/Github/C-V2X-Autoware-Carla/install/autoware_auto_control_msgs/share/autoware_auto_control_msgs/local_setup.sh
[3.926s] -- Up-to-date: /home/carla/Github/C-V2X-Autoware-Carla/install/autoware_auto_control_msgs/share/autoware_auto_control_msgs/local_setup.zsh
[3.926s] -- Up-to-date: /home/carla/Github/C-V2X-Autoware-Carla/install/autoware_auto_control_msgs/share/autoware_auto_control_msgs/local_setup.dsv
[3.926s] -- Installing: /home/carla/Github/C-V2X-Autoware-Carla/install/autoware_auto_control_msgs/share/autoware_auto_control_msgs/package.dsv
[3.926s] -- Up-to-date: /home/carla/Github/C-V2X-Autoware-Carla/install/autoware_auto_control_msgs/share/ament_index/resource_index/packages/autoware_auto_control_msgs
[3.926s] -- Up-to-date: /home/carla/Github/C-V2X-Autoware-Carla/install/autoware_auto_control_msgs/share/autoware_auto_control_msgs/cmake/export_autoware_auto_control_msgs__rosidl_generator_cExport.cmake
[3.926s] -- Up-to-date: /home/carla/Github/C-V2X-Autoware-Carla/install/autoware_auto_control_msgs/share/autoware_auto_control_msgs/cmake/export_autoware_auto_control_msgs__rosidl_generator_cExport-noconfig.cmake
[3.927s] -- Up-to-date: /home/carla/Github/C-V2X-Autoware-Carla/install/autoware_auto_control_msgs/share/autoware_auto_control_msgs/cmake/autoware_auto_control_msgs__rosidl_typesupport_introspection_cExport.cmake
[3.927s] -- Up-to-date: /home/carla/Github/C-V2X-Autoware-Carla/install/autoware_auto_control_msgs/share/autoware_auto_control_msgs/cmake/autoware_auto_control_msgs__rosidl_typesupport_introspection_cExport-noconfig.cmake
[3.927s] -- Up-to-date: /home/carla/Github/C-V2X-Autoware-Carla/install/autoware_auto_control_msgs/share/autoware_auto_control_msgs/cmake/export_autoware_auto_control_msgs__rosidl_typesupport_fastrtps_cExport.cmake
[3.927s] -- Up-to-date: /home/carla/Github/C-V2X-Autoware-Carla/install/autoware_auto_control_msgs/share/autoware_auto_control_msgs/cmake/export_autoware_auto_control_msgs__rosidl_typesupport_fastrtps_cExport-noconfig.cmake
[3.927s] -- Up-to-date: /home/carla/Github/C-V2X-Autoware-Carla/install/autoware_auto_control_msgs/share/autoware_auto_control_msgs/cmake/autoware_auto_control_msgs__rosidl_typesupport_cExport.cmake
[3.927s] -- Up-to-date: /home/carla/Github/C-V2X-Autoware-Carla/install/autoware_auto_control_msgs/share/autoware_auto_control_msgs/cmake/autoware_auto_control_msgs__rosidl_typesupport_cExport-noconfig.cmake
[3.927s] -- Up-to-date: /home/carla/Github/C-V2X-Autoware-Carla/install/autoware_auto_control_msgs/share/autoware_auto_control_msgs/cmake/export_autoware_auto_control_msgs__rosidl_generator_cppExport.cmake
[3.928s] -- Up-to-date: /home/carla/Github/C-V2X-Autoware-Carla/install/autoware_auto_control_msgs/share/autoware_auto_control_msgs/cmake/autoware_auto_control_msgs__rosidl_typesupport_introspection_cppExport.cmake
[3.928s] -- Up-to-date: /home/carla/Github/C-V2X-Autoware-Carla/install/autoware_auto_control_msgs/share/autoware_auto_control_msgs/cmake/autoware_auto_control_msgs__rosidl_typesupport_introspection_cppExport-noconfig.cmake
[3.928s] -- Up-to-date: /home/carla/Github/C-V2X-Autoware-Carla/install/autoware_auto_control_msgs/share/autoware_auto_control_msgs/cmake/export_autoware_auto_control_msgs__rosidl_typesupport_fastrtps_cppExport.cmake
[3.928s] -- Up-to-date: /home/carla/Github/C-V2X-Autoware-Carla/install/autoware_auto_control_msgs/share/autoware_auto_control_msgs/cmake/export_autoware_auto_control_msgs__rosidl_typesupport_fastrtps_cppExport-noconfig.cmake
[3.928s] -- Up-to-date: /home/carla/Github/C-V2X-Autoware-Carla/install/autoware_auto_control_msgs/share/autoware_auto_control_msgs/cmake/autoware_auto_control_msgs__rosidl_typesupport_cppExport.cmake
[3.928s] -- Up-to-date: /home/carla/Github/C-V2X-Autoware-Carla/install/autoware_auto_control_msgs/share/autoware_auto_control_msgs/cmake/autoware_auto_control_msgs__rosidl_typesupport_cppExport-noconfig.cmake
[3.928s] -- Up-to-date: /home/carla/Github/C-V2X-Autoware-Carla/install/autoware_auto_control_msgs/share/autoware_auto_control_msgs/cmake/export_autoware_auto_control_msgs__rosidl_generator_pyExport.cmake
[3.928s] -- Up-to-date: /home/carla/Github/C-V2X-Autoware-Carla/install/autoware_auto_control_msgs/share/autoware_auto_control_msgs/cmake/export_autoware_auto_control_msgs__rosidl_generator_pyExport-noconfig.cmake
[3.928s] -- Up-to-date: /home/carla/Github/C-V2X-Autoware-Carla/install/autoware_auto_control_msgs/share/autoware_auto_control_msgs/cmake/rosidl_cmake-extras.cmake
[3.928s] -- Up-to-date: /home/carla/Github/C-V2X-Autoware-Carla/install/autoware_auto_control_msgs/share/autoware_auto_control_msgs/cmake/ament_cmake_export_dependencies-extras.cmake
[3.929s] -- Up-to-date: /home/carla/Github/C-V2X-Autoware-Carla/install/autoware_auto_control_msgs/share/autoware_auto_control_msgs/cmake/ament_cmake_export_include_directories-extras.cmake
[3.929s] -- Up-to-date: /home/carla/Github/C-V2X-Autoware-Carla/install/autoware_auto_control_msgs/share/autoware_auto_control_msgs/cmake/ament_cmake_export_libraries-extras.cmake
[3.929s] -- Up-to-date: /home/carla/Github/C-V2X-Autoware-Carla/install/autoware_auto_control_msgs/share/autoware_auto_control_msgs/cmake/ament_cmake_export_targets-extras.cmake
[3.929s] -- Up-to-date: /home/carla/Github/C-V2X-Autoware-Carla/install/autoware_auto_control_msgs/share/autoware_auto_control_msgs/cmake/rosidl_cmake_export_typesupport_targets-extras.cmake
[3.929s] -- Up-to-date: /home/carla/Github/C-V2X-Autoware-Carla/install/autoware_auto_control_msgs/share/autoware_auto_control_msgs/cmake/rosidl_cmake_export_typesupport_libraries-extras.cmake
[3.930s] -- Up-to-date: /home/carla/Github/C-V2X-Autoware-Carla/install/autoware_auto_control_msgs/share/autoware_auto_control_msgs/cmake/autoware_auto_control_msgsConfig.cmake
[3.930s] -- Up-to-date: /home/carla/Github/C-V2X-Autoware-Carla/install/autoware_auto_control_msgs/share/autoware_auto_control_msgs/cmake/autoware_auto_control_msgsConfig-version.cmake
[3.930s] -- Up-to-date: /home/carla/Github/C-V2X-Autoware-Carla/install/autoware_auto_control_msgs/share/autoware_auto_control_msgs/package.xml
[3.938s] Invoked command in '/home/carla/Github/C-V2X-Autoware-Carla/build/autoware_auto_control_msgs' returned '0': CMAKE_PREFIX_PATH=${CMAKE_PREFIX_PATH}:/home/carla/Github/C-V2X-Autoware-Carla/install/vehicle:/home/carla/Github/C-V2X-Autoware-Carla/install/infrastructure:/home/carla/ros2_humble/install/rqt_bag_plugins:/home/carla/ros2_humble/install/rqt_bag:/home/carla/ros2_humble/install/ros2bag:/home/carla/ros2_humble/install/tracetools_test:/home/carla/ros2_humble/install/tracetools_launch:/home/carla/ros2_humble/install/topic_monitor:/home/carla/ros2_humble/install/tf2_tools:/home/carla/ros2_humble/install/examples_tf2_py:/home/carla/ros2_humble/install/tf2_ros_py:/home/carla/ros2_humble/install/sros2:/home/carla/ros2_humble/install/rqt_topic:/home/carla/ros2_humble/install/rqt_srv:/home/carla/ros2_humble/install/rqt_shell:/home/carla/ros2_humble/install/rqt_service_caller:/home/carla/ros2_humble/install/rqt_reconfigure:/home/carla/ros2_humble/install/rqt_py_console:/home/carla/ros2_humble/install/rqt_publisher:/home/carla/ros2_humble/install/rqt_plot:/home/carla/ros2_humble/install/rqt_action:/home/carla/ros2_humble/install/rqt_msg:/home/carla/ros2_humble/install/rqt_console:/home/carla/ros2_humble/install/rqt:/home/carla/ros2_humble/install/rqt_graph:/home/carla/ros2_humble/install/rqt_gui_py:/home/carla/ros2_humble/install/rqt_gui:/home/carla/ros2_humble/install/ros2trace:/home/carla/ros2_humble/install/ros2topic:/home/carla/ros2_humble/install/ros2test:/home/carla/ros2_humble/install/ros2component:/home/carla/ros2_humble/install/ros2param:/home/carla/ros2_humble/install/ros2lifecycle:/home/carla/ros2_humble/install/ros2service:/home/carla/ros2_humble/install/ros2run:/home/carla/ros2_humble/install/ros2launch:/home/carla/ros2_humble/install/ros2pkg:/home/carla/ros2_humble/install/ros2node:/home/carla/ros2_humble/install/ros2multicast:/home/carla/ros2_humble/install/ros2interface:/home/carla/ros2_humble/install/ros2doctor:/home/carla/ros2_humble/install/ros2action:/home/carla/ros2_humble/install/ros2cli:/home/carla/ros2_humble/install/quality_of_service_demo_py:/home/carla/ros2_humble/install/lifecycle_py:/home/carla/ros2_humble/install/launch_testing_ros:/home/carla/ros2_humble/install/launch_ros:/home/carla/ros2_humble/install/examples_rclpy_pointcloud_publisher:/home/carla/ros2_humble/install/examples_rclpy_minimal_subscriber:/home/carla/ros2_humble/install/examples_rclpy_minimal_service:/home/carla/ros2_humble/install/examples_rclpy_minimal_publisher:/home/carla/ros2_humble/install/examples_rclpy_minimal_client:/home/carla/ros2_humble/install/examples_rclpy_minimal_action_server:/home/carla/ros2_humble/install/examples_rclpy_minimal_action_client:/home/carla/ros2_humble/install/examples_rclpy_guard_conditions:/home/carla/ros2_humble/install/examples_rclpy_executors:/home/carla/ros2_humble/install/demo_nodes_py:/home/carla/ros2_humble/install/action_tutorials_py:/home/carla/ros2_humble/install/ament_uncrustify:/home/carla/ros2_humble/install/tracetools_trace:/home/carla/ros2_humble/install/tracetools_read:/home/carla/ros2_humble/install/test_tracetools_launch:/home/carla/ros2_humble/install/test_launch_ros:/home/carla/ros2_humble/install/sensor_msgs_py:/home/carla/ros2_humble/install/rpyutils:/home/carla/ros2_humble/install/rosidl_runtime_py:/home/carla/ros2_humble/install/rosidl_cli:/home/carla/ros2_humble/install/launch_pytest:/home/carla/ros2_humble/install/launch_testing:/home/carla/ros2_humble/install/launch_yaml:/home/carla/ros2_humble/install/launch_xml:/home/carla/ros2_humble/install/launch:/home/carla/ros2_humble/install/osrf_pycommon:/home/carla/ros2_humble/install/launch_testing_examples:/home/carla/ros2_humble/install/domain_coordinator:/home/carla/ros2_humble/install/ament_xmllint:/home/carla/ros2_humble/install/ament_pyflakes:/home/carla/ros2_humble/install/ament_pycodestyle:/home/carla/ros2_humble/install/ament_pep257:/home/carla/ros2_humble/install/ament_pclint:/home/carla/ros2_humble/install/ament_package:/home/carla/ros2_humble/install/ament_mypy:/home/carla/ros2_humble/install/ament_lint_cmake:/home/carla/ros2_humble/install/ament_flake8:/home/carla/ros2_humble/install/ament_copyright:/home/carla/ros2_humble/install/ament_lint:/home/carla/ros2_humble/install/ament_index_python:/home/carla/ros2_humble/install/ament_cpplint:/home/carla/ros2_humble/install/ament_cppcheck:/home/carla/ros2_humble/install/ament_clang_tidy:/home/carla/ros2_humble/install/ament_clang_format /usr/bin/cmake --install /home/carla/Github/C-V2X-Autoware-Carla/build/autoware_auto_control_msgs
