[1.070s] Invoking command in '/home/carla/Documents/GitHub/C-V2X-Autoware-Carla/src/infrastructure': PYTHONPATH=/home/carla/Documents/GitHub/C-V2X-Autoware-Carla/install/infrastructure/lib/python3.8/site-packages:${PYTHONPATH} /usr/bin/python3 setup.py egg_info --egg-base ../../build/infrastructure build --build-base /home/carla/Documents/GitHub/C-V2X-Autoware-Carla/build/infrastructure/build install --prefix /home/carla/Documents/GitHub/C-V2X-Autoware-Carla/install/infrastructure --record /home/carla/Documents/GitHub/C-V2X-Autoware-Carla/build/infrastructure/install.log --single-version-externally-managed
[1.282s] running egg_info
[1.290s] writing ../../build/infrastructure/infrastructure.egg-info/PKG-INFO
[1.290s] writing dependency_links to ../../build/infrastructure/infrastructure.egg-info/dependency_links.txt
[1.290s] writing entry points to ../../build/infrastructure/infrastructure.egg-info/entry_points.txt
[1.290s] writing requirements to ../../build/infrastructure/infrastructure.egg-info/requires.txt
[1.291s] writing top-level names to ../../build/infrastructure/infrastructure.egg-info/top_level.txt
[1.313s] reading manifest file '../../build/infrastructure/infrastructure.egg-info/SOURCES.txt'
[1.314s] writing manifest file '../../build/infrastructure/infrastructure.egg-info/SOURCES.txt'
[1.314s] /home/carla/.local/lib/python3.8/site-packages/setuptools/command/install.py:34: SetuptoolsDeprecationWarning: setup.py install is deprecated. Use build and pip and other standards-based tools.
[1.314s]   warnings.warn(
[1.315s] running build
[1.315s] running build_py
[1.315s] running install
[1.317s] running install_lib
[1.325s] running install_data
[1.332s] running install_egg_info
[1.340s] removing '/home/carla/Documents/GitHub/C-V2X-Autoware-Carla/install/infrastructure/lib/python3.8/site-packages/infrastructure-0.0.0-py3.8.egg-info' (and everything under it)
[1.341s] Copying ../../build/infrastructure/infrastructure.egg-info to /home/carla/Documents/GitHub/C-V2X-Autoware-Carla/install/infrastructure/lib/python3.8/site-packages/infrastructure-0.0.0-py3.8.egg-info
[1.341s] running install_scripts
[1.372s] Installing MAP script to /home/carla/Documents/GitHub/C-V2X-Autoware-Carla/install/infrastructure/lib/infrastructure
[1.373s] Installing SSM script to /home/carla/Documents/GitHub/C-V2X-Autoware-Carla/install/infrastructure/lib/infrastructure
[1.373s] writing list of installed files to '/home/carla/Documents/GitHub/C-V2X-Autoware-Carla/build/infrastructure/install.log'
[1.401s] Invoked command in '/home/carla/Documents/GitHub/C-V2X-Autoware-Carla/src/infrastructure' returned '0': PYTHONPATH=/home/carla/Documents/GitHub/C-V2X-Autoware-Carla/install/infrastructure/lib/python3.8/site-packages:${PYTHONPATH} /usr/bin/python3 setup.py egg_info --egg-base ../../build/infrastructure build --build-base /home/carla/Documents/GitHub/C-V2X-Autoware-Carla/build/infrastructure/build install --prefix /home/carla/Documents/GitHub/C-V2X-Autoware-Carla/install/infrastructure --record /home/carla/Documents/GitHub/C-V2X-Autoware-Carla/build/infrastructure/install.log --single-version-externally-managed
