running egg_info
creating ../../build/vehicle/vehicle.egg-info
writing ../../build/vehicle/vehicle.egg-info/PKG-INFO
writing dependency_links to ../../build/vehicle/vehicle.egg-info/dependency_links.txt
writing entry points to ../../build/vehicle/vehicle.egg-info/entry_points.txt
writing requirements to ../../build/vehicle/vehicle.egg-info/requires.txt
writing top-level names to ../../build/vehicle/vehicle.egg-info/top_level.txt
writing manifest file '../../build/vehicle/vehicle.egg-info/SOURCES.txt'
reading manifest file '../../build/vehicle/vehicle.egg-info/SOURCES.txt'
writing manifest file '../../build/vehicle/vehicle.egg-info/SOURCES.txt'
running build
running build_py
creating /home/carla/Documents/GitHub/C-V2X-Autoware-Carla/build/vehicle/build
creating /home/carla/Documents/GitHub/C-V2X-Autoware-Carla/build/vehicle/build/lib
creating /home/carla/Documents/GitHub/C-V2X-Autoware-Carla/build/vehicle/build/lib/vehicle
copying vehicle/host_vehicle.py -> /home/carla/Documents/GitHub/C-V2X-Autoware-Carla/build/vehicle/build/lib/vehicle
copying vehicle/__init__.py -> /home/carla/Documents/GitHub/C-V2X-Autoware-Carla/build/vehicle/build/lib/vehicle
running install
running install_lib
creating /home/carla/Documents/GitHub/C-V2X-Autoware-Carla/install/vehicle/lib/python3.8/site-packages/vehicle
copying /home/carla/Documents/GitHub/C-V2X-Autoware-Carla/build/vehicle/build/lib/vehicle/host_vehicle.py -> /home/carla/Documents/GitHub/C-V2X-Autoware-Carla/install/vehicle/lib/python3.8/site-packages/vehicle
copying /home/carla/Documents/GitHub/C-V2X-Autoware-Carla/build/vehicle/build/lib/vehicle/__init__.py -> /home/carla/Documents/GitHub/C-V2X-Autoware-Carla/install/vehicle/lib/python3.8/site-packages/vehicle
byte-compiling /home/carla/Documents/GitHub/C-V2X-Autoware-Carla/install/vehicle/lib/python3.8/site-packages/vehicle/host_vehicle.py to host_vehicle.cpython-38.pyc
byte-compiling /home/carla/Documents/GitHub/C-V2X-Autoware-Carla/install/vehicle/lib/python3.8/site-packages/vehicle/__init__.py to __init__.cpython-38.pyc
running install_data
creating /home/carla/Documents/GitHub/C-V2X-Autoware-Carla/install/vehicle/share/ament_index
creating /home/carla/Documents/GitHub/C-V2X-Autoware-Carla/install/vehicle/share/ament_index/resource_index
creating /home/carla/Documents/GitHub/C-V2X-Autoware-Carla/install/vehicle/share/ament_index/resource_index/packages
copying resource/vehicle -> /home/carla/Documents/GitHub/C-V2X-Autoware-Carla/install/vehicle/share/ament_index/resource_index/packages
copying package.xml -> /home/carla/Documents/GitHub/C-V2X-Autoware-Carla/install/vehicle/share/vehicle
running install_egg_info
Copying ../../build/vehicle/vehicle.egg-info to /home/carla/Documents/GitHub/C-V2X-Autoware-Carla/install/vehicle/lib/python3.8/site-packages/vehicle-0.0.0-py3.8.egg-info
running install_scripts
Installing host_vehicle script to /home/carla/Documents/GitHub/C-V2X-Autoware-Carla/install/vehicle/lib/vehicle
writing list of installed files to '/home/carla/Documents/GitHub/C-V2X-Autoware-Carla/build/vehicle/install.log'
