[0.863s] Invoking command in '/home/carla/Documents/GitHub/C-V2X-Autoware-Carla/src/vehicle': PYTHONPATH=/home/carla/Documents/GitHub/C-V2X-Autoware-Carla/install/vehicle/lib/python3.8/site-packages:${PYTHONPATH} /usr/bin/python3 setup.py egg_info --egg-base ../../build/vehicle build --build-base /home/carla/Documents/GitHub/C-V2X-Autoware-Carla/build/vehicle/build install --prefix /home/carla/Documents/GitHub/C-V2X-Autoware-Carla/install/vehicle --record /home/carla/Documents/GitHub/C-V2X-Autoware-Carla/build/vehicle/install.log --single-version-externally-managed
[1.147s] running egg_info
[1.147s] creating ../../build/vehicle/vehicle.egg-info
[1.165s] writing ../../build/vehicle/vehicle.egg-info/PKG-INFO
[1.165s] writing dependency_links to ../../build/vehicle/vehicle.egg-info/dependency_links.txt
[1.165s] writing entry points to ../../build/vehicle/vehicle.egg-info/entry_points.txt
[1.165s] writing requirements to ../../build/vehicle/vehicle.egg-info/requires.txt
[1.165s] writing top-level names to ../../build/vehicle/vehicle.egg-info/top_level.txt
[1.166s] writing manifest file '../../build/vehicle/vehicle.egg-info/SOURCES.txt'
[1.214s] reading manifest file '../../build/vehicle/vehicle.egg-info/SOURCES.txt'
[1.216s] writing manifest file '../../build/vehicle/vehicle.egg-info/SOURCES.txt'
[1.216s] running build
[1.216s] running build_py
[1.217s] creating /home/carla/Documents/GitHub/C-V2X-Autoware-Carla/build/vehicle/build
[1.218s] creating /home/carla/Documents/GitHub/C-V2X-Autoware-Carla/build/vehicle/build/lib
[1.218s] creating /home/carla/Documents/GitHub/C-V2X-Autoware-Carla/build/vehicle/build/lib/vehicle
[1.218s] copying vehicle/host_vehicle.py -> /home/carla/Documents/GitHub/C-V2X-Autoware-Carla/build/vehicle/build/lib/vehicle
[1.218s] copying vehicle/__init__.py -> /home/carla/Documents/GitHub/C-V2X-Autoware-Carla/build/vehicle/build/lib/vehicle
[1.218s] running install
[1.219s] /home/carla/.local/lib/python3.8/site-packages/setuptools/command/install.py:34: SetuptoolsDeprecationWarning: setup.py install is deprecated. Use build and pip and other standards-based tools.
[1.219s]   warnings.warn(
[1.220s] running install_lib
[1.235s] creating /home/carla/Documents/GitHub/C-V2X-Autoware-Carla/install/vehicle/lib/python3.8/site-packages/vehicle
[1.235s] copying /home/carla/Documents/GitHub/C-V2X-Autoware-Carla/build/vehicle/build/lib/vehicle/host_vehicle.py -> /home/carla/Documents/GitHub/C-V2X-Autoware-Carla/install/vehicle/lib/python3.8/site-packages/vehicle
[1.236s] copying /home/carla/Documents/GitHub/C-V2X-Autoware-Carla/build/vehicle/build/lib/vehicle/__init__.py -> /home/carla/Documents/GitHub/C-V2X-Autoware-Carla/install/vehicle/lib/python3.8/site-packages/vehicle
[1.236s] byte-compiling /home/carla/Documents/GitHub/C-V2X-Autoware-Carla/install/vehicle/lib/python3.8/site-packages/vehicle/host_vehicle.py to host_vehicle.cpython-38.pyc
[1.238s] byte-compiling /home/carla/Documents/GitHub/C-V2X-Autoware-Carla/install/vehicle/lib/python3.8/site-packages/vehicle/__init__.py to __init__.cpython-38.pyc
[1.238s] running install_data
[1.254s] creating /home/carla/Documents/GitHub/C-V2X-Autoware-Carla/install/vehicle/share/ament_index
[1.255s] creating /home/carla/Documents/GitHub/C-V2X-Autoware-Carla/install/vehicle/share/ament_index/resource_index
[1.255s] creating /home/carla/Documents/GitHub/C-V2X-Autoware-Carla/install/vehicle/share/ament_index/resource_index/packages
[1.255s] copying resource/vehicle -> /home/carla/Documents/GitHub/C-V2X-Autoware-Carla/install/vehicle/share/ament_index/resource_index/packages
[1.255s] copying package.xml -> /home/carla/Documents/GitHub/C-V2X-Autoware-Carla/install/vehicle/share/vehicle
[1.255s] running install_egg_info
[1.272s] Copying ../../build/vehicle/vehicle.egg-info to /home/carla/Documents/GitHub/C-V2X-Autoware-Carla/install/vehicle/lib/python3.8/site-packages/vehicle-0.0.0-py3.8.egg-info
[1.272s] running install_scripts
[1.335s] Installing host_vehicle script to /home/carla/Documents/GitHub/C-V2X-Autoware-Carla/install/vehicle/lib/vehicle
[1.335s] writing list of installed files to '/home/carla/Documents/GitHub/C-V2X-Autoware-Carla/build/vehicle/install.log'
[1.383s] Invoked command in '/home/carla/Documents/GitHub/C-V2X-Autoware-Carla/src/vehicle' returned '0': PYTHONPATH=/home/carla/Documents/GitHub/C-V2X-Autoware-Carla/install/vehicle/lib/python3.8/site-packages:${PYTHONPATH} /usr/bin/python3 setup.py egg_info --egg-base ../../build/vehicle build --build-base /home/carla/Documents/GitHub/C-V2X-Autoware-Carla/build/vehicle/build install --prefix /home/carla/Documents/GitHub/C-V2X-Autoware-Carla/install/vehicle --record /home/carla/Documents/GitHub/C-V2X-Autoware-Carla/build/vehicle/install.log --single-version-externally-managed
