running egg_info
writing ../../build/infrastructure/infrastructure.egg-info/PKG-INFO
writing dependency_links to ../../build/infrastructure/infrastructure.egg-info/dependency_links.txt
writing entry points to ../../build/infrastructure/infrastructure.egg-info/entry_points.txt
writing requirements to ../../build/infrastructure/infrastructure.egg-info/requires.txt
writing top-level names to ../../build/infrastructure/infrastructure.egg-info/top_level.txt
reading manifest file '../../build/infrastructure/infrastructure.egg-info/SOURCES.txt'
writing manifest file '../../build/infrastructure/infrastructure.egg-info/SOURCES.txt'
running build
running build_py
copying infrastructure/SSM.py -> /home/carla/Github/C-V2X-Autoware-Carla/build/infrastructure/build/lib/infrastructure
copying infrastructure/update.py -> /home/carla/Github/C-V2X-Autoware-Carla/build/infrastructure/build/lib/infrastructure
copying infrastructure/SRM.py -> /home/carla/Github/C-V2X-Autoware-Carla/build/infrastructure/build/lib/infrastructure
copying infrastructure/__init__.py -> /home/carla/Github/C-V2X-Autoware-Carla/build/infrastructure/build/lib/infrastructure
copying infrastructure/MAP.py -> /home/carla/Github/C-V2X-Autoware-Carla/build/infrastructure/build/lib/infrastructure
running install
running install_lib
running install_data
copying resource/infrastructure -> /home/carla/Github/C-V2X-Autoware-Carla/install/infrastructure/share/ament_index/resource_index/packages
copying package.xml -> /home/carla/Github/C-V2X-Autoware-Carla/install/infrastructure/share/infrastructure
running install_egg_info
removing '/home/carla/Github/C-V2X-Autoware-Carla/install/infrastructure/lib/python3.8/site-packages/infrastructure-0.0.0-py3.8.egg-info' (and everything under it)
Copying ../../build/infrastructure/infrastructure.egg-info to /home/carla/Github/C-V2X-Autoware-Carla/install/infrastructure/lib/python3.8/site-packages/infrastructure-0.0.0-py3.8.egg-info
running install_scripts
Installing MAP script to /home/carla/Github/C-V2X-Autoware-Carla/install/infrastructure/lib/infrastructure
Installing SSM script to /home/carla/Github/C-V2X-Autoware-Carla/install/infrastructure/lib/infrastructure
Installing update script to /home/carla/Github/C-V2X-Autoware-Carla/install/infrastructure/lib/infrastructure
writing list of installed files to '/home/carla/Github/C-V2X-Autoware-Carla/build/infrastructure/install.log'
