[0.883s] Invoking command in '/home/carla/Documents/GitHub/C-V2X-Autoware-Carla/src/infrastructure': PYTHONPATH=/home/carla/Documents/GitHub/C-V2X-Autoware-Carla/install/infrastructure/lib/python3.8/site-packages:${PYTHONPATH} /usr/bin/python3 setup.py egg_info --egg-base ../../build/infrastructure build --build-base /home/carla/Documents/GitHub/C-V2X-Autoware-Carla/build/infrastructure/build install --prefix /home/carla/Documents/GitHub/C-V2X-Autoware-Carla/install/infrastructure --record /home/carla/Documents/GitHub/C-V2X-Autoware-Carla/build/infrastructure/install.log --single-version-externally-managed
[1.173s] running egg_info
[1.174s] creating ../../build/infrastructure/infrastructure.egg-info
[1.189s] writing ../../build/infrastructure/infrastructure.egg-info/PKG-INFO
[1.190s] writing dependency_links to ../../build/infrastructure/infrastructure.egg-info/dependency_links.txt
[1.190s] writing entry points to ../../build/infrastructure/infrastructure.egg-info/entry_points.txt
[1.190s] writing requirements to ../../build/infrastructure/infrastructure.egg-info/requires.txt
[1.190s] writing top-level names to ../../build/infrastructure/infrastructure.egg-info/top_level.txt
[1.191s] writing manifest file '../../build/infrastructure/infrastructure.egg-info/SOURCES.txt'
[1.226s] reading manifest file '../../build/infrastructure/infrastructure.egg-info/SOURCES.txt'
[1.227s] writing manifest file '../../build/infrastructure/infrastructure.egg-info/SOURCES.txt'
[1.227s] running build
[1.227s] running build_py
[1.227s] creating /home/carla/Documents/GitHub/C-V2X-Autoware-Carla/build/infrastructure/build
[1.227s] creating /home/carla/Documents/GitHub/C-V2X-Autoware-Carla/build/infrastructure/build/lib
[1.227s] creating /home/carla/Documents/GitHub/C-V2X-Autoware-Carla/build/infrastructure/build/lib/infrastructure
[1.228s] copying infrastructure/SSM.py -> /home/carla/Documents/GitHub/C-V2X-Autoware-Carla/build/infrastructure/build/lib/infrastructure
[1.228s] copying infrastructure/__init__.py -> /home/carla/Documents/GitHub/C-V2X-Autoware-Carla/build/infrastructure/build/lib/infrastructure
[1.228s] copying infrastructure/MAP.py -> /home/carla/Documents/GitHub/C-V2X-Autoware-Carla/build/infrastructure/build/lib/infrastructure
[1.228s] running install
[1.228s] /home/carla/.local/lib/python3.8/site-packages/setuptools/command/install.py:34: SetuptoolsDeprecationWarning: setup.py install is deprecated. Use build and pip and other standards-based tools.
[1.228s]   warnings.warn(
[1.233s] running install_lib
[1.262s] creating /home/carla/Documents/GitHub/C-V2X-Autoware-Carla/install/infrastructure/lib/python3.8/site-packages/infrastructure
[1.262s] copying /home/carla/Documents/GitHub/C-V2X-Autoware-Carla/build/infrastructure/build/lib/infrastructure/SSM.py -> /home/carla/Documents/GitHub/C-V2X-Autoware-Carla/install/infrastructure/lib/python3.8/site-packages/infrastructure
[1.262s] copying /home/carla/Documents/GitHub/C-V2X-Autoware-Carla/build/infrastructure/build/lib/infrastructure/__init__.py -> /home/carla/Documents/GitHub/C-V2X-Autoware-Carla/install/infrastructure/lib/python3.8/site-packages/infrastructure
[1.262s] copying /home/carla/Documents/GitHub/C-V2X-Autoware-Carla/build/infrastructure/build/lib/infrastructure/MAP.py -> /home/carla/Documents/GitHub/C-V2X-Autoware-Carla/install/infrastructure/lib/python3.8/site-packages/infrastructure
[1.262s] byte-compiling /home/carla/Documents/GitHub/C-V2X-Autoware-Carla/install/infrastructure/lib/python3.8/site-packages/infrastructure/SSM.py to SSM.cpython-38.pyc
[1.263s] byte-compiling /home/carla/Documents/GitHub/C-V2X-Autoware-Carla/install/infrastructure/lib/python3.8/site-packages/infrastructure/__init__.py to __init__.cpython-38.pyc
[1.264s] byte-compiling /home/carla/Documents/GitHub/C-V2X-Autoware-Carla/install/infrastructure/lib/python3.8/site-packages/infrastructure/MAP.py to MAP.cpython-38.pyc
[1.264s] running install_data
[1.281s] creating /home/carla/Documents/GitHub/C-V2X-Autoware-Carla/install/infrastructure/share/ament_index
[1.281s] creating /home/carla/Documents/GitHub/C-V2X-Autoware-Carla/install/infrastructure/share/ament_index/resource_index
[1.281s] creating /home/carla/Documents/GitHub/C-V2X-Autoware-Carla/install/infrastructure/share/ament_index/resource_index/packages
[1.281s] copying resource/infrastructure -> /home/carla/Documents/GitHub/C-V2X-Autoware-Carla/install/infrastructure/share/ament_index/resource_index/packages
[1.281s] copying package.xml -> /home/carla/Documents/GitHub/C-V2X-Autoware-Carla/install/infrastructure/share/infrastructure
[1.281s] running install_egg_info
[1.298s] Copying ../../build/infrastructure/infrastructure.egg-info to /home/carla/Documents/GitHub/C-V2X-Autoware-Carla/install/infrastructure/lib/python3.8/site-packages/infrastructure-0.0.0-py3.8.egg-info
[1.299s] running install_scripts
[1.367s] Installing MAP script to /home/carla/Documents/GitHub/C-V2X-Autoware-Carla/install/infrastructure/lib/infrastructure
[1.368s] Installing SSM script to /home/carla/Documents/GitHub/C-V2X-Autoware-Carla/install/infrastructure/lib/infrastructure
[1.368s] writing list of installed files to '/home/carla/Documents/GitHub/C-V2X-Autoware-Carla/build/infrastructure/install.log'
[1.413s] Invoked command in '/home/carla/Documents/GitHub/C-V2X-Autoware-Carla/src/infrastructure' returned '0': PYTHONPATH=/home/carla/Documents/GitHub/C-V2X-Autoware-Carla/install/infrastructure/lib/python3.8/site-packages:${PYTHONPATH} /usr/bin/python3 setup.py egg_info --egg-base ../../build/infrastructure build --build-base /home/carla/Documents/GitHub/C-V2X-Autoware-Carla/build/infrastructure/build install --prefix /home/carla/Documents/GitHub/C-V2X-Autoware-Carla/install/infrastructure --record /home/carla/Documents/GitHub/C-V2X-Autoware-Carla/build/infrastructure/install.log --single-version-externally-managed
