[1.011s] Invoking command in '/home/carla/Github/C-V2X-Autoware-Carla/build/vehicle': PYTHONPATH=/home/carla/Github/C-V2X-Autoware-Carla/build/vehicle/prefix_override:/home/carla/Github/C-V2X-Autoware-Carla/install/vehicle/lib/python3.8/site-packages:${PYTHONPATH} /usr/bin/python3 setup.py develop --uninstall --editable --build-directory /home/carla/Github/C-V2X-Autoware-Carla/build/vehicle/build
[1.440s] running develop
[1.566s] Invoked command in '/home/carla/Github/C-V2X-Autoware-Carla/build/vehicle' returned '0': PYTHONPATH=/home/carla/Github/C-V2X-Autoware-Carla/build/vehicle/prefix_override:/home/carla/Github/C-V2X-Autoware-Carla/install/vehicle/lib/python3.8/site-packages:${PYTHONPATH} /usr/bin/python3 setup.py develop --uninstall --editable --build-directory /home/carla/Github/C-V2X-Autoware-Carla/build/vehicle/build
[1.568s] Invoking command in '/home/carla/Github/C-V2X-Autoware-Carla/src/vehicle': PYTHONPATH=/home/carla/Github/C-V2X-Autoware-Carla/build/vehicle/prefix_override:/home/carla/Github/C-V2X-Autoware-Carla/install/vehicle/lib/python3.8/site-packages:${PYTHONPATH} /usr/bin/python3 setup.py egg_info --egg-base ../../build/vehicle build --build-base /home/carla/Github/C-V2X-Autoware-Carla/build/vehicle/build install --record /home/carla/Github/C-V2X-Autoware-Carla/build/vehicle/install.log --single-version-externally-managed
[1.960s] running egg_info
[1.960s] writing ../../build/vehicle/vehicle.egg-info/PKG-INFO
[1.960s] writing dependency_links to ../../build/vehicle/vehicle.egg-info/dependency_links.txt
[1.960s] writing entry points to ../../build/vehicle/vehicle.egg-info/entry_points.txt
[1.960s] writing requirements to ../../build/vehicle/vehicle.egg-info/requires.txt
[1.960s] writing top-level names to ../../build/vehicle/vehicle.egg-info/top_level.txt
[1.982s] reading manifest file '../../build/vehicle/vehicle.egg-info/SOURCES.txt'
[1.983s] writing manifest file '../../build/vehicle/vehicle.egg-info/SOURCES.txt'
[1.983s] running build
[1.983s] running build_py
[1.983s] copying vehicle/host_vehicle.py -> /home/carla/Github/C-V2X-Autoware-Carla/build/vehicle/build/lib/vehicle
[1.983s] running install
[1.984s] running install_lib
[1.985s] copying /home/carla/Github/C-V2X-Autoware-Carla/build/vehicle/build/lib/vehicle/host_vehicle.py -> /home/carla/Github/C-V2X-Autoware-Carla/install/vehicle/lib/python3.8/site-packages/vehicle
[1.986s] byte-compiling /home/carla/Github/C-V2X-Autoware-Carla/install/vehicle/lib/python3.8/site-packages/vehicle/host_vehicle.py to host_vehicle.cpython-38.pyc
[1.989s] running install_data
[1.989s] running install_egg_info
[1.991s] removing '/home/carla/Github/C-V2X-Autoware-Carla/install/vehicle/lib/python3.8/site-packages/vehicle-0.0.0-py3.8.egg-info' (and everything under it)
[1.991s] Copying ../../build/vehicle/vehicle.egg-info to /home/carla/Github/C-V2X-Autoware-Carla/install/vehicle/lib/python3.8/site-packages/vehicle-0.0.0-py3.8.egg-info
[1.992s] running install_scripts
[2.008s] Installing host_vehicle script to /home/carla/Github/C-V2X-Autoware-Carla/install/vehicle/lib/vehicle
[2.008s] Installing remote_vehicle script to /home/carla/Github/C-V2X-Autoware-Carla/install/vehicle/lib/vehicle
[2.009s] writing list of installed files to '/home/carla/Github/C-V2X-Autoware-Carla/build/vehicle/install.log'
[2.021s] Invoked command in '/home/carla/Github/C-V2X-Autoware-Carla/src/vehicle' returned '0': PYTHONPATH=/home/carla/Github/C-V2X-Autoware-Carla/build/vehicle/prefix_override:/home/carla/Github/C-V2X-Autoware-Carla/install/vehicle/lib/python3.8/site-packages:${PYTHONPATH} /usr/bin/python3 setup.py egg_info --egg-base ../../build/vehicle build --build-base /home/carla/Github/C-V2X-Autoware-Carla/build/vehicle/build install --record /home/carla/Github/C-V2X-Autoware-Carla/build/vehicle/install.log --single-version-externally-managed
