[0.063s] Invoking command in '/home/carla/Documents/GitHub/C-V2X-Autoware-Carla/build/image_geometry': CMAKE_PREFIX_PATH=${CMAKE_PREFIX_PATH}:/home/carla/Documents/GitHub/C-V2X-Autoware-Carla/install/vehicle:/home/carla/Documents/GitHub/C-V2X-Autoware-Carla/install/opencv_tests:/opt/ros/galactic /usr/bin/cmake --build /home/carla/Documents/GitHub/C-V2X-Autoware-Carla/build/image_geometry -- -j20 -l20
[0.280s] [ 22%] Built target gtest
[0.280s] [ 44%] Built target gtest_main
[0.280s] [ 77%] Built target image_geometry
[0.280s] [ 77%] Built target ament_cmake_python_symlink_image_geometry
[0.280s] [100%] Built target image_geometry-utest
[0.319s] running egg_info
[0.328s] writing image_geometry.egg-info/PKG-INFO
[0.328s] writing dependency_links to image_geometry.egg-info/dependency_links.txt
[0.328s] writing top-level names to image_geometry.egg-info/top_level.txt
[0.353s] reading manifest file 'image_geometry.egg-info/SOURCES.txt'
[0.353s] writing manifest file 'image_geometry.egg-info/SOURCES.txt'
[0.382s] [100%] Built target ament_cmake_python_build_image_geometry_egg
[0.483s] Invoked command in '/home/carla/Documents/GitHub/C-V2X-Autoware-Carla/build/image_geometry' returned '0': CMAKE_PREFIX_PATH=${CMAKE_PREFIX_PATH}:/home/carla/Documents/GitHub/C-V2X-Autoware-Carla/install/vehicle:/home/carla/Documents/GitHub/C-V2X-Autoware-Carla/install/opencv_tests:/opt/ros/galactic /usr/bin/cmake --build /home/carla/Documents/GitHub/C-V2X-Autoware-Carla/build/image_geometry -- -j20 -l20
[0.507s] Invoking command in '/home/carla/Documents/GitHub/C-V2X-Autoware-Carla/build/image_geometry': CMAKE_PREFIX_PATH=${CMAKE_PREFIX_PATH}:/home/carla/Documents/GitHub/C-V2X-Autoware-Carla/install/vehicle:/home/carla/Documents/GitHub/C-V2X-Autoware-Carla/install/opencv_tests:/opt/ros/galactic /usr/bin/cmake --install /home/carla/Documents/GitHub/C-V2X-Autoware-Carla/build/image_geometry
[0.511s] -- Install configuration: ""
[0.511s] -- Execute custom install script
[0.511s] -- Up-to-date symlink: /home/carla/Documents/GitHub/C-V2X-Autoware-Carla/install/image_geometry/share/image_geometry/environment/pythonpath.sh
[0.511s] -- Up-to-date symlink: /home/carla/Documents/GitHub/C-V2X-Autoware-Carla/install/image_geometry/share/image_geometry/environment/pythonpath.dsv
[0.512s] -- Up-to-date symlink: /home/carla/Documents/GitHub/C-V2X-Autoware-Carla/install/image_geometry/lib/python3.8/site-packages//image_geometry.egg-info/PKG-INFO
[0.512s] -- Up-to-date symlink: /home/carla/Documents/GitHub/C-V2X-Autoware-Carla/install/image_geometry/lib/python3.8/site-packages//image_geometry.egg-info/SOURCES.txt
[0.512s] -- Up-to-date symlink: /home/carla/Documents/GitHub/C-V2X-Autoware-Carla/install/image_geometry/lib/python3.8/site-packages//image_geometry.egg-info/dependency_links.txt
[0.512s] -- Up-to-date symlink: /home/carla/Documents/GitHub/C-V2X-Autoware-Carla/install/image_geometry/lib/python3.8/site-packages//image_geometry.egg-info/top_level.txt
[0.512s] -- Up-to-date symlink: /home/carla/Documents/GitHub/C-V2X-Autoware-Carla/install/image_geometry/lib/python3.8/site-packages/image_geometry/__init__.py
[0.512s] -- Up-to-date symlink: /home/carla/Documents/GitHub/C-V2X-Autoware-Carla/install/image_geometry/lib/python3.8/site-packages/image_geometry/cameramodels.py
[0.513s] -- Up-to-date symlink: /home/carla/Documents/GitHub/C-V2X-Autoware-Carla/install/image_geometry/include/image_geometry/image_geometry/pinhole_camera_model.h
[0.513s] -- Up-to-date symlink: /home/carla/Documents/GitHub/C-V2X-Autoware-Carla/install/image_geometry/include/image_geometry/image_geometry/stereo_camera_model.h
[0.513s] -- Up-to-date symlink: /home/carla/Documents/GitHub/C-V2X-Autoware-Carla/install/image_geometry/include/image_geometry/image_geometry/visibility_control.hpp
[0.513s] -- Up-to-date symlink: /home/carla/Documents/GitHub/C-V2X-Autoware-Carla/install/image_geometry/share/ament_index/resource_index/package_run_dependencies/image_geometry
[0.513s] -- Up-to-date symlink: /home/carla/Documents/GitHub/C-V2X-Autoware-Carla/install/image_geometry/share/ament_index/resource_index/parent_prefix_path/image_geometry
[0.513s] -- Up-to-date symlink: /home/carla/Documents/GitHub/C-V2X-Autoware-Carla/install/image_geometry/share/image_geometry/environment/ament_prefix_path.sh
[0.513s] -- Up-to-date symlink: /home/carla/Documents/GitHub/C-V2X-Autoware-Carla/install/image_geometry/share/image_geometry/environment/ament_prefix_path.dsv
[0.513s] -- Up-to-date symlink: /home/carla/Documents/GitHub/C-V2X-Autoware-Carla/install/image_geometry/share/image_geometry/environment/path.sh
[0.513s] -- Up-to-date symlink: /home/carla/Documents/GitHub/C-V2X-Autoware-Carla/install/image_geometry/share/image_geometry/environment/path.dsv
[0.514s] -- Up-to-date symlink: /home/carla/Documents/GitHub/C-V2X-Autoware-Carla/install/image_geometry/share/image_geometry/local_setup.bash
[0.514s] -- Up-to-date symlink: /home/carla/Documents/GitHub/C-V2X-Autoware-Carla/install/image_geometry/share/image_geometry/local_setup.sh
[0.514s] -- Up-to-date symlink: /home/carla/Documents/GitHub/C-V2X-Autoware-Carla/install/image_geometry/share/image_geometry/local_setup.zsh
[0.514s] -- Up-to-date symlink: /home/carla/Documents/GitHub/C-V2X-Autoware-Carla/install/image_geometry/share/image_geometry/local_setup.dsv
[0.514s] -- Symlinking: /home/carla/Documents/GitHub/C-V2X-Autoware-Carla/install/image_geometry/share/image_geometry/package.dsv
[0.519s] -- Up-to-date symlink: /home/carla/Documents/GitHub/C-V2X-Autoware-Carla/install/image_geometry/share/ament_index/resource_index/packages/image_geometry
[0.519s] -- Up-to-date symlink: /home/carla/Documents/GitHub/C-V2X-Autoware-Carla/install/image_geometry/share/image_geometry/cmake/ament_cmake_export_targets-extras.cmake
[0.520s] -- Up-to-date symlink: /home/carla/Documents/GitHub/C-V2X-Autoware-Carla/install/image_geometry/share/image_geometry/cmake/ament_cmake_export_dependencies-extras.cmake
[0.520s] -- Up-to-date symlink: /home/carla/Documents/GitHub/C-V2X-Autoware-Carla/install/image_geometry/share/image_geometry/cmake/image_geometryConfig.cmake
[0.520s] -- Up-to-date symlink: /home/carla/Documents/GitHub/C-V2X-Autoware-Carla/install/image_geometry/share/image_geometry/cmake/image_geometryConfig-version.cmake
[0.520s] -- Up-to-date symlink: /home/carla/Documents/GitHub/C-V2X-Autoware-Carla/install/image_geometry/share/image_geometry/package.xml
[0.539s] Listing '/home/carla/Documents/GitHub/C-V2X-Autoware-Carla/install/image_geometry/lib/python3.8/site-packages/image_geometry'...
[0.541s] -- Up-to-date: /home/carla/Documents/GitHub/C-V2X-Autoware-Carla/install/image_geometry/lib/libimage_geometry.so
[0.541s] -- Up-to-date: /home/carla/Documents/GitHub/C-V2X-Autoware-Carla/install/image_geometry/share/image_geometry/cmake/export_image_geometryExport.cmake
[0.543s] -- Up-to-date: /home/carla/Documents/GitHub/C-V2X-Autoware-Carla/install/image_geometry/share/image_geometry/cmake/export_image_geometryExport-noconfig.cmake
[0.565s] Invoked command in '/home/carla/Documents/GitHub/C-V2X-Autoware-Carla/build/image_geometry' returned '0': CMAKE_PREFIX_PATH=${CMAKE_PREFIX_PATH}:/home/carla/Documents/GitHub/C-V2X-Autoware-Carla/install/vehicle:/home/carla/Documents/GitHub/C-V2X-Autoware-Carla/install/opencv_tests:/opt/ros/galactic /usr/bin/cmake --install /home/carla/Documents/GitHub/C-V2X-Autoware-Carla/build/image_geometry
