[0.216s] DEBUG:colcon:Command line arguments: ['/usr/bin/colcon', 'list', '-p', '--base-paths', '/home/carla/Documents/GitHub/C-V2X-Autoware-Carla']
[0.216s] DEBUG:colcon:Parsed command line arguments: Namespace(allow_overriding=[], base_paths=['/home/carla/Documents/GitHub/C-V2X-Autoware-Carla'], build_base='build', ignore_user_meta=False, log_base=None, log_level=None, main=<bound method ListVerb.main of <colcon_package_information.verb.list.ListVerb object at 0x7f32c1a00c40>>, metas=['./colcon.meta'], names_only=False, packages_above=None, packages_above_and_dependencies=None, packages_above_depth=None, packages_end=None, packages_ignore=None, packages_ignore_regex=None, packages_select=None, packages_select_build_failed=False, packages_select_by_dep=None, packages_select_regex=None, packages_select_test_failures=False, packages_skip=None, packages_skip_build_finished=False, packages_skip_by_dep=None, packages_skip_regex=None, packages_skip_test_passed=False, packages_skip_up_to=None, packages_start=None, packages_up_to=None, packages_up_to_regex=None, paths=None, paths_only=True, topological_graph=False, topological_graph_density=False, topological_graph_dot=False, topological_graph_dot_cluster=False, topological_graph_dot_include_skipped=False, topological_graph_legend=False, topological_order=False, verb_extension=<colcon_package_information.verb.list.ListVerb object at 0x7f32c1a00c40>, verb_name='list', verb_parser=<colcon_defaults.argument_parser.defaults.DefaultArgumentsDecorator object at 0x7f32c16905e0>)
[0.247s] Level 1:colcon.colcon_core.package_discovery:discover_packages(colcon_meta) check parameters
[0.247s] Level 1:colcon.colcon_core.package_discovery:discover_packages(recursive) check parameters
[0.247s] Level 1:colcon.colcon_core.package_discovery:discover_packages(ignore) check parameters
[0.247s] Level 1:colcon.colcon_core.package_discovery:discover_packages(path) check parameters
[0.247s] Level 1:colcon.colcon_core.package_discovery:discover_packages(recursive) discover
[0.247s] INFO:colcon.colcon_core.package_discovery:Crawling recursively for packages in '/home/carla/Documents/GitHub/C-V2X-Autoware-Carla'
[0.247s] Level 1:colcon.colcon_core.package_identification:_identify(/home/carla/Documents/GitHub/C-V2X-Autoware-Carla) by extensions ['ignore', 'ignore_ament_install']
[0.247s] Level 1:colcon.colcon_core.package_identification:_identify(/home/carla/Documents/GitHub/C-V2X-Autoware-Carla) by extension 'ignore'
[0.247s] Level 1:colcon.colcon_core.package_identification:_identify(/home/carla/Documents/GitHub/C-V2X-Autoware-Carla) by extension 'ignore_ament_install'
[0.247s] Level 1:colcon.colcon_core.package_identification:_identify(/home/carla/Documents/GitHub/C-V2X-Autoware-Carla) by extensions ['colcon_pkg']
[0.247s] Level 1:colcon.colcon_core.package_identification:_identify(/home/carla/Documents/GitHub/C-V2X-Autoware-Carla) by extension 'colcon_pkg'
[0.247s] Level 1:colcon.colcon_core.package_identification:_identify(/home/carla/Documents/GitHub/C-V2X-Autoware-Carla) by extensions ['colcon_meta']
[0.247s] Level 1:colcon.colcon_core.package_identification:_identify(/home/carla/Documents/GitHub/C-V2X-Autoware-Carla) by extension 'colcon_meta'
[0.247s] Level 1:colcon.colcon_core.package_identification:_identify(/home/carla/Documents/GitHub/C-V2X-Autoware-Carla) by extensions ['ros']
[0.247s] Level 1:colcon.colcon_core.package_identification:_identify(/home/carla/Documents/GitHub/C-V2X-Autoware-Carla) by extension 'ros'
[0.258s] Level 1:colcon.colcon_core.package_identification:_identify(/home/carla/Documents/GitHub/C-V2X-Autoware-Carla) by extensions ['cmake', 'python']
[0.258s] Level 1:colcon.colcon_core.package_identification:_identify(/home/carla/Documents/GitHub/C-V2X-Autoware-Carla) by extension 'cmake'
[0.258s] Level 1:colcon.colcon_core.package_identification:_identify(/home/carla/Documents/GitHub/C-V2X-Autoware-Carla) by extension 'python'
[0.258s] Level 1:colcon.colcon_core.package_identification:_identify(/home/carla/Documents/GitHub/C-V2X-Autoware-Carla) by extensions ['python_setup_py']
[0.258s] Level 1:colcon.colcon_core.package_identification:_identify(/home/carla/Documents/GitHub/C-V2X-Autoware-Carla) by extension 'python_setup_py'
[0.258s] Level 1:colcon.colcon_core.package_identification:_identify(/home/carla/Documents/GitHub/C-V2X-Autoware-Carla/build) by extensions ['ignore', 'ignore_ament_install']
[0.258s] Level 1:colcon.colcon_core.package_identification:_identify(/home/carla/Documents/GitHub/C-V2X-Autoware-Carla/build) by extension 'ignore'
[0.258s] Level 1:colcon.colcon_core.package_identification:_identify(/home/carla/Documents/GitHub/C-V2X-Autoware-Carla/build) ignored
[0.258s] Level 1:colcon.colcon_core.package_identification:_identify(/home/carla/Documents/GitHub/C-V2X-Autoware-Carla/install) by extensions ['ignore', 'ignore_ament_install']
[0.258s] Level 1:colcon.colcon_core.package_identification:_identify(/home/carla/Documents/GitHub/C-V2X-Autoware-Carla/install) by extension 'ignore'
[0.258s] Level 1:colcon.colcon_core.package_identification:_identify(/home/carla/Documents/GitHub/C-V2X-Autoware-Carla/install) ignored
[0.258s] Level 1:colcon.colcon_core.package_identification:_identify(/home/carla/Documents/GitHub/C-V2X-Autoware-Carla/log) by extensions ['ignore', 'ignore_ament_install']
[0.258s] Level 1:colcon.colcon_core.package_identification:_identify(/home/carla/Documents/GitHub/C-V2X-Autoware-Carla/log) by extension 'ignore'
[0.258s] Level 1:colcon.colcon_core.package_identification:_identify(/home/carla/Documents/GitHub/C-V2X-Autoware-Carla/log) ignored
[0.258s] Level 1:colcon.colcon_core.package_identification:_identify(/home/carla/Documents/GitHub/C-V2X-Autoware-Carla/src) by extensions ['ignore', 'ignore_ament_install']
[0.258s] Level 1:colcon.colcon_core.package_identification:_identify(/home/carla/Documents/GitHub/C-V2X-Autoware-Carla/src) by extension 'ignore'
[0.258s] Level 1:colcon.colcon_core.package_identification:_identify(/home/carla/Documents/GitHub/C-V2X-Autoware-Carla/src) by extension 'ignore_ament_install'
[0.258s] Level 1:colcon.colcon_core.package_identification:_identify(/home/carla/Documents/GitHub/C-V2X-Autoware-Carla/src) by extensions ['colcon_pkg']
[0.258s] Level 1:colcon.colcon_core.package_identification:_identify(/home/carla/Documents/GitHub/C-V2X-Autoware-Carla/src) by extension 'colcon_pkg'
[0.258s] Level 1:colcon.colcon_core.package_identification:_identify(/home/carla/Documents/GitHub/C-V2X-Autoware-Carla/src) by extensions ['colcon_meta']
[0.258s] Level 1:colcon.colcon_core.package_identification:_identify(/home/carla/Documents/GitHub/C-V2X-Autoware-Carla/src) by extension 'colcon_meta'
[0.258s] Level 1:colcon.colcon_core.package_identification:_identify(/home/carla/Documents/GitHub/C-V2X-Autoware-Carla/src) by extensions ['ros']
[0.258s] Level 1:colcon.colcon_core.package_identification:_identify(/home/carla/Documents/GitHub/C-V2X-Autoware-Carla/src) by extension 'ros'
[0.258s] Level 1:colcon.colcon_core.package_identification:_identify(/home/carla/Documents/GitHub/C-V2X-Autoware-Carla/src) by extensions ['cmake', 'python']
[0.258s] Level 1:colcon.colcon_core.package_identification:_identify(/home/carla/Documents/GitHub/C-V2X-Autoware-Carla/src) by extension 'cmake'
[0.258s] Level 1:colcon.colcon_core.package_identification:_identify(/home/carla/Documents/GitHub/C-V2X-Autoware-Carla/src) by extension 'python'
[0.258s] Level 1:colcon.colcon_core.package_identification:_identify(/home/carla/Documents/GitHub/C-V2X-Autoware-Carla/src) by extensions ['python_setup_py']
[0.258s] Level 1:colcon.colcon_core.package_identification:_identify(/home/carla/Documents/GitHub/C-V2X-Autoware-Carla/src) by extension 'python_setup_py'
[0.259s] Level 1:colcon.colcon_core.package_identification:_identify(/home/carla/Documents/GitHub/C-V2X-Autoware-Carla/src/v2x_msg) by extensions ['ignore', 'ignore_ament_install']
[0.259s] Level 1:colcon.colcon_core.package_identification:_identify(/home/carla/Documents/GitHub/C-V2X-Autoware-Carla/src/v2x_msg) by extension 'ignore'
[0.259s] Level 1:colcon.colcon_core.package_identification:_identify(/home/carla/Documents/GitHub/C-V2X-Autoware-Carla/src/v2x_msg) by extension 'ignore_ament_install'
[0.259s] Level 1:colcon.colcon_core.package_identification:_identify(/home/carla/Documents/GitHub/C-V2X-Autoware-Carla/src/v2x_msg) by extensions ['colcon_pkg']
[0.259s] Level 1:colcon.colcon_core.package_identification:_identify(/home/carla/Documents/GitHub/C-V2X-Autoware-Carla/src/v2x_msg) by extension 'colcon_pkg'
[0.259s] Level 1:colcon.colcon_core.package_identification:_identify(/home/carla/Documents/GitHub/C-V2X-Autoware-Carla/src/v2x_msg) by extensions ['colcon_meta']
[0.259s] Level 1:colcon.colcon_core.package_identification:_identify(/home/carla/Documents/GitHub/C-V2X-Autoware-Carla/src/v2x_msg) by extension 'colcon_meta'
[0.259s] Level 1:colcon.colcon_core.package_identification:_identify(/home/carla/Documents/GitHub/C-V2X-Autoware-Carla/src/v2x_msg) by extensions ['ros']
[0.259s] Level 1:colcon.colcon_core.package_identification:_identify(/home/carla/Documents/GitHub/C-V2X-Autoware-Carla/src/v2x_msg) by extension 'ros'
[0.260s] DEBUG:colcon.colcon_core.package_identification:Package '/home/carla/Documents/GitHub/C-V2X-Autoware-Carla/src/v2x_msg' with type 'ros.ament_cmake' and name 'v2x_msg'
[0.260s] Level 1:colcon.colcon_core.package_discovery:discover_packages(recursive) using defaults
