[0.674s] Invoking command in '/home/carla/Documents/GitHub/C-V2X-Autoware-Carla/build/vehicle': PYTHONPATH=/home/carla/Documents/GitHub/C-V2X-Autoware-Carla/install/vehicle/lib/python3.8/site-packages:${PYTHONPATH} /usr/bin/python3 setup.py develop --prefix /home/carla/Documents/GitHub/C-V2X-Autoware-Carla/install/vehicle --editable --build-directory /home/carla/Documents/GitHub/C-V2X-Autoware-Carla/build/vehicle/build --no-deps install_data --install-dir /home/carla/Documents/GitHub/C-V2X-Autoware-Carla/install/vehicle
[0.872s] running develop
[0.872s] /home/carla/.local/lib/python3.8/site-packages/setuptools/command/easy_install.py:144: EasyInstallDeprecationWarning: easy_install command is deprecated. Use build and pip and other standards-based tools.
[0.873s]   warnings.warn(
[0.900s] /home/carla/.local/lib/python3.8/site-packages/setuptools/command/install.py:34: SetuptoolsDeprecationWarning: setup.py install is deprecated. Use build and pip and other standards-based tools.
[0.900s]   warnings.warn(
[0.976s] /home/carla/.local/lib/python3.8/site-packages/pkg_resources/__init__.py:123: PkgResourcesDeprecationWarning: 0.1.36ubuntu1 is an invalid version and will not be supported in a future release
[0.977s]   warnings.warn(
[0.977s] /home/carla/.local/lib/python3.8/site-packages/pkg_resources/__init__.py:123: PkgResourcesDeprecationWarning: 0.23ubuntu1 is an invalid version and will not be supported in a future release
[0.977s]   warnings.warn(
[1.051s] running egg_info
[1.051s] creating vehicle.egg-info
[1.061s] writing vehicle.egg-info/PKG-INFO
[1.061s] writing dependency_links to vehicle.egg-info/dependency_links.txt
[1.062s] writing entry points to vehicle.egg-info/entry_points.txt
[1.062s] writing requirements to vehicle.egg-info/requires.txt
[1.062s] writing top-level names to vehicle.egg-info/top_level.txt
[1.062s] writing manifest file 'vehicle.egg-info/SOURCES.txt'
[1.074s] reading manifest file 'vehicle.egg-info/SOURCES.txt'
[1.075s] writing manifest file 'vehicle.egg-info/SOURCES.txt'
[1.105s] running build_ext
[1.105s] Creating /home/carla/Documents/GitHub/C-V2X-Autoware-Carla/install/vehicle/lib/python3.8/site-packages/vehicle.egg-link (link to .)
[1.105s] Installing default_vehicle script to /home/carla/Documents/GitHub/C-V2X-Autoware-Carla/install/vehicle/lib/vehicle
[1.105s] 
[1.105s] Installed /home/carla/Documents/GitHub/C-V2X-Autoware-Carla/build/vehicle
[1.106s] running install_data
[1.106s] creating /home/carla/Documents/GitHub/C-V2X-Autoware-Carla/install/vehicle/share/ament_index
[1.106s] creating /home/carla/Documents/GitHub/C-V2X-Autoware-Carla/install/vehicle/share/ament_index/resource_index
[1.106s] creating /home/carla/Documents/GitHub/C-V2X-Autoware-Carla/install/vehicle/share/ament_index/resource_index/packages
[1.106s] copying resource/vehicle -> /home/carla/Documents/GitHub/C-V2X-Autoware-Carla/install/vehicle/share/ament_index/resource_index/packages
[1.106s] copying package.xml -> /home/carla/Documents/GitHub/C-V2X-Autoware-Carla/install/vehicle/share/vehicle
[1.159s] Invoked command in '/home/carla/Documents/GitHub/C-V2X-Autoware-Carla/build/vehicle' returned '0': PYTHONPATH=/home/carla/Documents/GitHub/C-V2X-Autoware-Carla/install/vehicle/lib/python3.8/site-packages:${PYTHONPATH} /usr/bin/python3 setup.py develop --prefix /home/carla/Documents/GitHub/C-V2X-Autoware-Carla/install/vehicle --editable --build-directory /home/carla/Documents/GitHub/C-V2X-Autoware-Carla/build/vehicle/build --no-deps install_data --install-dir /home/carla/Documents/GitHub/C-V2X-Autoware-Carla/install/vehicle
