[1.480s] Invoking command in '/home/carla/Github/C-V2X-Autoware-Carla/src/infrastructure': PYTHONPATH=/home/carla/Github/C-V2X-Autoware-Carla/build/infrastructure/prefix_override:/home/carla/Github/C-V2X-Autoware-Carla/install/infrastructure/lib/python3.8/site-packages:${PYTHONPATH} /usr/bin/python3 -W ignore:setup.py install is deprecated setup.py egg_info --egg-base ../../build/infrastructure build --build-base /home/carla/Github/C-V2X-Autoware-Carla/build/infrastructure/build install --record /home/carla/Github/C-V2X-Autoware-Carla/build/infrastructure/install.log --single-version-externally-managed install_data
[2.039s] running egg_info
[2.057s] writing ../../build/infrastructure/infrastructure.egg-info/PKG-INFO
[2.057s] writing dependency_links to ../../build/infrastructure/infrastructure.egg-info/dependency_links.txt
[2.058s] writing entry points to ../../build/infrastructure/infrastructure.egg-info/entry_points.txt
[2.058s] writing requirements to ../../build/infrastructure/infrastructure.egg-info/requires.txt
[2.058s] writing top-level names to ../../build/infrastructure/infrastructure.egg-info/top_level.txt
[2.095s] reading manifest file '../../build/infrastructure/infrastructure.egg-info/SOURCES.txt'
[2.095s] writing manifest file '../../build/infrastructure/infrastructure.egg-info/SOURCES.txt'
[2.095s] running build
[2.096s] running build_py
[2.096s] copying infrastructure/SSM.py -> /home/carla/Github/C-V2X-Autoware-Carla/build/infrastructure/build/lib/infrastructure
[2.096s] copying infrastructure/update.py -> /home/carla/Github/C-V2X-Autoware-Carla/build/infrastructure/build/lib/infrastructure
[2.096s] copying infrastructure/SRM.py -> /home/carla/Github/C-V2X-Autoware-Carla/build/infrastructure/build/lib/infrastructure
[2.096s] copying infrastructure/__init__.py -> /home/carla/Github/C-V2X-Autoware-Carla/build/infrastructure/build/lib/infrastructure
[2.096s] copying infrastructure/MAP.py -> /home/carla/Github/C-V2X-Autoware-Carla/build/infrastructure/build/lib/infrastructure
[2.096s] running install
[2.100s] running install_lib
[2.119s] copying /home/carla/Github/C-V2X-Autoware-Carla/build/infrastructure/build/lib/infrastructure/update.py -> /home/carla/Github/C-V2X-Autoware-Carla/install/infrastructure/lib/python3.8/site-packages/infrastructure
[2.121s] byte-compiling /home/carla/Github/C-V2X-Autoware-Carla/install/infrastructure/lib/python3.8/site-packages/infrastructure/update.py to update.cpython-38.pyc
[2.121s] running install_data
[2.122s] copying resource/infrastructure -> /home/carla/Github/C-V2X-Autoware-Carla/install/infrastructure/share/ament_index/resource_index/packages
[2.122s] copying package.xml -> /home/carla/Github/C-V2X-Autoware-Carla/install/infrastructure/share/infrastructure
[2.122s] running install_egg_info
[2.142s] removing '/home/carla/Github/C-V2X-Autoware-Carla/install/infrastructure/lib/python3.8/site-packages/infrastructure-0.0.0-py3.8.egg-info' (and everything under it)
[2.142s] Copying ../../build/infrastructure/infrastructure.egg-info to /home/carla/Github/C-V2X-Autoware-Carla/install/infrastructure/lib/python3.8/site-packages/infrastructure-0.0.0-py3.8.egg-info
[2.143s] running install_scripts
[2.302s] Installing MAP script to /home/carla/Github/C-V2X-Autoware-Carla/install/infrastructure/lib/infrastructure
[2.302s] Installing SSM script to /home/carla/Github/C-V2X-Autoware-Carla/install/infrastructure/lib/infrastructure
[2.302s] Installing update script to /home/carla/Github/C-V2X-Autoware-Carla/install/infrastructure/lib/infrastructure
[2.302s] writing list of installed files to '/home/carla/Github/C-V2X-Autoware-Carla/build/infrastructure/install.log'
[2.318s] Invoked command in '/home/carla/Github/C-V2X-Autoware-Carla/src/infrastructure' returned '0': PYTHONPATH=/home/carla/Github/C-V2X-Autoware-Carla/build/infrastructure/prefix_override:/home/carla/Github/C-V2X-Autoware-Carla/install/infrastructure/lib/python3.8/site-packages:${PYTHONPATH} /usr/bin/python3 -W ignore:setup.py install is deprecated setup.py egg_info --egg-base ../../build/infrastructure build --build-base /home/carla/Github/C-V2X-Autoware-Carla/build/infrastructure/build install --record /home/carla/Github/C-V2X-Autoware-Carla/build/infrastructure/install.log --single-version-externally-managed install_data
