[0.211s] DEBUG:colcon:Command line arguments: ['/usr/bin/colcon', 'build']
[0.211s] DEBUG:colcon:Parsed command line arguments: Namespace(allow_overriding=[], ament_cmake_args=None, base_paths=['.'], build_base='build', catkin_cmake_args=None, catkin_skip_building_tests=False, cmake_args=None, cmake_clean_cache=False, cmake_clean_first=False, cmake_force_configure=False, cmake_target=None, cmake_target_skip_unavailable=False, continue_on_error=False, event_handlers=None, executor='parallel', ignore_user_meta=False, install_base='install', log_base=None, log_level=None, main=<bound method BuildVerb.main of <colcon_core.verb.build.BuildVerb object at 0x7f4248fa9dc0>>, merge_install=False, metas=['./colcon.meta'], packages_above=None, packages_above_and_dependencies=None, packages_above_depth=None, packages_end=None, packages_ignore=None, packages_ignore_regex=None, packages_select=None, packages_select_build_failed=False, packages_select_by_dep=None, packages_select_regex=None, packages_select_test_failures=False, packages_skip=None, packages_skip_build_finished=False, packages_skip_by_dep=None, packages_skip_regex=None, packages_skip_test_passed=False, packages_skip_up_to=None, packages_start=None, packages_up_to=None, packages_up_to_regex=None, parallel_workers=20, paths=None, symlink_install=False, test_result_base=None, verb_extension=<colcon_core.verb.build.BuildVerb object at 0x7f4248fa9dc0>, verb_name='build', verb_parser=<colcon_defaults.argument_parser.defaults.DefaultArgumentsDecorator object at 0x7f4248c7d040>)
[0.242s] Level 1:colcon.colcon_core.package_discovery:discover_packages(colcon_meta) check parameters
[0.242s] Level 1:colcon.colcon_core.package_discovery:discover_packages(recursive) check parameters
[0.242s] Level 1:colcon.colcon_core.package_discovery:discover_packages(ignore) check parameters
[0.242s] Level 1:colcon.colcon_core.package_discovery:discover_packages(path) check parameters
[0.242s] Level 1:colcon.colcon_core.package_discovery:discover_packages(colcon_meta) discover
[0.242s] Level 1:colcon.colcon_core.package_discovery:discover_packages(recursive) discover
[0.242s] INFO:colcon.colcon_core.package_discovery:Crawling recursively for packages in '/home/carla/Documents/GitHub/C-V2X-Autoware-Carla'
[0.242s] Level 1:colcon.colcon_core.package_identification:_identify(.) by extensions ['ignore', 'ignore_ament_install']
[0.242s] Level 1:colcon.colcon_core.package_identification:_identify(.) by extension 'ignore'
[0.243s] Level 1:colcon.colcon_core.package_identification:_identify(.) by extension 'ignore_ament_install'
[0.243s] Level 1:colcon.colcon_core.package_identification:_identify(.) by extensions ['colcon_pkg']
[0.243s] Level 1:colcon.colcon_core.package_identification:_identify(.) by extension 'colcon_pkg'
[0.243s] Level 1:colcon.colcon_core.package_identification:_identify(.) by extensions ['colcon_meta']
[0.243s] Level 1:colcon.colcon_core.package_identification:_identify(.) by extension 'colcon_meta'
[0.243s] Level 1:colcon.colcon_core.package_identification:_identify(.) by extensions ['ros']
[0.243s] Level 1:colcon.colcon_core.package_identification:_identify(.) by extension 'ros'
[0.253s] Level 1:colcon.colcon_core.package_identification:_identify(.) by extensions ['cmake', 'python']
[0.253s] Level 1:colcon.colcon_core.package_identification:_identify(.) by extension 'cmake'
[0.253s] Level 1:colcon.colcon_core.package_identification:_identify(.) by extension 'python'
[0.253s] Level 1:colcon.colcon_core.package_identification:_identify(.) by extensions ['python_setup_py']
[0.253s] Level 1:colcon.colcon_core.package_identification:_identify(.) by extension 'python_setup_py'
[0.253s] Level 1:colcon.colcon_core.package_identification:_identify(build) by extensions ['ignore', 'ignore_ament_install']
[0.253s] Level 1:colcon.colcon_core.package_identification:_identify(build) by extension 'ignore'
[0.253s] Level 1:colcon.colcon_core.package_identification:_identify(build) ignored
[0.253s] Level 1:colcon.colcon_core.package_identification:_identify(install) by extensions ['ignore', 'ignore_ament_install']
[0.253s] Level 1:colcon.colcon_core.package_identification:_identify(install) by extension 'ignore'
[0.253s] Level 1:colcon.colcon_core.package_identification:_identify(install) ignored
[0.253s] Level 1:colcon.colcon_core.package_identification:_identify(log) by extensions ['ignore', 'ignore_ament_install']
[0.253s] Level 1:colcon.colcon_core.package_identification:_identify(log) by extension 'ignore'
[0.253s] Level 1:colcon.colcon_core.package_identification:_identify(log) ignored
[0.253s] Level 1:colcon.colcon_core.package_identification:_identify(src) by extensions ['ignore', 'ignore_ament_install']
[0.254s] Level 1:colcon.colcon_core.package_identification:_identify(src) by extension 'ignore'
[0.254s] Level 1:colcon.colcon_core.package_identification:_identify(src) by extension 'ignore_ament_install'
[0.254s] Level 1:colcon.colcon_core.package_identification:_identify(src) by extensions ['colcon_pkg']
[0.254s] Level 1:colcon.colcon_core.package_identification:_identify(src) by extension 'colcon_pkg'
[0.254s] Level 1:colcon.colcon_core.package_identification:_identify(src) by extensions ['colcon_meta']
[0.254s] Level 1:colcon.colcon_core.package_identification:_identify(src) by extension 'colcon_meta'
[0.254s] Level 1:colcon.colcon_core.package_identification:_identify(src) by extensions ['ros']
[0.254s] Level 1:colcon.colcon_core.package_identification:_identify(src) by extension 'ros'
[0.254s] Level 1:colcon.colcon_core.package_identification:_identify(src) by extensions ['cmake', 'python']
[0.254s] Level 1:colcon.colcon_core.package_identification:_identify(src) by extension 'cmake'
[0.254s] Level 1:colcon.colcon_core.package_identification:_identify(src) by extension 'python'
[0.254s] Level 1:colcon.colcon_core.package_identification:_identify(src) by extensions ['python_setup_py']
[0.254s] Level 1:colcon.colcon_core.package_identification:_identify(src) by extension 'python_setup_py'
[0.254s] Level 1:colcon.colcon_core.package_identification:_identify(src/v2x_msg) by extensions ['ignore', 'ignore_ament_install']
[0.254s] Level 1:colcon.colcon_core.package_identification:_identify(src/v2x_msg) by extension 'ignore'
[0.254s] Level 1:colcon.colcon_core.package_identification:_identify(src/v2x_msg) by extension 'ignore_ament_install'
[0.254s] Level 1:colcon.colcon_core.package_identification:_identify(src/v2x_msg) by extensions ['colcon_pkg']
[0.254s] Level 1:colcon.colcon_core.package_identification:_identify(src/v2x_msg) by extension 'colcon_pkg'
[0.254s] Level 1:colcon.colcon_core.package_identification:_identify(src/v2x_msg) by extensions ['colcon_meta']
[0.254s] Level 1:colcon.colcon_core.package_identification:_identify(src/v2x_msg) by extension 'colcon_meta'
[0.254s] Level 1:colcon.colcon_core.package_identification:_identify(src/v2x_msg) by extensions ['ros']
[0.254s] Level 1:colcon.colcon_core.package_identification:_identify(src/v2x_msg) by extension 'ros'
[0.255s] DEBUG:colcon.colcon_core.package_identification:Package 'src/v2x_msg' with type 'ros.ament_cmake' and name 'v2x_msg'
[0.255s] Level 1:colcon.colcon_core.package_discovery:discover_packages(recursive) using defaults
[0.255s] Level 1:colcon.colcon_core.package_discovery:discover_packages(ignore) discover
[0.255s] Level 1:colcon.colcon_core.package_discovery:discover_packages(ignore) using defaults
[0.255s] Level 1:colcon.colcon_core.package_discovery:discover_packages(path) discover
[0.255s] Level 1:colcon.colcon_core.package_discovery:discover_packages(path) using defaults
[0.270s] Level 1:colcon.colcon_core.package_discovery:discover_packages(prefix_path) check parameters
[0.270s] Level 1:colcon.colcon_core.package_discovery:discover_packages(prefix_path) discover
[0.271s] WARNING:colcon.colcon_ros.prefix_path.ament:The path '/home/carla/Documents/GitHub/C-V2X-Autoware-Carla/install/vision_opencv' in the environment variable AMENT_PREFIX_PATH doesn't exist
[0.271s] WARNING:colcon.colcon_ros.prefix_path.ament:The path '/home/carla/Documents/GitHub/C-V2X-Autoware-Carla/install/opencv_tests' in the environment variable AMENT_PREFIX_PATH doesn't exist
[0.271s] WARNING:colcon.colcon_ros.prefix_path.ament:The path '/home/carla/Documents/GitHub/C-V2X-Autoware-Carla/install/image_geometry' in the environment variable AMENT_PREFIX_PATH doesn't exist
[0.271s] WARNING:colcon.colcon_ros.prefix_path.ament:The path '/home/carla/Documents/GitHub/C-V2X-Autoware-Carla/install/cv_bridge' in the environment variable AMENT_PREFIX_PATH doesn't exist
[0.271s] WARNING:colcon.colcon_ros.prefix_path.ament:The path '/home/carla/Documents/GitHub/C-V2X-Autoware-Carla/install/vehicle' in the environment variable AMENT_PREFIX_PATH doesn't exist
[0.271s] WARNING:colcon.colcon_ros.prefix_path.ament:The path '/home/carla/Documents/GitHub/C-V2X-Autoware-Carla/install/v2x_msg' in the environment variable AMENT_PREFIX_PATH doesn't exist
[0.272s] WARNING:colcon.colcon_ros.prefix_path.catkin:The path '/home/carla/Documents/GitHub/C-V2X-Autoware-Carla/install/vision_opencv' in the environment variable CMAKE_PREFIX_PATH doesn't exist
[0.272s] WARNING:colcon.colcon_ros.prefix_path.catkin:The path '/home/carla/Documents/GitHub/C-V2X-Autoware-Carla/install/image_geometry' in the environment variable CMAKE_PREFIX_PATH doesn't exist
[0.272s] WARNING:colcon.colcon_ros.prefix_path.catkin:The path '/home/carla/Documents/GitHub/C-V2X-Autoware-Carla/install/cv_bridge' in the environment variable CMAKE_PREFIX_PATH doesn't exist
[0.272s] WARNING:colcon.colcon_ros.prefix_path.catkin:The path '/home/carla/Documents/GitHub/C-V2X-Autoware-Carla/install/v2x_msg' in the environment variable CMAKE_PREFIX_PATH doesn't exist
[0.273s] DEBUG:colcon.colcon_installed_package_information.package_discovery:Found 0 installed packages in /home/carla/Documents/GitHub/C-V2X-Autoware-Carla/install
[0.274s] DEBUG:colcon.colcon_installed_package_information.package_discovery:Found 268 installed packages in /opt/ros/galactic
[0.275s] Level 1:colcon.colcon_core.package_discovery:discover_packages(prefix_path) using defaults
[0.311s] Level 5:colcon.colcon_core.verb:set package 'v2x_msg' build argument 'cmake_args' from command line to 'None'
[0.311s] Level 5:colcon.colcon_core.verb:set package 'v2x_msg' build argument 'cmake_target' from command line to 'None'
[0.311s] Level 5:colcon.colcon_core.verb:set package 'v2x_msg' build argument 'cmake_target_skip_unavailable' from command line to 'False'
[0.311s] Level 5:colcon.colcon_core.verb:set package 'v2x_msg' build argument 'cmake_clean_cache' from command line to 'False'
[0.311s] Level 5:colcon.colcon_core.verb:set package 'v2x_msg' build argument 'cmake_clean_first' from command line to 'False'
[0.311s] Level 5:colcon.colcon_core.verb:set package 'v2x_msg' build argument 'cmake_force_configure' from command line to 'False'
[0.311s] Level 5:colcon.colcon_core.verb:set package 'v2x_msg' build argument 'ament_cmake_args' from command line to 'None'
[0.311s] Level 5:colcon.colcon_core.verb:set package 'v2x_msg' build argument 'catkin_cmake_args' from command line to 'None'
[0.311s] Level 5:colcon.colcon_core.verb:set package 'v2x_msg' build argument 'catkin_skip_building_tests' from command line to 'False'
[0.311s] DEBUG:colcon.colcon_core.verb:Building package 'v2x_msg' with the following arguments: {'ament_cmake_args': None, 'build_base': '/home/carla/Documents/GitHub/C-V2X-Autoware-Carla/build/v2x_msg', 'catkin_cmake_args': None, 'catkin_skip_building_tests': False, 'cmake_args': None, 'cmake_clean_cache': False, 'cmake_clean_first': False, 'cmake_force_configure': False, 'cmake_target': None, 'cmake_target_skip_unavailable': False, 'install_base': '/home/carla/Documents/GitHub/C-V2X-Autoware-Carla/install/v2x_msg', 'merge_install': False, 'path': '/home/carla/Documents/GitHub/C-V2X-Autoware-Carla/src/v2x_msg', 'symlink_install': False, 'test_result_base': None}
[0.312s] INFO:colcon.colcon_core.executor:Executing jobs using 'parallel' executor
[0.316s] DEBUG:colcon.colcon_parallel_executor.executor.parallel:run_until_complete
[0.317s] INFO:colcon.colcon_ros.task.ament_cmake.build:Building ROS package in '/home/carla/Documents/GitHub/C-V2X-Autoware-Carla/src/v2x_msg' with build type 'ament_cmake'
[0.317s] INFO:colcon.colcon_cmake.task.cmake.build:Building CMake package in '/home/carla/Documents/GitHub/C-V2X-Autoware-Carla/src/v2x_msg'
[0.320s] INFO:colcon.colcon_core.plugin_system:Skipping extension 'colcon_core.shell.bat': Not used on non-Windows systems
[0.320s] INFO:colcon.colcon_core.shell:Skip shell extension 'powershell' for command environment: Not usable outside of PowerShell
[0.320s] DEBUG:colcon.colcon_core.shell:Skip shell extension 'dsv' for command environment
[0.328s] DEBUG:colcon.colcon_core.event_handler.log_command:Invoking command in '/home/carla/Documents/GitHub/C-V2X-Autoware-Carla/build/v2x_msg': CMAKE_PREFIX_PATH=${CMAKE_PREFIX_PATH}:/home/carla/Documents/GitHub/C-V2X-Autoware-Carla/install/opencv_tests:/home/carla/Documents/GitHub/C-V2X-Autoware-Carla/install/vehicle:/opt/ros/galactic /usr/bin/cmake /home/carla/Documents/GitHub/C-V2X-Autoware-Carla/src/v2x_msg -DCMAKE_INSTALL_PREFIX=/home/carla/Documents/GitHub/C-V2X-Autoware-Carla/install/v2x_msg
[1.653s] DEBUG:colcon.colcon_core.event_handler.log_command:Invoked command in '/home/carla/Documents/GitHub/C-V2X-Autoware-Carla/build/v2x_msg' returned '0': CMAKE_PREFIX_PATH=${CMAKE_PREFIX_PATH}:/home/carla/Documents/GitHub/C-V2X-Autoware-Carla/install/opencv_tests:/home/carla/Documents/GitHub/C-V2X-Autoware-Carla/install/vehicle:/opt/ros/galactic /usr/bin/cmake /home/carla/Documents/GitHub/C-V2X-Autoware-Carla/src/v2x_msg -DCMAKE_INSTALL_PREFIX=/home/carla/Documents/GitHub/C-V2X-Autoware-Carla/install/v2x_msg
[1.656s] DEBUG:colcon.colcon_core.event_handler.log_command:Invoking command in '/home/carla/Documents/GitHub/C-V2X-Autoware-Carla/build/v2x_msg': CMAKE_PREFIX_PATH=${CMAKE_PREFIX_PATH}:/home/carla/Documents/GitHub/C-V2X-Autoware-Carla/install/opencv_tests:/home/carla/Documents/GitHub/C-V2X-Autoware-Carla/install/vehicle:/opt/ros/galactic /usr/bin/cmake --build /home/carla/Documents/GitHub/C-V2X-Autoware-Carla/build/v2x_msg -- -j20 -l20
[28.083s] DEBUG:colcon.colcon_core.event_handler.log_command:Invoked command in '/home/carla/Documents/GitHub/C-V2X-Autoware-Carla/build/v2x_msg' returned '0': CMAKE_PREFIX_PATH=${CMAKE_PREFIX_PATH}:/home/carla/Documents/GitHub/C-V2X-Autoware-Carla/install/opencv_tests:/home/carla/Documents/GitHub/C-V2X-Autoware-Carla/install/vehicle:/opt/ros/galactic /usr/bin/cmake --build /home/carla/Documents/GitHub/C-V2X-Autoware-Carla/build/v2x_msg -- -j20 -l20
[29.151s] DEBUG:colcon.colcon_core.event_handler.log_command:Invoking command in '/home/carla/Documents/GitHub/C-V2X-Autoware-Carla/build/v2x_msg': CMAKE_PREFIX_PATH=${CMAKE_PREFIX_PATH}:/home/carla/Documents/GitHub/C-V2X-Autoware-Carla/install/opencv_tests:/home/carla/Documents/GitHub/C-V2X-Autoware-Carla/install/vehicle:/opt/ros/galactic /usr/bin/cmake --install /home/carla/Documents/GitHub/C-V2X-Autoware-Carla/build/v2x_msg
[29.382s] Level 1:colcon.colcon_core.environment:create_environment_scripts_only(v2x_msg)
[29.384s] DEBUG:colcon.colcon_core.event_handler.log_command:Invoked command in '/home/carla/Documents/GitHub/C-V2X-Autoware-Carla/build/v2x_msg' returned '0': CMAKE_PREFIX_PATH=${CMAKE_PREFIX_PATH}:/home/carla/Documents/GitHub/C-V2X-Autoware-Carla/install/opencv_tests:/home/carla/Documents/GitHub/C-V2X-Autoware-Carla/install/vehicle:/opt/ros/galactic /usr/bin/cmake --install /home/carla/Documents/GitHub/C-V2X-Autoware-Carla/build/v2x_msg
[29.392s] Level 1:colcon.colcon_core.environment:checking '/home/carla/Documents/GitHub/C-V2X-Autoware-Carla/install/v2x_msg' for CMake module files
[29.393s] Level 1:colcon.colcon_core.environment:checking '/home/carla/Documents/GitHub/C-V2X-Autoware-Carla/install/v2x_msg' for CMake config files
[29.393s] Level 1:colcon.colcon_core.shell:create_environment_hook('v2x_msg', 'cmake_prefix_path')
[29.397s] INFO:colcon.colcon_core.shell:Creating environment hook '/home/carla/Documents/GitHub/C-V2X-Autoware-Carla/install/v2x_msg/share/v2x_msg/hook/cmake_prefix_path.ps1'
[29.398s] INFO:colcon.colcon_core.shell:Creating environment descriptor '/home/carla/Documents/GitHub/C-V2X-Autoware-Carla/install/v2x_msg/share/v2x_msg/hook/cmake_prefix_path.dsv'
[29.399s] INFO:colcon.colcon_core.shell:Creating environment hook '/home/carla/Documents/GitHub/C-V2X-Autoware-Carla/install/v2x_msg/share/v2x_msg/hook/cmake_prefix_path.sh'
[29.399s] Level 1:colcon.colcon_core.environment:checking '/home/carla/Documents/GitHub/C-V2X-Autoware-Carla/install/v2x_msg/lib'
[29.400s] Level 1:colcon.colcon_core.shell:create_environment_hook('v2x_msg', 'ld_library_path_lib')
[29.404s] INFO:colcon.colcon_core.shell:Creating environment hook '/home/carla/Documents/GitHub/C-V2X-Autoware-Carla/install/v2x_msg/share/v2x_msg/hook/ld_library_path_lib.ps1'
[29.405s] INFO:colcon.colcon_core.shell:Creating environment descriptor '/home/carla/Documents/GitHub/C-V2X-Autoware-Carla/install/v2x_msg/share/v2x_msg/hook/ld_library_path_lib.dsv'
[29.405s] INFO:colcon.colcon_core.shell:Creating environment hook '/home/carla/Documents/GitHub/C-V2X-Autoware-Carla/install/v2x_msg/share/v2x_msg/hook/ld_library_path_lib.sh'
[29.406s] Level 1:colcon.colcon_core.environment:checking '/home/carla/Documents/GitHub/C-V2X-Autoware-Carla/install/v2x_msg/bin'
[29.406s] Level 1:colcon.colcon_core.environment:checking '/home/carla/Documents/GitHub/C-V2X-Autoware-Carla/install/v2x_msg/lib/pkgconfig/v2x_msg.pc'
[29.406s] Level 1:colcon.colcon_core.environment:checking '/home/carla/Documents/GitHub/C-V2X-Autoware-Carla/install/v2x_msg/lib/python3.8/site-packages'
[29.406s] Level 1:colcon.colcon_core.shell:create_environment_hook('v2x_msg', 'pythonpath')
[29.410s] INFO:colcon.colcon_core.shell:Creating environment hook '/home/carla/Documents/GitHub/C-V2X-Autoware-Carla/install/v2x_msg/share/v2x_msg/hook/pythonpath.ps1'
[29.411s] INFO:colcon.colcon_core.shell:Creating environment descriptor '/home/carla/Documents/GitHub/C-V2X-Autoware-Carla/install/v2x_msg/share/v2x_msg/hook/pythonpath.dsv'
[29.411s] INFO:colcon.colcon_core.shell:Creating environment hook '/home/carla/Documents/GitHub/C-V2X-Autoware-Carla/install/v2x_msg/share/v2x_msg/hook/pythonpath.sh'
[29.412s] Level 1:colcon.colcon_core.environment:checking '/home/carla/Documents/GitHub/C-V2X-Autoware-Carla/install/v2x_msg/bin'
[29.416s] INFO:colcon.colcon_core.shell:Creating package script '/home/carla/Documents/GitHub/C-V2X-Autoware-Carla/install/v2x_msg/share/v2x_msg/package.ps1'
[29.417s] INFO:colcon.colcon_core.shell:Creating package descriptor '/home/carla/Documents/GitHub/C-V2X-Autoware-Carla/install/v2x_msg/share/v2x_msg/package.dsv'
[29.418s] INFO:colcon.colcon_core.shell:Creating package script '/home/carla/Documents/GitHub/C-V2X-Autoware-Carla/install/v2x_msg/share/v2x_msg/package.sh'
[29.419s] INFO:colcon.colcon_core.shell:Creating package script '/home/carla/Documents/GitHub/C-V2X-Autoware-Carla/install/v2x_msg/share/v2x_msg/package.bash'
[29.419s] INFO:colcon.colcon_core.shell:Creating package script '/home/carla/Documents/GitHub/C-V2X-Autoware-Carla/install/v2x_msg/share/v2x_msg/package.zsh'
[29.420s] Level 1:colcon.colcon_core.environment:create_file_with_runtime_dependencies(/home/carla/Documents/GitHub/C-V2X-Autoware-Carla/install/v2x_msg/share/colcon-core/packages/v2x_msg)
[30.478s] Level 1:colcon.colcon_core.environment:create_environment_scripts_only(v2x_msg)
[30.482s] Level 1:colcon.colcon_core.environment:checking '/home/carla/Documents/GitHub/C-V2X-Autoware-Carla/install/v2x_msg' for CMake module files
[30.482s] Level 1:colcon.colcon_core.environment:checking '/home/carla/Documents/GitHub/C-V2X-Autoware-Carla/install/v2x_msg' for CMake config files
[30.482s] Level 1:colcon.colcon_core.shell:create_environment_hook('v2x_msg', 'cmake_prefix_path')
[30.485s] INFO:colcon.colcon_core.shell:Creating environment hook '/home/carla/Documents/GitHub/C-V2X-Autoware-Carla/install/v2x_msg/share/v2x_msg/hook/cmake_prefix_path.ps1'
[30.485s] INFO:colcon.colcon_core.shell:Creating environment descriptor '/home/carla/Documents/GitHub/C-V2X-Autoware-Carla/install/v2x_msg/share/v2x_msg/hook/cmake_prefix_path.dsv'
[30.486s] INFO:colcon.colcon_core.shell:Creating environment hook '/home/carla/Documents/GitHub/C-V2X-Autoware-Carla/install/v2x_msg/share/v2x_msg/hook/cmake_prefix_path.sh'
[30.486s] Level 1:colcon.colcon_core.environment:checking '/home/carla/Documents/GitHub/C-V2X-Autoware-Carla/install/v2x_msg/lib'
[30.486s] Level 1:colcon.colcon_core.shell:create_environment_hook('v2x_msg', 'ld_library_path_lib')
[30.488s] INFO:colcon.colcon_core.shell:Creating environment hook '/home/carla/Documents/GitHub/C-V2X-Autoware-Carla/install/v2x_msg/share/v2x_msg/hook/ld_library_path_lib.ps1'
[30.489s] INFO:colcon.colcon_core.shell:Creating environment descriptor '/home/carla/Documents/GitHub/C-V2X-Autoware-Carla/install/v2x_msg/share/v2x_msg/hook/ld_library_path_lib.dsv'
[30.489s] INFO:colcon.colcon_core.shell:Creating environment hook '/home/carla/Documents/GitHub/C-V2X-Autoware-Carla/install/v2x_msg/share/v2x_msg/hook/ld_library_path_lib.sh'
[30.489s] Level 1:colcon.colcon_core.environment:checking '/home/carla/Documents/GitHub/C-V2X-Autoware-Carla/install/v2x_msg/bin'
[30.489s] Level 1:colcon.colcon_core.environment:checking '/home/carla/Documents/GitHub/C-V2X-Autoware-Carla/install/v2x_msg/lib/pkgconfig/v2x_msg.pc'
[30.490s] Level 1:colcon.colcon_core.environment:checking '/home/carla/Documents/GitHub/C-V2X-Autoware-Carla/install/v2x_msg/lib/python3.8/site-packages'
[30.490s] Level 1:colcon.colcon_core.shell:create_environment_hook('v2x_msg', 'pythonpath')
[30.492s] INFO:colcon.colcon_core.shell:Creating environment hook '/home/carla/Documents/GitHub/C-V2X-Autoware-Carla/install/v2x_msg/share/v2x_msg/hook/pythonpath.ps1'
[30.492s] INFO:colcon.colcon_core.shell:Creating environment descriptor '/home/carla/Documents/GitHub/C-V2X-Autoware-Carla/install/v2x_msg/share/v2x_msg/hook/pythonpath.dsv'
[30.493s] INFO:colcon.colcon_core.shell:Creating environment hook '/home/carla/Documents/GitHub/C-V2X-Autoware-Carla/install/v2x_msg/share/v2x_msg/hook/pythonpath.sh'
[30.493s] Level 1:colcon.colcon_core.environment:checking '/home/carla/Documents/GitHub/C-V2X-Autoware-Carla/install/v2x_msg/bin'
[30.510s] INFO:colcon.colcon_core.shell:Creating package script '/home/carla/Documents/GitHub/C-V2X-Autoware-Carla/install/v2x_msg/share/v2x_msg/package.ps1'
[30.511s] INFO:colcon.colcon_core.shell:Creating package descriptor '/home/carla/Documents/GitHub/C-V2X-Autoware-Carla/install/v2x_msg/share/v2x_msg/package.dsv'
[30.511s] INFO:colcon.colcon_core.shell:Creating package script '/home/carla/Documents/GitHub/C-V2X-Autoware-Carla/install/v2x_msg/share/v2x_msg/package.sh'
[30.512s] INFO:colcon.colcon_core.shell:Creating package script '/home/carla/Documents/GitHub/C-V2X-Autoware-Carla/install/v2x_msg/share/v2x_msg/package.bash'
[30.512s] INFO:colcon.colcon_core.shell:Creating package script '/home/carla/Documents/GitHub/C-V2X-Autoware-Carla/install/v2x_msg/share/v2x_msg/package.zsh'
[30.512s] Level 1:colcon.colcon_core.environment:create_file_with_runtime_dependencies(/home/carla/Documents/GitHub/C-V2X-Autoware-Carla/install/v2x_msg/share/colcon-core/packages/v2x_msg)
[30.512s] DEBUG:colcon.colcon_parallel_executor.executor.parallel:closing loop
[30.513s] DEBUG:colcon.colcon_parallel_executor.executor.parallel:loop closed
[30.513s] DEBUG:colcon.colcon_parallel_executor.executor.parallel:run_until_complete finished with '0'
[30.513s] DEBUG:colcon.colcon_core.event_reactor:joining thread
[30.517s] INFO:colcon.colcon_core.plugin_system:Skipping extension 'colcon_notification.desktop_notification.terminal_notifier': Not used on non-Darwin systems
[30.517s] INFO:colcon.colcon_core.plugin_system:Skipping extension 'colcon_notification.desktop_notification.win32': Not used on non-Windows systems
[30.517s] INFO:colcon.colcon_notification.desktop_notification:Sending desktop notification using 'notify2'
[30.534s] DEBUG:colcon.colcon_core.event_reactor:joined thread
[30.537s] INFO:colcon.colcon_core.shell:Creating prefix script '/home/carla/Documents/GitHub/C-V2X-Autoware-Carla/install/local_setup.ps1'
[30.538s] INFO:colcon.colcon_core.shell:Creating prefix util module '/home/carla/Documents/GitHub/C-V2X-Autoware-Carla/install/_local_setup_util_ps1.py'
[30.538s] INFO:colcon.colcon_core.shell:Creating prefix chain script '/home/carla/Documents/GitHub/C-V2X-Autoware-Carla/install/setup.ps1'
[30.540s] INFO:colcon.colcon_core.shell:Creating prefix script '/home/carla/Documents/GitHub/C-V2X-Autoware-Carla/install/local_setup.sh'
[30.540s] INFO:colcon.colcon_core.shell:Creating prefix util module '/home/carla/Documents/GitHub/C-V2X-Autoware-Carla/install/_local_setup_util_sh.py'
[30.540s] INFO:colcon.colcon_core.shell:Creating prefix chain script '/home/carla/Documents/GitHub/C-V2X-Autoware-Carla/install/setup.sh'
[30.542s] INFO:colcon.colcon_core.shell:Creating prefix script '/home/carla/Documents/GitHub/C-V2X-Autoware-Carla/install/local_setup.bash'
[30.542s] INFO:colcon.colcon_core.shell:Creating prefix chain script '/home/carla/Documents/GitHub/C-V2X-Autoware-Carla/install/setup.bash'
[30.543s] INFO:colcon.colcon_core.shell:Creating prefix script '/home/carla/Documents/GitHub/C-V2X-Autoware-Carla/install/local_setup.zsh'
[30.544s] INFO:colcon.colcon_core.shell:Creating prefix chain script '/home/carla/Documents/GitHub/C-V2X-Autoware-Carla/install/setup.zsh'
