running develop
Removing /home/carla/Github/C-V2X-Autoware-Carla/install/map/lib/python3.8/site-packages/map.egg-link (link to .)
running egg_info
writing ../../build/map/map.egg-info/PKG-INFO
writing dependency_links to ../../build/map/map.egg-info/dependency_links.txt
writing entry points to ../../build/map/map.egg-info/entry_points.txt
writing requirements to ../../build/map/map.egg-info/requires.txt
writing top-level names to ../../build/map/map.egg-info/top_level.txt
reading manifest file '../../build/map/map.egg-info/SOURCES.txt'
writing manifest file '../../build/map/map.egg-info/SOURCES.txt'
running build
running build_py
running install
running install_lib
creating /home/carla/Github/C-V2X-Autoware-Carla/install/map/lib/python3.8/site-packages/map
copying /home/carla/Github/C-V2X-Autoware-Carla/build/map/build/lib/map/map.py -> /home/carla/Github/C-V2X-Autoware-Carla/install/map/lib/python3.8/site-packages/map
copying /home/carla/Github/C-V2X-Autoware-Carla/build/map/build/lib/map/__init__.py -> /home/carla/Github/C-V2X-Autoware-Carla/install/map/lib/python3.8/site-packages/map
byte-compiling /home/carla/Github/C-V2X-Autoware-Carla/install/map/lib/python3.8/site-packages/map/map.py to map.cpython-38.pyc
byte-compiling /home/carla/Github/C-V2X-Autoware-Carla/install/map/lib/python3.8/site-packages/map/__init__.py to __init__.cpython-38.pyc
running install_data
running install_egg_info
Copying ../../build/map/map.egg-info to /home/carla/Github/C-V2X-Autoware-Carla/install/map/lib/python3.8/site-packages/map-0.0.0-py3.8.egg-info
running install_scripts
Installing map script to /home/carla/Github/C-V2X-Autoware-Carla/install/map/lib/map
writing list of installed files to '/home/carla/Github/C-V2X-Autoware-Carla/build/map/install.log'
