[0.082s] Invoking command in '/home/carla/Documents/GitHub/C-V2X-Autoware-Carla/build/image_geometry': CMAKE_PREFIX_PATH=${CMAKE_PREFIX_PATH}:/home/carla/Documents/GitHub/C-V2X-Autoware-Carla/install/vehicle:/home/carla/Documents/GitHub/C-V2X-Autoware-Carla/install/opencv_tests:/home/carla/Documents/GitHub/C-V2X-Autoware-Carla/install/infrastructure:/opt/ros/galactic /usr/bin/cmake --build /home/carla/Documents/GitHub/C-V2X-Autoware-Carla/build/image_geometry -- -j20 -l20
[0.553s] [ 22%] Built target gtest_main
[0.553s] [ 44%] Built target gtest
[0.553s] [ 77%] Built target image_geometry
[0.553s] [ 77%] Built target ament_cmake_python_copy_image_geometry
[0.553s] [100%] Built target image_geometry-utest
[0.553s] running egg_info
[0.553s] writing image_geometry.egg-info/PKG-INFO
[0.554s] writing dependency_links to image_geometry.egg-info/dependency_links.txt
[0.554s] writing top-level names to image_geometry.egg-info/top_level.txt
[0.555s] reading manifest file 'image_geometry.egg-info/SOURCES.txt'
[0.555s] writing manifest file 'image_geometry.egg-info/SOURCES.txt'
[0.555s] [100%] Built target ament_cmake_python_build_image_geometry_egg
[0.557s] Invoked command in '/home/carla/Documents/GitHub/C-V2X-Autoware-Carla/build/image_geometry' returned '0': CMAKE_PREFIX_PATH=${CMAKE_PREFIX_PATH}:/home/carla/Documents/GitHub/C-V2X-Autoware-Carla/install/vehicle:/home/carla/Documents/GitHub/C-V2X-Autoware-Carla/install/opencv_tests:/home/carla/Documents/GitHub/C-V2X-Autoware-Carla/install/infrastructure:/opt/ros/galactic /usr/bin/cmake --build /home/carla/Documents/GitHub/C-V2X-Autoware-Carla/build/image_geometry -- -j20 -l20
[0.579s] Invoking command in '/home/carla/Documents/GitHub/C-V2X-Autoware-Carla/build/image_geometry': CMAKE_PREFIX_PATH=${CMAKE_PREFIX_PATH}:/home/carla/Documents/GitHub/C-V2X-Autoware-Carla/install/vehicle:/home/carla/Documents/GitHub/C-V2X-Autoware-Carla/install/opencv_tests:/home/carla/Documents/GitHub/C-V2X-Autoware-Carla/install/infrastructure:/opt/ros/galactic /usr/bin/cmake --install /home/carla/Documents/GitHub/C-V2X-Autoware-Carla/build/image_geometry
[0.584s] -- Install configuration: ""
[0.584s] -- Up-to-date: /home/carla/Documents/GitHub/C-V2X-Autoware-Carla/install/image_geometry/share/image_geometry/environment/pythonpath.sh
[0.584s] -- Up-to-date: /home/carla/Documents/GitHub/C-V2X-Autoware-Carla/install/image_geometry/share/image_geometry/environment/pythonpath.dsv
[0.584s] -- Up-to-date: /home/carla/Documents/GitHub/C-V2X-Autoware-Carla/install/image_geometry/lib/python3.8/site-packages//image_geometry.egg-info
[0.584s] -- Installing: /home/carla/Documents/GitHub/C-V2X-Autoware-Carla/install/image_geometry/lib/python3.8/site-packages//image_geometry.egg-info/top_level.txt
[0.584s] -- Installing: /home/carla/Documents/GitHub/C-V2X-Autoware-Carla/install/image_geometry/lib/python3.8/site-packages//image_geometry.egg-info/SOURCES.txt
[0.584s] -- Installing: /home/carla/Documents/GitHub/C-V2X-Autoware-Carla/install/image_geometry/lib/python3.8/site-packages//image_geometry.egg-info/dependency_links.txt
[0.584s] -- Installing: /home/carla/Documents/GitHub/C-V2X-Autoware-Carla/install/image_geometry/lib/python3.8/site-packages//image_geometry.egg-info/PKG-INFO
[0.584s] -- Up-to-date: /home/carla/Documents/GitHub/C-V2X-Autoware-Carla/install/image_geometry/lib/python3.8/site-packages/image_geometry
[0.584s] -- Up-to-date: /home/carla/Documents/GitHub/C-V2X-Autoware-Carla/install/image_geometry/lib/python3.8/site-packages/image_geometry/__init__.py
[0.584s] -- Up-to-date: /home/carla/Documents/GitHub/C-V2X-Autoware-Carla/install/image_geometry/lib/python3.8/site-packages/image_geometry/cameramodels.py
[0.602s] Listing '/home/carla/Documents/GitHub/C-V2X-Autoware-Carla/install/image_geometry/lib/python3.8/site-packages/image_geometry'...
[0.605s] -- Up-to-date: /home/carla/Documents/GitHub/C-V2X-Autoware-Carla/install/image_geometry/include/image_geometry
[0.605s] -- Up-to-date: /home/carla/Documents/GitHub/C-V2X-Autoware-Carla/install/image_geometry/include/image_geometry/image_geometry
[0.605s] -- Up-to-date: /home/carla/Documents/GitHub/C-V2X-Autoware-Carla/install/image_geometry/include/image_geometry/image_geometry/stereo_camera_model.h
[0.605s] -- Up-to-date: /home/carla/Documents/GitHub/C-V2X-Autoware-Carla/install/image_geometry/include/image_geometry/image_geometry/visibility_control.hpp
[0.606s] -- Up-to-date: /home/carla/Documents/GitHub/C-V2X-Autoware-Carla/install/image_geometry/include/image_geometry/image_geometry/pinhole_camera_model.h
[0.606s] -- Up-to-date: /home/carla/Documents/GitHub/C-V2X-Autoware-Carla/install/image_geometry/lib/libimage_geometry.so
[0.606s] -- Up-to-date: /home/carla/Documents/GitHub/C-V2X-Autoware-Carla/install/image_geometry/share/ament_index/resource_index/package_run_dependencies/image_geometry
[0.607s] -- Up-to-date: /home/carla/Documents/GitHub/C-V2X-Autoware-Carla/install/image_geometry/share/ament_index/resource_index/parent_prefix_path/image_geometry
[0.608s] -- Up-to-date: /home/carla/Documents/GitHub/C-V2X-Autoware-Carla/install/image_geometry/share/image_geometry/environment/ament_prefix_path.sh
[0.609s] -- Up-to-date: /home/carla/Documents/GitHub/C-V2X-Autoware-Carla/install/image_geometry/share/image_geometry/environment/ament_prefix_path.dsv
[0.609s] -- Up-to-date: /home/carla/Documents/GitHub/C-V2X-Autoware-Carla/install/image_geometry/share/image_geometry/environment/path.sh
[0.610s] -- Up-to-date: /home/carla/Documents/GitHub/C-V2X-Autoware-Carla/install/image_geometry/share/image_geometry/environment/path.dsv
[0.610s] -- Up-to-date: /home/carla/Documents/GitHub/C-V2X-Autoware-Carla/install/image_geometry/share/image_geometry/local_setup.bash
[0.610s] -- Up-to-date: /home/carla/Documents/GitHub/C-V2X-Autoware-Carla/install/image_geometry/share/image_geometry/local_setup.sh
[0.610s] -- Up-to-date: /home/carla/Documents/GitHub/C-V2X-Autoware-Carla/install/image_geometry/share/image_geometry/local_setup.zsh
[0.611s] -- Up-to-date: /home/carla/Documents/GitHub/C-V2X-Autoware-Carla/install/image_geometry/share/image_geometry/local_setup.dsv
[0.612s] -- Installing: /home/carla/Documents/GitHub/C-V2X-Autoware-Carla/install/image_geometry/share/image_geometry/package.dsv
[0.612s] -- Up-to-date: /home/carla/Documents/GitHub/C-V2X-Autoware-Carla/install/image_geometry/share/ament_index/resource_index/packages/image_geometry
[0.612s] -- Up-to-date: /home/carla/Documents/GitHub/C-V2X-Autoware-Carla/install/image_geometry/share/image_geometry/cmake/export_image_geometryExport.cmake
[0.612s] -- Up-to-date: /home/carla/Documents/GitHub/C-V2X-Autoware-Carla/install/image_geometry/share/image_geometry/cmake/export_image_geometryExport-noconfig.cmake
[0.612s] -- Up-to-date: /home/carla/Documents/GitHub/C-V2X-Autoware-Carla/install/image_geometry/share/image_geometry/cmake/ament_cmake_export_targets-extras.cmake
[0.613s] -- Up-to-date: /home/carla/Documents/GitHub/C-V2X-Autoware-Carla/install/image_geometry/share/image_geometry/cmake/ament_cmake_export_dependencies-extras.cmake
[0.613s] -- Up-to-date: /home/carla/Documents/GitHub/C-V2X-Autoware-Carla/install/image_geometry/share/image_geometry/cmake/image_geometryConfig.cmake
[0.613s] -- Up-to-date: /home/carla/Documents/GitHub/C-V2X-Autoware-Carla/install/image_geometry/share/image_geometry/cmake/image_geometryConfig-version.cmake
[0.613s] -- Up-to-date: /home/carla/Documents/GitHub/C-V2X-Autoware-Carla/install/image_geometry/share/image_geometry/package.xml
[0.629s] Invoked command in '/home/carla/Documents/GitHub/C-V2X-Autoware-Carla/build/image_geometry' returned '0': CMAKE_PREFIX_PATH=${CMAKE_PREFIX_PATH}:/home/carla/Documents/GitHub/C-V2X-Autoware-Carla/install/vehicle:/home/carla/Documents/GitHub/C-V2X-Autoware-Carla/install/opencv_tests:/home/carla/Documents/GitHub/C-V2X-Autoware-Carla/install/infrastructure:/opt/ros/galactic /usr/bin/cmake --install /home/carla/Documents/GitHub/C-V2X-Autoware-Carla/build/image_geometry
