[  0%] Built target autoware_auto_planning_msgs__cpp
[ 12%] Built target autoware_auto_planning_msgs__rosidl_generator_c
[ 12%] Built target ament_cmake_python_copy_autoware_auto_planning_msgs
[ 24%] Built target autoware_auto_planning_msgs__rosidl_typesupport_c
[ 36%] Built target autoware_auto_planning_msgs__rosidl_typesupport_cpp
[ 48%] Built target autoware_auto_planning_msgs__rosidl_typesupport_fastrtps_cpp
[ 60%] Built target autoware_auto_planning_msgs__rosidl_typesupport_introspection_cpp
[ 72%] Built target autoware_auto_planning_msgs__rosidl_typesupport_fastrtps_c
[ 84%] Built target autoware_auto_planning_msgs__rosidl_typesupport_introspection_c
[ 84%] Built target autoware_auto_planning_msgs
[ 85%] Built target autoware_auto_planning_msgs__py
[ 96%] Built target autoware_auto_planning_msgs__rosidl_generator_py
[100%] Built target autoware_auto_planning_msgs__rosidl_typesupport_fastrtps_c__pyext
[100%] Built target autoware_auto_planning_msgs__rosidl_typesupport_introspection_c__pyext
[100%] Built target autoware_auto_planning_msgs__rosidl_typesupport_c__pyext
running egg_info
writing autoware_auto_planning_msgs.egg-info/PKG-INFO
writing dependency_links to autoware_auto_planning_msgs.egg-info/dependency_links.txt
writing top-level names to autoware_auto_planning_msgs.egg-info/top_level.txt
reading manifest file 'autoware_auto_planning_msgs.egg-info/SOURCES.txt'
writing manifest file 'autoware_auto_planning_msgs.egg-info/SOURCES.txt'
[100%] Built target ament_cmake_python_build_autoware_auto_planning_msgs_egg
-- Install configuration: ""
-- Up-to-date: /home/carla/Github/C-V2X-Autoware-Carla/install/autoware_auto_planning_msgs/share/ament_index/resource_index/rosidl_interfaces/autoware_auto_planning_msgs
-- Up-to-date: /home/carla/Github/C-V2X-Autoware-Carla/install/autoware_auto_planning_msgs/include/autoware_auto_planning_msgs/autoware_auto_planning_msgs
-- Up-to-date: /home/carla/Github/C-V2X-Autoware-Carla/install/autoware_auto_planning_msgs/include/autoware_auto_planning_msgs/autoware_auto_planning_msgs/srv
-- Up-to-date: /home/carla/Github/C-V2X-Autoware-Carla/install/autoware_auto_planning_msgs/include/autoware_auto_planning_msgs/autoware_auto_planning_msgs/srv/detail
-- Up-to-date: /home/carla/Github/C-V2X-Autoware-Carla/install/autoware_auto_planning_msgs/include/autoware_auto_planning_msgs/autoware_auto_planning_msgs/srv/detail/modify_trajectory__functions.c
-- Up-to-date: /home/carla/Github/C-V2X-Autoware-Carla/install/autoware_auto_planning_msgs/include/autoware_auto_planning_msgs/autoware_auto_planning_msgs/srv/detail/modify_trajectory__type_support.h
-- Up-to-date: /home/carla/Github/C-V2X-Autoware-Carla/install/autoware_auto_planning_msgs/include/autoware_auto_planning_msgs/autoware_auto_planning_msgs/srv/detail/modify_trajectory__struct.h
-- Up-to-date: /home/carla/Github/C-V2X-Autoware-Carla/install/autoware_auto_planning_msgs/include/autoware_auto_planning_msgs/autoware_auto_planning_msgs/srv/detail/modify_trajectory__functions.h
-- Up-to-date: /home/carla/Github/C-V2X-Autoware-Carla/install/autoware_auto_planning_msgs/include/autoware_auto_planning_msgs/autoware_auto_planning_msgs/srv/modify_trajectory.h
-- Up-to-date: /home/carla/Github/C-V2X-Autoware-Carla/install/autoware_auto_planning_msgs/include/autoware_auto_planning_msgs/autoware_auto_planning_msgs/action
-- Up-to-date: /home/carla/Github/C-V2X-Autoware-Carla/install/autoware_auto_planning_msgs/include/autoware_auto_planning_msgs/autoware_auto_planning_msgs/action/record_trajectory.h
-- Up-to-date: /home/carla/Github/C-V2X-Autoware-Carla/install/autoware_auto_planning_msgs/include/autoware_auto_planning_msgs/autoware_auto_planning_msgs/action/planner_costmap.h
-- Up-to-date: /home/carla/Github/C-V2X-Autoware-Carla/install/autoware_auto_planning_msgs/include/autoware_auto_planning_msgs/autoware_auto_planning_msgs/action/detail
-- Up-to-date: /home/carla/Github/C-V2X-Autoware-Carla/install/autoware_auto_planning_msgs/include/autoware_auto_planning_msgs/autoware_auto_planning_msgs/action/detail/plan_trajectory__functions.c
-- Up-to-date: /home/carla/Github/C-V2X-Autoware-Carla/install/autoware_auto_planning_msgs/include/autoware_auto_planning_msgs/autoware_auto_planning_msgs/action/detail/plan_trajectory__functions.h
-- Up-to-date: /home/carla/Github/C-V2X-Autoware-Carla/install/autoware_auto_planning_msgs/include/autoware_auto_planning_msgs/autoware_auto_planning_msgs/action/detail/replay_trajectory__functions.c
-- Up-to-date: /home/carla/Github/C-V2X-Autoware-Carla/install/autoware_auto_planning_msgs/include/autoware_auto_planning_msgs/autoware_auto_planning_msgs/action/detail/record_trajectory__struct.h
-- Up-to-date: /home/carla/Github/C-V2X-Autoware-Carla/install/autoware_auto_planning_msgs/include/autoware_auto_planning_msgs/autoware_auto_planning_msgs/action/detail/record_trajectory__functions.c
-- Up-to-date: /home/carla/Github/C-V2X-Autoware-Carla/install/autoware_auto_planning_msgs/include/autoware_auto_planning_msgs/autoware_auto_planning_msgs/action/detail/replay_trajectory__type_support.h
-- Up-to-date: /home/carla/Github/C-V2X-Autoware-Carla/install/autoware_auto_planning_msgs/include/autoware_auto_planning_msgs/autoware_auto_planning_msgs/action/detail/plan_trajectory__type_support.h
-- Up-to-date: /home/carla/Github/C-V2X-Autoware-Carla/install/autoware_auto_planning_msgs/include/autoware_auto_planning_msgs/autoware_auto_planning_msgs/action/detail/plan_trajectory__struct.h
-- Up-to-date: /home/carla/Github/C-V2X-Autoware-Carla/install/autoware_auto_planning_msgs/include/autoware_auto_planning_msgs/autoware_auto_planning_msgs/action/detail/replay_trajectory__functions.h
-- Up-to-date: /home/carla/Github/C-V2X-Autoware-Carla/install/autoware_auto_planning_msgs/include/autoware_auto_planning_msgs/autoware_auto_planning_msgs/action/detail/planner_costmap__functions.c
-- Up-to-date: /home/carla/Github/C-V2X-Autoware-Carla/install/autoware_auto_planning_msgs/include/autoware_auto_planning_msgs/autoware_auto_planning_msgs/action/detail/planner_costmap__struct.h
-- Up-to-date: /home/carla/Github/C-V2X-Autoware-Carla/install/autoware_auto_planning_msgs/include/autoware_auto_planning_msgs/autoware_auto_planning_msgs/action/detail/record_trajectory__type_support.h
-- Up-to-date: /home/carla/Github/C-V2X-Autoware-Carla/install/autoware_auto_planning_msgs/include/autoware_auto_planning_msgs/autoware_auto_planning_msgs/action/detail/replay_trajectory__struct.h
-- Up-to-date: /home/carla/Github/C-V2X-Autoware-Carla/install/autoware_auto_planning_msgs/include/autoware_auto_planning_msgs/autoware_auto_planning_msgs/action/detail/planner_costmap__type_support.h
-- Up-to-date: /home/carla/Github/C-V2X-Autoware-Carla/install/autoware_auto_planning_msgs/include/autoware_auto_planning_msgs/autoware_auto_planning_msgs/action/detail/record_trajectory__functions.h
-- Up-to-date: /home/carla/Github/C-V2X-Autoware-Carla/install/autoware_auto_planning_msgs/include/autoware_auto_planning_msgs/autoware_auto_planning_msgs/action/detail/planner_costmap__functions.h
-- Up-to-date: /home/carla/Github/C-V2X-Autoware-Carla/install/autoware_auto_planning_msgs/include/autoware_auto_planning_msgs/autoware_auto_planning_msgs/action/plan_trajectory.h
-- Up-to-date: /home/carla/Github/C-V2X-Autoware-Carla/install/autoware_auto_planning_msgs/include/autoware_auto_planning_msgs/autoware_auto_planning_msgs/action/replay_trajectory.h
-- Up-to-date: /home/carla/Github/C-V2X-Autoware-Carla/install/autoware_auto_planning_msgs/include/autoware_auto_planning_msgs/autoware_auto_planning_msgs/msg
-- Up-to-date: /home/carla/Github/C-V2X-Autoware-Carla/install/autoware_auto_planning_msgs/include/autoware_auto_planning_msgs/autoware_auto_planning_msgs/msg/path_with_lane_id.h
-- Up-to-date: /home/carla/Github/C-V2X-Autoware-Carla/install/autoware_auto_planning_msgs/include/autoware_auto_planning_msgs/autoware_auto_planning_msgs/msg/path_point.h
-- Up-to-date: /home/carla/Github/C-V2X-Autoware-Carla/install/autoware_auto_planning_msgs/include/autoware_auto_planning_msgs/autoware_auto_planning_msgs/msg/order_movement.h
-- Up-to-date: /home/carla/Github/C-V2X-Autoware-Carla/install/autoware_auto_planning_msgs/include/autoware_auto_planning_msgs/autoware_auto_planning_msgs/msg/had_map_route.h
-- Up-to-date: /home/carla/Github/C-V2X-Autoware-Carla/install/autoware_auto_planning_msgs/include/autoware_auto_planning_msgs/autoware_auto_planning_msgs/msg/trajectory_point.h
-- Up-to-date: /home/carla/Github/C-V2X-Autoware-Carla/install/autoware_auto_planning_msgs/include/autoware_auto_planning_msgs/autoware_auto_planning_msgs/msg/detail
-- Up-to-date: /home/carla/Github/C-V2X-Autoware-Carla/install/autoware_auto_planning_msgs/include/autoware_auto_planning_msgs/autoware_auto_planning_msgs/msg/detail/order_movement__struct.h
-- Up-to-date: /home/carla/Github/C-V2X-Autoware-Carla/install/autoware_auto_planning_msgs/include/autoware_auto_planning_msgs/autoware_auto_planning_msgs/msg/detail/path_with_lane_id__type_support.h
-- Up-to-date: /home/carla/Github/C-V2X-Autoware-Carla/install/autoware_auto_planning_msgs/include/autoware_auto_planning_msgs/autoware_auto_planning_msgs/msg/detail/path_point__struct.h
-- Up-to-date: /home/carla/Github/C-V2X-Autoware-Carla/install/autoware_auto_planning_msgs/include/autoware_auto_planning_msgs/autoware_auto_planning_msgs/msg/detail/trajectory__type_support.h
-- Up-to-date: /home/carla/Github/C-V2X-Autoware-Carla/install/autoware_auto_planning_msgs/include/autoware_auto_planning_msgs/autoware_auto_planning_msgs/msg/detail/path__struct.h
-- Up-to-date: /home/carla/Github/C-V2X-Autoware-Carla/install/autoware_auto_planning_msgs/include/autoware_auto_planning_msgs/autoware_auto_planning_msgs/msg/detail/path__functions.h
-- Up-to-date: /home/carla/Github/C-V2X-Autoware-Carla/install/autoware_auto_planning_msgs/include/autoware_auto_planning_msgs/autoware_auto_planning_msgs/msg/detail/path_point_with_lane_id__functions.c
-- Up-to-date: /home/carla/Github/C-V2X-Autoware-Carla/install/autoware_auto_planning_msgs/include/autoware_auto_planning_msgs/autoware_auto_planning_msgs/msg/detail/trajectory_point__type_support.h
-- Up-to-date: /home/carla/Github/C-V2X-Autoware-Carla/install/autoware_auto_planning_msgs/include/autoware_auto_planning_msgs/autoware_auto_planning_msgs/msg/detail/route__functions.c
-- Up-to-date: /home/carla/Github/C-V2X-Autoware-Carla/install/autoware_auto_planning_msgs/include/autoware_auto_planning_msgs/autoware_auto_planning_msgs/msg/detail/path_point__functions.c
-- Up-to-date: /home/carla/Github/C-V2X-Autoware-Carla/install/autoware_auto_planning_msgs/include/autoware_auto_planning_msgs/autoware_auto_planning_msgs/msg/detail/path__type_support.h
-- Up-to-date: /home/carla/Github/C-V2X-Autoware-Carla/install/autoware_auto_planning_msgs/include/autoware_auto_planning_msgs/autoware_auto_planning_msgs/msg/detail/trajectory__struct.h
-- Up-to-date: /home/carla/Github/C-V2X-Autoware-Carla/install/autoware_auto_planning_msgs/include/autoware_auto_planning_msgs/autoware_auto_planning_msgs/msg/detail/path__functions.c
-- Up-to-date: /home/carla/Github/C-V2X-Autoware-Carla/install/autoware_auto_planning_msgs/include/autoware_auto_planning_msgs/autoware_auto_planning_msgs/msg/detail/trajectory__functions.h
-- Up-to-date: /home/carla/Github/C-V2X-Autoware-Carla/install/autoware_auto_planning_msgs/include/autoware_auto_planning_msgs/autoware_auto_planning_msgs/msg/detail/order_movement__functions.h
-- Up-to-date: /home/carla/Github/C-V2X-Autoware-Carla/install/autoware_auto_planning_msgs/include/autoware_auto_planning_msgs/autoware_auto_planning_msgs/msg/detail/path_with_lane_id__struct.h
-- Up-to-date: /home/carla/Github/C-V2X-Autoware-Carla/install/autoware_auto_planning_msgs/include/autoware_auto_planning_msgs/autoware_auto_planning_msgs/msg/detail/path_with_lane_id__functions.c
-- Up-to-date: /home/carla/Github/C-V2X-Autoware-Carla/install/autoware_auto_planning_msgs/include/autoware_auto_planning_msgs/autoware_auto_planning_msgs/msg/detail/route__type_support.h
-- Up-to-date: /home/carla/Github/C-V2X-Autoware-Carla/install/autoware_auto_planning_msgs/include/autoware_auto_planning_msgs/autoware_auto_planning_msgs/msg/detail/path_point_with_lane_id__functions.h
-- Up-to-date: /home/carla/Github/C-V2X-Autoware-Carla/install/autoware_auto_planning_msgs/include/autoware_auto_planning_msgs/autoware_auto_planning_msgs/msg/detail/path_point_with_lane_id__struct.h
-- Up-to-date: /home/carla/Github/C-V2X-Autoware-Carla/install/autoware_auto_planning_msgs/include/autoware_auto_planning_msgs/autoware_auto_planning_msgs/msg/detail/trajectory__functions.c
-- Up-to-date: /home/carla/Github/C-V2X-Autoware-Carla/install/autoware_auto_planning_msgs/include/autoware_auto_planning_msgs/autoware_auto_planning_msgs/msg/detail/had_map_route__functions.c
-- Up-to-date: /home/carla/Github/C-V2X-Autoware-Carla/install/autoware_auto_planning_msgs/include/autoware_auto_planning_msgs/autoware_auto_planning_msgs/msg/detail/path_with_lane_id__functions.h
-- Up-to-date: /home/carla/Github/C-V2X-Autoware-Carla/install/autoware_auto_planning_msgs/include/autoware_auto_planning_msgs/autoware_auto_planning_msgs/msg/detail/path_point__type_support.h
-- Up-to-date: /home/carla/Github/C-V2X-Autoware-Carla/install/autoware_auto_planning_msgs/include/autoware_auto_planning_msgs/autoware_auto_planning_msgs/msg/detail/route__functions.h
-- Up-to-date: /home/carla/Github/C-V2X-Autoware-Carla/install/autoware_auto_planning_msgs/include/autoware_auto_planning_msgs/autoware_auto_planning_msgs/msg/detail/path_point_with_lane_id__type_support.h
-- Up-to-date: /home/carla/Github/C-V2X-Autoware-Carla/install/autoware_auto_planning_msgs/include/autoware_auto_planning_msgs/autoware_auto_planning_msgs/msg/detail/trajectory_point__struct.h
-- Up-to-date: /home/carla/Github/C-V2X-Autoware-Carla/install/autoware_auto_planning_msgs/include/autoware_auto_planning_msgs/autoware_auto_planning_msgs/msg/detail/had_map_route__type_support.h
-- Up-to-date: /home/carla/Github/C-V2X-Autoware-Carla/install/autoware_auto_planning_msgs/include/autoware_auto_planning_msgs/autoware_auto_planning_msgs/msg/detail/trajectory_point__functions.c
-- Up-to-date: /home/carla/Github/C-V2X-Autoware-Carla/install/autoware_auto_planning_msgs/include/autoware_auto_planning_msgs/autoware_auto_planning_msgs/msg/detail/order_movement__functions.c
-- Up-to-date: /home/carla/Github/C-V2X-Autoware-Carla/install/autoware_auto_planning_msgs/include/autoware_auto_planning_msgs/autoware_auto_planning_msgs/msg/detail/had_map_route__functions.h
-- Up-to-date: /home/carla/Github/C-V2X-Autoware-Carla/install/autoware_auto_planning_msgs/include/autoware_auto_planning_msgs/autoware_auto_planning_msgs/msg/detail/path_point__functions.h
-- Up-to-date: /home/carla/Github/C-V2X-Autoware-Carla/install/autoware_auto_planning_msgs/include/autoware_auto_planning_msgs/autoware_auto_planning_msgs/msg/detail/order_movement__type_support.h
-- Up-to-date: /home/carla/Github/C-V2X-Autoware-Carla/install/autoware_auto_planning_msgs/include/autoware_auto_planning_msgs/autoware_auto_planning_msgs/msg/detail/had_map_route__struct.h
-- Up-to-date: /home/carla/Github/C-V2X-Autoware-Carla/install/autoware_auto_planning_msgs/include/autoware_auto_planning_msgs/autoware_auto_planning_msgs/msg/detail/route__struct.h
-- Up-to-date: /home/carla/Github/C-V2X-Autoware-Carla/install/autoware_auto_planning_msgs/include/autoware_auto_planning_msgs/autoware_auto_planning_msgs/msg/detail/trajectory_point__functions.h
-- Up-to-date: /home/carla/Github/C-V2X-Autoware-Carla/install/autoware_auto_planning_msgs/include/autoware_auto_planning_msgs/autoware_auto_planning_msgs/msg/rosidl_generator_c__visibility_control.h
-- Up-to-date: /home/carla/Github/C-V2X-Autoware-Carla/install/autoware_auto_planning_msgs/include/autoware_auto_planning_msgs/autoware_auto_planning_msgs/msg/path_point_with_lane_id.h
-- Up-to-date: /home/carla/Github/C-V2X-Autoware-Carla/install/autoware_auto_planning_msgs/include/autoware_auto_planning_msgs/autoware_auto_planning_msgs/msg/path.h
-- Up-to-date: /home/carla/Github/C-V2X-Autoware-Carla/install/autoware_auto_planning_msgs/include/autoware_auto_planning_msgs/autoware_auto_planning_msgs/msg/trajectory.h
-- Up-to-date: /home/carla/Github/C-V2X-Autoware-Carla/install/autoware_auto_planning_msgs/include/autoware_auto_planning_msgs/autoware_auto_planning_msgs/msg/route.h
-- Up-to-date: /home/carla/Github/C-V2X-Autoware-Carla/install/autoware_auto_planning_msgs/share/autoware_auto_planning_msgs/environment/library_path.sh
-- Up-to-date: /home/carla/Github/C-V2X-Autoware-Carla/install/autoware_auto_planning_msgs/share/autoware_auto_planning_msgs/environment/library_path.dsv
-- Up-to-date: /home/carla/Github/C-V2X-Autoware-Carla/install/autoware_auto_planning_msgs/lib/libautoware_auto_planning_msgs__rosidl_generator_c.so
-- Up-to-date: /home/carla/Github/C-V2X-Autoware-Carla/install/autoware_auto_planning_msgs/include/autoware_auto_planning_msgs/autoware_auto_planning_msgs
-- Up-to-date: /home/carla/Github/C-V2X-Autoware-Carla/install/autoware_auto_planning_msgs/include/autoware_auto_planning_msgs/autoware_auto_planning_msgs/srv
-- Up-to-date: /home/carla/Github/C-V2X-Autoware-Carla/install/autoware_auto_planning_msgs/include/autoware_auto_planning_msgs/autoware_auto_planning_msgs/srv/detail
-- Up-to-date: /home/carla/Github/C-V2X-Autoware-Carla/install/autoware_auto_planning_msgs/include/autoware_auto_planning_msgs/autoware_auto_planning_msgs/srv/detail/modify_trajectory__rosidl_typesupport_introspection_c.h
-- Up-to-date: /home/carla/Github/C-V2X-Autoware-Carla/install/autoware_auto_planning_msgs/include/autoware_auto_planning_msgs/autoware_auto_planning_msgs/srv/detail/modify_trajectory__type_support.c
-- Up-to-date: /home/carla/Github/C-V2X-Autoware-Carla/install/autoware_auto_planning_msgs/include/autoware_auto_planning_msgs/autoware_auto_planning_msgs/action
-- Up-to-date: /home/carla/Github/C-V2X-Autoware-Carla/install/autoware_auto_planning_msgs/include/autoware_auto_planning_msgs/autoware_auto_planning_msgs/action/detail
-- Up-to-date: /home/carla/Github/C-V2X-Autoware-Carla/install/autoware_auto_planning_msgs/include/autoware_auto_planning_msgs/autoware_auto_planning_msgs/action/detail/plan_trajectory__type_support.c
-- Up-to-date: /home/carla/Github/C-V2X-Autoware-Carla/install/autoware_auto_planning_msgs/include/autoware_auto_planning_msgs/autoware_auto_planning_msgs/action/detail/record_trajectory__rosidl_typesupport_introspection_c.h
-- Up-to-date: /home/carla/Github/C-V2X-Autoware-Carla/install/autoware_auto_planning_msgs/include/autoware_auto_planning_msgs/autoware_auto_planning_msgs/action/detail/planner_costmap__rosidl_typesupport_introspection_c.h
-- Up-to-date: /home/carla/Github/C-V2X-Autoware-Carla/install/autoware_auto_planning_msgs/include/autoware_auto_planning_msgs/autoware_auto_planning_msgs/action/detail/replay_trajectory__type_support.c
-- Up-to-date: /home/carla/Github/C-V2X-Autoware-Carla/install/autoware_auto_planning_msgs/include/autoware_auto_planning_msgs/autoware_auto_planning_msgs/action/detail/plan_trajectory__rosidl_typesupport_introspection_c.h
-- Up-to-date: /home/carla/Github/C-V2X-Autoware-Carla/install/autoware_auto_planning_msgs/include/autoware_auto_planning_msgs/autoware_auto_planning_msgs/action/detail/record_trajectory__type_support.c
-- Up-to-date: /home/carla/Github/C-V2X-Autoware-Carla/install/autoware_auto_planning_msgs/include/autoware_auto_planning_msgs/autoware_auto_planning_msgs/action/detail/planner_costmap__type_support.c
-- Up-to-date: /home/carla/Github/C-V2X-Autoware-Carla/install/autoware_auto_planning_msgs/include/autoware_auto_planning_msgs/autoware_auto_planning_msgs/action/detail/replay_trajectory__rosidl_typesupport_introspection_c.h
-- Up-to-date: /home/carla/Github/C-V2X-Autoware-Carla/install/autoware_auto_planning_msgs/include/autoware_auto_planning_msgs/autoware_auto_planning_msgs/msg
-- Up-to-date: /home/carla/Github/C-V2X-Autoware-Carla/install/autoware_auto_planning_msgs/include/autoware_auto_planning_msgs/autoware_auto_planning_msgs/msg/rosidl_typesupport_introspection_c__visibility_control.h
-- Up-to-date: /home/carla/Github/C-V2X-Autoware-Carla/install/autoware_auto_planning_msgs/include/autoware_auto_planning_msgs/autoware_auto_planning_msgs/msg/detail
-- Up-to-date: /home/carla/Github/C-V2X-Autoware-Carla/install/autoware_auto_planning_msgs/include/autoware_auto_planning_msgs/autoware_auto_planning_msgs/msg/detail/had_map_route__rosidl_typesupport_introspection_c.h
-- Up-to-date: /home/carla/Github/C-V2X-Autoware-Carla/install/autoware_auto_planning_msgs/include/autoware_auto_planning_msgs/autoware_auto_planning_msgs/msg/detail/path__rosidl_typesupport_introspection_c.h
-- Up-to-date: /home/carla/Github/C-V2X-Autoware-Carla/install/autoware_auto_planning_msgs/include/autoware_auto_planning_msgs/autoware_auto_planning_msgs/msg/detail/route__rosidl_typesupport_introspection_c.h
-- Up-to-date: /home/carla/Github/C-V2X-Autoware-Carla/install/autoware_auto_planning_msgs/include/autoware_auto_planning_msgs/autoware_auto_planning_msgs/msg/detail/order_movement__type_support.c
-- Up-to-date: /home/carla/Github/C-V2X-Autoware-Carla/install/autoware_auto_planning_msgs/include/autoware_auto_planning_msgs/autoware_auto_planning_msgs/msg/detail/trajectory__rosidl_typesupport_introspection_c.h
-- Up-to-date: /home/carla/Github/C-V2X-Autoware-Carla/install/autoware_auto_planning_msgs/include/autoware_auto_planning_msgs/autoware_auto_planning_msgs/msg/detail/path_point_with_lane_id__rosidl_typesupport_introspection_c.h
-- Up-to-date: /home/carla/Github/C-V2X-Autoware-Carla/install/autoware_auto_planning_msgs/include/autoware_auto_planning_msgs/autoware_auto_planning_msgs/msg/detail/path_with_lane_id__type_support.c
-- Up-to-date: /home/carla/Github/C-V2X-Autoware-Carla/install/autoware_auto_planning_msgs/include/autoware_auto_planning_msgs/autoware_auto_planning_msgs/msg/detail/trajectory__type_support.c
-- Up-to-date: /home/carla/Github/C-V2X-Autoware-Carla/install/autoware_auto_planning_msgs/include/autoware_auto_planning_msgs/autoware_auto_planning_msgs/msg/detail/path_point__rosidl_typesupport_introspection_c.h
-- Up-to-date: /home/carla/Github/C-V2X-Autoware-Carla/install/autoware_auto_planning_msgs/include/autoware_auto_planning_msgs/autoware_auto_planning_msgs/msg/detail/trajectory_point__rosidl_typesupport_introspection_c.h
-- Up-to-date: /home/carla/Github/C-V2X-Autoware-Carla/install/autoware_auto_planning_msgs/include/autoware_auto_planning_msgs/autoware_auto_planning_msgs/msg/detail/trajectory_point__type_support.c
-- Up-to-date: /home/carla/Github/C-V2X-Autoware-Carla/install/autoware_auto_planning_msgs/include/autoware_auto_planning_msgs/autoware_auto_planning_msgs/msg/detail/path_point_with_lane_id__type_support.c
-- Up-to-date: /home/carla/Github/C-V2X-Autoware-Carla/install/autoware_auto_planning_msgs/include/autoware_auto_planning_msgs/autoware_auto_planning_msgs/msg/detail/path_point__type_support.c
-- Up-to-date: /home/carla/Github/C-V2X-Autoware-Carla/install/autoware_auto_planning_msgs/include/autoware_auto_planning_msgs/autoware_auto_planning_msgs/msg/detail/order_movement__rosidl_typesupport_introspection_c.h
-- Up-to-date: /home/carla/Github/C-V2X-Autoware-Carla/install/autoware_auto_planning_msgs/include/autoware_auto_planning_msgs/autoware_auto_planning_msgs/msg/detail/route__type_support.c
-- Up-to-date: /home/carla/Github/C-V2X-Autoware-Carla/install/autoware_auto_planning_msgs/include/autoware_auto_planning_msgs/autoware_auto_planning_msgs/msg/detail/path__type_support.c
-- Up-to-date: /home/carla/Github/C-V2X-Autoware-Carla/install/autoware_auto_planning_msgs/include/autoware_auto_planning_msgs/autoware_auto_planning_msgs/msg/detail/path_with_lane_id__rosidl_typesupport_introspection_c.h
-- Up-to-date: /home/carla/Github/C-V2X-Autoware-Carla/install/autoware_auto_planning_msgs/include/autoware_auto_planning_msgs/autoware_auto_planning_msgs/msg/detail/had_map_route__type_support.c
-- Up-to-date: /home/carla/Github/C-V2X-Autoware-Carla/install/autoware_auto_planning_msgs/lib/libautoware_auto_planning_msgs__rosidl_typesupport_introspection_c.so
-- Up-to-date: /home/carla/Github/C-V2X-Autoware-Carla/install/autoware_auto_planning_msgs/include/autoware_auto_planning_msgs/autoware_auto_planning_msgs
-- Up-to-date: /home/carla/Github/C-V2X-Autoware-Carla/install/autoware_auto_planning_msgs/include/autoware_auto_planning_msgs/autoware_auto_planning_msgs/srv
-- Up-to-date: /home/carla/Github/C-V2X-Autoware-Carla/install/autoware_auto_planning_msgs/include/autoware_auto_planning_msgs/autoware_auto_planning_msgs/srv/detail
-- Up-to-date: /home/carla/Github/C-V2X-Autoware-Carla/install/autoware_auto_planning_msgs/include/autoware_auto_planning_msgs/autoware_auto_planning_msgs/srv/detail/modify_trajectory__rosidl_typesupport_fastrtps_c.h
-- Up-to-date: /home/carla/Github/C-V2X-Autoware-Carla/install/autoware_auto_planning_msgs/include/autoware_auto_planning_msgs/autoware_auto_planning_msgs/action
-- Up-to-date: /home/carla/Github/C-V2X-Autoware-Carla/install/autoware_auto_planning_msgs/include/autoware_auto_planning_msgs/autoware_auto_planning_msgs/action/detail
-- Up-to-date: /home/carla/Github/C-V2X-Autoware-Carla/install/autoware_auto_planning_msgs/include/autoware_auto_planning_msgs/autoware_auto_planning_msgs/action/detail/planner_costmap__rosidl_typesupport_fastrtps_c.h
-- Up-to-date: /home/carla/Github/C-V2X-Autoware-Carla/install/autoware_auto_planning_msgs/include/autoware_auto_planning_msgs/autoware_auto_planning_msgs/action/detail/replay_trajectory__rosidl_typesupport_fastrtps_c.h
-- Up-to-date: /home/carla/Github/C-V2X-Autoware-Carla/install/autoware_auto_planning_msgs/include/autoware_auto_planning_msgs/autoware_auto_planning_msgs/action/detail/plan_trajectory__rosidl_typesupport_fastrtps_c.h
-- Up-to-date: /home/carla/Github/C-V2X-Autoware-Carla/install/autoware_auto_planning_msgs/include/autoware_auto_planning_msgs/autoware_auto_planning_msgs/action/detail/record_trajectory__rosidl_typesupport_fastrtps_c.h
-- Up-to-date: /home/carla/Github/C-V2X-Autoware-Carla/install/autoware_auto_planning_msgs/include/autoware_auto_planning_msgs/autoware_auto_planning_msgs/msg
-- Up-to-date: /home/carla/Github/C-V2X-Autoware-Carla/install/autoware_auto_planning_msgs/include/autoware_auto_planning_msgs/autoware_auto_planning_msgs/msg/detail
-- Up-to-date: /home/carla/Github/C-V2X-Autoware-Carla/install/autoware_auto_planning_msgs/include/autoware_auto_planning_msgs/autoware_auto_planning_msgs/msg/detail/path_point__rosidl_typesupport_fastrtps_c.h
-- Up-to-date: /home/carla/Github/C-V2X-Autoware-Carla/install/autoware_auto_planning_msgs/include/autoware_auto_planning_msgs/autoware_auto_planning_msgs/msg/detail/path_with_lane_id__rosidl_typesupport_fastrtps_c.h
-- Up-to-date: /home/carla/Github/C-V2X-Autoware-Carla/install/autoware_auto_planning_msgs/include/autoware_auto_planning_msgs/autoware_auto_planning_msgs/msg/detail/trajectory__rosidl_typesupport_fastrtps_c.h
-- Up-to-date: /home/carla/Github/C-V2X-Autoware-Carla/install/autoware_auto_planning_msgs/include/autoware_auto_planning_msgs/autoware_auto_planning_msgs/msg/detail/path_point_with_lane_id__rosidl_typesupport_fastrtps_c.h
-- Up-to-date: /home/carla/Github/C-V2X-Autoware-Carla/install/autoware_auto_planning_msgs/include/autoware_auto_planning_msgs/autoware_auto_planning_msgs/msg/detail/path__rosidl_typesupport_fastrtps_c.h
-- Up-to-date: /home/carla/Github/C-V2X-Autoware-Carla/install/autoware_auto_planning_msgs/include/autoware_auto_planning_msgs/autoware_auto_planning_msgs/msg/detail/order_movement__rosidl_typesupport_fastrtps_c.h
-- Up-to-date: /home/carla/Github/C-V2X-Autoware-Carla/install/autoware_auto_planning_msgs/include/autoware_auto_planning_msgs/autoware_auto_planning_msgs/msg/detail/had_map_route__rosidl_typesupport_fastrtps_c.h
-- Up-to-date: /home/carla/Github/C-V2X-Autoware-Carla/install/autoware_auto_planning_msgs/include/autoware_auto_planning_msgs/autoware_auto_planning_msgs/msg/detail/route__rosidl_typesupport_fastrtps_c.h
-- Up-to-date: /home/carla/Github/C-V2X-Autoware-Carla/install/autoware_auto_planning_msgs/include/autoware_auto_planning_msgs/autoware_auto_planning_msgs/msg/detail/trajectory_point__rosidl_typesupport_fastrtps_c.h
-- Up-to-date: /home/carla/Github/C-V2X-Autoware-Carla/install/autoware_auto_planning_msgs/include/autoware_auto_planning_msgs/autoware_auto_planning_msgs/msg/rosidl_typesupport_fastrtps_c__visibility_control.h
-- Up-to-date: /home/carla/Github/C-V2X-Autoware-Carla/install/autoware_auto_planning_msgs/lib/libautoware_auto_planning_msgs__rosidl_typesupport_fastrtps_c.so
-- Up-to-date: /home/carla/Github/C-V2X-Autoware-Carla/install/autoware_auto_planning_msgs/lib/libautoware_auto_planning_msgs__rosidl_typesupport_c.so
-- Up-to-date: /home/carla/Github/C-V2X-Autoware-Carla/install/autoware_auto_planning_msgs/include/autoware_auto_planning_msgs/autoware_auto_planning_msgs
-- Up-to-date: /home/carla/Github/C-V2X-Autoware-Carla/install/autoware_auto_planning_msgs/include/autoware_auto_planning_msgs/autoware_auto_planning_msgs/srv
-- Up-to-date: /home/carla/Github/C-V2X-Autoware-Carla/install/autoware_auto_planning_msgs/include/autoware_auto_planning_msgs/autoware_auto_planning_msgs/srv/modify_trajectory.hpp
-- Up-to-date: /home/carla/Github/C-V2X-Autoware-Carla/install/autoware_auto_planning_msgs/include/autoware_auto_planning_msgs/autoware_auto_planning_msgs/srv/detail
-- Up-to-date: /home/carla/Github/C-V2X-Autoware-Carla/install/autoware_auto_planning_msgs/include/autoware_auto_planning_msgs/autoware_auto_planning_msgs/srv/detail/modify_trajectory__builder.hpp
-- Up-to-date: /home/carla/Github/C-V2X-Autoware-Carla/install/autoware_auto_planning_msgs/include/autoware_auto_planning_msgs/autoware_auto_planning_msgs/srv/detail/modify_trajectory__struct.hpp
-- Up-to-date: /home/carla/Github/C-V2X-Autoware-Carla/install/autoware_auto_planning_msgs/include/autoware_auto_planning_msgs/autoware_auto_planning_msgs/srv/detail/modify_trajectory__traits.hpp
-- Up-to-date: /home/carla/Github/C-V2X-Autoware-Carla/install/autoware_auto_planning_msgs/include/autoware_auto_planning_msgs/autoware_auto_planning_msgs/action
-- Up-to-date: /home/carla/Github/C-V2X-Autoware-Carla/install/autoware_auto_planning_msgs/include/autoware_auto_planning_msgs/autoware_auto_planning_msgs/action/record_trajectory.hpp
-- Up-to-date: /home/carla/Github/C-V2X-Autoware-Carla/install/autoware_auto_planning_msgs/include/autoware_auto_planning_msgs/autoware_auto_planning_msgs/action/detail
-- Up-to-date: /home/carla/Github/C-V2X-Autoware-Carla/install/autoware_auto_planning_msgs/include/autoware_auto_planning_msgs/autoware_auto_planning_msgs/action/detail/record_trajectory__struct.hpp
-- Up-to-date: /home/carla/Github/C-V2X-Autoware-Carla/install/autoware_auto_planning_msgs/include/autoware_auto_planning_msgs/autoware_auto_planning_msgs/action/detail/planner_costmap__struct.hpp
-- Up-to-date: /home/carla/Github/C-V2X-Autoware-Carla/install/autoware_auto_planning_msgs/include/autoware_auto_planning_msgs/autoware_auto_planning_msgs/action/detail/plan_trajectory__traits.hpp
-- Up-to-date: /home/carla/Github/C-V2X-Autoware-Carla/install/autoware_auto_planning_msgs/include/autoware_auto_planning_msgs/autoware_auto_planning_msgs/action/detail/replay_trajectory__traits.hpp
-- Up-to-date: /home/carla/Github/C-V2X-Autoware-Carla/install/autoware_auto_planning_msgs/include/autoware_auto_planning_msgs/autoware_auto_planning_msgs/action/detail/replay_trajectory__struct.hpp
-- Up-to-date: /home/carla/Github/C-V2X-Autoware-Carla/install/autoware_auto_planning_msgs/include/autoware_auto_planning_msgs/autoware_auto_planning_msgs/action/detail/record_trajectory__builder.hpp
-- Up-to-date: /home/carla/Github/C-V2X-Autoware-Carla/install/autoware_auto_planning_msgs/include/autoware_auto_planning_msgs/autoware_auto_planning_msgs/action/detail/planner_costmap__builder.hpp
-- Up-to-date: /home/carla/Github/C-V2X-Autoware-Carla/install/autoware_auto_planning_msgs/include/autoware_auto_planning_msgs/autoware_auto_planning_msgs/action/detail/plan_trajectory__struct.hpp
-- Up-to-date: /home/carla/Github/C-V2X-Autoware-Carla/install/autoware_auto_planning_msgs/include/autoware_auto_planning_msgs/autoware_auto_planning_msgs/action/detail/replay_trajectory__builder.hpp
-- Up-to-date: /home/carla/Github/C-V2X-Autoware-Carla/install/autoware_auto_planning_msgs/include/autoware_auto_planning_msgs/autoware_auto_planning_msgs/action/detail/record_trajectory__traits.hpp
-- Up-to-date: /home/carla/Github/C-V2X-Autoware-Carla/install/autoware_auto_planning_msgs/include/autoware_auto_planning_msgs/autoware_auto_planning_msgs/action/detail/planner_costmap__traits.hpp
-- Up-to-date: /home/carla/Github/C-V2X-Autoware-Carla/install/autoware_auto_planning_msgs/include/autoware_auto_planning_msgs/autoware_auto_planning_msgs/action/detail/plan_trajectory__builder.hpp
-- Up-to-date: /home/carla/Github/C-V2X-Autoware-Carla/install/autoware_auto_planning_msgs/include/autoware_auto_planning_msgs/autoware_auto_planning_msgs/action/planner_costmap.hpp
-- Up-to-date: /home/carla/Github/C-V2X-Autoware-Carla/install/autoware_auto_planning_msgs/include/autoware_auto_planning_msgs/autoware_auto_planning_msgs/action/plan_trajectory.hpp
-- Up-to-date: /home/carla/Github/C-V2X-Autoware-Carla/install/autoware_auto_planning_msgs/include/autoware_auto_planning_msgs/autoware_auto_planning_msgs/action/replay_trajectory.hpp
-- Up-to-date: /home/carla/Github/C-V2X-Autoware-Carla/install/autoware_auto_planning_msgs/include/autoware_auto_planning_msgs/autoware_auto_planning_msgs/msg
-- Up-to-date: /home/carla/Github/C-V2X-Autoware-Carla/install/autoware_auto_planning_msgs/include/autoware_auto_planning_msgs/autoware_auto_planning_msgs/msg/order_movement.hpp
-- Up-to-date: /home/carla/Github/C-V2X-Autoware-Carla/install/autoware_auto_planning_msgs/include/autoware_auto_planning_msgs/autoware_auto_planning_msgs/msg/had_map_route.hpp
-- Up-to-date: /home/carla/Github/C-V2X-Autoware-Carla/install/autoware_auto_planning_msgs/include/autoware_auto_planning_msgs/autoware_auto_planning_msgs/msg/path_with_lane_id.hpp
-- Up-to-date: /home/carla/Github/C-V2X-Autoware-Carla/install/autoware_auto_planning_msgs/include/autoware_auto_planning_msgs/autoware_auto_planning_msgs/msg/trajectory_point.hpp
-- Up-to-date: /home/carla/Github/C-V2X-Autoware-Carla/install/autoware_auto_planning_msgs/include/autoware_auto_planning_msgs/autoware_auto_planning_msgs/msg/detail
-- Up-to-date: /home/carla/Github/C-V2X-Autoware-Carla/install/autoware_auto_planning_msgs/include/autoware_auto_planning_msgs/autoware_auto_planning_msgs/msg/detail/order_movement__traits.hpp
-- Up-to-date: /home/carla/Github/C-V2X-Autoware-Carla/install/autoware_auto_planning_msgs/include/autoware_auto_planning_msgs/autoware_auto_planning_msgs/msg/detail/path__builder.hpp
-- Up-to-date: /home/carla/Github/C-V2X-Autoware-Carla/install/autoware_auto_planning_msgs/include/autoware_auto_planning_msgs/autoware_auto_planning_msgs/msg/detail/path_point_with_lane_id__traits.hpp
-- Up-to-date: /home/carla/Github/C-V2X-Autoware-Carla/install/autoware_auto_planning_msgs/include/autoware_auto_planning_msgs/autoware_auto_planning_msgs/msg/detail/path_with_lane_id__traits.hpp
-- Up-to-date: /home/carla/Github/C-V2X-Autoware-Carla/install/autoware_auto_planning_msgs/include/autoware_auto_planning_msgs/autoware_auto_planning_msgs/msg/detail/route__struct.hpp
-- Up-to-date: /home/carla/Github/C-V2X-Autoware-Carla/install/autoware_auto_planning_msgs/include/autoware_auto_planning_msgs/autoware_auto_planning_msgs/msg/detail/had_map_route__struct.hpp
-- Up-to-date: /home/carla/Github/C-V2X-Autoware-Carla/install/autoware_auto_planning_msgs/include/autoware_auto_planning_msgs/autoware_auto_planning_msgs/msg/detail/trajectory__struct.hpp
-- Up-to-date: /home/carla/Github/C-V2X-Autoware-Carla/install/autoware_auto_planning_msgs/include/autoware_auto_planning_msgs/autoware_auto_planning_msgs/msg/detail/route__traits.hpp
-- Up-to-date: /home/carla/Github/C-V2X-Autoware-Carla/install/autoware_auto_planning_msgs/include/autoware_auto_planning_msgs/autoware_auto_planning_msgs/msg/detail/had_map_route__builder.hpp
-- Up-to-date: /home/carla/Github/C-V2X-Autoware-Carla/install/autoware_auto_planning_msgs/include/autoware_auto_planning_msgs/autoware_auto_planning_msgs/msg/detail/path__traits.hpp
-- Up-to-date: /home/carla/Github/C-V2X-Autoware-Carla/install/autoware_auto_planning_msgs/include/autoware_auto_planning_msgs/autoware_auto_planning_msgs/msg/detail/path_point__traits.hpp
-- Up-to-date: /home/carla/Github/C-V2X-Autoware-Carla/install/autoware_auto_planning_msgs/include/autoware_auto_planning_msgs/autoware_auto_planning_msgs/msg/detail/path_with_lane_id__builder.hpp
-- Up-to-date: /home/carla/Github/C-V2X-Autoware-Carla/install/autoware_auto_planning_msgs/include/autoware_auto_planning_msgs/autoware_auto_planning_msgs/msg/detail/trajectory_point__traits.hpp
-- Up-to-date: /home/carla/Github/C-V2X-Autoware-Carla/install/autoware_auto_planning_msgs/include/autoware_auto_planning_msgs/autoware_auto_planning_msgs/msg/detail/trajectory__traits.hpp
-- Up-to-date: /home/carla/Github/C-V2X-Autoware-Carla/install/autoware_auto_planning_msgs/include/autoware_auto_planning_msgs/autoware_auto_planning_msgs/msg/detail/path__struct.hpp
-- Up-to-date: /home/carla/Github/C-V2X-Autoware-Carla/install/autoware_auto_planning_msgs/include/autoware_auto_planning_msgs/autoware_auto_planning_msgs/msg/detail/route__builder.hpp
-- Up-to-date: /home/carla/Github/C-V2X-Autoware-Carla/install/autoware_auto_planning_msgs/include/autoware_auto_planning_msgs/autoware_auto_planning_msgs/msg/detail/trajectory__builder.hpp
-- Up-to-date: /home/carla/Github/C-V2X-Autoware-Carla/install/autoware_auto_planning_msgs/include/autoware_auto_planning_msgs/autoware_auto_planning_msgs/msg/detail/path_point_with_lane_id__builder.hpp
-- Up-to-date: /home/carla/Github/C-V2X-Autoware-Carla/install/autoware_auto_planning_msgs/include/autoware_auto_planning_msgs/autoware_auto_planning_msgs/msg/detail/trajectory_point__builder.hpp
-- Up-to-date: /home/carla/Github/C-V2X-Autoware-Carla/install/autoware_auto_planning_msgs/include/autoware_auto_planning_msgs/autoware_auto_planning_msgs/msg/detail/order_movement__struct.hpp
-- Up-to-date: /home/carla/Github/C-V2X-Autoware-Carla/install/autoware_auto_planning_msgs/include/autoware_auto_planning_msgs/autoware_auto_planning_msgs/msg/detail/had_map_route__traits.hpp
-- Up-to-date: /home/carla/Github/C-V2X-Autoware-Carla/install/autoware_auto_planning_msgs/include/autoware_auto_planning_msgs/autoware_auto_planning_msgs/msg/detail/path_point_with_lane_id__struct.hpp
-- Up-to-date: /home/carla/Github/C-V2X-Autoware-Carla/install/autoware_auto_planning_msgs/include/autoware_auto_planning_msgs/autoware_auto_planning_msgs/msg/detail/order_movement__builder.hpp
-- Up-to-date: /home/carla/Github/C-V2X-Autoware-Carla/install/autoware_auto_planning_msgs/include/autoware_auto_planning_msgs/autoware_auto_planning_msgs/msg/detail/path_point__builder.hpp
-- Up-to-date: /home/carla/Github/C-V2X-Autoware-Carla/install/autoware_auto_planning_msgs/include/autoware_auto_planning_msgs/autoware_auto_planning_msgs/msg/detail/path_with_lane_id__struct.hpp
-- Up-to-date: /home/carla/Github/C-V2X-Autoware-Carla/install/autoware_auto_planning_msgs/include/autoware_auto_planning_msgs/autoware_auto_planning_msgs/msg/detail/trajectory_point__struct.hpp
-- Up-to-date: /home/carla/Github/C-V2X-Autoware-Carla/install/autoware_auto_planning_msgs/include/autoware_auto_planning_msgs/autoware_auto_planning_msgs/msg/detail/path_point__struct.hpp
-- Up-to-date: /home/carla/Github/C-V2X-Autoware-Carla/install/autoware_auto_planning_msgs/include/autoware_auto_planning_msgs/autoware_auto_planning_msgs/msg/route.hpp
-- Up-to-date: /home/carla/Github/C-V2X-Autoware-Carla/install/autoware_auto_planning_msgs/include/autoware_auto_planning_msgs/autoware_auto_planning_msgs/msg/trajectory.hpp
-- Up-to-date: /home/carla/Github/C-V2X-Autoware-Carla/install/autoware_auto_planning_msgs/include/autoware_auto_planning_msgs/autoware_auto_planning_msgs/msg/path_point.hpp
-- Up-to-date: /home/carla/Github/C-V2X-Autoware-Carla/install/autoware_auto_planning_msgs/include/autoware_auto_planning_msgs/autoware_auto_planning_msgs/msg/path.hpp
-- Up-to-date: /home/carla/Github/C-V2X-Autoware-Carla/install/autoware_auto_planning_msgs/include/autoware_auto_planning_msgs/autoware_auto_planning_msgs/msg/path_point_with_lane_id.hpp
-- Up-to-date: /home/carla/Github/C-V2X-Autoware-Carla/install/autoware_auto_planning_msgs/include/autoware_auto_planning_msgs/autoware_auto_planning_msgs
-- Up-to-date: /home/carla/Github/C-V2X-Autoware-Carla/install/autoware_auto_planning_msgs/include/autoware_auto_planning_msgs/autoware_auto_planning_msgs/srv
-- Up-to-date: /home/carla/Github/C-V2X-Autoware-Carla/install/autoware_auto_planning_msgs/include/autoware_auto_planning_msgs/autoware_auto_planning_msgs/srv/detail
-- Up-to-date: /home/carla/Github/C-V2X-Autoware-Carla/install/autoware_auto_planning_msgs/include/autoware_auto_planning_msgs/autoware_auto_planning_msgs/srv/detail/modify_trajectory__type_support.cpp
-- Up-to-date: /home/carla/Github/C-V2X-Autoware-Carla/install/autoware_auto_planning_msgs/include/autoware_auto_planning_msgs/autoware_auto_planning_msgs/srv/detail/modify_trajectory__rosidl_typesupport_introspection_cpp.hpp
-- Up-to-date: /home/carla/Github/C-V2X-Autoware-Carla/install/autoware_auto_planning_msgs/include/autoware_auto_planning_msgs/autoware_auto_planning_msgs/action
-- Up-to-date: /home/carla/Github/C-V2X-Autoware-Carla/install/autoware_auto_planning_msgs/include/autoware_auto_planning_msgs/autoware_auto_planning_msgs/action/detail
-- Up-to-date: /home/carla/Github/C-V2X-Autoware-Carla/install/autoware_auto_planning_msgs/include/autoware_auto_planning_msgs/autoware_auto_planning_msgs/action/detail/plan_trajectory__rosidl_typesupport_introspection_cpp.hpp
-- Up-to-date: /home/carla/Github/C-V2X-Autoware-Carla/install/autoware_auto_planning_msgs/include/autoware_auto_planning_msgs/autoware_auto_planning_msgs/action/detail/planner_costmap__type_support.cpp
-- Up-to-date: /home/carla/Github/C-V2X-Autoware-Carla/install/autoware_auto_planning_msgs/include/autoware_auto_planning_msgs/autoware_auto_planning_msgs/action/detail/plan_trajectory__type_support.cpp
-- Up-to-date: /home/carla/Github/C-V2X-Autoware-Carla/install/autoware_auto_planning_msgs/include/autoware_auto_planning_msgs/autoware_auto_planning_msgs/action/detail/replay_trajectory__rosidl_typesupport_introspection_cpp.hpp
-- Up-to-date: /home/carla/Github/C-V2X-Autoware-Carla/install/autoware_auto_planning_msgs/include/autoware_auto_planning_msgs/autoware_auto_planning_msgs/action/detail/planner_costmap__rosidl_typesupport_introspection_cpp.hpp
-- Up-to-date: /home/carla/Github/C-V2X-Autoware-Carla/install/autoware_auto_planning_msgs/include/autoware_auto_planning_msgs/autoware_auto_planning_msgs/action/detail/record_trajectory__type_support.cpp
-- Up-to-date: /home/carla/Github/C-V2X-Autoware-Carla/install/autoware_auto_planning_msgs/include/autoware_auto_planning_msgs/autoware_auto_planning_msgs/action/detail/record_trajectory__rosidl_typesupport_introspection_cpp.hpp
-- Up-to-date: /home/carla/Github/C-V2X-Autoware-Carla/install/autoware_auto_planning_msgs/include/autoware_auto_planning_msgs/autoware_auto_planning_msgs/action/detail/replay_trajectory__type_support.cpp
-- Up-to-date: /home/carla/Github/C-V2X-Autoware-Carla/install/autoware_auto_planning_msgs/include/autoware_auto_planning_msgs/autoware_auto_planning_msgs/msg
-- Up-to-date: /home/carla/Github/C-V2X-Autoware-Carla/install/autoware_auto_planning_msgs/include/autoware_auto_planning_msgs/autoware_auto_planning_msgs/msg/detail
-- Up-to-date: /home/carla/Github/C-V2X-Autoware-Carla/install/autoware_auto_planning_msgs/include/autoware_auto_planning_msgs/autoware_auto_planning_msgs/msg/detail/path_point__rosidl_typesupport_introspection_cpp.hpp
-- Up-to-date: /home/carla/Github/C-V2X-Autoware-Carla/install/autoware_auto_planning_msgs/include/autoware_auto_planning_msgs/autoware_auto_planning_msgs/msg/detail/path_point_with_lane_id__rosidl_typesupport_introspection_cpp.hpp
-- Up-to-date: /home/carla/Github/C-V2X-Autoware-Carla/install/autoware_auto_planning_msgs/include/autoware_auto_planning_msgs/autoware_auto_planning_msgs/msg/detail/path__rosidl_typesupport_introspection_cpp.hpp
-- Up-to-date: /home/carla/Github/C-V2X-Autoware-Carla/install/autoware_auto_planning_msgs/include/autoware_auto_planning_msgs/autoware_auto_planning_msgs/msg/detail/route__rosidl_typesupport_introspection_cpp.hpp
-- Up-to-date: /home/carla/Github/C-V2X-Autoware-Carla/install/autoware_auto_planning_msgs/include/autoware_auto_planning_msgs/autoware_auto_planning_msgs/msg/detail/had_map_route__type_support.cpp
-- Up-to-date: /home/carla/Github/C-V2X-Autoware-Carla/install/autoware_auto_planning_msgs/include/autoware_auto_planning_msgs/autoware_auto_planning_msgs/msg/detail/had_map_route__rosidl_typesupport_introspection_cpp.hpp
-- Up-to-date: /home/carla/Github/C-V2X-Autoware-Carla/install/autoware_auto_planning_msgs/include/autoware_auto_planning_msgs/autoware_auto_planning_msgs/msg/detail/trajectory__rosidl_typesupport_introspection_cpp.hpp
-- Up-to-date: /home/carla/Github/C-V2X-Autoware-Carla/install/autoware_auto_planning_msgs/include/autoware_auto_planning_msgs/autoware_auto_planning_msgs/msg/detail/trajectory__type_support.cpp
-- Up-to-date: /home/carla/Github/C-V2X-Autoware-Carla/install/autoware_auto_planning_msgs/include/autoware_auto_planning_msgs/autoware_auto_planning_msgs/msg/detail/path__type_support.cpp
-- Up-to-date: /home/carla/Github/C-V2X-Autoware-Carla/install/autoware_auto_planning_msgs/include/autoware_auto_planning_msgs/autoware_auto_planning_msgs/msg/detail/path_point_with_lane_id__type_support.cpp
-- Up-to-date: /home/carla/Github/C-V2X-Autoware-Carla/install/autoware_auto_planning_msgs/include/autoware_auto_planning_msgs/autoware_auto_planning_msgs/msg/detail/route__type_support.cpp
-- Up-to-date: /home/carla/Github/C-V2X-Autoware-Carla/install/autoware_auto_planning_msgs/include/autoware_auto_planning_msgs/autoware_auto_planning_msgs/msg/detail/path_point__type_support.cpp
-- Up-to-date: /home/carla/Github/C-V2X-Autoware-Carla/install/autoware_auto_planning_msgs/include/autoware_auto_planning_msgs/autoware_auto_planning_msgs/msg/detail/order_movement__type_support.cpp
-- Up-to-date: /home/carla/Github/C-V2X-Autoware-Carla/install/autoware_auto_planning_msgs/include/autoware_auto_planning_msgs/autoware_auto_planning_msgs/msg/detail/order_movement__rosidl_typesupport_introspection_cpp.hpp
-- Up-to-date: /home/carla/Github/C-V2X-Autoware-Carla/install/autoware_auto_planning_msgs/include/autoware_auto_planning_msgs/autoware_auto_planning_msgs/msg/detail/path_with_lane_id__rosidl_typesupport_introspection_cpp.hpp
-- Up-to-date: /home/carla/Github/C-V2X-Autoware-Carla/install/autoware_auto_planning_msgs/include/autoware_auto_planning_msgs/autoware_auto_planning_msgs/msg/detail/trajectory_point__rosidl_typesupport_introspection_cpp.hpp
-- Up-to-date: /home/carla/Github/C-V2X-Autoware-Carla/install/autoware_auto_planning_msgs/include/autoware_auto_planning_msgs/autoware_auto_planning_msgs/msg/detail/trajectory_point__type_support.cpp
-- Up-to-date: /home/carla/Github/C-V2X-Autoware-Carla/install/autoware_auto_planning_msgs/include/autoware_auto_planning_msgs/autoware_auto_planning_msgs/msg/detail/path_with_lane_id__type_support.cpp
-- Up-to-date: /home/carla/Github/C-V2X-Autoware-Carla/install/autoware_auto_planning_msgs/lib/libautoware_auto_planning_msgs__rosidl_typesupport_introspection_cpp.so
-- Up-to-date: /home/carla/Github/C-V2X-Autoware-Carla/install/autoware_auto_planning_msgs/include/autoware_auto_planning_msgs/autoware_auto_planning_msgs
-- Up-to-date: /home/carla/Github/C-V2X-Autoware-Carla/install/autoware_auto_planning_msgs/include/autoware_auto_planning_msgs/autoware_auto_planning_msgs/srv
-- Up-to-date: /home/carla/Github/C-V2X-Autoware-Carla/install/autoware_auto_planning_msgs/include/autoware_auto_planning_msgs/autoware_auto_planning_msgs/srv/detail
-- Up-to-date: /home/carla/Github/C-V2X-Autoware-Carla/install/autoware_auto_planning_msgs/include/autoware_auto_planning_msgs/autoware_auto_planning_msgs/srv/detail/modify_trajectory__rosidl_typesupport_fastrtps_cpp.hpp
-- Up-to-date: /home/carla/Github/C-V2X-Autoware-Carla/install/autoware_auto_planning_msgs/include/autoware_auto_planning_msgs/autoware_auto_planning_msgs/srv/detail/dds_fastrtps
-- Up-to-date: /home/carla/Github/C-V2X-Autoware-Carla/install/autoware_auto_planning_msgs/include/autoware_auto_planning_msgs/autoware_auto_planning_msgs/action
-- Up-to-date: /home/carla/Github/C-V2X-Autoware-Carla/install/autoware_auto_planning_msgs/include/autoware_auto_planning_msgs/autoware_auto_planning_msgs/action/detail
-- Up-to-date: /home/carla/Github/C-V2X-Autoware-Carla/install/autoware_auto_planning_msgs/include/autoware_auto_planning_msgs/autoware_auto_planning_msgs/action/detail/dds_fastrtps
-- Up-to-date: /home/carla/Github/C-V2X-Autoware-Carla/install/autoware_auto_planning_msgs/include/autoware_auto_planning_msgs/autoware_auto_planning_msgs/action/detail/planner_costmap__rosidl_typesupport_fastrtps_cpp.hpp
-- Up-to-date: /home/carla/Github/C-V2X-Autoware-Carla/install/autoware_auto_planning_msgs/include/autoware_auto_planning_msgs/autoware_auto_planning_msgs/action/detail/replay_trajectory__rosidl_typesupport_fastrtps_cpp.hpp
-- Up-to-date: /home/carla/Github/C-V2X-Autoware-Carla/install/autoware_auto_planning_msgs/include/autoware_auto_planning_msgs/autoware_auto_planning_msgs/action/detail/plan_trajectory__rosidl_typesupport_fastrtps_cpp.hpp
-- Up-to-date: /home/carla/Github/C-V2X-Autoware-Carla/install/autoware_auto_planning_msgs/include/autoware_auto_planning_msgs/autoware_auto_planning_msgs/action/detail/record_trajectory__rosidl_typesupport_fastrtps_cpp.hpp
-- Up-to-date: /home/carla/Github/C-V2X-Autoware-Carla/install/autoware_auto_planning_msgs/include/autoware_auto_planning_msgs/autoware_auto_planning_msgs/msg
-- Up-to-date: /home/carla/Github/C-V2X-Autoware-Carla/install/autoware_auto_planning_msgs/include/autoware_auto_planning_msgs/autoware_auto_planning_msgs/msg/rosidl_typesupport_fastrtps_cpp__visibility_control.h
-- Up-to-date: /home/carla/Github/C-V2X-Autoware-Carla/install/autoware_auto_planning_msgs/include/autoware_auto_planning_msgs/autoware_auto_planning_msgs/msg/detail
-- Up-to-date: /home/carla/Github/C-V2X-Autoware-Carla/install/autoware_auto_planning_msgs/include/autoware_auto_planning_msgs/autoware_auto_planning_msgs/msg/detail/trajectory_point__rosidl_typesupport_fastrtps_cpp.hpp
-- Up-to-date: /home/carla/Github/C-V2X-Autoware-Carla/install/autoware_auto_planning_msgs/include/autoware_auto_planning_msgs/autoware_auto_planning_msgs/msg/detail/path_point__rosidl_typesupport_fastrtps_cpp.hpp
-- Up-to-date: /home/carla/Github/C-V2X-Autoware-Carla/install/autoware_auto_planning_msgs/include/autoware_auto_planning_msgs/autoware_auto_planning_msgs/msg/detail/order_movement__rosidl_typesupport_fastrtps_cpp.hpp
-- Up-to-date: /home/carla/Github/C-V2X-Autoware-Carla/install/autoware_auto_planning_msgs/include/autoware_auto_planning_msgs/autoware_auto_planning_msgs/msg/detail/had_map_route__rosidl_typesupport_fastrtps_cpp.hpp
-- Up-to-date: /home/carla/Github/C-V2X-Autoware-Carla/install/autoware_auto_planning_msgs/include/autoware_auto_planning_msgs/autoware_auto_planning_msgs/msg/detail/dds_fastrtps
-- Up-to-date: /home/carla/Github/C-V2X-Autoware-Carla/install/autoware_auto_planning_msgs/include/autoware_auto_planning_msgs/autoware_auto_planning_msgs/msg/detail/path_point_with_lane_id__rosidl_typesupport_fastrtps_cpp.hpp
-- Up-to-date: /home/carla/Github/C-V2X-Autoware-Carla/install/autoware_auto_planning_msgs/include/autoware_auto_planning_msgs/autoware_auto_planning_msgs/msg/detail/trajectory__rosidl_typesupport_fastrtps_cpp.hpp
-- Up-to-date: /home/carla/Github/C-V2X-Autoware-Carla/install/autoware_auto_planning_msgs/include/autoware_auto_planning_msgs/autoware_auto_planning_msgs/msg/detail/path__rosidl_typesupport_fastrtps_cpp.hpp
-- Up-to-date: /home/carla/Github/C-V2X-Autoware-Carla/install/autoware_auto_planning_msgs/include/autoware_auto_planning_msgs/autoware_auto_planning_msgs/msg/detail/path_with_lane_id__rosidl_typesupport_fastrtps_cpp.hpp
-- Up-to-date: /home/carla/Github/C-V2X-Autoware-Carla/install/autoware_auto_planning_msgs/include/autoware_auto_planning_msgs/autoware_auto_planning_msgs/msg/detail/route__rosidl_typesupport_fastrtps_cpp.hpp
-- Up-to-date: /home/carla/Github/C-V2X-Autoware-Carla/install/autoware_auto_planning_msgs/lib/libautoware_auto_planning_msgs__rosidl_typesupport_fastrtps_cpp.so
-- Up-to-date: /home/carla/Github/C-V2X-Autoware-Carla/install/autoware_auto_planning_msgs/lib/libautoware_auto_planning_msgs__rosidl_typesupport_cpp.so
-- Up-to-date: /home/carla/Github/C-V2X-Autoware-Carla/install/autoware_auto_planning_msgs/share/autoware_auto_planning_msgs/environment/pythonpath.sh
-- Up-to-date: /home/carla/Github/C-V2X-Autoware-Carla/install/autoware_auto_planning_msgs/share/autoware_auto_planning_msgs/environment/pythonpath.dsv
-- Up-to-date: /home/carla/Github/C-V2X-Autoware-Carla/install/autoware_auto_planning_msgs/lib/python3.8/site-packages/autoware_auto_planning_msgs-1.0.0-py3.8.egg-info
-- Installing: /home/carla/Github/C-V2X-Autoware-Carla/install/autoware_auto_planning_msgs/lib/python3.8/site-packages/autoware_auto_planning_msgs-1.0.0-py3.8.egg-info/SOURCES.txt
-- Installing: /home/carla/Github/C-V2X-Autoware-Carla/install/autoware_auto_planning_msgs/lib/python3.8/site-packages/autoware_auto_planning_msgs-1.0.0-py3.8.egg-info/PKG-INFO
-- Installing: /home/carla/Github/C-V2X-Autoware-Carla/install/autoware_auto_planning_msgs/lib/python3.8/site-packages/autoware_auto_planning_msgs-1.0.0-py3.8.egg-info/dependency_links.txt
-- Installing: /home/carla/Github/C-V2X-Autoware-Carla/install/autoware_auto_planning_msgs/lib/python3.8/site-packages/autoware_auto_planning_msgs-1.0.0-py3.8.egg-info/top_level.txt
-- Up-to-date: /home/carla/Github/C-V2X-Autoware-Carla/install/autoware_auto_planning_msgs/lib/python3.8/site-packages/autoware_auto_planning_msgs
-- Up-to-date: /home/carla/Github/C-V2X-Autoware-Carla/install/autoware_auto_planning_msgs/lib/python3.8/site-packages/autoware_auto_planning_msgs/_autoware_auto_planning_msgs_s.ep.rosidl_typesupport_fastrtps_c.c
-- Up-to-date: /home/carla/Github/C-V2X-Autoware-Carla/install/autoware_auto_planning_msgs/lib/python3.8/site-packages/autoware_auto_planning_msgs/_autoware_auto_planning_msgs_s.ep.rosidl_typesupport_c.c
-- Up-to-date: /home/carla/Github/C-V2X-Autoware-Carla/install/autoware_auto_planning_msgs/lib/python3.8/site-packages/autoware_auto_planning_msgs/autoware_auto_planning_msgs_s__rosidl_typesupport_c.cpython-38-x86_64-linux-gnu.so
-- Up-to-date: /home/carla/Github/C-V2X-Autoware-Carla/install/autoware_auto_planning_msgs/lib/python3.8/site-packages/autoware_auto_planning_msgs/srv
-- Up-to-date: /home/carla/Github/C-V2X-Autoware-Carla/install/autoware_auto_planning_msgs/lib/python3.8/site-packages/autoware_auto_planning_msgs/srv/_modify_trajectory_s.c
-- Up-to-date: /home/carla/Github/C-V2X-Autoware-Carla/install/autoware_auto_planning_msgs/lib/python3.8/site-packages/autoware_auto_planning_msgs/srv/_modify_trajectory.py
-- Up-to-date: /home/carla/Github/C-V2X-Autoware-Carla/install/autoware_auto_planning_msgs/lib/python3.8/site-packages/autoware_auto_planning_msgs/srv/__init__.py
-- Up-to-date: /home/carla/Github/C-V2X-Autoware-Carla/install/autoware_auto_planning_msgs/lib/python3.8/site-packages/autoware_auto_planning_msgs/autoware_auto_planning_msgs_s__rosidl_typesupport_fastrtps_c.cpython-38-x86_64-linux-gnu.so
-- Up-to-date: /home/carla/Github/C-V2X-Autoware-Carla/install/autoware_auto_planning_msgs/lib/python3.8/site-packages/autoware_auto_planning_msgs/_autoware_auto_planning_msgs_s.ep.rosidl_typesupport_introspection_c.c
-- Up-to-date: /home/carla/Github/C-V2X-Autoware-Carla/install/autoware_auto_planning_msgs/lib/python3.8/site-packages/autoware_auto_planning_msgs/autoware_auto_planning_msgs_s__rosidl_typesupport_introspection_c.cpython-38-x86_64-linux-gnu.so
-- Up-to-date: /home/carla/Github/C-V2X-Autoware-Carla/install/autoware_auto_planning_msgs/lib/python3.8/site-packages/autoware_auto_planning_msgs/action
-- Up-to-date: /home/carla/Github/C-V2X-Autoware-Carla/install/autoware_auto_planning_msgs/lib/python3.8/site-packages/autoware_auto_planning_msgs/action/_replay_trajectory_s.c
-- Up-to-date: /home/carla/Github/C-V2X-Autoware-Carla/install/autoware_auto_planning_msgs/lib/python3.8/site-packages/autoware_auto_planning_msgs/action/_planner_costmap_s.c
-- Up-to-date: /home/carla/Github/C-V2X-Autoware-Carla/install/autoware_auto_planning_msgs/lib/python3.8/site-packages/autoware_auto_planning_msgs/action/_replay_trajectory.py
-- Up-to-date: /home/carla/Github/C-V2X-Autoware-Carla/install/autoware_auto_planning_msgs/lib/python3.8/site-packages/autoware_auto_planning_msgs/action/_plan_trajectory_s.c
-- Up-to-date: /home/carla/Github/C-V2X-Autoware-Carla/install/autoware_auto_planning_msgs/lib/python3.8/site-packages/autoware_auto_planning_msgs/action/_planner_costmap.py
-- Up-to-date: /home/carla/Github/C-V2X-Autoware-Carla/install/autoware_auto_planning_msgs/lib/python3.8/site-packages/autoware_auto_planning_msgs/action/_record_trajectory_s.c
-- Up-to-date: /home/carla/Github/C-V2X-Autoware-Carla/install/autoware_auto_planning_msgs/lib/python3.8/site-packages/autoware_auto_planning_msgs/action/__init__.py
-- Up-to-date: /home/carla/Github/C-V2X-Autoware-Carla/install/autoware_auto_planning_msgs/lib/python3.8/site-packages/autoware_auto_planning_msgs/action/_record_trajectory.py
-- Up-to-date: /home/carla/Github/C-V2X-Autoware-Carla/install/autoware_auto_planning_msgs/lib/python3.8/site-packages/autoware_auto_planning_msgs/action/_plan_trajectory.py
-- Up-to-date: /home/carla/Github/C-V2X-Autoware-Carla/install/autoware_auto_planning_msgs/lib/python3.8/site-packages/autoware_auto_planning_msgs/libautoware_auto_planning_msgs__rosidl_generator_py.so
-- Up-to-date: /home/carla/Github/C-V2X-Autoware-Carla/install/autoware_auto_planning_msgs/lib/python3.8/site-packages/autoware_auto_planning_msgs/__init__.py
-- Up-to-date: /home/carla/Github/C-V2X-Autoware-Carla/install/autoware_auto_planning_msgs/lib/python3.8/site-packages/autoware_auto_planning_msgs/msg
-- Up-to-date: /home/carla/Github/C-V2X-Autoware-Carla/install/autoware_auto_planning_msgs/lib/python3.8/site-packages/autoware_auto_planning_msgs/msg/_path_point_s.c
-- Up-to-date: /home/carla/Github/C-V2X-Autoware-Carla/install/autoware_auto_planning_msgs/lib/python3.8/site-packages/autoware_auto_planning_msgs/msg/_path_s.c
-- Up-to-date: /home/carla/Github/C-V2X-Autoware-Carla/install/autoware_auto_planning_msgs/lib/python3.8/site-packages/autoware_auto_planning_msgs/msg/_path_point.py
-- Up-to-date: /home/carla/Github/C-V2X-Autoware-Carla/install/autoware_auto_planning_msgs/lib/python3.8/site-packages/autoware_auto_planning_msgs/msg/_path_with_lane_id_s.c
-- Up-to-date: /home/carla/Github/C-V2X-Autoware-Carla/install/autoware_auto_planning_msgs/lib/python3.8/site-packages/autoware_auto_planning_msgs/msg/_trajectory_s.c
-- Up-to-date: /home/carla/Github/C-V2X-Autoware-Carla/install/autoware_auto_planning_msgs/lib/python3.8/site-packages/autoware_auto_planning_msgs/msg/_path_point_with_lane_id.py
-- Up-to-date: /home/carla/Github/C-V2X-Autoware-Carla/install/autoware_auto_planning_msgs/lib/python3.8/site-packages/autoware_auto_planning_msgs/msg/_path.py
-- Up-to-date: /home/carla/Github/C-V2X-Autoware-Carla/install/autoware_auto_planning_msgs/lib/python3.8/site-packages/autoware_auto_planning_msgs/msg/_order_movement_s.c
-- Up-to-date: /home/carla/Github/C-V2X-Autoware-Carla/install/autoware_auto_planning_msgs/lib/python3.8/site-packages/autoware_auto_planning_msgs/msg/_trajectory.py
-- Up-to-date: /home/carla/Github/C-V2X-Autoware-Carla/install/autoware_auto_planning_msgs/lib/python3.8/site-packages/autoware_auto_planning_msgs/msg/_path_with_lane_id.py
-- Up-to-date: /home/carla/Github/C-V2X-Autoware-Carla/install/autoware_auto_planning_msgs/lib/python3.8/site-packages/autoware_auto_planning_msgs/msg/_route.py
-- Up-to-date: /home/carla/Github/C-V2X-Autoware-Carla/install/autoware_auto_planning_msgs/lib/python3.8/site-packages/autoware_auto_planning_msgs/msg/_had_map_route_s.c
-- Up-to-date: /home/carla/Github/C-V2X-Autoware-Carla/install/autoware_auto_planning_msgs/lib/python3.8/site-packages/autoware_auto_planning_msgs/msg/_trajectory_point.py
-- Up-to-date: /home/carla/Github/C-V2X-Autoware-Carla/install/autoware_auto_planning_msgs/lib/python3.8/site-packages/autoware_auto_planning_msgs/msg/_order_movement.py
-- Up-to-date: /home/carla/Github/C-V2X-Autoware-Carla/install/autoware_auto_planning_msgs/lib/python3.8/site-packages/autoware_auto_planning_msgs/msg/__init__.py
-- Up-to-date: /home/carla/Github/C-V2X-Autoware-Carla/install/autoware_auto_planning_msgs/lib/python3.8/site-packages/autoware_auto_planning_msgs/msg/_route_s.c
-- Up-to-date: /home/carla/Github/C-V2X-Autoware-Carla/install/autoware_auto_planning_msgs/lib/python3.8/site-packages/autoware_auto_planning_msgs/msg/_path_point_with_lane_id_s.c
-- Up-to-date: /home/carla/Github/C-V2X-Autoware-Carla/install/autoware_auto_planning_msgs/lib/python3.8/site-packages/autoware_auto_planning_msgs/msg/_trajectory_point_s.c
-- Up-to-date: /home/carla/Github/C-V2X-Autoware-Carla/install/autoware_auto_planning_msgs/lib/python3.8/site-packages/autoware_auto_planning_msgs/msg/_had_map_route.py
Listing '/home/carla/Github/C-V2X-Autoware-Carla/install/autoware_auto_planning_msgs/lib/python3.8/site-packages/autoware_auto_planning_msgs'...
Listing '/home/carla/Github/C-V2X-Autoware-Carla/install/autoware_auto_planning_msgs/lib/python3.8/site-packages/autoware_auto_planning_msgs/action'...
Listing '/home/carla/Github/C-V2X-Autoware-Carla/install/autoware_auto_planning_msgs/lib/python3.8/site-packages/autoware_auto_planning_msgs/msg'...
Listing '/home/carla/Github/C-V2X-Autoware-Carla/install/autoware_auto_planning_msgs/lib/python3.8/site-packages/autoware_auto_planning_msgs/srv'...
-- Up-to-date: /home/carla/Github/C-V2X-Autoware-Carla/install/autoware_auto_planning_msgs/lib/python3.8/site-packages/autoware_auto_planning_msgs/autoware_auto_planning_msgs_s__rosidl_typesupport_introspection_c.cpython-38-x86_64-linux-gnu.so
-- Up-to-date: /home/carla/Github/C-V2X-Autoware-Carla/install/autoware_auto_planning_msgs/lib/python3.8/site-packages/autoware_auto_planning_msgs/autoware_auto_planning_msgs_s__rosidl_typesupport_fastrtps_c.cpython-38-x86_64-linux-gnu.so
-- Up-to-date: /home/carla/Github/C-V2X-Autoware-Carla/install/autoware_auto_planning_msgs/lib/python3.8/site-packages/autoware_auto_planning_msgs/autoware_auto_planning_msgs_s__rosidl_typesupport_c.cpython-38-x86_64-linux-gnu.so
-- Up-to-date: /home/carla/Github/C-V2X-Autoware-Carla/install/autoware_auto_planning_msgs/lib/libautoware_auto_planning_msgs__rosidl_generator_py.so
-- Up-to-date: /home/carla/Github/C-V2X-Autoware-Carla/install/autoware_auto_planning_msgs/share/autoware_auto_planning_msgs/action/PlannerCostmap.idl
-- Up-to-date: /home/carla/Github/C-V2X-Autoware-Carla/install/autoware_auto_planning_msgs/share/autoware_auto_planning_msgs/action/PlanTrajectory.idl
-- Up-to-date: /home/carla/Github/C-V2X-Autoware-Carla/install/autoware_auto_planning_msgs/share/autoware_auto_planning_msgs/action/RecordTrajectory.idl
-- Up-to-date: /home/carla/Github/C-V2X-Autoware-Carla/install/autoware_auto_planning_msgs/share/autoware_auto_planning_msgs/action/ReplayTrajectory.idl
-- Up-to-date: /home/carla/Github/C-V2X-Autoware-Carla/install/autoware_auto_planning_msgs/share/autoware_auto_planning_msgs/msg/HADMapRoute.idl
-- Up-to-date: /home/carla/Github/C-V2X-Autoware-Carla/install/autoware_auto_planning_msgs/share/autoware_auto_planning_msgs/msg/OrderMovement.idl
-- Up-to-date: /home/carla/Github/C-V2X-Autoware-Carla/install/autoware_auto_planning_msgs/share/autoware_auto_planning_msgs/msg/Route.idl
-- Up-to-date: /home/carla/Github/C-V2X-Autoware-Carla/install/autoware_auto_planning_msgs/share/autoware_auto_planning_msgs/msg/Trajectory.idl
-- Up-to-date: /home/carla/Github/C-V2X-Autoware-Carla/install/autoware_auto_planning_msgs/share/autoware_auto_planning_msgs/msg/TrajectoryPoint.idl
-- Up-to-date: /home/carla/Github/C-V2X-Autoware-Carla/install/autoware_auto_planning_msgs/share/autoware_auto_planning_msgs/msg/Path.idl
-- Up-to-date: /home/carla/Github/C-V2X-Autoware-Carla/install/autoware_auto_planning_msgs/share/autoware_auto_planning_msgs/msg/PathPoint.idl
-- Up-to-date: /home/carla/Github/C-V2X-Autoware-Carla/install/autoware_auto_planning_msgs/share/autoware_auto_planning_msgs/msg/PathWithLaneId.idl
-- Up-to-date: /home/carla/Github/C-V2X-Autoware-Carla/install/autoware_auto_planning_msgs/share/autoware_auto_planning_msgs/msg/PathPointWithLaneId.idl
-- Up-to-date: /home/carla/Github/C-V2X-Autoware-Carla/install/autoware_auto_planning_msgs/share/autoware_auto_planning_msgs/srv/ModifyTrajectory.idl
-- Up-to-date: /home/carla/Github/C-V2X-Autoware-Carla/install/autoware_auto_planning_msgs/share/ament_index/resource_index/package_run_dependencies/autoware_auto_planning_msgs
-- Up-to-date: /home/carla/Github/C-V2X-Autoware-Carla/install/autoware_auto_planning_msgs/share/ament_index/resource_index/parent_prefix_path/autoware_auto_planning_msgs
-- Up-to-date: /home/carla/Github/C-V2X-Autoware-Carla/install/autoware_auto_planning_msgs/share/autoware_auto_planning_msgs/environment/ament_prefix_path.dsv
-- Up-to-date: /home/carla/Github/C-V2X-Autoware-Carla/install/autoware_auto_planning_msgs/share/autoware_auto_planning_msgs/environment/path.dsv
-- Up-to-date: /home/carla/Github/C-V2X-Autoware-Carla/install/autoware_auto_planning_msgs/share/autoware_auto_planning_msgs/local_setup.bash
-- Up-to-date: /home/carla/Github/C-V2X-Autoware-Carla/install/autoware_auto_planning_msgs/share/autoware_auto_planning_msgs/local_setup.sh
-- Up-to-date: /home/carla/Github/C-V2X-Autoware-Carla/install/autoware_auto_planning_msgs/share/autoware_auto_planning_msgs/local_setup.zsh
-- Up-to-date: /home/carla/Github/C-V2X-Autoware-Carla/install/autoware_auto_planning_msgs/share/autoware_auto_planning_msgs/local_setup.dsv
-- Installing: /home/carla/Github/C-V2X-Autoware-Carla/install/autoware_auto_planning_msgs/share/autoware_auto_planning_msgs/package.dsv
-- Up-to-date: /home/carla/Github/C-V2X-Autoware-Carla/install/autoware_auto_planning_msgs/share/ament_index/resource_index/packages/autoware_auto_planning_msgs
-- Up-to-date: /home/carla/Github/C-V2X-Autoware-Carla/install/autoware_auto_planning_msgs/share/autoware_auto_planning_msgs/cmake/export_autoware_auto_planning_msgs__rosidl_generator_cExport.cmake
-- Up-to-date: /home/carla/Github/C-V2X-Autoware-Carla/install/autoware_auto_planning_msgs/share/autoware_auto_planning_msgs/cmake/export_autoware_auto_planning_msgs__rosidl_generator_cExport-noconfig.cmake
-- Up-to-date: /home/carla/Github/C-V2X-Autoware-Carla/install/autoware_auto_planning_msgs/share/autoware_auto_planning_msgs/cmake/autoware_auto_planning_msgs__rosidl_typesupport_introspection_cExport.cmake
-- Up-to-date: /home/carla/Github/C-V2X-Autoware-Carla/install/autoware_auto_planning_msgs/share/autoware_auto_planning_msgs/cmake/autoware_auto_planning_msgs__rosidl_typesupport_introspection_cExport-noconfig.cmake
-- Up-to-date: /home/carla/Github/C-V2X-Autoware-Carla/install/autoware_auto_planning_msgs/share/autoware_auto_planning_msgs/cmake/export_autoware_auto_planning_msgs__rosidl_typesupport_fastrtps_cExport.cmake
-- Up-to-date: /home/carla/Github/C-V2X-Autoware-Carla/install/autoware_auto_planning_msgs/share/autoware_auto_planning_msgs/cmake/export_autoware_auto_planning_msgs__rosidl_typesupport_fastrtps_cExport-noconfig.cmake
-- Up-to-date: /home/carla/Github/C-V2X-Autoware-Carla/install/autoware_auto_planning_msgs/share/autoware_auto_planning_msgs/cmake/autoware_auto_planning_msgs__rosidl_typesupport_cExport.cmake
-- Up-to-date: /home/carla/Github/C-V2X-Autoware-Carla/install/autoware_auto_planning_msgs/share/autoware_auto_planning_msgs/cmake/autoware_auto_planning_msgs__rosidl_typesupport_cExport-noconfig.cmake
-- Up-to-date: /home/carla/Github/C-V2X-Autoware-Carla/install/autoware_auto_planning_msgs/share/autoware_auto_planning_msgs/cmake/export_autoware_auto_planning_msgs__rosidl_generator_cppExport.cmake
-- Up-to-date: /home/carla/Github/C-V2X-Autoware-Carla/install/autoware_auto_planning_msgs/share/autoware_auto_planning_msgs/cmake/autoware_auto_planning_msgs__rosidl_typesupport_introspection_cppExport.cmake
-- Up-to-date: /home/carla/Github/C-V2X-Autoware-Carla/install/autoware_auto_planning_msgs/share/autoware_auto_planning_msgs/cmake/autoware_auto_planning_msgs__rosidl_typesupport_introspection_cppExport-noconfig.cmake
-- Up-to-date: /home/carla/Github/C-V2X-Autoware-Carla/install/autoware_auto_planning_msgs/share/autoware_auto_planning_msgs/cmake/export_autoware_auto_planning_msgs__rosidl_typesupport_fastrtps_cppExport.cmake
-- Up-to-date: /home/carla/Github/C-V2X-Autoware-Carla/install/autoware_auto_planning_msgs/share/autoware_auto_planning_msgs/cmake/export_autoware_auto_planning_msgs__rosidl_typesupport_fastrtps_cppExport-noconfig.cmake
-- Up-to-date: /home/carla/Github/C-V2X-Autoware-Carla/install/autoware_auto_planning_msgs/share/autoware_auto_planning_msgs/cmake/autoware_auto_planning_msgs__rosidl_typesupport_cppExport.cmake
-- Up-to-date: /home/carla/Github/C-V2X-Autoware-Carla/install/autoware_auto_planning_msgs/share/autoware_auto_planning_msgs/cmake/autoware_auto_planning_msgs__rosidl_typesupport_cppExport-noconfig.cmake
-- Up-to-date: /home/carla/Github/C-V2X-Autoware-Carla/install/autoware_auto_planning_msgs/share/autoware_auto_planning_msgs/cmake/export_autoware_auto_planning_msgs__rosidl_generator_pyExport.cmake
-- Up-to-date: /home/carla/Github/C-V2X-Autoware-Carla/install/autoware_auto_planning_msgs/share/autoware_auto_planning_msgs/cmake/export_autoware_auto_planning_msgs__rosidl_generator_pyExport-noconfig.cmake
-- Up-to-date: /home/carla/Github/C-V2X-Autoware-Carla/install/autoware_auto_planning_msgs/share/autoware_auto_planning_msgs/cmake/rosidl_cmake-extras.cmake
-- Up-to-date: /home/carla/Github/C-V2X-Autoware-Carla/install/autoware_auto_planning_msgs/share/autoware_auto_planning_msgs/cmake/ament_cmake_export_dependencies-extras.cmake
-- Up-to-date: /home/carla/Github/C-V2X-Autoware-Carla/install/autoware_auto_planning_msgs/share/autoware_auto_planning_msgs/cmake/ament_cmake_export_include_directories-extras.cmake
-- Up-to-date: /home/carla/Github/C-V2X-Autoware-Carla/install/autoware_auto_planning_msgs/share/autoware_auto_planning_msgs/cmake/ament_cmake_export_libraries-extras.cmake
-- Up-to-date: /home/carla/Github/C-V2X-Autoware-Carla/install/autoware_auto_planning_msgs/share/autoware_auto_planning_msgs/cmake/ament_cmake_export_targets-extras.cmake
-- Up-to-date: /home/carla/Github/C-V2X-Autoware-Carla/install/autoware_auto_planning_msgs/share/autoware_auto_planning_msgs/cmake/rosidl_cmake_export_typesupport_targets-extras.cmake
-- Up-to-date: /home/carla/Github/C-V2X-Autoware-Carla/install/autoware_auto_planning_msgs/share/autoware_auto_planning_msgs/cmake/rosidl_cmake_export_typesupport_libraries-extras.cmake
-- Up-to-date: /home/carla/Github/C-V2X-Autoware-Carla/install/autoware_auto_planning_msgs/share/autoware_auto_planning_msgs/cmake/autoware_auto_planning_msgsConfig.cmake
-- Up-to-date: /home/carla/Github/C-V2X-Autoware-Carla/install/autoware_auto_planning_msgs/share/autoware_auto_planning_msgs/cmake/autoware_auto_planning_msgsConfig-version.cmake
-- Up-to-date: /home/carla/Github/C-V2X-Autoware-Carla/install/autoware_auto_planning_msgs/share/autoware_auto_planning_msgs/package.xml
