[0.036s] Invoking command in '/home/carla/Documents/GitHub/C-V2X-Autoware-Carla/build/image_geometry': CMAKE_PREFIX_PATH=/opt/ros/galactic /usr/bin/cmake /home/carla/Documents/GitHub/C-V2X-Autoware-Carla/src/vision_opencv/image_geometry -DAMENT_CMAKE_SYMLINK_INSTALL=1 -DCMAKE_INSTALL_PREFIX=/home/carla/Documents/GitHub/C-V2X-Autoware-Carla/install/image_geometry
[0.269s] -- The C compiler identification is GNU 9.4.0
[0.269s] -- The CXX compiler identification is GNU 9.4.0
[0.269s] -- Check for working C compiler: /usr/bin/cc
[0.269s] -- Check for working C compiler: /usr/bin/cc -- works
[0.269s] -- Detecting C compiler ABI info
[0.269s] -- Detecting C compiler ABI info - done
[0.269s] -- Detecting C compile features
[0.269s] -- Detecting C compile features - done
[0.269s] -- Check for working CXX compiler: /usr/bin/c++
[0.269s] -- Check for working CXX compiler: /usr/bin/c++ -- works
[0.270s] -- Detecting CXX compiler ABI info
[0.307s] -- Detecting CXX compiler ABI info - done
[0.314s] -- Detecting CXX compile features
[0.314s] -- Detecting CXX compile features - done
[0.315s] -- Found ament_cmake_python: 1.1.5 (/opt/ros/galactic/share/ament_cmake_python/cmake)
[0.315s] -- Found ament_cmake_ros: 0.9.2 (/opt/ros/galactic/share/ament_cmake_ros/cmake)
[0.334s] -- Found PythonInterp: /usr/bin/python3 (found suitable version "3.8.10", minimum required is "3") 
[0.334s] -- Using PYTHON_EXECUTABLE: /usr/bin/python3
[0.369s] -- Override CMake install command with custom implementation using symlinks instead of copying resources
[0.588s] -- Found OpenCV: /usr (found version "4.2.0") found components: calib3d core highgui imgproc 
[0.589s] -- Found sensor_msgs: 2.2.4 (/opt/ros/galactic/share/sensor_msgs/cmake)
[0.604s] -- Using all available rosidl_typesupport_c: rosidl_typesupport_fastrtps_c;rosidl_typesupport_introspection_c
[0.608s] -- Found rosidl_adapter: 2.2.2 (/opt/ros/galactic/share/rosidl_adapter/cmake)
[0.655s] -- Found OpenSSL: /usr/lib/x86_64-linux-gnu/libcrypto.so (found version "1.1.1f")  
[0.677s] -- Found FastRTPS: /opt/ros/galactic/include  
[0.735s] -- Using all available rosidl_typesupport_cpp: rosidl_typesupport_fastrtps_cpp;rosidl_typesupport_introspection_cpp
[0.862s] -- Found gtest sources under '/opt/ros/galactic/src/gtest_vendor': C++ tests using 'Google Test' will be built
[0.865s] -- Looking for pthread.h
[0.906s] -- Looking for pthread.h - found
[0.906s] -- Performing Test CMAKE_HAVE_LIBC_PTHREAD
[0.949s] -- Performing Test CMAKE_HAVE_LIBC_PTHREAD - Failed
[0.949s] -- Check if compiler accepts -pthread
[1.002s] -- Check if compiler accepts -pthread - yes
[1.003s] -- Found Threads: TRUE  
[1.053s] -- Configuring done
[1.064s] -- Generating done
[1.065s] -- Build files have been written to: /home/carla/Documents/GitHub/C-V2X-Autoware-Carla/build/image_geometry
[1.072s] Invoked command in '/home/carla/Documents/GitHub/C-V2X-Autoware-Carla/build/image_geometry' returned '0': CMAKE_PREFIX_PATH=/opt/ros/galactic /usr/bin/cmake /home/carla/Documents/GitHub/C-V2X-Autoware-Carla/src/vision_opencv/image_geometry -DAMENT_CMAKE_SYMLINK_INSTALL=1 -DCMAKE_INSTALL_PREFIX=/home/carla/Documents/GitHub/C-V2X-Autoware-Carla/install/image_geometry
[1.074s] Invoking command in '/home/carla/Documents/GitHub/C-V2X-Autoware-Carla/build/image_geometry': CMAKE_PREFIX_PATH=/opt/ros/galactic /usr/bin/cmake --build /home/carla/Documents/GitHub/C-V2X-Autoware-Carla/build/image_geometry -- -j20 -l20
[1.098s] [35m[1mScanning dependencies of target ament_cmake_python_symlink_image_geometry[0m
[1.098s] [35m[1mScanning dependencies of target gtest_main[0m
[1.098s] [35m[1mScanning dependencies of target image_geometry[0m
[1.098s] [35m[1mScanning dependencies of target gtest[0m
[1.109s] [  0%] Built target ament_cmake_python_symlink_image_geometry
[1.110s] [ 11%] [32mBuilding CXX object gtest/CMakeFiles/gtest.dir/src/gtest-all.cc.o[0m
[1.110s] [ 22%] [32mBuilding CXX object gtest/CMakeFiles/gtest_main.dir/src/gtest_main.cc.o[0m
[1.116s] [35m[1mScanning dependencies of target ament_cmake_python_build_image_geometry_egg[0m
[1.117s] [ 33%] [32mBuilding CXX object CMakeFiles/image_geometry.dir/src/pinhole_camera_model.cpp.o[0m
[1.118s] [ 44%] [32mBuilding CXX object CMakeFiles/image_geometry.dir/src/stereo_camera_model.cpp.o[0m
[1.309s] running egg_info
[1.309s] creating image_geometry.egg-info
[1.316s] writing image_geometry.egg-info/PKG-INFO
[1.316s] writing dependency_links to image_geometry.egg-info/dependency_links.txt
[1.316s] writing top-level names to image_geometry.egg-info/top_level.txt
[1.317s] writing manifest file 'image_geometry.egg-info/SOURCES.txt'
[1.344s] reading manifest file 'image_geometry.egg-info/SOURCES.txt'
[1.345s] writing manifest file 'image_geometry.egg-info/SOURCES.txt'
[1.378s] [ 44%] Built target ament_cmake_python_build_image_geometry_egg
[1.523s] [ 55%] [32m[1mLinking CXX static library libgtest_main.a[0m
[1.543s] [ 55%] Built target gtest_main
[1.833s] [ 66%] [32m[1mLinking CXX shared library libimage_geometry.so[0m
[1.903s] [ 66%] Built target image_geometry
[2.980s] [ 77%] [32m[1mLinking CXX static library libgtest.a[0m
[3.010s] [ 77%] Built target gtest
[3.016s] [35m[1mScanning dependencies of target image_geometry-utest[0m
[3.033s] [ 88%] [32mBuilding CXX object CMakeFiles/image_geometry-utest.dir/test/utest.cpp.o[0m
[3.876s] [100%] [32m[1mLinking CXX executable image_geometry-utest[0m
[3.992s] [100%] Built target image_geometry-utest
[4.000s] Invoked command in '/home/carla/Documents/GitHub/C-V2X-Autoware-Carla/build/image_geometry' returned '0': CMAKE_PREFIX_PATH=/opt/ros/galactic /usr/bin/cmake --build /home/carla/Documents/GitHub/C-V2X-Autoware-Carla/build/image_geometry -- -j20 -l20
[4.020s] Invoking command in '/home/carla/Documents/GitHub/C-V2X-Autoware-Carla/build/image_geometry': CMAKE_PREFIX_PATH=/opt/ros/galactic /usr/bin/cmake --install /home/carla/Documents/GitHub/C-V2X-Autoware-Carla/build/image_geometry
[4.025s] -- Install configuration: ""
[4.025s] -- Execute custom install script
[4.025s] -- Symlinking: /home/carla/Documents/GitHub/C-V2X-Autoware-Carla/install/image_geometry/share/image_geometry/environment/pythonpath.sh
[4.031s] -- Symlinking: /home/carla/Documents/GitHub/C-V2X-Autoware-Carla/install/image_geometry/share/image_geometry/environment/pythonpath.dsv
[4.037s] -- Symlinking: /home/carla/Documents/GitHub/C-V2X-Autoware-Carla/install/image_geometry/lib/python3.8/site-packages//image_geometry.egg-info/PKG-INFO
[4.042s] -- Symlinking: /home/carla/Documents/GitHub/C-V2X-Autoware-Carla/install/image_geometry/lib/python3.8/site-packages//image_geometry.egg-info/SOURCES.txt
[4.047s] -- Symlinking: /home/carla/Documents/GitHub/C-V2X-Autoware-Carla/install/image_geometry/lib/python3.8/site-packages//image_geometry.egg-info/dependency_links.txt
[4.053s] -- Symlinking: /home/carla/Documents/GitHub/C-V2X-Autoware-Carla/install/image_geometry/lib/python3.8/site-packages//image_geometry.egg-info/top_level.txt
[4.058s] -- Symlinking: /home/carla/Documents/GitHub/C-V2X-Autoware-Carla/install/image_geometry/lib/python3.8/site-packages/image_geometry/__init__.py
[4.063s] -- Symlinking: /home/carla/Documents/GitHub/C-V2X-Autoware-Carla/install/image_geometry/lib/python3.8/site-packages/image_geometry/cameramodels.py
[4.068s] -- Symlinking: /home/carla/Documents/GitHub/C-V2X-Autoware-Carla/install/image_geometry/include/image_geometry/image_geometry/pinhole_camera_model.h
[4.074s] -- Symlinking: /home/carla/Documents/GitHub/C-V2X-Autoware-Carla/install/image_geometry/include/image_geometry/image_geometry/stereo_camera_model.h
[4.079s] -- Symlinking: /home/carla/Documents/GitHub/C-V2X-Autoware-Carla/install/image_geometry/include/image_geometry/image_geometry/visibility_control.hpp
[4.084s] -- Symlinking: /home/carla/Documents/GitHub/C-V2X-Autoware-Carla/install/image_geometry/share/ament_index/resource_index/package_run_dependencies/image_geometry
[4.091s] -- Symlinking: /home/carla/Documents/GitHub/C-V2X-Autoware-Carla/install/image_geometry/share/ament_index/resource_index/parent_prefix_path/image_geometry
[4.096s] -- Symlinking: /home/carla/Documents/GitHub/C-V2X-Autoware-Carla/install/image_geometry/share/image_geometry/environment/ament_prefix_path.sh
[4.101s] -- Symlinking: /home/carla/Documents/GitHub/C-V2X-Autoware-Carla/install/image_geometry/share/image_geometry/environment/ament_prefix_path.dsv
[4.106s] -- Symlinking: /home/carla/Documents/GitHub/C-V2X-Autoware-Carla/install/image_geometry/share/image_geometry/environment/path.sh
[4.111s] -- Symlinking: /home/carla/Documents/GitHub/C-V2X-Autoware-Carla/install/image_geometry/share/image_geometry/environment/path.dsv
[4.117s] -- Symlinking: /home/carla/Documents/GitHub/C-V2X-Autoware-Carla/install/image_geometry/share/image_geometry/local_setup.bash
[4.123s] -- Symlinking: /home/carla/Documents/GitHub/C-V2X-Autoware-Carla/install/image_geometry/share/image_geometry/local_setup.sh
[4.129s] -- Symlinking: /home/carla/Documents/GitHub/C-V2X-Autoware-Carla/install/image_geometry/share/image_geometry/local_setup.zsh
[4.134s] -- Symlinking: /home/carla/Documents/GitHub/C-V2X-Autoware-Carla/install/image_geometry/share/image_geometry/local_setup.dsv
[4.139s] -- Symlinking: /home/carla/Documents/GitHub/C-V2X-Autoware-Carla/install/image_geometry/share/image_geometry/package.dsv
[4.144s] -- Symlinking: /home/carla/Documents/GitHub/C-V2X-Autoware-Carla/install/image_geometry/share/ament_index/resource_index/packages/image_geometry
[4.149s] -- Symlinking: /home/carla/Documents/GitHub/C-V2X-Autoware-Carla/install/image_geometry/share/image_geometry/cmake/ament_cmake_export_targets-extras.cmake
[4.154s] -- Symlinking: /home/carla/Documents/GitHub/C-V2X-Autoware-Carla/install/image_geometry/share/image_geometry/cmake/ament_cmake_export_dependencies-extras.cmake
[4.160s] -- Symlinking: /home/carla/Documents/GitHub/C-V2X-Autoware-Carla/install/image_geometry/share/image_geometry/cmake/image_geometryConfig.cmake
[4.165s] -- Symlinking: /home/carla/Documents/GitHub/C-V2X-Autoware-Carla/install/image_geometry/share/image_geometry/cmake/image_geometryConfig-version.cmake
[4.170s] -- Symlinking: /home/carla/Documents/GitHub/C-V2X-Autoware-Carla/install/image_geometry/share/image_geometry/package.xml
[4.195s] Listing '/home/carla/Documents/GitHub/C-V2X-Autoware-Carla/install/image_geometry/lib/python3.8/site-packages/image_geometry'...
[4.196s] Compiling '/home/carla/Documents/GitHub/C-V2X-Autoware-Carla/install/image_geometry/lib/python3.8/site-packages/image_geometry/__init__.py'...
[4.196s] Compiling '/home/carla/Documents/GitHub/C-V2X-Autoware-Carla/install/image_geometry/lib/python3.8/site-packages/image_geometry/cameramodels.py'...
[4.198s] -- Installing: /home/carla/Documents/GitHub/C-V2X-Autoware-Carla/install/image_geometry/lib/libimage_geometry.so
[4.199s] -- Set runtime path of "/home/carla/Documents/GitHub/C-V2X-Autoware-Carla/install/image_geometry/lib/libimage_geometry.so" to ""
[4.199s] -- Installing: /home/carla/Documents/GitHub/C-V2X-Autoware-Carla/install/image_geometry/share/image_geometry/cmake/export_image_geometryExport.cmake
[4.199s] -- Installing: /home/carla/Documents/GitHub/C-V2X-Autoware-Carla/install/image_geometry/share/image_geometry/cmake/export_image_geometryExport-noconfig.cmake
[4.206s] Invoked command in '/home/carla/Documents/GitHub/C-V2X-Autoware-Carla/build/image_geometry' returned '0': CMAKE_PREFIX_PATH=/opt/ros/galactic /usr/bin/cmake --install /home/carla/Documents/GitHub/C-V2X-Autoware-Carla/build/image_geometry
