[0.113s] Invoking command in '/home/carla/Github/C-V2X-Autoware-Carla/build/autoware_auto_mapping_msgs': CMAKE_PREFIX_PATH=${CMAKE_PREFIX_PATH}:/home/carla/Github/C-V2X-Autoware-Carla/install/vehicle:/home/carla/Github/C-V2X-Autoware-Carla/install/infrastructure:/home/carla/ros2_humble/install/rqt_bag_plugins:/home/carla/ros2_humble/install/rqt_bag:/home/carla/ros2_humble/install/ros2bag:/home/carla/ros2_humble/install/tracetools_test:/home/carla/ros2_humble/install/tracetools_launch:/home/carla/ros2_humble/install/topic_monitor:/home/carla/ros2_humble/install/tf2_tools:/home/carla/ros2_humble/install/examples_tf2_py:/home/carla/ros2_humble/install/tf2_ros_py:/home/carla/ros2_humble/install/sros2:/home/carla/ros2_humble/install/rqt_topic:/home/carla/ros2_humble/install/rqt_srv:/home/carla/ros2_humble/install/rqt_shell:/home/carla/ros2_humble/install/rqt_service_caller:/home/carla/ros2_humble/install/rqt_reconfigure:/home/carla/ros2_humble/install/rqt_py_console:/home/carla/ros2_humble/install/rqt_publisher:/home/carla/ros2_humble/install/rqt_plot:/home/carla/ros2_humble/install/rqt_action:/home/carla/ros2_humble/install/rqt_msg:/home/carla/ros2_humble/install/rqt_console:/home/carla/ros2_humble/install/rqt:/home/carla/ros2_humble/install/rqt_graph:/home/carla/ros2_humble/install/rqt_gui_py:/home/carla/ros2_humble/install/rqt_gui:/home/carla/ros2_humble/install/ros2trace:/home/carla/ros2_humble/install/ros2topic:/home/carla/ros2_humble/install/ros2test:/home/carla/ros2_humble/install/ros2component:/home/carla/ros2_humble/install/ros2param:/home/carla/ros2_humble/install/ros2lifecycle:/home/carla/ros2_humble/install/ros2service:/home/carla/ros2_humble/install/ros2run:/home/carla/ros2_humble/install/ros2launch:/home/carla/ros2_humble/install/ros2pkg:/home/carla/ros2_humble/install/ros2node:/home/carla/ros2_humble/install/ros2multicast:/home/carla/ros2_humble/install/ros2interface:/home/carla/ros2_humble/install/ros2doctor:/home/carla/ros2_humble/install/ros2action:/home/carla/ros2_humble/install/ros2cli:/home/carla/ros2_humble/install/quality_of_service_demo_py:/home/carla/ros2_humble/install/lifecycle_py:/home/carla/ros2_humble/install/launch_testing_ros:/home/carla/ros2_humble/install/launch_ros:/home/carla/ros2_humble/install/examples_rclpy_pointcloud_publisher:/home/carla/ros2_humble/install/examples_rclpy_minimal_subscriber:/home/carla/ros2_humble/install/examples_rclpy_minimal_service:/home/carla/ros2_humble/install/examples_rclpy_minimal_publisher:/home/carla/ros2_humble/install/examples_rclpy_minimal_client:/home/carla/ros2_humble/install/examples_rclpy_minimal_action_server:/home/carla/ros2_humble/install/examples_rclpy_minimal_action_client:/home/carla/ros2_humble/install/examples_rclpy_guard_conditions:/home/carla/ros2_humble/install/examples_rclpy_executors:/home/carla/ros2_humble/install/demo_nodes_py:/home/carla/ros2_humble/install/action_tutorials_py:/home/carla/ros2_humble/install/ament_uncrustify:/home/carla/ros2_humble/install/tracetools_trace:/home/carla/ros2_humble/install/tracetools_read:/home/carla/ros2_humble/install/test_tracetools_launch:/home/carla/ros2_humble/install/test_launch_ros:/home/carla/ros2_humble/install/sensor_msgs_py:/home/carla/ros2_humble/install/rpyutils:/home/carla/ros2_humble/install/rosidl_runtime_py:/home/carla/ros2_humble/install/rosidl_cli:/home/carla/ros2_humble/install/launch_pytest:/home/carla/ros2_humble/install/launch_testing:/home/carla/ros2_humble/install/launch_yaml:/home/carla/ros2_humble/install/launch_xml:/home/carla/ros2_humble/install/launch:/home/carla/ros2_humble/install/osrf_pycommon:/home/carla/ros2_humble/install/launch_testing_examples:/home/carla/ros2_humble/install/domain_coordinator:/home/carla/ros2_humble/install/ament_xmllint:/home/carla/ros2_humble/install/ament_pyflakes:/home/carla/ros2_humble/install/ament_pycodestyle:/home/carla/ros2_humble/install/ament_pep257:/home/carla/ros2_humble/install/ament_pclint:/home/carla/ros2_humble/install/ament_package:/home/carla/ros2_humble/install/ament_mypy:/home/carla/ros2_humble/install/ament_lint_cmake:/home/carla/ros2_humble/install/ament_flake8:/home/carla/ros2_humble/install/ament_copyright:/home/carla/ros2_humble/install/ament_lint:/home/carla/ros2_humble/install/ament_index_python:/home/carla/ros2_humble/install/ament_cpplint:/home/carla/ros2_humble/install/ament_cppcheck:/home/carla/ros2_humble/install/ament_clang_tidy:/home/carla/ros2_humble/install/ament_clang_format /usr/bin/cmake /home/carla/Github/C-V2X-Autoware-Carla/src/autoware_auto_mapping_msgs -DCMAKE_INSTALL_PREFIX=/home/carla/Github/C-V2X-Autoware-Carla/install/autoware_auto_mapping_msgs
[0.604s] -- The C compiler identification is GNU 9.4.0
[0.604s] -- The CXX compiler identification is GNU 9.4.0
[0.604s] -- Check for working C compiler: /usr/bin/cc
[0.605s] -- Check for working C compiler: /usr/bin/cc -- works
[0.605s] -- Detecting C compiler ABI info
[0.605s] -- Detecting C compiler ABI info - done
[0.605s] -- Detecting C compile features
[0.605s] -- Detecting C compile features - done
[0.605s] -- Check for working CXX compiler: /usr/bin/c++
[0.605s] -- Check for working CXX compiler: /usr/bin/c++ -- works
[0.605s] -- Detecting CXX compiler ABI info
[0.651s] -- Detecting CXX compiler ABI info - done
[0.662s] -- Detecting CXX compile features
[0.662s] -- Detecting CXX compile features - done
[0.670s] -- Found ament_cmake_auto: 1.3.3 (/home/carla/ros2_humble/install/ament_cmake_auto/share/ament_cmake_auto/cmake)
[2.337s] -- Found Python3: /usr/bin/python3.8 (found version "3.8.10") found components: Interpreter 
[3.212s] -- Using all available rosidl_typesupport_c: rosidl_typesupport_introspection_c;rosidl_typesupport_fastrtps_c
[3.233s] -- Found rosidl_adapter: 3.1.4 (/home/carla/ros2_humble/install/rosidl_adapter/share/rosidl_adapter/cmake)
[3.341s] -- Using all available rosidl_typesupport_cpp: rosidl_typesupport_introspection_cpp;rosidl_typesupport_fastrtps_cpp
[4.527s] -- Found ament_cmake_cppcheck: 0.12.5 (/home/carla/ros2_humble/install/ament_cmake_cppcheck/share/ament_cmake_cppcheck/cmake)
[4.537s] -- Found ament_cmake_cpplint: 0.12.5 (/home/carla/ros2_humble/install/ament_cmake_cpplint/share/ament_cmake_cpplint/cmake)
[4.542s] -- Found ament_cmake_uncrustify: 0.12.5 (/home/carla/ros2_humble/install/ament_cmake_uncrustify/share/ament_cmake_uncrustify/cmake)
[5.579s] -- Found ament_cmake_ros: 0.10.0 (/home/carla/ros2_humble/install/ament_cmake_ros/share/ament_cmake_ros/cmake)
[7.670s] -- Using all available rosidl_typesupport_c: rosidl_typesupport_introspection_c;rosidl_typesupport_fastrtps_c
[11.732s] -- Using all available rosidl_typesupport_cpp: rosidl_typesupport_introspection_cpp;rosidl_typesupport_fastrtps_cpp
[11.983s] -- Found PythonInterp: /usr/bin/python3 (found suitable version "3.8.10", minimum required is "3.6") 
[11.991s] -- Found python_cmake_module: 0.10.0 (/home/carla/ros2_humble/install/python_cmake_module/share/python_cmake_module/cmake)
[12.266s] -- Found PythonLibs: /usr/lib/x86_64-linux-gnu/libpython3.8.so (found suitable version "3.8.10", minimum required is "3.5") 
[12.266s] -- Using PYTHON_EXECUTABLE: /usr/bin/python3
[12.266s] -- Using PYTHON_INCLUDE_DIRS: /usr/include/python3.8
[12.266s] -- Using PYTHON_LIBRARIES: /usr/lib/x86_64-linux-gnu/libpython3.8.so
[12.516s] -- Found PythonExtra: .so  
[13.036s] -- Found ament_cmake_flake8: 0.12.5 (/home/carla/ros2_humble/install/ament_cmake_flake8/share/ament_cmake_flake8/cmake)
[13.046s] -- Found ament_cmake_pep257: 0.12.5 (/home/carla/ros2_humble/install/ament_cmake_pep257/share/ament_cmake_pep257/cmake)
[13.056s] -- Found ament_lint_auto: 0.12.5 (/home/carla/ros2_humble/install/ament_lint_auto/share/ament_lint_auto/cmake)
[13.086s] -- Added test 'copyright' to check source files copyright and LICENSE
[13.089s] -- Added test 'lint_cmake' to check CMake code style
[13.091s] -- Added test 'xmllint' to check XML markup files
[13.098s] -- Configuring done
[13.125s] -- Generating done
[13.127s] -- Build files have been written to: /home/carla/Github/C-V2X-Autoware-Carla/build/autoware_auto_mapping_msgs
[13.132s] Invoked command in '/home/carla/Github/C-V2X-Autoware-Carla/build/autoware_auto_mapping_msgs' returned '0': CMAKE_PREFIX_PATH=${CMAKE_PREFIX_PATH}:/home/carla/Github/C-V2X-Autoware-Carla/install/vehicle:/home/carla/Github/C-V2X-Autoware-Carla/install/infrastructure:/home/carla/ros2_humble/install/rqt_bag_plugins:/home/carla/ros2_humble/install/rqt_bag:/home/carla/ros2_humble/install/ros2bag:/home/carla/ros2_humble/install/tracetools_test:/home/carla/ros2_humble/install/tracetools_launch:/home/carla/ros2_humble/install/topic_monitor:/home/carla/ros2_humble/install/tf2_tools:/home/carla/ros2_humble/install/examples_tf2_py:/home/carla/ros2_humble/install/tf2_ros_py:/home/carla/ros2_humble/install/sros2:/home/carla/ros2_humble/install/rqt_topic:/home/carla/ros2_humble/install/rqt_srv:/home/carla/ros2_humble/install/rqt_shell:/home/carla/ros2_humble/install/rqt_service_caller:/home/carla/ros2_humble/install/rqt_reconfigure:/home/carla/ros2_humble/install/rqt_py_console:/home/carla/ros2_humble/install/rqt_publisher:/home/carla/ros2_humble/install/rqt_plot:/home/carla/ros2_humble/install/rqt_action:/home/carla/ros2_humble/install/rqt_msg:/home/carla/ros2_humble/install/rqt_console:/home/carla/ros2_humble/install/rqt:/home/carla/ros2_humble/install/rqt_graph:/home/carla/ros2_humble/install/rqt_gui_py:/home/carla/ros2_humble/install/rqt_gui:/home/carla/ros2_humble/install/ros2trace:/home/carla/ros2_humble/install/ros2topic:/home/carla/ros2_humble/install/ros2test:/home/carla/ros2_humble/install/ros2component:/home/carla/ros2_humble/install/ros2param:/home/carla/ros2_humble/install/ros2lifecycle:/home/carla/ros2_humble/install/ros2service:/home/carla/ros2_humble/install/ros2run:/home/carla/ros2_humble/install/ros2launch:/home/carla/ros2_humble/install/ros2pkg:/home/carla/ros2_humble/install/ros2node:/home/carla/ros2_humble/install/ros2multicast:/home/carla/ros2_humble/install/ros2interface:/home/carla/ros2_humble/install/ros2doctor:/home/carla/ros2_humble/install/ros2action:/home/carla/ros2_humble/install/ros2cli:/home/carla/ros2_humble/install/quality_of_service_demo_py:/home/carla/ros2_humble/install/lifecycle_py:/home/carla/ros2_humble/install/launch_testing_ros:/home/carla/ros2_humble/install/launch_ros:/home/carla/ros2_humble/install/examples_rclpy_pointcloud_publisher:/home/carla/ros2_humble/install/examples_rclpy_minimal_subscriber:/home/carla/ros2_humble/install/examples_rclpy_minimal_service:/home/carla/ros2_humble/install/examples_rclpy_minimal_publisher:/home/carla/ros2_humble/install/examples_rclpy_minimal_client:/home/carla/ros2_humble/install/examples_rclpy_minimal_action_server:/home/carla/ros2_humble/install/examples_rclpy_minimal_action_client:/home/carla/ros2_humble/install/examples_rclpy_guard_conditions:/home/carla/ros2_humble/install/examples_rclpy_executors:/home/carla/ros2_humble/install/demo_nodes_py:/home/carla/ros2_humble/install/action_tutorials_py:/home/carla/ros2_humble/install/ament_uncrustify:/home/carla/ros2_humble/install/tracetools_trace:/home/carla/ros2_humble/install/tracetools_read:/home/carla/ros2_humble/install/test_tracetools_launch:/home/carla/ros2_humble/install/test_launch_ros:/home/carla/ros2_humble/install/sensor_msgs_py:/home/carla/ros2_humble/install/rpyutils:/home/carla/ros2_humble/install/rosidl_runtime_py:/home/carla/ros2_humble/install/rosidl_cli:/home/carla/ros2_humble/install/launch_pytest:/home/carla/ros2_humble/install/launch_testing:/home/carla/ros2_humble/install/launch_yaml:/home/carla/ros2_humble/install/launch_xml:/home/carla/ros2_humble/install/launch:/home/carla/ros2_humble/install/osrf_pycommon:/home/carla/ros2_humble/install/launch_testing_examples:/home/carla/ros2_humble/install/domain_coordinator:/home/carla/ros2_humble/install/ament_xmllint:/home/carla/ros2_humble/install/ament_pyflakes:/home/carla/ros2_humble/install/ament_pycodestyle:/home/carla/ros2_humble/install/ament_pep257:/home/carla/ros2_humble/install/ament_pclint:/home/carla/ros2_humble/install/ament_package:/home/carla/ros2_humble/install/ament_mypy:/home/carla/ros2_humble/install/ament_lint_cmake:/home/carla/ros2_humble/install/ament_flake8:/home/carla/ros2_humble/install/ament_copyright:/home/carla/ros2_humble/install/ament_lint:/home/carla/ros2_humble/install/ament_index_python:/home/carla/ros2_humble/install/ament_cpplint:/home/carla/ros2_humble/install/ament_cppcheck:/home/carla/ros2_humble/install/ament_clang_tidy:/home/carla/ros2_humble/install/ament_clang_format /usr/bin/cmake /home/carla/Github/C-V2X-Autoware-Carla/src/autoware_auto_mapping_msgs -DCMAKE_INSTALL_PREFIX=/home/carla/Github/C-V2X-Autoware-Carla/install/autoware_auto_mapping_msgs
[13.135s] Invoking command in '/home/carla/Github/C-V2X-Autoware-Carla/build/autoware_auto_mapping_msgs': CMAKE_PREFIX_PATH=${CMAKE_PREFIX_PATH}:/home/carla/Github/C-V2X-Autoware-Carla/install/vehicle:/home/carla/Github/C-V2X-Autoware-Carla/install/infrastructure:/home/carla/ros2_humble/install/rqt_bag_plugins:/home/carla/ros2_humble/install/rqt_bag:/home/carla/ros2_humble/install/ros2bag:/home/carla/ros2_humble/install/tracetools_test:/home/carla/ros2_humble/install/tracetools_launch:/home/carla/ros2_humble/install/topic_monitor:/home/carla/ros2_humble/install/tf2_tools:/home/carla/ros2_humble/install/examples_tf2_py:/home/carla/ros2_humble/install/tf2_ros_py:/home/carla/ros2_humble/install/sros2:/home/carla/ros2_humble/install/rqt_topic:/home/carla/ros2_humble/install/rqt_srv:/home/carla/ros2_humble/install/rqt_shell:/home/carla/ros2_humble/install/rqt_service_caller:/home/carla/ros2_humble/install/rqt_reconfigure:/home/carla/ros2_humble/install/rqt_py_console:/home/carla/ros2_humble/install/rqt_publisher:/home/carla/ros2_humble/install/rqt_plot:/home/carla/ros2_humble/install/rqt_action:/home/carla/ros2_humble/install/rqt_msg:/home/carla/ros2_humble/install/rqt_console:/home/carla/ros2_humble/install/rqt:/home/carla/ros2_humble/install/rqt_graph:/home/carla/ros2_humble/install/rqt_gui_py:/home/carla/ros2_humble/install/rqt_gui:/home/carla/ros2_humble/install/ros2trace:/home/carla/ros2_humble/install/ros2topic:/home/carla/ros2_humble/install/ros2test:/home/carla/ros2_humble/install/ros2component:/home/carla/ros2_humble/install/ros2param:/home/carla/ros2_humble/install/ros2lifecycle:/home/carla/ros2_humble/install/ros2service:/home/carla/ros2_humble/install/ros2run:/home/carla/ros2_humble/install/ros2launch:/home/carla/ros2_humble/install/ros2pkg:/home/carla/ros2_humble/install/ros2node:/home/carla/ros2_humble/install/ros2multicast:/home/carla/ros2_humble/install/ros2interface:/home/carla/ros2_humble/install/ros2doctor:/home/carla/ros2_humble/install/ros2action:/home/carla/ros2_humble/install/ros2cli:/home/carla/ros2_humble/install/quality_of_service_demo_py:/home/carla/ros2_humble/install/lifecycle_py:/home/carla/ros2_humble/install/launch_testing_ros:/home/carla/ros2_humble/install/launch_ros:/home/carla/ros2_humble/install/examples_rclpy_pointcloud_publisher:/home/carla/ros2_humble/install/examples_rclpy_minimal_subscriber:/home/carla/ros2_humble/install/examples_rclpy_minimal_service:/home/carla/ros2_humble/install/examples_rclpy_minimal_publisher:/home/carla/ros2_humble/install/examples_rclpy_minimal_client:/home/carla/ros2_humble/install/examples_rclpy_minimal_action_server:/home/carla/ros2_humble/install/examples_rclpy_minimal_action_client:/home/carla/ros2_humble/install/examples_rclpy_guard_conditions:/home/carla/ros2_humble/install/examples_rclpy_executors:/home/carla/ros2_humble/install/demo_nodes_py:/home/carla/ros2_humble/install/action_tutorials_py:/home/carla/ros2_humble/install/ament_uncrustify:/home/carla/ros2_humble/install/tracetools_trace:/home/carla/ros2_humble/install/tracetools_read:/home/carla/ros2_humble/install/test_tracetools_launch:/home/carla/ros2_humble/install/test_launch_ros:/home/carla/ros2_humble/install/sensor_msgs_py:/home/carla/ros2_humble/install/rpyutils:/home/carla/ros2_humble/install/rosidl_runtime_py:/home/carla/ros2_humble/install/rosidl_cli:/home/carla/ros2_humble/install/launch_pytest:/home/carla/ros2_humble/install/launch_testing:/home/carla/ros2_humble/install/launch_yaml:/home/carla/ros2_humble/install/launch_xml:/home/carla/ros2_humble/install/launch:/home/carla/ros2_humble/install/osrf_pycommon:/home/carla/ros2_humble/install/launch_testing_examples:/home/carla/ros2_humble/install/domain_coordinator:/home/carla/ros2_humble/install/ament_xmllint:/home/carla/ros2_humble/install/ament_pyflakes:/home/carla/ros2_humble/install/ament_pycodestyle:/home/carla/ros2_humble/install/ament_pep257:/home/carla/ros2_humble/install/ament_pclint:/home/carla/ros2_humble/install/ament_package:/home/carla/ros2_humble/install/ament_mypy:/home/carla/ros2_humble/install/ament_lint_cmake:/home/carla/ros2_humble/install/ament_flake8:/home/carla/ros2_humble/install/ament_copyright:/home/carla/ros2_humble/install/ament_lint:/home/carla/ros2_humble/install/ament_index_python:/home/carla/ros2_humble/install/ament_cpplint:/home/carla/ros2_humble/install/ament_cppcheck:/home/carla/ros2_humble/install/ament_clang_tidy:/home/carla/ros2_humble/install/ament_clang_format /usr/bin/cmake --build /home/carla/Github/C-V2X-Autoware-Carla/build/autoware_auto_mapping_msgs -- -j20 -l20
[13.188s] [35m[1mScanning dependencies of target autoware_auto_mapping_msgs__cpp[0m
[13.192s] [  1%] [34m[1mGenerating C code for ROS interfaces[0m
[13.193s] [35m[1mScanning dependencies of target ament_cmake_python_copy_autoware_auto_mapping_msgs[0m
[13.202s] [  3%] [34m[1mGenerating C++ code for ROS interfaces[0m
[13.230s] [  3%] Built target ament_cmake_python_copy_autoware_auto_mapping_msgs
[13.250s] [35m[1mScanning dependencies of target ament_cmake_python_build_autoware_auto_mapping_msgs_egg[0m
[13.897s] [  3%] Built target autoware_auto_mapping_msgs__cpp
[13.920s] [  5%] [34m[1mGenerating C++ type support dispatch for ROS interfaces[0m
[13.920s] [  7%] [34m[1mGenerating C++ type support for eProsima Fast-RTPS[0m
[13.949s] [  9%] [34m[1mGenerating C++ introspection for ROS interfaces[0m
[14.209s] running egg_info
[14.210s] creating autoware_auto_mapping_msgs.egg-info
[14.210s] writing autoware_auto_mapping_msgs.egg-info/PKG-INFO
[14.210s] writing dependency_links to autoware_auto_mapping_msgs.egg-info/dependency_links.txt
[14.210s] writing top-level names to autoware_auto_mapping_msgs.egg-info/top_level.txt
[14.211s] writing manifest file 'autoware_auto_mapping_msgs.egg-info/SOURCES.txt'
[14.257s] reading manifest file 'autoware_auto_mapping_msgs.egg-info/SOURCES.txt'
[14.258s] writing manifest file 'autoware_auto_mapping_msgs.egg-info/SOURCES.txt'
[14.313s] [  9%] Built target ament_cmake_python_build_autoware_auto_mapping_msgs_egg
[14.461s] [35m[1mScanning dependencies of target autoware_auto_mapping_msgs__rosidl_generator_c[0m
[14.507s] [ 10%] [32mBuilding C object CMakeFiles/autoware_auto_mapping_msgs__rosidl_generator_c.dir/rosidl_generator_c/autoware_auto_mapping_msgs/msg/detail/map_primitive__functions.c.o[0m
[14.510s] [ 12%] [32mBuilding C object CMakeFiles/autoware_auto_mapping_msgs__rosidl_generator_c.dir/rosidl_generator_c/autoware_auto_mapping_msgs/msg/detail/had_map_bin__functions.c.o[0m
[14.513s] [ 14%] [32mBuilding C object CMakeFiles/autoware_auto_mapping_msgs__rosidl_generator_c.dir/rosidl_generator_c/autoware_auto_mapping_msgs/msg/detail/had_map_segment__functions.c.o[0m
[14.529s] [ 16%] [32mBuilding C object CMakeFiles/autoware_auto_mapping_msgs__rosidl_generator_c.dir/rosidl_generator_c/autoware_auto_mapping_msgs/srv/detail/had_map_service__functions.c.o[0m
[14.642s] [ 18%] [32m[1mLinking C shared library libautoware_auto_mapping_msgs__rosidl_generator_c.so[0m
[14.756s] [ 18%] Built target autoware_auto_mapping_msgs__rosidl_generator_c
[14.763s] [35m[1mScanning dependencies of target autoware_auto_mapping_msgs__rosidl_typesupport_cpp[0m
[14.790s] [ 20%] [34m[1mGenerating C type support for eProsima Fast-RTPS[0m
[14.818s] [ 21%] [34m[1mGenerating C introspection for ROS interfaces[0m
[14.828s] [ 23%] [32mBuilding CXX object CMakeFiles/autoware_auto_mapping_msgs__rosidl_typesupport_cpp.dir/rosidl_typesupport_cpp/autoware_auto_mapping_msgs/msg/had_map_bin__type_support.cpp.o[0m
[14.881s] [ 25%] [32mBuilding CXX object CMakeFiles/autoware_auto_mapping_msgs__rosidl_typesupport_cpp.dir/rosidl_typesupport_cpp/autoware_auto_mapping_msgs/msg/map_primitive__type_support.cpp.o[0m
[14.884s] [ 27%] [32mBuilding CXX object CMakeFiles/autoware_auto_mapping_msgs__rosidl_typesupport_cpp.dir/rosidl_typesupport_cpp/autoware_auto_mapping_msgs/msg/had_map_segment__type_support.cpp.o[0m
[14.895s] [ 29%] [34m[1mGenerating C type support dispatch for ROS interfaces[0m
[14.922s] [ 30%] [32mBuilding CXX object CMakeFiles/autoware_auto_mapping_msgs__rosidl_typesupport_cpp.dir/rosidl_typesupport_cpp/autoware_auto_mapping_msgs/srv/had_map_service__type_support.cpp.o[0m
[14.966s] [35m[1mScanning dependencies of target autoware_auto_mapping_msgs__rosidl_typesupport_introspection_cpp[0m
[15.011s] [35m[1mScanning dependencies of target autoware_auto_mapping_msgs__rosidl_typesupport_fastrtps_cpp[0m
[15.084s] [ 32%] [32mBuilding CXX object CMakeFiles/autoware_auto_mapping_msgs__rosidl_typesupport_introspection_cpp.dir/rosidl_typesupport_introspection_cpp/autoware_auto_mapping_msgs/msg/detail/had_map_bin__type_support.cpp.o[0m
[15.102s] [ 34%] [32mBuilding CXX object CMakeFiles/autoware_auto_mapping_msgs__rosidl_typesupport_introspection_cpp.dir/rosidl_typesupport_introspection_cpp/autoware_auto_mapping_msgs/msg/detail/had_map_segment__type_support.cpp.o[0m
[15.128s] [ 36%] [32mBuilding CXX object CMakeFiles/autoware_auto_mapping_msgs__rosidl_typesupport_fastrtps_cpp.dir/rosidl_typesupport_fastrtps_cpp/autoware_auto_mapping_msgs/msg/detail/dds_fastrtps/had_map_segment__type_support.cpp.o[0m
[15.129s] [ 38%] [32mBuilding CXX object CMakeFiles/autoware_auto_mapping_msgs__rosidl_typesupport_introspection_cpp.dir/rosidl_typesupport_introspection_cpp/autoware_auto_mapping_msgs/msg/detail/map_primitive__type_support.cpp.o[0m
[15.133s] [ 40%] [32mBuilding CXX object CMakeFiles/autoware_auto_mapping_msgs__rosidl_typesupport_introspection_cpp.dir/rosidl_typesupport_introspection_cpp/autoware_auto_mapping_msgs/srv/detail/had_map_service__type_support.cpp.o[0m
[15.142s] [ 41%] [32mBuilding CXX object CMakeFiles/autoware_auto_mapping_msgs__rosidl_typesupport_fastrtps_cpp.dir/rosidl_typesupport_fastrtps_cpp/autoware_auto_mapping_msgs/msg/detail/dds_fastrtps/had_map_bin__type_support.cpp.o[0m
[15.168s] [ 43%] [32mBuilding CXX object CMakeFiles/autoware_auto_mapping_msgs__rosidl_typesupport_fastrtps_cpp.dir/rosidl_typesupport_fastrtps_cpp/autoware_auto_mapping_msgs/msg/detail/dds_fastrtps/map_primitive__type_support.cpp.o[0m
[15.175s] [ 45%] [32mBuilding CXX object CMakeFiles/autoware_auto_mapping_msgs__rosidl_typesupport_fastrtps_cpp.dir/rosidl_typesupport_fastrtps_cpp/autoware_auto_mapping_msgs/srv/detail/dds_fastrtps/had_map_service__type_support.cpp.o[0m
[15.622s] [ 47%] [32m[1mLinking CXX shared library libautoware_auto_mapping_msgs__rosidl_typesupport_cpp.so[0m
[15.829s] [ 47%] Built target autoware_auto_mapping_msgs__rosidl_typesupport_cpp
[16.398s] [ 49%] [32m[1mLinking CXX shared library libautoware_auto_mapping_msgs__rosidl_typesupport_introspection_cpp.so[0m
[16.626s] [35m[1mScanning dependencies of target autoware_auto_mapping_msgs__rosidl_typesupport_fastrtps_c[0m
[16.717s] [ 50%] [32mBuilding CXX object CMakeFiles/autoware_auto_mapping_msgs__rosidl_typesupport_fastrtps_c.dir/rosidl_typesupport_fastrtps_c/autoware_auto_mapping_msgs/msg/detail/had_map_segment__type_support_c.cpp.o[0m
[16.751s] [ 52%] [32mBuilding CXX object CMakeFiles/autoware_auto_mapping_msgs__rosidl_typesupport_fastrtps_c.dir/rosidl_typesupport_fastrtps_c/autoware_auto_mapping_msgs/msg/detail/had_map_bin__type_support_c.cpp.o[0m
[16.765s] [ 54%] [32mBuilding CXX object CMakeFiles/autoware_auto_mapping_msgs__rosidl_typesupport_fastrtps_c.dir/rosidl_typesupport_fastrtps_c/autoware_auto_mapping_msgs/srv/detail/had_map_service__type_support_c.cpp.o[0m
[16.770s] [ 56%] [32mBuilding CXX object CMakeFiles/autoware_auto_mapping_msgs__rosidl_typesupport_fastrtps_c.dir/rosidl_typesupport_fastrtps_c/autoware_auto_mapping_msgs/msg/detail/map_primitive__type_support_c.cpp.o[0m
[16.825s] [ 58%] [32m[1mLinking CXX shared library libautoware_auto_mapping_msgs__rosidl_typesupport_fastrtps_cpp.so[0m
[16.832s] [ 58%] Built target autoware_auto_mapping_msgs__rosidl_typesupport_introspection_cpp
[16.842s] [35m[1mScanning dependencies of target autoware_auto_mapping_msgs__rosidl_typesupport_introspection_c[0m
[16.967s] [ 60%] [32mBuilding C object CMakeFiles/autoware_auto_mapping_msgs__rosidl_typesupport_introspection_c.dir/rosidl_typesupport_introspection_c/autoware_auto_mapping_msgs/msg/detail/had_map_bin__type_support.c.o[0m
[16.985s] [35m[1mScanning dependencies of target autoware_auto_mapping_msgs__rosidl_typesupport_c[0m
[16.993s] [ 61%] [32mBuilding C object CMakeFiles/autoware_auto_mapping_msgs__rosidl_typesupport_introspection_c.dir/rosidl_typesupport_introspection_c/autoware_auto_mapping_msgs/msg/detail/map_primitive__type_support.c.o[0m
[17.013s] [ 63%] [32mBuilding C object CMakeFiles/autoware_auto_mapping_msgs__rosidl_typesupport_introspection_c.dir/rosidl_typesupport_introspection_c/autoware_auto_mapping_msgs/msg/detail/had_map_segment__type_support.c.o[0m
[17.030s] [ 65%] [32mBuilding C object CMakeFiles/autoware_auto_mapping_msgs__rosidl_typesupport_introspection_c.dir/rosidl_typesupport_introspection_c/autoware_auto_mapping_msgs/srv/detail/had_map_service__type_support.c.o[0m
[17.083s] [ 67%] [32mBuilding CXX object CMakeFiles/autoware_auto_mapping_msgs__rosidl_typesupport_c.dir/rosidl_typesupport_c/autoware_auto_mapping_msgs/msg/had_map_bin__type_support.cpp.o[0m
[17.124s] [ 69%] [32mBuilding CXX object CMakeFiles/autoware_auto_mapping_msgs__rosidl_typesupport_c.dir/rosidl_typesupport_c/autoware_auto_mapping_msgs/msg/map_primitive__type_support.cpp.o[0m
[17.134s] [ 70%] [32mBuilding CXX object CMakeFiles/autoware_auto_mapping_msgs__rosidl_typesupport_c.dir/rosidl_typesupport_c/autoware_auto_mapping_msgs/msg/had_map_segment__type_support.cpp.o[0m
[17.165s] [ 72%] [32mBuilding CXX object CMakeFiles/autoware_auto_mapping_msgs__rosidl_typesupport_c.dir/rosidl_typesupport_c/autoware_auto_mapping_msgs/srv/had_map_service__type_support.cpp.o[0m
[17.242s] [ 74%] Built target autoware_auto_mapping_msgs__rosidl_typesupport_fastrtps_cpp
[17.245s] [ 74%] [32m[1mLinking C shared library libautoware_auto_mapping_msgs__rosidl_typesupport_introspection_c.so[0m
[17.290s] [ 76%] [32m[1mLinking CXX shared library libautoware_auto_mapping_msgs__rosidl_typesupport_c.so[0m
[17.413s] [ 76%] Built target autoware_auto_mapping_msgs__rosidl_typesupport_introspection_c
[17.524s] [ 76%] Built target autoware_auto_mapping_msgs__rosidl_typesupport_c
[17.650s] [ 78%] [32m[1mLinking CXX shared library libautoware_auto_mapping_msgs__rosidl_typesupport_fastrtps_c.so[0m
[17.892s] [ 78%] Built target autoware_auto_mapping_msgs__rosidl_typesupport_fastrtps_c
[17.937s] [35m[1mScanning dependencies of target autoware_auto_mapping_msgs[0m
[17.958s] [ 78%] Built target autoware_auto_mapping_msgs
[17.978s] [35m[1mScanning dependencies of target autoware_auto_mapping_msgs__py[0m
[18.004s] [ 80%] [34m[1mGenerating Python code for ROS interfaces[0m
[18.748s] [ 80%] Built target autoware_auto_mapping_msgs__py
[18.762s] [35m[1mScanning dependencies of target autoware_auto_mapping_msgs__rosidl_generator_py[0m
[18.790s] [ 87%] [32mBuilding C object CMakeFiles/autoware_auto_mapping_msgs__rosidl_generator_py.dir/rosidl_generator_py/autoware_auto_mapping_msgs/msg/_had_map_segment_s.c.o[0m
[18.790s] [ 87%] [32mBuilding C object CMakeFiles/autoware_auto_mapping_msgs__rosidl_generator_py.dir/rosidl_generator_py/autoware_auto_mapping_msgs/srv/_had_map_service_s.c.o[0m
[18.791s] [ 87%] [32mBuilding C object CMakeFiles/autoware_auto_mapping_msgs__rosidl_generator_py.dir/rosidl_generator_py/autoware_auto_mapping_msgs/msg/_had_map_bin_s.c.o[0m
[18.791s] [ 87%] [32mBuilding C object CMakeFiles/autoware_auto_mapping_msgs__rosidl_generator_py.dir/rosidl_generator_py/autoware_auto_mapping_msgs/msg/_map_primitive_s.c.o[0m
[18.901s] [ 89%] [32m[1mLinking C shared library rosidl_generator_py/autoware_auto_mapping_msgs/libautoware_auto_mapping_msgs__rosidl_generator_py.so[0m
[18.946s] [ 89%] Built target autoware_auto_mapping_msgs__rosidl_generator_py
[18.959s] [35m[1mScanning dependencies of target autoware_auto_mapping_msgs__rosidl_typesupport_introspection_c__pyext[0m
[18.959s] [35m[1mScanning dependencies of target autoware_auto_mapping_msgs__rosidl_typesupport_fastrtps_c__pyext[0m
[18.966s] [35m[1mScanning dependencies of target autoware_auto_mapping_msgs__rosidl_typesupport_c__pyext[0m
[18.986s] [ 92%] [32mBuilding C object CMakeFiles/autoware_auto_mapping_msgs__rosidl_typesupport_fastrtps_c__pyext.dir/rosidl_generator_py/autoware_auto_mapping_msgs/_autoware_auto_mapping_msgs_s.ep.rosidl_typesupport_fastrtps_c.c.o[0m
[18.986s] [ 92%] [32mBuilding C object CMakeFiles/autoware_auto_mapping_msgs__rosidl_typesupport_introspection_c__pyext.dir/rosidl_generator_py/autoware_auto_mapping_msgs/_autoware_auto_mapping_msgs_s.ep.rosidl_typesupport_introspection_c.c.o[0m
[18.995s] [ 94%] [32mBuilding C object CMakeFiles/autoware_auto_mapping_msgs__rosidl_typesupport_c__pyext.dir/rosidl_generator_py/autoware_auto_mapping_msgs/_autoware_auto_mapping_msgs_s.ep.rosidl_typesupport_c.c.o[0m
[19.065s] [ 96%] [32m[1mLinking C shared library rosidl_generator_py/autoware_auto_mapping_msgs/autoware_auto_mapping_msgs_s__rosidl_typesupport_fastrtps_c.cpython-38-x86_64-linux-gnu.so[0m
[19.079s] [ 98%] [32m[1mLinking C shared library rosidl_generator_py/autoware_auto_mapping_msgs/autoware_auto_mapping_msgs_s__rosidl_typesupport_c.cpython-38-x86_64-linux-gnu.so[0m
[19.109s] [100%] [32m[1mLinking C shared library rosidl_generator_py/autoware_auto_mapping_msgs/autoware_auto_mapping_msgs_s__rosidl_typesupport_introspection_c.cpython-38-x86_64-linux-gnu.so[0m
[19.112s] [100%] Built target autoware_auto_mapping_msgs__rosidl_typesupport_fastrtps_c__pyext
[19.134s] [100%] Built target autoware_auto_mapping_msgs__rosidl_typesupport_c__pyext
[19.166s] [100%] Built target autoware_auto_mapping_msgs__rosidl_typesupport_introspection_c__pyext
[19.181s] Invoked command in '/home/carla/Github/C-V2X-Autoware-Carla/build/autoware_auto_mapping_msgs' returned '0': CMAKE_PREFIX_PATH=${CMAKE_PREFIX_PATH}:/home/carla/Github/C-V2X-Autoware-Carla/install/vehicle:/home/carla/Github/C-V2X-Autoware-Carla/install/infrastructure:/home/carla/ros2_humble/install/rqt_bag_plugins:/home/carla/ros2_humble/install/rqt_bag:/home/carla/ros2_humble/install/ros2bag:/home/carla/ros2_humble/install/tracetools_test:/home/carla/ros2_humble/install/tracetools_launch:/home/carla/ros2_humble/install/topic_monitor:/home/carla/ros2_humble/install/tf2_tools:/home/carla/ros2_humble/install/examples_tf2_py:/home/carla/ros2_humble/install/tf2_ros_py:/home/carla/ros2_humble/install/sros2:/home/carla/ros2_humble/install/rqt_topic:/home/carla/ros2_humble/install/rqt_srv:/home/carla/ros2_humble/install/rqt_shell:/home/carla/ros2_humble/install/rqt_service_caller:/home/carla/ros2_humble/install/rqt_reconfigure:/home/carla/ros2_humble/install/rqt_py_console:/home/carla/ros2_humble/install/rqt_publisher:/home/carla/ros2_humble/install/rqt_plot:/home/carla/ros2_humble/install/rqt_action:/home/carla/ros2_humble/install/rqt_msg:/home/carla/ros2_humble/install/rqt_console:/home/carla/ros2_humble/install/rqt:/home/carla/ros2_humble/install/rqt_graph:/home/carla/ros2_humble/install/rqt_gui_py:/home/carla/ros2_humble/install/rqt_gui:/home/carla/ros2_humble/install/ros2trace:/home/carla/ros2_humble/install/ros2topic:/home/carla/ros2_humble/install/ros2test:/home/carla/ros2_humble/install/ros2component:/home/carla/ros2_humble/install/ros2param:/home/carla/ros2_humble/install/ros2lifecycle:/home/carla/ros2_humble/install/ros2service:/home/carla/ros2_humble/install/ros2run:/home/carla/ros2_humble/install/ros2launch:/home/carla/ros2_humble/install/ros2pkg:/home/carla/ros2_humble/install/ros2node:/home/carla/ros2_humble/install/ros2multicast:/home/carla/ros2_humble/install/ros2interface:/home/carla/ros2_humble/install/ros2doctor:/home/carla/ros2_humble/install/ros2action:/home/carla/ros2_humble/install/ros2cli:/home/carla/ros2_humble/install/quality_of_service_demo_py:/home/carla/ros2_humble/install/lifecycle_py:/home/carla/ros2_humble/install/launch_testing_ros:/home/carla/ros2_humble/install/launch_ros:/home/carla/ros2_humble/install/examples_rclpy_pointcloud_publisher:/home/carla/ros2_humble/install/examples_rclpy_minimal_subscriber:/home/carla/ros2_humble/install/examples_rclpy_minimal_service:/home/carla/ros2_humble/install/examples_rclpy_minimal_publisher:/home/carla/ros2_humble/install/examples_rclpy_minimal_client:/home/carla/ros2_humble/install/examples_rclpy_minimal_action_server:/home/carla/ros2_humble/install/examples_rclpy_minimal_action_client:/home/carla/ros2_humble/install/examples_rclpy_guard_conditions:/home/carla/ros2_humble/install/examples_rclpy_executors:/home/carla/ros2_humble/install/demo_nodes_py:/home/carla/ros2_humble/install/action_tutorials_py:/home/carla/ros2_humble/install/ament_uncrustify:/home/carla/ros2_humble/install/tracetools_trace:/home/carla/ros2_humble/install/tracetools_read:/home/carla/ros2_humble/install/test_tracetools_launch:/home/carla/ros2_humble/install/test_launch_ros:/home/carla/ros2_humble/install/sensor_msgs_py:/home/carla/ros2_humble/install/rpyutils:/home/carla/ros2_humble/install/rosidl_runtime_py:/home/carla/ros2_humble/install/rosidl_cli:/home/carla/ros2_humble/install/launch_pytest:/home/carla/ros2_humble/install/launch_testing:/home/carla/ros2_humble/install/launch_yaml:/home/carla/ros2_humble/install/launch_xml:/home/carla/ros2_humble/install/launch:/home/carla/ros2_humble/install/osrf_pycommon:/home/carla/ros2_humble/install/launch_testing_examples:/home/carla/ros2_humble/install/domain_coordinator:/home/carla/ros2_humble/install/ament_xmllint:/home/carla/ros2_humble/install/ament_pyflakes:/home/carla/ros2_humble/install/ament_pycodestyle:/home/carla/ros2_humble/install/ament_pep257:/home/carla/ros2_humble/install/ament_pclint:/home/carla/ros2_humble/install/ament_package:/home/carla/ros2_humble/install/ament_mypy:/home/carla/ros2_humble/install/ament_lint_cmake:/home/carla/ros2_humble/install/ament_flake8:/home/carla/ros2_humble/install/ament_copyright:/home/carla/ros2_humble/install/ament_lint:/home/carla/ros2_humble/install/ament_index_python:/home/carla/ros2_humble/install/ament_cpplint:/home/carla/ros2_humble/install/ament_cppcheck:/home/carla/ros2_humble/install/ament_clang_tidy:/home/carla/ros2_humble/install/ament_clang_format /usr/bin/cmake --build /home/carla/Github/C-V2X-Autoware-Carla/build/autoware_auto_mapping_msgs -- -j20 -l20
[19.400s] Invoking command in '/home/carla/Github/C-V2X-Autoware-Carla/build/autoware_auto_mapping_msgs': CMAKE_PREFIX_PATH=${CMAKE_PREFIX_PATH}:/home/carla/Github/C-V2X-Autoware-Carla/install/vehicle:/home/carla/Github/C-V2X-Autoware-Carla/install/infrastructure:/home/carla/ros2_humble/install/rqt_bag_plugins:/home/carla/ros2_humble/install/rqt_bag:/home/carla/ros2_humble/install/ros2bag:/home/carla/ros2_humble/install/tracetools_test:/home/carla/ros2_humble/install/tracetools_launch:/home/carla/ros2_humble/install/topic_monitor:/home/carla/ros2_humble/install/tf2_tools:/home/carla/ros2_humble/install/examples_tf2_py:/home/carla/ros2_humble/install/tf2_ros_py:/home/carla/ros2_humble/install/sros2:/home/carla/ros2_humble/install/rqt_topic:/home/carla/ros2_humble/install/rqt_srv:/home/carla/ros2_humble/install/rqt_shell:/home/carla/ros2_humble/install/rqt_service_caller:/home/carla/ros2_humble/install/rqt_reconfigure:/home/carla/ros2_humble/install/rqt_py_console:/home/carla/ros2_humble/install/rqt_publisher:/home/carla/ros2_humble/install/rqt_plot:/home/carla/ros2_humble/install/rqt_action:/home/carla/ros2_humble/install/rqt_msg:/home/carla/ros2_humble/install/rqt_console:/home/carla/ros2_humble/install/rqt:/home/carla/ros2_humble/install/rqt_graph:/home/carla/ros2_humble/install/rqt_gui_py:/home/carla/ros2_humble/install/rqt_gui:/home/carla/ros2_humble/install/ros2trace:/home/carla/ros2_humble/install/ros2topic:/home/carla/ros2_humble/install/ros2test:/home/carla/ros2_humble/install/ros2component:/home/carla/ros2_humble/install/ros2param:/home/carla/ros2_humble/install/ros2lifecycle:/home/carla/ros2_humble/install/ros2service:/home/carla/ros2_humble/install/ros2run:/home/carla/ros2_humble/install/ros2launch:/home/carla/ros2_humble/install/ros2pkg:/home/carla/ros2_humble/install/ros2node:/home/carla/ros2_humble/install/ros2multicast:/home/carla/ros2_humble/install/ros2interface:/home/carla/ros2_humble/install/ros2doctor:/home/carla/ros2_humble/install/ros2action:/home/carla/ros2_humble/install/ros2cli:/home/carla/ros2_humble/install/quality_of_service_demo_py:/home/carla/ros2_humble/install/lifecycle_py:/home/carla/ros2_humble/install/launch_testing_ros:/home/carla/ros2_humble/install/launch_ros:/home/carla/ros2_humble/install/examples_rclpy_pointcloud_publisher:/home/carla/ros2_humble/install/examples_rclpy_minimal_subscriber:/home/carla/ros2_humble/install/examples_rclpy_minimal_service:/home/carla/ros2_humble/install/examples_rclpy_minimal_publisher:/home/carla/ros2_humble/install/examples_rclpy_minimal_client:/home/carla/ros2_humble/install/examples_rclpy_minimal_action_server:/home/carla/ros2_humble/install/examples_rclpy_minimal_action_client:/home/carla/ros2_humble/install/examples_rclpy_guard_conditions:/home/carla/ros2_humble/install/examples_rclpy_executors:/home/carla/ros2_humble/install/demo_nodes_py:/home/carla/ros2_humble/install/action_tutorials_py:/home/carla/ros2_humble/install/ament_uncrustify:/home/carla/ros2_humble/install/tracetools_trace:/home/carla/ros2_humble/install/tracetools_read:/home/carla/ros2_humble/install/test_tracetools_launch:/home/carla/ros2_humble/install/test_launch_ros:/home/carla/ros2_humble/install/sensor_msgs_py:/home/carla/ros2_humble/install/rpyutils:/home/carla/ros2_humble/install/rosidl_runtime_py:/home/carla/ros2_humble/install/rosidl_cli:/home/carla/ros2_humble/install/launch_pytest:/home/carla/ros2_humble/install/launch_testing:/home/carla/ros2_humble/install/launch_yaml:/home/carla/ros2_humble/install/launch_xml:/home/carla/ros2_humble/install/launch:/home/carla/ros2_humble/install/osrf_pycommon:/home/carla/ros2_humble/install/launch_testing_examples:/home/carla/ros2_humble/install/domain_coordinator:/home/carla/ros2_humble/install/ament_xmllint:/home/carla/ros2_humble/install/ament_pyflakes:/home/carla/ros2_humble/install/ament_pycodestyle:/home/carla/ros2_humble/install/ament_pep257:/home/carla/ros2_humble/install/ament_pclint:/home/carla/ros2_humble/install/ament_package:/home/carla/ros2_humble/install/ament_mypy:/home/carla/ros2_humble/install/ament_lint_cmake:/home/carla/ros2_humble/install/ament_flake8:/home/carla/ros2_humble/install/ament_copyright:/home/carla/ros2_humble/install/ament_lint:/home/carla/ros2_humble/install/ament_index_python:/home/carla/ros2_humble/install/ament_cpplint:/home/carla/ros2_humble/install/ament_cppcheck:/home/carla/ros2_humble/install/ament_clang_tidy:/home/carla/ros2_humble/install/ament_clang_format /usr/bin/cmake --install /home/carla/Github/C-V2X-Autoware-Carla/build/autoware_auto_mapping_msgs
[19.416s] -- Install configuration: ""
[19.416s] -- Installing: /home/carla/Github/C-V2X-Autoware-Carla/install/autoware_auto_mapping_msgs/share/ament_index/resource_index/rosidl_interfaces/autoware_auto_mapping_msgs
[19.416s] -- Installing: /home/carla/Github/C-V2X-Autoware-Carla/install/autoware_auto_mapping_msgs/include/autoware_auto_mapping_msgs/autoware_auto_mapping_msgs
[19.416s] -- Installing: /home/carla/Github/C-V2X-Autoware-Carla/install/autoware_auto_mapping_msgs/include/autoware_auto_mapping_msgs/autoware_auto_mapping_msgs/srv
[19.416s] -- Installing: /home/carla/Github/C-V2X-Autoware-Carla/install/autoware_auto_mapping_msgs/include/autoware_auto_mapping_msgs/autoware_auto_mapping_msgs/srv/detail
[19.416s] -- Installing: /home/carla/Github/C-V2X-Autoware-Carla/install/autoware_auto_mapping_msgs/include/autoware_auto_mapping_msgs/autoware_auto_mapping_msgs/srv/detail/had_map_service__functions.c
[19.417s] -- Installing: /home/carla/Github/C-V2X-Autoware-Carla/install/autoware_auto_mapping_msgs/include/autoware_auto_mapping_msgs/autoware_auto_mapping_msgs/srv/detail/had_map_service__struct.h
[19.417s] -- Installing: /home/carla/Github/C-V2X-Autoware-Carla/install/autoware_auto_mapping_msgs/include/autoware_auto_mapping_msgs/autoware_auto_mapping_msgs/srv/detail/had_map_service__functions.h
[19.422s] -- Installing: /home/carla/Github/C-V2X-Autoware-Carla/install/autoware_auto_mapping_msgs/include/autoware_auto_mapping_msgs/autoware_auto_mapping_msgs/srv/detail/had_map_service__type_support.h
[19.422s] -- Installing: /home/carla/Github/C-V2X-Autoware-Carla/install/autoware_auto_mapping_msgs/include/autoware_auto_mapping_msgs/autoware_auto_mapping_msgs/srv/had_map_service.h
[19.422s] -- Installing: /home/carla/Github/C-V2X-Autoware-Carla/install/autoware_auto_mapping_msgs/include/autoware_auto_mapping_msgs/autoware_auto_mapping_msgs/msg
[19.422s] -- Installing: /home/carla/Github/C-V2X-Autoware-Carla/install/autoware_auto_mapping_msgs/include/autoware_auto_mapping_msgs/autoware_auto_mapping_msgs/msg/detail
[19.422s] -- Installing: /home/carla/Github/C-V2X-Autoware-Carla/install/autoware_auto_mapping_msgs/include/autoware_auto_mapping_msgs/autoware_auto_mapping_msgs/msg/detail/map_primitive__struct.h
[19.422s] -- Installing: /home/carla/Github/C-V2X-Autoware-Carla/install/autoware_auto_mapping_msgs/include/autoware_auto_mapping_msgs/autoware_auto_mapping_msgs/msg/detail/had_map_segment__type_support.h
[19.422s] -- Installing: /home/carla/Github/C-V2X-Autoware-Carla/install/autoware_auto_mapping_msgs/include/autoware_auto_mapping_msgs/autoware_auto_mapping_msgs/msg/detail/had_map_bin__functions.c
[19.423s] -- Installing: /home/carla/Github/C-V2X-Autoware-Carla/install/autoware_auto_mapping_msgs/include/autoware_auto_mapping_msgs/autoware_auto_mapping_msgs/msg/detail/had_map_segment__struct.h
[19.423s] -- Installing: /home/carla/Github/C-V2X-Autoware-Carla/install/autoware_auto_mapping_msgs/include/autoware_auto_mapping_msgs/autoware_auto_mapping_msgs/msg/detail/map_primitive__functions.h
[19.423s] -- Installing: /home/carla/Github/C-V2X-Autoware-Carla/install/autoware_auto_mapping_msgs/include/autoware_auto_mapping_msgs/autoware_auto_mapping_msgs/msg/detail/had_map_bin__functions.h
[19.423s] -- Installing: /home/carla/Github/C-V2X-Autoware-Carla/install/autoware_auto_mapping_msgs/include/autoware_auto_mapping_msgs/autoware_auto_mapping_msgs/msg/detail/map_primitive__type_support.h
[19.423s] -- Installing: /home/carla/Github/C-V2X-Autoware-Carla/install/autoware_auto_mapping_msgs/include/autoware_auto_mapping_msgs/autoware_auto_mapping_msgs/msg/detail/had_map_segment__functions.h
[19.423s] -- Installing: /home/carla/Github/C-V2X-Autoware-Carla/install/autoware_auto_mapping_msgs/include/autoware_auto_mapping_msgs/autoware_auto_mapping_msgs/msg/detail/had_map_bin__struct.h
[19.423s] -- Installing: /home/carla/Github/C-V2X-Autoware-Carla/install/autoware_auto_mapping_msgs/include/autoware_auto_mapping_msgs/autoware_auto_mapping_msgs/msg/detail/had_map_bin__type_support.h
[19.423s] -- Installing: /home/carla/Github/C-V2X-Autoware-Carla/install/autoware_auto_mapping_msgs/include/autoware_auto_mapping_msgs/autoware_auto_mapping_msgs/msg/detail/map_primitive__functions.c
[19.423s] -- Installing: /home/carla/Github/C-V2X-Autoware-Carla/install/autoware_auto_mapping_msgs/include/autoware_auto_mapping_msgs/autoware_auto_mapping_msgs/msg/detail/had_map_segment__functions.c
[19.423s] -- Installing: /home/carla/Github/C-V2X-Autoware-Carla/install/autoware_auto_mapping_msgs/include/autoware_auto_mapping_msgs/autoware_auto_mapping_msgs/msg/map_primitive.h
[19.424s] -- Installing: /home/carla/Github/C-V2X-Autoware-Carla/install/autoware_auto_mapping_msgs/include/autoware_auto_mapping_msgs/autoware_auto_mapping_msgs/msg/rosidl_generator_c__visibility_control.h
[19.424s] -- Installing: /home/carla/Github/C-V2X-Autoware-Carla/install/autoware_auto_mapping_msgs/include/autoware_auto_mapping_msgs/autoware_auto_mapping_msgs/msg/had_map_bin.h
[19.428s] -- Installing: /home/carla/Github/C-V2X-Autoware-Carla/install/autoware_auto_mapping_msgs/include/autoware_auto_mapping_msgs/autoware_auto_mapping_msgs/msg/had_map_segment.h
[19.429s] -- Installing: /home/carla/Github/C-V2X-Autoware-Carla/install/autoware_auto_mapping_msgs/share/autoware_auto_mapping_msgs/environment/library_path.sh
[19.429s] -- Installing: /home/carla/Github/C-V2X-Autoware-Carla/install/autoware_auto_mapping_msgs/share/autoware_auto_mapping_msgs/environment/library_path.dsv
[19.429s] -- Installing: /home/carla/Github/C-V2X-Autoware-Carla/install/autoware_auto_mapping_msgs/lib/libautoware_auto_mapping_msgs__rosidl_generator_c.so
[19.429s] -- Set runtime path of "/home/carla/Github/C-V2X-Autoware-Carla/install/autoware_auto_mapping_msgs/lib/libautoware_auto_mapping_msgs__rosidl_generator_c.so" to ""
[19.429s] -- Up-to-date: /home/carla/Github/C-V2X-Autoware-Carla/install/autoware_auto_mapping_msgs/include/autoware_auto_mapping_msgs/autoware_auto_mapping_msgs
[19.429s] -- Up-to-date: /home/carla/Github/C-V2X-Autoware-Carla/install/autoware_auto_mapping_msgs/include/autoware_auto_mapping_msgs/autoware_auto_mapping_msgs/srv
[19.429s] -- Up-to-date: /home/carla/Github/C-V2X-Autoware-Carla/install/autoware_auto_mapping_msgs/include/autoware_auto_mapping_msgs/autoware_auto_mapping_msgs/srv/detail
[19.429s] -- Installing: /home/carla/Github/C-V2X-Autoware-Carla/install/autoware_auto_mapping_msgs/include/autoware_auto_mapping_msgs/autoware_auto_mapping_msgs/srv/detail/had_map_service__rosidl_typesupport_introspection_c.h
[19.429s] -- Installing: /home/carla/Github/C-V2X-Autoware-Carla/install/autoware_auto_mapping_msgs/include/autoware_auto_mapping_msgs/autoware_auto_mapping_msgs/srv/detail/had_map_service__type_support.c
[19.429s] -- Up-to-date: /home/carla/Github/C-V2X-Autoware-Carla/install/autoware_auto_mapping_msgs/include/autoware_auto_mapping_msgs/autoware_auto_mapping_msgs/msg
[19.429s] -- Installing: /home/carla/Github/C-V2X-Autoware-Carla/install/autoware_auto_mapping_msgs/include/autoware_auto_mapping_msgs/autoware_auto_mapping_msgs/msg/rosidl_typesupport_introspection_c__visibility_control.h
[19.429s] -- Up-to-date: /home/carla/Github/C-V2X-Autoware-Carla/install/autoware_auto_mapping_msgs/include/autoware_auto_mapping_msgs/autoware_auto_mapping_msgs/msg/detail
[19.429s] -- Installing: /home/carla/Github/C-V2X-Autoware-Carla/install/autoware_auto_mapping_msgs/include/autoware_auto_mapping_msgs/autoware_auto_mapping_msgs/msg/detail/map_primitive__rosidl_typesupport_introspection_c.h
[19.429s] -- Installing: /home/carla/Github/C-V2X-Autoware-Carla/install/autoware_auto_mapping_msgs/include/autoware_auto_mapping_msgs/autoware_auto_mapping_msgs/msg/detail/had_map_bin__type_support.c
[19.429s] -- Installing: /home/carla/Github/C-V2X-Autoware-Carla/install/autoware_auto_mapping_msgs/include/autoware_auto_mapping_msgs/autoware_auto_mapping_msgs/msg/detail/had_map_bin__rosidl_typesupport_introspection_c.h
[19.429s] -- Installing: /home/carla/Github/C-V2X-Autoware-Carla/install/autoware_auto_mapping_msgs/include/autoware_auto_mapping_msgs/autoware_auto_mapping_msgs/msg/detail/had_map_segment__rosidl_typesupport_introspection_c.h
[19.429s] -- Installing: /home/carla/Github/C-V2X-Autoware-Carla/install/autoware_auto_mapping_msgs/include/autoware_auto_mapping_msgs/autoware_auto_mapping_msgs/msg/detail/had_map_segment__type_support.c
[19.429s] -- Installing: /home/carla/Github/C-V2X-Autoware-Carla/install/autoware_auto_mapping_msgs/include/autoware_auto_mapping_msgs/autoware_auto_mapping_msgs/msg/detail/map_primitive__type_support.c
[19.429s] -- Installing: /home/carla/Github/C-V2X-Autoware-Carla/install/autoware_auto_mapping_msgs/lib/libautoware_auto_mapping_msgs__rosidl_typesupport_introspection_c.so
[19.429s] -- Set runtime path of "/home/carla/Github/C-V2X-Autoware-Carla/install/autoware_auto_mapping_msgs/lib/libautoware_auto_mapping_msgs__rosidl_typesupport_introspection_c.so" to ""
[19.429s] -- Up-to-date: /home/carla/Github/C-V2X-Autoware-Carla/install/autoware_auto_mapping_msgs/include/autoware_auto_mapping_msgs/autoware_auto_mapping_msgs
[19.429s] -- Up-to-date: /home/carla/Github/C-V2X-Autoware-Carla/install/autoware_auto_mapping_msgs/include/autoware_auto_mapping_msgs/autoware_auto_mapping_msgs/srv
[19.430s] -- Up-to-date: /home/carla/Github/C-V2X-Autoware-Carla/install/autoware_auto_mapping_msgs/include/autoware_auto_mapping_msgs/autoware_auto_mapping_msgs/srv/detail
[19.430s] -- Installing: /home/carla/Github/C-V2X-Autoware-Carla/install/autoware_auto_mapping_msgs/include/autoware_auto_mapping_msgs/autoware_auto_mapping_msgs/srv/detail/had_map_service__rosidl_typesupport_fastrtps_c.h
[19.430s] -- Up-to-date: /home/carla/Github/C-V2X-Autoware-Carla/install/autoware_auto_mapping_msgs/include/autoware_auto_mapping_msgs/autoware_auto_mapping_msgs/msg
[19.430s] -- Up-to-date: /home/carla/Github/C-V2X-Autoware-Carla/install/autoware_auto_mapping_msgs/include/autoware_auto_mapping_msgs/autoware_auto_mapping_msgs/msg/detail
[19.430s] -- Installing: /home/carla/Github/C-V2X-Autoware-Carla/install/autoware_auto_mapping_msgs/include/autoware_auto_mapping_msgs/autoware_auto_mapping_msgs/msg/detail/had_map_bin__rosidl_typesupport_fastrtps_c.h
[19.430s] -- Installing: /home/carla/Github/C-V2X-Autoware-Carla/install/autoware_auto_mapping_msgs/include/autoware_auto_mapping_msgs/autoware_auto_mapping_msgs/msg/detail/map_primitive__rosidl_typesupport_fastrtps_c.h
[19.430s] -- Installing: /home/carla/Github/C-V2X-Autoware-Carla/install/autoware_auto_mapping_msgs/include/autoware_auto_mapping_msgs/autoware_auto_mapping_msgs/msg/detail/had_map_segment__rosidl_typesupport_fastrtps_c.h
[19.430s] -- Installing: /home/carla/Github/C-V2X-Autoware-Carla/install/autoware_auto_mapping_msgs/include/autoware_auto_mapping_msgs/autoware_auto_mapping_msgs/msg/rosidl_typesupport_fastrtps_c__visibility_control.h
[19.430s] -- Installing: /home/carla/Github/C-V2X-Autoware-Carla/install/autoware_auto_mapping_msgs/lib/libautoware_auto_mapping_msgs__rosidl_typesupport_fastrtps_c.so
[19.430s] -- Set runtime path of "/home/carla/Github/C-V2X-Autoware-Carla/install/autoware_auto_mapping_msgs/lib/libautoware_auto_mapping_msgs__rosidl_typesupport_fastrtps_c.so" to ""
[19.430s] -- Installing: /home/carla/Github/C-V2X-Autoware-Carla/install/autoware_auto_mapping_msgs/lib/libautoware_auto_mapping_msgs__rosidl_typesupport_c.so
[19.430s] -- Set runtime path of "/home/carla/Github/C-V2X-Autoware-Carla/install/autoware_auto_mapping_msgs/lib/libautoware_auto_mapping_msgs__rosidl_typesupport_c.so" to ""
[19.430s] -- Up-to-date: /home/carla/Github/C-V2X-Autoware-Carla/install/autoware_auto_mapping_msgs/include/autoware_auto_mapping_msgs/autoware_auto_mapping_msgs
[19.430s] -- Up-to-date: /home/carla/Github/C-V2X-Autoware-Carla/install/autoware_auto_mapping_msgs/include/autoware_auto_mapping_msgs/autoware_auto_mapping_msgs/srv
[19.430s] -- Up-to-date: /home/carla/Github/C-V2X-Autoware-Carla/install/autoware_auto_mapping_msgs/include/autoware_auto_mapping_msgs/autoware_auto_mapping_msgs/srv/detail
[19.430s] -- Installing: /home/carla/Github/C-V2X-Autoware-Carla/install/autoware_auto_mapping_msgs/include/autoware_auto_mapping_msgs/autoware_auto_mapping_msgs/srv/detail/had_map_service__struct.hpp
[19.430s] -- Installing: /home/carla/Github/C-V2X-Autoware-Carla/install/autoware_auto_mapping_msgs/include/autoware_auto_mapping_msgs/autoware_auto_mapping_msgs/srv/detail/had_map_service__traits.hpp
[19.430s] -- Installing: /home/carla/Github/C-V2X-Autoware-Carla/install/autoware_auto_mapping_msgs/include/autoware_auto_mapping_msgs/autoware_auto_mapping_msgs/srv/detail/had_map_service__builder.hpp
[19.430s] -- Installing: /home/carla/Github/C-V2X-Autoware-Carla/install/autoware_auto_mapping_msgs/include/autoware_auto_mapping_msgs/autoware_auto_mapping_msgs/srv/had_map_service.hpp
[19.430s] -- Up-to-date: /home/carla/Github/C-V2X-Autoware-Carla/install/autoware_auto_mapping_msgs/include/autoware_auto_mapping_msgs/autoware_auto_mapping_msgs/msg
[19.430s] -- Up-to-date: /home/carla/Github/C-V2X-Autoware-Carla/install/autoware_auto_mapping_msgs/include/autoware_auto_mapping_msgs/autoware_auto_mapping_msgs/msg/detail
[19.430s] -- Installing: /home/carla/Github/C-V2X-Autoware-Carla/install/autoware_auto_mapping_msgs/include/autoware_auto_mapping_msgs/autoware_auto_mapping_msgs/msg/detail/had_map_segment__builder.hpp
[19.430s] -- Installing: /home/carla/Github/C-V2X-Autoware-Carla/install/autoware_auto_mapping_msgs/include/autoware_auto_mapping_msgs/autoware_auto_mapping_msgs/msg/detail/had_map_segment__traits.hpp
[19.430s] -- Installing: /home/carla/Github/C-V2X-Autoware-Carla/install/autoware_auto_mapping_msgs/include/autoware_auto_mapping_msgs/autoware_auto_mapping_msgs/msg/detail/map_primitive__builder.hpp
[19.430s] -- Installing: /home/carla/Github/C-V2X-Autoware-Carla/install/autoware_auto_mapping_msgs/include/autoware_auto_mapping_msgs/autoware_auto_mapping_msgs/msg/detail/had_map_segment__struct.hpp
[19.430s] -- Installing: /home/carla/Github/C-V2X-Autoware-Carla/install/autoware_auto_mapping_msgs/include/autoware_auto_mapping_msgs/autoware_auto_mapping_msgs/msg/detail/had_map_bin__builder.hpp
[19.430s] -- Installing: /home/carla/Github/C-V2X-Autoware-Carla/install/autoware_auto_mapping_msgs/include/autoware_auto_mapping_msgs/autoware_auto_mapping_msgs/msg/detail/map_primitive__traits.hpp
[19.430s] -- Installing: /home/carla/Github/C-V2X-Autoware-Carla/install/autoware_auto_mapping_msgs/include/autoware_auto_mapping_msgs/autoware_auto_mapping_msgs/msg/detail/had_map_bin__traits.hpp
[19.431s] -- Installing: /home/carla/Github/C-V2X-Autoware-Carla/install/autoware_auto_mapping_msgs/include/autoware_auto_mapping_msgs/autoware_auto_mapping_msgs/msg/detail/map_primitive__struct.hpp
[19.431s] -- Installing: /home/carla/Github/C-V2X-Autoware-Carla/install/autoware_auto_mapping_msgs/include/autoware_auto_mapping_msgs/autoware_auto_mapping_msgs/msg/detail/had_map_bin__struct.hpp
[19.431s] -- Installing: /home/carla/Github/C-V2X-Autoware-Carla/install/autoware_auto_mapping_msgs/include/autoware_auto_mapping_msgs/autoware_auto_mapping_msgs/msg/had_map_segment.hpp
[19.431s] -- Installing: /home/carla/Github/C-V2X-Autoware-Carla/install/autoware_auto_mapping_msgs/include/autoware_auto_mapping_msgs/autoware_auto_mapping_msgs/msg/had_map_bin.hpp
[19.431s] -- Installing: /home/carla/Github/C-V2X-Autoware-Carla/install/autoware_auto_mapping_msgs/include/autoware_auto_mapping_msgs/autoware_auto_mapping_msgs/msg/map_primitive.hpp
[19.431s] -- Up-to-date: /home/carla/Github/C-V2X-Autoware-Carla/install/autoware_auto_mapping_msgs/include/autoware_auto_mapping_msgs/autoware_auto_mapping_msgs
[19.431s] -- Up-to-date: /home/carla/Github/C-V2X-Autoware-Carla/install/autoware_auto_mapping_msgs/include/autoware_auto_mapping_msgs/autoware_auto_mapping_msgs/srv
[19.431s] -- Up-to-date: /home/carla/Github/C-V2X-Autoware-Carla/install/autoware_auto_mapping_msgs/include/autoware_auto_mapping_msgs/autoware_auto_mapping_msgs/srv/detail
[19.431s] -- Installing: /home/carla/Github/C-V2X-Autoware-Carla/install/autoware_auto_mapping_msgs/include/autoware_auto_mapping_msgs/autoware_auto_mapping_msgs/srv/detail/had_map_service__rosidl_typesupport_introspection_cpp.hpp
[19.431s] -- Installing: /home/carla/Github/C-V2X-Autoware-Carla/install/autoware_auto_mapping_msgs/include/autoware_auto_mapping_msgs/autoware_auto_mapping_msgs/srv/detail/had_map_service__type_support.cpp
[19.431s] -- Up-to-date: /home/carla/Github/C-V2X-Autoware-Carla/install/autoware_auto_mapping_msgs/include/autoware_auto_mapping_msgs/autoware_auto_mapping_msgs/msg
[19.431s] -- Up-to-date: /home/carla/Github/C-V2X-Autoware-Carla/install/autoware_auto_mapping_msgs/include/autoware_auto_mapping_msgs/autoware_auto_mapping_msgs/msg/detail
[19.431s] -- Installing: /home/carla/Github/C-V2X-Autoware-Carla/install/autoware_auto_mapping_msgs/include/autoware_auto_mapping_msgs/autoware_auto_mapping_msgs/msg/detail/had_map_segment__rosidl_typesupport_introspection_cpp.hpp
[19.431s] -- Installing: /home/carla/Github/C-V2X-Autoware-Carla/install/autoware_auto_mapping_msgs/include/autoware_auto_mapping_msgs/autoware_auto_mapping_msgs/msg/detail/had_map_segment__type_support.cpp
[19.431s] -- Installing: /home/carla/Github/C-V2X-Autoware-Carla/install/autoware_auto_mapping_msgs/include/autoware_auto_mapping_msgs/autoware_auto_mapping_msgs/msg/detail/had_map_bin__rosidl_typesupport_introspection_cpp.hpp
[19.431s] -- Installing: /home/carla/Github/C-V2X-Autoware-Carla/install/autoware_auto_mapping_msgs/include/autoware_auto_mapping_msgs/autoware_auto_mapping_msgs/msg/detail/map_primitive__rosidl_typesupport_introspection_cpp.hpp
[19.431s] -- Installing: /home/carla/Github/C-V2X-Autoware-Carla/install/autoware_auto_mapping_msgs/include/autoware_auto_mapping_msgs/autoware_auto_mapping_msgs/msg/detail/map_primitive__type_support.cpp
[19.431s] -- Installing: /home/carla/Github/C-V2X-Autoware-Carla/install/autoware_auto_mapping_msgs/include/autoware_auto_mapping_msgs/autoware_auto_mapping_msgs/msg/detail/had_map_bin__type_support.cpp
[19.431s] -- Installing: /home/carla/Github/C-V2X-Autoware-Carla/install/autoware_auto_mapping_msgs/lib/libautoware_auto_mapping_msgs__rosidl_typesupport_introspection_cpp.so
[19.431s] -- Set runtime path of "/home/carla/Github/C-V2X-Autoware-Carla/install/autoware_auto_mapping_msgs/lib/libautoware_auto_mapping_msgs__rosidl_typesupport_introspection_cpp.so" to ""
[19.431s] -- Up-to-date: /home/carla/Github/C-V2X-Autoware-Carla/install/autoware_auto_mapping_msgs/include/autoware_auto_mapping_msgs/autoware_auto_mapping_msgs
[19.431s] -- Up-to-date: /home/carla/Github/C-V2X-Autoware-Carla/install/autoware_auto_mapping_msgs/include/autoware_auto_mapping_msgs/autoware_auto_mapping_msgs/srv
[19.431s] -- Up-to-date: /home/carla/Github/C-V2X-Autoware-Carla/install/autoware_auto_mapping_msgs/include/autoware_auto_mapping_msgs/autoware_auto_mapping_msgs/srv/detail
[19.431s] -- Installing: /home/carla/Github/C-V2X-Autoware-Carla/install/autoware_auto_mapping_msgs/include/autoware_auto_mapping_msgs/autoware_auto_mapping_msgs/srv/detail/dds_fastrtps
[19.431s] -- Installing: /home/carla/Github/C-V2X-Autoware-Carla/install/autoware_auto_mapping_msgs/include/autoware_auto_mapping_msgs/autoware_auto_mapping_msgs/srv/detail/had_map_service__rosidl_typesupport_fastrtps_cpp.hpp
[19.431s] -- Up-to-date: /home/carla/Github/C-V2X-Autoware-Carla/install/autoware_auto_mapping_msgs/include/autoware_auto_mapping_msgs/autoware_auto_mapping_msgs/msg
[19.431s] -- Installing: /home/carla/Github/C-V2X-Autoware-Carla/install/autoware_auto_mapping_msgs/include/autoware_auto_mapping_msgs/autoware_auto_mapping_msgs/msg/rosidl_typesupport_fastrtps_cpp__visibility_control.h
[19.432s] -- Up-to-date: /home/carla/Github/C-V2X-Autoware-Carla/install/autoware_auto_mapping_msgs/include/autoware_auto_mapping_msgs/autoware_auto_mapping_msgs/msg/detail
[19.432s] -- Installing: /home/carla/Github/C-V2X-Autoware-Carla/install/autoware_auto_mapping_msgs/include/autoware_auto_mapping_msgs/autoware_auto_mapping_msgs/msg/detail/had_map_bin__rosidl_typesupport_fastrtps_cpp.hpp
[19.432s] -- Installing: /home/carla/Github/C-V2X-Autoware-Carla/install/autoware_auto_mapping_msgs/include/autoware_auto_mapping_msgs/autoware_auto_mapping_msgs/msg/detail/dds_fastrtps
[19.432s] -- Installing: /home/carla/Github/C-V2X-Autoware-Carla/install/autoware_auto_mapping_msgs/include/autoware_auto_mapping_msgs/autoware_auto_mapping_msgs/msg/detail/had_map_segment__rosidl_typesupport_fastrtps_cpp.hpp
[19.432s] -- Installing: /home/carla/Github/C-V2X-Autoware-Carla/install/autoware_auto_mapping_msgs/include/autoware_auto_mapping_msgs/autoware_auto_mapping_msgs/msg/detail/map_primitive__rosidl_typesupport_fastrtps_cpp.hpp
[19.432s] -- Installing: /home/carla/Github/C-V2X-Autoware-Carla/install/autoware_auto_mapping_msgs/lib/libautoware_auto_mapping_msgs__rosidl_typesupport_fastrtps_cpp.so
[19.432s] -- Set runtime path of "/home/carla/Github/C-V2X-Autoware-Carla/install/autoware_auto_mapping_msgs/lib/libautoware_auto_mapping_msgs__rosidl_typesupport_fastrtps_cpp.so" to ""
[19.432s] -- Installing: /home/carla/Github/C-V2X-Autoware-Carla/install/autoware_auto_mapping_msgs/lib/libautoware_auto_mapping_msgs__rosidl_typesupport_cpp.so
[19.432s] -- Set runtime path of "/home/carla/Github/C-V2X-Autoware-Carla/install/autoware_auto_mapping_msgs/lib/libautoware_auto_mapping_msgs__rosidl_typesupport_cpp.so" to ""
[19.432s] -- Installing: /home/carla/Github/C-V2X-Autoware-Carla/install/autoware_auto_mapping_msgs/share/autoware_auto_mapping_msgs/environment/pythonpath.sh
[19.432s] -- Installing: /home/carla/Github/C-V2X-Autoware-Carla/install/autoware_auto_mapping_msgs/share/autoware_auto_mapping_msgs/environment/pythonpath.dsv
[19.432s] -- Installing: /home/carla/Github/C-V2X-Autoware-Carla/install/autoware_auto_mapping_msgs/lib/python3.8/site-packages/autoware_auto_mapping_msgs-1.0.0-py3.8.egg-info
[19.432s] -- Installing: /home/carla/Github/C-V2X-Autoware-Carla/install/autoware_auto_mapping_msgs/lib/python3.8/site-packages/autoware_auto_mapping_msgs-1.0.0-py3.8.egg-info/SOURCES.txt
[19.432s] -- Installing: /home/carla/Github/C-V2X-Autoware-Carla/install/autoware_auto_mapping_msgs/lib/python3.8/site-packages/autoware_auto_mapping_msgs-1.0.0-py3.8.egg-info/PKG-INFO
[19.432s] -- Installing: /home/carla/Github/C-V2X-Autoware-Carla/install/autoware_auto_mapping_msgs/lib/python3.8/site-packages/autoware_auto_mapping_msgs-1.0.0-py3.8.egg-info/dependency_links.txt
[19.432s] -- Installing: /home/carla/Github/C-V2X-Autoware-Carla/install/autoware_auto_mapping_msgs/lib/python3.8/site-packages/autoware_auto_mapping_msgs-1.0.0-py3.8.egg-info/top_level.txt
[19.433s] -- Installing: /home/carla/Github/C-V2X-Autoware-Carla/install/autoware_auto_mapping_msgs/lib/python3.8/site-packages/autoware_auto_mapping_msgs
[19.433s] -- Installing: /home/carla/Github/C-V2X-Autoware-Carla/install/autoware_auto_mapping_msgs/lib/python3.8/site-packages/autoware_auto_mapping_msgs/autoware_auto_mapping_msgs_s__rosidl_typesupport_c.cpython-38-x86_64-linux-gnu.so
[19.433s] -- Installing: /home/carla/Github/C-V2X-Autoware-Carla/install/autoware_auto_mapping_msgs/lib/python3.8/site-packages/autoware_auto_mapping_msgs/libautoware_auto_mapping_msgs__rosidl_generator_py.so
[19.433s] -- Installing: /home/carla/Github/C-V2X-Autoware-Carla/install/autoware_auto_mapping_msgs/lib/python3.8/site-packages/autoware_auto_mapping_msgs/srv
[19.433s] -- Installing: /home/carla/Github/C-V2X-Autoware-Carla/install/autoware_auto_mapping_msgs/lib/python3.8/site-packages/autoware_auto_mapping_msgs/srv/__init__.py
[19.433s] -- Installing: /home/carla/Github/C-V2X-Autoware-Carla/install/autoware_auto_mapping_msgs/lib/python3.8/site-packages/autoware_auto_mapping_msgs/srv/_had_map_service.py
[19.433s] -- Installing: /home/carla/Github/C-V2X-Autoware-Carla/install/autoware_auto_mapping_msgs/lib/python3.8/site-packages/autoware_auto_mapping_msgs/srv/_had_map_service_s.c
[19.433s] -- Installing: /home/carla/Github/C-V2X-Autoware-Carla/install/autoware_auto_mapping_msgs/lib/python3.8/site-packages/autoware_auto_mapping_msgs/_autoware_auto_mapping_msgs_s.ep.rosidl_typesupport_fastrtps_c.c
[19.433s] -- Installing: /home/carla/Github/C-V2X-Autoware-Carla/install/autoware_auto_mapping_msgs/lib/python3.8/site-packages/autoware_auto_mapping_msgs/autoware_auto_mapping_msgs_s__rosidl_typesupport_fastrtps_c.cpython-38-x86_64-linux-gnu.so
[19.433s] -- Installing: /home/carla/Github/C-V2X-Autoware-Carla/install/autoware_auto_mapping_msgs/lib/python3.8/site-packages/autoware_auto_mapping_msgs/_autoware_auto_mapping_msgs_s.ep.rosidl_typesupport_introspection_c.c
[19.433s] -- Installing: /home/carla/Github/C-V2X-Autoware-Carla/install/autoware_auto_mapping_msgs/lib/python3.8/site-packages/autoware_auto_mapping_msgs/autoware_auto_mapping_msgs_s__rosidl_typesupport_introspection_c.cpython-38-x86_64-linux-gnu.so
[19.433s] -- Installing: /home/carla/Github/C-V2X-Autoware-Carla/install/autoware_auto_mapping_msgs/lib/python3.8/site-packages/autoware_auto_mapping_msgs/__init__.py
[19.433s] -- Installing: /home/carla/Github/C-V2X-Autoware-Carla/install/autoware_auto_mapping_msgs/lib/python3.8/site-packages/autoware_auto_mapping_msgs/_autoware_auto_mapping_msgs_s.ep.rosidl_typesupport_c.c
[19.433s] -- Installing: /home/carla/Github/C-V2X-Autoware-Carla/install/autoware_auto_mapping_msgs/lib/python3.8/site-packages/autoware_auto_mapping_msgs/msg
[19.433s] -- Installing: /home/carla/Github/C-V2X-Autoware-Carla/install/autoware_auto_mapping_msgs/lib/python3.8/site-packages/autoware_auto_mapping_msgs/msg/_had_map_segment.py
[19.433s] -- Installing: /home/carla/Github/C-V2X-Autoware-Carla/install/autoware_auto_mapping_msgs/lib/python3.8/site-packages/autoware_auto_mapping_msgs/msg/_had_map_bin.py
[19.433s] -- Installing: /home/carla/Github/C-V2X-Autoware-Carla/install/autoware_auto_mapping_msgs/lib/python3.8/site-packages/autoware_auto_mapping_msgs/msg/_had_map_segment_s.c
[19.433s] -- Installing: /home/carla/Github/C-V2X-Autoware-Carla/install/autoware_auto_mapping_msgs/lib/python3.8/site-packages/autoware_auto_mapping_msgs/msg/_had_map_bin_s.c
[19.433s] -- Installing: /home/carla/Github/C-V2X-Autoware-Carla/install/autoware_auto_mapping_msgs/lib/python3.8/site-packages/autoware_auto_mapping_msgs/msg/_map_primitive_s.c
[19.433s] -- Installing: /home/carla/Github/C-V2X-Autoware-Carla/install/autoware_auto_mapping_msgs/lib/python3.8/site-packages/autoware_auto_mapping_msgs/msg/__init__.py
[19.433s] -- Installing: /home/carla/Github/C-V2X-Autoware-Carla/install/autoware_auto_mapping_msgs/lib/python3.8/site-packages/autoware_auto_mapping_msgs/msg/_map_primitive.py
[19.708s] Listing '/home/carla/Github/C-V2X-Autoware-Carla/install/autoware_auto_mapping_msgs/lib/python3.8/site-packages/autoware_auto_mapping_msgs'...
[19.708s] Compiling '/home/carla/Github/C-V2X-Autoware-Carla/install/autoware_auto_mapping_msgs/lib/python3.8/site-packages/autoware_auto_mapping_msgs/__init__.py'...
[19.708s] Listing '/home/carla/Github/C-V2X-Autoware-Carla/install/autoware_auto_mapping_msgs/lib/python3.8/site-packages/autoware_auto_mapping_msgs/msg'...
[19.708s] Compiling '/home/carla/Github/C-V2X-Autoware-Carla/install/autoware_auto_mapping_msgs/lib/python3.8/site-packages/autoware_auto_mapping_msgs/msg/__init__.py'...
[19.708s] Compiling '/home/carla/Github/C-V2X-Autoware-Carla/install/autoware_auto_mapping_msgs/lib/python3.8/site-packages/autoware_auto_mapping_msgs/msg/_had_map_bin.py'...
[19.708s] Compiling '/home/carla/Github/C-V2X-Autoware-Carla/install/autoware_auto_mapping_msgs/lib/python3.8/site-packages/autoware_auto_mapping_msgs/msg/_had_map_segment.py'...
[19.708s] Compiling '/home/carla/Github/C-V2X-Autoware-Carla/install/autoware_auto_mapping_msgs/lib/python3.8/site-packages/autoware_auto_mapping_msgs/msg/_map_primitive.py'...
[19.708s] Listing '/home/carla/Github/C-V2X-Autoware-Carla/install/autoware_auto_mapping_msgs/lib/python3.8/site-packages/autoware_auto_mapping_msgs/srv'...
[19.708s] Compiling '/home/carla/Github/C-V2X-Autoware-Carla/install/autoware_auto_mapping_msgs/lib/python3.8/site-packages/autoware_auto_mapping_msgs/srv/__init__.py'...
[19.708s] Compiling '/home/carla/Github/C-V2X-Autoware-Carla/install/autoware_auto_mapping_msgs/lib/python3.8/site-packages/autoware_auto_mapping_msgs/srv/_had_map_service.py'...
[19.711s] -- Installing: /home/carla/Github/C-V2X-Autoware-Carla/install/autoware_auto_mapping_msgs/lib/python3.8/site-packages/autoware_auto_mapping_msgs/autoware_auto_mapping_msgs_s__rosidl_typesupport_introspection_c.cpython-38-x86_64-linux-gnu.so
[19.712s] -- Set runtime path of "/home/carla/Github/C-V2X-Autoware-Carla/install/autoware_auto_mapping_msgs/lib/python3.8/site-packages/autoware_auto_mapping_msgs/autoware_auto_mapping_msgs_s__rosidl_typesupport_introspection_c.cpython-38-x86_64-linux-gnu.so" to ""
[19.712s] -- Installing: /home/carla/Github/C-V2X-Autoware-Carla/install/autoware_auto_mapping_msgs/lib/python3.8/site-packages/autoware_auto_mapping_msgs/autoware_auto_mapping_msgs_s__rosidl_typesupport_fastrtps_c.cpython-38-x86_64-linux-gnu.so
[19.713s] -- Set runtime path of "/home/carla/Github/C-V2X-Autoware-Carla/install/autoware_auto_mapping_msgs/lib/python3.8/site-packages/autoware_auto_mapping_msgs/autoware_auto_mapping_msgs_s__rosidl_typesupport_fastrtps_c.cpython-38-x86_64-linux-gnu.so" to ""
[19.713s] -- Installing: /home/carla/Github/C-V2X-Autoware-Carla/install/autoware_auto_mapping_msgs/lib/python3.8/site-packages/autoware_auto_mapping_msgs/autoware_auto_mapping_msgs_s__rosidl_typesupport_c.cpython-38-x86_64-linux-gnu.so
[19.714s] -- Set runtime path of "/home/carla/Github/C-V2X-Autoware-Carla/install/autoware_auto_mapping_msgs/lib/python3.8/site-packages/autoware_auto_mapping_msgs/autoware_auto_mapping_msgs_s__rosidl_typesupport_c.cpython-38-x86_64-linux-gnu.so" to ""
[19.714s] -- Installing: /home/carla/Github/C-V2X-Autoware-Carla/install/autoware_auto_mapping_msgs/lib/libautoware_auto_mapping_msgs__rosidl_generator_py.so
[19.714s] -- Set runtime path of "/home/carla/Github/C-V2X-Autoware-Carla/install/autoware_auto_mapping_msgs/lib/libautoware_auto_mapping_msgs__rosidl_generator_py.so" to ""
[19.714s] -- Installing: /home/carla/Github/C-V2X-Autoware-Carla/install/autoware_auto_mapping_msgs/share/autoware_auto_mapping_msgs/msg/HADMapBin.idl
[19.714s] -- Installing: /home/carla/Github/C-V2X-Autoware-Carla/install/autoware_auto_mapping_msgs/share/autoware_auto_mapping_msgs/msg/HADMapSegment.idl
[19.714s] -- Installing: /home/carla/Github/C-V2X-Autoware-Carla/install/autoware_auto_mapping_msgs/share/autoware_auto_mapping_msgs/msg/MapPrimitive.idl
[19.715s] -- Installing: /home/carla/Github/C-V2X-Autoware-Carla/install/autoware_auto_mapping_msgs/share/autoware_auto_mapping_msgs/srv/HADMapService.idl
[19.715s] -- Installing: /home/carla/Github/C-V2X-Autoware-Carla/install/autoware_auto_mapping_msgs/share/ament_index/resource_index/package_run_dependencies/autoware_auto_mapping_msgs
[19.715s] -- Installing: /home/carla/Github/C-V2X-Autoware-Carla/install/autoware_auto_mapping_msgs/share/ament_index/resource_index/parent_prefix_path/autoware_auto_mapping_msgs
[19.715s] -- Installing: /home/carla/Github/C-V2X-Autoware-Carla/install/autoware_auto_mapping_msgs/share/autoware_auto_mapping_msgs/environment/ament_prefix_path.sh
[19.715s] -- Installing: /home/carla/Github/C-V2X-Autoware-Carla/install/autoware_auto_mapping_msgs/share/autoware_auto_mapping_msgs/environment/ament_prefix_path.dsv
[19.715s] -- Installing: /home/carla/Github/C-V2X-Autoware-Carla/install/autoware_auto_mapping_msgs/share/autoware_auto_mapping_msgs/environment/path.sh
[19.715s] -- Installing: /home/carla/Github/C-V2X-Autoware-Carla/install/autoware_auto_mapping_msgs/share/autoware_auto_mapping_msgs/environment/path.dsv
[19.715s] -- Installing: /home/carla/Github/C-V2X-Autoware-Carla/install/autoware_auto_mapping_msgs/share/autoware_auto_mapping_msgs/local_setup.bash
[19.715s] -- Installing: /home/carla/Github/C-V2X-Autoware-Carla/install/autoware_auto_mapping_msgs/share/autoware_auto_mapping_msgs/local_setup.sh
[19.716s] -- Installing: /home/carla/Github/C-V2X-Autoware-Carla/install/autoware_auto_mapping_msgs/share/autoware_auto_mapping_msgs/local_setup.zsh
[19.716s] -- Installing: /home/carla/Github/C-V2X-Autoware-Carla/install/autoware_auto_mapping_msgs/share/autoware_auto_mapping_msgs/local_setup.dsv
[19.716s] -- Installing: /home/carla/Github/C-V2X-Autoware-Carla/install/autoware_auto_mapping_msgs/share/autoware_auto_mapping_msgs/package.dsv
[19.716s] -- Installing: /home/carla/Github/C-V2X-Autoware-Carla/install/autoware_auto_mapping_msgs/share/ament_index/resource_index/packages/autoware_auto_mapping_msgs
[19.716s] -- Installing: /home/carla/Github/C-V2X-Autoware-Carla/install/autoware_auto_mapping_msgs/share/autoware_auto_mapping_msgs/cmake/export_autoware_auto_mapping_msgs__rosidl_generator_cExport.cmake
[19.716s] -- Installing: /home/carla/Github/C-V2X-Autoware-Carla/install/autoware_auto_mapping_msgs/share/autoware_auto_mapping_msgs/cmake/export_autoware_auto_mapping_msgs__rosidl_generator_cExport-noconfig.cmake
[19.716s] -- Installing: /home/carla/Github/C-V2X-Autoware-Carla/install/autoware_auto_mapping_msgs/share/autoware_auto_mapping_msgs/cmake/autoware_auto_mapping_msgs__rosidl_typesupport_introspection_cExport.cmake
[19.716s] -- Installing: /home/carla/Github/C-V2X-Autoware-Carla/install/autoware_auto_mapping_msgs/share/autoware_auto_mapping_msgs/cmake/autoware_auto_mapping_msgs__rosidl_typesupport_introspection_cExport-noconfig.cmake
[19.716s] -- Installing: /home/carla/Github/C-V2X-Autoware-Carla/install/autoware_auto_mapping_msgs/share/autoware_auto_mapping_msgs/cmake/export_autoware_auto_mapping_msgs__rosidl_typesupport_fastrtps_cExport.cmake
[19.716s] -- Installing: /home/carla/Github/C-V2X-Autoware-Carla/install/autoware_auto_mapping_msgs/share/autoware_auto_mapping_msgs/cmake/export_autoware_auto_mapping_msgs__rosidl_typesupport_fastrtps_cExport-noconfig.cmake
[19.716s] -- Installing: /home/carla/Github/C-V2X-Autoware-Carla/install/autoware_auto_mapping_msgs/share/autoware_auto_mapping_msgs/cmake/autoware_auto_mapping_msgs__rosidl_typesupport_cExport.cmake
[19.716s] -- Installing: /home/carla/Github/C-V2X-Autoware-Carla/install/autoware_auto_mapping_msgs/share/autoware_auto_mapping_msgs/cmake/autoware_auto_mapping_msgs__rosidl_typesupport_cExport-noconfig.cmake
[19.716s] -- Installing: /home/carla/Github/C-V2X-Autoware-Carla/install/autoware_auto_mapping_msgs/share/autoware_auto_mapping_msgs/cmake/export_autoware_auto_mapping_msgs__rosidl_generator_cppExport.cmake
[19.717s] -- Installing: /home/carla/Github/C-V2X-Autoware-Carla/install/autoware_auto_mapping_msgs/share/autoware_auto_mapping_msgs/cmake/autoware_auto_mapping_msgs__rosidl_typesupport_introspection_cppExport.cmake
[19.717s] -- Installing: /home/carla/Github/C-V2X-Autoware-Carla/install/autoware_auto_mapping_msgs/share/autoware_auto_mapping_msgs/cmake/autoware_auto_mapping_msgs__rosidl_typesupport_introspection_cppExport-noconfig.cmake
[19.717s] -- Installing: /home/carla/Github/C-V2X-Autoware-Carla/install/autoware_auto_mapping_msgs/share/autoware_auto_mapping_msgs/cmake/export_autoware_auto_mapping_msgs__rosidl_typesupport_fastrtps_cppExport.cmake
[19.717s] -- Installing: /home/carla/Github/C-V2X-Autoware-Carla/install/autoware_auto_mapping_msgs/share/autoware_auto_mapping_msgs/cmake/export_autoware_auto_mapping_msgs__rosidl_typesupport_fastrtps_cppExport-noconfig.cmake
[19.717s] -- Installing: /home/carla/Github/C-V2X-Autoware-Carla/install/autoware_auto_mapping_msgs/share/autoware_auto_mapping_msgs/cmake/autoware_auto_mapping_msgs__rosidl_typesupport_cppExport.cmake
[19.717s] -- Installing: /home/carla/Github/C-V2X-Autoware-Carla/install/autoware_auto_mapping_msgs/share/autoware_auto_mapping_msgs/cmake/autoware_auto_mapping_msgs__rosidl_typesupport_cppExport-noconfig.cmake
[19.717s] -- Installing: /home/carla/Github/C-V2X-Autoware-Carla/install/autoware_auto_mapping_msgs/share/autoware_auto_mapping_msgs/cmake/export_autoware_auto_mapping_msgs__rosidl_generator_pyExport.cmake
[19.717s] -- Installing: /home/carla/Github/C-V2X-Autoware-Carla/install/autoware_auto_mapping_msgs/share/autoware_auto_mapping_msgs/cmake/export_autoware_auto_mapping_msgs__rosidl_generator_pyExport-noconfig.cmake
[19.717s] -- Installing: /home/carla/Github/C-V2X-Autoware-Carla/install/autoware_auto_mapping_msgs/share/autoware_auto_mapping_msgs/cmake/rosidl_cmake-extras.cmake
[19.717s] -- Installing: /home/carla/Github/C-V2X-Autoware-Carla/install/autoware_auto_mapping_msgs/share/autoware_auto_mapping_msgs/cmake/ament_cmake_export_dependencies-extras.cmake
[19.717s] -- Installing: /home/carla/Github/C-V2X-Autoware-Carla/install/autoware_auto_mapping_msgs/share/autoware_auto_mapping_msgs/cmake/ament_cmake_export_include_directories-extras.cmake
[19.717s] -- Installing: /home/carla/Github/C-V2X-Autoware-Carla/install/autoware_auto_mapping_msgs/share/autoware_auto_mapping_msgs/cmake/ament_cmake_export_libraries-extras.cmake
[19.718s] -- Installing: /home/carla/Github/C-V2X-Autoware-Carla/install/autoware_auto_mapping_msgs/share/autoware_auto_mapping_msgs/cmake/ament_cmake_export_targets-extras.cmake
[19.718s] -- Installing: /home/carla/Github/C-V2X-Autoware-Carla/install/autoware_auto_mapping_msgs/share/autoware_auto_mapping_msgs/cmake/rosidl_cmake_export_typesupport_targets-extras.cmake
[19.718s] -- Installing: /home/carla/Github/C-V2X-Autoware-Carla/install/autoware_auto_mapping_msgs/share/autoware_auto_mapping_msgs/cmake/rosidl_cmake_export_typesupport_libraries-extras.cmake
[19.718s] -- Installing: /home/carla/Github/C-V2X-Autoware-Carla/install/autoware_auto_mapping_msgs/share/autoware_auto_mapping_msgs/cmake/autoware_auto_mapping_msgsConfig.cmake
[19.718s] -- Installing: /home/carla/Github/C-V2X-Autoware-Carla/install/autoware_auto_mapping_msgs/share/autoware_auto_mapping_msgs/cmake/autoware_auto_mapping_msgsConfig-version.cmake
[19.718s] -- Installing: /home/carla/Github/C-V2X-Autoware-Carla/install/autoware_auto_mapping_msgs/share/autoware_auto_mapping_msgs/package.xml
[19.723s] Invoked command in '/home/carla/Github/C-V2X-Autoware-Carla/build/autoware_auto_mapping_msgs' returned '0': CMAKE_PREFIX_PATH=${CMAKE_PREFIX_PATH}:/home/carla/Github/C-V2X-Autoware-Carla/install/vehicle:/home/carla/Github/C-V2X-Autoware-Carla/install/infrastructure:/home/carla/ros2_humble/install/rqt_bag_plugins:/home/carla/ros2_humble/install/rqt_bag:/home/carla/ros2_humble/install/ros2bag:/home/carla/ros2_humble/install/tracetools_test:/home/carla/ros2_humble/install/tracetools_launch:/home/carla/ros2_humble/install/topic_monitor:/home/carla/ros2_humble/install/tf2_tools:/home/carla/ros2_humble/install/examples_tf2_py:/home/carla/ros2_humble/install/tf2_ros_py:/home/carla/ros2_humble/install/sros2:/home/carla/ros2_humble/install/rqt_topic:/home/carla/ros2_humble/install/rqt_srv:/home/carla/ros2_humble/install/rqt_shell:/home/carla/ros2_humble/install/rqt_service_caller:/home/carla/ros2_humble/install/rqt_reconfigure:/home/carla/ros2_humble/install/rqt_py_console:/home/carla/ros2_humble/install/rqt_publisher:/home/carla/ros2_humble/install/rqt_plot:/home/carla/ros2_humble/install/rqt_action:/home/carla/ros2_humble/install/rqt_msg:/home/carla/ros2_humble/install/rqt_console:/home/carla/ros2_humble/install/rqt:/home/carla/ros2_humble/install/rqt_graph:/home/carla/ros2_humble/install/rqt_gui_py:/home/carla/ros2_humble/install/rqt_gui:/home/carla/ros2_humble/install/ros2trace:/home/carla/ros2_humble/install/ros2topic:/home/carla/ros2_humble/install/ros2test:/home/carla/ros2_humble/install/ros2component:/home/carla/ros2_humble/install/ros2param:/home/carla/ros2_humble/install/ros2lifecycle:/home/carla/ros2_humble/install/ros2service:/home/carla/ros2_humble/install/ros2run:/home/carla/ros2_humble/install/ros2launch:/home/carla/ros2_humble/install/ros2pkg:/home/carla/ros2_humble/install/ros2node:/home/carla/ros2_humble/install/ros2multicast:/home/carla/ros2_humble/install/ros2interface:/home/carla/ros2_humble/install/ros2doctor:/home/carla/ros2_humble/install/ros2action:/home/carla/ros2_humble/install/ros2cli:/home/carla/ros2_humble/install/quality_of_service_demo_py:/home/carla/ros2_humble/install/lifecycle_py:/home/carla/ros2_humble/install/launch_testing_ros:/home/carla/ros2_humble/install/launch_ros:/home/carla/ros2_humble/install/examples_rclpy_pointcloud_publisher:/home/carla/ros2_humble/install/examples_rclpy_minimal_subscriber:/home/carla/ros2_humble/install/examples_rclpy_minimal_service:/home/carla/ros2_humble/install/examples_rclpy_minimal_publisher:/home/carla/ros2_humble/install/examples_rclpy_minimal_client:/home/carla/ros2_humble/install/examples_rclpy_minimal_action_server:/home/carla/ros2_humble/install/examples_rclpy_minimal_action_client:/home/carla/ros2_humble/install/examples_rclpy_guard_conditions:/home/carla/ros2_humble/install/examples_rclpy_executors:/home/carla/ros2_humble/install/demo_nodes_py:/home/carla/ros2_humble/install/action_tutorials_py:/home/carla/ros2_humble/install/ament_uncrustify:/home/carla/ros2_humble/install/tracetools_trace:/home/carla/ros2_humble/install/tracetools_read:/home/carla/ros2_humble/install/test_tracetools_launch:/home/carla/ros2_humble/install/test_launch_ros:/home/carla/ros2_humble/install/sensor_msgs_py:/home/carla/ros2_humble/install/rpyutils:/home/carla/ros2_humble/install/rosidl_runtime_py:/home/carla/ros2_humble/install/rosidl_cli:/home/carla/ros2_humble/install/launch_pytest:/home/carla/ros2_humble/install/launch_testing:/home/carla/ros2_humble/install/launch_yaml:/home/carla/ros2_humble/install/launch_xml:/home/carla/ros2_humble/install/launch:/home/carla/ros2_humble/install/osrf_pycommon:/home/carla/ros2_humble/install/launch_testing_examples:/home/carla/ros2_humble/install/domain_coordinator:/home/carla/ros2_humble/install/ament_xmllint:/home/carla/ros2_humble/install/ament_pyflakes:/home/carla/ros2_humble/install/ament_pycodestyle:/home/carla/ros2_humble/install/ament_pep257:/home/carla/ros2_humble/install/ament_pclint:/home/carla/ros2_humble/install/ament_package:/home/carla/ros2_humble/install/ament_mypy:/home/carla/ros2_humble/install/ament_lint_cmake:/home/carla/ros2_humble/install/ament_flake8:/home/carla/ros2_humble/install/ament_copyright:/home/carla/ros2_humble/install/ament_lint:/home/carla/ros2_humble/install/ament_index_python:/home/carla/ros2_humble/install/ament_cpplint:/home/carla/ros2_humble/install/ament_cppcheck:/home/carla/ros2_humble/install/ament_clang_tidy:/home/carla/ros2_humble/install/ament_clang_format /usr/bin/cmake --install /home/carla/Github/C-V2X-Autoware-Carla/build/autoware_auto_mapping_msgs
