[2.420s] DEBUG:colcon:Command line arguments: ['/usr/bin/colcon', 'build', '--packages-select', 'vehicle']
[2.420s] DEBUG:colcon:Parsed command line arguments: Namespace(allow_overriding=[], ament_cmake_args=None, base_paths=['.'], build_base='build', catkin_cmake_args=None, catkin_skip_building_tests=False, cmake_args=None, cmake_clean_cache=False, cmake_clean_first=False, cmake_force_configure=False, cmake_target=None, cmake_target_skip_unavailable=False, continue_on_error=False, event_handlers=None, executor='parallel', ignore_user_meta=False, install_base='install', log_base=None, log_level=None, main=<bound method BuildVerb.main of <colcon_core.verb.build.BuildVerb object at 0x7f79122d0a90>>, merge_install=False, metas=['./colcon.meta'], packages_above=None, packages_above_and_dependencies=None, packages_above_depth=None, packages_end=None, packages_ignore=None, packages_ignore_regex=None, packages_select=['vehicle'], packages_select_build_failed=False, packages_select_by_dep=None, packages_select_regex=None, packages_select_test_failures=False, packages_skip=None, packages_skip_build_finished=False, packages_skip_by_dep=None, packages_skip_regex=None, packages_skip_test_passed=False, packages_skip_up_to=None, packages_start=None, packages_up_to=None, packages_up_to_regex=None, parallel_workers=20, paths=None, symlink_install=False, test_result_base=None, verb_extension=<colcon_core.verb.build.BuildVerb object at 0x7f79122d0a90>, verb_name='build', verb_parser=<colcon_defaults.argument_parser.defaults.DefaultArgumentsDecorator object at 0x7f7911e064f0>)
[2.552s] Level 1:colcon.colcon_core.package_discovery:discover_packages(colcon_meta) check parameters
[2.552s] Level 1:colcon.colcon_core.package_discovery:discover_packages(recursive) check parameters
[2.552s] Level 1:colcon.colcon_core.package_discovery:discover_packages(ignore) check parameters
[2.552s] Level 1:colcon.colcon_core.package_discovery:discover_packages(path) check parameters
[2.552s] Level 1:colcon.colcon_core.package_discovery:discover_packages(colcon_meta) discover
[2.552s] Level 1:colcon.colcon_core.package_discovery:discover_packages(recursive) discover
[2.552s] INFO:colcon.colcon_core.package_discovery:Crawling recursively for packages in '/home/carla/Github/C-V2X-Autoware-Carla'
[2.552s] Level 1:colcon.colcon_core.package_identification:_identify(.) by extensions ['ignore', 'ignore_ament_install']
[2.553s] Level 1:colcon.colcon_core.package_identification:_identify(.) by extension 'ignore'
[2.553s] Level 1:colcon.colcon_core.package_identification:_identify(.) by extension 'ignore_ament_install'
[2.553s] Level 1:colcon.colcon_core.package_identification:_identify(.) by extensions ['colcon_pkg']
[2.553s] Level 1:colcon.colcon_core.package_identification:_identify(.) by extension 'colcon_pkg'
[2.553s] Level 1:colcon.colcon_core.package_identification:_identify(.) by extensions ['colcon_meta']
[2.553s] Level 1:colcon.colcon_core.package_identification:_identify(.) by extension 'colcon_meta'
[2.553s] Level 1:colcon.colcon_core.package_identification:_identify(.) by extensions ['ros']
[2.553s] Level 1:colcon.colcon_core.package_identification:_identify(.) by extension 'ros'
[2.562s] Level 1:colcon.colcon_core.package_identification:_identify(.) by extensions ['cmake', 'python']
[2.562s] Level 1:colcon.colcon_core.package_identification:_identify(.) by extension 'cmake'
[2.562s] Level 1:colcon.colcon_core.package_identification:_identify(.) by extension 'python'
[2.562s] Level 1:colcon.colcon_core.package_identification:_identify(.) by extensions ['python_setup_py']
[2.562s] Level 1:colcon.colcon_core.package_identification:_identify(.) by extension 'python_setup_py'
[2.563s] Level 1:colcon.colcon_core.package_identification:_identify(build) by extensions ['ignore', 'ignore_ament_install']
[2.563s] Level 1:colcon.colcon_core.package_identification:_identify(build) by extension 'ignore'
[2.563s] Level 1:colcon.colcon_core.package_identification:_identify(build) ignored
[2.563s] Level 1:colcon.colcon_core.package_identification:_identify(install) by extensions ['ignore', 'ignore_ament_install']
[2.563s] Level 1:colcon.colcon_core.package_identification:_identify(install) by extension 'ignore'
[2.563s] Level 1:colcon.colcon_core.package_identification:_identify(install) ignored
[2.563s] Level 1:colcon.colcon_core.package_identification:_identify(log) by extensions ['ignore', 'ignore_ament_install']
[2.563s] Level 1:colcon.colcon_core.package_identification:_identify(log) by extension 'ignore'
[2.563s] Level 1:colcon.colcon_core.package_identification:_identify(log) ignored
[2.563s] Level 1:colcon.colcon_core.package_identification:_identify(src) by extensions ['ignore', 'ignore_ament_install']
[2.563s] Level 1:colcon.colcon_core.package_identification:_identify(src) by extension 'ignore'
[2.563s] Level 1:colcon.colcon_core.package_identification:_identify(src) by extension 'ignore_ament_install'
[2.563s] Level 1:colcon.colcon_core.package_identification:_identify(src) by extensions ['colcon_pkg']
[2.563s] Level 1:colcon.colcon_core.package_identification:_identify(src) by extension 'colcon_pkg'
[2.563s] Level 1:colcon.colcon_core.package_identification:_identify(src) by extensions ['colcon_meta']
[2.563s] Level 1:colcon.colcon_core.package_identification:_identify(src) by extension 'colcon_meta'
[2.563s] Level 1:colcon.colcon_core.package_identification:_identify(src) by extensions ['ros']
[2.563s] Level 1:colcon.colcon_core.package_identification:_identify(src) by extension 'ros'
[2.563s] Level 1:colcon.colcon_core.package_identification:_identify(src) by extensions ['cmake', 'python']
[2.563s] Level 1:colcon.colcon_core.package_identification:_identify(src) by extension 'cmake'
[2.563s] Level 1:colcon.colcon_core.package_identification:_identify(src) by extension 'python'
[2.563s] Level 1:colcon.colcon_core.package_identification:_identify(src) by extensions ['python_setup_py']
[2.563s] Level 1:colcon.colcon_core.package_identification:_identify(src) by extension 'python_setup_py'
[2.564s] Level 1:colcon.colcon_core.package_identification:_identify(src/autoware_auto_control_msgs) by extensions ['ignore', 'ignore_ament_install']
[2.564s] Level 1:colcon.colcon_core.package_identification:_identify(src/autoware_auto_control_msgs) by extension 'ignore'
[2.564s] Level 1:colcon.colcon_core.package_identification:_identify(src/autoware_auto_control_msgs) by extension 'ignore_ament_install'
[2.564s] Level 1:colcon.colcon_core.package_identification:_identify(src/autoware_auto_control_msgs) by extensions ['colcon_pkg']
[2.564s] Level 1:colcon.colcon_core.package_identification:_identify(src/autoware_auto_control_msgs) by extension 'colcon_pkg'
[2.564s] Level 1:colcon.colcon_core.package_identification:_identify(src/autoware_auto_control_msgs) by extensions ['colcon_meta']
[2.564s] Level 1:colcon.colcon_core.package_identification:_identify(src/autoware_auto_control_msgs) by extension 'colcon_meta'
[2.564s] Level 1:colcon.colcon_core.package_identification:_identify(src/autoware_auto_control_msgs) by extensions ['ros']
[2.564s] Level 1:colcon.colcon_core.package_identification:_identify(src/autoware_auto_control_msgs) by extension 'ros'
[2.566s] DEBUG:colcon.colcon_core.package_identification:Package 'src/autoware_auto_control_msgs' with type 'ros.ament_cmake' and name 'autoware_auto_control_msgs'
[2.566s] Level 1:colcon.colcon_core.package_identification:_identify(src/autoware_auto_geometry_msgs) by extensions ['ignore', 'ignore_ament_install']
[2.566s] Level 1:colcon.colcon_core.package_identification:_identify(src/autoware_auto_geometry_msgs) by extension 'ignore'
[2.566s] Level 1:colcon.colcon_core.package_identification:_identify(src/autoware_auto_geometry_msgs) by extension 'ignore_ament_install'
[2.567s] Level 1:colcon.colcon_core.package_identification:_identify(src/autoware_auto_geometry_msgs) by extensions ['colcon_pkg']
[2.567s] Level 1:colcon.colcon_core.package_identification:_identify(src/autoware_auto_geometry_msgs) by extension 'colcon_pkg'
[2.567s] Level 1:colcon.colcon_core.package_identification:_identify(src/autoware_auto_geometry_msgs) by extensions ['colcon_meta']
[2.567s] Level 1:colcon.colcon_core.package_identification:_identify(src/autoware_auto_geometry_msgs) by extension 'colcon_meta'
[2.567s] Level 1:colcon.colcon_core.package_identification:_identify(src/autoware_auto_geometry_msgs) by extensions ['ros']
[2.567s] Level 1:colcon.colcon_core.package_identification:_identify(src/autoware_auto_geometry_msgs) by extension 'ros'
[2.567s] DEBUG:colcon.colcon_core.package_identification:Package 'src/autoware_auto_geometry_msgs' with type 'ros.ament_cmake' and name 'autoware_auto_geometry_msgs'
[2.567s] Level 1:colcon.colcon_core.package_identification:_identify(src/autoware_auto_mapping_msgs) by extensions ['ignore', 'ignore_ament_install']
[2.567s] Level 1:colcon.colcon_core.package_identification:_identify(src/autoware_auto_mapping_msgs) by extension 'ignore'
[2.567s] Level 1:colcon.colcon_core.package_identification:_identify(src/autoware_auto_mapping_msgs) by extension 'ignore_ament_install'
[2.567s] Level 1:colcon.colcon_core.package_identification:_identify(src/autoware_auto_mapping_msgs) by extensions ['colcon_pkg']
[2.568s] Level 1:colcon.colcon_core.package_identification:_identify(src/autoware_auto_mapping_msgs) by extension 'colcon_pkg'
[2.568s] Level 1:colcon.colcon_core.package_identification:_identify(src/autoware_auto_mapping_msgs) by extensions ['colcon_meta']
[2.568s] Level 1:colcon.colcon_core.package_identification:_identify(src/autoware_auto_mapping_msgs) by extension 'colcon_meta'
[2.568s] Level 1:colcon.colcon_core.package_identification:_identify(src/autoware_auto_mapping_msgs) by extensions ['ros']
[2.568s] Level 1:colcon.colcon_core.package_identification:_identify(src/autoware_auto_mapping_msgs) by extension 'ros'
[2.568s] DEBUG:colcon.colcon_core.package_identification:Package 'src/autoware_auto_mapping_msgs' with type 'ros.ament_cmake' and name 'autoware_auto_mapping_msgs'
[2.568s] Level 1:colcon.colcon_core.package_identification:_identify(src/autoware_auto_msgs) by extensions ['ignore', 'ignore_ament_install']
[2.568s] Level 1:colcon.colcon_core.package_identification:_identify(src/autoware_auto_msgs) by extension 'ignore'
[2.568s] Level 1:colcon.colcon_core.package_identification:_identify(src/autoware_auto_msgs) by extension 'ignore_ament_install'
[2.568s] Level 1:colcon.colcon_core.package_identification:_identify(src/autoware_auto_msgs) by extensions ['colcon_pkg']
[2.568s] Level 1:colcon.colcon_core.package_identification:_identify(src/autoware_auto_msgs) by extension 'colcon_pkg'
[2.568s] Level 1:colcon.colcon_core.package_identification:_identify(src/autoware_auto_msgs) by extensions ['colcon_meta']
[2.568s] Level 1:colcon.colcon_core.package_identification:_identify(src/autoware_auto_msgs) by extension 'colcon_meta'
[2.568s] Level 1:colcon.colcon_core.package_identification:_identify(src/autoware_auto_msgs) by extensions ['ros']
[2.568s] Level 1:colcon.colcon_core.package_identification:_identify(src/autoware_auto_msgs) by extension 'ros'
[2.569s] DEBUG:colcon.colcon_core.package_identification:Package 'src/autoware_auto_msgs' with type 'ros.ament_cmake' and name 'autoware_auto_msgs'
[2.569s] Level 1:colcon.colcon_core.package_identification:_identify(src/autoware_auto_perception_msgs) by extensions ['ignore', 'ignore_ament_install']
[2.569s] Level 1:colcon.colcon_core.package_identification:_identify(src/autoware_auto_perception_msgs) by extension 'ignore'
[2.569s] Level 1:colcon.colcon_core.package_identification:_identify(src/autoware_auto_perception_msgs) by extension 'ignore_ament_install'
[2.569s] Level 1:colcon.colcon_core.package_identification:_identify(src/autoware_auto_perception_msgs) by extensions ['colcon_pkg']
[2.569s] Level 1:colcon.colcon_core.package_identification:_identify(src/autoware_auto_perception_msgs) by extension 'colcon_pkg'
[2.569s] Level 1:colcon.colcon_core.package_identification:_identify(src/autoware_auto_perception_msgs) by extensions ['colcon_meta']
[2.569s] Level 1:colcon.colcon_core.package_identification:_identify(src/autoware_auto_perception_msgs) by extension 'colcon_meta'
[2.569s] Level 1:colcon.colcon_core.package_identification:_identify(src/autoware_auto_perception_msgs) by extensions ['ros']
[2.569s] Level 1:colcon.colcon_core.package_identification:_identify(src/autoware_auto_perception_msgs) by extension 'ros'
[2.570s] DEBUG:colcon.colcon_core.package_identification:Package 'src/autoware_auto_perception_msgs' with type 'ros.ament_cmake' and name 'autoware_auto_perception_msgs'
[2.570s] Level 1:colcon.colcon_core.package_identification:_identify(src/autoware_auto_planning_msgs) by extensions ['ignore', 'ignore_ament_install']
[2.570s] Level 1:colcon.colcon_core.package_identification:_identify(src/autoware_auto_planning_msgs) by extension 'ignore'
[2.570s] Level 1:colcon.colcon_core.package_identification:_identify(src/autoware_auto_planning_msgs) by extension 'ignore_ament_install'
[2.570s] Level 1:colcon.colcon_core.package_identification:_identify(src/autoware_auto_planning_msgs) by extensions ['colcon_pkg']
[2.570s] Level 1:colcon.colcon_core.package_identification:_identify(src/autoware_auto_planning_msgs) by extension 'colcon_pkg'
[2.570s] Level 1:colcon.colcon_core.package_identification:_identify(src/autoware_auto_planning_msgs) by extensions ['colcon_meta']
[2.570s] Level 1:colcon.colcon_core.package_identification:_identify(src/autoware_auto_planning_msgs) by extension 'colcon_meta'
[2.570s] Level 1:colcon.colcon_core.package_identification:_identify(src/autoware_auto_planning_msgs) by extensions ['ros']
[2.570s] Level 1:colcon.colcon_core.package_identification:_identify(src/autoware_auto_planning_msgs) by extension 'ros'
[2.570s] DEBUG:colcon.colcon_core.package_identification:Package 'src/autoware_auto_planning_msgs' with type 'ros.ament_cmake' and name 'autoware_auto_planning_msgs'
[2.570s] Level 1:colcon.colcon_core.package_identification:_identify(src/autoware_auto_system_msgs) by extensions ['ignore', 'ignore_ament_install']
[2.570s] Level 1:colcon.colcon_core.package_identification:_identify(src/autoware_auto_system_msgs) by extension 'ignore'
[2.571s] Level 1:colcon.colcon_core.package_identification:_identify(src/autoware_auto_system_msgs) by extension 'ignore_ament_install'
[2.571s] Level 1:colcon.colcon_core.package_identification:_identify(src/autoware_auto_system_msgs) by extensions ['colcon_pkg']
[2.571s] Level 1:colcon.colcon_core.package_identification:_identify(src/autoware_auto_system_msgs) by extension 'colcon_pkg'
[2.571s] Level 1:colcon.colcon_core.package_identification:_identify(src/autoware_auto_system_msgs) by extensions ['colcon_meta']
[2.571s] Level 1:colcon.colcon_core.package_identification:_identify(src/autoware_auto_system_msgs) by extension 'colcon_meta'
[2.571s] Level 1:colcon.colcon_core.package_identification:_identify(src/autoware_auto_system_msgs) by extensions ['ros']
[2.571s] Level 1:colcon.colcon_core.package_identification:_identify(src/autoware_auto_system_msgs) by extension 'ros'
[2.571s] DEBUG:colcon.colcon_core.package_identification:Package 'src/autoware_auto_system_msgs' with type 'ros.ament_cmake' and name 'autoware_auto_system_msgs'
[2.571s] Level 1:colcon.colcon_core.package_identification:_identify(src/autoware_auto_vehicle_msgs) by extensions ['ignore', 'ignore_ament_install']
[2.571s] Level 1:colcon.colcon_core.package_identification:_identify(src/autoware_auto_vehicle_msgs) by extension 'ignore'
[2.571s] Level 1:colcon.colcon_core.package_identification:_identify(src/autoware_auto_vehicle_msgs) by extension 'ignore_ament_install'
[2.571s] Level 1:colcon.colcon_core.package_identification:_identify(src/autoware_auto_vehicle_msgs) by extensions ['colcon_pkg']
[2.571s] Level 1:colcon.colcon_core.package_identification:_identify(src/autoware_auto_vehicle_msgs) by extension 'colcon_pkg'
[2.571s] Level 1:colcon.colcon_core.package_identification:_identify(src/autoware_auto_vehicle_msgs) by extensions ['colcon_meta']
[2.571s] Level 1:colcon.colcon_core.package_identification:_identify(src/autoware_auto_vehicle_msgs) by extension 'colcon_meta'
[2.571s] Level 1:colcon.colcon_core.package_identification:_identify(src/autoware_auto_vehicle_msgs) by extensions ['ros']
[2.571s] Level 1:colcon.colcon_core.package_identification:_identify(src/autoware_auto_vehicle_msgs) by extension 'ros'
[2.572s] DEBUG:colcon.colcon_core.package_identification:Package 'src/autoware_auto_vehicle_msgs' with type 'ros.ament_cmake' and name 'autoware_auto_vehicle_msgs'
[2.572s] Level 1:colcon.colcon_core.package_identification:_identify(src/infrastructure) by extensions ['ignore', 'ignore_ament_install']
[2.572s] Level 1:colcon.colcon_core.package_identification:_identify(src/infrastructure) by extension 'ignore'
[2.572s] Level 1:colcon.colcon_core.package_identification:_identify(src/infrastructure) by extension 'ignore_ament_install'
[2.572s] Level 1:colcon.colcon_core.package_identification:_identify(src/infrastructure) by extensions ['colcon_pkg']
[2.572s] Level 1:colcon.colcon_core.package_identification:_identify(src/infrastructure) by extension 'colcon_pkg'
[2.572s] Level 1:colcon.colcon_core.package_identification:_identify(src/infrastructure) by extensions ['colcon_meta']
[2.572s] Level 1:colcon.colcon_core.package_identification:_identify(src/infrastructure) by extension 'colcon_meta'
[2.572s] Level 1:colcon.colcon_core.package_identification:_identify(src/infrastructure) by extensions ['ros']
[2.572s] Level 1:colcon.colcon_core.package_identification:_identify(src/infrastructure) by extension 'ros'
[2.572s] DEBUG:colcon.colcon_core.package_identification:Package 'src/infrastructure' with type 'ros.ament_python' and name 'infrastructure'
[2.572s] Level 1:colcon.colcon_core.package_identification:_identify(src/map) by extensions ['ignore', 'ignore_ament_install']
[2.572s] Level 1:colcon.colcon_core.package_identification:_identify(src/map) by extension 'ignore'
[2.572s] Level 1:colcon.colcon_core.package_identification:_identify(src/map) by extension 'ignore_ament_install'
[2.572s] Level 1:colcon.colcon_core.package_identification:_identify(src/map) by extensions ['colcon_pkg']
[2.572s] Level 1:colcon.colcon_core.package_identification:_identify(src/map) by extension 'colcon_pkg'
[2.572s] Level 1:colcon.colcon_core.package_identification:_identify(src/map) by extensions ['colcon_meta']
[2.572s] Level 1:colcon.colcon_core.package_identification:_identify(src/map) by extension 'colcon_meta'
[2.572s] Level 1:colcon.colcon_core.package_identification:_identify(src/map) by extensions ['ros']
[2.572s] Level 1:colcon.colcon_core.package_identification:_identify(src/map) by extension 'ros'
[2.573s] DEBUG:colcon.colcon_core.package_identification:Package 'src/map' with type 'ros.ament_python' and name 'map'
[2.573s] Level 1:colcon.colcon_core.package_identification:_identify(src/v2x_msg) by extensions ['ignore', 'ignore_ament_install']
[2.573s] Level 1:colcon.colcon_core.package_identification:_identify(src/v2x_msg) by extension 'ignore'
[2.573s] Level 1:colcon.colcon_core.package_identification:_identify(src/v2x_msg) by extension 'ignore_ament_install'
[2.573s] Level 1:colcon.colcon_core.package_identification:_identify(src/v2x_msg) by extensions ['colcon_pkg']
[2.573s] Level 1:colcon.colcon_core.package_identification:_identify(src/v2x_msg) by extension 'colcon_pkg'
[2.573s] Level 1:colcon.colcon_core.package_identification:_identify(src/v2x_msg) by extensions ['colcon_meta']
[2.573s] Level 1:colcon.colcon_core.package_identification:_identify(src/v2x_msg) by extension 'colcon_meta'
[2.573s] Level 1:colcon.colcon_core.package_identification:_identify(src/v2x_msg) by extensions ['ros']
[2.573s] Level 1:colcon.colcon_core.package_identification:_identify(src/v2x_msg) by extension 'ros'
[2.573s] DEBUG:colcon.colcon_core.package_identification:Package 'src/v2x_msg' with type 'ros.ament_cmake' and name 'v2x_msg'
[2.573s] Level 1:colcon.colcon_core.package_identification:_identify(src/vehicle) by extensions ['ignore', 'ignore_ament_install']
[2.573s] Level 1:colcon.colcon_core.package_identification:_identify(src/vehicle) by extension 'ignore'
[2.573s] Level 1:colcon.colcon_core.package_identification:_identify(src/vehicle) by extension 'ignore_ament_install'
[2.573s] Level 1:colcon.colcon_core.package_identification:_identify(src/vehicle) by extensions ['colcon_pkg']
[2.573s] Level 1:colcon.colcon_core.package_identification:_identify(src/vehicle) by extension 'colcon_pkg'
[2.573s] Level 1:colcon.colcon_core.package_identification:_identify(src/vehicle) by extensions ['colcon_meta']
[2.573s] Level 1:colcon.colcon_core.package_identification:_identify(src/vehicle) by extension 'colcon_meta'
[2.573s] Level 1:colcon.colcon_core.package_identification:_identify(src/vehicle) by extensions ['ros']
[2.573s] Level 1:colcon.colcon_core.package_identification:_identify(src/vehicle) by extension 'ros'
[2.574s] DEBUG:colcon.colcon_core.package_identification:Package 'src/vehicle' with type 'ros.ament_python' and name 'vehicle'
[2.574s] Level 1:colcon.colcon_core.package_discovery:discover_packages(recursive) using defaults
[2.574s] Level 1:colcon.colcon_core.package_discovery:discover_packages(ignore) discover
[2.574s] Level 1:colcon.colcon_core.package_discovery:discover_packages(ignore) using defaults
[2.574s] Level 1:colcon.colcon_core.package_discovery:discover_packages(path) discover
[2.574s] Level 1:colcon.colcon_core.package_discovery:discover_packages(path) using defaults
[2.718s] INFO:colcon.colcon_core.package_selection:Skipping not selected package 'autoware_auto_control_msgs' in 'src/autoware_auto_control_msgs'
[2.718s] INFO:colcon.colcon_core.package_selection:Skipping not selected package 'autoware_auto_geometry_msgs' in 'src/autoware_auto_geometry_msgs'
[2.718s] INFO:colcon.colcon_core.package_selection:Skipping not selected package 'autoware_auto_mapping_msgs' in 'src/autoware_auto_mapping_msgs'
[2.718s] INFO:colcon.colcon_core.package_selection:Skipping not selected package 'autoware_auto_system_msgs' in 'src/autoware_auto_system_msgs'
[2.718s] INFO:colcon.colcon_core.package_selection:Skipping not selected package 'infrastructure' in 'src/infrastructure'
[2.718s] INFO:colcon.colcon_core.package_selection:Skipping not selected package 'map' in 'src/map'
[2.718s] INFO:colcon.colcon_core.package_selection:Skipping not selected package 'v2x_msg' in 'src/v2x_msg'
[2.718s] INFO:colcon.colcon_core.package_selection:Skipping not selected package 'autoware_auto_perception_msgs' in 'src/autoware_auto_perception_msgs'
[2.718s] INFO:colcon.colcon_core.package_selection:Skipping not selected package 'autoware_auto_planning_msgs' in 'src/autoware_auto_planning_msgs'
[2.718s] INFO:colcon.colcon_core.package_selection:Skipping not selected package 'autoware_auto_vehicle_msgs' in 'src/autoware_auto_vehicle_msgs'
[2.718s] INFO:colcon.colcon_core.package_selection:Skipping not selected package 'autoware_auto_msgs' in 'src/autoware_auto_msgs'
[2.788s] Level 1:colcon.colcon_core.package_discovery:discover_packages(prefix_path) check parameters
[2.788s] Level 1:colcon.colcon_core.package_discovery:discover_packages(prefix_path) discover
[2.879s] DEBUG:colcon.colcon_installed_package_information.package_discovery:Found 12 installed packages in /home/carla/Github/C-V2X-Autoware-Carla/install
[2.919s] DEBUG:colcon.colcon_installed_package_information.package_discovery:Found 343 installed packages in /home/carla/ros2_humble/install
[2.920s] Level 1:colcon.colcon_core.package_discovery:discover_packages(prefix_path) using defaults
[3.022s] Level 5:colcon.colcon_core.verb:set package 'vehicle' build argument 'cmake_args' from command line to 'None'
[3.022s] Level 5:colcon.colcon_core.verb:set package 'vehicle' build argument 'cmake_target' from command line to 'None'
[3.022s] Level 5:colcon.colcon_core.verb:set package 'vehicle' build argument 'cmake_target_skip_unavailable' from command line to 'False'
[3.022s] Level 5:colcon.colcon_core.verb:set package 'vehicle' build argument 'cmake_clean_cache' from command line to 'False'
[3.022s] Level 5:colcon.colcon_core.verb:set package 'vehicle' build argument 'cmake_clean_first' from command line to 'False'
[3.022s] Level 5:colcon.colcon_core.verb:set package 'vehicle' build argument 'cmake_force_configure' from command line to 'False'
[3.022s] Level 5:colcon.colcon_core.verb:set package 'vehicle' build argument 'ament_cmake_args' from command line to 'None'
[3.022s] Level 5:colcon.colcon_core.verb:set package 'vehicle' build argument 'catkin_cmake_args' from command line to 'None'
[3.022s] Level 5:colcon.colcon_core.verb:set package 'vehicle' build argument 'catkin_skip_building_tests' from command line to 'False'
[3.022s] DEBUG:colcon.colcon_core.verb:Building package 'vehicle' with the following arguments: {'ament_cmake_args': None, 'build_base': '/home/carla/Github/C-V2X-Autoware-Carla/build/vehicle', 'catkin_cmake_args': None, 'catkin_skip_building_tests': False, 'cmake_args': None, 'cmake_clean_cache': False, 'cmake_clean_first': False, 'cmake_force_configure': False, 'cmake_target': None, 'cmake_target_skip_unavailable': False, 'install_base': '/home/carla/Github/C-V2X-Autoware-Carla/install/vehicle', 'merge_install': False, 'path': '/home/carla/Github/C-V2X-Autoware-Carla/src/vehicle', 'symlink_install': False, 'test_result_base': None}
[3.073s] INFO:colcon.colcon_core.executor:Executing jobs using 'parallel' executor
[3.119s] DEBUG:colcon.colcon_parallel_executor.executor.parallel:run_until_complete
[3.120s] INFO:colcon.colcon_ros.task.ament_python.build:Building ROS package in '/home/carla/Github/C-V2X-Autoware-Carla/src/vehicle' with build type 'ament_python'
[3.120s] Level 1:colcon.colcon_core.shell:create_environment_hook('vehicle', 'ament_prefix_path')
[3.170s] INFO:colcon.colcon_core.plugin_system:Skipping extension 'colcon_core.shell.bat': Not used on non-Windows systems
[3.171s] INFO:colcon.colcon_core.shell:Creating environment hook '/home/carla/Github/C-V2X-Autoware-Carla/install/vehicle/share/vehicle/hook/ament_prefix_path.ps1'
[3.172s] INFO:colcon.colcon_core.shell:Creating environment descriptor '/home/carla/Github/C-V2X-Autoware-Carla/install/vehicle/share/vehicle/hook/ament_prefix_path.dsv'
[3.172s] INFO:colcon.colcon_core.shell:Creating environment hook '/home/carla/Github/C-V2X-Autoware-Carla/install/vehicle/share/vehicle/hook/ament_prefix_path.sh'
[3.208s] INFO:colcon.colcon_core.shell:Skip shell extension 'powershell' for command environment: Not usable outside of PowerShell
[3.208s] DEBUG:colcon.colcon_core.shell:Skip shell extension 'dsv' for command environment
[3.993s] INFO:colcon.colcon_core.task.python.build:Building Python package in '/home/carla/Github/C-V2X-Autoware-Carla/src/vehicle'
[4.049s] INFO:colcon.colcon_core.shell:Skip shell extension 'powershell' for command environment: Not usable outside of PowerShell
[4.049s] DEBUG:colcon.colcon_core.shell:Skip shell extension 'dsv' for command environment
[5.192s] DEBUG:colcon.colcon_core.event_handler.log_command:Invoking command in '/home/carla/Github/C-V2X-Autoware-Carla/src/vehicle': PYTHONPATH=/home/carla/Github/C-V2X-Autoware-Carla/build/vehicle/prefix_override:/home/carla/Github/C-V2X-Autoware-Carla/install/vehicle/lib/python3.8/site-packages:${PYTHONPATH} /usr/bin/python3 setup.py egg_info --egg-base ../../build/vehicle build --build-base /home/carla/Github/C-V2X-Autoware-Carla/build/vehicle/build install --record /home/carla/Github/C-V2X-Autoware-Carla/build/vehicle/install.log --single-version-externally-managed
[5.901s] DEBUG:colcon.colcon_core.event_handler.log_command:Invoked command in '/home/carla/Github/C-V2X-Autoware-Carla/src/vehicle' returned '0': PYTHONPATH=/home/carla/Github/C-V2X-Autoware-Carla/build/vehicle/prefix_override:/home/carla/Github/C-V2X-Autoware-Carla/install/vehicle/lib/python3.8/site-packages:${PYTHONPATH} /usr/bin/python3 setup.py egg_info --egg-base ../../build/vehicle build --build-base /home/carla/Github/C-V2X-Autoware-Carla/build/vehicle/build install --record /home/carla/Github/C-V2X-Autoware-Carla/build/vehicle/install.log --single-version-externally-managed
[5.952s] Level 1:colcon.colcon_core.environment:checking '/home/carla/Github/C-V2X-Autoware-Carla/install/vehicle' for CMake module files
[5.953s] Level 1:colcon.colcon_core.environment:checking '/home/carla/Github/C-V2X-Autoware-Carla/install/vehicle' for CMake config files
[5.953s] Level 1:colcon.colcon_core.environment:checking '/home/carla/Github/C-V2X-Autoware-Carla/install/vehicle/lib'
[5.953s] Level 1:colcon.colcon_core.environment:checking '/home/carla/Github/C-V2X-Autoware-Carla/install/vehicle/bin'
[5.953s] Level 1:colcon.colcon_core.environment:checking '/home/carla/Github/C-V2X-Autoware-Carla/install/vehicle/lib/pkgconfig/vehicle.pc'
[5.954s] Level 1:colcon.colcon_core.environment:checking '/home/carla/Github/C-V2X-Autoware-Carla/install/vehicle/lib/python3.8/site-packages'
[5.954s] Level 1:colcon.colcon_core.shell:create_environment_hook('vehicle', 'pythonpath')
[5.994s] INFO:colcon.colcon_core.shell:Creating environment hook '/home/carla/Github/C-V2X-Autoware-Carla/install/vehicle/share/vehicle/hook/pythonpath.ps1'
[5.994s] INFO:colcon.colcon_core.shell:Creating environment descriptor '/home/carla/Github/C-V2X-Autoware-Carla/install/vehicle/share/vehicle/hook/pythonpath.dsv'
[5.994s] INFO:colcon.colcon_core.shell:Creating environment hook '/home/carla/Github/C-V2X-Autoware-Carla/install/vehicle/share/vehicle/hook/pythonpath.sh'
[5.995s] Level 1:colcon.colcon_core.environment:checking '/home/carla/Github/C-V2X-Autoware-Carla/install/vehicle/bin'
[5.995s] Level 1:colcon.colcon_core.environment:create_environment_scripts_only(vehicle)
[6.039s] INFO:colcon.colcon_core.shell:Creating package script '/home/carla/Github/C-V2X-Autoware-Carla/install/vehicle/share/vehicle/package.ps1'
[6.040s] INFO:colcon.colcon_core.shell:Creating package descriptor '/home/carla/Github/C-V2X-Autoware-Carla/install/vehicle/share/vehicle/package.dsv'
[6.040s] INFO:colcon.colcon_core.shell:Creating package script '/home/carla/Github/C-V2X-Autoware-Carla/install/vehicle/share/vehicle/package.sh'
[6.040s] INFO:colcon.colcon_core.shell:Creating package script '/home/carla/Github/C-V2X-Autoware-Carla/install/vehicle/share/vehicle/package.bash'
[6.041s] INFO:colcon.colcon_core.shell:Creating package script '/home/carla/Github/C-V2X-Autoware-Carla/install/vehicle/share/vehicle/package.zsh'
[6.041s] Level 1:colcon.colcon_core.environment:create_file_with_runtime_dependencies(/home/carla/Github/C-V2X-Autoware-Carla/install/vehicle/share/colcon-core/packages/vehicle)
[6.042s] DEBUG:colcon.colcon_parallel_executor.executor.parallel:closing loop
[6.043s] DEBUG:colcon.colcon_parallel_executor.executor.parallel:loop closed
[6.043s] DEBUG:colcon.colcon_parallel_executor.executor.parallel:run_until_complete finished with '0'
[6.043s] DEBUG:colcon.colcon_core.event_reactor:joining thread
[6.120s] INFO:colcon.colcon_core.plugin_system:Skipping extension 'colcon_notification.desktop_notification.terminal_notifier': Not used on non-Darwin systems
[6.120s] INFO:colcon.colcon_core.plugin_system:Skipping extension 'colcon_notification.desktop_notification.win32': Not used on non-Windows systems
[6.120s] INFO:colcon.colcon_notification.desktop_notification:Sending desktop notification using 'notify2'
[6.138s] DEBUG:colcon.colcon_core.event_reactor:joined thread
[6.184s] INFO:colcon.colcon_core.shell:Creating prefix script '/home/carla/Github/C-V2X-Autoware-Carla/install/local_setup.ps1'
[6.185s] INFO:colcon.colcon_core.shell:Creating prefix util module '/home/carla/Github/C-V2X-Autoware-Carla/install/_local_setup_util_ps1.py'
[6.185s] INFO:colcon.colcon_core.shell:Creating prefix chain script '/home/carla/Github/C-V2X-Autoware-Carla/install/setup.ps1'
[6.225s] INFO:colcon.colcon_core.shell:Creating prefix script '/home/carla/Github/C-V2X-Autoware-Carla/install/local_setup.sh'
[6.226s] INFO:colcon.colcon_core.shell:Creating prefix util module '/home/carla/Github/C-V2X-Autoware-Carla/install/_local_setup_util_sh.py'
[6.226s] INFO:colcon.colcon_core.shell:Creating prefix chain script '/home/carla/Github/C-V2X-Autoware-Carla/install/setup.sh'
[6.274s] INFO:colcon.colcon_core.shell:Creating prefix script '/home/carla/Github/C-V2X-Autoware-Carla/install/local_setup.bash'
[6.274s] INFO:colcon.colcon_core.shell:Creating prefix chain script '/home/carla/Github/C-V2X-Autoware-Carla/install/setup.bash'
[6.317s] INFO:colcon.colcon_core.shell:Creating prefix script '/home/carla/Github/C-V2X-Autoware-Carla/install/local_setup.zsh'
[6.317s] INFO:colcon.colcon_core.shell:Creating prefix chain script '/home/carla/Github/C-V2X-Autoware-Carla/install/setup.zsh'
