[0.144s] Invoking command in '/home/carla/Github/C-V2X-Autoware-Carla/build/autoware_auto_control_msgs': CMAKE_PREFIX_PATH=${CMAKE_PREFIX_PATH}:/home/carla/Github/C-V2X-Autoware-Carla/install/vehicle:/home/carla/Github/C-V2X-Autoware-Carla/install/infrastructure:/home/carla/ros2_humble/install/rqt_bag_plugins:/home/carla/ros2_humble/install/rqt_bag:/home/carla/ros2_humble/install/ros2bag:/home/carla/ros2_humble/install/tracetools_test:/home/carla/ros2_humble/install/tracetools_launch:/home/carla/ros2_humble/install/topic_monitor:/home/carla/ros2_humble/install/tf2_tools:/home/carla/ros2_humble/install/examples_tf2_py:/home/carla/ros2_humble/install/tf2_ros_py:/home/carla/ros2_humble/install/sros2:/home/carla/ros2_humble/install/rqt_topic:/home/carla/ros2_humble/install/rqt_srv:/home/carla/ros2_humble/install/rqt_shell:/home/carla/ros2_humble/install/rqt_service_caller:/home/carla/ros2_humble/install/rqt_reconfigure:/home/carla/ros2_humble/install/rqt_py_console:/home/carla/ros2_humble/install/rqt_publisher:/home/carla/ros2_humble/install/rqt_plot:/home/carla/ros2_humble/install/rqt_action:/home/carla/ros2_humble/install/rqt_msg:/home/carla/ros2_humble/install/rqt_console:/home/carla/ros2_humble/install/rqt:/home/carla/ros2_humble/install/rqt_graph:/home/carla/ros2_humble/install/rqt_gui_py:/home/carla/ros2_humble/install/rqt_gui:/home/carla/ros2_humble/install/ros2trace:/home/carla/ros2_humble/install/ros2topic:/home/carla/ros2_humble/install/ros2test:/home/carla/ros2_humble/install/ros2component:/home/carla/ros2_humble/install/ros2param:/home/carla/ros2_humble/install/ros2lifecycle:/home/carla/ros2_humble/install/ros2service:/home/carla/ros2_humble/install/ros2run:/home/carla/ros2_humble/install/ros2launch:/home/carla/ros2_humble/install/ros2pkg:/home/carla/ros2_humble/install/ros2node:/home/carla/ros2_humble/install/ros2multicast:/home/carla/ros2_humble/install/ros2interface:/home/carla/ros2_humble/install/ros2doctor:/home/carla/ros2_humble/install/ros2action:/home/carla/ros2_humble/install/ros2cli:/home/carla/ros2_humble/install/quality_of_service_demo_py:/home/carla/ros2_humble/install/lifecycle_py:/home/carla/ros2_humble/install/launch_testing_ros:/home/carla/ros2_humble/install/launch_ros:/home/carla/ros2_humble/install/examples_rclpy_pointcloud_publisher:/home/carla/ros2_humble/install/examples_rclpy_minimal_subscriber:/home/carla/ros2_humble/install/examples_rclpy_minimal_service:/home/carla/ros2_humble/install/examples_rclpy_minimal_publisher:/home/carla/ros2_humble/install/examples_rclpy_minimal_client:/home/carla/ros2_humble/install/examples_rclpy_minimal_action_server:/home/carla/ros2_humble/install/examples_rclpy_minimal_action_client:/home/carla/ros2_humble/install/examples_rclpy_guard_conditions:/home/carla/ros2_humble/install/examples_rclpy_executors:/home/carla/ros2_humble/install/demo_nodes_py:/home/carla/ros2_humble/install/action_tutorials_py:/home/carla/ros2_humble/install/ament_uncrustify:/home/carla/ros2_humble/install/tracetools_trace:/home/carla/ros2_humble/install/tracetools_read:/home/carla/ros2_humble/install/test_tracetools_launch:/home/carla/ros2_humble/install/test_launch_ros:/home/carla/ros2_humble/install/sensor_msgs_py:/home/carla/ros2_humble/install/rpyutils:/home/carla/ros2_humble/install/rosidl_runtime_py:/home/carla/ros2_humble/install/rosidl_cli:/home/carla/ros2_humble/install/launch_pytest:/home/carla/ros2_humble/install/launch_testing:/home/carla/ros2_humble/install/launch_yaml:/home/carla/ros2_humble/install/launch_xml:/home/carla/ros2_humble/install/launch:/home/carla/ros2_humble/install/osrf_pycommon:/home/carla/ros2_humble/install/launch_testing_examples:/home/carla/ros2_humble/install/domain_coordinator:/home/carla/ros2_humble/install/ament_xmllint:/home/carla/ros2_humble/install/ament_pyflakes:/home/carla/ros2_humble/install/ament_pycodestyle:/home/carla/ros2_humble/install/ament_pep257:/home/carla/ros2_humble/install/ament_pclint:/home/carla/ros2_humble/install/ament_package:/home/carla/ros2_humble/install/ament_mypy:/home/carla/ros2_humble/install/ament_lint_cmake:/home/carla/ros2_humble/install/ament_flake8:/home/carla/ros2_humble/install/ament_copyright:/home/carla/ros2_humble/install/ament_lint:/home/carla/ros2_humble/install/ament_index_python:/home/carla/ros2_humble/install/ament_cpplint:/home/carla/ros2_humble/install/ament_cppcheck:/home/carla/ros2_humble/install/ament_clang_tidy:/home/carla/ros2_humble/install/ament_clang_format /usr/bin/cmake --build /home/carla/Github/C-V2X-Autoware-Carla/build/autoware_auto_control_msgs -- -j20 -l20
[1.171s] [ 10%] Built target autoware_auto_control_msgs__rosidl_generator_c
[1.172s] [ 12%] Built target autoware_auto_control_msgs__cpp
[1.172s] [ 12%] Built target ament_cmake_python_copy_autoware_auto_control_msgs
[1.172s] [ 23%] Built target autoware_auto_control_msgs__rosidl_typesupport_fastrtps_c
[1.172s] [ 34%] Built target autoware_auto_control_msgs__rosidl_typesupport_c
[1.172s] [ 45%] Built target autoware_auto_control_msgs__rosidl_typesupport_introspection_c
[1.172s] [ 63%] Built target autoware_auto_control_msgs__rosidl_typesupport_fastrtps_cpp
[1.172s] [ 67%] Built target autoware_auto_control_msgs__rosidl_typesupport_introspection_cpp
[1.172s] [ 78%] Built target autoware_auto_control_msgs__rosidl_typesupport_cpp
[1.172s] [ 78%] Built target autoware_auto_control_msgs
[1.172s] [ 80%] Built target autoware_auto_control_msgs__py
[1.172s] [ 89%] Built target autoware_auto_control_msgs__rosidl_generator_py
[1.172s] [ 92%] Built target autoware_auto_control_msgs__rosidl_typesupport_fastrtps_c__pyext
[1.172s] [ 96%] Built target autoware_auto_control_msgs__rosidl_typesupport_c__pyext
[1.173s] [100%] Built target autoware_auto_control_msgs__rosidl_typesupport_introspection_c__pyext
[1.173s] running egg_info
[1.173s] writing autoware_auto_control_msgs.egg-info/PKG-INFO
[1.173s] writing dependency_links to autoware_auto_control_msgs.egg-info/dependency_links.txt
[1.173s] writing top-level names to autoware_auto_control_msgs.egg-info/top_level.txt
[1.174s] reading manifest file 'autoware_auto_control_msgs.egg-info/SOURCES.txt'
[1.174s] writing manifest file 'autoware_auto_control_msgs.egg-info/SOURCES.txt'
[1.174s] [100%] Built target ament_cmake_python_build_autoware_auto_control_msgs_egg
[1.804s] Invoked command in '/home/carla/Github/C-V2X-Autoware-Carla/build/autoware_auto_control_msgs' returned '0': CMAKE_PREFIX_PATH=${CMAKE_PREFIX_PATH}:/home/carla/Github/C-V2X-Autoware-Carla/install/vehicle:/home/carla/Github/C-V2X-Autoware-Carla/install/infrastructure:/home/carla/ros2_humble/install/rqt_bag_plugins:/home/carla/ros2_humble/install/rqt_bag:/home/carla/ros2_humble/install/ros2bag:/home/carla/ros2_humble/install/tracetools_test:/home/carla/ros2_humble/install/tracetools_launch:/home/carla/ros2_humble/install/topic_monitor:/home/carla/ros2_humble/install/tf2_tools:/home/carla/ros2_humble/install/examples_tf2_py:/home/carla/ros2_humble/install/tf2_ros_py:/home/carla/ros2_humble/install/sros2:/home/carla/ros2_humble/install/rqt_topic:/home/carla/ros2_humble/install/rqt_srv:/home/carla/ros2_humble/install/rqt_shell:/home/carla/ros2_humble/install/rqt_service_caller:/home/carla/ros2_humble/install/rqt_reconfigure:/home/carla/ros2_humble/install/rqt_py_console:/home/carla/ros2_humble/install/rqt_publisher:/home/carla/ros2_humble/install/rqt_plot:/home/carla/ros2_humble/install/rqt_action:/home/carla/ros2_humble/install/rqt_msg:/home/carla/ros2_humble/install/rqt_console:/home/carla/ros2_humble/install/rqt:/home/carla/ros2_humble/install/rqt_graph:/home/carla/ros2_humble/install/rqt_gui_py:/home/carla/ros2_humble/install/rqt_gui:/home/carla/ros2_humble/install/ros2trace:/home/carla/ros2_humble/install/ros2topic:/home/carla/ros2_humble/install/ros2test:/home/carla/ros2_humble/install/ros2component:/home/carla/ros2_humble/install/ros2param:/home/carla/ros2_humble/install/ros2lifecycle:/home/carla/ros2_humble/install/ros2service:/home/carla/ros2_humble/install/ros2run:/home/carla/ros2_humble/install/ros2launch:/home/carla/ros2_humble/install/ros2pkg:/home/carla/ros2_humble/install/ros2node:/home/carla/ros2_humble/install/ros2multicast:/home/carla/ros2_humble/install/ros2interface:/home/carla/ros2_humble/install/ros2doctor:/home/carla/ros2_humble/install/ros2action:/home/carla/ros2_humble/install/ros2cli:/home/carla/ros2_humble/install/quality_of_service_demo_py:/home/carla/ros2_humble/install/lifecycle_py:/home/carla/ros2_humble/install/launch_testing_ros:/home/carla/ros2_humble/install/launch_ros:/home/carla/ros2_humble/install/examples_rclpy_pointcloud_publisher:/home/carla/ros2_humble/install/examples_rclpy_minimal_subscriber:/home/carla/ros2_humble/install/examples_rclpy_minimal_service:/home/carla/ros2_humble/install/examples_rclpy_minimal_publisher:/home/carla/ros2_humble/install/examples_rclpy_minimal_client:/home/carla/ros2_humble/install/examples_rclpy_minimal_action_server:/home/carla/ros2_humble/install/examples_rclpy_minimal_action_client:/home/carla/ros2_humble/install/examples_rclpy_guard_conditions:/home/carla/ros2_humble/install/examples_rclpy_executors:/home/carla/ros2_humble/install/demo_nodes_py:/home/carla/ros2_humble/install/action_tutorials_py:/home/carla/ros2_humble/install/ament_uncrustify:/home/carla/ros2_humble/install/tracetools_trace:/home/carla/ros2_humble/install/tracetools_read:/home/carla/ros2_humble/install/test_tracetools_launch:/home/carla/ros2_humble/install/test_launch_ros:/home/carla/ros2_humble/install/sensor_msgs_py:/home/carla/ros2_humble/install/rpyutils:/home/carla/ros2_humble/install/rosidl_runtime_py:/home/carla/ros2_humble/install/rosidl_cli:/home/carla/ros2_humble/install/launch_pytest:/home/carla/ros2_humble/install/launch_testing:/home/carla/ros2_humble/install/launch_yaml:/home/carla/ros2_humble/install/launch_xml:/home/carla/ros2_humble/install/launch:/home/carla/ros2_humble/install/osrf_pycommon:/home/carla/ros2_humble/install/launch_testing_examples:/home/carla/ros2_humble/install/domain_coordinator:/home/carla/ros2_humble/install/ament_xmllint:/home/carla/ros2_humble/install/ament_pyflakes:/home/carla/ros2_humble/install/ament_pycodestyle:/home/carla/ros2_humble/install/ament_pep257:/home/carla/ros2_humble/install/ament_pclint:/home/carla/ros2_humble/install/ament_package:/home/carla/ros2_humble/install/ament_mypy:/home/carla/ros2_humble/install/ament_lint_cmake:/home/carla/ros2_humble/install/ament_flake8:/home/carla/ros2_humble/install/ament_copyright:/home/carla/ros2_humble/install/ament_lint:/home/carla/ros2_humble/install/ament_index_python:/home/carla/ros2_humble/install/ament_cpplint:/home/carla/ros2_humble/install/ament_cppcheck:/home/carla/ros2_humble/install/ament_clang_tidy:/home/carla/ros2_humble/install/ament_clang_format /usr/bin/cmake --build /home/carla/Github/C-V2X-Autoware-Carla/build/autoware_auto_control_msgs -- -j20 -l20
[2.139s] Invoking command in '/home/carla/Github/C-V2X-Autoware-Carla/build/autoware_auto_control_msgs': CMAKE_PREFIX_PATH=${CMAKE_PREFIX_PATH}:/home/carla/Github/C-V2X-Autoware-Carla/install/vehicle:/home/carla/Github/C-V2X-Autoware-Carla/install/infrastructure:/home/carla/ros2_humble/install/rqt_bag_plugins:/home/carla/ros2_humble/install/rqt_bag:/home/carla/ros2_humble/install/ros2bag:/home/carla/ros2_humble/install/tracetools_test:/home/carla/ros2_humble/install/tracetools_launch:/home/carla/ros2_humble/install/topic_monitor:/home/carla/ros2_humble/install/tf2_tools:/home/carla/ros2_humble/install/examples_tf2_py:/home/carla/ros2_humble/install/tf2_ros_py:/home/carla/ros2_humble/install/sros2:/home/carla/ros2_humble/install/rqt_topic:/home/carla/ros2_humble/install/rqt_srv:/home/carla/ros2_humble/install/rqt_shell:/home/carla/ros2_humble/install/rqt_service_caller:/home/carla/ros2_humble/install/rqt_reconfigure:/home/carla/ros2_humble/install/rqt_py_console:/home/carla/ros2_humble/install/rqt_publisher:/home/carla/ros2_humble/install/rqt_plot:/home/carla/ros2_humble/install/rqt_action:/home/carla/ros2_humble/install/rqt_msg:/home/carla/ros2_humble/install/rqt_console:/home/carla/ros2_humble/install/rqt:/home/carla/ros2_humble/install/rqt_graph:/home/carla/ros2_humble/install/rqt_gui_py:/home/carla/ros2_humble/install/rqt_gui:/home/carla/ros2_humble/install/ros2trace:/home/carla/ros2_humble/install/ros2topic:/home/carla/ros2_humble/install/ros2test:/home/carla/ros2_humble/install/ros2component:/home/carla/ros2_humble/install/ros2param:/home/carla/ros2_humble/install/ros2lifecycle:/home/carla/ros2_humble/install/ros2service:/home/carla/ros2_humble/install/ros2run:/home/carla/ros2_humble/install/ros2launch:/home/carla/ros2_humble/install/ros2pkg:/home/carla/ros2_humble/install/ros2node:/home/carla/ros2_humble/install/ros2multicast:/home/carla/ros2_humble/install/ros2interface:/home/carla/ros2_humble/install/ros2doctor:/home/carla/ros2_humble/install/ros2action:/home/carla/ros2_humble/install/ros2cli:/home/carla/ros2_humble/install/quality_of_service_demo_py:/home/carla/ros2_humble/install/lifecycle_py:/home/carla/ros2_humble/install/launch_testing_ros:/home/carla/ros2_humble/install/launch_ros:/home/carla/ros2_humble/install/examples_rclpy_pointcloud_publisher:/home/carla/ros2_humble/install/examples_rclpy_minimal_subscriber:/home/carla/ros2_humble/install/examples_rclpy_minimal_service:/home/carla/ros2_humble/install/examples_rclpy_minimal_publisher:/home/carla/ros2_humble/install/examples_rclpy_minimal_client:/home/carla/ros2_humble/install/examples_rclpy_minimal_action_server:/home/carla/ros2_humble/install/examples_rclpy_minimal_action_client:/home/carla/ros2_humble/install/examples_rclpy_guard_conditions:/home/carla/ros2_humble/install/examples_rclpy_executors:/home/carla/ros2_humble/install/demo_nodes_py:/home/carla/ros2_humble/install/action_tutorials_py:/home/carla/ros2_humble/install/ament_uncrustify:/home/carla/ros2_humble/install/tracetools_trace:/home/carla/ros2_humble/install/tracetools_read:/home/carla/ros2_humble/install/test_tracetools_launch:/home/carla/ros2_humble/install/test_launch_ros:/home/carla/ros2_humble/install/sensor_msgs_py:/home/carla/ros2_humble/install/rpyutils:/home/carla/ros2_humble/install/rosidl_runtime_py:/home/carla/ros2_humble/install/rosidl_cli:/home/carla/ros2_humble/install/launch_pytest:/home/carla/ros2_humble/install/launch_testing:/home/carla/ros2_humble/install/launch_yaml:/home/carla/ros2_humble/install/launch_xml:/home/carla/ros2_humble/install/launch:/home/carla/ros2_humble/install/osrf_pycommon:/home/carla/ros2_humble/install/launch_testing_examples:/home/carla/ros2_humble/install/domain_coordinator:/home/carla/ros2_humble/install/ament_xmllint:/home/carla/ros2_humble/install/ament_pyflakes:/home/carla/ros2_humble/install/ament_pycodestyle:/home/carla/ros2_humble/install/ament_pep257:/home/carla/ros2_humble/install/ament_pclint:/home/carla/ros2_humble/install/ament_package:/home/carla/ros2_humble/install/ament_mypy:/home/carla/ros2_humble/install/ament_lint_cmake:/home/carla/ros2_humble/install/ament_flake8:/home/carla/ros2_humble/install/ament_copyright:/home/carla/ros2_humble/install/ament_lint:/home/carla/ros2_humble/install/ament_index_python:/home/carla/ros2_humble/install/ament_cpplint:/home/carla/ros2_humble/install/ament_cppcheck:/home/carla/ros2_humble/install/ament_clang_tidy:/home/carla/ros2_humble/install/ament_clang_format /usr/bin/cmake --install /home/carla/Github/C-V2X-Autoware-Carla/build/autoware_auto_control_msgs
[2.152s] -- Install configuration: ""
[2.152s] -- Up-to-date: /home/carla/Github/C-V2X-Autoware-Carla/install/autoware_auto_control_msgs/share/ament_index/resource_index/rosidl_interfaces/autoware_auto_control_msgs
[2.153s] -- Up-to-date: /home/carla/Github/C-V2X-Autoware-Carla/install/autoware_auto_control_msgs/include/autoware_auto_control_msgs/autoware_auto_control_msgs
[2.153s] -- Up-to-date: /home/carla/Github/C-V2X-Autoware-Carla/install/autoware_auto_control_msgs/include/autoware_auto_control_msgs/autoware_auto_control_msgs/msg
[2.153s] -- Up-to-date: /home/carla/Github/C-V2X-Autoware-Carla/install/autoware_auto_control_msgs/include/autoware_auto_control_msgs/autoware_auto_control_msgs/msg/longitudinal_command.h
[2.153s] -- Up-to-date: /home/carla/Github/C-V2X-Autoware-Carla/install/autoware_auto_control_msgs/include/autoware_auto_control_msgs/autoware_auto_control_msgs/msg/ackermann_control_command.h
[2.153s] -- Up-to-date: /home/carla/Github/C-V2X-Autoware-Carla/install/autoware_auto_control_msgs/include/autoware_auto_control_msgs/autoware_auto_control_msgs/msg/high_level_control_command.h
[2.153s] -- Up-to-date: /home/carla/Github/C-V2X-Autoware-Carla/install/autoware_auto_control_msgs/include/autoware_auto_control_msgs/autoware_auto_control_msgs/msg/detail
[2.153s] -- Up-to-date: /home/carla/Github/C-V2X-Autoware-Carla/install/autoware_auto_control_msgs/include/autoware_auto_control_msgs/autoware_auto_control_msgs/msg/detail/ackermann_control_command__functions.c
[2.153s] -- Up-to-date: /home/carla/Github/C-V2X-Autoware-Carla/install/autoware_auto_control_msgs/include/autoware_auto_control_msgs/autoware_auto_control_msgs/msg/detail/ackermann_lateral_command__functions.c
[2.153s] -- Up-to-date: /home/carla/Github/C-V2X-Autoware-Carla/install/autoware_auto_control_msgs/include/autoware_auto_control_msgs/autoware_auto_control_msgs/msg/detail/ackermann_lateral_command__struct.h
[2.153s] -- Up-to-date: /home/carla/Github/C-V2X-Autoware-Carla/install/autoware_auto_control_msgs/include/autoware_auto_control_msgs/autoware_auto_control_msgs/msg/detail/high_level_control_command__type_support.h
[2.153s] -- Up-to-date: /home/carla/Github/C-V2X-Autoware-Carla/install/autoware_auto_control_msgs/include/autoware_auto_control_msgs/autoware_auto_control_msgs/msg/detail/high_level_control_command__struct.h
[2.153s] -- Up-to-date: /home/carla/Github/C-V2X-Autoware-Carla/install/autoware_auto_control_msgs/include/autoware_auto_control_msgs/autoware_auto_control_msgs/msg/detail/longitudinal_command__struct.h
[2.154s] -- Up-to-date: /home/carla/Github/C-V2X-Autoware-Carla/install/autoware_auto_control_msgs/include/autoware_auto_control_msgs/autoware_auto_control_msgs/msg/detail/high_level_control_command__functions.c
[2.154s] -- Up-to-date: /home/carla/Github/C-V2X-Autoware-Carla/install/autoware_auto_control_msgs/include/autoware_auto_control_msgs/autoware_auto_control_msgs/msg/detail/longitudinal_command__functions.h
[2.154s] -- Up-to-date: /home/carla/Github/C-V2X-Autoware-Carla/install/autoware_auto_control_msgs/include/autoware_auto_control_msgs/autoware_auto_control_msgs/msg/detail/ackermann_control_command__type_support.h
[2.154s] -- Up-to-date: /home/carla/Github/C-V2X-Autoware-Carla/install/autoware_auto_control_msgs/include/autoware_auto_control_msgs/autoware_auto_control_msgs/msg/detail/ackermann_control_command__struct.h
[2.154s] -- Up-to-date: /home/carla/Github/C-V2X-Autoware-Carla/install/autoware_auto_control_msgs/include/autoware_auto_control_msgs/autoware_auto_control_msgs/msg/detail/ackermann_lateral_command__functions.h
[2.154s] -- Up-to-date: /home/carla/Github/C-V2X-Autoware-Carla/install/autoware_auto_control_msgs/include/autoware_auto_control_msgs/autoware_auto_control_msgs/msg/detail/longitudinal_command__functions.c
[2.154s] -- Up-to-date: /home/carla/Github/C-V2X-Autoware-Carla/install/autoware_auto_control_msgs/include/autoware_auto_control_msgs/autoware_auto_control_msgs/msg/detail/longitudinal_command__type_support.h
[2.154s] -- Up-to-date: /home/carla/Github/C-V2X-Autoware-Carla/install/autoware_auto_control_msgs/include/autoware_auto_control_msgs/autoware_auto_control_msgs/msg/detail/ackermann_lateral_command__type_support.h
[2.154s] -- Up-to-date: /home/carla/Github/C-V2X-Autoware-Carla/install/autoware_auto_control_msgs/include/autoware_auto_control_msgs/autoware_auto_control_msgs/msg/detail/high_level_control_command__functions.h
[2.154s] -- Up-to-date: /home/carla/Github/C-V2X-Autoware-Carla/install/autoware_auto_control_msgs/include/autoware_auto_control_msgs/autoware_auto_control_msgs/msg/detail/ackermann_control_command__functions.h
[2.154s] -- Up-to-date: /home/carla/Github/C-V2X-Autoware-Carla/install/autoware_auto_control_msgs/include/autoware_auto_control_msgs/autoware_auto_control_msgs/msg/rosidl_generator_c__visibility_control.h
[2.154s] -- Up-to-date: /home/carla/Github/C-V2X-Autoware-Carla/install/autoware_auto_control_msgs/include/autoware_auto_control_msgs/autoware_auto_control_msgs/msg/ackermann_lateral_command.h
[2.154s] -- Up-to-date: /home/carla/Github/C-V2X-Autoware-Carla/install/autoware_auto_control_msgs/share/autoware_auto_control_msgs/environment/library_path.sh
[2.154s] -- Up-to-date: /home/carla/Github/C-V2X-Autoware-Carla/install/autoware_auto_control_msgs/share/autoware_auto_control_msgs/environment/library_path.dsv
[2.154s] -- Up-to-date: /home/carla/Github/C-V2X-Autoware-Carla/install/autoware_auto_control_msgs/lib/libautoware_auto_control_msgs__rosidl_generator_c.so
[2.155s] -- Up-to-date: /home/carla/Github/C-V2X-Autoware-Carla/install/autoware_auto_control_msgs/include/autoware_auto_control_msgs/autoware_auto_control_msgs
[2.155s] -- Up-to-date: /home/carla/Github/C-V2X-Autoware-Carla/install/autoware_auto_control_msgs/include/autoware_auto_control_msgs/autoware_auto_control_msgs/msg
[2.155s] -- Up-to-date: /home/carla/Github/C-V2X-Autoware-Carla/install/autoware_auto_control_msgs/include/autoware_auto_control_msgs/autoware_auto_control_msgs/msg/rosidl_typesupport_introspection_c__visibility_control.h
[2.155s] -- Up-to-date: /home/carla/Github/C-V2X-Autoware-Carla/install/autoware_auto_control_msgs/include/autoware_auto_control_msgs/autoware_auto_control_msgs/msg/detail
[2.156s] -- Up-to-date: /home/carla/Github/C-V2X-Autoware-Carla/install/autoware_auto_control_msgs/include/autoware_auto_control_msgs/autoware_auto_control_msgs/msg/detail/longitudinal_command__type_support.c
[2.156s] -- Up-to-date: /home/carla/Github/C-V2X-Autoware-Carla/install/autoware_auto_control_msgs/include/autoware_auto_control_msgs/autoware_auto_control_msgs/msg/detail/ackermann_lateral_command__rosidl_typesupport_introspection_c.h
[2.156s] -- Up-to-date: /home/carla/Github/C-V2X-Autoware-Carla/install/autoware_auto_control_msgs/include/autoware_auto_control_msgs/autoware_auto_control_msgs/msg/detail/ackermann_lateral_command__type_support.c
[2.156s] -- Up-to-date: /home/carla/Github/C-V2X-Autoware-Carla/install/autoware_auto_control_msgs/include/autoware_auto_control_msgs/autoware_auto_control_msgs/msg/detail/longitudinal_command__rosidl_typesupport_introspection_c.h
[2.156s] -- Up-to-date: /home/carla/Github/C-V2X-Autoware-Carla/install/autoware_auto_control_msgs/include/autoware_auto_control_msgs/autoware_auto_control_msgs/msg/detail/ackermann_control_command__type_support.c
[2.156s] -- Up-to-date: /home/carla/Github/C-V2X-Autoware-Carla/install/autoware_auto_control_msgs/include/autoware_auto_control_msgs/autoware_auto_control_msgs/msg/detail/ackermann_control_command__rosidl_typesupport_introspection_c.h
[2.156s] -- Up-to-date: /home/carla/Github/C-V2X-Autoware-Carla/install/autoware_auto_control_msgs/include/autoware_auto_control_msgs/autoware_auto_control_msgs/msg/detail/high_level_control_command__type_support.c
[2.157s] -- Up-to-date: /home/carla/Github/C-V2X-Autoware-Carla/install/autoware_auto_control_msgs/include/autoware_auto_control_msgs/autoware_auto_control_msgs/msg/detail/high_level_control_command__rosidl_typesupport_introspection_c.h
[2.157s] -- Up-to-date: /home/carla/Github/C-V2X-Autoware-Carla/install/autoware_auto_control_msgs/lib/libautoware_auto_control_msgs__rosidl_typesupport_introspection_c.so
[2.157s] -- Up-to-date: /home/carla/Github/C-V2X-Autoware-Carla/install/autoware_auto_control_msgs/include/autoware_auto_control_msgs/autoware_auto_control_msgs
[2.158s] -- Up-to-date: /home/carla/Github/C-V2X-Autoware-Carla/install/autoware_auto_control_msgs/include/autoware_auto_control_msgs/autoware_auto_control_msgs/msg
[2.158s] -- Up-to-date: /home/carla/Github/C-V2X-Autoware-Carla/install/autoware_auto_control_msgs/include/autoware_auto_control_msgs/autoware_auto_control_msgs/msg/detail
[2.158s] -- Up-to-date: /home/carla/Github/C-V2X-Autoware-Carla/install/autoware_auto_control_msgs/include/autoware_auto_control_msgs/autoware_auto_control_msgs/msg/detail/longitudinal_command__rosidl_typesupport_fastrtps_c.h
[2.158s] -- Up-to-date: /home/carla/Github/C-V2X-Autoware-Carla/install/autoware_auto_control_msgs/include/autoware_auto_control_msgs/autoware_auto_control_msgs/msg/detail/ackermann_lateral_command__rosidl_typesupport_fastrtps_c.h
[2.158s] -- Up-to-date: /home/carla/Github/C-V2X-Autoware-Carla/install/autoware_auto_control_msgs/include/autoware_auto_control_msgs/autoware_auto_control_msgs/msg/detail/ackermann_control_command__rosidl_typesupport_fastrtps_c.h
[2.158s] -- Up-to-date: /home/carla/Github/C-V2X-Autoware-Carla/install/autoware_auto_control_msgs/include/autoware_auto_control_msgs/autoware_auto_control_msgs/msg/detail/high_level_control_command__rosidl_typesupport_fastrtps_c.h
[2.158s] -- Up-to-date: /home/carla/Github/C-V2X-Autoware-Carla/install/autoware_auto_control_msgs/include/autoware_auto_control_msgs/autoware_auto_control_msgs/msg/rosidl_typesupport_fastrtps_c__visibility_control.h
[2.158s] -- Up-to-date: /home/carla/Github/C-V2X-Autoware-Carla/install/autoware_auto_control_msgs/lib/libautoware_auto_control_msgs__rosidl_typesupport_fastrtps_c.so
[2.159s] -- Up-to-date: /home/carla/Github/C-V2X-Autoware-Carla/install/autoware_auto_control_msgs/lib/libautoware_auto_control_msgs__rosidl_typesupport_c.so
[2.159s] -- Up-to-date: /home/carla/Github/C-V2X-Autoware-Carla/install/autoware_auto_control_msgs/include/autoware_auto_control_msgs/autoware_auto_control_msgs
[2.159s] -- Up-to-date: /home/carla/Github/C-V2X-Autoware-Carla/install/autoware_auto_control_msgs/include/autoware_auto_control_msgs/autoware_auto_control_msgs/msg
[2.159s] -- Up-to-date: /home/carla/Github/C-V2X-Autoware-Carla/install/autoware_auto_control_msgs/include/autoware_auto_control_msgs/autoware_auto_control_msgs/msg/detail
[2.159s] -- Up-to-date: /home/carla/Github/C-V2X-Autoware-Carla/install/autoware_auto_control_msgs/include/autoware_auto_control_msgs/autoware_auto_control_msgs/msg/detail/ackermann_lateral_command__builder.hpp
[2.159s] -- Up-to-date: /home/carla/Github/C-V2X-Autoware-Carla/install/autoware_auto_control_msgs/include/autoware_auto_control_msgs/autoware_auto_control_msgs/msg/detail/longitudinal_command__traits.hpp
[2.159s] -- Up-to-date: /home/carla/Github/C-V2X-Autoware-Carla/install/autoware_auto_control_msgs/include/autoware_auto_control_msgs/autoware_auto_control_msgs/msg/detail/ackermann_control_command__struct.hpp
[2.159s] -- Up-to-date: /home/carla/Github/C-V2X-Autoware-Carla/install/autoware_auto_control_msgs/include/autoware_auto_control_msgs/autoware_auto_control_msgs/msg/detail/longitudinal_command__struct.hpp
[2.159s] -- Up-to-date: /home/carla/Github/C-V2X-Autoware-Carla/install/autoware_auto_control_msgs/include/autoware_auto_control_msgs/autoware_auto_control_msgs/msg/detail/ackermann_control_command__builder.hpp
[2.159s] -- Up-to-date: /home/carla/Github/C-V2X-Autoware-Carla/install/autoware_auto_control_msgs/include/autoware_auto_control_msgs/autoware_auto_control_msgs/msg/detail/high_level_control_command__struct.hpp
[2.159s] -- Up-to-date: /home/carla/Github/C-V2X-Autoware-Carla/install/autoware_auto_control_msgs/include/autoware_auto_control_msgs/autoware_auto_control_msgs/msg/detail/ackermann_control_command__traits.hpp
[2.159s] -- Up-to-date: /home/carla/Github/C-V2X-Autoware-Carla/install/autoware_auto_control_msgs/include/autoware_auto_control_msgs/autoware_auto_control_msgs/msg/detail/ackermann_lateral_command__struct.hpp
[2.159s] -- Up-to-date: /home/carla/Github/C-V2X-Autoware-Carla/install/autoware_auto_control_msgs/include/autoware_auto_control_msgs/autoware_auto_control_msgs/msg/detail/ackermann_lateral_command__traits.hpp
[2.159s] -- Up-to-date: /home/carla/Github/C-V2X-Autoware-Carla/install/autoware_auto_control_msgs/include/autoware_auto_control_msgs/autoware_auto_control_msgs/msg/detail/longitudinal_command__builder.hpp
[2.159s] -- Up-to-date: /home/carla/Github/C-V2X-Autoware-Carla/install/autoware_auto_control_msgs/include/autoware_auto_control_msgs/autoware_auto_control_msgs/msg/detail/high_level_control_command__builder.hpp
[2.160s] -- Up-to-date: /home/carla/Github/C-V2X-Autoware-Carla/install/autoware_auto_control_msgs/include/autoware_auto_control_msgs/autoware_auto_control_msgs/msg/detail/high_level_control_command__traits.hpp
[2.160s] -- Up-to-date: /home/carla/Github/C-V2X-Autoware-Carla/install/autoware_auto_control_msgs/include/autoware_auto_control_msgs/autoware_auto_control_msgs/msg/longitudinal_command.hpp
[2.160s] -- Up-to-date: /home/carla/Github/C-V2X-Autoware-Carla/install/autoware_auto_control_msgs/include/autoware_auto_control_msgs/autoware_auto_control_msgs/msg/high_level_control_command.hpp
[2.160s] -- Up-to-date: /home/carla/Github/C-V2X-Autoware-Carla/install/autoware_auto_control_msgs/include/autoware_auto_control_msgs/autoware_auto_control_msgs/msg/ackermann_lateral_command.hpp
[2.160s] -- Up-to-date: /home/carla/Github/C-V2X-Autoware-Carla/install/autoware_auto_control_msgs/include/autoware_auto_control_msgs/autoware_auto_control_msgs/msg/ackermann_control_command.hpp
[2.160s] -- Up-to-date: /home/carla/Github/C-V2X-Autoware-Carla/install/autoware_auto_control_msgs/include/autoware_auto_control_msgs/autoware_auto_control_msgs
[2.160s] -- Up-to-date: /home/carla/Github/C-V2X-Autoware-Carla/install/autoware_auto_control_msgs/include/autoware_auto_control_msgs/autoware_auto_control_msgs/msg
[2.160s] -- Up-to-date: /home/carla/Github/C-V2X-Autoware-Carla/install/autoware_auto_control_msgs/include/autoware_auto_control_msgs/autoware_auto_control_msgs/msg/detail
[2.160s] -- Up-to-date: /home/carla/Github/C-V2X-Autoware-Carla/install/autoware_auto_control_msgs/include/autoware_auto_control_msgs/autoware_auto_control_msgs/msg/detail/longitudinal_command__type_support.cpp
[2.160s] -- Up-to-date: /home/carla/Github/C-V2X-Autoware-Carla/install/autoware_auto_control_msgs/include/autoware_auto_control_msgs/autoware_auto_control_msgs/msg/detail/high_level_control_command__rosidl_typesupport_introspection_cpp.hpp
[2.160s] -- Up-to-date: /home/carla/Github/C-V2X-Autoware-Carla/install/autoware_auto_control_msgs/include/autoware_auto_control_msgs/autoware_auto_control_msgs/msg/detail/high_level_control_command__type_support.cpp
[2.160s] -- Up-to-date: /home/carla/Github/C-V2X-Autoware-Carla/install/autoware_auto_control_msgs/include/autoware_auto_control_msgs/autoware_auto_control_msgs/msg/detail/longitudinal_command__rosidl_typesupport_introspection_cpp.hpp
[2.160s] -- Up-to-date: /home/carla/Github/C-V2X-Autoware-Carla/install/autoware_auto_control_msgs/include/autoware_auto_control_msgs/autoware_auto_control_msgs/msg/detail/ackermann_control_command__type_support.cpp
[2.160s] -- Up-to-date: /home/carla/Github/C-V2X-Autoware-Carla/install/autoware_auto_control_msgs/include/autoware_auto_control_msgs/autoware_auto_control_msgs/msg/detail/ackermann_lateral_command__type_support.cpp
[2.160s] -- Up-to-date: /home/carla/Github/C-V2X-Autoware-Carla/install/autoware_auto_control_msgs/include/autoware_auto_control_msgs/autoware_auto_control_msgs/msg/detail/ackermann_lateral_command__rosidl_typesupport_introspection_cpp.hpp
[2.160s] -- Up-to-date: /home/carla/Github/C-V2X-Autoware-Carla/install/autoware_auto_control_msgs/include/autoware_auto_control_msgs/autoware_auto_control_msgs/msg/detail/ackermann_control_command__rosidl_typesupport_introspection_cpp.hpp
[2.161s] -- Up-to-date: /home/carla/Github/C-V2X-Autoware-Carla/install/autoware_auto_control_msgs/lib/libautoware_auto_control_msgs__rosidl_typesupport_introspection_cpp.so
[2.161s] -- Up-to-date: /home/carla/Github/C-V2X-Autoware-Carla/install/autoware_auto_control_msgs/include/autoware_auto_control_msgs/autoware_auto_control_msgs
[2.161s] -- Up-to-date: /home/carla/Github/C-V2X-Autoware-Carla/install/autoware_auto_control_msgs/include/autoware_auto_control_msgs/autoware_auto_control_msgs/msg
[2.161s] -- Up-to-date: /home/carla/Github/C-V2X-Autoware-Carla/install/autoware_auto_control_msgs/include/autoware_auto_control_msgs/autoware_auto_control_msgs/msg/rosidl_typesupport_fastrtps_cpp__visibility_control.h
[2.161s] -- Up-to-date: /home/carla/Github/C-V2X-Autoware-Carla/install/autoware_auto_control_msgs/include/autoware_auto_control_msgs/autoware_auto_control_msgs/msg/detail
[2.161s] -- Up-to-date: /home/carla/Github/C-V2X-Autoware-Carla/install/autoware_auto_control_msgs/include/autoware_auto_control_msgs/autoware_auto_control_msgs/msg/detail/ackermann_control_command__rosidl_typesupport_fastrtps_cpp.hpp
[2.161s] -- Up-to-date: /home/carla/Github/C-V2X-Autoware-Carla/install/autoware_auto_control_msgs/include/autoware_auto_control_msgs/autoware_auto_control_msgs/msg/detail/dds_fastrtps
[2.161s] -- Up-to-date: /home/carla/Github/C-V2X-Autoware-Carla/install/autoware_auto_control_msgs/include/autoware_auto_control_msgs/autoware_auto_control_msgs/msg/detail/longitudinal_command__rosidl_typesupport_fastrtps_cpp.hpp
[2.161s] -- Up-to-date: /home/carla/Github/C-V2X-Autoware-Carla/install/autoware_auto_control_msgs/include/autoware_auto_control_msgs/autoware_auto_control_msgs/msg/detail/ackermann_lateral_command__rosidl_typesupport_fastrtps_cpp.hpp
[2.161s] -- Up-to-date: /home/carla/Github/C-V2X-Autoware-Carla/install/autoware_auto_control_msgs/include/autoware_auto_control_msgs/autoware_auto_control_msgs/msg/detail/high_level_control_command__rosidl_typesupport_fastrtps_cpp.hpp
[2.162s] -- Up-to-date: /home/carla/Github/C-V2X-Autoware-Carla/install/autoware_auto_control_msgs/lib/libautoware_auto_control_msgs__rosidl_typesupport_fastrtps_cpp.so
[2.162s] -- Up-to-date: /home/carla/Github/C-V2X-Autoware-Carla/install/autoware_auto_control_msgs/lib/libautoware_auto_control_msgs__rosidl_typesupport_cpp.so
[2.162s] -- Up-to-date: /home/carla/Github/C-V2X-Autoware-Carla/install/autoware_auto_control_msgs/share/autoware_auto_control_msgs/environment/pythonpath.sh
[2.162s] -- Up-to-date: /home/carla/Github/C-V2X-Autoware-Carla/install/autoware_auto_control_msgs/share/autoware_auto_control_msgs/environment/pythonpath.dsv
[2.162s] -- Up-to-date: /home/carla/Github/C-V2X-Autoware-Carla/install/autoware_auto_control_msgs/lib/python3.8/site-packages/autoware_auto_control_msgs-1.0.0-py3.8.egg-info
[2.162s] -- Installing: /home/carla/Github/C-V2X-Autoware-Carla/install/autoware_auto_control_msgs/lib/python3.8/site-packages/autoware_auto_control_msgs-1.0.0-py3.8.egg-info/SOURCES.txt
[2.163s] -- Installing: /home/carla/Github/C-V2X-Autoware-Carla/install/autoware_auto_control_msgs/lib/python3.8/site-packages/autoware_auto_control_msgs-1.0.0-py3.8.egg-info/PKG-INFO
[2.163s] -- Installing: /home/carla/Github/C-V2X-Autoware-Carla/install/autoware_auto_control_msgs/lib/python3.8/site-packages/autoware_auto_control_msgs-1.0.0-py3.8.egg-info/dependency_links.txt
[2.163s] -- Installing: /home/carla/Github/C-V2X-Autoware-Carla/install/autoware_auto_control_msgs/lib/python3.8/site-packages/autoware_auto_control_msgs-1.0.0-py3.8.egg-info/top_level.txt
[2.164s] -- Up-to-date: /home/carla/Github/C-V2X-Autoware-Carla/install/autoware_auto_control_msgs/lib/python3.8/site-packages/autoware_auto_control_msgs
[2.164s] -- Up-to-date: /home/carla/Github/C-V2X-Autoware-Carla/install/autoware_auto_control_msgs/lib/python3.8/site-packages/autoware_auto_control_msgs/_autoware_auto_control_msgs_s.ep.rosidl_typesupport_c.c
[2.164s] -- Up-to-date: /home/carla/Github/C-V2X-Autoware-Carla/install/autoware_auto_control_msgs/lib/python3.8/site-packages/autoware_auto_control_msgs/_autoware_auto_control_msgs_s.ep.rosidl_typesupport_introspection_c.c
[2.164s] -- Up-to-date: /home/carla/Github/C-V2X-Autoware-Carla/install/autoware_auto_control_msgs/lib/python3.8/site-packages/autoware_auto_control_msgs/autoware_auto_control_msgs_s__rosidl_typesupport_introspection_c.cpython-38-x86_64-linux-gnu.so
[2.164s] -- Up-to-date: /home/carla/Github/C-V2X-Autoware-Carla/install/autoware_auto_control_msgs/lib/python3.8/site-packages/autoware_auto_control_msgs/libautoware_auto_control_msgs__rosidl_generator_py.so
[2.164s] -- Up-to-date: /home/carla/Github/C-V2X-Autoware-Carla/install/autoware_auto_control_msgs/lib/python3.8/site-packages/autoware_auto_control_msgs/autoware_auto_control_msgs_s__rosidl_typesupport_fastrtps_c.cpython-38-x86_64-linux-gnu.so
[2.164s] -- Up-to-date: /home/carla/Github/C-V2X-Autoware-Carla/install/autoware_auto_control_msgs/lib/python3.8/site-packages/autoware_auto_control_msgs/__init__.py
[2.164s] -- Up-to-date: /home/carla/Github/C-V2X-Autoware-Carla/install/autoware_auto_control_msgs/lib/python3.8/site-packages/autoware_auto_control_msgs/msg
[2.164s] -- Up-to-date: /home/carla/Github/C-V2X-Autoware-Carla/install/autoware_auto_control_msgs/lib/python3.8/site-packages/autoware_auto_control_msgs/msg/_ackermann_lateral_command.py
[2.164s] -- Up-to-date: /home/carla/Github/C-V2X-Autoware-Carla/install/autoware_auto_control_msgs/lib/python3.8/site-packages/autoware_auto_control_msgs/msg/_longitudinal_command_s.c
[2.165s] -- Up-to-date: /home/carla/Github/C-V2X-Autoware-Carla/install/autoware_auto_control_msgs/lib/python3.8/site-packages/autoware_auto_control_msgs/msg/_ackermann_control_command_s.c
[2.165s] -- Up-to-date: /home/carla/Github/C-V2X-Autoware-Carla/install/autoware_auto_control_msgs/lib/python3.8/site-packages/autoware_auto_control_msgs/msg/_high_level_control_command_s.c
[2.165s] -- Up-to-date: /home/carla/Github/C-V2X-Autoware-Carla/install/autoware_auto_control_msgs/lib/python3.8/site-packages/autoware_auto_control_msgs/msg/_ackermann_lateral_command_s.c
[2.165s] -- Up-to-date: /home/carla/Github/C-V2X-Autoware-Carla/install/autoware_auto_control_msgs/lib/python3.8/site-packages/autoware_auto_control_msgs/msg/_longitudinal_command.py
[2.165s] -- Up-to-date: /home/carla/Github/C-V2X-Autoware-Carla/install/autoware_auto_control_msgs/lib/python3.8/site-packages/autoware_auto_control_msgs/msg/_ackermann_control_command.py
[2.165s] -- Up-to-date: /home/carla/Github/C-V2X-Autoware-Carla/install/autoware_auto_control_msgs/lib/python3.8/site-packages/autoware_auto_control_msgs/msg/_high_level_control_command.py
[2.165s] -- Up-to-date: /home/carla/Github/C-V2X-Autoware-Carla/install/autoware_auto_control_msgs/lib/python3.8/site-packages/autoware_auto_control_msgs/msg/__init__.py
[2.166s] -- Up-to-date: /home/carla/Github/C-V2X-Autoware-Carla/install/autoware_auto_control_msgs/lib/python3.8/site-packages/autoware_auto_control_msgs/_autoware_auto_control_msgs_s.ep.rosidl_typesupport_fastrtps_c.c
[2.166s] -- Up-to-date: /home/carla/Github/C-V2X-Autoware-Carla/install/autoware_auto_control_msgs/lib/python3.8/site-packages/autoware_auto_control_msgs/autoware_auto_control_msgs_s__rosidl_typesupport_c.cpython-38-x86_64-linux-gnu.so
[2.524s] Listing '/home/carla/Github/C-V2X-Autoware-Carla/install/autoware_auto_control_msgs/lib/python3.8/site-packages/autoware_auto_control_msgs'...
[2.524s] Listing '/home/carla/Github/C-V2X-Autoware-Carla/install/autoware_auto_control_msgs/lib/python3.8/site-packages/autoware_auto_control_msgs/msg'...
[2.529s] -- Up-to-date: /home/carla/Github/C-V2X-Autoware-Carla/install/autoware_auto_control_msgs/lib/python3.8/site-packages/autoware_auto_control_msgs/autoware_auto_control_msgs_s__rosidl_typesupport_introspection_c.cpython-38-x86_64-linux-gnu.so
[2.530s] -- Up-to-date: /home/carla/Github/C-V2X-Autoware-Carla/install/autoware_auto_control_msgs/lib/python3.8/site-packages/autoware_auto_control_msgs/autoware_auto_control_msgs_s__rosidl_typesupport_fastrtps_c.cpython-38-x86_64-linux-gnu.so
[2.530s] -- Up-to-date: /home/carla/Github/C-V2X-Autoware-Carla/install/autoware_auto_control_msgs/lib/python3.8/site-packages/autoware_auto_control_msgs/autoware_auto_control_msgs_s__rosidl_typesupport_c.cpython-38-x86_64-linux-gnu.so
[2.530s] -- Up-to-date: /home/carla/Github/C-V2X-Autoware-Carla/install/autoware_auto_control_msgs/lib/libautoware_auto_control_msgs__rosidl_generator_py.so
[2.534s] -- Up-to-date: /home/carla/Github/C-V2X-Autoware-Carla/install/autoware_auto_control_msgs/share/autoware_auto_control_msgs/msg/AckermannControlCommand.idl
[2.534s] -- Up-to-date: /home/carla/Github/C-V2X-Autoware-Carla/install/autoware_auto_control_msgs/share/autoware_auto_control_msgs/msg/AckermannLateralCommand.idl
[2.534s] -- Up-to-date: /home/carla/Github/C-V2X-Autoware-Carla/install/autoware_auto_control_msgs/share/autoware_auto_control_msgs/msg/HighLevelControlCommand.idl
[2.534s] -- Up-to-date: /home/carla/Github/C-V2X-Autoware-Carla/install/autoware_auto_control_msgs/share/autoware_auto_control_msgs/msg/LongitudinalCommand.idl
[2.534s] -- Up-to-date: /home/carla/Github/C-V2X-Autoware-Carla/install/autoware_auto_control_msgs/share/ament_index/resource_index/package_run_dependencies/autoware_auto_control_msgs
[2.534s] -- Up-to-date: /home/carla/Github/C-V2X-Autoware-Carla/install/autoware_auto_control_msgs/share/ament_index/resource_index/parent_prefix_path/autoware_auto_control_msgs
[2.534s] -- Up-to-date: /home/carla/Github/C-V2X-Autoware-Carla/install/autoware_auto_control_msgs/share/autoware_auto_control_msgs/environment/ament_prefix_path.dsv
[2.534s] -- Up-to-date: /home/carla/Github/C-V2X-Autoware-Carla/install/autoware_auto_control_msgs/share/autoware_auto_control_msgs/environment/path.dsv
[2.535s] -- Up-to-date: /home/carla/Github/C-V2X-Autoware-Carla/install/autoware_auto_control_msgs/share/autoware_auto_control_msgs/local_setup.bash
[2.535s] -- Up-to-date: /home/carla/Github/C-V2X-Autoware-Carla/install/autoware_auto_control_msgs/share/autoware_auto_control_msgs/local_setup.sh
[2.535s] -- Up-to-date: /home/carla/Github/C-V2X-Autoware-Carla/install/autoware_auto_control_msgs/share/autoware_auto_control_msgs/local_setup.zsh
[2.535s] -- Up-to-date: /home/carla/Github/C-V2X-Autoware-Carla/install/autoware_auto_control_msgs/share/autoware_auto_control_msgs/local_setup.dsv
[2.535s] -- Installing: /home/carla/Github/C-V2X-Autoware-Carla/install/autoware_auto_control_msgs/share/autoware_auto_control_msgs/package.dsv
[2.535s] -- Up-to-date: /home/carla/Github/C-V2X-Autoware-Carla/install/autoware_auto_control_msgs/share/ament_index/resource_index/packages/autoware_auto_control_msgs
[2.535s] -- Up-to-date: /home/carla/Github/C-V2X-Autoware-Carla/install/autoware_auto_control_msgs/share/autoware_auto_control_msgs/cmake/export_autoware_auto_control_msgs__rosidl_generator_cExport.cmake
[2.535s] -- Up-to-date: /home/carla/Github/C-V2X-Autoware-Carla/install/autoware_auto_control_msgs/share/autoware_auto_control_msgs/cmake/export_autoware_auto_control_msgs__rosidl_generator_cExport-noconfig.cmake
[2.535s] -- Up-to-date: /home/carla/Github/C-V2X-Autoware-Carla/install/autoware_auto_control_msgs/share/autoware_auto_control_msgs/cmake/autoware_auto_control_msgs__rosidl_typesupport_introspection_cExport.cmake
[2.535s] -- Up-to-date: /home/carla/Github/C-V2X-Autoware-Carla/install/autoware_auto_control_msgs/share/autoware_auto_control_msgs/cmake/autoware_auto_control_msgs__rosidl_typesupport_introspection_cExport-noconfig.cmake
[2.535s] -- Up-to-date: /home/carla/Github/C-V2X-Autoware-Carla/install/autoware_auto_control_msgs/share/autoware_auto_control_msgs/cmake/export_autoware_auto_control_msgs__rosidl_typesupport_fastrtps_cExport.cmake
[2.535s] -- Up-to-date: /home/carla/Github/C-V2X-Autoware-Carla/install/autoware_auto_control_msgs/share/autoware_auto_control_msgs/cmake/export_autoware_auto_control_msgs__rosidl_typesupport_fastrtps_cExport-noconfig.cmake
[2.535s] -- Up-to-date: /home/carla/Github/C-V2X-Autoware-Carla/install/autoware_auto_control_msgs/share/autoware_auto_control_msgs/cmake/autoware_auto_control_msgs__rosidl_typesupport_cExport.cmake
[2.535s] -- Up-to-date: /home/carla/Github/C-V2X-Autoware-Carla/install/autoware_auto_control_msgs/share/autoware_auto_control_msgs/cmake/autoware_auto_control_msgs__rosidl_typesupport_cExport-noconfig.cmake
[2.535s] -- Up-to-date: /home/carla/Github/C-V2X-Autoware-Carla/install/autoware_auto_control_msgs/share/autoware_auto_control_msgs/cmake/export_autoware_auto_control_msgs__rosidl_generator_cppExport.cmake
[2.535s] -- Up-to-date: /home/carla/Github/C-V2X-Autoware-Carla/install/autoware_auto_control_msgs/share/autoware_auto_control_msgs/cmake/autoware_auto_control_msgs__rosidl_typesupport_introspection_cppExport.cmake
[2.535s] -- Up-to-date: /home/carla/Github/C-V2X-Autoware-Carla/install/autoware_auto_control_msgs/share/autoware_auto_control_msgs/cmake/autoware_auto_control_msgs__rosidl_typesupport_introspection_cppExport-noconfig.cmake
[2.535s] -- Up-to-date: /home/carla/Github/C-V2X-Autoware-Carla/install/autoware_auto_control_msgs/share/autoware_auto_control_msgs/cmake/export_autoware_auto_control_msgs__rosidl_typesupport_fastrtps_cppExport.cmake
[2.535s] -- Up-to-date: /home/carla/Github/C-V2X-Autoware-Carla/install/autoware_auto_control_msgs/share/autoware_auto_control_msgs/cmake/export_autoware_auto_control_msgs__rosidl_typesupport_fastrtps_cppExport-noconfig.cmake
[2.535s] -- Up-to-date: /home/carla/Github/C-V2X-Autoware-Carla/install/autoware_auto_control_msgs/share/autoware_auto_control_msgs/cmake/autoware_auto_control_msgs__rosidl_typesupport_cppExport.cmake
[2.535s] -- Up-to-date: /home/carla/Github/C-V2X-Autoware-Carla/install/autoware_auto_control_msgs/share/autoware_auto_control_msgs/cmake/autoware_auto_control_msgs__rosidl_typesupport_cppExport-noconfig.cmake
[2.535s] -- Up-to-date: /home/carla/Github/C-V2X-Autoware-Carla/install/autoware_auto_control_msgs/share/autoware_auto_control_msgs/cmake/export_autoware_auto_control_msgs__rosidl_generator_pyExport.cmake
[2.535s] -- Up-to-date: /home/carla/Github/C-V2X-Autoware-Carla/install/autoware_auto_control_msgs/share/autoware_auto_control_msgs/cmake/export_autoware_auto_control_msgs__rosidl_generator_pyExport-noconfig.cmake
[2.535s] -- Up-to-date: /home/carla/Github/C-V2X-Autoware-Carla/install/autoware_auto_control_msgs/share/autoware_auto_control_msgs/cmake/rosidl_cmake-extras.cmake
[2.535s] -- Up-to-date: /home/carla/Github/C-V2X-Autoware-Carla/install/autoware_auto_control_msgs/share/autoware_auto_control_msgs/cmake/ament_cmake_export_dependencies-extras.cmake
[2.535s] -- Up-to-date: /home/carla/Github/C-V2X-Autoware-Carla/install/autoware_auto_control_msgs/share/autoware_auto_control_msgs/cmake/ament_cmake_export_include_directories-extras.cmake
[2.535s] -- Up-to-date: /home/carla/Github/C-V2X-Autoware-Carla/install/autoware_auto_control_msgs/share/autoware_auto_control_msgs/cmake/ament_cmake_export_libraries-extras.cmake
[2.535s] -- Up-to-date: /home/carla/Github/C-V2X-Autoware-Carla/install/autoware_auto_control_msgs/share/autoware_auto_control_msgs/cmake/ament_cmake_export_targets-extras.cmake
[2.535s] -- Up-to-date: /home/carla/Github/C-V2X-Autoware-Carla/install/autoware_auto_control_msgs/share/autoware_auto_control_msgs/cmake/rosidl_cmake_export_typesupport_targets-extras.cmake
[2.535s] -- Up-to-date: /home/carla/Github/C-V2X-Autoware-Carla/install/autoware_auto_control_msgs/share/autoware_auto_control_msgs/cmake/rosidl_cmake_export_typesupport_libraries-extras.cmake
[2.535s] -- Up-to-date: /home/carla/Github/C-V2X-Autoware-Carla/install/autoware_auto_control_msgs/share/autoware_auto_control_msgs/cmake/autoware_auto_control_msgsConfig.cmake
[2.536s] -- Up-to-date: /home/carla/Github/C-V2X-Autoware-Carla/install/autoware_auto_control_msgs/share/autoware_auto_control_msgs/cmake/autoware_auto_control_msgsConfig-version.cmake
[2.536s] -- Up-to-date: /home/carla/Github/C-V2X-Autoware-Carla/install/autoware_auto_control_msgs/share/autoware_auto_control_msgs/package.xml
[2.556s] Invoked command in '/home/carla/Github/C-V2X-Autoware-Carla/build/autoware_auto_control_msgs' returned '0': CMAKE_PREFIX_PATH=${CMAKE_PREFIX_PATH}:/home/carla/Github/C-V2X-Autoware-Carla/install/vehicle:/home/carla/Github/C-V2X-Autoware-Carla/install/infrastructure:/home/carla/ros2_humble/install/rqt_bag_plugins:/home/carla/ros2_humble/install/rqt_bag:/home/carla/ros2_humble/install/ros2bag:/home/carla/ros2_humble/install/tracetools_test:/home/carla/ros2_humble/install/tracetools_launch:/home/carla/ros2_humble/install/topic_monitor:/home/carla/ros2_humble/install/tf2_tools:/home/carla/ros2_humble/install/examples_tf2_py:/home/carla/ros2_humble/install/tf2_ros_py:/home/carla/ros2_humble/install/sros2:/home/carla/ros2_humble/install/rqt_topic:/home/carla/ros2_humble/install/rqt_srv:/home/carla/ros2_humble/install/rqt_shell:/home/carla/ros2_humble/install/rqt_service_caller:/home/carla/ros2_humble/install/rqt_reconfigure:/home/carla/ros2_humble/install/rqt_py_console:/home/carla/ros2_humble/install/rqt_publisher:/home/carla/ros2_humble/install/rqt_plot:/home/carla/ros2_humble/install/rqt_action:/home/carla/ros2_humble/install/rqt_msg:/home/carla/ros2_humble/install/rqt_console:/home/carla/ros2_humble/install/rqt:/home/carla/ros2_humble/install/rqt_graph:/home/carla/ros2_humble/install/rqt_gui_py:/home/carla/ros2_humble/install/rqt_gui:/home/carla/ros2_humble/install/ros2trace:/home/carla/ros2_humble/install/ros2topic:/home/carla/ros2_humble/install/ros2test:/home/carla/ros2_humble/install/ros2component:/home/carla/ros2_humble/install/ros2param:/home/carla/ros2_humble/install/ros2lifecycle:/home/carla/ros2_humble/install/ros2service:/home/carla/ros2_humble/install/ros2run:/home/carla/ros2_humble/install/ros2launch:/home/carla/ros2_humble/install/ros2pkg:/home/carla/ros2_humble/install/ros2node:/home/carla/ros2_humble/install/ros2multicast:/home/carla/ros2_humble/install/ros2interface:/home/carla/ros2_humble/install/ros2doctor:/home/carla/ros2_humble/install/ros2action:/home/carla/ros2_humble/install/ros2cli:/home/carla/ros2_humble/install/quality_of_service_demo_py:/home/carla/ros2_humble/install/lifecycle_py:/home/carla/ros2_humble/install/launch_testing_ros:/home/carla/ros2_humble/install/launch_ros:/home/carla/ros2_humble/install/examples_rclpy_pointcloud_publisher:/home/carla/ros2_humble/install/examples_rclpy_minimal_subscriber:/home/carla/ros2_humble/install/examples_rclpy_minimal_service:/home/carla/ros2_humble/install/examples_rclpy_minimal_publisher:/home/carla/ros2_humble/install/examples_rclpy_minimal_client:/home/carla/ros2_humble/install/examples_rclpy_minimal_action_server:/home/carla/ros2_humble/install/examples_rclpy_minimal_action_client:/home/carla/ros2_humble/install/examples_rclpy_guard_conditions:/home/carla/ros2_humble/install/examples_rclpy_executors:/home/carla/ros2_humble/install/demo_nodes_py:/home/carla/ros2_humble/install/action_tutorials_py:/home/carla/ros2_humble/install/ament_uncrustify:/home/carla/ros2_humble/install/tracetools_trace:/home/carla/ros2_humble/install/tracetools_read:/home/carla/ros2_humble/install/test_tracetools_launch:/home/carla/ros2_humble/install/test_launch_ros:/home/carla/ros2_humble/install/sensor_msgs_py:/home/carla/ros2_humble/install/rpyutils:/home/carla/ros2_humble/install/rosidl_runtime_py:/home/carla/ros2_humble/install/rosidl_cli:/home/carla/ros2_humble/install/launch_pytest:/home/carla/ros2_humble/install/launch_testing:/home/carla/ros2_humble/install/launch_yaml:/home/carla/ros2_humble/install/launch_xml:/home/carla/ros2_humble/install/launch:/home/carla/ros2_humble/install/osrf_pycommon:/home/carla/ros2_humble/install/launch_testing_examples:/home/carla/ros2_humble/install/domain_coordinator:/home/carla/ros2_humble/install/ament_xmllint:/home/carla/ros2_humble/install/ament_pyflakes:/home/carla/ros2_humble/install/ament_pycodestyle:/home/carla/ros2_humble/install/ament_pep257:/home/carla/ros2_humble/install/ament_pclint:/home/carla/ros2_humble/install/ament_package:/home/carla/ros2_humble/install/ament_mypy:/home/carla/ros2_humble/install/ament_lint_cmake:/home/carla/ros2_humble/install/ament_flake8:/home/carla/ros2_humble/install/ament_copyright:/home/carla/ros2_humble/install/ament_lint:/home/carla/ros2_humble/install/ament_index_python:/home/carla/ros2_humble/install/ament_cpplint:/home/carla/ros2_humble/install/ament_cppcheck:/home/carla/ros2_humble/install/ament_clang_tidy:/home/carla/ros2_humble/install/ament_clang_format /usr/bin/cmake --install /home/carla/Github/C-V2X-Autoware-Carla/build/autoware_auto_control_msgs
