[0.750s] Invoking command in '/media/william/blueicedrive/Github/AutowareUniverse-Carla/src/vehicle': PYTHONPATH=/media/william/blueicedrive/Github/AutowareUniverse-Carla/build/vehicle/prefix_override:/usr/lib/python3/dist-packages/colcon_core/task/python/colcon_distutils_commands:/media/william/blueicedrive/Github/AutowareUniverse-Carla/install/vehicle/lib/python3.10/site-packages:${PYTHONPATH} /usr/bin/python3 -W ignore:setup.py install is deprecated setup.py egg_info --egg-base ../../build/vehicle build --build-base /media/william/blueicedrive/Github/AutowareUniverse-Carla/build/vehicle/build install --record /media/william/blueicedrive/Github/AutowareUniverse-Carla/build/vehicle/install.log --single-version-externally-managed install_data
[1.011s] running egg_info
[1.022s] writing ../../build/vehicle/vehicle.egg-info/PKG-INFO
[1.022s] writing dependency_links to ../../build/vehicle/vehicle.egg-info/dependency_links.txt
[1.023s] writing entry points to ../../build/vehicle/vehicle.egg-info/entry_points.txt
[1.023s] writing requirements to ../../build/vehicle/vehicle.egg-info/requires.txt
[1.023s] writing top-level names to ../../build/vehicle/vehicle.egg-info/top_level.txt
[1.049s] reading manifest file '../../build/vehicle/vehicle.egg-info/SOURCES.txt'
[1.051s] writing manifest file '../../build/vehicle/vehicle.egg-info/SOURCES.txt'
[1.051s] running build
[1.051s] running build_py
[1.052s] copying vehicle/host_vehicle.py -> /media/william/blueicedrive/Github/AutowareUniverse-Carla/build/vehicle/build/lib/vehicle
[1.055s] copying vehicle/remote_vehicle.py -> /media/william/blueicedrive/Github/AutowareUniverse-Carla/build/vehicle/build/lib/vehicle
[1.055s] copying vehicle/ren_vehicle.py -> /media/william/blueicedrive/Github/AutowareUniverse-Carla/build/vehicle/build/lib/vehicle
[1.057s] copying vehicle/start_multiple.py -> /media/william/blueicedrive/Github/AutowareUniverse-Carla/build/vehicle/build/lib/vehicle
[1.057s] copying vehicle/__init__.py -> /media/william/blueicedrive/Github/AutowareUniverse-Carla/build/vehicle/build/lib/vehicle
[1.059s] running install
[1.062s] running install_lib
[1.076s] copying /media/william/blueicedrive/Github/AutowareUniverse-Carla/build/vehicle/build/lib/vehicle/host_vehicle.py -> /media/william/blueicedrive/Github/AutowareUniverse-Carla/install/vehicle/lib/python3.10/site-packages/vehicle
[1.079s] byte-compiling /media/william/blueicedrive/Github/AutowareUniverse-Carla/install/vehicle/lib/python3.10/site-packages/vehicle/host_vehicle.py to host_vehicle.cpython-310.pyc
[1.083s] running install_data
[1.084s] copying resource/vehicle -> /media/william/blueicedrive/Github/AutowareUniverse-Carla/install/vehicle/share/ament_index/resource_index/packages
[1.084s] copying package.xml -> /media/william/blueicedrive/Github/AutowareUniverse-Carla/install/vehicle/share/vehicle
[1.084s] running install_egg_info
[1.096s] removing '/media/william/blueicedrive/Github/AutowareUniverse-Carla/install/vehicle/lib/python3.10/site-packages/vehicle-0.0.0-py3.10.egg-info' (and everything under it)
[1.097s] Copying ../../build/vehicle/vehicle.egg-info to /media/william/blueicedrive/Github/AutowareUniverse-Carla/install/vehicle/lib/python3.10/site-packages/vehicle-0.0.0-py3.10.egg-info
[1.121s] running install_scripts
[1.217s] Installing host_vehicle script to /media/william/blueicedrive/Github/AutowareUniverse-Carla/install/vehicle/lib/vehicle
[1.217s] Installing remote_vehicle script to /media/william/blueicedrive/Github/AutowareUniverse-Carla/install/vehicle/lib/vehicle
[1.217s] Installing ren_vehicle script to /media/william/blueicedrive/Github/AutowareUniverse-Carla/install/vehicle/lib/vehicle
[1.218s] writing list of installed files to '/media/william/blueicedrive/Github/AutowareUniverse-Carla/build/vehicle/install.log'
[1.236s] Invoked command in '/media/william/blueicedrive/Github/AutowareUniverse-Carla/src/vehicle' returned '0': PYTHONPATH=/media/william/blueicedrive/Github/AutowareUniverse-Carla/build/vehicle/prefix_override:/usr/lib/python3/dist-packages/colcon_core/task/python/colcon_distutils_commands:/media/william/blueicedrive/Github/AutowareUniverse-Carla/install/vehicle/lib/python3.10/site-packages:${PYTHONPATH} /usr/bin/python3 -W ignore:setup.py install is deprecated setup.py egg_info --egg-base ../../build/vehicle build --build-base /media/william/blueicedrive/Github/AutowareUniverse-Carla/build/vehicle/build install --record /media/william/blueicedrive/Github/AutowareUniverse-Carla/build/vehicle/install.log --single-version-externally-managed install_data
