[1.566s] Invoking command in '/home/carla/Github/C-V2X-Autoware-Carla/src/vehicle': PYTHONPATH=/home/carla/Github/C-V2X-Autoware-Carla/build/vehicle/prefix_override:/home/carla/Github/C-V2X-Autoware-Carla/install/vehicle/lib/python3.8/site-packages:${PYTHONPATH} /usr/bin/python3 setup.py egg_info --egg-base ../../build/vehicle build --build-base /home/carla/Github/C-V2X-Autoware-Carla/build/vehicle/build install --record /home/carla/Github/C-V2X-Autoware-Carla/build/vehicle/install.log --single-version-externally-managed
[2.078s] running egg_info
[2.095s] writing ../../build/vehicle/vehicle.egg-info/PKG-INFO
[2.095s] writing dependency_links to ../../build/vehicle/vehicle.egg-info/dependency_links.txt
[2.095s] writing entry points to ../../build/vehicle/vehicle.egg-info/entry_points.txt
[2.095s] writing requirements to ../../build/vehicle/vehicle.egg-info/requires.txt
[2.095s] writing top-level names to ../../build/vehicle/vehicle.egg-info/top_level.txt
[2.134s] reading manifest file '../../build/vehicle/vehicle.egg-info/SOURCES.txt'
[2.134s] writing manifest file '../../build/vehicle/vehicle.egg-info/SOURCES.txt'
[2.134s] running build
[2.134s] running build_py
[2.134s] copying vehicle/host_vehicle.py -> /home/carla/Github/C-V2X-Autoware-Carla/build/vehicle/build/lib/vehicle
[2.135s] copying vehicle/remote_vehicle.py -> /home/carla/Github/C-V2X-Autoware-Carla/build/vehicle/build/lib/vehicle
[2.135s] copying vehicle/start_multiple.py -> /home/carla/Github/C-V2X-Autoware-Carla/build/vehicle/build/lib/vehicle
[2.135s] copying vehicle/__init__.py -> /home/carla/Github/C-V2X-Autoware-Carla/build/vehicle/build/lib/vehicle
[2.135s] copying vehicle/ren_vehicle.py -> /home/carla/Github/C-V2X-Autoware-Carla/build/vehicle/build/lib/vehicle
[2.135s] running install
[2.135s] /home/carla/.local/lib/python3.8/site-packages/setuptools/_distutils/cmd.py:66: SetuptoolsDeprecationWarning: setup.py install is deprecated.
[2.135s] !!
[2.135s] 
[2.135s]         ********************************************************************************
[2.135s]         Please avoid running ``setup.py`` directly.
[2.135s]         Instead, use pypa/build, pypa/installer or other
[2.135s]         standards-based tools.
[2.135s] 
[2.135s]         See https://blog.ganssle.io/articles/2021/10/setup-py-deprecated.html for details.
[2.135s]         ********************************************************************************
[2.135s] 
[2.135s] !!
[2.135s]   self.initialize_options()
[2.139s] running install_lib
[2.157s] copying /home/carla/Github/C-V2X-Autoware-Carla/build/vehicle/build/lib/vehicle/host_vehicle.py -> /home/carla/Github/C-V2X-Autoware-Carla/install/vehicle/lib/python3.8/site-packages/vehicle
[2.158s] byte-compiling /home/carla/Github/C-V2X-Autoware-Carla/install/vehicle/lib/python3.8/site-packages/vehicle/host_vehicle.py to host_vehicle.cpython-38.pyc
[2.161s] running install_data
[2.178s] copying resource/vehicle -> /home/carla/Github/C-V2X-Autoware-Carla/install/vehicle/share/ament_index/resource_index/packages
[2.178s] copying package.xml -> /home/carla/Github/C-V2X-Autoware-Carla/install/vehicle/share/vehicle
[2.178s] running install_egg_info
[2.197s] removing '/home/carla/Github/C-V2X-Autoware-Carla/install/vehicle/lib/python3.8/site-packages/vehicle-0.0.0-py3.8.egg-info' (and everything under it)
[2.197s] Copying ../../build/vehicle/vehicle.egg-info to /home/carla/Github/C-V2X-Autoware-Carla/install/vehicle/lib/python3.8/site-packages/vehicle-0.0.0-py3.8.egg-info
[2.197s] running install_scripts
[2.349s] Installing host_vehicle script to /home/carla/Github/C-V2X-Autoware-Carla/install/vehicle/lib/vehicle
[2.349s] Installing remote_vehicle script to /home/carla/Github/C-V2X-Autoware-Carla/install/vehicle/lib/vehicle
[2.349s] Installing ren_vehicle script to /home/carla/Github/C-V2X-Autoware-Carla/install/vehicle/lib/vehicle
[2.349s] writing list of installed files to '/home/carla/Github/C-V2X-Autoware-Carla/build/vehicle/install.log'
[2.364s] Invoked command in '/home/carla/Github/C-V2X-Autoware-Carla/src/vehicle' returned '0': PYTHONPATH=/home/carla/Github/C-V2X-Autoware-Carla/build/vehicle/prefix_override:/home/carla/Github/C-V2X-Autoware-Carla/install/vehicle/lib/python3.8/site-packages:${PYTHONPATH} /usr/bin/python3 setup.py egg_info --egg-base ../../build/vehicle build --build-base /home/carla/Github/C-V2X-Autoware-Carla/build/vehicle/build install --record /home/carla/Github/C-V2X-Autoware-Carla/build/vehicle/install.log --single-version-externally-managed
