[1.744s] Invoking command in '/home/carla/Github/C-V2X-Autoware-Carla/src/infrastructure': PYTHONPATH=/home/carla/Github/C-V2X-Autoware-Carla/build/infrastructure/prefix_override:/home/carla/Github/C-V2X-Autoware-Carla/install/infrastructure/lib/python3.8/site-packages:${PYTHONPATH} /usr/bin/python3 setup.py egg_info --egg-base ../../build/infrastructure build --build-base /home/carla/Github/C-V2X-Autoware-Carla/build/infrastructure/build install --record /home/carla/Github/C-V2X-Autoware-Carla/build/infrastructure/install.log --single-version-externally-managed
[2.240s] running egg_info
[2.241s] creating ../../build/infrastructure/infrastructure.egg-info
[2.241s] writing ../../build/infrastructure/infrastructure.egg-info/PKG-INFO
[2.241s] writing dependency_links to ../../build/infrastructure/infrastructure.egg-info/dependency_links.txt
[2.241s] writing entry points to ../../build/infrastructure/infrastructure.egg-info/entry_points.txt
[2.241s] writing requirements to ../../build/infrastructure/infrastructure.egg-info/requires.txt
[2.241s] writing top-level names to ../../build/infrastructure/infrastructure.egg-info/top_level.txt
[2.242s] writing manifest file '../../build/infrastructure/infrastructure.egg-info/SOURCES.txt'
[2.284s] reading manifest file '../../build/infrastructure/infrastructure.egg-info/SOURCES.txt'
[2.285s] writing manifest file '../../build/infrastructure/infrastructure.egg-info/SOURCES.txt'
[2.285s] running build
[2.285s] running build_py
[2.285s] creating /home/carla/Github/C-V2X-Autoware-Carla/build/infrastructure/build
[2.285s] creating /home/carla/Github/C-V2X-Autoware-Carla/build/infrastructure/build/lib
[2.285s] creating /home/carla/Github/C-V2X-Autoware-Carla/build/infrastructure/build/lib/infrastructure
[2.285s] copying infrastructure/SSM.py -> /home/carla/Github/C-V2X-Autoware-Carla/build/infrastructure/build/lib/infrastructure
[2.286s] copying infrastructure/SRM.py -> /home/carla/Github/C-V2X-Autoware-Carla/build/infrastructure/build/lib/infrastructure
[2.286s] copying infrastructure/__init__.py -> /home/carla/Github/C-V2X-Autoware-Carla/build/infrastructure/build/lib/infrastructure
[2.286s] copying infrastructure/MAP.py -> /home/carla/Github/C-V2X-Autoware-Carla/build/infrastructure/build/lib/infrastructure
[2.286s] running install
[2.289s] running install_lib
[2.290s] creating /home/carla/Github/C-V2X-Autoware-Carla/install/infrastructure/lib/python3.8/site-packages/infrastructure
[2.290s] copying /home/carla/Github/C-V2X-Autoware-Carla/build/infrastructure/build/lib/infrastructure/SSM.py -> /home/carla/Github/C-V2X-Autoware-Carla/install/infrastructure/lib/python3.8/site-packages/infrastructure
[2.290s] copying /home/carla/Github/C-V2X-Autoware-Carla/build/infrastructure/build/lib/infrastructure/SRM.py -> /home/carla/Github/C-V2X-Autoware-Carla/install/infrastructure/lib/python3.8/site-packages/infrastructure
[2.290s] copying /home/carla/Github/C-V2X-Autoware-Carla/build/infrastructure/build/lib/infrastructure/__init__.py -> /home/carla/Github/C-V2X-Autoware-Carla/install/infrastructure/lib/python3.8/site-packages/infrastructure
[2.290s] copying /home/carla/Github/C-V2X-Autoware-Carla/build/infrastructure/build/lib/infrastructure/MAP.py -> /home/carla/Github/C-V2X-Autoware-Carla/install/infrastructure/lib/python3.8/site-packages/infrastructure
[2.292s] byte-compiling /home/carla/Github/C-V2X-Autoware-Carla/install/infrastructure/lib/python3.8/site-packages/infrastructure/SSM.py to SSM.cpython-38.pyc
[2.294s] byte-compiling /home/carla/Github/C-V2X-Autoware-Carla/install/infrastructure/lib/python3.8/site-packages/infrastructure/SRM.py to SRM.cpython-38.pyc
[2.295s] byte-compiling /home/carla/Github/C-V2X-Autoware-Carla/install/infrastructure/lib/python3.8/site-packages/infrastructure/__init__.py to __init__.cpython-38.pyc
[2.295s] byte-compiling /home/carla/Github/C-V2X-Autoware-Carla/install/infrastructure/lib/python3.8/site-packages/infrastructure/MAP.py to MAP.cpython-38.pyc
[2.296s] running install_data
[2.296s] creating /home/carla/Github/C-V2X-Autoware-Carla/install/infrastructure/share/ament_index
[2.296s] creating /home/carla/Github/C-V2X-Autoware-Carla/install/infrastructure/share/ament_index/resource_index
[2.296s] creating /home/carla/Github/C-V2X-Autoware-Carla/install/infrastructure/share/ament_index/resource_index/packages
[2.296s] copying resource/infrastructure -> /home/carla/Github/C-V2X-Autoware-Carla/install/infrastructure/share/ament_index/resource_index/packages
[2.297s] copying package.xml -> /home/carla/Github/C-V2X-Autoware-Carla/install/infrastructure/share/infrastructure
[2.297s] running install_egg_info
[2.300s] Copying ../../build/infrastructure/infrastructure.egg-info to /home/carla/Github/C-V2X-Autoware-Carla/install/infrastructure/lib/python3.8/site-packages/infrastructure-0.0.0-py3.8.egg-info
[2.301s] running install_scripts
[2.332s] Installing MAP script to /home/carla/Github/C-V2X-Autoware-Carla/install/infrastructure/lib/infrastructure
[2.332s] Installing SSM script to /home/carla/Github/C-V2X-Autoware-Carla/install/infrastructure/lib/infrastructure
[2.332s] writing list of installed files to '/home/carla/Github/C-V2X-Autoware-Carla/build/infrastructure/install.log'
[2.363s] Invoked command in '/home/carla/Github/C-V2X-Autoware-Carla/src/infrastructure' returned '0': PYTHONPATH=/home/carla/Github/C-V2X-Autoware-Carla/build/infrastructure/prefix_override:/home/carla/Github/C-V2X-Autoware-Carla/install/infrastructure/lib/python3.8/site-packages:${PYTHONPATH} /usr/bin/python3 setup.py egg_info --egg-base ../../build/infrastructure build --build-base /home/carla/Github/C-V2X-Autoware-Carla/build/infrastructure/build install --record /home/carla/Github/C-V2X-Autoware-Carla/build/infrastructure/install.log --single-version-externally-managed
