-- Found ament_cmake_auto: 1.3.8 (/home/carla/ros2_humble/install/ament_cmake_auto/share/ament_cmake_auto/cmake)
-- Found Python3: /usr/bin/python3 (found version "3.8.10") found components: Interpreter 
-- Override CMake install command with custom implementation using symlinks instead of copying resources
-- Using all available rosidl_typesupport_c: rosidl_typesupport_introspection_c;rosidl_typesupport_fastrtps_c
-- Found rosidl_adapter: 3.1.5 (/home/carla/ros2_humble/install/rosidl_adapter/share/rosidl_adapter/cmake)
-- Using all available rosidl_typesupport_cpp: rosidl_typesupport_introspection_cpp;rosidl_typesupport_fastrtps_cpp
-- Found ament_cmake_cppcheck: 0.12.10 (/home/carla/ros2_humble/install/ament_cmake_cppcheck/share/ament_cmake_cppcheck/cmake)
-- Found ament_cmake_cpplint: 0.12.10 (/home/carla/ros2_humble/install/ament_cmake_cpplint/share/ament_cmake_cpplint/cmake)
-- Found ament_cmake_uncrustify: 0.12.10 (/home/carla/ros2_humble/install/ament_cmake_uncrustify/share/ament_cmake_uncrustify/cmake)
-- Found ament_cmake_ros: 0.10.0 (/home/carla/ros2_humble/install/ament_cmake_ros/share/ament_cmake_ros/cmake)
-- Using all available rosidl_typesupport_c: rosidl_typesupport_introspection_c;rosidl_typesupport_fastrtps_c
-- Using all available rosidl_typesupport_cpp: rosidl_typesupport_introspection_cpp;rosidl_typesupport_fastrtps_cpp
-- Found python_cmake_module: 0.10.0 (/home/carla/ros2_humble/install/python_cmake_module/share/python_cmake_module/cmake)
-- Using PYTHON_EXECUTABLE: /usr/bin/python3
-- Using PYTHON_INCLUDE_DIRS: /usr/include/python3.8
-- Using PYTHON_LIBRARIES: /usr/lib/x86_64-linux-gnu/libpython3.8.so
-- Found ament_cmake_flake8: 0.12.10 (/home/carla/ros2_humble/install/ament_cmake_flake8/share/ament_cmake_flake8/cmake)
-- Found ament_cmake_pep257: 0.12.10 (/home/carla/ros2_humble/install/ament_cmake_pep257/share/ament_cmake_pep257/cmake)
-- Found ament_lint_auto: 0.12.10 (/home/carla/ros2_humble/install/ament_lint_auto/share/ament_lint_auto/cmake)
-- Added test 'copyright' to check source files copyright and LICENSE
-- Added test 'lint_cmake' to check CMake code style
-- Added test 'xmllint' to check XML markup files
-- Configuring done
-- Generating done
-- Build files have been written to: /home/carla/Github/C-V2X-Autoware-Carla/build/autoware_auto_geometry_msgs
[  2%] [34m[1mGenerating C code for ROS interfaces[0m
[  4%] [34m[1mGenerating C++ code for ROS interfaces[0m
failed to create symbolic link '/home/carla/Github/C-V2X-Autoware-Carla/build/autoware_auto_geometry_msgs/ament_cmake_python/autoware_auto_geometry_msgs/autoware_auto_geometry_msgs' because existing path cannot be removed: Is a directory
make[2]: *** [CMakeFiles/ament_cmake_python_symlink_autoware_auto_geometry_msgs.dir/build.make:57: CMakeFiles/ament_cmake_python_symlink_autoware_auto_geometry_msgs] Error 1
make[1]: *** [CMakeFiles/Makefile2:441: CMakeFiles/ament_cmake_python_symlink_autoware_auto_geometry_msgs.dir/all] Error 2
make[1]: *** Waiting for unfinished jobs....
[35m[1mScanning dependencies of target autoware_auto_geometry_msgs__rosidl_generator_c[0m
[  8%] [32mBuilding C object CMakeFiles/autoware_auto_geometry_msgs__rosidl_generator_c.dir/rosidl_generator_c/autoware_auto_geometry_msgs/msg/detail/complex32__functions.c.o[0m
[  8%] [32mBuilding C object CMakeFiles/autoware_auto_geometry_msgs__rosidl_generator_c.dir/rosidl_generator_c/autoware_auto_geometry_msgs/msg/detail/relative_position_with_covariance_stamped__functions.c.o[0m
[ 10%] [32mBuilding C object CMakeFiles/autoware_auto_geometry_msgs__rosidl_generator_c.dir/rosidl_generator_c/autoware_auto_geometry_msgs/msg/detail/quaternion32__functions.c.o[0m
[ 12%] [32m[1mLinking C shared library libautoware_auto_geometry_msgs__rosidl_generator_c.so[0m
[ 12%] Built target autoware_auto_geometry_msgs__cpp
[ 12%] Built target autoware_auto_geometry_msgs__rosidl_generator_c
make: *** [Makefile:141: all] Error 2
