[0.216s] Invoking command in '/home/carla/Documents/GitHub/C-V2X-Autoware-Carla/build/vision_opencv': AMENT_PREFIX_PATH=/home/carla/Documents/GitHub/C-V2X-Autoware-Carla/install/image_geometry:/home/carla/Documents/GitHub/C-V2X-Autoware-Carla/install/cv_bridge:${AMENT_PREFIX_PATH} CMAKE_PREFIX_PATH=/home/carla/Documents/GitHub/C-V2X-Autoware-Carla/install/image_geometry:/home/carla/Documents/GitHub/C-V2X-Autoware-Carla/install/cv_bridge:/opt/ros/galactic LD_LIBRARY_PATH=/home/carla/Documents/GitHub/C-V2X-Autoware-Carla/install/image_geometry/lib:/home/carla/Documents/GitHub/C-V2X-Autoware-Carla/install/cv_bridge/lib:${LD_LIBRARY_PATH} PYTHONPATH=/home/carla/Documents/GitHub/C-V2X-Autoware-Carla/install/image_geometry/lib/python3.8/site-packages:/home/carla/Documents/GitHub/C-V2X-Autoware-Carla/install/cv_bridge/lib/python3.8/site-packages:${PYTHONPATH} /usr/bin/cmake --build /home/carla/Documents/GitHub/C-V2X-Autoware-Carla/build/vision_opencv -- -j20 -l20
[0.239s] Invoked command in '/home/carla/Documents/GitHub/C-V2X-Autoware-Carla/build/vision_opencv' returned '0': AMENT_PREFIX_PATH=/home/carla/Documents/GitHub/C-V2X-Autoware-Carla/install/image_geometry:/home/carla/Documents/GitHub/C-V2X-Autoware-Carla/install/cv_bridge:${AMENT_PREFIX_PATH} CMAKE_PREFIX_PATH=/home/carla/Documents/GitHub/C-V2X-Autoware-Carla/install/image_geometry:/home/carla/Documents/GitHub/C-V2X-Autoware-Carla/install/cv_bridge:/opt/ros/galactic LD_LIBRARY_PATH=/home/carla/Documents/GitHub/C-V2X-Autoware-Carla/install/image_geometry/lib:/home/carla/Documents/GitHub/C-V2X-Autoware-Carla/install/cv_bridge/lib:${LD_LIBRARY_PATH} PYTHONPATH=/home/carla/Documents/GitHub/C-V2X-Autoware-Carla/install/image_geometry/lib/python3.8/site-packages:/home/carla/Documents/GitHub/C-V2X-Autoware-Carla/install/cv_bridge/lib/python3.8/site-packages:${PYTHONPATH} /usr/bin/cmake --build /home/carla/Documents/GitHub/C-V2X-Autoware-Carla/build/vision_opencv -- -j20 -l20
[0.253s] Invoking command in '/home/carla/Documents/GitHub/C-V2X-Autoware-Carla/build/vision_opencv': AMENT_PREFIX_PATH=/home/carla/Documents/GitHub/C-V2X-Autoware-Carla/install/image_geometry:/home/carla/Documents/GitHub/C-V2X-Autoware-Carla/install/cv_bridge:${AMENT_PREFIX_PATH} CMAKE_PREFIX_PATH=/home/carla/Documents/GitHub/C-V2X-Autoware-Carla/install/image_geometry:/home/carla/Documents/GitHub/C-V2X-Autoware-Carla/install/cv_bridge:/opt/ros/galactic LD_LIBRARY_PATH=/home/carla/Documents/GitHub/C-V2X-Autoware-Carla/install/image_geometry/lib:/home/carla/Documents/GitHub/C-V2X-Autoware-Carla/install/cv_bridge/lib:${LD_LIBRARY_PATH} PYTHONPATH=/home/carla/Documents/GitHub/C-V2X-Autoware-Carla/install/image_geometry/lib/python3.8/site-packages:/home/carla/Documents/GitHub/C-V2X-Autoware-Carla/install/cv_bridge/lib/python3.8/site-packages:${PYTHONPATH} /usr/bin/cmake --install /home/carla/Documents/GitHub/C-V2X-Autoware-Carla/build/vision_opencv
[0.258s] -- Install configuration: ""
[0.258s] -- Execute custom install script
[0.258s] -- Up-to-date symlink: /home/carla/Documents/GitHub/C-V2X-Autoware-Carla/install/vision_opencv/share/ament_index/resource_index/package_run_dependencies/vision_opencv
[0.258s] -- Up-to-date symlink: /home/carla/Documents/GitHub/C-V2X-Autoware-Carla/install/vision_opencv/share/ament_index/resource_index/parent_prefix_path/vision_opencv
[0.258s] -- Up-to-date symlink: /home/carla/Documents/GitHub/C-V2X-Autoware-Carla/install/vision_opencv/share/vision_opencv/environment/ament_prefix_path.sh
[0.258s] -- Up-to-date symlink: /home/carla/Documents/GitHub/C-V2X-Autoware-Carla/install/vision_opencv/share/vision_opencv/environment/ament_prefix_path.dsv
[0.258s] -- Up-to-date symlink: /home/carla/Documents/GitHub/C-V2X-Autoware-Carla/install/vision_opencv/share/vision_opencv/environment/path.sh
[0.259s] -- Up-to-date symlink: /home/carla/Documents/GitHub/C-V2X-Autoware-Carla/install/vision_opencv/share/vision_opencv/environment/path.dsv
[0.259s] -- Up-to-date symlink: /home/carla/Documents/GitHub/C-V2X-Autoware-Carla/install/vision_opencv/share/vision_opencv/local_setup.bash
[0.259s] -- Up-to-date symlink: /home/carla/Documents/GitHub/C-V2X-Autoware-Carla/install/vision_opencv/share/vision_opencv/local_setup.sh
[0.259s] -- Up-to-date symlink: /home/carla/Documents/GitHub/C-V2X-Autoware-Carla/install/vision_opencv/share/vision_opencv/local_setup.zsh
[0.259s] -- Up-to-date symlink: /home/carla/Documents/GitHub/C-V2X-Autoware-Carla/install/vision_opencv/share/vision_opencv/local_setup.dsv
[0.259s] -- Symlinking: /home/carla/Documents/GitHub/C-V2X-Autoware-Carla/install/vision_opencv/share/vision_opencv/package.dsv
[0.265s] -- Up-to-date symlink: /home/carla/Documents/GitHub/C-V2X-Autoware-Carla/install/vision_opencv/share/ament_index/resource_index/packages/vision_opencv
[0.265s] -- Up-to-date symlink: /home/carla/Documents/GitHub/C-V2X-Autoware-Carla/install/vision_opencv/share/vision_opencv/cmake/vision_opencvConfig.cmake
[0.265s] -- Up-to-date symlink: /home/carla/Documents/GitHub/C-V2X-Autoware-Carla/install/vision_opencv/share/vision_opencv/cmake/vision_opencvConfig-version.cmake
[0.266s] -- Up-to-date symlink: /home/carla/Documents/GitHub/C-V2X-Autoware-Carla/install/vision_opencv/share/vision_opencv/package.xml
[0.273s] Invoked command in '/home/carla/Documents/GitHub/C-V2X-Autoware-Carla/build/vision_opencv' returned '0': AMENT_PREFIX_PATH=/home/carla/Documents/GitHub/C-V2X-Autoware-Carla/install/image_geometry:/home/carla/Documents/GitHub/C-V2X-Autoware-Carla/install/cv_bridge:${AMENT_PREFIX_PATH} CMAKE_PREFIX_PATH=/home/carla/Documents/GitHub/C-V2X-Autoware-Carla/install/image_geometry:/home/carla/Documents/GitHub/C-V2X-Autoware-Carla/install/cv_bridge:/opt/ros/galactic LD_LIBRARY_PATH=/home/carla/Documents/GitHub/C-V2X-Autoware-Carla/install/image_geometry/lib:/home/carla/Documents/GitHub/C-V2X-Autoware-Carla/install/cv_bridge/lib:${LD_LIBRARY_PATH} PYTHONPATH=/home/carla/Documents/GitHub/C-V2X-Autoware-Carla/install/image_geometry/lib/python3.8/site-packages:/home/carla/Documents/GitHub/C-V2X-Autoware-Carla/install/cv_bridge/lib/python3.8/site-packages:${PYTHONPATH} /usr/bin/cmake --install /home/carla/Documents/GitHub/C-V2X-Autoware-Carla/build/vision_opencv
