[0.924s] Invoking command in '/home/carla/Documents/GitHub/C-V2X-Autoware-Carla/src/infrastructure': PYTHONPATH=/home/carla/Documents/GitHub/C-V2X-Autoware-Carla/install/infrastructure/lib/python3.8/site-packages:${PYTHONPATH} /usr/bin/python3 setup.py egg_info --egg-base ../../build/infrastructure build --build-base /home/carla/Documents/GitHub/C-V2X-Autoware-Carla/build/infrastructure/build install --prefix /home/carla/Documents/GitHub/C-V2X-Autoware-Carla/install/infrastructure --record /home/carla/Documents/GitHub/C-V2X-Autoware-Carla/build/infrastructure/install.log --single-version-externally-managed
[1.140s] running egg_info
[1.147s] writing ../../build/infrastructure/infrastructure.egg-info/PKG-INFO
[1.147s] writing dependency_links to ../../build/infrastructure/infrastructure.egg-info/dependency_links.txt
[1.147s] writing entry points to ../../build/infrastructure/infrastructure.egg-info/entry_points.txt
[1.148s] writing requirements to ../../build/infrastructure/infrastructure.egg-info/requires.txt
[1.148s] writing top-level names to ../../build/infrastructure/infrastructure.egg-info/top_level.txt
[1.169s] reading manifest file '../../build/infrastructure/infrastructure.egg-info/SOURCES.txt'
[1.170s] writing manifest file '../../build/infrastructure/infrastructure.egg-info/SOURCES.txt'
[1.170s] running build
[1.170s] running build_py
[1.170s] running install
[1.170s] /home/carla/.local/lib/python3.8/site-packages/setuptools/command/install.py:34: SetuptoolsDeprecationWarning: setup.py install is deprecated. Use build and pip and other standards-based tools.
[1.170s]   warnings.warn(
[1.173s] running install_lib
[1.181s] running install_data
[1.189s] running install_egg_info
[1.197s] removing '/home/carla/Documents/GitHub/C-V2X-Autoware-Carla/install/infrastructure/lib/python3.8/site-packages/infrastructure-0.0.0-py3.8.egg-info' (and everything under it)
[1.197s] Copying ../../build/infrastructure/infrastructure.egg-info to /home/carla/Documents/GitHub/C-V2X-Autoware-Carla/install/infrastructure/lib/python3.8/site-packages/infrastructure-0.0.0-py3.8.egg-info
[1.197s] running install_scripts
[1.230s] Installing MAP script to /home/carla/Documents/GitHub/C-V2X-Autoware-Carla/install/infrastructure/lib/infrastructure
[1.230s] Installing SSM script to /home/carla/Documents/GitHub/C-V2X-Autoware-Carla/install/infrastructure/lib/infrastructure
[1.230s] writing list of installed files to '/home/carla/Documents/GitHub/C-V2X-Autoware-Carla/build/infrastructure/install.log'
[1.272s] Invoked command in '/home/carla/Documents/GitHub/C-V2X-Autoware-Carla/src/infrastructure' returned '0': PYTHONPATH=/home/carla/Documents/GitHub/C-V2X-Autoware-Carla/install/infrastructure/lib/python3.8/site-packages:${PYTHONPATH} /usr/bin/python3 setup.py egg_info --egg-base ../../build/infrastructure build --build-base /home/carla/Documents/GitHub/C-V2X-Autoware-Carla/build/infrastructure/build install --prefix /home/carla/Documents/GitHub/C-V2X-Autoware-Carla/install/infrastructure --record /home/carla/Documents/GitHub/C-V2X-Autoware-Carla/build/infrastructure/install.log --single-version-externally-managed
