[0.088s] Invoking command in '/media/william/blueicedrive/Github/AutowareUniverse-Carla/build/autoware_auto_geometry_msgs': /usr/bin/cmake --build /media/william/blueicedrive/Github/AutowareUniverse-Carla/build/autoware_auto_geometry_msgs -- -j20 -l20
[4.164s] [35m[1mConsolidate compiler generated dependencies of target autoware_auto_geometry_msgs__rosidl_generator_c[0m
[4.195s] [  2%] Built target autoware_auto_geometry_msgs__cpp
[4.209s] [35m[1mConsolidate compiler generated dependencies of target autoware_auto_geometry_msgs__rosidl_typesupport_cpp[0m
[4.210s] [35m[1mConsolidate compiler generated dependencies of target autoware_auto_geometry_msgs__rosidl_typesupport_introspection_cpp[0m
[4.227s] [35m[1mConsolidate compiler generated dependencies of target autoware_auto_geometry_msgs__rosidl_typesupport_fastrtps_cpp[0m
[4.233s] [ 12%] Built target autoware_auto_geometry_msgs__rosidl_generator_c
[4.235s] [35m[1mConsolidate compiler generated dependencies of target autoware_auto_geometry_msgs__rosidl_typesupport_c[0m
[4.236s] [35m[1mConsolidate compiler generated dependencies of target autoware_auto_geometry_msgs__rosidl_typesupport_introspection_c[0m
[4.247s] [35m[1mConsolidate compiler generated dependencies of target autoware_auto_geometry_msgs__rosidl_typesupport_fastrtps_c[0m
[4.248s] [ 12%] Built target ament_cmake_python_copy_autoware_auto_geometry_msgs
[4.249s] [ 23%] Built target autoware_auto_geometry_msgs__rosidl_typesupport_c
[4.258s] [ 34%] Built target autoware_auto_geometry_msgs__rosidl_typesupport_cpp
[4.259s] [ 44%] Built target autoware_auto_geometry_msgs__rosidl_typesupport_introspection_c
[4.261s] [ 55%] Built target autoware_auto_geometry_msgs__rosidl_typesupport_introspection_cpp
[4.658s] [ 65%] Built target autoware_auto_geometry_msgs__rosidl_typesupport_fastrtps_cpp
[5.580s] running egg_info
[5.628s] writing autoware_auto_geometry_msgs.egg-info/PKG-INFO
[5.728s] [ 76%] Built target autoware_auto_geometry_msgs__rosidl_typesupport_fastrtps_c
[5.760s] writing dependency_links to autoware_auto_geometry_msgs.egg-info/dependency_links.txt
[5.776s] writing top-level names to autoware_auto_geometry_msgs.egg-info/top_level.txt
[6.018s] [ 76%] Built target autoware_auto_geometry_msgs
[6.069s] reading manifest file 'autoware_auto_geometry_msgs.egg-info/SOURCES.txt'
[6.096s] writing manifest file 'autoware_auto_geometry_msgs.egg-info/SOURCES.txt'
[6.130s] [ 76%] Built target ament_cmake_python_build_autoware_auto_geometry_msgs_egg
[6.149s] [ 78%] Built target autoware_auto_geometry_msgs__py
[6.284s] [35m[1mConsolidate compiler generated dependencies of target autoware_auto_geometry_msgs__rosidl_generator_py[0m
[6.357s] gmake[2]: *** [CMakeFiles/autoware_auto_geometry_msgs__rosidl_generator_py.dir/build.make:155: CMakeFiles/autoware_auto_geometry_msgs__rosidl_generator_py.dir/depend] Interrupt
[6.357s] gmake[1]: *** [CMakeFiles/Makefile2:474: CMakeFiles/autoware_auto_geometry_msgs__rosidl_generator_py.dir/all] Interrupt
[6.359s] gmake: *** [Makefile:146: all] Interrupt
[6.400s] Invoked command in '/media/william/blueicedrive/Github/AutowareUniverse-Carla/build/autoware_auto_geometry_msgs' returned '-2': /usr/bin/cmake --build /media/william/blueicedrive/Github/AutowareUniverse-Carla/build/autoware_auto_geometry_msgs -- -j20 -l20
