[0.136s] Invoking command in '/home/carla/Github/C-V2X-Autoware-Carla/build/autoware_auto_geometry_msgs': CMAKE_PREFIX_PATH=${CMAKE_PREFIX_PATH}:/home/carla/Github/C-V2X-Autoware-Carla/install/vehicle:/home/carla/Github/C-V2X-Autoware-Carla/install/infrastructure:/home/carla/ros2_humble/install/rqt_bag_plugins:/home/carla/ros2_humble/install/rqt_bag:/home/carla/ros2_humble/install/ros2bag:/home/carla/ros2_humble/install/tracetools_test:/home/carla/ros2_humble/install/tracetools_launch:/home/carla/ros2_humble/install/topic_monitor:/home/carla/ros2_humble/install/tf2_tools:/home/carla/ros2_humble/install/examples_tf2_py:/home/carla/ros2_humble/install/tf2_ros_py:/home/carla/ros2_humble/install/sros2:/home/carla/ros2_humble/install/rqt_topic:/home/carla/ros2_humble/install/rqt_srv:/home/carla/ros2_humble/install/rqt_shell:/home/carla/ros2_humble/install/rqt_service_caller:/home/carla/ros2_humble/install/rqt_reconfigure:/home/carla/ros2_humble/install/rqt_py_console:/home/carla/ros2_humble/install/rqt_publisher:/home/carla/ros2_humble/install/rqt_plot:/home/carla/ros2_humble/install/rqt_action:/home/carla/ros2_humble/install/rqt_msg:/home/carla/ros2_humble/install/rqt_console:/home/carla/ros2_humble/install/rqt:/home/carla/ros2_humble/install/rqt_graph:/home/carla/ros2_humble/install/rqt_gui_py:/home/carla/ros2_humble/install/rqt_gui:/home/carla/ros2_humble/install/ros2trace:/home/carla/ros2_humble/install/ros2topic:/home/carla/ros2_humble/install/ros2test:/home/carla/ros2_humble/install/ros2component:/home/carla/ros2_humble/install/ros2param:/home/carla/ros2_humble/install/ros2lifecycle:/home/carla/ros2_humble/install/ros2service:/home/carla/ros2_humble/install/ros2run:/home/carla/ros2_humble/install/ros2launch:/home/carla/ros2_humble/install/ros2pkg:/home/carla/ros2_humble/install/ros2node:/home/carla/ros2_humble/install/ros2multicast:/home/carla/ros2_humble/install/ros2interface:/home/carla/ros2_humble/install/ros2doctor:/home/carla/ros2_humble/install/ros2action:/home/carla/ros2_humble/install/ros2cli:/home/carla/ros2_humble/install/quality_of_service_demo_py:/home/carla/ros2_humble/install/lifecycle_py:/home/carla/ros2_humble/install/launch_testing_ros:/home/carla/ros2_humble/install/launch_ros:/home/carla/ros2_humble/install/examples_rclpy_pointcloud_publisher:/home/carla/ros2_humble/install/examples_rclpy_minimal_subscriber:/home/carla/ros2_humble/install/examples_rclpy_minimal_service:/home/carla/ros2_humble/install/examples_rclpy_minimal_publisher:/home/carla/ros2_humble/install/examples_rclpy_minimal_client:/home/carla/ros2_humble/install/examples_rclpy_minimal_action_server:/home/carla/ros2_humble/install/examples_rclpy_minimal_action_client:/home/carla/ros2_humble/install/examples_rclpy_guard_conditions:/home/carla/ros2_humble/install/examples_rclpy_executors:/home/carla/ros2_humble/install/demo_nodes_py:/home/carla/ros2_humble/install/action_tutorials_py:/home/carla/ros2_humble/install/ament_uncrustify:/home/carla/ros2_humble/install/tracetools_trace:/home/carla/ros2_humble/install/tracetools_read:/home/carla/ros2_humble/install/test_tracetools_launch:/home/carla/ros2_humble/install/test_launch_ros:/home/carla/ros2_humble/install/sensor_msgs_py:/home/carla/ros2_humble/install/rpyutils:/home/carla/ros2_humble/install/rosidl_runtime_py:/home/carla/ros2_humble/install/rosidl_cli:/home/carla/ros2_humble/install/launch_pytest:/home/carla/ros2_humble/install/launch_testing:/home/carla/ros2_humble/install/launch_yaml:/home/carla/ros2_humble/install/launch_xml:/home/carla/ros2_humble/install/launch:/home/carla/ros2_humble/install/osrf_pycommon:/home/carla/ros2_humble/install/launch_testing_examples:/home/carla/ros2_humble/install/domain_coordinator:/home/carla/ros2_humble/install/ament_xmllint:/home/carla/ros2_humble/install/ament_pyflakes:/home/carla/ros2_humble/install/ament_pycodestyle:/home/carla/ros2_humble/install/ament_pep257:/home/carla/ros2_humble/install/ament_pclint:/home/carla/ros2_humble/install/ament_package:/home/carla/ros2_humble/install/ament_mypy:/home/carla/ros2_humble/install/ament_lint_cmake:/home/carla/ros2_humble/install/ament_flake8:/home/carla/ros2_humble/install/ament_copyright:/home/carla/ros2_humble/install/ament_lint:/home/carla/ros2_humble/install/ament_index_python:/home/carla/ros2_humble/install/ament_cpplint:/home/carla/ros2_humble/install/ament_cppcheck:/home/carla/ros2_humble/install/ament_clang_tidy:/home/carla/ros2_humble/install/ament_clang_format /usr/bin/cmake /home/carla/Github/C-V2X-Autoware-Carla/src/autoware_auto_geometry_msgs -DCMAKE_INSTALL_PREFIX=/home/carla/Github/C-V2X-Autoware-Carla/install/autoware_auto_geometry_msgs
[0.633s] -- The C compiler identification is GNU 9.4.0
[0.633s] -- The CXX compiler identification is GNU 9.4.0
[0.634s] -- Check for working C compiler: /usr/bin/cc
[0.634s] -- Check for working C compiler: /usr/bin/cc -- works
[0.634s] -- Detecting C compiler ABI info
[0.634s] -- Detecting C compiler ABI info - done
[0.634s] -- Detecting C compile features
[0.634s] -- Detecting C compile features - done
[0.634s] -- Check for working CXX compiler: /usr/bin/c++
[0.635s] -- Check for working CXX compiler: /usr/bin/c++ -- works
[0.635s] -- Detecting CXX compiler ABI info
[0.680s] -- Detecting CXX compiler ABI info - done
[0.691s] -- Detecting CXX compile features
[0.691s] -- Detecting CXX compile features - done
[0.707s] -- Found ament_cmake_auto: 1.3.3 (/home/carla/ros2_humble/install/ament_cmake_auto/share/ament_cmake_auto/cmake)
[2.515s] -- Found Python3: /usr/bin/python3.8 (found version "3.8.10") found components: Interpreter 
[3.364s] -- Using all available rosidl_typesupport_c: rosidl_typesupport_introspection_c;rosidl_typesupport_fastrtps_c
[3.383s] -- Found rosidl_adapter: 3.1.4 (/home/carla/ros2_humble/install/rosidl_adapter/share/rosidl_adapter/cmake)
[3.491s] -- Using all available rosidl_typesupport_cpp: rosidl_typesupport_introspection_cpp;rosidl_typesupport_fastrtps_cpp
[4.740s] -- Found ament_cmake_cppcheck: 0.12.5 (/home/carla/ros2_humble/install/ament_cmake_cppcheck/share/ament_cmake_cppcheck/cmake)
[4.751s] -- Found ament_cmake_cpplint: 0.12.5 (/home/carla/ros2_humble/install/ament_cmake_cpplint/share/ament_cmake_cpplint/cmake)
[4.756s] -- Found ament_cmake_uncrustify: 0.12.5 (/home/carla/ros2_humble/install/ament_cmake_uncrustify/share/ament_cmake_uncrustify/cmake)
[5.791s] -- Found ament_cmake_ros: 0.10.0 (/home/carla/ros2_humble/install/ament_cmake_ros/share/ament_cmake_ros/cmake)
[7.889s] -- Using all available rosidl_typesupport_c: rosidl_typesupport_introspection_c;rosidl_typesupport_fastrtps_c
[12.003s] -- Using all available rosidl_typesupport_cpp: rosidl_typesupport_introspection_cpp;rosidl_typesupport_fastrtps_cpp
[12.257s] -- Found PythonInterp: /usr/bin/python3 (found suitable version "3.8.10", minimum required is "3.6") 
[12.264s] -- Found python_cmake_module: 0.10.0 (/home/carla/ros2_humble/install/python_cmake_module/share/python_cmake_module/cmake)
[12.524s] -- Found PythonLibs: /usr/lib/x86_64-linux-gnu/libpython3.8.so (found suitable version "3.8.10", minimum required is "3.5") 
[12.524s] -- Using PYTHON_EXECUTABLE: /usr/bin/python3
[12.524s] -- Using PYTHON_INCLUDE_DIRS: /usr/include/python3.8
[12.524s] -- Using PYTHON_LIBRARIES: /usr/lib/x86_64-linux-gnu/libpython3.8.so
[12.775s] -- Found PythonExtra: .so  
[13.342s] -- Found ament_cmake_flake8: 0.12.5 (/home/carla/ros2_humble/install/ament_cmake_flake8/share/ament_cmake_flake8/cmake)
[13.356s] -- Found ament_cmake_pep257: 0.12.5 (/home/carla/ros2_humble/install/ament_cmake_pep257/share/ament_cmake_pep257/cmake)
[13.371s] -- Found ament_lint_auto: 0.12.5 (/home/carla/ros2_humble/install/ament_lint_auto/share/ament_lint_auto/cmake)
[13.415s] -- Added test 'copyright' to check source files copyright and LICENSE
[13.417s] -- Added test 'lint_cmake' to check CMake code style
[13.420s] -- Added test 'xmllint' to check XML markup files
[13.426s] -- Configuring done
[13.461s] -- Generating done
[13.463s] -- Build files have been written to: /home/carla/Github/C-V2X-Autoware-Carla/build/autoware_auto_geometry_msgs
[13.468s] Invoked command in '/home/carla/Github/C-V2X-Autoware-Carla/build/autoware_auto_geometry_msgs' returned '0': CMAKE_PREFIX_PATH=${CMAKE_PREFIX_PATH}:/home/carla/Github/C-V2X-Autoware-Carla/install/vehicle:/home/carla/Github/C-V2X-Autoware-Carla/install/infrastructure:/home/carla/ros2_humble/install/rqt_bag_plugins:/home/carla/ros2_humble/install/rqt_bag:/home/carla/ros2_humble/install/ros2bag:/home/carla/ros2_humble/install/tracetools_test:/home/carla/ros2_humble/install/tracetools_launch:/home/carla/ros2_humble/install/topic_monitor:/home/carla/ros2_humble/install/tf2_tools:/home/carla/ros2_humble/install/examples_tf2_py:/home/carla/ros2_humble/install/tf2_ros_py:/home/carla/ros2_humble/install/sros2:/home/carla/ros2_humble/install/rqt_topic:/home/carla/ros2_humble/install/rqt_srv:/home/carla/ros2_humble/install/rqt_shell:/home/carla/ros2_humble/install/rqt_service_caller:/home/carla/ros2_humble/install/rqt_reconfigure:/home/carla/ros2_humble/install/rqt_py_console:/home/carla/ros2_humble/install/rqt_publisher:/home/carla/ros2_humble/install/rqt_plot:/home/carla/ros2_humble/install/rqt_action:/home/carla/ros2_humble/install/rqt_msg:/home/carla/ros2_humble/install/rqt_console:/home/carla/ros2_humble/install/rqt:/home/carla/ros2_humble/install/rqt_graph:/home/carla/ros2_humble/install/rqt_gui_py:/home/carla/ros2_humble/install/rqt_gui:/home/carla/ros2_humble/install/ros2trace:/home/carla/ros2_humble/install/ros2topic:/home/carla/ros2_humble/install/ros2test:/home/carla/ros2_humble/install/ros2component:/home/carla/ros2_humble/install/ros2param:/home/carla/ros2_humble/install/ros2lifecycle:/home/carla/ros2_humble/install/ros2service:/home/carla/ros2_humble/install/ros2run:/home/carla/ros2_humble/install/ros2launch:/home/carla/ros2_humble/install/ros2pkg:/home/carla/ros2_humble/install/ros2node:/home/carla/ros2_humble/install/ros2multicast:/home/carla/ros2_humble/install/ros2interface:/home/carla/ros2_humble/install/ros2doctor:/home/carla/ros2_humble/install/ros2action:/home/carla/ros2_humble/install/ros2cli:/home/carla/ros2_humble/install/quality_of_service_demo_py:/home/carla/ros2_humble/install/lifecycle_py:/home/carla/ros2_humble/install/launch_testing_ros:/home/carla/ros2_humble/install/launch_ros:/home/carla/ros2_humble/install/examples_rclpy_pointcloud_publisher:/home/carla/ros2_humble/install/examples_rclpy_minimal_subscriber:/home/carla/ros2_humble/install/examples_rclpy_minimal_service:/home/carla/ros2_humble/install/examples_rclpy_minimal_publisher:/home/carla/ros2_humble/install/examples_rclpy_minimal_client:/home/carla/ros2_humble/install/examples_rclpy_minimal_action_server:/home/carla/ros2_humble/install/examples_rclpy_minimal_action_client:/home/carla/ros2_humble/install/examples_rclpy_guard_conditions:/home/carla/ros2_humble/install/examples_rclpy_executors:/home/carla/ros2_humble/install/demo_nodes_py:/home/carla/ros2_humble/install/action_tutorials_py:/home/carla/ros2_humble/install/ament_uncrustify:/home/carla/ros2_humble/install/tracetools_trace:/home/carla/ros2_humble/install/tracetools_read:/home/carla/ros2_humble/install/test_tracetools_launch:/home/carla/ros2_humble/install/test_launch_ros:/home/carla/ros2_humble/install/sensor_msgs_py:/home/carla/ros2_humble/install/rpyutils:/home/carla/ros2_humble/install/rosidl_runtime_py:/home/carla/ros2_humble/install/rosidl_cli:/home/carla/ros2_humble/install/launch_pytest:/home/carla/ros2_humble/install/launch_testing:/home/carla/ros2_humble/install/launch_yaml:/home/carla/ros2_humble/install/launch_xml:/home/carla/ros2_humble/install/launch:/home/carla/ros2_humble/install/osrf_pycommon:/home/carla/ros2_humble/install/launch_testing_examples:/home/carla/ros2_humble/install/domain_coordinator:/home/carla/ros2_humble/install/ament_xmllint:/home/carla/ros2_humble/install/ament_pyflakes:/home/carla/ros2_humble/install/ament_pycodestyle:/home/carla/ros2_humble/install/ament_pep257:/home/carla/ros2_humble/install/ament_pclint:/home/carla/ros2_humble/install/ament_package:/home/carla/ros2_humble/install/ament_mypy:/home/carla/ros2_humble/install/ament_lint_cmake:/home/carla/ros2_humble/install/ament_flake8:/home/carla/ros2_humble/install/ament_copyright:/home/carla/ros2_humble/install/ament_lint:/home/carla/ros2_humble/install/ament_index_python:/home/carla/ros2_humble/install/ament_cpplint:/home/carla/ros2_humble/install/ament_cppcheck:/home/carla/ros2_humble/install/ament_clang_tidy:/home/carla/ros2_humble/install/ament_clang_format /usr/bin/cmake /home/carla/Github/C-V2X-Autoware-Carla/src/autoware_auto_geometry_msgs -DCMAKE_INSTALL_PREFIX=/home/carla/Github/C-V2X-Autoware-Carla/install/autoware_auto_geometry_msgs
[13.470s] Invoking command in '/home/carla/Github/C-V2X-Autoware-Carla/build/autoware_auto_geometry_msgs': CMAKE_PREFIX_PATH=${CMAKE_PREFIX_PATH}:/home/carla/Github/C-V2X-Autoware-Carla/install/vehicle:/home/carla/Github/C-V2X-Autoware-Carla/install/infrastructure:/home/carla/ros2_humble/install/rqt_bag_plugins:/home/carla/ros2_humble/install/rqt_bag:/home/carla/ros2_humble/install/ros2bag:/home/carla/ros2_humble/install/tracetools_test:/home/carla/ros2_humble/install/tracetools_launch:/home/carla/ros2_humble/install/topic_monitor:/home/carla/ros2_humble/install/tf2_tools:/home/carla/ros2_humble/install/examples_tf2_py:/home/carla/ros2_humble/install/tf2_ros_py:/home/carla/ros2_humble/install/sros2:/home/carla/ros2_humble/install/rqt_topic:/home/carla/ros2_humble/install/rqt_srv:/home/carla/ros2_humble/install/rqt_shell:/home/carla/ros2_humble/install/rqt_service_caller:/home/carla/ros2_humble/install/rqt_reconfigure:/home/carla/ros2_humble/install/rqt_py_console:/home/carla/ros2_humble/install/rqt_publisher:/home/carla/ros2_humble/install/rqt_plot:/home/carla/ros2_humble/install/rqt_action:/home/carla/ros2_humble/install/rqt_msg:/home/carla/ros2_humble/install/rqt_console:/home/carla/ros2_humble/install/rqt:/home/carla/ros2_humble/install/rqt_graph:/home/carla/ros2_humble/install/rqt_gui_py:/home/carla/ros2_humble/install/rqt_gui:/home/carla/ros2_humble/install/ros2trace:/home/carla/ros2_humble/install/ros2topic:/home/carla/ros2_humble/install/ros2test:/home/carla/ros2_humble/install/ros2component:/home/carla/ros2_humble/install/ros2param:/home/carla/ros2_humble/install/ros2lifecycle:/home/carla/ros2_humble/install/ros2service:/home/carla/ros2_humble/install/ros2run:/home/carla/ros2_humble/install/ros2launch:/home/carla/ros2_humble/install/ros2pkg:/home/carla/ros2_humble/install/ros2node:/home/carla/ros2_humble/install/ros2multicast:/home/carla/ros2_humble/install/ros2interface:/home/carla/ros2_humble/install/ros2doctor:/home/carla/ros2_humble/install/ros2action:/home/carla/ros2_humble/install/ros2cli:/home/carla/ros2_humble/install/quality_of_service_demo_py:/home/carla/ros2_humble/install/lifecycle_py:/home/carla/ros2_humble/install/launch_testing_ros:/home/carla/ros2_humble/install/launch_ros:/home/carla/ros2_humble/install/examples_rclpy_pointcloud_publisher:/home/carla/ros2_humble/install/examples_rclpy_minimal_subscriber:/home/carla/ros2_humble/install/examples_rclpy_minimal_service:/home/carla/ros2_humble/install/examples_rclpy_minimal_publisher:/home/carla/ros2_humble/install/examples_rclpy_minimal_client:/home/carla/ros2_humble/install/examples_rclpy_minimal_action_server:/home/carla/ros2_humble/install/examples_rclpy_minimal_action_client:/home/carla/ros2_humble/install/examples_rclpy_guard_conditions:/home/carla/ros2_humble/install/examples_rclpy_executors:/home/carla/ros2_humble/install/demo_nodes_py:/home/carla/ros2_humble/install/action_tutorials_py:/home/carla/ros2_humble/install/ament_uncrustify:/home/carla/ros2_humble/install/tracetools_trace:/home/carla/ros2_humble/install/tracetools_read:/home/carla/ros2_humble/install/test_tracetools_launch:/home/carla/ros2_humble/install/test_launch_ros:/home/carla/ros2_humble/install/sensor_msgs_py:/home/carla/ros2_humble/install/rpyutils:/home/carla/ros2_humble/install/rosidl_runtime_py:/home/carla/ros2_humble/install/rosidl_cli:/home/carla/ros2_humble/install/launch_pytest:/home/carla/ros2_humble/install/launch_testing:/home/carla/ros2_humble/install/launch_yaml:/home/carla/ros2_humble/install/launch_xml:/home/carla/ros2_humble/install/launch:/home/carla/ros2_humble/install/osrf_pycommon:/home/carla/ros2_humble/install/launch_testing_examples:/home/carla/ros2_humble/install/domain_coordinator:/home/carla/ros2_humble/install/ament_xmllint:/home/carla/ros2_humble/install/ament_pyflakes:/home/carla/ros2_humble/install/ament_pycodestyle:/home/carla/ros2_humble/install/ament_pep257:/home/carla/ros2_humble/install/ament_pclint:/home/carla/ros2_humble/install/ament_package:/home/carla/ros2_humble/install/ament_mypy:/home/carla/ros2_humble/install/ament_lint_cmake:/home/carla/ros2_humble/install/ament_flake8:/home/carla/ros2_humble/install/ament_copyright:/home/carla/ros2_humble/install/ament_lint:/home/carla/ros2_humble/install/ament_index_python:/home/carla/ros2_humble/install/ament_cpplint:/home/carla/ros2_humble/install/ament_cppcheck:/home/carla/ros2_humble/install/ament_clang_tidy:/home/carla/ros2_humble/install/ament_clang_format /usr/bin/cmake --build /home/carla/Github/C-V2X-Autoware-Carla/build/autoware_auto_geometry_msgs -- -j20 -l20
[13.545s] [35m[1mScanning dependencies of target ament_cmake_python_copy_autoware_auto_geometry_msgs[0m
[13.546s] [  2%] [34m[1mGenerating C code for ROS interfaces[0m
[13.554s] [35m[1mScanning dependencies of target autoware_auto_geometry_msgs__cpp[0m
[13.578s] [  4%] [34m[1mGenerating C++ code for ROS interfaces[0m
[13.583s] [  4%] Built target ament_cmake_python_copy_autoware_auto_geometry_msgs
[13.604s] [35m[1mScanning dependencies of target ament_cmake_python_build_autoware_auto_geometry_msgs_egg[0m
[14.312s] running egg_info
[14.312s] creating autoware_auto_geometry_msgs.egg-info
[14.313s] writing autoware_auto_geometry_msgs.egg-info/PKG-INFO
[14.313s] writing dependency_links to autoware_auto_geometry_msgs.egg-info/dependency_links.txt
[14.313s] writing top-level names to autoware_auto_geometry_msgs.egg-info/top_level.txt
[14.313s] writing manifest file 'autoware_auto_geometry_msgs.egg-info/SOURCES.txt'
[14.355s] reading manifest file 'autoware_auto_geometry_msgs.egg-info/SOURCES.txt'
[14.355s] writing manifest file 'autoware_auto_geometry_msgs.egg-info/SOURCES.txt'
[14.411s] [  4%] Built target ament_cmake_python_build_autoware_auto_geometry_msgs_egg
[14.614s] [35m[1mScanning dependencies of target autoware_auto_geometry_msgs__rosidl_generator_c[0m
[14.656s] [  6%] [32mBuilding C object CMakeFiles/autoware_auto_geometry_msgs__rosidl_generator_c.dir/rosidl_generator_c/autoware_auto_geometry_msgs/msg/detail/complex32__functions.c.o[0m
[14.677s] [  8%] [32mBuilding C object CMakeFiles/autoware_auto_geometry_msgs__rosidl_generator_c.dir/rosidl_generator_c/autoware_auto_geometry_msgs/msg/detail/quaternion32__functions.c.o[0m
[14.678s] [  8%] Built target autoware_auto_geometry_msgs__cpp
[14.690s] [ 10%] [32mBuilding C object CMakeFiles/autoware_auto_geometry_msgs__rosidl_generator_c.dir/rosidl_generator_c/autoware_auto_geometry_msgs/msg/detail/relative_position_with_covariance_stamped__functions.c.o[0m
[14.749s] [ 12%] [34m[1mGenerating C++ type support for eProsima Fast-RTPS[0m
[14.751s] [ 14%] [34m[1mGenerating C++ introspection for ROS interfaces[0m
[14.772s] [ 17%] [34m[1mGenerating C++ type support dispatch for ROS interfaces[0m
[14.837s] [ 19%] [32m[1mLinking C shared library libautoware_auto_geometry_msgs__rosidl_generator_c.so[0m
[14.964s] [ 19%] Built target autoware_auto_geometry_msgs__rosidl_generator_c
[15.040s] [ 21%] [34m[1mGenerating C type support dispatch for ROS interfaces[0m
[15.052s] [ 23%] [34m[1mGenerating C type support for eProsima Fast-RTPS[0m
[15.065s] [ 25%] [34m[1mGenerating C introspection for ROS interfaces[0m
[16.276s] [35m[1mScanning dependencies of target autoware_auto_geometry_msgs__rosidl_typesupport_cpp[0m
[16.303s] [35m[1mScanning dependencies of target autoware_auto_geometry_msgs__rosidl_typesupport_c[0m
[16.356s] [ 27%] [32mBuilding CXX object CMakeFiles/autoware_auto_geometry_msgs__rosidl_typesupport_cpp.dir/rosidl_typesupport_cpp/autoware_auto_geometry_msgs/msg/relative_position_with_covariance_stamped__type_support.cpp.o[0m
[16.363s] [ 29%] [32mBuilding CXX object CMakeFiles/autoware_auto_geometry_msgs__rosidl_typesupport_cpp.dir/rosidl_typesupport_cpp/autoware_auto_geometry_msgs/msg/quaternion32__type_support.cpp.o[0m
[16.367s] [ 31%] [32mBuilding CXX object CMakeFiles/autoware_auto_geometry_msgs__rosidl_typesupport_cpp.dir/rosidl_typesupport_cpp/autoware_auto_geometry_msgs/msg/complex32__type_support.cpp.o[0m
[16.395s] [ 34%] [32mBuilding CXX object CMakeFiles/autoware_auto_geometry_msgs__rosidl_typesupport_c.dir/rosidl_typesupport_c/autoware_auto_geometry_msgs/msg/complex32__type_support.cpp.o[0m
[16.399s] [ 36%] [32mBuilding CXX object CMakeFiles/autoware_auto_geometry_msgs__rosidl_typesupport_c.dir/rosidl_typesupport_c/autoware_auto_geometry_msgs/msg/quaternion32__type_support.cpp.o[0m
[16.411s] [ 38%] [32mBuilding CXX object CMakeFiles/autoware_auto_geometry_msgs__rosidl_typesupport_c.dir/rosidl_typesupport_c/autoware_auto_geometry_msgs/msg/relative_position_with_covariance_stamped__type_support.cpp.o[0m
[16.440s] [35m[1mScanning dependencies of target autoware_auto_geometry_msgs__rosidl_typesupport_introspection_cpp[0m
[16.501s] [ 40%] [32mBuilding CXX object CMakeFiles/autoware_auto_geometry_msgs__rosidl_typesupport_introspection_cpp.dir/rosidl_typesupport_introspection_cpp/autoware_auto_geometry_msgs/msg/detail/complex32__type_support.cpp.o[0m
[16.564s] [ 42%] [32mBuilding CXX object CMakeFiles/autoware_auto_geometry_msgs__rosidl_typesupport_introspection_cpp.dir/rosidl_typesupport_introspection_cpp/autoware_auto_geometry_msgs/msg/detail/quaternion32__type_support.cpp.o[0m
[16.591s] [ 44%] [32mBuilding CXX object CMakeFiles/autoware_auto_geometry_msgs__rosidl_typesupport_introspection_cpp.dir/rosidl_typesupport_introspection_cpp/autoware_auto_geometry_msgs/msg/detail/relative_position_with_covariance_stamped__type_support.cpp.o[0m
[16.608s] [ 46%] [32m[1mLinking CXX shared library libautoware_auto_geometry_msgs__rosidl_typesupport_c.so[0m
[16.909s] [ 46%] Built target autoware_auto_geometry_msgs__rosidl_typesupport_c
[17.355s] [ 48%] [32m[1mLinking CXX shared library libautoware_auto_geometry_msgs__rosidl_typesupport_cpp.so[0m
[17.400s] [35m[1mScanning dependencies of target autoware_auto_geometry_msgs__rosidl_typesupport_fastrtps_c[0m
[17.414s] [35m[1mScanning dependencies of target autoware_auto_geometry_msgs__rosidl_typesupport_introspection_c[0m
[17.450s] [35m[1mScanning dependencies of target autoware_auto_geometry_msgs__rosidl_typesupport_fastrtps_cpp[0m
[17.488s] [ 51%] [32mBuilding CXX object CMakeFiles/autoware_auto_geometry_msgs__rosidl_typesupport_fastrtps_c.dir/rosidl_typesupport_fastrtps_c/autoware_auto_geometry_msgs/msg/detail/complex32__type_support_c.cpp.o[0m
[17.489s] [ 53%] [32mBuilding CXX object CMakeFiles/autoware_auto_geometry_msgs__rosidl_typesupport_fastrtps_c.dir/rosidl_typesupport_fastrtps_c/autoware_auto_geometry_msgs/msg/detail/quaternion32__type_support_c.cpp.o[0m
[17.492s] [ 55%] [32mBuilding C object CMakeFiles/autoware_auto_geometry_msgs__rosidl_typesupport_introspection_c.dir/rosidl_typesupport_introspection_c/autoware_auto_geometry_msgs/msg/detail/quaternion32__type_support.c.o[0m
[17.504s] [ 57%] [32mBuilding CXX object CMakeFiles/autoware_auto_geometry_msgs__rosidl_typesupport_fastrtps_c.dir/rosidl_typesupport_fastrtps_c/autoware_auto_geometry_msgs/msg/detail/relative_position_with_covariance_stamped__type_support_c.cpp.o[0m
[17.505s] [ 59%] [32mBuilding C object CMakeFiles/autoware_auto_geometry_msgs__rosidl_typesupport_introspection_c.dir/rosidl_typesupport_introspection_c/autoware_auto_geometry_msgs/msg/detail/complex32__type_support.c.o[0m
[17.530s] [ 61%] [32mBuilding CXX object CMakeFiles/autoware_auto_geometry_msgs__rosidl_typesupport_fastrtps_cpp.dir/rosidl_typesupport_fastrtps_cpp/autoware_auto_geometry_msgs/msg/detail/dds_fastrtps/complex32__type_support.cpp.o[0m
[17.539s] [ 63%] [32mBuilding CXX object CMakeFiles/autoware_auto_geometry_msgs__rosidl_typesupport_fastrtps_cpp.dir/rosidl_typesupport_fastrtps_cpp/autoware_auto_geometry_msgs/msg/detail/dds_fastrtps/relative_position_with_covariance_stamped__type_support.cpp.o[0m
[17.547s] [ 65%] [32mBuilding C object CMakeFiles/autoware_auto_geometry_msgs__rosidl_typesupport_introspection_c.dir/rosidl_typesupport_introspection_c/autoware_auto_geometry_msgs/msg/detail/relative_position_with_covariance_stamped__type_support.c.o[0m
[17.548s] [ 68%] [32mBuilding CXX object CMakeFiles/autoware_auto_geometry_msgs__rosidl_typesupport_fastrtps_cpp.dir/rosidl_typesupport_fastrtps_cpp/autoware_auto_geometry_msgs/msg/detail/dds_fastrtps/quaternion32__type_support.cpp.o[0m
[17.551s] [ 68%] Built target autoware_auto_geometry_msgs__rosidl_typesupport_cpp
[17.619s] [ 70%] [32m[1mLinking CXX shared library libautoware_auto_geometry_msgs__rosidl_typesupport_introspection_cpp.so[0m
[17.672s] [ 72%] [32m[1mLinking C shared library libautoware_auto_geometry_msgs__rosidl_typesupport_introspection_c.so[0m
[17.798s] [ 72%] Built target autoware_auto_geometry_msgs__rosidl_typesupport_introspection_c
[17.843s] [ 72%] Built target autoware_auto_geometry_msgs__rosidl_typesupport_introspection_cpp
[18.087s] [ 74%] [32m[1mLinking CXX shared library libautoware_auto_geometry_msgs__rosidl_typesupport_fastrtps_cpp.so[0m
[18.099s] [ 76%] [32m[1mLinking CXX shared library libautoware_auto_geometry_msgs__rosidl_typesupport_fastrtps_c.so[0m
[18.158s] [ 76%] Built target autoware_auto_geometry_msgs__rosidl_typesupport_fastrtps_cpp
[18.164s] [ 76%] Built target autoware_auto_geometry_msgs__rosidl_typesupport_fastrtps_c
[18.177s] [35m[1mScanning dependencies of target autoware_auto_geometry_msgs[0m
[18.192s] [ 76%] Built target autoware_auto_geometry_msgs
[18.211s] [35m[1mScanning dependencies of target autoware_auto_geometry_msgs__py[0m
[18.225s] [ 78%] [34m[1mGenerating Python code for ROS interfaces[0m
[18.848s] [ 78%] Built target autoware_auto_geometry_msgs__py
[18.871s] [35m[1mScanning dependencies of target autoware_auto_geometry_msgs__rosidl_generator_py[0m
[18.900s] [ 80%] [32mBuilding C object CMakeFiles/autoware_auto_geometry_msgs__rosidl_generator_py.dir/rosidl_generator_py/autoware_auto_geometry_msgs/msg/_quaternion32_s.c.o[0m
[18.902s] [ 82%] [32mBuilding C object CMakeFiles/autoware_auto_geometry_msgs__rosidl_generator_py.dir/rosidl_generator_py/autoware_auto_geometry_msgs/msg/_complex32_s.c.o[0m
[18.904s] [ 85%] [32mBuilding C object CMakeFiles/autoware_auto_geometry_msgs__rosidl_generator_py.dir/rosidl_generator_py/autoware_auto_geometry_msgs/msg/_relative_position_with_covariance_stamped_s.c.o[0m
[18.978s] [ 87%] [32m[1mLinking C shared library rosidl_generator_py/autoware_auto_geometry_msgs/libautoware_auto_geometry_msgs__rosidl_generator_py.so[0m
[19.020s] [ 87%] Built target autoware_auto_geometry_msgs__rosidl_generator_py
[19.039s] [35m[1mScanning dependencies of target autoware_auto_geometry_msgs__rosidl_typesupport_c__pyext[0m
[19.039s] [35m[1mScanning dependencies of target autoware_auto_geometry_msgs__rosidl_typesupport_fastrtps_c__pyext[0m
[19.041s] [35m[1mScanning dependencies of target autoware_auto_geometry_msgs__rosidl_typesupport_introspection_c__pyext[0m
[19.065s] [ 89%] [32mBuilding C object CMakeFiles/autoware_auto_geometry_msgs__rosidl_typesupport_introspection_c__pyext.dir/rosidl_generator_py/autoware_auto_geometry_msgs/_autoware_auto_geometry_msgs_s.ep.rosidl_typesupport_introspection_c.c.o[0m
[19.067s] [ 91%] [32mBuilding C object CMakeFiles/autoware_auto_geometry_msgs__rosidl_typesupport_fastrtps_c__pyext.dir/rosidl_generator_py/autoware_auto_geometry_msgs/_autoware_auto_geometry_msgs_s.ep.rosidl_typesupport_fastrtps_c.c.o[0m
[19.077s] [ 93%] [32mBuilding C object CMakeFiles/autoware_auto_geometry_msgs__rosidl_typesupport_c__pyext.dir/rosidl_generator_py/autoware_auto_geometry_msgs/_autoware_auto_geometry_msgs_s.ep.rosidl_typesupport_c.c.o[0m
[19.142s] [ 95%] [32m[1mLinking C shared library rosidl_generator_py/autoware_auto_geometry_msgs/autoware_auto_geometry_msgs_s__rosidl_typesupport_introspection_c.cpython-38-x86_64-linux-gnu.so[0m
[19.155s] [ 97%] [32m[1mLinking C shared library rosidl_generator_py/autoware_auto_geometry_msgs/autoware_auto_geometry_msgs_s__rosidl_typesupport_fastrtps_c.cpython-38-x86_64-linux-gnu.so[0m
[19.193s] [ 97%] Built target autoware_auto_geometry_msgs__rosidl_typesupport_introspection_c__pyext
[19.200s] [100%] [32m[1mLinking C shared library rosidl_generator_py/autoware_auto_geometry_msgs/autoware_auto_geometry_msgs_s__rosidl_typesupport_c.cpython-38-x86_64-linux-gnu.so[0m
[19.207s] [100%] Built target autoware_auto_geometry_msgs__rosidl_typesupport_fastrtps_c__pyext
[19.247s] [100%] Built target autoware_auto_geometry_msgs__rosidl_typesupport_c__pyext
[19.266s] Invoked command in '/home/carla/Github/C-V2X-Autoware-Carla/build/autoware_auto_geometry_msgs' returned '0': CMAKE_PREFIX_PATH=${CMAKE_PREFIX_PATH}:/home/carla/Github/C-V2X-Autoware-Carla/install/vehicle:/home/carla/Github/C-V2X-Autoware-Carla/install/infrastructure:/home/carla/ros2_humble/install/rqt_bag_plugins:/home/carla/ros2_humble/install/rqt_bag:/home/carla/ros2_humble/install/ros2bag:/home/carla/ros2_humble/install/tracetools_test:/home/carla/ros2_humble/install/tracetools_launch:/home/carla/ros2_humble/install/topic_monitor:/home/carla/ros2_humble/install/tf2_tools:/home/carla/ros2_humble/install/examples_tf2_py:/home/carla/ros2_humble/install/tf2_ros_py:/home/carla/ros2_humble/install/sros2:/home/carla/ros2_humble/install/rqt_topic:/home/carla/ros2_humble/install/rqt_srv:/home/carla/ros2_humble/install/rqt_shell:/home/carla/ros2_humble/install/rqt_service_caller:/home/carla/ros2_humble/install/rqt_reconfigure:/home/carla/ros2_humble/install/rqt_py_console:/home/carla/ros2_humble/install/rqt_publisher:/home/carla/ros2_humble/install/rqt_plot:/home/carla/ros2_humble/install/rqt_action:/home/carla/ros2_humble/install/rqt_msg:/home/carla/ros2_humble/install/rqt_console:/home/carla/ros2_humble/install/rqt:/home/carla/ros2_humble/install/rqt_graph:/home/carla/ros2_humble/install/rqt_gui_py:/home/carla/ros2_humble/install/rqt_gui:/home/carla/ros2_humble/install/ros2trace:/home/carla/ros2_humble/install/ros2topic:/home/carla/ros2_humble/install/ros2test:/home/carla/ros2_humble/install/ros2component:/home/carla/ros2_humble/install/ros2param:/home/carla/ros2_humble/install/ros2lifecycle:/home/carla/ros2_humble/install/ros2service:/home/carla/ros2_humble/install/ros2run:/home/carla/ros2_humble/install/ros2launch:/home/carla/ros2_humble/install/ros2pkg:/home/carla/ros2_humble/install/ros2node:/home/carla/ros2_humble/install/ros2multicast:/home/carla/ros2_humble/install/ros2interface:/home/carla/ros2_humble/install/ros2doctor:/home/carla/ros2_humble/install/ros2action:/home/carla/ros2_humble/install/ros2cli:/home/carla/ros2_humble/install/quality_of_service_demo_py:/home/carla/ros2_humble/install/lifecycle_py:/home/carla/ros2_humble/install/launch_testing_ros:/home/carla/ros2_humble/install/launch_ros:/home/carla/ros2_humble/install/examples_rclpy_pointcloud_publisher:/home/carla/ros2_humble/install/examples_rclpy_minimal_subscriber:/home/carla/ros2_humble/install/examples_rclpy_minimal_service:/home/carla/ros2_humble/install/examples_rclpy_minimal_publisher:/home/carla/ros2_humble/install/examples_rclpy_minimal_client:/home/carla/ros2_humble/install/examples_rclpy_minimal_action_server:/home/carla/ros2_humble/install/examples_rclpy_minimal_action_client:/home/carla/ros2_humble/install/examples_rclpy_guard_conditions:/home/carla/ros2_humble/install/examples_rclpy_executors:/home/carla/ros2_humble/install/demo_nodes_py:/home/carla/ros2_humble/install/action_tutorials_py:/home/carla/ros2_humble/install/ament_uncrustify:/home/carla/ros2_humble/install/tracetools_trace:/home/carla/ros2_humble/install/tracetools_read:/home/carla/ros2_humble/install/test_tracetools_launch:/home/carla/ros2_humble/install/test_launch_ros:/home/carla/ros2_humble/install/sensor_msgs_py:/home/carla/ros2_humble/install/rpyutils:/home/carla/ros2_humble/install/rosidl_runtime_py:/home/carla/ros2_humble/install/rosidl_cli:/home/carla/ros2_humble/install/launch_pytest:/home/carla/ros2_humble/install/launch_testing:/home/carla/ros2_humble/install/launch_yaml:/home/carla/ros2_humble/install/launch_xml:/home/carla/ros2_humble/install/launch:/home/carla/ros2_humble/install/osrf_pycommon:/home/carla/ros2_humble/install/launch_testing_examples:/home/carla/ros2_humble/install/domain_coordinator:/home/carla/ros2_humble/install/ament_xmllint:/home/carla/ros2_humble/install/ament_pyflakes:/home/carla/ros2_humble/install/ament_pycodestyle:/home/carla/ros2_humble/install/ament_pep257:/home/carla/ros2_humble/install/ament_pclint:/home/carla/ros2_humble/install/ament_package:/home/carla/ros2_humble/install/ament_mypy:/home/carla/ros2_humble/install/ament_lint_cmake:/home/carla/ros2_humble/install/ament_flake8:/home/carla/ros2_humble/install/ament_copyright:/home/carla/ros2_humble/install/ament_lint:/home/carla/ros2_humble/install/ament_index_python:/home/carla/ros2_humble/install/ament_cpplint:/home/carla/ros2_humble/install/ament_cppcheck:/home/carla/ros2_humble/install/ament_clang_tidy:/home/carla/ros2_humble/install/ament_clang_format /usr/bin/cmake --build /home/carla/Github/C-V2X-Autoware-Carla/build/autoware_auto_geometry_msgs -- -j20 -l20
[19.454s] Invoking command in '/home/carla/Github/C-V2X-Autoware-Carla/build/autoware_auto_geometry_msgs': CMAKE_PREFIX_PATH=${CMAKE_PREFIX_PATH}:/home/carla/Github/C-V2X-Autoware-Carla/install/vehicle:/home/carla/Github/C-V2X-Autoware-Carla/install/infrastructure:/home/carla/ros2_humble/install/rqt_bag_plugins:/home/carla/ros2_humble/install/rqt_bag:/home/carla/ros2_humble/install/ros2bag:/home/carla/ros2_humble/install/tracetools_test:/home/carla/ros2_humble/install/tracetools_launch:/home/carla/ros2_humble/install/topic_monitor:/home/carla/ros2_humble/install/tf2_tools:/home/carla/ros2_humble/install/examples_tf2_py:/home/carla/ros2_humble/install/tf2_ros_py:/home/carla/ros2_humble/install/sros2:/home/carla/ros2_humble/install/rqt_topic:/home/carla/ros2_humble/install/rqt_srv:/home/carla/ros2_humble/install/rqt_shell:/home/carla/ros2_humble/install/rqt_service_caller:/home/carla/ros2_humble/install/rqt_reconfigure:/home/carla/ros2_humble/install/rqt_py_console:/home/carla/ros2_humble/install/rqt_publisher:/home/carla/ros2_humble/install/rqt_plot:/home/carla/ros2_humble/install/rqt_action:/home/carla/ros2_humble/install/rqt_msg:/home/carla/ros2_humble/install/rqt_console:/home/carla/ros2_humble/install/rqt:/home/carla/ros2_humble/install/rqt_graph:/home/carla/ros2_humble/install/rqt_gui_py:/home/carla/ros2_humble/install/rqt_gui:/home/carla/ros2_humble/install/ros2trace:/home/carla/ros2_humble/install/ros2topic:/home/carla/ros2_humble/install/ros2test:/home/carla/ros2_humble/install/ros2component:/home/carla/ros2_humble/install/ros2param:/home/carla/ros2_humble/install/ros2lifecycle:/home/carla/ros2_humble/install/ros2service:/home/carla/ros2_humble/install/ros2run:/home/carla/ros2_humble/install/ros2launch:/home/carla/ros2_humble/install/ros2pkg:/home/carla/ros2_humble/install/ros2node:/home/carla/ros2_humble/install/ros2multicast:/home/carla/ros2_humble/install/ros2interface:/home/carla/ros2_humble/install/ros2doctor:/home/carla/ros2_humble/install/ros2action:/home/carla/ros2_humble/install/ros2cli:/home/carla/ros2_humble/install/quality_of_service_demo_py:/home/carla/ros2_humble/install/lifecycle_py:/home/carla/ros2_humble/install/launch_testing_ros:/home/carla/ros2_humble/install/launch_ros:/home/carla/ros2_humble/install/examples_rclpy_pointcloud_publisher:/home/carla/ros2_humble/install/examples_rclpy_minimal_subscriber:/home/carla/ros2_humble/install/examples_rclpy_minimal_service:/home/carla/ros2_humble/install/examples_rclpy_minimal_publisher:/home/carla/ros2_humble/install/examples_rclpy_minimal_client:/home/carla/ros2_humble/install/examples_rclpy_minimal_action_server:/home/carla/ros2_humble/install/examples_rclpy_minimal_action_client:/home/carla/ros2_humble/install/examples_rclpy_guard_conditions:/home/carla/ros2_humble/install/examples_rclpy_executors:/home/carla/ros2_humble/install/demo_nodes_py:/home/carla/ros2_humble/install/action_tutorials_py:/home/carla/ros2_humble/install/ament_uncrustify:/home/carla/ros2_humble/install/tracetools_trace:/home/carla/ros2_humble/install/tracetools_read:/home/carla/ros2_humble/install/test_tracetools_launch:/home/carla/ros2_humble/install/test_launch_ros:/home/carla/ros2_humble/install/sensor_msgs_py:/home/carla/ros2_humble/install/rpyutils:/home/carla/ros2_humble/install/rosidl_runtime_py:/home/carla/ros2_humble/install/rosidl_cli:/home/carla/ros2_humble/install/launch_pytest:/home/carla/ros2_humble/install/launch_testing:/home/carla/ros2_humble/install/launch_yaml:/home/carla/ros2_humble/install/launch_xml:/home/carla/ros2_humble/install/launch:/home/carla/ros2_humble/install/osrf_pycommon:/home/carla/ros2_humble/install/launch_testing_examples:/home/carla/ros2_humble/install/domain_coordinator:/home/carla/ros2_humble/install/ament_xmllint:/home/carla/ros2_humble/install/ament_pyflakes:/home/carla/ros2_humble/install/ament_pycodestyle:/home/carla/ros2_humble/install/ament_pep257:/home/carla/ros2_humble/install/ament_pclint:/home/carla/ros2_humble/install/ament_package:/home/carla/ros2_humble/install/ament_mypy:/home/carla/ros2_humble/install/ament_lint_cmake:/home/carla/ros2_humble/install/ament_flake8:/home/carla/ros2_humble/install/ament_copyright:/home/carla/ros2_humble/install/ament_lint:/home/carla/ros2_humble/install/ament_index_python:/home/carla/ros2_humble/install/ament_cpplint:/home/carla/ros2_humble/install/ament_cppcheck:/home/carla/ros2_humble/install/ament_clang_tidy:/home/carla/ros2_humble/install/ament_clang_format /usr/bin/cmake --install /home/carla/Github/C-V2X-Autoware-Carla/build/autoware_auto_geometry_msgs
[19.466s] -- Install configuration: ""
[19.466s] -- Installing: /home/carla/Github/C-V2X-Autoware-Carla/install/autoware_auto_geometry_msgs/share/ament_index/resource_index/rosidl_interfaces/autoware_auto_geometry_msgs
[19.466s] -- Installing: /home/carla/Github/C-V2X-Autoware-Carla/install/autoware_auto_geometry_msgs/include/autoware_auto_geometry_msgs/autoware_auto_geometry_msgs
[19.466s] -- Installing: /home/carla/Github/C-V2X-Autoware-Carla/install/autoware_auto_geometry_msgs/include/autoware_auto_geometry_msgs/autoware_auto_geometry_msgs/msg
[19.466s] -- Installing: /home/carla/Github/C-V2X-Autoware-Carla/install/autoware_auto_geometry_msgs/include/autoware_auto_geometry_msgs/autoware_auto_geometry_msgs/msg/detail
[19.466s] -- Installing: /home/carla/Github/C-V2X-Autoware-Carla/install/autoware_auto_geometry_msgs/include/autoware_auto_geometry_msgs/autoware_auto_geometry_msgs/msg/detail/quaternion32__struct.h
[19.466s] -- Installing: /home/carla/Github/C-V2X-Autoware-Carla/install/autoware_auto_geometry_msgs/include/autoware_auto_geometry_msgs/autoware_auto_geometry_msgs/msg/detail/relative_position_with_covariance_stamped__struct.h
[19.466s] -- Installing: /home/carla/Github/C-V2X-Autoware-Carla/install/autoware_auto_geometry_msgs/include/autoware_auto_geometry_msgs/autoware_auto_geometry_msgs/msg/detail/quaternion32__type_support.h
[19.466s] -- Installing: /home/carla/Github/C-V2X-Autoware-Carla/install/autoware_auto_geometry_msgs/include/autoware_auto_geometry_msgs/autoware_auto_geometry_msgs/msg/detail/complex32__functions.c
[19.466s] -- Installing: /home/carla/Github/C-V2X-Autoware-Carla/install/autoware_auto_geometry_msgs/include/autoware_auto_geometry_msgs/autoware_auto_geometry_msgs/msg/detail/relative_position_with_covariance_stamped__type_support.h
[19.466s] -- Installing: /home/carla/Github/C-V2X-Autoware-Carla/install/autoware_auto_geometry_msgs/include/autoware_auto_geometry_msgs/autoware_auto_geometry_msgs/msg/detail/quaternion32__functions.c
[19.466s] -- Installing: /home/carla/Github/C-V2X-Autoware-Carla/install/autoware_auto_geometry_msgs/include/autoware_auto_geometry_msgs/autoware_auto_geometry_msgs/msg/detail/complex32__struct.h
[19.466s] -- Installing: /home/carla/Github/C-V2X-Autoware-Carla/install/autoware_auto_geometry_msgs/include/autoware_auto_geometry_msgs/autoware_auto_geometry_msgs/msg/detail/relative_position_with_covariance_stamped__functions.c
[19.466s] -- Installing: /home/carla/Github/C-V2X-Autoware-Carla/install/autoware_auto_geometry_msgs/include/autoware_auto_geometry_msgs/autoware_auto_geometry_msgs/msg/detail/complex32__type_support.h
[19.466s] -- Installing: /home/carla/Github/C-V2X-Autoware-Carla/install/autoware_auto_geometry_msgs/include/autoware_auto_geometry_msgs/autoware_auto_geometry_msgs/msg/detail/quaternion32__functions.h
[19.466s] -- Installing: /home/carla/Github/C-V2X-Autoware-Carla/install/autoware_auto_geometry_msgs/include/autoware_auto_geometry_msgs/autoware_auto_geometry_msgs/msg/detail/relative_position_with_covariance_stamped__functions.h
[19.467s] -- Installing: /home/carla/Github/C-V2X-Autoware-Carla/install/autoware_auto_geometry_msgs/include/autoware_auto_geometry_msgs/autoware_auto_geometry_msgs/msg/detail/complex32__functions.h
[19.467s] -- Installing: /home/carla/Github/C-V2X-Autoware-Carla/install/autoware_auto_geometry_msgs/include/autoware_auto_geometry_msgs/autoware_auto_geometry_msgs/msg/relative_position_with_covariance_stamped.h
[19.467s] -- Installing: /home/carla/Github/C-V2X-Autoware-Carla/install/autoware_auto_geometry_msgs/include/autoware_auto_geometry_msgs/autoware_auto_geometry_msgs/msg/rosidl_generator_c__visibility_control.h
[19.467s] -- Installing: /home/carla/Github/C-V2X-Autoware-Carla/install/autoware_auto_geometry_msgs/include/autoware_auto_geometry_msgs/autoware_auto_geometry_msgs/msg/quaternion32.h
[19.467s] -- Installing: /home/carla/Github/C-V2X-Autoware-Carla/install/autoware_auto_geometry_msgs/include/autoware_auto_geometry_msgs/autoware_auto_geometry_msgs/msg/complex32.h
[19.467s] -- Installing: /home/carla/Github/C-V2X-Autoware-Carla/install/autoware_auto_geometry_msgs/share/autoware_auto_geometry_msgs/environment/library_path.sh
[19.467s] -- Installing: /home/carla/Github/C-V2X-Autoware-Carla/install/autoware_auto_geometry_msgs/share/autoware_auto_geometry_msgs/environment/library_path.dsv
[19.467s] -- Installing: /home/carla/Github/C-V2X-Autoware-Carla/install/autoware_auto_geometry_msgs/lib/libautoware_auto_geometry_msgs__rosidl_generator_c.so
[19.467s] -- Set runtime path of "/home/carla/Github/C-V2X-Autoware-Carla/install/autoware_auto_geometry_msgs/lib/libautoware_auto_geometry_msgs__rosidl_generator_c.so" to ""
[19.467s] -- Up-to-date: /home/carla/Github/C-V2X-Autoware-Carla/install/autoware_auto_geometry_msgs/include/autoware_auto_geometry_msgs/autoware_auto_geometry_msgs
[19.467s] -- Up-to-date: /home/carla/Github/C-V2X-Autoware-Carla/install/autoware_auto_geometry_msgs/include/autoware_auto_geometry_msgs/autoware_auto_geometry_msgs/msg
[19.467s] -- Installing: /home/carla/Github/C-V2X-Autoware-Carla/install/autoware_auto_geometry_msgs/include/autoware_auto_geometry_msgs/autoware_auto_geometry_msgs/msg/rosidl_typesupport_introspection_c__visibility_control.h
[19.467s] -- Up-to-date: /home/carla/Github/C-V2X-Autoware-Carla/install/autoware_auto_geometry_msgs/include/autoware_auto_geometry_msgs/autoware_auto_geometry_msgs/msg/detail
[19.467s] -- Installing: /home/carla/Github/C-V2X-Autoware-Carla/install/autoware_auto_geometry_msgs/include/autoware_auto_geometry_msgs/autoware_auto_geometry_msgs/msg/detail/quaternion32__type_support.c
[19.467s] -- Installing: /home/carla/Github/C-V2X-Autoware-Carla/install/autoware_auto_geometry_msgs/include/autoware_auto_geometry_msgs/autoware_auto_geometry_msgs/msg/detail/quaternion32__rosidl_typesupport_introspection_c.h
[19.467s] -- Installing: /home/carla/Github/C-V2X-Autoware-Carla/install/autoware_auto_geometry_msgs/include/autoware_auto_geometry_msgs/autoware_auto_geometry_msgs/msg/detail/complex32__type_support.c
[19.467s] -- Installing: /home/carla/Github/C-V2X-Autoware-Carla/install/autoware_auto_geometry_msgs/include/autoware_auto_geometry_msgs/autoware_auto_geometry_msgs/msg/detail/relative_position_with_covariance_stamped__type_support.c
[19.467s] -- Installing: /home/carla/Github/C-V2X-Autoware-Carla/install/autoware_auto_geometry_msgs/include/autoware_auto_geometry_msgs/autoware_auto_geometry_msgs/msg/detail/relative_position_with_covariance_stamped__rosidl_typesupport_introspection_c.h
[19.467s] -- Installing: /home/carla/Github/C-V2X-Autoware-Carla/install/autoware_auto_geometry_msgs/include/autoware_auto_geometry_msgs/autoware_auto_geometry_msgs/msg/detail/complex32__rosidl_typesupport_introspection_c.h
[19.467s] -- Installing: /home/carla/Github/C-V2X-Autoware-Carla/install/autoware_auto_geometry_msgs/lib/libautoware_auto_geometry_msgs__rosidl_typesupport_introspection_c.so
[19.468s] -- Set runtime path of "/home/carla/Github/C-V2X-Autoware-Carla/install/autoware_auto_geometry_msgs/lib/libautoware_auto_geometry_msgs__rosidl_typesupport_introspection_c.so" to ""
[19.470s] -- Up-to-date: /home/carla/Github/C-V2X-Autoware-Carla/install/autoware_auto_geometry_msgs/include/autoware_auto_geometry_msgs/autoware_auto_geometry_msgs
[19.471s] -- Up-to-date: /home/carla/Github/C-V2X-Autoware-Carla/install/autoware_auto_geometry_msgs/include/autoware_auto_geometry_msgs/autoware_auto_geometry_msgs/msg
[19.471s] -- Up-to-date: /home/carla/Github/C-V2X-Autoware-Carla/install/autoware_auto_geometry_msgs/include/autoware_auto_geometry_msgs/autoware_auto_geometry_msgs/msg/detail
[19.471s] -- Installing: /home/carla/Github/C-V2X-Autoware-Carla/install/autoware_auto_geometry_msgs/include/autoware_auto_geometry_msgs/autoware_auto_geometry_msgs/msg/detail/quaternion32__rosidl_typesupport_fastrtps_c.h
[19.471s] -- Installing: /home/carla/Github/C-V2X-Autoware-Carla/install/autoware_auto_geometry_msgs/include/autoware_auto_geometry_msgs/autoware_auto_geometry_msgs/msg/detail/complex32__rosidl_typesupport_fastrtps_c.h
[19.474s] -- Installing: /home/carla/Github/C-V2X-Autoware-Carla/install/autoware_auto_geometry_msgs/include/autoware_auto_geometry_msgs/autoware_auto_geometry_msgs/msg/detail/relative_position_with_covariance_stamped__rosidl_typesupport_fastrtps_c.h
[19.474s] -- Installing: /home/carla/Github/C-V2X-Autoware-Carla/install/autoware_auto_geometry_msgs/include/autoware_auto_geometry_msgs/autoware_auto_geometry_msgs/msg/rosidl_typesupport_fastrtps_c__visibility_control.h
[19.475s] -- Installing: /home/carla/Github/C-V2X-Autoware-Carla/install/autoware_auto_geometry_msgs/lib/libautoware_auto_geometry_msgs__rosidl_typesupport_fastrtps_c.so
[19.475s] -- Set runtime path of "/home/carla/Github/C-V2X-Autoware-Carla/install/autoware_auto_geometry_msgs/lib/libautoware_auto_geometry_msgs__rosidl_typesupport_fastrtps_c.so" to ""
[19.475s] -- Installing: /home/carla/Github/C-V2X-Autoware-Carla/install/autoware_auto_geometry_msgs/lib/libautoware_auto_geometry_msgs__rosidl_typesupport_c.so
[19.475s] -- Set runtime path of "/home/carla/Github/C-V2X-Autoware-Carla/install/autoware_auto_geometry_msgs/lib/libautoware_auto_geometry_msgs__rosidl_typesupport_c.so" to ""
[19.475s] -- Up-to-date: /home/carla/Github/C-V2X-Autoware-Carla/install/autoware_auto_geometry_msgs/include/autoware_auto_geometry_msgs/autoware_auto_geometry_msgs
[19.478s] -- Up-to-date: /home/carla/Github/C-V2X-Autoware-Carla/install/autoware_auto_geometry_msgs/include/autoware_auto_geometry_msgs/autoware_auto_geometry_msgs/msg
[19.479s] -- Installing: /home/carla/Github/C-V2X-Autoware-Carla/install/autoware_auto_geometry_msgs/include/autoware_auto_geometry_msgs/autoware_auto_geometry_msgs/msg/relative_position_with_covariance_stamped.hpp
[19.479s] -- Installing: /home/carla/Github/C-V2X-Autoware-Carla/install/autoware_auto_geometry_msgs/include/autoware_auto_geometry_msgs/autoware_auto_geometry_msgs/msg/quaternion32.hpp
[19.479s] -- Installing: /home/carla/Github/C-V2X-Autoware-Carla/install/autoware_auto_geometry_msgs/include/autoware_auto_geometry_msgs/autoware_auto_geometry_msgs/msg/complex32.hpp
[19.479s] -- Up-to-date: /home/carla/Github/C-V2X-Autoware-Carla/install/autoware_auto_geometry_msgs/include/autoware_auto_geometry_msgs/autoware_auto_geometry_msgs/msg/detail
[19.480s] -- Installing: /home/carla/Github/C-V2X-Autoware-Carla/install/autoware_auto_geometry_msgs/include/autoware_auto_geometry_msgs/autoware_auto_geometry_msgs/msg/detail/quaternion32__traits.hpp
[19.480s] -- Installing: /home/carla/Github/C-V2X-Autoware-Carla/install/autoware_auto_geometry_msgs/include/autoware_auto_geometry_msgs/autoware_auto_geometry_msgs/msg/detail/complex32__traits.hpp
[19.480s] -- Installing: /home/carla/Github/C-V2X-Autoware-Carla/install/autoware_auto_geometry_msgs/include/autoware_auto_geometry_msgs/autoware_auto_geometry_msgs/msg/detail/relative_position_with_covariance_stamped__builder.hpp
[19.480s] -- Installing: /home/carla/Github/C-V2X-Autoware-Carla/install/autoware_auto_geometry_msgs/include/autoware_auto_geometry_msgs/autoware_auto_geometry_msgs/msg/detail/complex32__builder.hpp
[19.480s] -- Installing: /home/carla/Github/C-V2X-Autoware-Carla/install/autoware_auto_geometry_msgs/include/autoware_auto_geometry_msgs/autoware_auto_geometry_msgs/msg/detail/relative_position_with_covariance_stamped__struct.hpp
[19.480s] -- Installing: /home/carla/Github/C-V2X-Autoware-Carla/install/autoware_auto_geometry_msgs/include/autoware_auto_geometry_msgs/autoware_auto_geometry_msgs/msg/detail/complex32__struct.hpp
[19.481s] -- Installing: /home/carla/Github/C-V2X-Autoware-Carla/install/autoware_auto_geometry_msgs/include/autoware_auto_geometry_msgs/autoware_auto_geometry_msgs/msg/detail/relative_position_with_covariance_stamped__traits.hpp
[19.482s] -- Installing: /home/carla/Github/C-V2X-Autoware-Carla/install/autoware_auto_geometry_msgs/include/autoware_auto_geometry_msgs/autoware_auto_geometry_msgs/msg/detail/quaternion32__builder.hpp
[19.482s] -- Installing: /home/carla/Github/C-V2X-Autoware-Carla/install/autoware_auto_geometry_msgs/include/autoware_auto_geometry_msgs/autoware_auto_geometry_msgs/msg/detail/quaternion32__struct.hpp
[19.482s] -- Up-to-date: /home/carla/Github/C-V2X-Autoware-Carla/install/autoware_auto_geometry_msgs/include/autoware_auto_geometry_msgs/autoware_auto_geometry_msgs
[19.482s] -- Up-to-date: /home/carla/Github/C-V2X-Autoware-Carla/install/autoware_auto_geometry_msgs/include/autoware_auto_geometry_msgs/autoware_auto_geometry_msgs/msg
[19.482s] -- Up-to-date: /home/carla/Github/C-V2X-Autoware-Carla/install/autoware_auto_geometry_msgs/include/autoware_auto_geometry_msgs/autoware_auto_geometry_msgs/msg/detail
[19.482s] -- Installing: /home/carla/Github/C-V2X-Autoware-Carla/install/autoware_auto_geometry_msgs/include/autoware_auto_geometry_msgs/autoware_auto_geometry_msgs/msg/detail/relative_position_with_covariance_stamped__rosidl_typesupport_introspection_cpp.hpp
[19.482s] -- Installing: /home/carla/Github/C-V2X-Autoware-Carla/install/autoware_auto_geometry_msgs/include/autoware_auto_geometry_msgs/autoware_auto_geometry_msgs/msg/detail/quaternion32__type_support.cpp
[19.482s] -- Installing: /home/carla/Github/C-V2X-Autoware-Carla/install/autoware_auto_geometry_msgs/include/autoware_auto_geometry_msgs/autoware_auto_geometry_msgs/msg/detail/complex32__type_support.cpp
[19.482s] -- Installing: /home/carla/Github/C-V2X-Autoware-Carla/install/autoware_auto_geometry_msgs/include/autoware_auto_geometry_msgs/autoware_auto_geometry_msgs/msg/detail/quaternion32__rosidl_typesupport_introspection_cpp.hpp
[19.482s] -- Installing: /home/carla/Github/C-V2X-Autoware-Carla/install/autoware_auto_geometry_msgs/include/autoware_auto_geometry_msgs/autoware_auto_geometry_msgs/msg/detail/complex32__rosidl_typesupport_introspection_cpp.hpp
[19.482s] -- Installing: /home/carla/Github/C-V2X-Autoware-Carla/install/autoware_auto_geometry_msgs/include/autoware_auto_geometry_msgs/autoware_auto_geometry_msgs/msg/detail/relative_position_with_covariance_stamped__type_support.cpp
[19.483s] -- Installing: /home/carla/Github/C-V2X-Autoware-Carla/install/autoware_auto_geometry_msgs/lib/libautoware_auto_geometry_msgs__rosidl_typesupport_introspection_cpp.so
[19.483s] -- Set runtime path of "/home/carla/Github/C-V2X-Autoware-Carla/install/autoware_auto_geometry_msgs/lib/libautoware_auto_geometry_msgs__rosidl_typesupport_introspection_cpp.so" to ""
[19.483s] -- Up-to-date: /home/carla/Github/C-V2X-Autoware-Carla/install/autoware_auto_geometry_msgs/include/autoware_auto_geometry_msgs/autoware_auto_geometry_msgs
[19.483s] -- Up-to-date: /home/carla/Github/C-V2X-Autoware-Carla/install/autoware_auto_geometry_msgs/include/autoware_auto_geometry_msgs/autoware_auto_geometry_msgs/msg
[19.483s] -- Installing: /home/carla/Github/C-V2X-Autoware-Carla/install/autoware_auto_geometry_msgs/include/autoware_auto_geometry_msgs/autoware_auto_geometry_msgs/msg/rosidl_typesupport_fastrtps_cpp__visibility_control.h
[19.483s] -- Up-to-date: /home/carla/Github/C-V2X-Autoware-Carla/install/autoware_auto_geometry_msgs/include/autoware_auto_geometry_msgs/autoware_auto_geometry_msgs/msg/detail
[19.483s] -- Installing: /home/carla/Github/C-V2X-Autoware-Carla/install/autoware_auto_geometry_msgs/include/autoware_auto_geometry_msgs/autoware_auto_geometry_msgs/msg/detail/dds_fastrtps
[19.484s] -- Installing: /home/carla/Github/C-V2X-Autoware-Carla/install/autoware_auto_geometry_msgs/include/autoware_auto_geometry_msgs/autoware_auto_geometry_msgs/msg/detail/relative_position_with_covariance_stamped__rosidl_typesupport_fastrtps_cpp.hpp
[19.484s] -- Installing: /home/carla/Github/C-V2X-Autoware-Carla/install/autoware_auto_geometry_msgs/include/autoware_auto_geometry_msgs/autoware_auto_geometry_msgs/msg/detail/complex32__rosidl_typesupport_fastrtps_cpp.hpp
[19.484s] -- Installing: /home/carla/Github/C-V2X-Autoware-Carla/install/autoware_auto_geometry_msgs/include/autoware_auto_geometry_msgs/autoware_auto_geometry_msgs/msg/detail/quaternion32__rosidl_typesupport_fastrtps_cpp.hpp
[19.484s] -- Installing: /home/carla/Github/C-V2X-Autoware-Carla/install/autoware_auto_geometry_msgs/lib/libautoware_auto_geometry_msgs__rosidl_typesupport_fastrtps_cpp.so
[19.484s] -- Set runtime path of "/home/carla/Github/C-V2X-Autoware-Carla/install/autoware_auto_geometry_msgs/lib/libautoware_auto_geometry_msgs__rosidl_typesupport_fastrtps_cpp.so" to ""
[19.484s] -- Installing: /home/carla/Github/C-V2X-Autoware-Carla/install/autoware_auto_geometry_msgs/lib/libautoware_auto_geometry_msgs__rosidl_typesupport_cpp.so
[19.484s] -- Set runtime path of "/home/carla/Github/C-V2X-Autoware-Carla/install/autoware_auto_geometry_msgs/lib/libautoware_auto_geometry_msgs__rosidl_typesupport_cpp.so" to ""
[19.484s] -- Installing: /home/carla/Github/C-V2X-Autoware-Carla/install/autoware_auto_geometry_msgs/share/autoware_auto_geometry_msgs/environment/pythonpath.sh
[19.484s] -- Installing: /home/carla/Github/C-V2X-Autoware-Carla/install/autoware_auto_geometry_msgs/share/autoware_auto_geometry_msgs/environment/pythonpath.dsv
[19.484s] -- Installing: /home/carla/Github/C-V2X-Autoware-Carla/install/autoware_auto_geometry_msgs/lib/python3.8/site-packages/autoware_auto_geometry_msgs-1.0.0-py3.8.egg-info
[19.484s] -- Installing: /home/carla/Github/C-V2X-Autoware-Carla/install/autoware_auto_geometry_msgs/lib/python3.8/site-packages/autoware_auto_geometry_msgs-1.0.0-py3.8.egg-info/SOURCES.txt
[19.484s] -- Installing: /home/carla/Github/C-V2X-Autoware-Carla/install/autoware_auto_geometry_msgs/lib/python3.8/site-packages/autoware_auto_geometry_msgs-1.0.0-py3.8.egg-info/PKG-INFO
[19.484s] -- Installing: /home/carla/Github/C-V2X-Autoware-Carla/install/autoware_auto_geometry_msgs/lib/python3.8/site-packages/autoware_auto_geometry_msgs-1.0.0-py3.8.egg-info/dependency_links.txt
[19.484s] -- Installing: /home/carla/Github/C-V2X-Autoware-Carla/install/autoware_auto_geometry_msgs/lib/python3.8/site-packages/autoware_auto_geometry_msgs-1.0.0-py3.8.egg-info/top_level.txt
[19.484s] -- Installing: /home/carla/Github/C-V2X-Autoware-Carla/install/autoware_auto_geometry_msgs/lib/python3.8/site-packages/autoware_auto_geometry_msgs
[19.484s] -- Installing: /home/carla/Github/C-V2X-Autoware-Carla/install/autoware_auto_geometry_msgs/lib/python3.8/site-packages/autoware_auto_geometry_msgs/_autoware_auto_geometry_msgs_s.ep.rosidl_typesupport_fastrtps_c.c
[19.484s] -- Installing: /home/carla/Github/C-V2X-Autoware-Carla/install/autoware_auto_geometry_msgs/lib/python3.8/site-packages/autoware_auto_geometry_msgs/libautoware_auto_geometry_msgs__rosidl_generator_py.so
[19.484s] -- Installing: /home/carla/Github/C-V2X-Autoware-Carla/install/autoware_auto_geometry_msgs/lib/python3.8/site-packages/autoware_auto_geometry_msgs/autoware_auto_geometry_msgs_s__rosidl_typesupport_introspection_c.cpython-38-x86_64-linux-gnu.so
[19.484s] -- Installing: /home/carla/Github/C-V2X-Autoware-Carla/install/autoware_auto_geometry_msgs/lib/python3.8/site-packages/autoware_auto_geometry_msgs/autoware_auto_geometry_msgs_s__rosidl_typesupport_c.cpython-38-x86_64-linux-gnu.so
[19.484s] -- Installing: /home/carla/Github/C-V2X-Autoware-Carla/install/autoware_auto_geometry_msgs/lib/python3.8/site-packages/autoware_auto_geometry_msgs/_autoware_auto_geometry_msgs_s.ep.rosidl_typesupport_c.c
[19.484s] -- Installing: /home/carla/Github/C-V2X-Autoware-Carla/install/autoware_auto_geometry_msgs/lib/python3.8/site-packages/autoware_auto_geometry_msgs/_autoware_auto_geometry_msgs_s.ep.rosidl_typesupport_introspection_c.c
[19.484s] -- Installing: /home/carla/Github/C-V2X-Autoware-Carla/install/autoware_auto_geometry_msgs/lib/python3.8/site-packages/autoware_auto_geometry_msgs/__init__.py
[19.484s] -- Installing: /home/carla/Github/C-V2X-Autoware-Carla/install/autoware_auto_geometry_msgs/lib/python3.8/site-packages/autoware_auto_geometry_msgs/msg
[19.485s] -- Installing: /home/carla/Github/C-V2X-Autoware-Carla/install/autoware_auto_geometry_msgs/lib/python3.8/site-packages/autoware_auto_geometry_msgs/msg/_quaternion32.py
[19.485s] -- Installing: /home/carla/Github/C-V2X-Autoware-Carla/install/autoware_auto_geometry_msgs/lib/python3.8/site-packages/autoware_auto_geometry_msgs/msg/_complex32_s.c
[19.485s] -- Installing: /home/carla/Github/C-V2X-Autoware-Carla/install/autoware_auto_geometry_msgs/lib/python3.8/site-packages/autoware_auto_geometry_msgs/msg/_relative_position_with_covariance_stamped_s.c
[19.485s] -- Installing: /home/carla/Github/C-V2X-Autoware-Carla/install/autoware_auto_geometry_msgs/lib/python3.8/site-packages/autoware_auto_geometry_msgs/msg/_relative_position_with_covariance_stamped.py
[19.485s] -- Installing: /home/carla/Github/C-V2X-Autoware-Carla/install/autoware_auto_geometry_msgs/lib/python3.8/site-packages/autoware_auto_geometry_msgs/msg/_complex32.py
[19.485s] -- Installing: /home/carla/Github/C-V2X-Autoware-Carla/install/autoware_auto_geometry_msgs/lib/python3.8/site-packages/autoware_auto_geometry_msgs/msg/__init__.py
[19.485s] -- Installing: /home/carla/Github/C-V2X-Autoware-Carla/install/autoware_auto_geometry_msgs/lib/python3.8/site-packages/autoware_auto_geometry_msgs/msg/_quaternion32_s.c
[19.485s] -- Installing: /home/carla/Github/C-V2X-Autoware-Carla/install/autoware_auto_geometry_msgs/lib/python3.8/site-packages/autoware_auto_geometry_msgs/autoware_auto_geometry_msgs_s__rosidl_typesupport_fastrtps_c.cpython-38-x86_64-linux-gnu.so
[19.799s] Listing '/home/carla/Github/C-V2X-Autoware-Carla/install/autoware_auto_geometry_msgs/lib/python3.8/site-packages/autoware_auto_geometry_msgs'...
[19.799s] Compiling '/home/carla/Github/C-V2X-Autoware-Carla/install/autoware_auto_geometry_msgs/lib/python3.8/site-packages/autoware_auto_geometry_msgs/__init__.py'...
[19.800s] Listing '/home/carla/Github/C-V2X-Autoware-Carla/install/autoware_auto_geometry_msgs/lib/python3.8/site-packages/autoware_auto_geometry_msgs/msg'...
[19.800s] Compiling '/home/carla/Github/C-V2X-Autoware-Carla/install/autoware_auto_geometry_msgs/lib/python3.8/site-packages/autoware_auto_geometry_msgs/msg/__init__.py'...
[19.800s] Compiling '/home/carla/Github/C-V2X-Autoware-Carla/install/autoware_auto_geometry_msgs/lib/python3.8/site-packages/autoware_auto_geometry_msgs/msg/_complex32.py'...
[19.800s] Compiling '/home/carla/Github/C-V2X-Autoware-Carla/install/autoware_auto_geometry_msgs/lib/python3.8/site-packages/autoware_auto_geometry_msgs/msg/_quaternion32.py'...
[19.800s] Compiling '/home/carla/Github/C-V2X-Autoware-Carla/install/autoware_auto_geometry_msgs/lib/python3.8/site-packages/autoware_auto_geometry_msgs/msg/_relative_position_with_covariance_stamped.py'...
[19.802s] -- Installing: /home/carla/Github/C-V2X-Autoware-Carla/install/autoware_auto_geometry_msgs/lib/python3.8/site-packages/autoware_auto_geometry_msgs/autoware_auto_geometry_msgs_s__rosidl_typesupport_introspection_c.cpython-38-x86_64-linux-gnu.so
[19.803s] -- Set runtime path of "/home/carla/Github/C-V2X-Autoware-Carla/install/autoware_auto_geometry_msgs/lib/python3.8/site-packages/autoware_auto_geometry_msgs/autoware_auto_geometry_msgs_s__rosidl_typesupport_introspection_c.cpython-38-x86_64-linux-gnu.so" to ""
[19.803s] -- Installing: /home/carla/Github/C-V2X-Autoware-Carla/install/autoware_auto_geometry_msgs/lib/python3.8/site-packages/autoware_auto_geometry_msgs/autoware_auto_geometry_msgs_s__rosidl_typesupport_fastrtps_c.cpython-38-x86_64-linux-gnu.so
[19.804s] -- Set runtime path of "/home/carla/Github/C-V2X-Autoware-Carla/install/autoware_auto_geometry_msgs/lib/python3.8/site-packages/autoware_auto_geometry_msgs/autoware_auto_geometry_msgs_s__rosidl_typesupport_fastrtps_c.cpython-38-x86_64-linux-gnu.so" to ""
[19.804s] -- Installing: /home/carla/Github/C-V2X-Autoware-Carla/install/autoware_auto_geometry_msgs/lib/python3.8/site-packages/autoware_auto_geometry_msgs/autoware_auto_geometry_msgs_s__rosidl_typesupport_c.cpython-38-x86_64-linux-gnu.so
[19.804s] -- Set runtime path of "/home/carla/Github/C-V2X-Autoware-Carla/install/autoware_auto_geometry_msgs/lib/python3.8/site-packages/autoware_auto_geometry_msgs/autoware_auto_geometry_msgs_s__rosidl_typesupport_c.cpython-38-x86_64-linux-gnu.so" to ""
[19.804s] -- Installing: /home/carla/Github/C-V2X-Autoware-Carla/install/autoware_auto_geometry_msgs/lib/libautoware_auto_geometry_msgs__rosidl_generator_py.so
[19.805s] -- Set runtime path of "/home/carla/Github/C-V2X-Autoware-Carla/install/autoware_auto_geometry_msgs/lib/libautoware_auto_geometry_msgs__rosidl_generator_py.so" to ""
[19.805s] -- Installing: /home/carla/Github/C-V2X-Autoware-Carla/install/autoware_auto_geometry_msgs/share/autoware_auto_geometry_msgs/msg/Complex32.idl
[19.805s] -- Installing: /home/carla/Github/C-V2X-Autoware-Carla/install/autoware_auto_geometry_msgs/share/autoware_auto_geometry_msgs/msg/Quaternion32.idl
[19.805s] -- Installing: /home/carla/Github/C-V2X-Autoware-Carla/install/autoware_auto_geometry_msgs/share/autoware_auto_geometry_msgs/msg/RelativePositionWithCovarianceStamped.idl
[19.805s] -- Installing: /home/carla/Github/C-V2X-Autoware-Carla/install/autoware_auto_geometry_msgs/share/ament_index/resource_index/package_run_dependencies/autoware_auto_geometry_msgs
[19.805s] -- Installing: /home/carla/Github/C-V2X-Autoware-Carla/install/autoware_auto_geometry_msgs/share/ament_index/resource_index/parent_prefix_path/autoware_auto_geometry_msgs
[19.805s] -- Installing: /home/carla/Github/C-V2X-Autoware-Carla/install/autoware_auto_geometry_msgs/share/autoware_auto_geometry_msgs/environment/ament_prefix_path.sh
[19.805s] -- Installing: /home/carla/Github/C-V2X-Autoware-Carla/install/autoware_auto_geometry_msgs/share/autoware_auto_geometry_msgs/environment/ament_prefix_path.dsv
[19.805s] -- Installing: /home/carla/Github/C-V2X-Autoware-Carla/install/autoware_auto_geometry_msgs/share/autoware_auto_geometry_msgs/environment/path.sh
[19.806s] -- Installing: /home/carla/Github/C-V2X-Autoware-Carla/install/autoware_auto_geometry_msgs/share/autoware_auto_geometry_msgs/environment/path.dsv
[19.806s] -- Installing: /home/carla/Github/C-V2X-Autoware-Carla/install/autoware_auto_geometry_msgs/share/autoware_auto_geometry_msgs/local_setup.bash
[19.806s] -- Installing: /home/carla/Github/C-V2X-Autoware-Carla/install/autoware_auto_geometry_msgs/share/autoware_auto_geometry_msgs/local_setup.sh
[19.806s] -- Installing: /home/carla/Github/C-V2X-Autoware-Carla/install/autoware_auto_geometry_msgs/share/autoware_auto_geometry_msgs/local_setup.zsh
[19.806s] -- Installing: /home/carla/Github/C-V2X-Autoware-Carla/install/autoware_auto_geometry_msgs/share/autoware_auto_geometry_msgs/local_setup.dsv
[19.806s] -- Installing: /home/carla/Github/C-V2X-Autoware-Carla/install/autoware_auto_geometry_msgs/share/autoware_auto_geometry_msgs/package.dsv
[19.806s] -- Installing: /home/carla/Github/C-V2X-Autoware-Carla/install/autoware_auto_geometry_msgs/share/ament_index/resource_index/packages/autoware_auto_geometry_msgs
[19.806s] -- Installing: /home/carla/Github/C-V2X-Autoware-Carla/install/autoware_auto_geometry_msgs/share/autoware_auto_geometry_msgs/cmake/export_autoware_auto_geometry_msgs__rosidl_generator_cExport.cmake
[19.806s] -- Installing: /home/carla/Github/C-V2X-Autoware-Carla/install/autoware_auto_geometry_msgs/share/autoware_auto_geometry_msgs/cmake/export_autoware_auto_geometry_msgs__rosidl_generator_cExport-noconfig.cmake
[19.806s] -- Installing: /home/carla/Github/C-V2X-Autoware-Carla/install/autoware_auto_geometry_msgs/share/autoware_auto_geometry_msgs/cmake/autoware_auto_geometry_msgs__rosidl_typesupport_introspection_cExport.cmake
[19.806s] -- Installing: /home/carla/Github/C-V2X-Autoware-Carla/install/autoware_auto_geometry_msgs/share/autoware_auto_geometry_msgs/cmake/autoware_auto_geometry_msgs__rosidl_typesupport_introspection_cExport-noconfig.cmake
[19.806s] -- Installing: /home/carla/Github/C-V2X-Autoware-Carla/install/autoware_auto_geometry_msgs/share/autoware_auto_geometry_msgs/cmake/export_autoware_auto_geometry_msgs__rosidl_typesupport_fastrtps_cExport.cmake
[19.806s] -- Installing: /home/carla/Github/C-V2X-Autoware-Carla/install/autoware_auto_geometry_msgs/share/autoware_auto_geometry_msgs/cmake/export_autoware_auto_geometry_msgs__rosidl_typesupport_fastrtps_cExport-noconfig.cmake
[19.806s] -- Installing: /home/carla/Github/C-V2X-Autoware-Carla/install/autoware_auto_geometry_msgs/share/autoware_auto_geometry_msgs/cmake/autoware_auto_geometry_msgs__rosidl_typesupport_cExport.cmake
[19.806s] -- Installing: /home/carla/Github/C-V2X-Autoware-Carla/install/autoware_auto_geometry_msgs/share/autoware_auto_geometry_msgs/cmake/autoware_auto_geometry_msgs__rosidl_typesupport_cExport-noconfig.cmake
[19.807s] -- Installing: /home/carla/Github/C-V2X-Autoware-Carla/install/autoware_auto_geometry_msgs/share/autoware_auto_geometry_msgs/cmake/export_autoware_auto_geometry_msgs__rosidl_generator_cppExport.cmake
[19.807s] -- Installing: /home/carla/Github/C-V2X-Autoware-Carla/install/autoware_auto_geometry_msgs/share/autoware_auto_geometry_msgs/cmake/autoware_auto_geometry_msgs__rosidl_typesupport_introspection_cppExport.cmake
[19.807s] -- Installing: /home/carla/Github/C-V2X-Autoware-Carla/install/autoware_auto_geometry_msgs/share/autoware_auto_geometry_msgs/cmake/autoware_auto_geometry_msgs__rosidl_typesupport_introspection_cppExport-noconfig.cmake
[19.807s] -- Installing: /home/carla/Github/C-V2X-Autoware-Carla/install/autoware_auto_geometry_msgs/share/autoware_auto_geometry_msgs/cmake/export_autoware_auto_geometry_msgs__rosidl_typesupport_fastrtps_cppExport.cmake
[19.807s] -- Installing: /home/carla/Github/C-V2X-Autoware-Carla/install/autoware_auto_geometry_msgs/share/autoware_auto_geometry_msgs/cmake/export_autoware_auto_geometry_msgs__rosidl_typesupport_fastrtps_cppExport-noconfig.cmake
[19.807s] -- Installing: /home/carla/Github/C-V2X-Autoware-Carla/install/autoware_auto_geometry_msgs/share/autoware_auto_geometry_msgs/cmake/autoware_auto_geometry_msgs__rosidl_typesupport_cppExport.cmake
[19.807s] -- Installing: /home/carla/Github/C-V2X-Autoware-Carla/install/autoware_auto_geometry_msgs/share/autoware_auto_geometry_msgs/cmake/autoware_auto_geometry_msgs__rosidl_typesupport_cppExport-noconfig.cmake
[19.807s] -- Installing: /home/carla/Github/C-V2X-Autoware-Carla/install/autoware_auto_geometry_msgs/share/autoware_auto_geometry_msgs/cmake/export_autoware_auto_geometry_msgs__rosidl_generator_pyExport.cmake
[19.807s] -- Installing: /home/carla/Github/C-V2X-Autoware-Carla/install/autoware_auto_geometry_msgs/share/autoware_auto_geometry_msgs/cmake/export_autoware_auto_geometry_msgs__rosidl_generator_pyExport-noconfig.cmake
[19.807s] -- Installing: /home/carla/Github/C-V2X-Autoware-Carla/install/autoware_auto_geometry_msgs/share/autoware_auto_geometry_msgs/cmake/rosidl_cmake-extras.cmake
[19.807s] -- Installing: /home/carla/Github/C-V2X-Autoware-Carla/install/autoware_auto_geometry_msgs/share/autoware_auto_geometry_msgs/cmake/ament_cmake_export_dependencies-extras.cmake
[19.807s] -- Installing: /home/carla/Github/C-V2X-Autoware-Carla/install/autoware_auto_geometry_msgs/share/autoware_auto_geometry_msgs/cmake/ament_cmake_export_include_directories-extras.cmake
[19.807s] -- Installing: /home/carla/Github/C-V2X-Autoware-Carla/install/autoware_auto_geometry_msgs/share/autoware_auto_geometry_msgs/cmake/ament_cmake_export_libraries-extras.cmake
[19.808s] -- Installing: /home/carla/Github/C-V2X-Autoware-Carla/install/autoware_auto_geometry_msgs/share/autoware_auto_geometry_msgs/cmake/ament_cmake_export_targets-extras.cmake
[19.808s] -- Installing: /home/carla/Github/C-V2X-Autoware-Carla/install/autoware_auto_geometry_msgs/share/autoware_auto_geometry_msgs/cmake/rosidl_cmake_export_typesupport_targets-extras.cmake
[19.808s] -- Installing: /home/carla/Github/C-V2X-Autoware-Carla/install/autoware_auto_geometry_msgs/share/autoware_auto_geometry_msgs/cmake/rosidl_cmake_export_typesupport_libraries-extras.cmake
[19.808s] -- Installing: /home/carla/Github/C-V2X-Autoware-Carla/install/autoware_auto_geometry_msgs/share/autoware_auto_geometry_msgs/cmake/autoware_auto_geometry_msgsConfig.cmake
[19.808s] -- Installing: /home/carla/Github/C-V2X-Autoware-Carla/install/autoware_auto_geometry_msgs/share/autoware_auto_geometry_msgs/cmake/autoware_auto_geometry_msgsConfig-version.cmake
[19.808s] -- Installing: /home/carla/Github/C-V2X-Autoware-Carla/install/autoware_auto_geometry_msgs/share/autoware_auto_geometry_msgs/package.xml
[19.813s] Invoked command in '/home/carla/Github/C-V2X-Autoware-Carla/build/autoware_auto_geometry_msgs' returned '0': CMAKE_PREFIX_PATH=${CMAKE_PREFIX_PATH}:/home/carla/Github/C-V2X-Autoware-Carla/install/vehicle:/home/carla/Github/C-V2X-Autoware-Carla/install/infrastructure:/home/carla/ros2_humble/install/rqt_bag_plugins:/home/carla/ros2_humble/install/rqt_bag:/home/carla/ros2_humble/install/ros2bag:/home/carla/ros2_humble/install/tracetools_test:/home/carla/ros2_humble/install/tracetools_launch:/home/carla/ros2_humble/install/topic_monitor:/home/carla/ros2_humble/install/tf2_tools:/home/carla/ros2_humble/install/examples_tf2_py:/home/carla/ros2_humble/install/tf2_ros_py:/home/carla/ros2_humble/install/sros2:/home/carla/ros2_humble/install/rqt_topic:/home/carla/ros2_humble/install/rqt_srv:/home/carla/ros2_humble/install/rqt_shell:/home/carla/ros2_humble/install/rqt_service_caller:/home/carla/ros2_humble/install/rqt_reconfigure:/home/carla/ros2_humble/install/rqt_py_console:/home/carla/ros2_humble/install/rqt_publisher:/home/carla/ros2_humble/install/rqt_plot:/home/carla/ros2_humble/install/rqt_action:/home/carla/ros2_humble/install/rqt_msg:/home/carla/ros2_humble/install/rqt_console:/home/carla/ros2_humble/install/rqt:/home/carla/ros2_humble/install/rqt_graph:/home/carla/ros2_humble/install/rqt_gui_py:/home/carla/ros2_humble/install/rqt_gui:/home/carla/ros2_humble/install/ros2trace:/home/carla/ros2_humble/install/ros2topic:/home/carla/ros2_humble/install/ros2test:/home/carla/ros2_humble/install/ros2component:/home/carla/ros2_humble/install/ros2param:/home/carla/ros2_humble/install/ros2lifecycle:/home/carla/ros2_humble/install/ros2service:/home/carla/ros2_humble/install/ros2run:/home/carla/ros2_humble/install/ros2launch:/home/carla/ros2_humble/install/ros2pkg:/home/carla/ros2_humble/install/ros2node:/home/carla/ros2_humble/install/ros2multicast:/home/carla/ros2_humble/install/ros2interface:/home/carla/ros2_humble/install/ros2doctor:/home/carla/ros2_humble/install/ros2action:/home/carla/ros2_humble/install/ros2cli:/home/carla/ros2_humble/install/quality_of_service_demo_py:/home/carla/ros2_humble/install/lifecycle_py:/home/carla/ros2_humble/install/launch_testing_ros:/home/carla/ros2_humble/install/launch_ros:/home/carla/ros2_humble/install/examples_rclpy_pointcloud_publisher:/home/carla/ros2_humble/install/examples_rclpy_minimal_subscriber:/home/carla/ros2_humble/install/examples_rclpy_minimal_service:/home/carla/ros2_humble/install/examples_rclpy_minimal_publisher:/home/carla/ros2_humble/install/examples_rclpy_minimal_client:/home/carla/ros2_humble/install/examples_rclpy_minimal_action_server:/home/carla/ros2_humble/install/examples_rclpy_minimal_action_client:/home/carla/ros2_humble/install/examples_rclpy_guard_conditions:/home/carla/ros2_humble/install/examples_rclpy_executors:/home/carla/ros2_humble/install/demo_nodes_py:/home/carla/ros2_humble/install/action_tutorials_py:/home/carla/ros2_humble/install/ament_uncrustify:/home/carla/ros2_humble/install/tracetools_trace:/home/carla/ros2_humble/install/tracetools_read:/home/carla/ros2_humble/install/test_tracetools_launch:/home/carla/ros2_humble/install/test_launch_ros:/home/carla/ros2_humble/install/sensor_msgs_py:/home/carla/ros2_humble/install/rpyutils:/home/carla/ros2_humble/install/rosidl_runtime_py:/home/carla/ros2_humble/install/rosidl_cli:/home/carla/ros2_humble/install/launch_pytest:/home/carla/ros2_humble/install/launch_testing:/home/carla/ros2_humble/install/launch_yaml:/home/carla/ros2_humble/install/launch_xml:/home/carla/ros2_humble/install/launch:/home/carla/ros2_humble/install/osrf_pycommon:/home/carla/ros2_humble/install/launch_testing_examples:/home/carla/ros2_humble/install/domain_coordinator:/home/carla/ros2_humble/install/ament_xmllint:/home/carla/ros2_humble/install/ament_pyflakes:/home/carla/ros2_humble/install/ament_pycodestyle:/home/carla/ros2_humble/install/ament_pep257:/home/carla/ros2_humble/install/ament_pclint:/home/carla/ros2_humble/install/ament_package:/home/carla/ros2_humble/install/ament_mypy:/home/carla/ros2_humble/install/ament_lint_cmake:/home/carla/ros2_humble/install/ament_flake8:/home/carla/ros2_humble/install/ament_copyright:/home/carla/ros2_humble/install/ament_lint:/home/carla/ros2_humble/install/ament_index_python:/home/carla/ros2_humble/install/ament_cpplint:/home/carla/ros2_humble/install/ament_cppcheck:/home/carla/ros2_humble/install/ament_clang_tidy:/home/carla/ros2_humble/install/ament_clang_format /usr/bin/cmake --install /home/carla/Github/C-V2X-Autoware-Carla/build/autoware_auto_geometry_msgs
