[0.210s] DEBUG:colcon:Command line arguments: ['/usr/bin/colcon', 'build', '--symlink-install', '--allow-overriding', 'cv_bridge', 'image_geometry']
[0.210s] DEBUG:colcon:Parsed command line arguments: Namespace(allow_overriding=['cv_bridge', 'image_geometry'], ament_cmake_args=None, base_paths=['.'], build_base='build', catkin_cmake_args=None, catkin_skip_building_tests=False, cmake_args=None, cmake_clean_cache=False, cmake_clean_first=False, cmake_force_configure=False, cmake_target=None, cmake_target_skip_unavailable=False, continue_on_error=False, event_handlers=None, executor='parallel', ignore_user_meta=False, install_base='install', log_base=None, log_level=None, main=<bound method BuildVerb.main of <colcon_core.verb.build.BuildVerb object at 0x7ff282313dc0>>, merge_install=False, metas=['./colcon.meta'], packages_above=None, packages_above_and_dependencies=None, packages_above_depth=None, packages_end=None, packages_ignore=None, packages_ignore_regex=None, packages_select=None, packages_select_build_failed=False, packages_select_by_dep=None, packages_select_regex=None, packages_select_test_failures=False, packages_skip=None, packages_skip_build_finished=False, packages_skip_by_dep=None, packages_skip_regex=None, packages_skip_test_passed=False, packages_skip_up_to=None, packages_start=None, packages_up_to=None, packages_up_to_regex=None, parallel_workers=20, paths=None, symlink_install=True, test_result_base=None, verb_extension=<colcon_core.verb.build.BuildVerb object at 0x7ff282313dc0>, verb_name='build', verb_parser=<colcon_defaults.argument_parser.defaults.DefaultArgumentsDecorator object at 0x7ff281fe7160>)
[0.242s] Level 1:colcon.colcon_core.package_discovery:discover_packages(colcon_meta) check parameters
[0.242s] Level 1:colcon.colcon_core.package_discovery:discover_packages(recursive) check parameters
[0.242s] Level 1:colcon.colcon_core.package_discovery:discover_packages(ignore) check parameters
[0.242s] Level 1:colcon.colcon_core.package_discovery:discover_packages(path) check parameters
[0.242s] Level 1:colcon.colcon_core.package_discovery:discover_packages(colcon_meta) discover
[0.242s] Level 1:colcon.colcon_core.package_discovery:discover_packages(recursive) discover
[0.242s] INFO:colcon.colcon_core.package_discovery:Crawling recursively for packages in '/home/carla/Documents/GitHub/C-V2X-Autoware-Carla'
[0.242s] Level 1:colcon.colcon_core.package_identification:_identify(.) by extensions ['ignore', 'ignore_ament_install']
[0.242s] Level 1:colcon.colcon_core.package_identification:_identify(.) by extension 'ignore'
[0.242s] Level 1:colcon.colcon_core.package_identification:_identify(.) by extension 'ignore_ament_install'
[0.242s] Level 1:colcon.colcon_core.package_identification:_identify(.) by extensions ['colcon_pkg']
[0.242s] Level 1:colcon.colcon_core.package_identification:_identify(.) by extension 'colcon_pkg'
[0.242s] Level 1:colcon.colcon_core.package_identification:_identify(.) by extensions ['colcon_meta']
[0.242s] Level 1:colcon.colcon_core.package_identification:_identify(.) by extension 'colcon_meta'
[0.242s] Level 1:colcon.colcon_core.package_identification:_identify(.) by extensions ['ros']
[0.242s] Level 1:colcon.colcon_core.package_identification:_identify(.) by extension 'ros'
[0.253s] Level 1:colcon.colcon_core.package_identification:_identify(.) by extensions ['cmake', 'python']
[0.253s] Level 1:colcon.colcon_core.package_identification:_identify(.) by extension 'cmake'
[0.253s] Level 1:colcon.colcon_core.package_identification:_identify(.) by extension 'python'
[0.253s] Level 1:colcon.colcon_core.package_identification:_identify(.) by extensions ['python_setup_py']
[0.253s] Level 1:colcon.colcon_core.package_identification:_identify(.) by extension 'python_setup_py'
[0.253s] Level 1:colcon.colcon_core.package_identification:_identify(build) by extensions ['ignore', 'ignore_ament_install']
[0.253s] Level 1:colcon.colcon_core.package_identification:_identify(build) by extension 'ignore'
[0.253s] Level 1:colcon.colcon_core.package_identification:_identify(build) ignored
[0.253s] Level 1:colcon.colcon_core.package_identification:_identify(install) by extensions ['ignore', 'ignore_ament_install']
[0.253s] Level 1:colcon.colcon_core.package_identification:_identify(install) by extension 'ignore'
[0.253s] Level 1:colcon.colcon_core.package_identification:_identify(install) ignored
[0.253s] Level 1:colcon.colcon_core.package_identification:_identify(log) by extensions ['ignore', 'ignore_ament_install']
[0.253s] Level 1:colcon.colcon_core.package_identification:_identify(log) by extension 'ignore'
[0.253s] Level 1:colcon.colcon_core.package_identification:_identify(log) ignored
[0.253s] Level 1:colcon.colcon_core.package_identification:_identify(src) by extensions ['ignore', 'ignore_ament_install']
[0.253s] Level 1:colcon.colcon_core.package_identification:_identify(src) by extension 'ignore'
[0.253s] Level 1:colcon.colcon_core.package_identification:_identify(src) by extension 'ignore_ament_install'
[0.253s] Level 1:colcon.colcon_core.package_identification:_identify(src) by extensions ['colcon_pkg']
[0.253s] Level 1:colcon.colcon_core.package_identification:_identify(src) by extension 'colcon_pkg'
[0.253s] Level 1:colcon.colcon_core.package_identification:_identify(src) by extensions ['colcon_meta']
[0.253s] Level 1:colcon.colcon_core.package_identification:_identify(src) by extension 'colcon_meta'
[0.253s] Level 1:colcon.colcon_core.package_identification:_identify(src) by extensions ['ros']
[0.253s] Level 1:colcon.colcon_core.package_identification:_identify(src) by extension 'ros'
[0.253s] Level 1:colcon.colcon_core.package_identification:_identify(src) by extensions ['cmake', 'python']
[0.253s] Level 1:colcon.colcon_core.package_identification:_identify(src) by extension 'cmake'
[0.253s] Level 1:colcon.colcon_core.package_identification:_identify(src) by extension 'python'
[0.253s] Level 1:colcon.colcon_core.package_identification:_identify(src) by extensions ['python_setup_py']
[0.253s] Level 1:colcon.colcon_core.package_identification:_identify(src) by extension 'python_setup_py'
[0.253s] Level 1:colcon.colcon_core.package_identification:_identify(src/v2x_msg) by extensions ['ignore', 'ignore_ament_install']
[0.254s] Level 1:colcon.colcon_core.package_identification:_identify(src/v2x_msg) by extension 'ignore'
[0.254s] Level 1:colcon.colcon_core.package_identification:_identify(src/v2x_msg) by extension 'ignore_ament_install'
[0.254s] Level 1:colcon.colcon_core.package_identification:_identify(src/v2x_msg) by extensions ['colcon_pkg']
[0.254s] Level 1:colcon.colcon_core.package_identification:_identify(src/v2x_msg) by extension 'colcon_pkg'
[0.254s] Level 1:colcon.colcon_core.package_identification:_identify(src/v2x_msg) by extensions ['colcon_meta']
[0.254s] Level 1:colcon.colcon_core.package_identification:_identify(src/v2x_msg) by extension 'colcon_meta'
[0.254s] Level 1:colcon.colcon_core.package_identification:_identify(src/v2x_msg) by extensions ['ros']
[0.254s] Level 1:colcon.colcon_core.package_identification:_identify(src/v2x_msg) by extension 'ros'
[0.255s] DEBUG:colcon.colcon_core.package_identification:Package 'src/v2x_msg' with type 'ros.ament_cmake' and name 'v2x_msg'
[0.255s] Level 1:colcon.colcon_core.package_identification:_identify(src/vehicle) by extensions ['ignore', 'ignore_ament_install']
[0.255s] Level 1:colcon.colcon_core.package_identification:_identify(src/vehicle) by extension 'ignore'
[0.255s] Level 1:colcon.colcon_core.package_identification:_identify(src/vehicle) by extension 'ignore_ament_install'
[0.255s] Level 1:colcon.colcon_core.package_identification:_identify(src/vehicle) by extensions ['colcon_pkg']
[0.255s] Level 1:colcon.colcon_core.package_identification:_identify(src/vehicle) by extension 'colcon_pkg'
[0.255s] Level 1:colcon.colcon_core.package_identification:_identify(src/vehicle) by extensions ['colcon_meta']
[0.255s] Level 1:colcon.colcon_core.package_identification:_identify(src/vehicle) by extension 'colcon_meta'
[0.255s] Level 1:colcon.colcon_core.package_identification:_identify(src/vehicle) by extensions ['ros']
[0.255s] Level 1:colcon.colcon_core.package_identification:_identify(src/vehicle) by extension 'ros'
[0.256s] DEBUG:colcon.colcon_core.package_identification:Package 'src/vehicle' with type 'ros.ament_python' and name 'vehicle'
[0.256s] Level 1:colcon.colcon_core.package_identification:_identify(src/vision_opencv) by extensions ['ignore', 'ignore_ament_install']
[0.256s] Level 1:colcon.colcon_core.package_identification:_identify(src/vision_opencv) by extension 'ignore'
[0.256s] Level 1:colcon.colcon_core.package_identification:_identify(src/vision_opencv) by extension 'ignore_ament_install'
[0.256s] Level 1:colcon.colcon_core.package_identification:_identify(src/vision_opencv) by extensions ['colcon_pkg']
[0.256s] Level 1:colcon.colcon_core.package_identification:_identify(src/vision_opencv) by extension 'colcon_pkg'
[0.256s] Level 1:colcon.colcon_core.package_identification:_identify(src/vision_opencv) by extensions ['colcon_meta']
[0.256s] Level 1:colcon.colcon_core.package_identification:_identify(src/vision_opencv) by extension 'colcon_meta'
[0.256s] Level 1:colcon.colcon_core.package_identification:_identify(src/vision_opencv) by extensions ['ros']
[0.256s] Level 1:colcon.colcon_core.package_identification:_identify(src/vision_opencv) by extension 'ros'
[0.256s] Level 1:colcon.colcon_core.package_identification:_identify(src/vision_opencv) by extensions ['cmake', 'python']
[0.256s] Level 1:colcon.colcon_core.package_identification:_identify(src/vision_opencv) by extension 'cmake'
[0.256s] Level 1:colcon.colcon_core.package_identification:_identify(src/vision_opencv) by extension 'python'
[0.256s] Level 1:colcon.colcon_core.package_identification:_identify(src/vision_opencv) by extensions ['python_setup_py']
[0.256s] Level 1:colcon.colcon_core.package_identification:_identify(src/vision_opencv) by extension 'python_setup_py'
[0.256s] Level 1:colcon.colcon_core.package_identification:_identify(src/vision_opencv/cv_bridge) by extensions ['ignore', 'ignore_ament_install']
[0.256s] Level 1:colcon.colcon_core.package_identification:_identify(src/vision_opencv/cv_bridge) by extension 'ignore'
[0.256s] Level 1:colcon.colcon_core.package_identification:_identify(src/vision_opencv/cv_bridge) by extension 'ignore_ament_install'
[0.256s] Level 1:colcon.colcon_core.package_identification:_identify(src/vision_opencv/cv_bridge) by extensions ['colcon_pkg']
[0.256s] Level 1:colcon.colcon_core.package_identification:_identify(src/vision_opencv/cv_bridge) by extension 'colcon_pkg'
[0.256s] Level 1:colcon.colcon_core.package_identification:_identify(src/vision_opencv/cv_bridge) by extensions ['colcon_meta']
[0.256s] Level 1:colcon.colcon_core.package_identification:_identify(src/vision_opencv/cv_bridge) by extension 'colcon_meta'
[0.256s] Level 1:colcon.colcon_core.package_identification:_identify(src/vision_opencv/cv_bridge) by extensions ['ros']
[0.256s] Level 1:colcon.colcon_core.package_identification:_identify(src/vision_opencv/cv_bridge) by extension 'ros'
[0.257s] DEBUG:colcon.colcon_core.package_identification:Package 'src/vision_opencv/cv_bridge' with type 'ros.ament_cmake' and name 'cv_bridge'
[0.257s] Level 1:colcon.colcon_core.package_identification:_identify(src/vision_opencv/image_geometry) by extensions ['ignore', 'ignore_ament_install']
[0.257s] Level 1:colcon.colcon_core.package_identification:_identify(src/vision_opencv/image_geometry) by extension 'ignore'
[0.257s] Level 1:colcon.colcon_core.package_identification:_identify(src/vision_opencv/image_geometry) by extension 'ignore_ament_install'
[0.257s] Level 1:colcon.colcon_core.package_identification:_identify(src/vision_opencv/image_geometry) by extensions ['colcon_pkg']
[0.257s] Level 1:colcon.colcon_core.package_identification:_identify(src/vision_opencv/image_geometry) by extension 'colcon_pkg'
[0.257s] Level 1:colcon.colcon_core.package_identification:_identify(src/vision_opencv/image_geometry) by extensions ['colcon_meta']
[0.257s] Level 1:colcon.colcon_core.package_identification:_identify(src/vision_opencv/image_geometry) by extension 'colcon_meta'
[0.257s] Level 1:colcon.colcon_core.package_identification:_identify(src/vision_opencv/image_geometry) by extensions ['ros']
[0.257s] Level 1:colcon.colcon_core.package_identification:_identify(src/vision_opencv/image_geometry) by extension 'ros'
[0.257s] DEBUG:colcon.colcon_core.package_identification:Package 'src/vision_opencv/image_geometry' with type 'ros.ament_cmake' and name 'image_geometry'
[0.257s] Level 1:colcon.colcon_core.package_identification:_identify(src/vision_opencv/opencv_tests) by extensions ['ignore', 'ignore_ament_install']
[0.257s] Level 1:colcon.colcon_core.package_identification:_identify(src/vision_opencv/opencv_tests) by extension 'ignore'
[0.257s] Level 1:colcon.colcon_core.package_identification:_identify(src/vision_opencv/opencv_tests) by extension 'ignore_ament_install'
[0.257s] Level 1:colcon.colcon_core.package_identification:_identify(src/vision_opencv/opencv_tests) by extensions ['colcon_pkg']
[0.257s] Level 1:colcon.colcon_core.package_identification:_identify(src/vision_opencv/opencv_tests) by extension 'colcon_pkg'
[0.257s] Level 1:colcon.colcon_core.package_identification:_identify(src/vision_opencv/opencv_tests) by extensions ['colcon_meta']
[0.257s] Level 1:colcon.colcon_core.package_identification:_identify(src/vision_opencv/opencv_tests) by extension 'colcon_meta'
[0.257s] Level 1:colcon.colcon_core.package_identification:_identify(src/vision_opencv/opencv_tests) by extensions ['ros']
[0.257s] Level 1:colcon.colcon_core.package_identification:_identify(src/vision_opencv/opencv_tests) by extension 'ros'
[0.258s] DEBUG:colcon.colcon_core.package_identification:Package 'src/vision_opencv/opencv_tests' with type 'ros.ament_python' and name 'opencv_tests'
[0.258s] Level 1:colcon.colcon_core.package_identification:_identify(src/vision_opencv/vision_opencv) by extensions ['ignore', 'ignore_ament_install']
[0.258s] Level 1:colcon.colcon_core.package_identification:_identify(src/vision_opencv/vision_opencv) by extension 'ignore'
[0.258s] Level 1:colcon.colcon_core.package_identification:_identify(src/vision_opencv/vision_opencv) by extension 'ignore_ament_install'
[0.258s] Level 1:colcon.colcon_core.package_identification:_identify(src/vision_opencv/vision_opencv) by extensions ['colcon_pkg']
[0.258s] Level 1:colcon.colcon_core.package_identification:_identify(src/vision_opencv/vision_opencv) by extension 'colcon_pkg'
[0.258s] Level 1:colcon.colcon_core.package_identification:_identify(src/vision_opencv/vision_opencv) by extensions ['colcon_meta']
[0.258s] Level 1:colcon.colcon_core.package_identification:_identify(src/vision_opencv/vision_opencv) by extension 'colcon_meta'
[0.258s] Level 1:colcon.colcon_core.package_identification:_identify(src/vision_opencv/vision_opencv) by extensions ['ros']
[0.258s] Level 1:colcon.colcon_core.package_identification:_identify(src/vision_opencv/vision_opencv) by extension 'ros'
[0.258s] DEBUG:colcon.colcon_core.package_identification:Package 'src/vision_opencv/vision_opencv' with type 'ros.ament_cmake' and name 'vision_opencv'
[0.258s] Level 1:colcon.colcon_core.package_discovery:discover_packages(recursive) using defaults
[0.258s] Level 1:colcon.colcon_core.package_discovery:discover_packages(ignore) discover
[0.258s] Level 1:colcon.colcon_core.package_discovery:discover_packages(ignore) using defaults
[0.258s] Level 1:colcon.colcon_core.package_discovery:discover_packages(path) discover
[0.258s] Level 1:colcon.colcon_core.package_discovery:discover_packages(path) using defaults
[0.273s] Level 1:colcon.colcon_core.package_discovery:discover_packages(prefix_path) check parameters
[0.274s] Level 1:colcon.colcon_core.package_discovery:discover_packages(prefix_path) discover
[0.276s] DEBUG:colcon.colcon_installed_package_information.package_discovery:Found 268 installed packages in /opt/ros/galactic
[0.277s] Level 1:colcon.colcon_core.package_discovery:discover_packages(prefix_path) using defaults
[0.312s] Level 5:colcon.colcon_core.verb:set package 'cv_bridge' build argument 'cmake_args' from command line to 'None'
[0.312s] Level 5:colcon.colcon_core.verb:set package 'cv_bridge' build argument 'cmake_target' from command line to 'None'
[0.312s] Level 5:colcon.colcon_core.verb:set package 'cv_bridge' build argument 'cmake_target_skip_unavailable' from command line to 'False'
[0.312s] Level 5:colcon.colcon_core.verb:set package 'cv_bridge' build argument 'cmake_clean_cache' from command line to 'False'
[0.312s] Level 5:colcon.colcon_core.verb:set package 'cv_bridge' build argument 'cmake_clean_first' from command line to 'False'
[0.312s] Level 5:colcon.colcon_core.verb:set package 'cv_bridge' build argument 'cmake_force_configure' from command line to 'False'
[0.312s] Level 5:colcon.colcon_core.verb:set package 'cv_bridge' build argument 'ament_cmake_args' from command line to 'None'
[0.312s] Level 5:colcon.colcon_core.verb:set package 'cv_bridge' build argument 'catkin_cmake_args' from command line to 'None'
[0.312s] Level 5:colcon.colcon_core.verb:set package 'cv_bridge' build argument 'catkin_skip_building_tests' from command line to 'False'
[0.312s] DEBUG:colcon.colcon_core.verb:Building package 'cv_bridge' with the following arguments: {'ament_cmake_args': None, 'build_base': '/home/carla/Documents/GitHub/C-V2X-Autoware-Carla/build/cv_bridge', 'catkin_cmake_args': None, 'catkin_skip_building_tests': False, 'cmake_args': None, 'cmake_clean_cache': False, 'cmake_clean_first': False, 'cmake_force_configure': False, 'cmake_target': None, 'cmake_target_skip_unavailable': False, 'install_base': '/home/carla/Documents/GitHub/C-V2X-Autoware-Carla/install/cv_bridge', 'merge_install': False, 'path': '/home/carla/Documents/GitHub/C-V2X-Autoware-Carla/src/vision_opencv/cv_bridge', 'symlink_install': True, 'test_result_base': None}
[0.313s] Level 5:colcon.colcon_core.verb:set package 'image_geometry' build argument 'cmake_args' from command line to 'None'
[0.313s] Level 5:colcon.colcon_core.verb:set package 'image_geometry' build argument 'cmake_target' from command line to 'None'
[0.313s] Level 5:colcon.colcon_core.verb:set package 'image_geometry' build argument 'cmake_target_skip_unavailable' from command line to 'False'
[0.313s] Level 5:colcon.colcon_core.verb:set package 'image_geometry' build argument 'cmake_clean_cache' from command line to 'False'
[0.313s] Level 5:colcon.colcon_core.verb:set package 'image_geometry' build argument 'cmake_clean_first' from command line to 'False'
[0.313s] Level 5:colcon.colcon_core.verb:set package 'image_geometry' build argument 'cmake_force_configure' from command line to 'False'
[0.313s] Level 5:colcon.colcon_core.verb:set package 'image_geometry' build argument 'ament_cmake_args' from command line to 'None'
[0.313s] Level 5:colcon.colcon_core.verb:set package 'image_geometry' build argument 'catkin_cmake_args' from command line to 'None'
[0.314s] Level 5:colcon.colcon_core.verb:set package 'image_geometry' build argument 'catkin_skip_building_tests' from command line to 'False'
[0.314s] DEBUG:colcon.colcon_core.verb:Building package 'image_geometry' with the following arguments: {'ament_cmake_args': None, 'build_base': '/home/carla/Documents/GitHub/C-V2X-Autoware-Carla/build/image_geometry', 'catkin_cmake_args': None, 'catkin_skip_building_tests': False, 'cmake_args': None, 'cmake_clean_cache': False, 'cmake_clean_first': False, 'cmake_force_configure': False, 'cmake_target': None, 'cmake_target_skip_unavailable': False, 'install_base': '/home/carla/Documents/GitHub/C-V2X-Autoware-Carla/install/image_geometry', 'merge_install': False, 'path': '/home/carla/Documents/GitHub/C-V2X-Autoware-Carla/src/vision_opencv/image_geometry', 'symlink_install': True, 'test_result_base': None}
[0.314s] Level 5:colcon.colcon_core.verb:set package 'v2x_msg' build argument 'cmake_args' from command line to 'None'
[0.314s] Level 5:colcon.colcon_core.verb:set package 'v2x_msg' build argument 'cmake_target' from command line to 'None'
[0.314s] Level 5:colcon.colcon_core.verb:set package 'v2x_msg' build argument 'cmake_target_skip_unavailable' from command line to 'False'
[0.314s] Level 5:colcon.colcon_core.verb:set package 'v2x_msg' build argument 'cmake_clean_cache' from command line to 'False'
[0.314s] Level 5:colcon.colcon_core.verb:set package 'v2x_msg' build argument 'cmake_clean_first' from command line to 'False'
[0.314s] Level 5:colcon.colcon_core.verb:set package 'v2x_msg' build argument 'cmake_force_configure' from command line to 'False'
[0.314s] Level 5:colcon.colcon_core.verb:set package 'v2x_msg' build argument 'ament_cmake_args' from command line to 'None'
[0.314s] Level 5:colcon.colcon_core.verb:set package 'v2x_msg' build argument 'catkin_cmake_args' from command line to 'None'
[0.314s] Level 5:colcon.colcon_core.verb:set package 'v2x_msg' build argument 'catkin_skip_building_tests' from command line to 'False'
[0.315s] DEBUG:colcon.colcon_core.verb:Building package 'v2x_msg' with the following arguments: {'ament_cmake_args': None, 'build_base': '/home/carla/Documents/GitHub/C-V2X-Autoware-Carla/build/v2x_msg', 'catkin_cmake_args': None, 'catkin_skip_building_tests': False, 'cmake_args': None, 'cmake_clean_cache': False, 'cmake_clean_first': False, 'cmake_force_configure': False, 'cmake_target': None, 'cmake_target_skip_unavailable': False, 'install_base': '/home/carla/Documents/GitHub/C-V2X-Autoware-Carla/install/v2x_msg', 'merge_install': False, 'path': '/home/carla/Documents/GitHub/C-V2X-Autoware-Carla/src/v2x_msg', 'symlink_install': True, 'test_result_base': None}
[0.315s] Level 5:colcon.colcon_core.verb:set package 'vehicle' build argument 'cmake_args' from command line to 'None'
[0.315s] Level 5:colcon.colcon_core.verb:set package 'vehicle' build argument 'cmake_target' from command line to 'None'
[0.315s] Level 5:colcon.colcon_core.verb:set package 'vehicle' build argument 'cmake_target_skip_unavailable' from command line to 'False'
[0.315s] Level 5:colcon.colcon_core.verb:set package 'vehicle' build argument 'cmake_clean_cache' from command line to 'False'
[0.315s] Level 5:colcon.colcon_core.verb:set package 'vehicle' build argument 'cmake_clean_first' from command line to 'False'
[0.315s] Level 5:colcon.colcon_core.verb:set package 'vehicle' build argument 'cmake_force_configure' from command line to 'False'
[0.315s] Level 5:colcon.colcon_core.verb:set package 'vehicle' build argument 'ament_cmake_args' from command line to 'None'
[0.315s] Level 5:colcon.colcon_core.verb:set package 'vehicle' build argument 'catkin_cmake_args' from command line to 'None'
[0.315s] Level 5:colcon.colcon_core.verb:set package 'vehicle' build argument 'catkin_skip_building_tests' from command line to 'False'
[0.315s] DEBUG:colcon.colcon_core.verb:Building package 'vehicle' with the following arguments: {'ament_cmake_args': None, 'build_base': '/home/carla/Documents/GitHub/C-V2X-Autoware-Carla/build/vehicle', 'catkin_cmake_args': None, 'catkin_skip_building_tests': False, 'cmake_args': None, 'cmake_clean_cache': False, 'cmake_clean_first': False, 'cmake_force_configure': False, 'cmake_target': None, 'cmake_target_skip_unavailable': False, 'install_base': '/home/carla/Documents/GitHub/C-V2X-Autoware-Carla/install/vehicle', 'merge_install': False, 'path': '/home/carla/Documents/GitHub/C-V2X-Autoware-Carla/src/vehicle', 'symlink_install': True, 'test_result_base': None}
[0.316s] Level 5:colcon.colcon_core.verb:set package 'opencv_tests' build argument 'cmake_args' from command line to 'None'
[0.316s] Level 5:colcon.colcon_core.verb:set package 'opencv_tests' build argument 'cmake_target' from command line to 'None'
[0.316s] Level 5:colcon.colcon_core.verb:set package 'opencv_tests' build argument 'cmake_target_skip_unavailable' from command line to 'False'
[0.316s] Level 5:colcon.colcon_core.verb:set package 'opencv_tests' build argument 'cmake_clean_cache' from command line to 'False'
[0.316s] Level 5:colcon.colcon_core.verb:set package 'opencv_tests' build argument 'cmake_clean_first' from command line to 'False'
[0.316s] Level 5:colcon.colcon_core.verb:set package 'opencv_tests' build argument 'cmake_force_configure' from command line to 'False'
[0.316s] Level 5:colcon.colcon_core.verb:set package 'opencv_tests' build argument 'ament_cmake_args' from command line to 'None'
[0.316s] Level 5:colcon.colcon_core.verb:set package 'opencv_tests' build argument 'catkin_cmake_args' from command line to 'None'
[0.316s] Level 5:colcon.colcon_core.verb:set package 'opencv_tests' build argument 'catkin_skip_building_tests' from command line to 'False'
[0.316s] DEBUG:colcon.colcon_core.verb:Building package 'opencv_tests' with the following arguments: {'ament_cmake_args': None, 'build_base': '/home/carla/Documents/GitHub/C-V2X-Autoware-Carla/build/opencv_tests', 'catkin_cmake_args': None, 'catkin_skip_building_tests': False, 'cmake_args': None, 'cmake_clean_cache': False, 'cmake_clean_first': False, 'cmake_force_configure': False, 'cmake_target': None, 'cmake_target_skip_unavailable': False, 'install_base': '/home/carla/Documents/GitHub/C-V2X-Autoware-Carla/install/opencv_tests', 'merge_install': False, 'path': '/home/carla/Documents/GitHub/C-V2X-Autoware-Carla/src/vision_opencv/opencv_tests', 'symlink_install': True, 'test_result_base': None}
[0.317s] Level 5:colcon.colcon_core.verb:set package 'vision_opencv' build argument 'cmake_args' from command line to 'None'
[0.317s] Level 5:colcon.colcon_core.verb:set package 'vision_opencv' build argument 'cmake_target' from command line to 'None'
[0.317s] Level 5:colcon.colcon_core.verb:set package 'vision_opencv' build argument 'cmake_target_skip_unavailable' from command line to 'False'
[0.317s] Level 5:colcon.colcon_core.verb:set package 'vision_opencv' build argument 'cmake_clean_cache' from command line to 'False'
[0.317s] Level 5:colcon.colcon_core.verb:set package 'vision_opencv' build argument 'cmake_clean_first' from command line to 'False'
[0.317s] Level 5:colcon.colcon_core.verb:set package 'vision_opencv' build argument 'cmake_force_configure' from command line to 'False'
[0.317s] Level 5:colcon.colcon_core.verb:set package 'vision_opencv' build argument 'ament_cmake_args' from command line to 'None'
[0.317s] Level 5:colcon.colcon_core.verb:set package 'vision_opencv' build argument 'catkin_cmake_args' from command line to 'None'
[0.317s] Level 5:colcon.colcon_core.verb:set package 'vision_opencv' build argument 'catkin_skip_building_tests' from command line to 'False'
[0.317s] DEBUG:colcon.colcon_core.verb:Building package 'vision_opencv' with the following arguments: {'ament_cmake_args': None, 'build_base': '/home/carla/Documents/GitHub/C-V2X-Autoware-Carla/build/vision_opencv', 'catkin_cmake_args': None, 'catkin_skip_building_tests': False, 'cmake_args': None, 'cmake_clean_cache': False, 'cmake_clean_first': False, 'cmake_force_configure': False, 'cmake_target': None, 'cmake_target_skip_unavailable': False, 'install_base': '/home/carla/Documents/GitHub/C-V2X-Autoware-Carla/install/vision_opencv', 'merge_install': False, 'path': '/home/carla/Documents/GitHub/C-V2X-Autoware-Carla/src/vision_opencv/vision_opencv', 'symlink_install': True, 'test_result_base': None}
[0.318s] INFO:colcon.colcon_core.executor:Executing jobs using 'parallel' executor
[0.322s] DEBUG:colcon.colcon_parallel_executor.executor.parallel:run_until_complete
[0.323s] INFO:colcon.colcon_ros.task.ament_cmake.build:Building ROS package in '/home/carla/Documents/GitHub/C-V2X-Autoware-Carla/src/vision_opencv/cv_bridge' with build type 'ament_cmake'
[0.323s] INFO:colcon.colcon_cmake.task.cmake.build:Building CMake package in '/home/carla/Documents/GitHub/C-V2X-Autoware-Carla/src/vision_opencv/cv_bridge'
[0.326s] INFO:colcon.colcon_core.plugin_system:Skipping extension 'colcon_core.shell.bat': Not used on non-Windows systems
[0.326s] INFO:colcon.colcon_core.shell:Skip shell extension 'powershell' for command environment: Not usable outside of PowerShell
[0.326s] DEBUG:colcon.colcon_core.shell:Skip shell extension 'dsv' for command environment
[0.330s] INFO:colcon.colcon_ros.task.ament_cmake.build:Building ROS package in '/home/carla/Documents/GitHub/C-V2X-Autoware-Carla/src/vision_opencv/image_geometry' with build type 'ament_cmake'
[0.330s] INFO:colcon.colcon_cmake.task.cmake.build:Building CMake package in '/home/carla/Documents/GitHub/C-V2X-Autoware-Carla/src/vision_opencv/image_geometry'
[0.332s] INFO:colcon.colcon_core.shell:Skip shell extension 'powershell' for command environment: Not usable outside of PowerShell
[0.332s] DEBUG:colcon.colcon_core.shell:Skip shell extension 'dsv' for command environment
[0.336s] INFO:colcon.colcon_ros.task.ament_cmake.build:Building ROS package in '/home/carla/Documents/GitHub/C-V2X-Autoware-Carla/src/v2x_msg' with build type 'ament_cmake'
[0.336s] INFO:colcon.colcon_cmake.task.cmake.build:Building CMake package in '/home/carla/Documents/GitHub/C-V2X-Autoware-Carla/src/v2x_msg'
[0.337s] INFO:colcon.colcon_core.shell:Skip shell extension 'powershell' for command environment: Not usable outside of PowerShell
[0.337s] DEBUG:colcon.colcon_core.shell:Skip shell extension 'dsv' for command environment
[0.341s] INFO:colcon.colcon_ros.task.ament_python.build:Building ROS package in '/home/carla/Documents/GitHub/C-V2X-Autoware-Carla/src/vehicle' with build type 'ament_python'
[0.341s] Level 1:colcon.colcon_core.shell:create_environment_hook('vehicle', 'ament_prefix_path')
[0.343s] INFO:colcon.colcon_core.shell:Creating environment hook '/home/carla/Documents/GitHub/C-V2X-Autoware-Carla/install/vehicle/share/vehicle/hook/ament_prefix_path.ps1'
[0.344s] INFO:colcon.colcon_core.shell:Creating environment descriptor '/home/carla/Documents/GitHub/C-V2X-Autoware-Carla/install/vehicle/share/vehicle/hook/ament_prefix_path.dsv'
[0.344s] INFO:colcon.colcon_core.shell:Creating environment hook '/home/carla/Documents/GitHub/C-V2X-Autoware-Carla/install/vehicle/share/vehicle/hook/ament_prefix_path.sh'
[0.345s] INFO:colcon.colcon_core.shell:Skip shell extension 'powershell' for command environment: Not usable outside of PowerShell
[0.346s] DEBUG:colcon.colcon_core.shell:Skip shell extension 'dsv' for command environment
[0.366s] DEBUG:colcon.colcon_core.event_handler.log_command:Invoking command in '/home/carla/Documents/GitHub/C-V2X-Autoware-Carla/build/cv_bridge': CMAKE_PREFIX_PATH=/opt/ros/galactic /usr/bin/cmake --build /home/carla/Documents/GitHub/C-V2X-Autoware-Carla/build/cv_bridge -- -j20 -l20
[0.369s] DEBUG:colcon.colcon_core.event_handler.log_command:Invoking command in '/home/carla/Documents/GitHub/C-V2X-Autoware-Carla/build/image_geometry': CMAKE_PREFIX_PATH=/opt/ros/galactic /usr/bin/cmake --build /home/carla/Documents/GitHub/C-V2X-Autoware-Carla/build/image_geometry -- -j20 -l20
[0.372s] DEBUG:colcon.colcon_core.event_handler.log_command:Invoking command in '/home/carla/Documents/GitHub/C-V2X-Autoware-Carla/build/v2x_msg': CMAKE_PREFIX_PATH=/opt/ros/galactic /usr/bin/cmake --build /home/carla/Documents/GitHub/C-V2X-Autoware-Carla/build/v2x_msg -- -j20 -l20
[0.570s] INFO:colcon.colcon_core.task.python.build:Building Python package in '/home/carla/Documents/GitHub/C-V2X-Autoware-Carla/src/vehicle'
[0.574s] INFO:colcon.colcon_core.shell:Skip shell extension 'powershell' for command environment: Not usable outside of PowerShell
[0.574s] DEBUG:colcon.colcon_core.shell:Skip shell extension 'dsv' for command environment
[0.650s] DEBUG:colcon.colcon_core.event_handler.log_command:Invoked command in '/home/carla/Documents/GitHub/C-V2X-Autoware-Carla/build/image_geometry' returned '0': CMAKE_PREFIX_PATH=/opt/ros/galactic /usr/bin/cmake --build /home/carla/Documents/GitHub/C-V2X-Autoware-Carla/build/image_geometry -- -j20 -l20
[0.656s] DEBUG:colcon.colcon_core.event_handler.log_command:Invoked command in '/home/carla/Documents/GitHub/C-V2X-Autoware-Carla/build/cv_bridge' returned '0': CMAKE_PREFIX_PATH=/opt/ros/galactic /usr/bin/cmake --build /home/carla/Documents/GitHub/C-V2X-Autoware-Carla/build/cv_bridge -- -j20 -l20
[0.673s] DEBUG:colcon.colcon_core.event_handler.log_command:Invoking command in '/home/carla/Documents/GitHub/C-V2X-Autoware-Carla/build/image_geometry': CMAKE_PREFIX_PATH=/opt/ros/galactic /usr/bin/cmake --install /home/carla/Documents/GitHub/C-V2X-Autoware-Carla/build/image_geometry
[0.675s] DEBUG:colcon.colcon_core.event_handler.log_command:Invoking command in '/home/carla/Documents/GitHub/C-V2X-Autoware-Carla/build/cv_bridge': CMAKE_PREFIX_PATH=/opt/ros/galactic /usr/bin/cmake --install /home/carla/Documents/GitHub/C-V2X-Autoware-Carla/build/cv_bridge
[0.708s] DEBUG:colcon.colcon_core.event_handler.log_command:Invoked command in '/home/carla/Documents/GitHub/C-V2X-Autoware-Carla/build/v2x_msg' returned '0': CMAKE_PREFIX_PATH=/opt/ros/galactic /usr/bin/cmake --build /home/carla/Documents/GitHub/C-V2X-Autoware-Carla/build/v2x_msg -- -j20 -l20
[0.711s] Level 1:colcon.colcon_core.environment:create_environment_scripts_only(cv_bridge)
[0.712s] DEBUG:colcon.colcon_core.event_handler.log_command:Invoked command in '/home/carla/Documents/GitHub/C-V2X-Autoware-Carla/build/cv_bridge' returned '0': CMAKE_PREFIX_PATH=/opt/ros/galactic /usr/bin/cmake --install /home/carla/Documents/GitHub/C-V2X-Autoware-Carla/build/cv_bridge
[0.716s] Level 1:colcon.colcon_core.environment:checking '/home/carla/Documents/GitHub/C-V2X-Autoware-Carla/install/cv_bridge' for CMake module files
[0.716s] Level 1:colcon.colcon_core.environment:checking '/home/carla/Documents/GitHub/C-V2X-Autoware-Carla/install/cv_bridge' for CMake config files
[0.716s] Level 1:colcon.colcon_core.shell:create_environment_hook('cv_bridge', 'cmake_prefix_path')
[0.718s] INFO:colcon.colcon_core.shell:Creating environment hook '/home/carla/Documents/GitHub/C-V2X-Autoware-Carla/install/cv_bridge/share/cv_bridge/hook/cmake_prefix_path.ps1'
[0.718s] INFO:colcon.colcon_core.shell:Creating environment descriptor '/home/carla/Documents/GitHub/C-V2X-Autoware-Carla/install/cv_bridge/share/cv_bridge/hook/cmake_prefix_path.dsv'
[0.718s] INFO:colcon.colcon_core.shell:Creating environment hook '/home/carla/Documents/GitHub/C-V2X-Autoware-Carla/install/cv_bridge/share/cv_bridge/hook/cmake_prefix_path.sh'
[0.719s] Level 1:colcon.colcon_core.environment:checking '/home/carla/Documents/GitHub/C-V2X-Autoware-Carla/install/cv_bridge/lib'
[0.719s] Level 1:colcon.colcon_core.shell:create_environment_hook('cv_bridge', 'ld_library_path_lib')
[0.720s] INFO:colcon.colcon_core.shell:Creating environment hook '/home/carla/Documents/GitHub/C-V2X-Autoware-Carla/install/cv_bridge/share/cv_bridge/hook/ld_library_path_lib.ps1'
[0.721s] INFO:colcon.colcon_core.shell:Creating environment descriptor '/home/carla/Documents/GitHub/C-V2X-Autoware-Carla/install/cv_bridge/share/cv_bridge/hook/ld_library_path_lib.dsv'
[0.721s] INFO:colcon.colcon_core.shell:Creating environment hook '/home/carla/Documents/GitHub/C-V2X-Autoware-Carla/install/cv_bridge/share/cv_bridge/hook/ld_library_path_lib.sh'
[0.721s] Level 1:colcon.colcon_core.environment:checking '/home/carla/Documents/GitHub/C-V2X-Autoware-Carla/install/cv_bridge/bin'
[0.721s] Level 1:colcon.colcon_core.environment:checking '/home/carla/Documents/GitHub/C-V2X-Autoware-Carla/install/cv_bridge/lib/pkgconfig/cv_bridge.pc'
[0.721s] Level 1:colcon.colcon_core.environment:checking '/home/carla/Documents/GitHub/C-V2X-Autoware-Carla/install/cv_bridge/lib/python3.8/site-packages'
[0.721s] Level 1:colcon.colcon_core.shell:create_environment_hook('cv_bridge', 'pythonpath')
[0.723s] INFO:colcon.colcon_core.shell:Creating environment hook '/home/carla/Documents/GitHub/C-V2X-Autoware-Carla/install/cv_bridge/share/cv_bridge/hook/pythonpath.ps1'
[0.723s] INFO:colcon.colcon_core.shell:Creating environment descriptor '/home/carla/Documents/GitHub/C-V2X-Autoware-Carla/install/cv_bridge/share/cv_bridge/hook/pythonpath.dsv'
[0.723s] INFO:colcon.colcon_core.shell:Creating environment hook '/home/carla/Documents/GitHub/C-V2X-Autoware-Carla/install/cv_bridge/share/cv_bridge/hook/pythonpath.sh'
[0.723s] Level 1:colcon.colcon_core.environment:checking '/home/carla/Documents/GitHub/C-V2X-Autoware-Carla/install/cv_bridge/bin'
[0.725s] INFO:colcon.colcon_core.shell:Creating package script '/home/carla/Documents/GitHub/C-V2X-Autoware-Carla/install/cv_bridge/share/cv_bridge/package.ps1'
[0.725s] INFO:colcon.colcon_core.shell:Creating package descriptor '/home/carla/Documents/GitHub/C-V2X-Autoware-Carla/install/cv_bridge/share/cv_bridge/package.dsv'
[0.726s] INFO:colcon.colcon_core.shell:Creating package script '/home/carla/Documents/GitHub/C-V2X-Autoware-Carla/install/cv_bridge/share/cv_bridge/package.sh'
[0.726s] INFO:colcon.colcon_core.shell:Creating package script '/home/carla/Documents/GitHub/C-V2X-Autoware-Carla/install/cv_bridge/share/cv_bridge/package.bash'
[0.726s] INFO:colcon.colcon_core.shell:Creating package script '/home/carla/Documents/GitHub/C-V2X-Autoware-Carla/install/cv_bridge/share/cv_bridge/package.zsh'
[0.727s] Level 1:colcon.colcon_core.environment:create_file_with_runtime_dependencies(/home/carla/Documents/GitHub/C-V2X-Autoware-Carla/install/cv_bridge/share/colcon-core/packages/cv_bridge)
[0.729s] Level 1:colcon.colcon_core.environment:create_environment_scripts_only(image_geometry)
[0.732s] Level 1:colcon.colcon_core.environment:checking '/home/carla/Documents/GitHub/C-V2X-Autoware-Carla/install/image_geometry' for CMake module files
[0.732s] DEBUG:colcon.colcon_core.event_handler.log_command:Invoked command in '/home/carla/Documents/GitHub/C-V2X-Autoware-Carla/build/image_geometry' returned '0': CMAKE_PREFIX_PATH=/opt/ros/galactic /usr/bin/cmake --install /home/carla/Documents/GitHub/C-V2X-Autoware-Carla/build/image_geometry
[0.733s] Level 1:colcon.colcon_core.environment:checking '/home/carla/Documents/GitHub/C-V2X-Autoware-Carla/install/image_geometry' for CMake config files
[0.733s] Level 1:colcon.colcon_core.shell:create_environment_hook('image_geometry', 'cmake_prefix_path')
[0.734s] INFO:colcon.colcon_core.shell:Creating environment hook '/home/carla/Documents/GitHub/C-V2X-Autoware-Carla/install/image_geometry/share/image_geometry/hook/cmake_prefix_path.ps1'
[0.735s] INFO:colcon.colcon_core.shell:Creating environment descriptor '/home/carla/Documents/GitHub/C-V2X-Autoware-Carla/install/image_geometry/share/image_geometry/hook/cmake_prefix_path.dsv'
[0.735s] INFO:colcon.colcon_core.shell:Creating environment hook '/home/carla/Documents/GitHub/C-V2X-Autoware-Carla/install/image_geometry/share/image_geometry/hook/cmake_prefix_path.sh'
[0.735s] Level 1:colcon.colcon_core.environment:checking '/home/carla/Documents/GitHub/C-V2X-Autoware-Carla/install/image_geometry/lib'
[0.735s] Level 1:colcon.colcon_core.shell:create_environment_hook('image_geometry', 'ld_library_path_lib')
[0.737s] INFO:colcon.colcon_core.shell:Creating environment hook '/home/carla/Documents/GitHub/C-V2X-Autoware-Carla/install/image_geometry/share/image_geometry/hook/ld_library_path_lib.ps1'
[0.737s] INFO:colcon.colcon_core.shell:Creating environment descriptor '/home/carla/Documents/GitHub/C-V2X-Autoware-Carla/install/image_geometry/share/image_geometry/hook/ld_library_path_lib.dsv'
[0.737s] INFO:colcon.colcon_core.shell:Creating environment hook '/home/carla/Documents/GitHub/C-V2X-Autoware-Carla/install/image_geometry/share/image_geometry/hook/ld_library_path_lib.sh'
[0.737s] Level 1:colcon.colcon_core.environment:checking '/home/carla/Documents/GitHub/C-V2X-Autoware-Carla/install/image_geometry/bin'
[0.737s] Level 1:colcon.colcon_core.environment:checking '/home/carla/Documents/GitHub/C-V2X-Autoware-Carla/install/image_geometry/lib/pkgconfig/image_geometry.pc'
[0.738s] Level 1:colcon.colcon_core.environment:checking '/home/carla/Documents/GitHub/C-V2X-Autoware-Carla/install/image_geometry/lib/python3.8/site-packages'
[0.738s] Level 1:colcon.colcon_core.shell:create_environment_hook('image_geometry', 'pythonpath')
[0.739s] INFO:colcon.colcon_core.shell:Creating environment hook '/home/carla/Documents/GitHub/C-V2X-Autoware-Carla/install/image_geometry/share/image_geometry/hook/pythonpath.ps1'
[0.739s] INFO:colcon.colcon_core.shell:Creating environment descriptor '/home/carla/Documents/GitHub/C-V2X-Autoware-Carla/install/image_geometry/share/image_geometry/hook/pythonpath.dsv'
[0.740s] INFO:colcon.colcon_core.shell:Creating environment hook '/home/carla/Documents/GitHub/C-V2X-Autoware-Carla/install/image_geometry/share/image_geometry/hook/pythonpath.sh'
[0.740s] Level 1:colcon.colcon_core.environment:checking '/home/carla/Documents/GitHub/C-V2X-Autoware-Carla/install/image_geometry/bin'
[0.742s] INFO:colcon.colcon_core.shell:Creating package script '/home/carla/Documents/GitHub/C-V2X-Autoware-Carla/install/image_geometry/share/image_geometry/package.ps1'
[0.742s] INFO:colcon.colcon_core.shell:Creating package descriptor '/home/carla/Documents/GitHub/C-V2X-Autoware-Carla/install/image_geometry/share/image_geometry/package.dsv'
[0.742s] INFO:colcon.colcon_core.shell:Creating package script '/home/carla/Documents/GitHub/C-V2X-Autoware-Carla/install/image_geometry/share/image_geometry/package.sh'
[0.742s] INFO:colcon.colcon_core.shell:Creating package script '/home/carla/Documents/GitHub/C-V2X-Autoware-Carla/install/image_geometry/share/image_geometry/package.bash'
[0.742s] INFO:colcon.colcon_core.shell:Creating package script '/home/carla/Documents/GitHub/C-V2X-Autoware-Carla/install/image_geometry/share/image_geometry/package.zsh'
[0.743s] Level 1:colcon.colcon_core.environment:create_file_with_runtime_dependencies(/home/carla/Documents/GitHub/C-V2X-Autoware-Carla/install/image_geometry/share/colcon-core/packages/image_geometry)
[0.747s] Level 1:colcon.colcon_core.environment:create_environment_scripts_only(cv_bridge)
[0.749s] Level 1:colcon.colcon_core.environment:checking '/home/carla/Documents/GitHub/C-V2X-Autoware-Carla/install/cv_bridge' for CMake module files
[0.749s] Level 1:colcon.colcon_core.environment:checking '/home/carla/Documents/GitHub/C-V2X-Autoware-Carla/install/cv_bridge' for CMake config files
[0.750s] Level 1:colcon.colcon_core.shell:create_environment_hook('cv_bridge', 'cmake_prefix_path')
[0.751s] INFO:colcon.colcon_core.shell:Creating environment hook '/home/carla/Documents/GitHub/C-V2X-Autoware-Carla/install/cv_bridge/share/cv_bridge/hook/cmake_prefix_path.ps1'
[0.751s] INFO:colcon.colcon_core.shell:Creating environment descriptor '/home/carla/Documents/GitHub/C-V2X-Autoware-Carla/install/cv_bridge/share/cv_bridge/hook/cmake_prefix_path.dsv'
[0.752s] INFO:colcon.colcon_core.shell:Creating environment hook '/home/carla/Documents/GitHub/C-V2X-Autoware-Carla/install/cv_bridge/share/cv_bridge/hook/cmake_prefix_path.sh'
[0.752s] Level 1:colcon.colcon_core.environment:checking '/home/carla/Documents/GitHub/C-V2X-Autoware-Carla/install/cv_bridge/lib'
[0.752s] Level 1:colcon.colcon_core.shell:create_environment_hook('cv_bridge', 'ld_library_path_lib')
[0.754s] INFO:colcon.colcon_core.shell:Creating environment hook '/home/carla/Documents/GitHub/C-V2X-Autoware-Carla/install/cv_bridge/share/cv_bridge/hook/ld_library_path_lib.ps1'
[0.754s] INFO:colcon.colcon_core.shell:Creating environment descriptor '/home/carla/Documents/GitHub/C-V2X-Autoware-Carla/install/cv_bridge/share/cv_bridge/hook/ld_library_path_lib.dsv'
[0.754s] INFO:colcon.colcon_core.shell:Creating environment hook '/home/carla/Documents/GitHub/C-V2X-Autoware-Carla/install/cv_bridge/share/cv_bridge/hook/ld_library_path_lib.sh'
[0.754s] Level 1:colcon.colcon_core.environment:checking '/home/carla/Documents/GitHub/C-V2X-Autoware-Carla/install/cv_bridge/bin'
[0.754s] Level 1:colcon.colcon_core.environment:checking '/home/carla/Documents/GitHub/C-V2X-Autoware-Carla/install/cv_bridge/lib/pkgconfig/cv_bridge.pc'
[0.755s] Level 1:colcon.colcon_core.environment:checking '/home/carla/Documents/GitHub/C-V2X-Autoware-Carla/install/cv_bridge/lib/python3.8/site-packages'
[0.755s] Level 1:colcon.colcon_core.shell:create_environment_hook('cv_bridge', 'pythonpath')
[0.756s] INFO:colcon.colcon_core.shell:Creating environment hook '/home/carla/Documents/GitHub/C-V2X-Autoware-Carla/install/cv_bridge/share/cv_bridge/hook/pythonpath.ps1'
[0.756s] INFO:colcon.colcon_core.shell:Creating environment descriptor '/home/carla/Documents/GitHub/C-V2X-Autoware-Carla/install/cv_bridge/share/cv_bridge/hook/pythonpath.dsv'
[0.756s] INFO:colcon.colcon_core.shell:Creating environment hook '/home/carla/Documents/GitHub/C-V2X-Autoware-Carla/install/cv_bridge/share/cv_bridge/hook/pythonpath.sh'
[0.757s] Level 1:colcon.colcon_core.environment:checking '/home/carla/Documents/GitHub/C-V2X-Autoware-Carla/install/cv_bridge/bin'
[0.758s] INFO:colcon.colcon_core.shell:Creating package script '/home/carla/Documents/GitHub/C-V2X-Autoware-Carla/install/cv_bridge/share/cv_bridge/package.ps1'
[0.759s] INFO:colcon.colcon_core.shell:Creating package descriptor '/home/carla/Documents/GitHub/C-V2X-Autoware-Carla/install/cv_bridge/share/cv_bridge/package.dsv'
[0.759s] INFO:colcon.colcon_core.shell:Creating package script '/home/carla/Documents/GitHub/C-V2X-Autoware-Carla/install/cv_bridge/share/cv_bridge/package.sh'
[0.759s] INFO:colcon.colcon_core.shell:Creating package script '/home/carla/Documents/GitHub/C-V2X-Autoware-Carla/install/cv_bridge/share/cv_bridge/package.bash'
[0.759s] INFO:colcon.colcon_core.shell:Creating package script '/home/carla/Documents/GitHub/C-V2X-Autoware-Carla/install/cv_bridge/share/cv_bridge/package.zsh'
[0.760s] Level 1:colcon.colcon_core.environment:create_file_with_runtime_dependencies(/home/carla/Documents/GitHub/C-V2X-Autoware-Carla/install/cv_bridge/share/colcon-core/packages/cv_bridge)
[0.760s] INFO:colcon.colcon_ros.task.ament_python.build:Building ROS package in '/home/carla/Documents/GitHub/C-V2X-Autoware-Carla/src/vision_opencv/opencv_tests' with build type 'ament_python'
[0.760s] Level 1:colcon.colcon_core.shell:create_environment_hook('opencv_tests', 'ament_prefix_path')
[0.762s] INFO:colcon.colcon_core.shell:Creating environment hook '/home/carla/Documents/GitHub/C-V2X-Autoware-Carla/install/opencv_tests/share/opencv_tests/hook/ament_prefix_path.ps1'
[0.762s] INFO:colcon.colcon_core.shell:Creating environment descriptor '/home/carla/Documents/GitHub/C-V2X-Autoware-Carla/install/opencv_tests/share/opencv_tests/hook/ament_prefix_path.dsv'
[0.763s] INFO:colcon.colcon_core.shell:Creating environment hook '/home/carla/Documents/GitHub/C-V2X-Autoware-Carla/install/opencv_tests/share/opencv_tests/hook/ament_prefix_path.sh'
[0.764s] INFO:colcon.colcon_core.shell:Skip shell extension 'powershell' for command environment: Not usable outside of PowerShell
[0.764s] DEBUG:colcon.colcon_core.shell:Skip shell extension 'dsv' for command environment
[0.770s] Level 1:colcon.colcon_core.environment:create_environment_scripts_only(image_geometry)
[0.772s] Level 1:colcon.colcon_core.environment:checking '/home/carla/Documents/GitHub/C-V2X-Autoware-Carla/install/image_geometry' for CMake module files
[0.773s] Level 1:colcon.colcon_core.environment:checking '/home/carla/Documents/GitHub/C-V2X-Autoware-Carla/install/image_geometry' for CMake config files
[0.773s] Level 1:colcon.colcon_core.shell:create_environment_hook('image_geometry', 'cmake_prefix_path')
[0.774s] INFO:colcon.colcon_core.shell:Creating environment hook '/home/carla/Documents/GitHub/C-V2X-Autoware-Carla/install/image_geometry/share/image_geometry/hook/cmake_prefix_path.ps1'
[0.775s] INFO:colcon.colcon_core.shell:Creating environment descriptor '/home/carla/Documents/GitHub/C-V2X-Autoware-Carla/install/image_geometry/share/image_geometry/hook/cmake_prefix_path.dsv'
[0.775s] INFO:colcon.colcon_core.shell:Creating environment hook '/home/carla/Documents/GitHub/C-V2X-Autoware-Carla/install/image_geometry/share/image_geometry/hook/cmake_prefix_path.sh'
[0.775s] Level 1:colcon.colcon_core.environment:checking '/home/carla/Documents/GitHub/C-V2X-Autoware-Carla/install/image_geometry/lib'
[0.775s] Level 1:colcon.colcon_core.shell:create_environment_hook('image_geometry', 'ld_library_path_lib')
[0.777s] INFO:colcon.colcon_core.shell:Creating environment hook '/home/carla/Documents/GitHub/C-V2X-Autoware-Carla/install/image_geometry/share/image_geometry/hook/ld_library_path_lib.ps1'
[0.777s] INFO:colcon.colcon_core.shell:Creating environment descriptor '/home/carla/Documents/GitHub/C-V2X-Autoware-Carla/install/image_geometry/share/image_geometry/hook/ld_library_path_lib.dsv'
[0.777s] INFO:colcon.colcon_core.shell:Creating environment hook '/home/carla/Documents/GitHub/C-V2X-Autoware-Carla/install/image_geometry/share/image_geometry/hook/ld_library_path_lib.sh'
[0.777s] Level 1:colcon.colcon_core.environment:checking '/home/carla/Documents/GitHub/C-V2X-Autoware-Carla/install/image_geometry/bin'
[0.777s] Level 1:colcon.colcon_core.environment:checking '/home/carla/Documents/GitHub/C-V2X-Autoware-Carla/install/image_geometry/lib/pkgconfig/image_geometry.pc'
[0.777s] Level 1:colcon.colcon_core.environment:checking '/home/carla/Documents/GitHub/C-V2X-Autoware-Carla/install/image_geometry/lib/python3.8/site-packages'
[0.778s] Level 1:colcon.colcon_core.shell:create_environment_hook('image_geometry', 'pythonpath')
[0.779s] INFO:colcon.colcon_core.shell:Creating environment hook '/home/carla/Documents/GitHub/C-V2X-Autoware-Carla/install/image_geometry/share/image_geometry/hook/pythonpath.ps1'
[0.779s] INFO:colcon.colcon_core.shell:Creating environment descriptor '/home/carla/Documents/GitHub/C-V2X-Autoware-Carla/install/image_geometry/share/image_geometry/hook/pythonpath.dsv'
[0.780s] INFO:colcon.colcon_core.shell:Creating environment hook '/home/carla/Documents/GitHub/C-V2X-Autoware-Carla/install/image_geometry/share/image_geometry/hook/pythonpath.sh'
[0.780s] Level 1:colcon.colcon_core.environment:checking '/home/carla/Documents/GitHub/C-V2X-Autoware-Carla/install/image_geometry/bin'
[0.781s] INFO:colcon.colcon_core.shell:Creating package script '/home/carla/Documents/GitHub/C-V2X-Autoware-Carla/install/image_geometry/share/image_geometry/package.ps1'
[0.782s] INFO:colcon.colcon_core.shell:Creating package descriptor '/home/carla/Documents/GitHub/C-V2X-Autoware-Carla/install/image_geometry/share/image_geometry/package.dsv'
[0.782s] INFO:colcon.colcon_core.shell:Creating package script '/home/carla/Documents/GitHub/C-V2X-Autoware-Carla/install/image_geometry/share/image_geometry/package.sh'
[0.782s] INFO:colcon.colcon_core.shell:Creating package script '/home/carla/Documents/GitHub/C-V2X-Autoware-Carla/install/image_geometry/share/image_geometry/package.bash'
[0.783s] INFO:colcon.colcon_core.shell:Creating package script '/home/carla/Documents/GitHub/C-V2X-Autoware-Carla/install/image_geometry/share/image_geometry/package.zsh'
[0.783s] Level 1:colcon.colcon_core.environment:create_file_with_runtime_dependencies(/home/carla/Documents/GitHub/C-V2X-Autoware-Carla/install/image_geometry/share/colcon-core/packages/image_geometry)
[0.783s] INFO:colcon.colcon_ros.task.ament_cmake.build:Building ROS package in '/home/carla/Documents/GitHub/C-V2X-Autoware-Carla/src/vision_opencv/vision_opencv' with build type 'ament_cmake'
[0.784s] INFO:colcon.colcon_cmake.task.cmake.build:Building CMake package in '/home/carla/Documents/GitHub/C-V2X-Autoware-Carla/src/vision_opencv/vision_opencv'
[0.785s] INFO:colcon.colcon_core.shell:Skip shell extension 'powershell' for command environment: Not usable outside of PowerShell
[0.785s] DEBUG:colcon.colcon_core.shell:Skip shell extension 'dsv' for command environment
[0.993s] INFO:colcon.colcon_core.task.python.build:Building Python package in '/home/carla/Documents/GitHub/C-V2X-Autoware-Carla/src/vision_opencv/opencv_tests'
[0.995s] INFO:colcon.colcon_core.shell:Skip shell extension 'powershell' for command environment: Not usable outside of PowerShell
[0.995s] DEBUG:colcon.colcon_core.shell:Skip shell extension 'dsv' for command environment
[1.002s] DEBUG:colcon.colcon_core.event_handler.log_command:Invoking command in '/home/carla/Documents/GitHub/C-V2X-Autoware-Carla/build/vision_opencv': AMENT_PREFIX_PATH=/home/carla/Documents/GitHub/C-V2X-Autoware-Carla/install/image_geometry:/home/carla/Documents/GitHub/C-V2X-Autoware-Carla/install/cv_bridge:${AMENT_PREFIX_PATH} CMAKE_PREFIX_PATH=/home/carla/Documents/GitHub/C-V2X-Autoware-Carla/install/image_geometry:/home/carla/Documents/GitHub/C-V2X-Autoware-Carla/install/cv_bridge:/opt/ros/galactic LD_LIBRARY_PATH=/home/carla/Documents/GitHub/C-V2X-Autoware-Carla/install/image_geometry/lib:/home/carla/Documents/GitHub/C-V2X-Autoware-Carla/install/cv_bridge/lib:${LD_LIBRARY_PATH} PYTHONPATH=/home/carla/Documents/GitHub/C-V2X-Autoware-Carla/install/image_geometry/lib/python3.8/site-packages:/home/carla/Documents/GitHub/C-V2X-Autoware-Carla/install/cv_bridge/lib/python3.8/site-packages:${PYTHONPATH} /usr/bin/cmake --build /home/carla/Documents/GitHub/C-V2X-Autoware-Carla/build/vision_opencv -- -j20 -l20
[1.004s] DEBUG:colcon.colcon_core.event_handler.log_command:Invoking command in '/home/carla/Documents/GitHub/C-V2X-Autoware-Carla/build/vehicle': PYTHONPATH=/home/carla/Documents/GitHub/C-V2X-Autoware-Carla/install/vehicle/lib/python3.8/site-packages:${PYTHONPATH} /usr/bin/python3 setup.py develop --prefix /home/carla/Documents/GitHub/C-V2X-Autoware-Carla/install/vehicle --editable --build-directory /home/carla/Documents/GitHub/C-V2X-Autoware-Carla/build/vehicle/build --no-deps install_data --install-dir /home/carla/Documents/GitHub/C-V2X-Autoware-Carla/install/vehicle
[1.025s] DEBUG:colcon.colcon_core.event_handler.log_command:Invoked command in '/home/carla/Documents/GitHub/C-V2X-Autoware-Carla/build/vision_opencv' returned '0': AMENT_PREFIX_PATH=/home/carla/Documents/GitHub/C-V2X-Autoware-Carla/install/image_geometry:/home/carla/Documents/GitHub/C-V2X-Autoware-Carla/install/cv_bridge:${AMENT_PREFIX_PATH} CMAKE_PREFIX_PATH=/home/carla/Documents/GitHub/C-V2X-Autoware-Carla/install/image_geometry:/home/carla/Documents/GitHub/C-V2X-Autoware-Carla/install/cv_bridge:/opt/ros/galactic LD_LIBRARY_PATH=/home/carla/Documents/GitHub/C-V2X-Autoware-Carla/install/image_geometry/lib:/home/carla/Documents/GitHub/C-V2X-Autoware-Carla/install/cv_bridge/lib:${LD_LIBRARY_PATH} PYTHONPATH=/home/carla/Documents/GitHub/C-V2X-Autoware-Carla/install/image_geometry/lib/python3.8/site-packages:/home/carla/Documents/GitHub/C-V2X-Autoware-Carla/install/cv_bridge/lib/python3.8/site-packages:${PYTHONPATH} /usr/bin/cmake --build /home/carla/Documents/GitHub/C-V2X-Autoware-Carla/build/vision_opencv -- -j20 -l20
[1.038s] DEBUG:colcon.colcon_core.event_handler.log_command:Invoking command in '/home/carla/Documents/GitHub/C-V2X-Autoware-Carla/build/vision_opencv': AMENT_PREFIX_PATH=/home/carla/Documents/GitHub/C-V2X-Autoware-Carla/install/image_geometry:/home/carla/Documents/GitHub/C-V2X-Autoware-Carla/install/cv_bridge:${AMENT_PREFIX_PATH} CMAKE_PREFIX_PATH=/home/carla/Documents/GitHub/C-V2X-Autoware-Carla/install/image_geometry:/home/carla/Documents/GitHub/C-V2X-Autoware-Carla/install/cv_bridge:/opt/ros/galactic LD_LIBRARY_PATH=/home/carla/Documents/GitHub/C-V2X-Autoware-Carla/install/image_geometry/lib:/home/carla/Documents/GitHub/C-V2X-Autoware-Carla/install/cv_bridge/lib:${LD_LIBRARY_PATH} PYTHONPATH=/home/carla/Documents/GitHub/C-V2X-Autoware-Carla/install/image_geometry/lib/python3.8/site-packages:/home/carla/Documents/GitHub/C-V2X-Autoware-Carla/install/cv_bridge/lib/python3.8/site-packages:${PYTHONPATH} /usr/bin/cmake --install /home/carla/Documents/GitHub/C-V2X-Autoware-Carla/build/vision_opencv
[1.053s] Level 1:colcon.colcon_core.environment:create_environment_scripts_only(vision_opencv)
[1.058s] Level 1:colcon.colcon_core.environment:checking '/home/carla/Documents/GitHub/C-V2X-Autoware-Carla/install/vision_opencv' for CMake module files
[1.059s] DEBUG:colcon.colcon_core.event_handler.log_command:Invoked command in '/home/carla/Documents/GitHub/C-V2X-Autoware-Carla/build/vision_opencv' returned '0': AMENT_PREFIX_PATH=/home/carla/Documents/GitHub/C-V2X-Autoware-Carla/install/image_geometry:/home/carla/Documents/GitHub/C-V2X-Autoware-Carla/install/cv_bridge:${AMENT_PREFIX_PATH} CMAKE_PREFIX_PATH=/home/carla/Documents/GitHub/C-V2X-Autoware-Carla/install/image_geometry:/home/carla/Documents/GitHub/C-V2X-Autoware-Carla/install/cv_bridge:/opt/ros/galactic LD_LIBRARY_PATH=/home/carla/Documents/GitHub/C-V2X-Autoware-Carla/install/image_geometry/lib:/home/carla/Documents/GitHub/C-V2X-Autoware-Carla/install/cv_bridge/lib:${LD_LIBRARY_PATH} PYTHONPATH=/home/carla/Documents/GitHub/C-V2X-Autoware-Carla/install/image_geometry/lib/python3.8/site-packages:/home/carla/Documents/GitHub/C-V2X-Autoware-Carla/install/cv_bridge/lib/python3.8/site-packages:${PYTHONPATH} /usr/bin/cmake --install /home/carla/Documents/GitHub/C-V2X-Autoware-Carla/build/vision_opencv
[1.059s] Level 1:colcon.colcon_core.environment:checking '/home/carla/Documents/GitHub/C-V2X-Autoware-Carla/install/vision_opencv' for CMake config files
[1.059s] Level 1:colcon.colcon_core.shell:create_environment_hook('vision_opencv', 'cmake_prefix_path')
[1.063s] INFO:colcon.colcon_core.shell:Creating environment hook '/home/carla/Documents/GitHub/C-V2X-Autoware-Carla/install/vision_opencv/share/vision_opencv/hook/cmake_prefix_path.ps1'
[1.063s] INFO:colcon.colcon_core.shell:Creating environment descriptor '/home/carla/Documents/GitHub/C-V2X-Autoware-Carla/install/vision_opencv/share/vision_opencv/hook/cmake_prefix_path.dsv'
[1.064s] INFO:colcon.colcon_core.shell:Creating environment hook '/home/carla/Documents/GitHub/C-V2X-Autoware-Carla/install/vision_opencv/share/vision_opencv/hook/cmake_prefix_path.sh'
[1.064s] Level 1:colcon.colcon_core.environment:checking '/home/carla/Documents/GitHub/C-V2X-Autoware-Carla/install/vision_opencv/bin'
[1.064s] Level 1:colcon.colcon_core.environment:checking '/home/carla/Documents/GitHub/C-V2X-Autoware-Carla/install/vision_opencv/lib/pkgconfig/vision_opencv.pc'
[1.064s] Level 1:colcon.colcon_core.environment:checking '/home/carla/Documents/GitHub/C-V2X-Autoware-Carla/install/vision_opencv/lib/python3.8/site-packages'
[1.065s] Level 1:colcon.colcon_core.environment:checking '/home/carla/Documents/GitHub/C-V2X-Autoware-Carla/install/vision_opencv/bin'
[1.068s] INFO:colcon.colcon_core.shell:Creating package script '/home/carla/Documents/GitHub/C-V2X-Autoware-Carla/install/vision_opencv/share/vision_opencv/package.ps1'
[1.069s] INFO:colcon.colcon_core.shell:Creating package descriptor '/home/carla/Documents/GitHub/C-V2X-Autoware-Carla/install/vision_opencv/share/vision_opencv/package.dsv'
[1.069s] INFO:colcon.colcon_core.shell:Creating package script '/home/carla/Documents/GitHub/C-V2X-Autoware-Carla/install/vision_opencv/share/vision_opencv/package.sh'
[1.070s] INFO:colcon.colcon_core.shell:Creating package script '/home/carla/Documents/GitHub/C-V2X-Autoware-Carla/install/vision_opencv/share/vision_opencv/package.bash'
[1.070s] INFO:colcon.colcon_core.shell:Creating package script '/home/carla/Documents/GitHub/C-V2X-Autoware-Carla/install/vision_opencv/share/vision_opencv/package.zsh'
[1.070s] Level 1:colcon.colcon_core.environment:create_file_with_runtime_dependencies(/home/carla/Documents/GitHub/C-V2X-Autoware-Carla/install/vision_opencv/share/colcon-core/packages/vision_opencv)
[1.083s] Level 1:colcon.colcon_core.environment:create_environment_scripts_only(vision_opencv)
[1.085s] Level 1:colcon.colcon_core.environment:checking '/home/carla/Documents/GitHub/C-V2X-Autoware-Carla/install/vision_opencv' for CMake module files
[1.086s] Level 1:colcon.colcon_core.environment:checking '/home/carla/Documents/GitHub/C-V2X-Autoware-Carla/install/vision_opencv' for CMake config files
[1.086s] Level 1:colcon.colcon_core.shell:create_environment_hook('vision_opencv', 'cmake_prefix_path')
[1.088s] INFO:colcon.colcon_core.shell:Creating environment hook '/home/carla/Documents/GitHub/C-V2X-Autoware-Carla/install/vision_opencv/share/vision_opencv/hook/cmake_prefix_path.ps1'
[1.088s] INFO:colcon.colcon_core.shell:Creating environment descriptor '/home/carla/Documents/GitHub/C-V2X-Autoware-Carla/install/vision_opencv/share/vision_opencv/hook/cmake_prefix_path.dsv'
[1.088s] INFO:colcon.colcon_core.shell:Creating environment hook '/home/carla/Documents/GitHub/C-V2X-Autoware-Carla/install/vision_opencv/share/vision_opencv/hook/cmake_prefix_path.sh'
[1.089s] Level 1:colcon.colcon_core.environment:checking '/home/carla/Documents/GitHub/C-V2X-Autoware-Carla/install/vision_opencv/bin'
[1.089s] Level 1:colcon.colcon_core.environment:checking '/home/carla/Documents/GitHub/C-V2X-Autoware-Carla/install/vision_opencv/lib/pkgconfig/vision_opencv.pc'
[1.089s] Level 1:colcon.colcon_core.environment:checking '/home/carla/Documents/GitHub/C-V2X-Autoware-Carla/install/vision_opencv/lib/python3.8/site-packages'
[1.089s] Level 1:colcon.colcon_core.environment:checking '/home/carla/Documents/GitHub/C-V2X-Autoware-Carla/install/vision_opencv/bin'
[1.091s] INFO:colcon.colcon_core.shell:Creating package script '/home/carla/Documents/GitHub/C-V2X-Autoware-Carla/install/vision_opencv/share/vision_opencv/package.ps1'
[1.091s] INFO:colcon.colcon_core.shell:Creating package descriptor '/home/carla/Documents/GitHub/C-V2X-Autoware-Carla/install/vision_opencv/share/vision_opencv/package.dsv'
[1.091s] INFO:colcon.colcon_core.shell:Creating package script '/home/carla/Documents/GitHub/C-V2X-Autoware-Carla/install/vision_opencv/share/vision_opencv/package.sh'
[1.091s] INFO:colcon.colcon_core.shell:Creating package script '/home/carla/Documents/GitHub/C-V2X-Autoware-Carla/install/vision_opencv/share/vision_opencv/package.bash'
[1.092s] INFO:colcon.colcon_core.shell:Creating package script '/home/carla/Documents/GitHub/C-V2X-Autoware-Carla/install/vision_opencv/share/vision_opencv/package.zsh'
[1.092s] Level 1:colcon.colcon_core.environment:create_file_with_runtime_dependencies(/home/carla/Documents/GitHub/C-V2X-Autoware-Carla/install/vision_opencv/share/colcon-core/packages/vision_opencv)
[1.394s] DEBUG:colcon.colcon_core.event_handler.log_command:Invoking command in '/home/carla/Documents/GitHub/C-V2X-Autoware-Carla/build/opencv_tests': AMENT_PREFIX_PATH=/home/carla/Documents/GitHub/C-V2X-Autoware-Carla/install/cv_bridge:${AMENT_PREFIX_PATH} CMAKE_PREFIX_PATH=/home/carla/Documents/GitHub/C-V2X-Autoware-Carla/install/cv_bridge LD_LIBRARY_PATH=/home/carla/Documents/GitHub/C-V2X-Autoware-Carla/install/cv_bridge/lib:${LD_LIBRARY_PATH} PYTHONPATH=/home/carla/Documents/GitHub/C-V2X-Autoware-Carla/install/opencv_tests/lib/python3.8/site-packages:/home/carla/Documents/GitHub/C-V2X-Autoware-Carla/install/cv_bridge/lib/python3.8/site-packages:${PYTHONPATH} /usr/bin/python3 setup.py develop --prefix /home/carla/Documents/GitHub/C-V2X-Autoware-Carla/install/opencv_tests --editable --build-directory /home/carla/Documents/GitHub/C-V2X-Autoware-Carla/build/opencv_tests/build --no-deps install_data --install-dir /home/carla/Documents/GitHub/C-V2X-Autoware-Carla/install/opencv_tests
[1.405s] Level 1:colcon.colcon_core.shell:create_environment_hook('vehicle', 'pythonpath_develop')
[1.409s] INFO:colcon.colcon_core.shell:Creating environment hook '/home/carla/Documents/GitHub/C-V2X-Autoware-Carla/build/vehicle/share/vehicle/hook/pythonpath_develop.ps1'
[1.410s] DEBUG:colcon.colcon_core.event_handler.log_command:Invoked command in '/home/carla/Documents/GitHub/C-V2X-Autoware-Carla/build/vehicle' returned '0': PYTHONPATH=/home/carla/Documents/GitHub/C-V2X-Autoware-Carla/install/vehicle/lib/python3.8/site-packages:${PYTHONPATH} /usr/bin/python3 setup.py develop --prefix /home/carla/Documents/GitHub/C-V2X-Autoware-Carla/install/vehicle --editable --build-directory /home/carla/Documents/GitHub/C-V2X-Autoware-Carla/build/vehicle/build --no-deps install_data --install-dir /home/carla/Documents/GitHub/C-V2X-Autoware-Carla/install/vehicle
[1.410s] INFO:colcon.colcon_core.shell:Creating environment descriptor '/home/carla/Documents/GitHub/C-V2X-Autoware-Carla/build/vehicle/share/vehicle/hook/pythonpath_develop.dsv'
[1.410s] INFO:colcon.colcon_core.shell:Creating environment hook '/home/carla/Documents/GitHub/C-V2X-Autoware-Carla/build/vehicle/share/vehicle/hook/pythonpath_develop.sh'
[1.416s] Level 1:colcon.colcon_core.environment:checking '/home/carla/Documents/GitHub/C-V2X-Autoware-Carla/install/vehicle' for CMake module files
[1.416s] Level 1:colcon.colcon_core.environment:checking '/home/carla/Documents/GitHub/C-V2X-Autoware-Carla/install/vehicle' for CMake config files
[1.417s] Level 1:colcon.colcon_core.environment:checking '/home/carla/Documents/GitHub/C-V2X-Autoware-Carla/install/vehicle/lib'
[1.417s] Level 1:colcon.colcon_core.environment:checking '/home/carla/Documents/GitHub/C-V2X-Autoware-Carla/install/vehicle/bin'
[1.417s] Level 1:colcon.colcon_core.environment:checking '/home/carla/Documents/GitHub/C-V2X-Autoware-Carla/install/vehicle/lib/pkgconfig/vehicle.pc'
[1.417s] Level 1:colcon.colcon_core.environment:checking '/home/carla/Documents/GitHub/C-V2X-Autoware-Carla/install/vehicle/lib/python3.8/site-packages'
[1.417s] Level 1:colcon.colcon_core.shell:create_environment_hook('vehicle', 'pythonpath')
[1.420s] INFO:colcon.colcon_core.shell:Creating environment hook '/home/carla/Documents/GitHub/C-V2X-Autoware-Carla/install/vehicle/share/vehicle/hook/pythonpath.ps1'
[1.421s] INFO:colcon.colcon_core.shell:Creating environment descriptor '/home/carla/Documents/GitHub/C-V2X-Autoware-Carla/install/vehicle/share/vehicle/hook/pythonpath.dsv'
[1.421s] INFO:colcon.colcon_core.shell:Creating environment hook '/home/carla/Documents/GitHub/C-V2X-Autoware-Carla/install/vehicle/share/vehicle/hook/pythonpath.sh'
[1.422s] Level 1:colcon.colcon_core.environment:checking '/home/carla/Documents/GitHub/C-V2X-Autoware-Carla/install/vehicle/bin'
[1.422s] Level 1:colcon.colcon_core.environment:create_environment_scripts_only(vehicle)
[1.425s] INFO:colcon.colcon_core.shell:Creating package script '/home/carla/Documents/GitHub/C-V2X-Autoware-Carla/install/vehicle/share/vehicle/package.ps1'
[1.426s] INFO:colcon.colcon_core.shell:Creating package descriptor '/home/carla/Documents/GitHub/C-V2X-Autoware-Carla/install/vehicle/share/vehicle/package.dsv'
[1.427s] INFO:colcon.colcon_core.shell:Creating package script '/home/carla/Documents/GitHub/C-V2X-Autoware-Carla/install/vehicle/share/vehicle/package.sh'
[1.427s] INFO:colcon.colcon_core.shell:Creating package script '/home/carla/Documents/GitHub/C-V2X-Autoware-Carla/install/vehicle/share/vehicle/package.bash'
[1.427s] INFO:colcon.colcon_core.shell:Creating package script '/home/carla/Documents/GitHub/C-V2X-Autoware-Carla/install/vehicle/share/vehicle/package.zsh'
[1.428s] Level 1:colcon.colcon_core.environment:create_file_with_runtime_dependencies(/home/carla/Documents/GitHub/C-V2X-Autoware-Carla/install/vehicle/share/colcon-core/packages/vehicle)
[1.675s] DEBUG:colcon.colcon_core.event_handler.log_command:Invoking command in '/home/carla/Documents/GitHub/C-V2X-Autoware-Carla/build/v2x_msg': CMAKE_PREFIX_PATH=/opt/ros/galactic /usr/bin/cmake --install /home/carla/Documents/GitHub/C-V2X-Autoware-Carla/build/v2x_msg
[1.876s] Level 1:colcon.colcon_core.environment:create_environment_scripts_only(v2x_msg)
[1.878s] Level 1:colcon.colcon_core.environment:checking '/home/carla/Documents/GitHub/C-V2X-Autoware-Carla/install/v2x_msg' for CMake module files
[1.879s] DEBUG:colcon.colcon_core.event_handler.log_command:Invoked command in '/home/carla/Documents/GitHub/C-V2X-Autoware-Carla/build/v2x_msg' returned '0': CMAKE_PREFIX_PATH=/opt/ros/galactic /usr/bin/cmake --install /home/carla/Documents/GitHub/C-V2X-Autoware-Carla/build/v2x_msg
[1.879s] Level 1:colcon.colcon_core.environment:checking '/home/carla/Documents/GitHub/C-V2X-Autoware-Carla/install/v2x_msg' for CMake config files
[1.879s] Level 1:colcon.colcon_core.shell:create_environment_hook('v2x_msg', 'cmake_prefix_path')
[1.881s] INFO:colcon.colcon_core.shell:Creating environment hook '/home/carla/Documents/GitHub/C-V2X-Autoware-Carla/install/v2x_msg/share/v2x_msg/hook/cmake_prefix_path.ps1'
[1.881s] INFO:colcon.colcon_core.shell:Creating environment descriptor '/home/carla/Documents/GitHub/C-V2X-Autoware-Carla/install/v2x_msg/share/v2x_msg/hook/cmake_prefix_path.dsv'
[1.881s] INFO:colcon.colcon_core.shell:Creating environment hook '/home/carla/Documents/GitHub/C-V2X-Autoware-Carla/install/v2x_msg/share/v2x_msg/hook/cmake_prefix_path.sh'
[1.882s] Level 1:colcon.colcon_core.environment:checking '/home/carla/Documents/GitHub/C-V2X-Autoware-Carla/install/v2x_msg/lib'
[1.882s] Level 1:colcon.colcon_core.shell:create_environment_hook('v2x_msg', 'ld_library_path_lib')
[1.883s] INFO:colcon.colcon_core.shell:Creating environment hook '/home/carla/Documents/GitHub/C-V2X-Autoware-Carla/install/v2x_msg/share/v2x_msg/hook/ld_library_path_lib.ps1'
[1.884s] INFO:colcon.colcon_core.shell:Creating environment descriptor '/home/carla/Documents/GitHub/C-V2X-Autoware-Carla/install/v2x_msg/share/v2x_msg/hook/ld_library_path_lib.dsv'
[1.884s] INFO:colcon.colcon_core.shell:Creating environment hook '/home/carla/Documents/GitHub/C-V2X-Autoware-Carla/install/v2x_msg/share/v2x_msg/hook/ld_library_path_lib.sh'
[1.884s] Level 1:colcon.colcon_core.environment:checking '/home/carla/Documents/GitHub/C-V2X-Autoware-Carla/install/v2x_msg/bin'
[1.884s] Level 1:colcon.colcon_core.environment:checking '/home/carla/Documents/GitHub/C-V2X-Autoware-Carla/install/v2x_msg/lib/pkgconfig/v2x_msg.pc'
[1.884s] Level 1:colcon.colcon_core.environment:checking '/home/carla/Documents/GitHub/C-V2X-Autoware-Carla/install/v2x_msg/lib/python3.8/site-packages'
[1.884s] Level 1:colcon.colcon_core.shell:create_environment_hook('v2x_msg', 'pythonpath')
[1.886s] INFO:colcon.colcon_core.shell:Creating environment hook '/home/carla/Documents/GitHub/C-V2X-Autoware-Carla/install/v2x_msg/share/v2x_msg/hook/pythonpath.ps1'
[1.886s] INFO:colcon.colcon_core.shell:Creating environment descriptor '/home/carla/Documents/GitHub/C-V2X-Autoware-Carla/install/v2x_msg/share/v2x_msg/hook/pythonpath.dsv'
[1.886s] INFO:colcon.colcon_core.shell:Creating environment hook '/home/carla/Documents/GitHub/C-V2X-Autoware-Carla/install/v2x_msg/share/v2x_msg/hook/pythonpath.sh'
[1.886s] Level 1:colcon.colcon_core.environment:checking '/home/carla/Documents/GitHub/C-V2X-Autoware-Carla/install/v2x_msg/bin'
[1.888s] INFO:colcon.colcon_core.shell:Creating package script '/home/carla/Documents/GitHub/C-V2X-Autoware-Carla/install/v2x_msg/share/v2x_msg/package.ps1'
[1.888s] INFO:colcon.colcon_core.shell:Creating package descriptor '/home/carla/Documents/GitHub/C-V2X-Autoware-Carla/install/v2x_msg/share/v2x_msg/package.dsv'
[1.889s] INFO:colcon.colcon_core.shell:Creating package script '/home/carla/Documents/GitHub/C-V2X-Autoware-Carla/install/v2x_msg/share/v2x_msg/package.sh'
[1.889s] INFO:colcon.colcon_core.shell:Creating package script '/home/carla/Documents/GitHub/C-V2X-Autoware-Carla/install/v2x_msg/share/v2x_msg/package.bash'
[1.889s] INFO:colcon.colcon_core.shell:Creating package script '/home/carla/Documents/GitHub/C-V2X-Autoware-Carla/install/v2x_msg/share/v2x_msg/package.zsh'
[1.889s] Level 1:colcon.colcon_core.environment:create_file_with_runtime_dependencies(/home/carla/Documents/GitHub/C-V2X-Autoware-Carla/install/v2x_msg/share/colcon-core/packages/v2x_msg)
[2.078s] Level 1:colcon.colcon_core.shell:create_environment_hook('opencv_tests', 'pythonpath_develop')
[2.082s] INFO:colcon.colcon_core.shell:Creating environment hook '/home/carla/Documents/GitHub/C-V2X-Autoware-Carla/build/opencv_tests/share/opencv_tests/hook/pythonpath_develop.ps1'
[2.082s] DEBUG:colcon.colcon_core.event_handler.log_command:Invoked command in '/home/carla/Documents/GitHub/C-V2X-Autoware-Carla/build/opencv_tests' returned '0': AMENT_PREFIX_PATH=/home/carla/Documents/GitHub/C-V2X-Autoware-Carla/install/cv_bridge:${AMENT_PREFIX_PATH} CMAKE_PREFIX_PATH=/home/carla/Documents/GitHub/C-V2X-Autoware-Carla/install/cv_bridge LD_LIBRARY_PATH=/home/carla/Documents/GitHub/C-V2X-Autoware-Carla/install/cv_bridge/lib:${LD_LIBRARY_PATH} PYTHONPATH=/home/carla/Documents/GitHub/C-V2X-Autoware-Carla/install/opencv_tests/lib/python3.8/site-packages:/home/carla/Documents/GitHub/C-V2X-Autoware-Carla/install/cv_bridge/lib/python3.8/site-packages:${PYTHONPATH} /usr/bin/python3 setup.py develop --prefix /home/carla/Documents/GitHub/C-V2X-Autoware-Carla/install/opencv_tests --editable --build-directory /home/carla/Documents/GitHub/C-V2X-Autoware-Carla/build/opencv_tests/build --no-deps install_data --install-dir /home/carla/Documents/GitHub/C-V2X-Autoware-Carla/install/opencv_tests
[2.082s] INFO:colcon.colcon_core.shell:Creating environment descriptor '/home/carla/Documents/GitHub/C-V2X-Autoware-Carla/build/opencv_tests/share/opencv_tests/hook/pythonpath_develop.dsv'
[2.083s] INFO:colcon.colcon_core.shell:Creating environment hook '/home/carla/Documents/GitHub/C-V2X-Autoware-Carla/build/opencv_tests/share/opencv_tests/hook/pythonpath_develop.sh'
[2.088s] Level 1:colcon.colcon_core.environment:checking '/home/carla/Documents/GitHub/C-V2X-Autoware-Carla/install/opencv_tests' for CMake module files
[2.088s] Level 1:colcon.colcon_core.environment:checking '/home/carla/Documents/GitHub/C-V2X-Autoware-Carla/install/opencv_tests' for CMake config files
[2.089s] Level 1:colcon.colcon_core.environment:checking '/home/carla/Documents/GitHub/C-V2X-Autoware-Carla/install/opencv_tests/lib'
[2.089s] Level 1:colcon.colcon_core.environment:checking '/home/carla/Documents/GitHub/C-V2X-Autoware-Carla/install/opencv_tests/bin'
[2.089s] Level 1:colcon.colcon_core.environment:checking '/home/carla/Documents/GitHub/C-V2X-Autoware-Carla/install/opencv_tests/lib/pkgconfig/opencv_tests.pc'
[2.089s] Level 1:colcon.colcon_core.environment:checking '/home/carla/Documents/GitHub/C-V2X-Autoware-Carla/install/opencv_tests/lib/python3.8/site-packages'
[2.089s] Level 1:colcon.colcon_core.shell:create_environment_hook('opencv_tests', 'pythonpath')
[2.093s] INFO:colcon.colcon_core.shell:Creating environment hook '/home/carla/Documents/GitHub/C-V2X-Autoware-Carla/install/opencv_tests/share/opencv_tests/hook/pythonpath.ps1'
[2.094s] INFO:colcon.colcon_core.shell:Creating environment descriptor '/home/carla/Documents/GitHub/C-V2X-Autoware-Carla/install/opencv_tests/share/opencv_tests/hook/pythonpath.dsv'
[2.094s] INFO:colcon.colcon_core.shell:Creating environment hook '/home/carla/Documents/GitHub/C-V2X-Autoware-Carla/install/opencv_tests/share/opencv_tests/hook/pythonpath.sh'
[2.094s] Level 1:colcon.colcon_core.environment:checking '/home/carla/Documents/GitHub/C-V2X-Autoware-Carla/install/opencv_tests/bin'
[2.094s] Level 1:colcon.colcon_core.environment:create_environment_scripts_only(opencv_tests)
[2.098s] INFO:colcon.colcon_core.shell:Creating package script '/home/carla/Documents/GitHub/C-V2X-Autoware-Carla/install/opencv_tests/share/opencv_tests/package.ps1'
[2.099s] INFO:colcon.colcon_core.shell:Creating package descriptor '/home/carla/Documents/GitHub/C-V2X-Autoware-Carla/install/opencv_tests/share/opencv_tests/package.dsv'
[2.099s] INFO:colcon.colcon_core.shell:Creating package script '/home/carla/Documents/GitHub/C-V2X-Autoware-Carla/install/opencv_tests/share/opencv_tests/package.sh'
[2.100s] INFO:colcon.colcon_core.shell:Creating package script '/home/carla/Documents/GitHub/C-V2X-Autoware-Carla/install/opencv_tests/share/opencv_tests/package.bash'
[2.100s] INFO:colcon.colcon_core.shell:Creating package script '/home/carla/Documents/GitHub/C-V2X-Autoware-Carla/install/opencv_tests/share/opencv_tests/package.zsh'
[2.100s] Level 1:colcon.colcon_core.environment:create_file_with_runtime_dependencies(/home/carla/Documents/GitHub/C-V2X-Autoware-Carla/install/opencv_tests/share/colcon-core/packages/opencv_tests)
[2.852s] Level 1:colcon.colcon_core.environment:create_environment_scripts_only(v2x_msg)
[2.854s] Level 1:colcon.colcon_core.environment:checking '/home/carla/Documents/GitHub/C-V2X-Autoware-Carla/install/v2x_msg' for CMake module files
[2.855s] Level 1:colcon.colcon_core.environment:checking '/home/carla/Documents/GitHub/C-V2X-Autoware-Carla/install/v2x_msg' for CMake config files
[2.855s] Level 1:colcon.colcon_core.shell:create_environment_hook('v2x_msg', 'cmake_prefix_path')
[2.856s] INFO:colcon.colcon_core.shell:Creating environment hook '/home/carla/Documents/GitHub/C-V2X-Autoware-Carla/install/v2x_msg/share/v2x_msg/hook/cmake_prefix_path.ps1'
[2.857s] INFO:colcon.colcon_core.shell:Creating environment descriptor '/home/carla/Documents/GitHub/C-V2X-Autoware-Carla/install/v2x_msg/share/v2x_msg/hook/cmake_prefix_path.dsv'
[2.857s] INFO:colcon.colcon_core.shell:Creating environment hook '/home/carla/Documents/GitHub/C-V2X-Autoware-Carla/install/v2x_msg/share/v2x_msg/hook/cmake_prefix_path.sh'
[2.857s] Level 1:colcon.colcon_core.environment:checking '/home/carla/Documents/GitHub/C-V2X-Autoware-Carla/install/v2x_msg/lib'
[2.857s] Level 1:colcon.colcon_core.shell:create_environment_hook('v2x_msg', 'ld_library_path_lib')
[2.859s] INFO:colcon.colcon_core.shell:Creating environment hook '/home/carla/Documents/GitHub/C-V2X-Autoware-Carla/install/v2x_msg/share/v2x_msg/hook/ld_library_path_lib.ps1'
[2.859s] INFO:colcon.colcon_core.shell:Creating environment descriptor '/home/carla/Documents/GitHub/C-V2X-Autoware-Carla/install/v2x_msg/share/v2x_msg/hook/ld_library_path_lib.dsv'
[2.859s] INFO:colcon.colcon_core.shell:Creating environment hook '/home/carla/Documents/GitHub/C-V2X-Autoware-Carla/install/v2x_msg/share/v2x_msg/hook/ld_library_path_lib.sh'
[2.859s] Level 1:colcon.colcon_core.environment:checking '/home/carla/Documents/GitHub/C-V2X-Autoware-Carla/install/v2x_msg/bin'
[2.859s] Level 1:colcon.colcon_core.environment:checking '/home/carla/Documents/GitHub/C-V2X-Autoware-Carla/install/v2x_msg/lib/pkgconfig/v2x_msg.pc'
[2.859s] Level 1:colcon.colcon_core.environment:checking '/home/carla/Documents/GitHub/C-V2X-Autoware-Carla/install/v2x_msg/lib/python3.8/site-packages'
[2.859s] Level 1:colcon.colcon_core.shell:create_environment_hook('v2x_msg', 'pythonpath')
[2.861s] INFO:colcon.colcon_core.shell:Creating environment hook '/home/carla/Documents/GitHub/C-V2X-Autoware-Carla/install/v2x_msg/share/v2x_msg/hook/pythonpath.ps1'
[2.861s] INFO:colcon.colcon_core.shell:Creating environment descriptor '/home/carla/Documents/GitHub/C-V2X-Autoware-Carla/install/v2x_msg/share/v2x_msg/hook/pythonpath.dsv'
[2.861s] INFO:colcon.colcon_core.shell:Creating environment hook '/home/carla/Documents/GitHub/C-V2X-Autoware-Carla/install/v2x_msg/share/v2x_msg/hook/pythonpath.sh'
[2.861s] Level 1:colcon.colcon_core.environment:checking '/home/carla/Documents/GitHub/C-V2X-Autoware-Carla/install/v2x_msg/bin'
[2.863s] INFO:colcon.colcon_core.shell:Creating package script '/home/carla/Documents/GitHub/C-V2X-Autoware-Carla/install/v2x_msg/share/v2x_msg/package.ps1'
[2.863s] INFO:colcon.colcon_core.shell:Creating package descriptor '/home/carla/Documents/GitHub/C-V2X-Autoware-Carla/install/v2x_msg/share/v2x_msg/package.dsv'
[2.864s] INFO:colcon.colcon_core.shell:Creating package script '/home/carla/Documents/GitHub/C-V2X-Autoware-Carla/install/v2x_msg/share/v2x_msg/package.sh'
[2.864s] INFO:colcon.colcon_core.shell:Creating package script '/home/carla/Documents/GitHub/C-V2X-Autoware-Carla/install/v2x_msg/share/v2x_msg/package.bash'
[2.864s] INFO:colcon.colcon_core.shell:Creating package script '/home/carla/Documents/GitHub/C-V2X-Autoware-Carla/install/v2x_msg/share/v2x_msg/package.zsh'
[2.864s] Level 1:colcon.colcon_core.environment:create_file_with_runtime_dependencies(/home/carla/Documents/GitHub/C-V2X-Autoware-Carla/install/v2x_msg/share/colcon-core/packages/v2x_msg)
[2.864s] DEBUG:colcon.colcon_parallel_executor.executor.parallel:closing loop
[2.864s] DEBUG:colcon.colcon_parallel_executor.executor.parallel:loop closed
[2.864s] DEBUG:colcon.colcon_parallel_executor.executor.parallel:run_until_complete finished with '0'
[2.865s] DEBUG:colcon.colcon_core.event_reactor:joining thread
[2.873s] INFO:colcon.colcon_core.plugin_system:Skipping extension 'colcon_notification.desktop_notification.terminal_notifier': Not used on non-Darwin systems
[2.873s] INFO:colcon.colcon_core.plugin_system:Skipping extension 'colcon_notification.desktop_notification.win32': Not used on non-Windows systems
[2.873s] INFO:colcon.colcon_notification.desktop_notification:Sending desktop notification using 'notify2'
[2.881s] DEBUG:colcon.colcon_core.event_reactor:joined thread
[2.883s] INFO:colcon.colcon_core.shell:Creating prefix script '/home/carla/Documents/GitHub/C-V2X-Autoware-Carla/install/local_setup.ps1'
[2.883s] INFO:colcon.colcon_core.shell:Creating prefix util module '/home/carla/Documents/GitHub/C-V2X-Autoware-Carla/install/_local_setup_util_ps1.py'
[2.884s] INFO:colcon.colcon_core.shell:Creating prefix chain script '/home/carla/Documents/GitHub/C-V2X-Autoware-Carla/install/setup.ps1'
[2.885s] INFO:colcon.colcon_core.shell:Creating prefix script '/home/carla/Documents/GitHub/C-V2X-Autoware-Carla/install/local_setup.sh'
[2.885s] INFO:colcon.colcon_core.shell:Creating prefix util module '/home/carla/Documents/GitHub/C-V2X-Autoware-Carla/install/_local_setup_util_sh.py'
[2.886s] INFO:colcon.colcon_core.shell:Creating prefix chain script '/home/carla/Documents/GitHub/C-V2X-Autoware-Carla/install/setup.sh'
[2.886s] INFO:colcon.colcon_core.shell:Creating prefix script '/home/carla/Documents/GitHub/C-V2X-Autoware-Carla/install/local_setup.bash'
[2.887s] INFO:colcon.colcon_core.shell:Creating prefix chain script '/home/carla/Documents/GitHub/C-V2X-Autoware-Carla/install/setup.bash'
[2.887s] INFO:colcon.colcon_core.shell:Creating prefix script '/home/carla/Documents/GitHub/C-V2X-Autoware-Carla/install/local_setup.zsh'
[2.888s] INFO:colcon.colcon_core.shell:Creating prefix chain script '/home/carla/Documents/GitHub/C-V2X-Autoware-Carla/install/setup.zsh'
