[0.870s] Invoking command in '/home/carla/Documents/GitHub/C-V2X-Autoware-Carla/src/vehicle': PYTHONPATH=/home/carla/Documents/GitHub/C-V2X-Autoware-Carla/build/vehicle/prefix_override:/home/carla/Documents/GitHub/C-V2X-Autoware-Carla/install/vehicle/lib/python3.8/site-packages:${PYTHONPATH} /usr/bin/python3 setup.py egg_info --egg-base ../../build/vehicle build --build-base /home/carla/Documents/GitHub/C-V2X-Autoware-Carla/build/vehicle/build install --record /home/carla/Documents/GitHub/C-V2X-Autoware-Carla/build/vehicle/install.log --single-version-externally-managed
[1.076s] running egg_info
[1.083s] writing ../../build/vehicle/vehicle.egg-info/PKG-INFO
[1.083s] writing dependency_links to ../../build/vehicle/vehicle.egg-info/dependency_links.txt
[1.083s] writing entry points to ../../build/vehicle/vehicle.egg-info/entry_points.txt
[1.083s] writing requirements to ../../build/vehicle/vehicle.egg-info/requires.txt
[1.084s] writing top-level names to ../../build/vehicle/vehicle.egg-info/top_level.txt
[1.105s] reading manifest file '../../build/vehicle/vehicle.egg-info/SOURCES.txt'
[1.106s] writing manifest file '../../build/vehicle/vehicle.egg-info/SOURCES.txt'
[1.106s] running build
[1.106s] running build_py
[1.106s] copying vehicle/host_vehicle.py -> /home/carla/Documents/GitHub/C-V2X-Autoware-Carla/build/vehicle/build/lib/vehicle
[1.106s] running install
[1.106s] /home/carla/.local/lib/python3.8/site-packages/setuptools/command/install.py:34: SetuptoolsDeprecationWarning: setup.py install is deprecated. Use build and pip and other standards-based tools.
[1.106s]   warnings.warn(
[1.109s] running install_lib
[1.117s] copying /home/carla/Documents/GitHub/C-V2X-Autoware-Carla/build/vehicle/build/lib/vehicle/host_vehicle.py -> /home/carla/Documents/GitHub/C-V2X-Autoware-Carla/install/vehicle/lib/python3.8/site-packages/vehicle
[1.117s] byte-compiling /home/carla/Documents/GitHub/C-V2X-Autoware-Carla/install/vehicle/lib/python3.8/site-packages/vehicle/host_vehicle.py to host_vehicle.cpython-38.pyc
[1.119s] running install_data
[1.126s] running install_egg_info
[1.134s] removing '/home/carla/Documents/GitHub/C-V2X-Autoware-Carla/install/vehicle/lib/python3.8/site-packages/vehicle-0.0.0-py3.8.egg-info' (and everything under it)
[1.134s] Copying ../../build/vehicle/vehicle.egg-info to /home/carla/Documents/GitHub/C-V2X-Autoware-Carla/install/vehicle/lib/python3.8/site-packages/vehicle-0.0.0-py3.8.egg-info
[1.135s] running install_scripts
[1.166s] Installing host_vehicle script to /home/carla/Documents/GitHub/C-V2X-Autoware-Carla/install/vehicle/lib/vehicle
[1.166s] Installing remote_vehicle script to /home/carla/Documents/GitHub/C-V2X-Autoware-Carla/install/vehicle/lib/vehicle
[1.166s] writing list of installed files to '/home/carla/Documents/GitHub/C-V2X-Autoware-Carla/build/vehicle/install.log'
[1.191s] Invoked command in '/home/carla/Documents/GitHub/C-V2X-Autoware-Carla/src/vehicle' returned '0': PYTHONPATH=/home/carla/Documents/GitHub/C-V2X-Autoware-Carla/build/vehicle/prefix_override:/home/carla/Documents/GitHub/C-V2X-Autoware-Carla/install/vehicle/lib/python3.8/site-packages:${PYTHONPATH} /usr/bin/python3 setup.py egg_info --egg-base ../../build/vehicle build --build-base /home/carla/Documents/GitHub/C-V2X-Autoware-Carla/build/vehicle/build install --record /home/carla/Documents/GitHub/C-V2X-Autoware-Carla/build/vehicle/install.log --single-version-externally-managed
