[0.256s] DEBUG:colcon:Command line arguments: ['/usr/bin/colcon', 'build', '--symlink-install']
[0.256s] DEBUG:colcon:Parsed command line arguments: Namespace(allow_overriding=[], ament_cmake_args=None, base_paths=['.'], build_base='build', catkin_cmake_args=None, catkin_skip_building_tests=False, cmake_args=None, cmake_clean_cache=False, cmake_clean_first=False, cmake_force_configure=False, cmake_target=None, cmake_target_skip_unavailable=False, continue_on_error=False, event_handlers=None, executor='parallel', ignore_user_meta=False, install_base='install', log_base=None, log_level=None, main=<bound method BuildVerb.main of <colcon_core.verb.build.BuildVerb object at 0x7fb1dd0c7910>>, merge_install=False, metas=['./colcon.meta'], packages_above=None, packages_above_and_dependencies=None, packages_above_depth=None, packages_end=None, packages_ignore=None, packages_ignore_regex=None, packages_select=None, packages_select_build_failed=False, packages_select_by_dep=None, packages_select_regex=None, packages_select_test_failures=False, packages_skip=None, packages_skip_build_finished=False, packages_skip_by_dep=None, packages_skip_regex=None, packages_skip_test_passed=False, packages_skip_up_to=None, packages_start=None, packages_up_to=None, packages_up_to_regex=None, parallel_workers=20, paths=None, symlink_install=True, test_result_base=None, verb_extension=<colcon_core.verb.build.BuildVerb object at 0x7fb1dd0c7910>, verb_name='build', verb_parser=<colcon_defaults.argument_parser.defaults.DefaultArgumentsDecorator object at 0x7fb1dd0c7e80>)
[0.279s] Level 1:colcon.colcon_core.package_discovery:discover_packages(colcon_meta) check parameters
[0.279s] Level 1:colcon.colcon_core.package_discovery:discover_packages(recursive) check parameters
[0.279s] Level 1:colcon.colcon_core.package_discovery:discover_packages(ignore) check parameters
[0.279s] Level 1:colcon.colcon_core.package_discovery:discover_packages(path) check parameters
[0.279s] Level 1:colcon.colcon_core.package_discovery:discover_packages(colcon_meta) discover
[0.279s] Level 1:colcon.colcon_core.package_discovery:discover_packages(recursive) discover
[0.279s] INFO:colcon.colcon_core.package_discovery:Crawling recursively for packages in '/home/carla/Github/C-V2X-Autoware-Carla'
[0.279s] Level 1:colcon.colcon_core.package_identification:_identify(.) by extensions ['ignore', 'ignore_ament_install']
[0.279s] Level 1:colcon.colcon_core.package_identification:_identify(.) by extension 'ignore'
[0.279s] Level 1:colcon.colcon_core.package_identification:_identify(.) by extension 'ignore_ament_install'
[0.279s] Level 1:colcon.colcon_core.package_identification:_identify(.) by extensions ['colcon_pkg']
[0.280s] Level 1:colcon.colcon_core.package_identification:_identify(.) by extension 'colcon_pkg'
[0.280s] Level 1:colcon.colcon_core.package_identification:_identify(.) by extensions ['colcon_meta']
[0.280s] Level 1:colcon.colcon_core.package_identification:_identify(.) by extension 'colcon_meta'
[0.280s] Level 1:colcon.colcon_core.package_identification:_identify(.) by extensions ['ros']
[0.280s] Level 1:colcon.colcon_core.package_identification:_identify(.) by extension 'ros'
[0.286s] Level 1:colcon.colcon_core.package_identification:_identify(.) by extensions ['cmake', 'python']
[0.286s] Level 1:colcon.colcon_core.package_identification:_identify(.) by extension 'cmake'
[0.286s] Level 1:colcon.colcon_core.package_identification:_identify(.) by extension 'python'
[0.286s] Level 1:colcon.colcon_core.package_identification:_identify(.) by extensions ['python_setup_py']
[0.286s] Level 1:colcon.colcon_core.package_identification:_identify(.) by extension 'python_setup_py'
[0.286s] Level 1:colcon.colcon_core.package_identification:_identify(build) by extensions ['ignore', 'ignore_ament_install']
[0.286s] Level 1:colcon.colcon_core.package_identification:_identify(build) by extension 'ignore'
[0.286s] Level 1:colcon.colcon_core.package_identification:_identify(build) ignored
[0.286s] Level 1:colcon.colcon_core.package_identification:_identify(install) by extensions ['ignore', 'ignore_ament_install']
[0.286s] Level 1:colcon.colcon_core.package_identification:_identify(install) by extension 'ignore'
[0.286s] Level 1:colcon.colcon_core.package_identification:_identify(install) ignored
[0.286s] Level 1:colcon.colcon_core.package_identification:_identify(log) by extensions ['ignore', 'ignore_ament_install']
[0.286s] Level 1:colcon.colcon_core.package_identification:_identify(log) by extension 'ignore'
[0.286s] Level 1:colcon.colcon_core.package_identification:_identify(log) ignored
[0.286s] Level 1:colcon.colcon_core.package_identification:_identify(src) by extensions ['ignore', 'ignore_ament_install']
[0.286s] Level 1:colcon.colcon_core.package_identification:_identify(src) by extension 'ignore'
[0.286s] Level 1:colcon.colcon_core.package_identification:_identify(src) by extension 'ignore_ament_install'
[0.286s] Level 1:colcon.colcon_core.package_identification:_identify(src) by extensions ['colcon_pkg']
[0.286s] Level 1:colcon.colcon_core.package_identification:_identify(src) by extension 'colcon_pkg'
[0.286s] Level 1:colcon.colcon_core.package_identification:_identify(src) by extensions ['colcon_meta']
[0.286s] Level 1:colcon.colcon_core.package_identification:_identify(src) by extension 'colcon_meta'
[0.286s] Level 1:colcon.colcon_core.package_identification:_identify(src) by extensions ['ros']
[0.286s] Level 1:colcon.colcon_core.package_identification:_identify(src) by extension 'ros'
[0.286s] Level 1:colcon.colcon_core.package_identification:_identify(src) by extensions ['cmake', 'python']
[0.286s] Level 1:colcon.colcon_core.package_identification:_identify(src) by extension 'cmake'
[0.286s] Level 1:colcon.colcon_core.package_identification:_identify(src) by extension 'python'
[0.286s] Level 1:colcon.colcon_core.package_identification:_identify(src) by extensions ['python_setup_py']
[0.286s] Level 1:colcon.colcon_core.package_identification:_identify(src) by extension 'python_setup_py'
[0.286s] Level 1:colcon.colcon_core.package_identification:_identify(src/infrastructure) by extensions ['ignore', 'ignore_ament_install']
[0.286s] Level 1:colcon.colcon_core.package_identification:_identify(src/infrastructure) by extension 'ignore'
[0.286s] Level 1:colcon.colcon_core.package_identification:_identify(src/infrastructure) by extension 'ignore_ament_install'
[0.286s] Level 1:colcon.colcon_core.package_identification:_identify(src/infrastructure) by extensions ['colcon_pkg']
[0.286s] Level 1:colcon.colcon_core.package_identification:_identify(src/infrastructure) by extension 'colcon_pkg'
[0.286s] Level 1:colcon.colcon_core.package_identification:_identify(src/infrastructure) by extensions ['colcon_meta']
[0.286s] Level 1:colcon.colcon_core.package_identification:_identify(src/infrastructure) by extension 'colcon_meta'
[0.286s] Level 1:colcon.colcon_core.package_identification:_identify(src/infrastructure) by extensions ['ros']
[0.286s] Level 1:colcon.colcon_core.package_identification:_identify(src/infrastructure) by extension 'ros'
[0.288s] DEBUG:colcon.colcon_core.package_identification:Package 'src/infrastructure' with type 'ros.ament_python' and name 'infrastructure'
[0.288s] Level 1:colcon.colcon_core.package_identification:_identify(src/v2x_msg) by extensions ['ignore', 'ignore_ament_install']
[0.288s] Level 1:colcon.colcon_core.package_identification:_identify(src/v2x_msg) by extension 'ignore'
[0.288s] Level 1:colcon.colcon_core.package_identification:_identify(src/v2x_msg) by extension 'ignore_ament_install'
[0.288s] Level 1:colcon.colcon_core.package_identification:_identify(src/v2x_msg) by extensions ['colcon_pkg']
[0.288s] Level 1:colcon.colcon_core.package_identification:_identify(src/v2x_msg) by extension 'colcon_pkg'
[0.288s] Level 1:colcon.colcon_core.package_identification:_identify(src/v2x_msg) by extensions ['colcon_meta']
[0.288s] Level 1:colcon.colcon_core.package_identification:_identify(src/v2x_msg) by extension 'colcon_meta'
[0.288s] Level 1:colcon.colcon_core.package_identification:_identify(src/v2x_msg) by extensions ['ros']
[0.288s] Level 1:colcon.colcon_core.package_identification:_identify(src/v2x_msg) by extension 'ros'
[0.288s] DEBUG:colcon.colcon_core.package_identification:Package 'src/v2x_msg' with type 'ros.ament_cmake' and name 'v2x_msg'
[0.288s] Level 1:colcon.colcon_core.package_identification:_identify(src/vehicle) by extensions ['ignore', 'ignore_ament_install']
[0.288s] Level 1:colcon.colcon_core.package_identification:_identify(src/vehicle) by extension 'ignore'
[0.288s] Level 1:colcon.colcon_core.package_identification:_identify(src/vehicle) by extension 'ignore_ament_install'
[0.288s] Level 1:colcon.colcon_core.package_identification:_identify(src/vehicle) by extensions ['colcon_pkg']
[0.288s] Level 1:colcon.colcon_core.package_identification:_identify(src/vehicle) by extension 'colcon_pkg'
[0.288s] Level 1:colcon.colcon_core.package_identification:_identify(src/vehicle) by extensions ['colcon_meta']
[0.288s] Level 1:colcon.colcon_core.package_identification:_identify(src/vehicle) by extension 'colcon_meta'
[0.288s] Level 1:colcon.colcon_core.package_identification:_identify(src/vehicle) by extensions ['ros']
[0.288s] Level 1:colcon.colcon_core.package_identification:_identify(src/vehicle) by extension 'ros'
[0.289s] DEBUG:colcon.colcon_core.package_identification:Package 'src/vehicle' with type 'ros.ament_python' and name 'vehicle'
[0.289s] Level 1:colcon.colcon_core.package_discovery:discover_packages(recursive) using defaults
[0.289s] Level 1:colcon.colcon_core.package_discovery:discover_packages(ignore) discover
[0.289s] Level 1:colcon.colcon_core.package_discovery:discover_packages(ignore) using defaults
[0.289s] Level 1:colcon.colcon_core.package_discovery:discover_packages(path) discover
[0.289s] Level 1:colcon.colcon_core.package_discovery:discover_packages(path) using defaults
[0.311s] Level 1:colcon.colcon_core.package_discovery:discover_packages(prefix_path) check parameters
[0.311s] Level 1:colcon.colcon_core.package_discovery:discover_packages(prefix_path) discover
[0.320s] DEBUG:colcon.colcon_installed_package_information.package_discovery:Found 343 installed packages in /home/carla/ros2_humble/install
[0.321s] Level 1:colcon.colcon_core.package_discovery:discover_packages(prefix_path) using defaults
[0.331s] Level 5:colcon.colcon_core.verb:set package 'infrastructure' build argument 'cmake_args' from command line to 'None'
[0.331s] Level 5:colcon.colcon_core.verb:set package 'infrastructure' build argument 'cmake_target' from command line to 'None'
[0.331s] Level 5:colcon.colcon_core.verb:set package 'infrastructure' build argument 'cmake_target_skip_unavailable' from command line to 'False'
[0.331s] Level 5:colcon.colcon_core.verb:set package 'infrastructure' build argument 'cmake_clean_cache' from command line to 'False'
[0.331s] Level 5:colcon.colcon_core.verb:set package 'infrastructure' build argument 'cmake_clean_first' from command line to 'False'
[0.331s] Level 5:colcon.colcon_core.verb:set package 'infrastructure' build argument 'cmake_force_configure' from command line to 'False'
[0.331s] Level 5:colcon.colcon_core.verb:set package 'infrastructure' build argument 'ament_cmake_args' from command line to 'None'
[0.331s] Level 5:colcon.colcon_core.verb:set package 'infrastructure' build argument 'catkin_cmake_args' from command line to 'None'
[0.331s] Level 5:colcon.colcon_core.verb:set package 'infrastructure' build argument 'catkin_skip_building_tests' from command line to 'False'
[0.331s] DEBUG:colcon.colcon_core.verb:Building package 'infrastructure' with the following arguments: {'ament_cmake_args': None, 'build_base': '/home/carla/Github/C-V2X-Autoware-Carla/build/infrastructure', 'catkin_cmake_args': None, 'catkin_skip_building_tests': False, 'cmake_args': None, 'cmake_clean_cache': False, 'cmake_clean_first': False, 'cmake_force_configure': False, 'cmake_target': None, 'cmake_target_skip_unavailable': False, 'install_base': '/home/carla/Github/C-V2X-Autoware-Carla/install/infrastructure', 'merge_install': False, 'path': '/home/carla/Github/C-V2X-Autoware-Carla/src/infrastructure', 'symlink_install': True, 'test_result_base': None}
[0.332s] Level 5:colcon.colcon_core.verb:set package 'v2x_msg' build argument 'cmake_args' from command line to 'None'
[0.332s] Level 5:colcon.colcon_core.verb:set package 'v2x_msg' build argument 'cmake_target' from command line to 'None'
[0.332s] Level 5:colcon.colcon_core.verb:set package 'v2x_msg' build argument 'cmake_target_skip_unavailable' from command line to 'False'
[0.332s] Level 5:colcon.colcon_core.verb:set package 'v2x_msg' build argument 'cmake_clean_cache' from command line to 'False'
[0.332s] Level 5:colcon.colcon_core.verb:set package 'v2x_msg' build argument 'cmake_clean_first' from command line to 'False'
[0.332s] Level 5:colcon.colcon_core.verb:set package 'v2x_msg' build argument 'cmake_force_configure' from command line to 'False'
[0.332s] Level 5:colcon.colcon_core.verb:set package 'v2x_msg' build argument 'ament_cmake_args' from command line to 'None'
[0.332s] Level 5:colcon.colcon_core.verb:set package 'v2x_msg' build argument 'catkin_cmake_args' from command line to 'None'
[0.332s] Level 5:colcon.colcon_core.verb:set package 'v2x_msg' build argument 'catkin_skip_building_tests' from command line to 'False'
[0.332s] DEBUG:colcon.colcon_core.verb:Building package 'v2x_msg' with the following arguments: {'ament_cmake_args': None, 'build_base': '/home/carla/Github/C-V2X-Autoware-Carla/build/v2x_msg', 'catkin_cmake_args': None, 'catkin_skip_building_tests': False, 'cmake_args': None, 'cmake_clean_cache': False, 'cmake_clean_first': False, 'cmake_force_configure': False, 'cmake_target': None, 'cmake_target_skip_unavailable': False, 'install_base': '/home/carla/Github/C-V2X-Autoware-Carla/install/v2x_msg', 'merge_install': False, 'path': '/home/carla/Github/C-V2X-Autoware-Carla/src/v2x_msg', 'symlink_install': True, 'test_result_base': None}
[0.333s] Level 5:colcon.colcon_core.verb:set package 'vehicle' build argument 'cmake_args' from command line to 'None'
[0.333s] Level 5:colcon.colcon_core.verb:set package 'vehicle' build argument 'cmake_target' from command line to 'None'
[0.333s] Level 5:colcon.colcon_core.verb:set package 'vehicle' build argument 'cmake_target_skip_unavailable' from command line to 'False'
[0.333s] Level 5:colcon.colcon_core.verb:set package 'vehicle' build argument 'cmake_clean_cache' from command line to 'False'
[0.333s] Level 5:colcon.colcon_core.verb:set package 'vehicle' build argument 'cmake_clean_first' from command line to 'False'
[0.333s] Level 5:colcon.colcon_core.verb:set package 'vehicle' build argument 'cmake_force_configure' from command line to 'False'
[0.333s] Level 5:colcon.colcon_core.verb:set package 'vehicle' build argument 'ament_cmake_args' from command line to 'None'
[0.333s] Level 5:colcon.colcon_core.verb:set package 'vehicle' build argument 'catkin_cmake_args' from command line to 'None'
[0.333s] Level 5:colcon.colcon_core.verb:set package 'vehicle' build argument 'catkin_skip_building_tests' from command line to 'False'
[0.333s] DEBUG:colcon.colcon_core.verb:Building package 'vehicle' with the following arguments: {'ament_cmake_args': None, 'build_base': '/home/carla/Github/C-V2X-Autoware-Carla/build/vehicle', 'catkin_cmake_args': None, 'catkin_skip_building_tests': False, 'cmake_args': None, 'cmake_clean_cache': False, 'cmake_clean_first': False, 'cmake_force_configure': False, 'cmake_target': None, 'cmake_target_skip_unavailable': False, 'install_base': '/home/carla/Github/C-V2X-Autoware-Carla/install/vehicle', 'merge_install': False, 'path': '/home/carla/Github/C-V2X-Autoware-Carla/src/vehicle', 'symlink_install': True, 'test_result_base': None}
[0.334s] INFO:colcon.colcon_core.executor:Executing jobs using 'parallel' executor
[0.339s] DEBUG:colcon.colcon_parallel_executor.executor.parallel:run_until_complete
[0.339s] INFO:colcon.colcon_ros.task.ament_python.build:Building ROS package in '/home/carla/Github/C-V2X-Autoware-Carla/src/infrastructure' with build type 'ament_python'
[0.339s] Level 1:colcon.colcon_core.shell:create_environment_hook('infrastructure', 'ament_prefix_path')
[0.344s] INFO:colcon.colcon_core.plugin_system:Skipping extension 'colcon_core.shell.bat': Not used on non-Windows systems
[0.344s] INFO:colcon.colcon_core.shell:Creating environment hook '/home/carla/Github/C-V2X-Autoware-Carla/install/infrastructure/share/infrastructure/hook/ament_prefix_path.ps1'
[0.344s] INFO:colcon.colcon_core.shell:Creating environment descriptor '/home/carla/Github/C-V2X-Autoware-Carla/install/infrastructure/share/infrastructure/hook/ament_prefix_path.dsv'
[0.345s] INFO:colcon.colcon_core.shell:Creating environment hook '/home/carla/Github/C-V2X-Autoware-Carla/install/infrastructure/share/infrastructure/hook/ament_prefix_path.sh'
[0.347s] INFO:colcon.colcon_core.shell:Skip shell extension 'powershell' for command environment: Not usable outside of PowerShell
[0.347s] DEBUG:colcon.colcon_core.shell:Skip shell extension 'dsv' for command environment
[0.357s] INFO:colcon.colcon_ros.task.ament_cmake.build:Building ROS package in '/home/carla/Github/C-V2X-Autoware-Carla/src/v2x_msg' with build type 'ament_cmake'
[0.357s] INFO:colcon.colcon_cmake.task.cmake.build:Building CMake package in '/home/carla/Github/C-V2X-Autoware-Carla/src/v2x_msg'
[0.359s] INFO:colcon.colcon_core.shell:Skip shell extension 'powershell' for command environment: Not usable outside of PowerShell
[0.359s] DEBUG:colcon.colcon_core.shell:Skip shell extension 'dsv' for command environment
[0.369s] INFO:colcon.colcon_ros.task.ament_python.build:Building ROS package in '/home/carla/Github/C-V2X-Autoware-Carla/src/vehicle' with build type 'ament_python'
[0.370s] Level 1:colcon.colcon_core.shell:create_environment_hook('vehicle', 'ament_prefix_path')
[0.372s] INFO:colcon.colcon_core.shell:Creating environment hook '/home/carla/Github/C-V2X-Autoware-Carla/install/vehicle/share/vehicle/hook/ament_prefix_path.ps1'
[0.372s] INFO:colcon.colcon_core.shell:Creating environment descriptor '/home/carla/Github/C-V2X-Autoware-Carla/install/vehicle/share/vehicle/hook/ament_prefix_path.dsv'
[0.372s] INFO:colcon.colcon_core.shell:Creating environment hook '/home/carla/Github/C-V2X-Autoware-Carla/install/vehicle/share/vehicle/hook/ament_prefix_path.sh'
[0.374s] INFO:colcon.colcon_core.shell:Skip shell extension 'powershell' for command environment: Not usable outside of PowerShell
[0.374s] DEBUG:colcon.colcon_core.shell:Skip shell extension 'dsv' for command environment
[0.746s] INFO:colcon.colcon_core.task.python.build:Building Python package in '/home/carla/Github/C-V2X-Autoware-Carla/src/infrastructure'
[0.748s] INFO:colcon.colcon_core.shell:Skip shell extension 'powershell' for command environment: Not usable outside of PowerShell
[0.748s] DEBUG:colcon.colcon_core.shell:Skip shell extension 'dsv' for command environment
[0.762s] DEBUG:colcon.colcon_core.event_handler.log_command:Invoking command in '/home/carla/Github/C-V2X-Autoware-Carla/build/v2x_msg': CMAKE_PREFIX_PATH=${CMAKE_PREFIX_PATH}:/home/carla/ros2_humble/install/rqt_bag_plugins:/home/carla/ros2_humble/install/rqt_bag:/home/carla/ros2_humble/install/ros2bag:/home/carla/ros2_humble/install/urdf_parser_plugin:/home/carla/ros2_humble/install/tracetools_test:/home/carla/ros2_humble/install/tracetools_launch:/home/carla/ros2_humble/install/topic_monitor:/home/carla/ros2_humble/install/tf2_tools:/home/carla/ros2_humble/install/examples_tf2_py:/home/carla/ros2_humble/install/tf2_ros_py:/home/carla/ros2_humble/install/sros2:/home/carla/ros2_humble/install/rqt_topic:/home/carla/ros2_humble/install/rqt_srv:/home/carla/ros2_humble/install/rqt_shell:/home/carla/ros2_humble/install/rqt_service_caller:/home/carla/ros2_humble/install/rqt_reconfigure:/home/carla/ros2_humble/install/rqt_py_console:/home/carla/ros2_humble/install/rqt_publisher:/home/carla/ros2_humble/install/rqt_plot:/home/carla/ros2_humble/install/rqt_action:/home/carla/ros2_humble/install/rqt_msg:/home/carla/ros2_humble/install/rqt_console:/home/carla/ros2_humble/install/rqt:/home/carla/ros2_humble/install/rqt_graph:/home/carla/ros2_humble/install/rqt_gui_py:/home/carla/ros2_humble/install/rqt_gui:/home/carla/ros2_humble/install/ros2trace:/home/carla/ros2_humble/install/ros2topic:/home/carla/ros2_humble/install/ros2test:/home/carla/ros2_humble/install/ros2component:/home/carla/ros2_humble/install/ros2param:/home/carla/ros2_humble/install/ros2lifecycle:/home/carla/ros2_humble/install/ros2service:/home/carla/ros2_humble/install/ros2run:/home/carla/ros2_humble/install/ros2launch:/home/carla/ros2_humble/install/ros2pkg:/home/carla/ros2_humble/install/ros2node:/home/carla/ros2_humble/install/ros2multicast:/home/carla/ros2_humble/install/ros2interface:/home/carla/ros2_humble/install/ros2doctor:/home/carla/ros2_humble/install/ros2action:/home/carla/ros2_humble/install/ros2cli:/home/carla/ros2_humble/install/quality_of_service_demo_py:/home/carla/ros2_humble/install/lifecycle_py:/home/carla/ros2_humble/install/launch_testing_ros:/home/carla/ros2_humble/install/launch_ros:/home/carla/ros2_humble/install/examples_rclpy_pointcloud_publisher:/home/carla/ros2_humble/install/examples_rclpy_minimal_subscriber:/home/carla/ros2_humble/install/examples_rclpy_minimal_service:/home/carla/ros2_humble/install/examples_rclpy_minimal_publisher:/home/carla/ros2_humble/install/examples_rclpy_minimal_client:/home/carla/ros2_humble/install/examples_rclpy_minimal_action_server:/home/carla/ros2_humble/install/examples_rclpy_minimal_action_client:/home/carla/ros2_humble/install/examples_rclpy_guard_conditions:/home/carla/ros2_humble/install/examples_rclpy_executors:/home/carla/ros2_humble/install/demo_nodes_py:/home/carla/ros2_humble/install/action_tutorials_py:/home/carla/ros2_humble/install/ament_lint_common:/home/carla/ros2_humble/install/ament_uncrustify:/home/carla/ros2_humble/install/tracetools_trace:/home/carla/ros2_humble/install/tracetools_read:/home/carla/ros2_humble/install/tracetools:/home/carla/ros2_humble/install/test_tracetools_launch:/home/carla/ros2_humble/install/test_launch_ros:/home/carla/ros2_humble/install/sensor_msgs_py:/home/carla/ros2_humble/install/rpyutils:/home/carla/ros2_humble/install/rosidl_runtime_py:/home/carla/ros2_humble/install/rosidl_cli:/home/carla/ros2_humble/install/launch_pytest:/home/carla/ros2_humble/install/launch_testing:/home/carla/ros2_humble/install/launch_yaml:/home/carla/ros2_humble/install/launch_xml:/home/carla/ros2_humble/install/launch:/home/carla/ros2_humble/install/osrf_pycommon:/home/carla/ros2_humble/install/launch_testing_examples:/home/carla/ros2_humble/install/domain_coordinator:/home/carla/ros2_humble/install/ament_xmllint:/home/carla/ros2_humble/install/ament_pyflakes:/home/carla/ros2_humble/install/ament_pycodestyle:/home/carla/ros2_humble/install/ament_pep257:/home/carla/ros2_humble/install/ament_pclint:/home/carla/ros2_humble/install/ament_package:/home/carla/ros2_humble/install/ament_mypy:/home/carla/ros2_humble/install/ament_lint_cmake:/home/carla/ros2_humble/install/ament_flake8:/home/carla/ros2_humble/install/ament_copyright:/home/carla/ros2_humble/install/ament_lint:/home/carla/ros2_humble/install/ament_index_python:/home/carla/ros2_humble/install/ament_cpplint:/home/carla/ros2_humble/install/ament_cppcheck:/home/carla/ros2_humble/install/ament_clang_tidy:/home/carla/ros2_humble/install/ament_clang_format /usr/bin/cmake --build /home/carla/Github/C-V2X-Autoware-Carla/build/v2x_msg -- -j20 -l20
[1.145s] INFO:colcon.colcon_core.task.python.build:Building Python package in '/home/carla/Github/C-V2X-Autoware-Carla/src/vehicle'
[1.148s] INFO:colcon.colcon_core.shell:Skip shell extension 'powershell' for command environment: Not usable outside of PowerShell
[1.148s] DEBUG:colcon.colcon_core.shell:Skip shell extension 'dsv' for command environment
[1.367s] DEBUG:colcon.colcon_core.event_handler.log_command:Invoked command in '/home/carla/Github/C-V2X-Autoware-Carla/build/v2x_msg' returned '0': CMAKE_PREFIX_PATH=${CMAKE_PREFIX_PATH}:/home/carla/ros2_humble/install/rqt_bag_plugins:/home/carla/ros2_humble/install/rqt_bag:/home/carla/ros2_humble/install/ros2bag:/home/carla/ros2_humble/install/urdf_parser_plugin:/home/carla/ros2_humble/install/tracetools_test:/home/carla/ros2_humble/install/tracetools_launch:/home/carla/ros2_humble/install/topic_monitor:/home/carla/ros2_humble/install/tf2_tools:/home/carla/ros2_humble/install/examples_tf2_py:/home/carla/ros2_humble/install/tf2_ros_py:/home/carla/ros2_humble/install/sros2:/home/carla/ros2_humble/install/rqt_topic:/home/carla/ros2_humble/install/rqt_srv:/home/carla/ros2_humble/install/rqt_shell:/home/carla/ros2_humble/install/rqt_service_caller:/home/carla/ros2_humble/install/rqt_reconfigure:/home/carla/ros2_humble/install/rqt_py_console:/home/carla/ros2_humble/install/rqt_publisher:/home/carla/ros2_humble/install/rqt_plot:/home/carla/ros2_humble/install/rqt_action:/home/carla/ros2_humble/install/rqt_msg:/home/carla/ros2_humble/install/rqt_console:/home/carla/ros2_humble/install/rqt:/home/carla/ros2_humble/install/rqt_graph:/home/carla/ros2_humble/install/rqt_gui_py:/home/carla/ros2_humble/install/rqt_gui:/home/carla/ros2_humble/install/ros2trace:/home/carla/ros2_humble/install/ros2topic:/home/carla/ros2_humble/install/ros2test:/home/carla/ros2_humble/install/ros2component:/home/carla/ros2_humble/install/ros2param:/home/carla/ros2_humble/install/ros2lifecycle:/home/carla/ros2_humble/install/ros2service:/home/carla/ros2_humble/install/ros2run:/home/carla/ros2_humble/install/ros2launch:/home/carla/ros2_humble/install/ros2pkg:/home/carla/ros2_humble/install/ros2node:/home/carla/ros2_humble/install/ros2multicast:/home/carla/ros2_humble/install/ros2interface:/home/carla/ros2_humble/install/ros2doctor:/home/carla/ros2_humble/install/ros2action:/home/carla/ros2_humble/install/ros2cli:/home/carla/ros2_humble/install/quality_of_service_demo_py:/home/carla/ros2_humble/install/lifecycle_py:/home/carla/ros2_humble/install/launch_testing_ros:/home/carla/ros2_humble/install/launch_ros:/home/carla/ros2_humble/install/examples_rclpy_pointcloud_publisher:/home/carla/ros2_humble/install/examples_rclpy_minimal_subscriber:/home/carla/ros2_humble/install/examples_rclpy_minimal_service:/home/carla/ros2_humble/install/examples_rclpy_minimal_publisher:/home/carla/ros2_humble/install/examples_rclpy_minimal_client:/home/carla/ros2_humble/install/examples_rclpy_minimal_action_server:/home/carla/ros2_humble/install/examples_rclpy_minimal_action_client:/home/carla/ros2_humble/install/examples_rclpy_guard_conditions:/home/carla/ros2_humble/install/examples_rclpy_executors:/home/carla/ros2_humble/install/demo_nodes_py:/home/carla/ros2_humble/install/action_tutorials_py:/home/carla/ros2_humble/install/ament_lint_common:/home/carla/ros2_humble/install/ament_uncrustify:/home/carla/ros2_humble/install/tracetools_trace:/home/carla/ros2_humble/install/tracetools_read:/home/carla/ros2_humble/install/tracetools:/home/carla/ros2_humble/install/test_tracetools_launch:/home/carla/ros2_humble/install/test_launch_ros:/home/carla/ros2_humble/install/sensor_msgs_py:/home/carla/ros2_humble/install/rpyutils:/home/carla/ros2_humble/install/rosidl_runtime_py:/home/carla/ros2_humble/install/rosidl_cli:/home/carla/ros2_humble/install/launch_pytest:/home/carla/ros2_humble/install/launch_testing:/home/carla/ros2_humble/install/launch_yaml:/home/carla/ros2_humble/install/launch_xml:/home/carla/ros2_humble/install/launch:/home/carla/ros2_humble/install/osrf_pycommon:/home/carla/ros2_humble/install/launch_testing_examples:/home/carla/ros2_humble/install/domain_coordinator:/home/carla/ros2_humble/install/ament_xmllint:/home/carla/ros2_humble/install/ament_pyflakes:/home/carla/ros2_humble/install/ament_pycodestyle:/home/carla/ros2_humble/install/ament_pep257:/home/carla/ros2_humble/install/ament_pclint:/home/carla/ros2_humble/install/ament_package:/home/carla/ros2_humble/install/ament_mypy:/home/carla/ros2_humble/install/ament_lint_cmake:/home/carla/ros2_humble/install/ament_flake8:/home/carla/ros2_humble/install/ament_copyright:/home/carla/ros2_humble/install/ament_lint:/home/carla/ros2_humble/install/ament_index_python:/home/carla/ros2_humble/install/ament_cpplint:/home/carla/ros2_humble/install/ament_cppcheck:/home/carla/ros2_humble/install/ament_clang_tidy:/home/carla/ros2_humble/install/ament_clang_format /usr/bin/cmake --build /home/carla/Github/C-V2X-Autoware-Carla/build/v2x_msg -- -j20 -l20
[1.646s] DEBUG:colcon.colcon_core.event_handler.log_command:Invoking command in '/home/carla/Github/C-V2X-Autoware-Carla/build/vehicle': PYTHONPATH=/home/carla/Github/C-V2X-Autoware-Carla/build/vehicle/prefix_override:/home/carla/Github/C-V2X-Autoware-Carla/install/vehicle/lib/python3.8/site-packages:${PYTHONPATH} /usr/bin/python3 setup.py develop --editable --build-directory /home/carla/Github/C-V2X-Autoware-Carla/build/vehicle/build --no-deps install_data
[1.647s] DEBUG:colcon.colcon_core.event_handler.log_command:Invoking command in '/home/carla/Github/C-V2X-Autoware-Carla/build/infrastructure': PYTHONPATH=/home/carla/Github/C-V2X-Autoware-Carla/build/infrastructure/prefix_override:/home/carla/Github/C-V2X-Autoware-Carla/install/infrastructure/lib/python3.8/site-packages:${PYTHONPATH} /usr/bin/python3 setup.py develop --editable --build-directory /home/carla/Github/C-V2X-Autoware-Carla/build/infrastructure/build --no-deps install_data
[2.182s] Level 1:colcon.colcon_core.shell:create_environment_hook('vehicle', 'pythonpath_develop')
[2.185s] INFO:colcon.colcon_core.shell:Creating environment hook '/home/carla/Github/C-V2X-Autoware-Carla/build/vehicle/share/vehicle/hook/pythonpath_develop.ps1'
[2.185s] DEBUG:colcon.colcon_core.event_handler.log_command:Invoked command in '/home/carla/Github/C-V2X-Autoware-Carla/build/vehicle' returned '0': PYTHONPATH=/home/carla/Github/C-V2X-Autoware-Carla/build/vehicle/prefix_override:/home/carla/Github/C-V2X-Autoware-Carla/install/vehicle/lib/python3.8/site-packages:${PYTHONPATH} /usr/bin/python3 setup.py develop --editable --build-directory /home/carla/Github/C-V2X-Autoware-Carla/build/vehicle/build --no-deps install_data
[2.185s] INFO:colcon.colcon_core.shell:Creating environment descriptor '/home/carla/Github/C-V2X-Autoware-Carla/build/vehicle/share/vehicle/hook/pythonpath_develop.dsv'
[2.185s] INFO:colcon.colcon_core.shell:Creating environment hook '/home/carla/Github/C-V2X-Autoware-Carla/build/vehicle/share/vehicle/hook/pythonpath_develop.sh'
[2.192s] Level 1:colcon.colcon_core.environment:checking '/home/carla/Github/C-V2X-Autoware-Carla/install/vehicle' for CMake module files
[2.192s] Level 1:colcon.colcon_core.environment:checking '/home/carla/Github/C-V2X-Autoware-Carla/install/vehicle' for CMake config files
[2.193s] Level 1:colcon.colcon_core.environment:checking '/home/carla/Github/C-V2X-Autoware-Carla/install/vehicle/lib'
[2.193s] Level 1:colcon.colcon_core.environment:checking '/home/carla/Github/C-V2X-Autoware-Carla/install/vehicle/bin'
[2.193s] Level 1:colcon.colcon_core.environment:checking '/home/carla/Github/C-V2X-Autoware-Carla/install/vehicle/lib/pkgconfig/vehicle.pc'
[2.193s] Level 1:colcon.colcon_core.environment:checking '/home/carla/Github/C-V2X-Autoware-Carla/install/vehicle/lib/python3.8/site-packages'
[2.193s] Level 1:colcon.colcon_core.shell:create_environment_hook('vehicle', 'pythonpath')
[2.195s] INFO:colcon.colcon_core.shell:Creating environment hook '/home/carla/Github/C-V2X-Autoware-Carla/install/vehicle/share/vehicle/hook/pythonpath.ps1'
[2.195s] INFO:colcon.colcon_core.shell:Creating environment descriptor '/home/carla/Github/C-V2X-Autoware-Carla/install/vehicle/share/vehicle/hook/pythonpath.dsv'
[2.195s] INFO:colcon.colcon_core.shell:Creating environment hook '/home/carla/Github/C-V2X-Autoware-Carla/install/vehicle/share/vehicle/hook/pythonpath.sh'
[2.196s] Level 1:colcon.colcon_core.environment:checking '/home/carla/Github/C-V2X-Autoware-Carla/install/vehicle/bin'
[2.196s] Level 1:colcon.colcon_core.environment:create_environment_scripts_only(vehicle)
[2.198s] INFO:colcon.colcon_core.shell:Creating package script '/home/carla/Github/C-V2X-Autoware-Carla/install/vehicle/share/vehicle/package.ps1'
[2.198s] INFO:colcon.colcon_core.shell:Creating package descriptor '/home/carla/Github/C-V2X-Autoware-Carla/install/vehicle/share/vehicle/package.dsv'
[2.198s] INFO:colcon.colcon_core.shell:Creating package script '/home/carla/Github/C-V2X-Autoware-Carla/install/vehicle/share/vehicle/package.sh'
[2.199s] INFO:colcon.colcon_core.shell:Creating package script '/home/carla/Github/C-V2X-Autoware-Carla/install/vehicle/share/vehicle/package.bash'
[2.199s] INFO:colcon.colcon_core.shell:Creating package script '/home/carla/Github/C-V2X-Autoware-Carla/install/vehicle/share/vehicle/package.zsh'
[2.199s] Level 1:colcon.colcon_core.environment:create_file_with_runtime_dependencies(/home/carla/Github/C-V2X-Autoware-Carla/install/vehicle/share/colcon-core/packages/vehicle)
[2.200s] Level 1:colcon.colcon_core.shell:create_environment_hook('infrastructure', 'pythonpath_develop')
[2.202s] INFO:colcon.colcon_core.shell:Creating environment hook '/home/carla/Github/C-V2X-Autoware-Carla/build/infrastructure/share/infrastructure/hook/pythonpath_develop.ps1'
[2.202s] DEBUG:colcon.colcon_core.event_handler.log_command:Invoked command in '/home/carla/Github/C-V2X-Autoware-Carla/build/infrastructure' returned '0': PYTHONPATH=/home/carla/Github/C-V2X-Autoware-Carla/build/infrastructure/prefix_override:/home/carla/Github/C-V2X-Autoware-Carla/install/infrastructure/lib/python3.8/site-packages:${PYTHONPATH} /usr/bin/python3 setup.py develop --editable --build-directory /home/carla/Github/C-V2X-Autoware-Carla/build/infrastructure/build --no-deps install_data
[2.203s] INFO:colcon.colcon_core.shell:Creating environment descriptor '/home/carla/Github/C-V2X-Autoware-Carla/build/infrastructure/share/infrastructure/hook/pythonpath_develop.dsv'
[2.203s] INFO:colcon.colcon_core.shell:Creating environment hook '/home/carla/Github/C-V2X-Autoware-Carla/build/infrastructure/share/infrastructure/hook/pythonpath_develop.sh'
[2.206s] Level 1:colcon.colcon_core.environment:checking '/home/carla/Github/C-V2X-Autoware-Carla/install/infrastructure' for CMake module files
[2.206s] Level 1:colcon.colcon_core.environment:checking '/home/carla/Github/C-V2X-Autoware-Carla/install/infrastructure' for CMake config files
[2.206s] Level 1:colcon.colcon_core.environment:checking '/home/carla/Github/C-V2X-Autoware-Carla/install/infrastructure/lib'
[2.206s] Level 1:colcon.colcon_core.environment:checking '/home/carla/Github/C-V2X-Autoware-Carla/install/infrastructure/bin'
[2.206s] Level 1:colcon.colcon_core.environment:checking '/home/carla/Github/C-V2X-Autoware-Carla/install/infrastructure/lib/pkgconfig/infrastructure.pc'
[2.207s] Level 1:colcon.colcon_core.environment:checking '/home/carla/Github/C-V2X-Autoware-Carla/install/infrastructure/lib/python3.8/site-packages'
[2.207s] Level 1:colcon.colcon_core.shell:create_environment_hook('infrastructure', 'pythonpath')
[2.209s] INFO:colcon.colcon_core.shell:Creating environment hook '/home/carla/Github/C-V2X-Autoware-Carla/install/infrastructure/share/infrastructure/hook/pythonpath.ps1'
[2.209s] INFO:colcon.colcon_core.shell:Creating environment descriptor '/home/carla/Github/C-V2X-Autoware-Carla/install/infrastructure/share/infrastructure/hook/pythonpath.dsv'
[2.209s] INFO:colcon.colcon_core.shell:Creating environment hook '/home/carla/Github/C-V2X-Autoware-Carla/install/infrastructure/share/infrastructure/hook/pythonpath.sh'
[2.209s] Level 1:colcon.colcon_core.environment:checking '/home/carla/Github/C-V2X-Autoware-Carla/install/infrastructure/bin'
[2.209s] Level 1:colcon.colcon_core.environment:create_environment_scripts_only(infrastructure)
[2.211s] INFO:colcon.colcon_core.shell:Creating package script '/home/carla/Github/C-V2X-Autoware-Carla/install/infrastructure/share/infrastructure/package.ps1'
[2.211s] INFO:colcon.colcon_core.shell:Creating package descriptor '/home/carla/Github/C-V2X-Autoware-Carla/install/infrastructure/share/infrastructure/package.dsv'
[2.212s] INFO:colcon.colcon_core.shell:Creating package script '/home/carla/Github/C-V2X-Autoware-Carla/install/infrastructure/share/infrastructure/package.sh'
[2.212s] INFO:colcon.colcon_core.shell:Creating package script '/home/carla/Github/C-V2X-Autoware-Carla/install/infrastructure/share/infrastructure/package.bash'
[2.212s] INFO:colcon.colcon_core.shell:Creating package script '/home/carla/Github/C-V2X-Autoware-Carla/install/infrastructure/share/infrastructure/package.zsh'
[2.212s] Level 1:colcon.colcon_core.environment:create_file_with_runtime_dependencies(/home/carla/Github/C-V2X-Autoware-Carla/install/infrastructure/share/colcon-core/packages/infrastructure)
[12.272s] DEBUG:colcon.colcon_core.event_handler.log_command:Invoking command in '/home/carla/Github/C-V2X-Autoware-Carla/build/v2x_msg': CMAKE_PREFIX_PATH=${CMAKE_PREFIX_PATH}:/home/carla/ros2_humble/install/rqt_bag_plugins:/home/carla/ros2_humble/install/rqt_bag:/home/carla/ros2_humble/install/ros2bag:/home/carla/ros2_humble/install/urdf_parser_plugin:/home/carla/ros2_humble/install/tracetools_test:/home/carla/ros2_humble/install/tracetools_launch:/home/carla/ros2_humble/install/topic_monitor:/home/carla/ros2_humble/install/tf2_tools:/home/carla/ros2_humble/install/examples_tf2_py:/home/carla/ros2_humble/install/tf2_ros_py:/home/carla/ros2_humble/install/sros2:/home/carla/ros2_humble/install/rqt_topic:/home/carla/ros2_humble/install/rqt_srv:/home/carla/ros2_humble/install/rqt_shell:/home/carla/ros2_humble/install/rqt_service_caller:/home/carla/ros2_humble/install/rqt_reconfigure:/home/carla/ros2_humble/install/rqt_py_console:/home/carla/ros2_humble/install/rqt_publisher:/home/carla/ros2_humble/install/rqt_plot:/home/carla/ros2_humble/install/rqt_action:/home/carla/ros2_humble/install/rqt_msg:/home/carla/ros2_humble/install/rqt_console:/home/carla/ros2_humble/install/rqt:/home/carla/ros2_humble/install/rqt_graph:/home/carla/ros2_humble/install/rqt_gui_py:/home/carla/ros2_humble/install/rqt_gui:/home/carla/ros2_humble/install/ros2trace:/home/carla/ros2_humble/install/ros2topic:/home/carla/ros2_humble/install/ros2test:/home/carla/ros2_humble/install/ros2component:/home/carla/ros2_humble/install/ros2param:/home/carla/ros2_humble/install/ros2lifecycle:/home/carla/ros2_humble/install/ros2service:/home/carla/ros2_humble/install/ros2run:/home/carla/ros2_humble/install/ros2launch:/home/carla/ros2_humble/install/ros2pkg:/home/carla/ros2_humble/install/ros2node:/home/carla/ros2_humble/install/ros2multicast:/home/carla/ros2_humble/install/ros2interface:/home/carla/ros2_humble/install/ros2doctor:/home/carla/ros2_humble/install/ros2action:/home/carla/ros2_humble/install/ros2cli:/home/carla/ros2_humble/install/quality_of_service_demo_py:/home/carla/ros2_humble/install/lifecycle_py:/home/carla/ros2_humble/install/launch_testing_ros:/home/carla/ros2_humble/install/launch_ros:/home/carla/ros2_humble/install/examples_rclpy_pointcloud_publisher:/home/carla/ros2_humble/install/examples_rclpy_minimal_subscriber:/home/carla/ros2_humble/install/examples_rclpy_minimal_service:/home/carla/ros2_humble/install/examples_rclpy_minimal_publisher:/home/carla/ros2_humble/install/examples_rclpy_minimal_client:/home/carla/ros2_humble/install/examples_rclpy_minimal_action_server:/home/carla/ros2_humble/install/examples_rclpy_minimal_action_client:/home/carla/ros2_humble/install/examples_rclpy_guard_conditions:/home/carla/ros2_humble/install/examples_rclpy_executors:/home/carla/ros2_humble/install/demo_nodes_py:/home/carla/ros2_humble/install/action_tutorials_py:/home/carla/ros2_humble/install/ament_lint_common:/home/carla/ros2_humble/install/ament_uncrustify:/home/carla/ros2_humble/install/tracetools_trace:/home/carla/ros2_humble/install/tracetools_read:/home/carla/ros2_humble/install/tracetools:/home/carla/ros2_humble/install/test_tracetools_launch:/home/carla/ros2_humble/install/test_launch_ros:/home/carla/ros2_humble/install/sensor_msgs_py:/home/carla/ros2_humble/install/rpyutils:/home/carla/ros2_humble/install/rosidl_runtime_py:/home/carla/ros2_humble/install/rosidl_cli:/home/carla/ros2_humble/install/launch_pytest:/home/carla/ros2_humble/install/launch_testing:/home/carla/ros2_humble/install/launch_yaml:/home/carla/ros2_humble/install/launch_xml:/home/carla/ros2_humble/install/launch:/home/carla/ros2_humble/install/osrf_pycommon:/home/carla/ros2_humble/install/launch_testing_examples:/home/carla/ros2_humble/install/domain_coordinator:/home/carla/ros2_humble/install/ament_xmllint:/home/carla/ros2_humble/install/ament_pyflakes:/home/carla/ros2_humble/install/ament_pycodestyle:/home/carla/ros2_humble/install/ament_pep257:/home/carla/ros2_humble/install/ament_pclint:/home/carla/ros2_humble/install/ament_package:/home/carla/ros2_humble/install/ament_mypy:/home/carla/ros2_humble/install/ament_lint_cmake:/home/carla/ros2_humble/install/ament_flake8:/home/carla/ros2_humble/install/ament_copyright:/home/carla/ros2_humble/install/ament_lint:/home/carla/ros2_humble/install/ament_index_python:/home/carla/ros2_humble/install/ament_cpplint:/home/carla/ros2_humble/install/ament_cppcheck:/home/carla/ros2_humble/install/ament_clang_tidy:/home/carla/ros2_humble/install/ament_clang_format /usr/bin/cmake --install /home/carla/Github/C-V2X-Autoware-Carla/build/v2x_msg
[12.465s] DEBUG:colcon.colcon_core.event_handler.log_command:Invoked command in '/home/carla/Github/C-V2X-Autoware-Carla/build/v2x_msg' returned '1': CMAKE_PREFIX_PATH=${CMAKE_PREFIX_PATH}:/home/carla/ros2_humble/install/rqt_bag_plugins:/home/carla/ros2_humble/install/rqt_bag:/home/carla/ros2_humble/install/ros2bag:/home/carla/ros2_humble/install/urdf_parser_plugin:/home/carla/ros2_humble/install/tracetools_test:/home/carla/ros2_humble/install/tracetools_launch:/home/carla/ros2_humble/install/topic_monitor:/home/carla/ros2_humble/install/tf2_tools:/home/carla/ros2_humble/install/examples_tf2_py:/home/carla/ros2_humble/install/tf2_ros_py:/home/carla/ros2_humble/install/sros2:/home/carla/ros2_humble/install/rqt_topic:/home/carla/ros2_humble/install/rqt_srv:/home/carla/ros2_humble/install/rqt_shell:/home/carla/ros2_humble/install/rqt_service_caller:/home/carla/ros2_humble/install/rqt_reconfigure:/home/carla/ros2_humble/install/rqt_py_console:/home/carla/ros2_humble/install/rqt_publisher:/home/carla/ros2_humble/install/rqt_plot:/home/carla/ros2_humble/install/rqt_action:/home/carla/ros2_humble/install/rqt_msg:/home/carla/ros2_humble/install/rqt_console:/home/carla/ros2_humble/install/rqt:/home/carla/ros2_humble/install/rqt_graph:/home/carla/ros2_humble/install/rqt_gui_py:/home/carla/ros2_humble/install/rqt_gui:/home/carla/ros2_humble/install/ros2trace:/home/carla/ros2_humble/install/ros2topic:/home/carla/ros2_humble/install/ros2test:/home/carla/ros2_humble/install/ros2component:/home/carla/ros2_humble/install/ros2param:/home/carla/ros2_humble/install/ros2lifecycle:/home/carla/ros2_humble/install/ros2service:/home/carla/ros2_humble/install/ros2run:/home/carla/ros2_humble/install/ros2launch:/home/carla/ros2_humble/install/ros2pkg:/home/carla/ros2_humble/install/ros2node:/home/carla/ros2_humble/install/ros2multicast:/home/carla/ros2_humble/install/ros2interface:/home/carla/ros2_humble/install/ros2doctor:/home/carla/ros2_humble/install/ros2action:/home/carla/ros2_humble/install/ros2cli:/home/carla/ros2_humble/install/quality_of_service_demo_py:/home/carla/ros2_humble/install/lifecycle_py:/home/carla/ros2_humble/install/launch_testing_ros:/home/carla/ros2_humble/install/launch_ros:/home/carla/ros2_humble/install/examples_rclpy_pointcloud_publisher:/home/carla/ros2_humble/install/examples_rclpy_minimal_subscriber:/home/carla/ros2_humble/install/examples_rclpy_minimal_service:/home/carla/ros2_humble/install/examples_rclpy_minimal_publisher:/home/carla/ros2_humble/install/examples_rclpy_minimal_client:/home/carla/ros2_humble/install/examples_rclpy_minimal_action_server:/home/carla/ros2_humble/install/examples_rclpy_minimal_action_client:/home/carla/ros2_humble/install/examples_rclpy_guard_conditions:/home/carla/ros2_humble/install/examples_rclpy_executors:/home/carla/ros2_humble/install/demo_nodes_py:/home/carla/ros2_humble/install/action_tutorials_py:/home/carla/ros2_humble/install/ament_lint_common:/home/carla/ros2_humble/install/ament_uncrustify:/home/carla/ros2_humble/install/tracetools_trace:/home/carla/ros2_humble/install/tracetools_read:/home/carla/ros2_humble/install/tracetools:/home/carla/ros2_humble/install/test_tracetools_launch:/home/carla/ros2_humble/install/test_launch_ros:/home/carla/ros2_humble/install/sensor_msgs_py:/home/carla/ros2_humble/install/rpyutils:/home/carla/ros2_humble/install/rosidl_runtime_py:/home/carla/ros2_humble/install/rosidl_cli:/home/carla/ros2_humble/install/launch_pytest:/home/carla/ros2_humble/install/launch_testing:/home/carla/ros2_humble/install/launch_yaml:/home/carla/ros2_humble/install/launch_xml:/home/carla/ros2_humble/install/launch:/home/carla/ros2_humble/install/osrf_pycommon:/home/carla/ros2_humble/install/launch_testing_examples:/home/carla/ros2_humble/install/domain_coordinator:/home/carla/ros2_humble/install/ament_xmllint:/home/carla/ros2_humble/install/ament_pyflakes:/home/carla/ros2_humble/install/ament_pycodestyle:/home/carla/ros2_humble/install/ament_pep257:/home/carla/ros2_humble/install/ament_pclint:/home/carla/ros2_humble/install/ament_package:/home/carla/ros2_humble/install/ament_mypy:/home/carla/ros2_humble/install/ament_lint_cmake:/home/carla/ros2_humble/install/ament_flake8:/home/carla/ros2_humble/install/ament_copyright:/home/carla/ros2_humble/install/ament_lint:/home/carla/ros2_humble/install/ament_index_python:/home/carla/ros2_humble/install/ament_cpplint:/home/carla/ros2_humble/install/ament_cppcheck:/home/carla/ros2_humble/install/ament_clang_tidy:/home/carla/ros2_humble/install/ament_clang_format /usr/bin/cmake --install /home/carla/Github/C-V2X-Autoware-Carla/build/v2x_msg
[16.160s] Level 1:colcon.colcon_core.environment:create_environment_scripts_only(v2x_msg)
[16.163s] Level 1:colcon.colcon_core.environment:checking '/home/carla/Github/C-V2X-Autoware-Carla/install/v2x_msg' for CMake module files
[16.164s] Level 1:colcon.colcon_core.environment:checking '/home/carla/Github/C-V2X-Autoware-Carla/install/v2x_msg' for CMake config files
[16.164s] Level 1:colcon.colcon_core.shell:create_environment_hook('v2x_msg', 'cmake_prefix_path')
[16.166s] INFO:colcon.colcon_core.shell:Creating environment hook '/home/carla/Github/C-V2X-Autoware-Carla/install/v2x_msg/share/v2x_msg/hook/cmake_prefix_path.ps1'
[16.167s] INFO:colcon.colcon_core.shell:Creating environment descriptor '/home/carla/Github/C-V2X-Autoware-Carla/install/v2x_msg/share/v2x_msg/hook/cmake_prefix_path.dsv'
[16.167s] INFO:colcon.colcon_core.shell:Creating environment hook '/home/carla/Github/C-V2X-Autoware-Carla/install/v2x_msg/share/v2x_msg/hook/cmake_prefix_path.sh'
[16.167s] Level 1:colcon.colcon_core.environment:checking '/home/carla/Github/C-V2X-Autoware-Carla/install/v2x_msg/lib'
[16.167s] Level 1:colcon.colcon_core.shell:create_environment_hook('v2x_msg', 'ld_library_path_lib')
[16.169s] INFO:colcon.colcon_core.shell:Creating environment hook '/home/carla/Github/C-V2X-Autoware-Carla/install/v2x_msg/share/v2x_msg/hook/ld_library_path_lib.ps1'
[16.169s] INFO:colcon.colcon_core.shell:Creating environment descriptor '/home/carla/Github/C-V2X-Autoware-Carla/install/v2x_msg/share/v2x_msg/hook/ld_library_path_lib.dsv'
[16.170s] INFO:colcon.colcon_core.shell:Creating environment hook '/home/carla/Github/C-V2X-Autoware-Carla/install/v2x_msg/share/v2x_msg/hook/ld_library_path_lib.sh'
[16.170s] Level 1:colcon.colcon_core.environment:checking '/home/carla/Github/C-V2X-Autoware-Carla/install/v2x_msg/bin'
[16.170s] Level 1:colcon.colcon_core.environment:checking '/home/carla/Github/C-V2X-Autoware-Carla/install/v2x_msg/lib/pkgconfig/v2x_msg.pc'
[16.170s] Level 1:colcon.colcon_core.environment:checking '/home/carla/Github/C-V2X-Autoware-Carla/install/v2x_msg/lib/python3.8/site-packages'
[16.170s] Level 1:colcon.colcon_core.shell:create_environment_hook('v2x_msg', 'pythonpath')
[16.172s] INFO:colcon.colcon_core.shell:Creating environment hook '/home/carla/Github/C-V2X-Autoware-Carla/install/v2x_msg/share/v2x_msg/hook/pythonpath.ps1'
[16.172s] INFO:colcon.colcon_core.shell:Creating environment descriptor '/home/carla/Github/C-V2X-Autoware-Carla/install/v2x_msg/share/v2x_msg/hook/pythonpath.dsv'
[16.172s] INFO:colcon.colcon_core.shell:Creating environment hook '/home/carla/Github/C-V2X-Autoware-Carla/install/v2x_msg/share/v2x_msg/hook/pythonpath.sh'
[16.177s] Level 1:colcon.colcon_core.environment:checking '/home/carla/Github/C-V2X-Autoware-Carla/install/v2x_msg/bin'
[16.181s] INFO:colcon.colcon_core.shell:Creating package script '/home/carla/Github/C-V2X-Autoware-Carla/install/v2x_msg/share/v2x_msg/package.ps1'
[16.182s] INFO:colcon.colcon_core.shell:Creating package descriptor '/home/carla/Github/C-V2X-Autoware-Carla/install/v2x_msg/share/v2x_msg/package.dsv'
[16.182s] INFO:colcon.colcon_core.shell:Creating package script '/home/carla/Github/C-V2X-Autoware-Carla/install/v2x_msg/share/v2x_msg/package.sh'
[16.182s] INFO:colcon.colcon_core.shell:Creating package script '/home/carla/Github/C-V2X-Autoware-Carla/install/v2x_msg/share/v2x_msg/package.bash'
[16.183s] INFO:colcon.colcon_core.shell:Creating package script '/home/carla/Github/C-V2X-Autoware-Carla/install/v2x_msg/share/v2x_msg/package.zsh'
[16.183s] Level 1:colcon.colcon_core.environment:create_file_with_runtime_dependencies(/home/carla/Github/C-V2X-Autoware-Carla/install/v2x_msg/share/colcon-core/packages/v2x_msg)
[16.193s] DEBUG:colcon.colcon_parallel_executor.executor.parallel:closing loop
[16.193s] DEBUG:colcon.colcon_parallel_executor.executor.parallel:loop closed
[16.194s] DEBUG:colcon.colcon_parallel_executor.executor.parallel:run_until_complete finished with '1'
[16.194s] DEBUG:colcon.colcon_core.event_reactor:joining thread
[16.203s] INFO:colcon.colcon_core.plugin_system:Skipping extension 'colcon_notification.desktop_notification.terminal_notifier': Not used on non-Darwin systems
[16.203s] INFO:colcon.colcon_core.plugin_system:Skipping extension 'colcon_notification.desktop_notification.win32': Not used on non-Windows systems
[16.203s] INFO:colcon.colcon_notification.desktop_notification:Sending desktop notification using 'notify2'
[16.218s] DEBUG:colcon.colcon_core.event_reactor:joined thread
[16.222s] INFO:colcon.colcon_core.shell:Creating prefix script '/home/carla/Github/C-V2X-Autoware-Carla/install/local_setup.ps1'
[16.222s] INFO:colcon.colcon_core.shell:Creating prefix util module '/home/carla/Github/C-V2X-Autoware-Carla/install/_local_setup_util_ps1.py'
[16.223s] INFO:colcon.colcon_core.shell:Creating prefix chain script '/home/carla/Github/C-V2X-Autoware-Carla/install/setup.ps1'
[16.228s] INFO:colcon.colcon_core.shell:Creating prefix script '/home/carla/Github/C-V2X-Autoware-Carla/install/local_setup.sh'
[16.228s] INFO:colcon.colcon_core.shell:Creating prefix util module '/home/carla/Github/C-V2X-Autoware-Carla/install/_local_setup_util_sh.py'
[16.228s] INFO:colcon.colcon_core.shell:Creating prefix chain script '/home/carla/Github/C-V2X-Autoware-Carla/install/setup.sh'
[16.234s] INFO:colcon.colcon_core.shell:Creating prefix script '/home/carla/Github/C-V2X-Autoware-Carla/install/local_setup.bash'
[16.234s] INFO:colcon.colcon_core.shell:Creating prefix chain script '/home/carla/Github/C-V2X-Autoware-Carla/install/setup.bash'
[16.239s] INFO:colcon.colcon_core.shell:Creating prefix script '/home/carla/Github/C-V2X-Autoware-Carla/install/local_setup.zsh'
[16.239s] INFO:colcon.colcon_core.shell:Creating prefix chain script '/home/carla/Github/C-V2X-Autoware-Carla/install/setup.zsh'
