[0.831s] Invoking command in '/home/carla/Documents/GitHub/C-V2X-Autoware-Carla/build/vehicle': PYTHONPATH=/home/carla/Documents/GitHub/C-V2X-Autoware-Carla/install/vehicle/lib/python3.8/site-packages:${PYTHONPATH} /usr/bin/python3 setup.py develop --prefix /home/carla/Documents/GitHub/C-V2X-Autoware-Carla/install/vehicle --uninstall --editable --build-directory /home/carla/Documents/GitHub/C-V2X-Autoware-Carla/build/vehicle/build
[1.069s] /home/carla/.local/lib/python3.8/site-packages/setuptools/command/easy_install.py:144: EasyInstallDeprecationWarning: easy_install command is deprecated. Use build and pip and other standards-based tools.
[1.069s]   warnings.warn(
[1.070s] running develop
[1.092s] /home/carla/.local/lib/python3.8/site-packages/setuptools/command/install.py:34: SetuptoolsDeprecationWarning: setup.py install is deprecated. Use build and pip and other standards-based tools.
[1.092s]   warnings.warn(
[1.142s] /home/carla/.local/lib/python3.8/site-packages/pkg_resources/__init__.py:123: PkgResourcesDeprecationWarning: 0.1.36ubuntu1 is an invalid version and will not be supported in a future release
[1.142s]   warnings.warn(
[1.142s] /home/carla/.local/lib/python3.8/site-packages/pkg_resources/__init__.py:123: PkgResourcesDeprecationWarning: 0.23ubuntu1 is an invalid version and will not be supported in a future release
[1.142s]   warnings.warn(
[1.228s] Invoked command in '/home/carla/Documents/GitHub/C-V2X-Autoware-Carla/build/vehicle' returned '0': PYTHONPATH=/home/carla/Documents/GitHub/C-V2X-Autoware-Carla/install/vehicle/lib/python3.8/site-packages:${PYTHONPATH} /usr/bin/python3 setup.py develop --prefix /home/carla/Documents/GitHub/C-V2X-Autoware-Carla/install/vehicle --uninstall --editable --build-directory /home/carla/Documents/GitHub/C-V2X-Autoware-Carla/build/vehicle/build
[1.230s] Invoking command in '/home/carla/Documents/GitHub/C-V2X-Autoware-Carla/src/vehicle': PYTHONPATH=/home/carla/Documents/GitHub/C-V2X-Autoware-Carla/install/vehicle/lib/python3.8/site-packages:${PYTHONPATH} /usr/bin/python3 setup.py egg_info --egg-base ../../build/vehicle build --build-base /home/carla/Documents/GitHub/C-V2X-Autoware-Carla/build/vehicle/build install --prefix /home/carla/Documents/GitHub/C-V2X-Autoware-Carla/install/vehicle --record /home/carla/Documents/GitHub/C-V2X-Autoware-Carla/build/vehicle/install.log --single-version-externally-managed
[1.435s] running egg_info
[1.442s] writing ../../build/vehicle/vehicle.egg-info/PKG-INFO
[1.442s] writing dependency_links to ../../build/vehicle/vehicle.egg-info/dependency_links.txt
[1.442s] writing entry points to ../../build/vehicle/vehicle.egg-info/entry_points.txt
[1.442s] writing requirements to ../../build/vehicle/vehicle.egg-info/requires.txt
[1.442s] writing top-level names to ../../build/vehicle/vehicle.egg-info/top_level.txt
[1.456s] reading manifest file '../../build/vehicle/vehicle.egg-info/SOURCES.txt'
[1.457s] writing manifest file '../../build/vehicle/vehicle.egg-info/SOURCES.txt'
[1.457s] running build
[1.457s] running build_py
[1.457s] running install
[1.457s] /home/carla/.local/lib/python3.8/site-packages/setuptools/command/install.py:34: SetuptoolsDeprecationWarning: setup.py install is deprecated. Use build and pip and other standards-based tools.
[1.457s]   warnings.warn(
[1.460s] running install_lib
[1.475s] running install_data
[1.481s] running install_egg_info
[1.489s] removing '/home/carla/Documents/GitHub/C-V2X-Autoware-Carla/install/vehicle/lib/python3.8/site-packages/vehicle-0.0.0-py3.8.egg-info' (and everything under it)
[1.489s] Copying ../../build/vehicle/vehicle.egg-info to /home/carla/Documents/GitHub/C-V2X-Autoware-Carla/install/vehicle/lib/python3.8/site-packages/vehicle-0.0.0-py3.8.egg-info
[1.489s] running install_scripts
[1.518s] Installing default_vehicle script to /home/carla/Documents/GitHub/C-V2X-Autoware-Carla/install/vehicle/lib/vehicle
[1.518s] writing list of installed files to '/home/carla/Documents/GitHub/C-V2X-Autoware-Carla/build/vehicle/install.log'
[1.549s] Invoked command in '/home/carla/Documents/GitHub/C-V2X-Autoware-Carla/src/vehicle' returned '0': PYTHONPATH=/home/carla/Documents/GitHub/C-V2X-Autoware-Carla/install/vehicle/lib/python3.8/site-packages:${PYTHONPATH} /usr/bin/python3 setup.py egg_info --egg-base ../../build/vehicle build --build-base /home/carla/Documents/GitHub/C-V2X-Autoware-Carla/build/vehicle/build install --prefix /home/carla/Documents/GitHub/C-V2X-Autoware-Carla/install/vehicle --record /home/carla/Documents/GitHub/C-V2X-Autoware-Carla/build/vehicle/install.log --single-version-externally-managed
