[1.604s] Invoking command in '/home/carla/Github/C-V2X-Autoware-Carla/src/vehicle': PYTHONPATH=/home/carla/Github/C-V2X-Autoware-Carla/build/vehicle/prefix_override:/home/carla/Github/C-V2X-Autoware-Carla/install/vehicle/lib/python3.8/site-packages:${PYTHONPATH} /usr/bin/python3 setup.py egg_info --egg-base ../../build/vehicle build --build-base /home/carla/Github/C-V2X-Autoware-Carla/build/vehicle/build install --record /home/carla/Github/C-V2X-Autoware-Carla/build/vehicle/install.log --single-version-externally-managed
[2.196s] running egg_info
[2.216s] writing ../../build/vehicle/vehicle.egg-info/PKG-INFO
[2.217s] writing dependency_links to ../../build/vehicle/vehicle.egg-info/dependency_links.txt
[2.217s] writing entry points to ../../build/vehicle/vehicle.egg-info/entry_points.txt
[2.217s] writing requirements to ../../build/vehicle/vehicle.egg-info/requires.txt
[2.217s] writing top-level names to ../../build/vehicle/vehicle.egg-info/top_level.txt
[2.256s] reading manifest file '../../build/vehicle/vehicle.egg-info/SOURCES.txt'
[2.257s] writing manifest file '../../build/vehicle/vehicle.egg-info/SOURCES.txt'
[2.257s] running build
[2.257s] running build_py
[2.257s] copying vehicle/host_vehicle.py -> /home/carla/Github/C-V2X-Autoware-Carla/build/vehicle/build/lib/vehicle
[2.257s] copying vehicle/remote_vehicle.py -> /home/carla/Github/C-V2X-Autoware-Carla/build/vehicle/build/lib/vehicle
[2.257s] copying vehicle/start_multiple.py -> /home/carla/Github/C-V2X-Autoware-Carla/build/vehicle/build/lib/vehicle
[2.257s] copying vehicle/__init__.py -> /home/carla/Github/C-V2X-Autoware-Carla/build/vehicle/build/lib/vehicle
[2.257s] copying vehicle/ren_vehicle.py -> /home/carla/Github/C-V2X-Autoware-Carla/build/vehicle/build/lib/vehicle
[2.257s] running install
[2.257s] /home/carla/.local/lib/python3.8/site-packages/setuptools/_distutils/cmd.py:66: SetuptoolsDeprecationWarning: setup.py install is deprecated.
[2.258s] !!
[2.258s] 
[2.258s]         ********************************************************************************
[2.258s]         Please avoid running ``setup.py`` directly.
[2.258s]         Instead, use pypa/build, pypa/installer or other
[2.258s]         standards-based tools.
[2.258s] 
[2.258s]         See https://blog.ganssle.io/articles/2021/10/setup-py-deprecated.html for details.
[2.258s]         ********************************************************************************
[2.258s] 
[2.258s] !!
[2.258s]   self.initialize_options()
[2.263s] running install_lib
[2.283s] copying /home/carla/Github/C-V2X-Autoware-Carla/build/vehicle/build/lib/vehicle/host_vehicle.py -> /home/carla/Github/C-V2X-Autoware-Carla/install/vehicle/lib/python3.8/site-packages/vehicle
[2.284s] byte-compiling /home/carla/Github/C-V2X-Autoware-Carla/install/vehicle/lib/python3.8/site-packages/vehicle/host_vehicle.py to host_vehicle.cpython-38.pyc
[2.288s] running install_data
[2.308s] copying resource/vehicle -> /home/carla/Github/C-V2X-Autoware-Carla/install/vehicle/share/ament_index/resource_index/packages
[2.308s] copying package.xml -> /home/carla/Github/C-V2X-Autoware-Carla/install/vehicle/share/vehicle
[2.308s] running install_egg_info
[2.331s] removing '/home/carla/Github/C-V2X-Autoware-Carla/install/vehicle/lib/python3.8/site-packages/vehicle-0.0.0-py3.8.egg-info' (and everything under it)
[2.332s] Copying ../../build/vehicle/vehicle.egg-info to /home/carla/Github/C-V2X-Autoware-Carla/install/vehicle/lib/python3.8/site-packages/vehicle-0.0.0-py3.8.egg-info
[2.332s] running install_scripts
[2.497s] Installing host_vehicle script to /home/carla/Github/C-V2X-Autoware-Carla/install/vehicle/lib/vehicle
[2.497s] Installing remote_vehicle script to /home/carla/Github/C-V2X-Autoware-Carla/install/vehicle/lib/vehicle
[2.497s] Installing ren_vehicle script to /home/carla/Github/C-V2X-Autoware-Carla/install/vehicle/lib/vehicle
[2.498s] writing list of installed files to '/home/carla/Github/C-V2X-Autoware-Carla/build/vehicle/install.log'
[2.515s] Invoked command in '/home/carla/Github/C-V2X-Autoware-Carla/src/vehicle' returned '0': PYTHONPATH=/home/carla/Github/C-V2X-Autoware-Carla/build/vehicle/prefix_override:/home/carla/Github/C-V2X-Autoware-Carla/install/vehicle/lib/python3.8/site-packages:${PYTHONPATH} /usr/bin/python3 setup.py egg_info --egg-base ../../build/vehicle build --build-base /home/carla/Github/C-V2X-Autoware-Carla/build/vehicle/build install --record /home/carla/Github/C-V2X-Autoware-Carla/build/vehicle/install.log --single-version-externally-managed
