[0.089s] Invoking command in '/home/carla/Github/C-V2X-Autoware-Carla/build/autoware_auto_system_msgs': CMAKE_PREFIX_PATH=${CMAKE_PREFIX_PATH}:/home/carla/Github/C-V2X-Autoware-Carla/install/vehicle:/home/carla/Github/C-V2X-Autoware-Carla/install/infrastructure:/home/carla/ros2_humble/install/rqt_bag_plugins:/home/carla/ros2_humble/install/rqt_bag:/home/carla/ros2_humble/install/ros2bag:/home/carla/ros2_humble/install/tracetools_test:/home/carla/ros2_humble/install/tracetools_launch:/home/carla/ros2_humble/install/topic_monitor:/home/carla/ros2_humble/install/tf2_tools:/home/carla/ros2_humble/install/examples_tf2_py:/home/carla/ros2_humble/install/tf2_ros_py:/home/carla/ros2_humble/install/sros2:/home/carla/ros2_humble/install/rqt_topic:/home/carla/ros2_humble/install/rqt_srv:/home/carla/ros2_humble/install/rqt_shell:/home/carla/ros2_humble/install/rqt_service_caller:/home/carla/ros2_humble/install/rqt_reconfigure:/home/carla/ros2_humble/install/rqt_py_console:/home/carla/ros2_humble/install/rqt_publisher:/home/carla/ros2_humble/install/rqt_plot:/home/carla/ros2_humble/install/rqt_action:/home/carla/ros2_humble/install/rqt_msg:/home/carla/ros2_humble/install/rqt_console:/home/carla/ros2_humble/install/rqt:/home/carla/ros2_humble/install/rqt_graph:/home/carla/ros2_humble/install/rqt_gui_py:/home/carla/ros2_humble/install/rqt_gui:/home/carla/ros2_humble/install/ros2trace:/home/carla/ros2_humble/install/ros2topic:/home/carla/ros2_humble/install/ros2test:/home/carla/ros2_humble/install/ros2component:/home/carla/ros2_humble/install/ros2param:/home/carla/ros2_humble/install/ros2lifecycle:/home/carla/ros2_humble/install/ros2service:/home/carla/ros2_humble/install/ros2run:/home/carla/ros2_humble/install/ros2launch:/home/carla/ros2_humble/install/ros2pkg:/home/carla/ros2_humble/install/ros2node:/home/carla/ros2_humble/install/ros2multicast:/home/carla/ros2_humble/install/ros2interface:/home/carla/ros2_humble/install/ros2doctor:/home/carla/ros2_humble/install/ros2action:/home/carla/ros2_humble/install/ros2cli:/home/carla/ros2_humble/install/quality_of_service_demo_py:/home/carla/ros2_humble/install/lifecycle_py:/home/carla/ros2_humble/install/launch_testing_ros:/home/carla/ros2_humble/install/launch_ros:/home/carla/ros2_humble/install/examples_rclpy_pointcloud_publisher:/home/carla/ros2_humble/install/examples_rclpy_minimal_subscriber:/home/carla/ros2_humble/install/examples_rclpy_minimal_service:/home/carla/ros2_humble/install/examples_rclpy_minimal_publisher:/home/carla/ros2_humble/install/examples_rclpy_minimal_client:/home/carla/ros2_humble/install/examples_rclpy_minimal_action_server:/home/carla/ros2_humble/install/examples_rclpy_minimal_action_client:/home/carla/ros2_humble/install/examples_rclpy_guard_conditions:/home/carla/ros2_humble/install/examples_rclpy_executors:/home/carla/ros2_humble/install/demo_nodes_py:/home/carla/ros2_humble/install/action_tutorials_py:/home/carla/ros2_humble/install/ament_uncrustify:/home/carla/ros2_humble/install/tracetools_trace:/home/carla/ros2_humble/install/tracetools_read:/home/carla/ros2_humble/install/test_tracetools_launch:/home/carla/ros2_humble/install/test_launch_ros:/home/carla/ros2_humble/install/sensor_msgs_py:/home/carla/ros2_humble/install/rpyutils:/home/carla/ros2_humble/install/rosidl_runtime_py:/home/carla/ros2_humble/install/rosidl_cli:/home/carla/ros2_humble/install/launch_pytest:/home/carla/ros2_humble/install/launch_testing:/home/carla/ros2_humble/install/launch_yaml:/home/carla/ros2_humble/install/launch_xml:/home/carla/ros2_humble/install/launch:/home/carla/ros2_humble/install/osrf_pycommon:/home/carla/ros2_humble/install/launch_testing_examples:/home/carla/ros2_humble/install/domain_coordinator:/home/carla/ros2_humble/install/ament_xmllint:/home/carla/ros2_humble/install/ament_pyflakes:/home/carla/ros2_humble/install/ament_pycodestyle:/home/carla/ros2_humble/install/ament_pep257:/home/carla/ros2_humble/install/ament_pclint:/home/carla/ros2_humble/install/ament_package:/home/carla/ros2_humble/install/ament_mypy:/home/carla/ros2_humble/install/ament_lint_cmake:/home/carla/ros2_humble/install/ament_flake8:/home/carla/ros2_humble/install/ament_copyright:/home/carla/ros2_humble/install/ament_lint:/home/carla/ros2_humble/install/ament_index_python:/home/carla/ros2_humble/install/ament_cpplint:/home/carla/ros2_humble/install/ament_cppcheck:/home/carla/ros2_humble/install/ament_clang_tidy:/home/carla/ros2_humble/install/ament_clang_format /usr/bin/cmake /home/carla/Github/C-V2X-Autoware-Carla/src/autoware_auto_system_msgs -DCMAKE_INSTALL_PREFIX=/home/carla/Github/C-V2X-Autoware-Carla/install/autoware_auto_system_msgs
[0.575s] -- The C compiler identification is GNU 9.4.0
[0.575s] -- The CXX compiler identification is GNU 9.4.0
[0.575s] -- Check for working C compiler: /usr/bin/cc
[0.575s] -- Check for working C compiler: /usr/bin/cc -- works
[0.575s] -- Detecting C compiler ABI info
[0.575s] -- Detecting C compiler ABI info - done
[0.575s] -- Detecting C compile features
[0.575s] -- Detecting C compile features - done
[0.575s] -- Check for working CXX compiler: /usr/bin/c++
[0.575s] -- Check for working CXX compiler: /usr/bin/c++ -- works
[0.575s] -- Detecting CXX compiler ABI info
[0.616s] -- Detecting CXX compiler ABI info - done
[0.623s] -- Detecting CXX compile features
[0.623s] -- Detecting CXX compile features - done
[0.635s] -- Found ament_cmake_auto: 1.3.3 (/home/carla/ros2_humble/install/ament_cmake_auto/share/ament_cmake_auto/cmake)
[2.345s] -- Found Python3: /usr/bin/python3.8 (found version "3.8.10") found components: Interpreter 
[3.191s] -- Using all available rosidl_typesupport_c: rosidl_typesupport_introspection_c;rosidl_typesupport_fastrtps_c
[3.212s] -- Found rosidl_adapter: 3.1.4 (/home/carla/ros2_humble/install/rosidl_adapter/share/rosidl_adapter/cmake)
[3.318s] -- Using all available rosidl_typesupport_cpp: rosidl_typesupport_introspection_cpp;rosidl_typesupport_fastrtps_cpp
[4.551s] -- Found ament_cmake_cppcheck: 0.12.5 (/home/carla/ros2_humble/install/ament_cmake_cppcheck/share/ament_cmake_cppcheck/cmake)
[4.562s] -- Found ament_cmake_cpplint: 0.12.5 (/home/carla/ros2_humble/install/ament_cmake_cpplint/share/ament_cmake_cpplint/cmake)
[4.568s] -- Found ament_cmake_uncrustify: 0.12.5 (/home/carla/ros2_humble/install/ament_cmake_uncrustify/share/ament_cmake_uncrustify/cmake)
[5.599s] -- Found ament_cmake_ros: 0.10.0 (/home/carla/ros2_humble/install/ament_cmake_ros/share/ament_cmake_ros/cmake)
[7.675s] -- Using all available rosidl_typesupport_c: rosidl_typesupport_introspection_c;rosidl_typesupport_fastrtps_c
[11.752s] -- Using all available rosidl_typesupport_cpp: rosidl_typesupport_introspection_cpp;rosidl_typesupport_fastrtps_cpp
[12.007s] -- Found PythonInterp: /usr/bin/python3 (found suitable version "3.8.10", minimum required is "3.6") 
[12.015s] -- Found python_cmake_module: 0.10.0 (/home/carla/ros2_humble/install/python_cmake_module/share/python_cmake_module/cmake)
[12.273s] -- Found PythonLibs: /usr/lib/x86_64-linux-gnu/libpython3.8.so (found suitable version "3.8.10", minimum required is "3.5") 
[12.273s] -- Using PYTHON_EXECUTABLE: /usr/bin/python3
[12.273s] -- Using PYTHON_INCLUDE_DIRS: /usr/include/python3.8
[12.273s] -- Using PYTHON_LIBRARIES: /usr/lib/x86_64-linux-gnu/libpython3.8.so
[12.519s] -- Found PythonExtra: .so  
[13.067s] -- Found ament_cmake_flake8: 0.12.5 (/home/carla/ros2_humble/install/ament_cmake_flake8/share/ament_cmake_flake8/cmake)
[13.077s] -- Found ament_cmake_pep257: 0.12.5 (/home/carla/ros2_humble/install/ament_cmake_pep257/share/ament_cmake_pep257/cmake)
[13.088s] -- Found ament_lint_auto: 0.12.5 (/home/carla/ros2_humble/install/ament_lint_auto/share/ament_lint_auto/cmake)
[13.122s] -- Added test 'copyright' to check source files copyright and LICENSE
[13.124s] -- Added test 'lint_cmake' to check CMake code style
[13.127s] -- Added test 'xmllint' to check XML markup files
[13.134s] -- Configuring done
[13.168s] -- Generating done
[13.170s] -- Build files have been written to: /home/carla/Github/C-V2X-Autoware-Carla/build/autoware_auto_system_msgs
[13.177s] Invoked command in '/home/carla/Github/C-V2X-Autoware-Carla/build/autoware_auto_system_msgs' returned '0': CMAKE_PREFIX_PATH=${CMAKE_PREFIX_PATH}:/home/carla/Github/C-V2X-Autoware-Carla/install/vehicle:/home/carla/Github/C-V2X-Autoware-Carla/install/infrastructure:/home/carla/ros2_humble/install/rqt_bag_plugins:/home/carla/ros2_humble/install/rqt_bag:/home/carla/ros2_humble/install/ros2bag:/home/carla/ros2_humble/install/tracetools_test:/home/carla/ros2_humble/install/tracetools_launch:/home/carla/ros2_humble/install/topic_monitor:/home/carla/ros2_humble/install/tf2_tools:/home/carla/ros2_humble/install/examples_tf2_py:/home/carla/ros2_humble/install/tf2_ros_py:/home/carla/ros2_humble/install/sros2:/home/carla/ros2_humble/install/rqt_topic:/home/carla/ros2_humble/install/rqt_srv:/home/carla/ros2_humble/install/rqt_shell:/home/carla/ros2_humble/install/rqt_service_caller:/home/carla/ros2_humble/install/rqt_reconfigure:/home/carla/ros2_humble/install/rqt_py_console:/home/carla/ros2_humble/install/rqt_publisher:/home/carla/ros2_humble/install/rqt_plot:/home/carla/ros2_humble/install/rqt_action:/home/carla/ros2_humble/install/rqt_msg:/home/carla/ros2_humble/install/rqt_console:/home/carla/ros2_humble/install/rqt:/home/carla/ros2_humble/install/rqt_graph:/home/carla/ros2_humble/install/rqt_gui_py:/home/carla/ros2_humble/install/rqt_gui:/home/carla/ros2_humble/install/ros2trace:/home/carla/ros2_humble/install/ros2topic:/home/carla/ros2_humble/install/ros2test:/home/carla/ros2_humble/install/ros2component:/home/carla/ros2_humble/install/ros2param:/home/carla/ros2_humble/install/ros2lifecycle:/home/carla/ros2_humble/install/ros2service:/home/carla/ros2_humble/install/ros2run:/home/carla/ros2_humble/install/ros2launch:/home/carla/ros2_humble/install/ros2pkg:/home/carla/ros2_humble/install/ros2node:/home/carla/ros2_humble/install/ros2multicast:/home/carla/ros2_humble/install/ros2interface:/home/carla/ros2_humble/install/ros2doctor:/home/carla/ros2_humble/install/ros2action:/home/carla/ros2_humble/install/ros2cli:/home/carla/ros2_humble/install/quality_of_service_demo_py:/home/carla/ros2_humble/install/lifecycle_py:/home/carla/ros2_humble/install/launch_testing_ros:/home/carla/ros2_humble/install/launch_ros:/home/carla/ros2_humble/install/examples_rclpy_pointcloud_publisher:/home/carla/ros2_humble/install/examples_rclpy_minimal_subscriber:/home/carla/ros2_humble/install/examples_rclpy_minimal_service:/home/carla/ros2_humble/install/examples_rclpy_minimal_publisher:/home/carla/ros2_humble/install/examples_rclpy_minimal_client:/home/carla/ros2_humble/install/examples_rclpy_minimal_action_server:/home/carla/ros2_humble/install/examples_rclpy_minimal_action_client:/home/carla/ros2_humble/install/examples_rclpy_guard_conditions:/home/carla/ros2_humble/install/examples_rclpy_executors:/home/carla/ros2_humble/install/demo_nodes_py:/home/carla/ros2_humble/install/action_tutorials_py:/home/carla/ros2_humble/install/ament_uncrustify:/home/carla/ros2_humble/install/tracetools_trace:/home/carla/ros2_humble/install/tracetools_read:/home/carla/ros2_humble/install/test_tracetools_launch:/home/carla/ros2_humble/install/test_launch_ros:/home/carla/ros2_humble/install/sensor_msgs_py:/home/carla/ros2_humble/install/rpyutils:/home/carla/ros2_humble/install/rosidl_runtime_py:/home/carla/ros2_humble/install/rosidl_cli:/home/carla/ros2_humble/install/launch_pytest:/home/carla/ros2_humble/install/launch_testing:/home/carla/ros2_humble/install/launch_yaml:/home/carla/ros2_humble/install/launch_xml:/home/carla/ros2_humble/install/launch:/home/carla/ros2_humble/install/osrf_pycommon:/home/carla/ros2_humble/install/launch_testing_examples:/home/carla/ros2_humble/install/domain_coordinator:/home/carla/ros2_humble/install/ament_xmllint:/home/carla/ros2_humble/install/ament_pyflakes:/home/carla/ros2_humble/install/ament_pycodestyle:/home/carla/ros2_humble/install/ament_pep257:/home/carla/ros2_humble/install/ament_pclint:/home/carla/ros2_humble/install/ament_package:/home/carla/ros2_humble/install/ament_mypy:/home/carla/ros2_humble/install/ament_lint_cmake:/home/carla/ros2_humble/install/ament_flake8:/home/carla/ros2_humble/install/ament_copyright:/home/carla/ros2_humble/install/ament_lint:/home/carla/ros2_humble/install/ament_index_python:/home/carla/ros2_humble/install/ament_cpplint:/home/carla/ros2_humble/install/ament_cppcheck:/home/carla/ros2_humble/install/ament_clang_tidy:/home/carla/ros2_humble/install/ament_clang_format /usr/bin/cmake /home/carla/Github/C-V2X-Autoware-Carla/src/autoware_auto_system_msgs -DCMAKE_INSTALL_PREFIX=/home/carla/Github/C-V2X-Autoware-Carla/install/autoware_auto_system_msgs
[13.179s] Invoking command in '/home/carla/Github/C-V2X-Autoware-Carla/build/autoware_auto_system_msgs': CMAKE_PREFIX_PATH=${CMAKE_PREFIX_PATH}:/home/carla/Github/C-V2X-Autoware-Carla/install/vehicle:/home/carla/Github/C-V2X-Autoware-Carla/install/infrastructure:/home/carla/ros2_humble/install/rqt_bag_plugins:/home/carla/ros2_humble/install/rqt_bag:/home/carla/ros2_humble/install/ros2bag:/home/carla/ros2_humble/install/tracetools_test:/home/carla/ros2_humble/install/tracetools_launch:/home/carla/ros2_humble/install/topic_monitor:/home/carla/ros2_humble/install/tf2_tools:/home/carla/ros2_humble/install/examples_tf2_py:/home/carla/ros2_humble/install/tf2_ros_py:/home/carla/ros2_humble/install/sros2:/home/carla/ros2_humble/install/rqt_topic:/home/carla/ros2_humble/install/rqt_srv:/home/carla/ros2_humble/install/rqt_shell:/home/carla/ros2_humble/install/rqt_service_caller:/home/carla/ros2_humble/install/rqt_reconfigure:/home/carla/ros2_humble/install/rqt_py_console:/home/carla/ros2_humble/install/rqt_publisher:/home/carla/ros2_humble/install/rqt_plot:/home/carla/ros2_humble/install/rqt_action:/home/carla/ros2_humble/install/rqt_msg:/home/carla/ros2_humble/install/rqt_console:/home/carla/ros2_humble/install/rqt:/home/carla/ros2_humble/install/rqt_graph:/home/carla/ros2_humble/install/rqt_gui_py:/home/carla/ros2_humble/install/rqt_gui:/home/carla/ros2_humble/install/ros2trace:/home/carla/ros2_humble/install/ros2topic:/home/carla/ros2_humble/install/ros2test:/home/carla/ros2_humble/install/ros2component:/home/carla/ros2_humble/install/ros2param:/home/carla/ros2_humble/install/ros2lifecycle:/home/carla/ros2_humble/install/ros2service:/home/carla/ros2_humble/install/ros2run:/home/carla/ros2_humble/install/ros2launch:/home/carla/ros2_humble/install/ros2pkg:/home/carla/ros2_humble/install/ros2node:/home/carla/ros2_humble/install/ros2multicast:/home/carla/ros2_humble/install/ros2interface:/home/carla/ros2_humble/install/ros2doctor:/home/carla/ros2_humble/install/ros2action:/home/carla/ros2_humble/install/ros2cli:/home/carla/ros2_humble/install/quality_of_service_demo_py:/home/carla/ros2_humble/install/lifecycle_py:/home/carla/ros2_humble/install/launch_testing_ros:/home/carla/ros2_humble/install/launch_ros:/home/carla/ros2_humble/install/examples_rclpy_pointcloud_publisher:/home/carla/ros2_humble/install/examples_rclpy_minimal_subscriber:/home/carla/ros2_humble/install/examples_rclpy_minimal_service:/home/carla/ros2_humble/install/examples_rclpy_minimal_publisher:/home/carla/ros2_humble/install/examples_rclpy_minimal_client:/home/carla/ros2_humble/install/examples_rclpy_minimal_action_server:/home/carla/ros2_humble/install/examples_rclpy_minimal_action_client:/home/carla/ros2_humble/install/examples_rclpy_guard_conditions:/home/carla/ros2_humble/install/examples_rclpy_executors:/home/carla/ros2_humble/install/demo_nodes_py:/home/carla/ros2_humble/install/action_tutorials_py:/home/carla/ros2_humble/install/ament_uncrustify:/home/carla/ros2_humble/install/tracetools_trace:/home/carla/ros2_humble/install/tracetools_read:/home/carla/ros2_humble/install/test_tracetools_launch:/home/carla/ros2_humble/install/test_launch_ros:/home/carla/ros2_humble/install/sensor_msgs_py:/home/carla/ros2_humble/install/rpyutils:/home/carla/ros2_humble/install/rosidl_runtime_py:/home/carla/ros2_humble/install/rosidl_cli:/home/carla/ros2_humble/install/launch_pytest:/home/carla/ros2_humble/install/launch_testing:/home/carla/ros2_humble/install/launch_yaml:/home/carla/ros2_humble/install/launch_xml:/home/carla/ros2_humble/install/launch:/home/carla/ros2_humble/install/osrf_pycommon:/home/carla/ros2_humble/install/launch_testing_examples:/home/carla/ros2_humble/install/domain_coordinator:/home/carla/ros2_humble/install/ament_xmllint:/home/carla/ros2_humble/install/ament_pyflakes:/home/carla/ros2_humble/install/ament_pycodestyle:/home/carla/ros2_humble/install/ament_pep257:/home/carla/ros2_humble/install/ament_pclint:/home/carla/ros2_humble/install/ament_package:/home/carla/ros2_humble/install/ament_mypy:/home/carla/ros2_humble/install/ament_lint_cmake:/home/carla/ros2_humble/install/ament_flake8:/home/carla/ros2_humble/install/ament_copyright:/home/carla/ros2_humble/install/ament_lint:/home/carla/ros2_humble/install/ament_index_python:/home/carla/ros2_humble/install/ament_cpplint:/home/carla/ros2_humble/install/ament_cppcheck:/home/carla/ros2_humble/install/ament_clang_tidy:/home/carla/ros2_humble/install/ament_clang_format /usr/bin/cmake --build /home/carla/Github/C-V2X-Autoware-Carla/build/autoware_auto_system_msgs -- -j20 -l20
[13.233s] [  1%] [34m[1mGenerating C code for ROS interfaces[0m
[13.240s] [35m[1mScanning dependencies of target ament_cmake_python_copy_autoware_auto_system_msgs[0m
[13.240s] [35m[1mScanning dependencies of target autoware_auto_system_msgs__cpp[0m
[13.258s] [  2%] [34m[1mGenerating C++ code for ROS interfaces[0m
[13.264s] [  2%] Built target ament_cmake_python_copy_autoware_auto_system_msgs
[13.279s] [35m[1mScanning dependencies of target ament_cmake_python_build_autoware_auto_system_msgs_egg[0m
[13.917s] running egg_info
[13.918s] creating autoware_auto_system_msgs.egg-info
[13.918s] writing autoware_auto_system_msgs.egg-info/PKG-INFO
[13.918s] writing dependency_links to autoware_auto_system_msgs.egg-info/dependency_links.txt
[13.919s] writing top-level names to autoware_auto_system_msgs.egg-info/top_level.txt
[13.919s] writing manifest file 'autoware_auto_system_msgs.egg-info/SOURCES.txt'
[13.961s] reading manifest file 'autoware_auto_system_msgs.egg-info/SOURCES.txt'
[13.962s] writing manifest file 'autoware_auto_system_msgs.egg-info/SOURCES.txt'
[13.999s] [  2%] Built target ament_cmake_python_build_autoware_auto_system_msgs_egg
[14.282s] [35m[1mScanning dependencies of target autoware_auto_system_msgs__rosidl_generator_c[0m
[14.315s] [  3%] [32mBuilding C object CMakeFiles/autoware_auto_system_msgs__rosidl_generator_c.dir/rosidl_generator_c/autoware_auto_system_msgs/msg/detail/autoware_state__functions.c.o[0m
[14.328s] [  5%] [32mBuilding C object CMakeFiles/autoware_auto_system_msgs__rosidl_generator_c.dir/rosidl_generator_c/autoware_auto_system_msgs/msg/detail/control_diagnostic__functions.c.o[0m
[14.331s] [  6%] [32mBuilding C object CMakeFiles/autoware_auto_system_msgs__rosidl_generator_c.dir/rosidl_generator_c/autoware_auto_system_msgs/msg/detail/diagnostic_header__functions.c.o[0m
[14.335s] [  7%] [32mBuilding C object CMakeFiles/autoware_auto_system_msgs__rosidl_generator_c.dir/rosidl_generator_c/autoware_auto_system_msgs/msg/detail/driving_capability__functions.c.o[0m
[14.345s] [  8%] [32mBuilding C object CMakeFiles/autoware_auto_system_msgs__rosidl_generator_c.dir/rosidl_generator_c/autoware_auto_system_msgs/msg/detail/hazard_status_stamped__functions.c.o[0m
[14.351s] [ 10%] [32mBuilding C object CMakeFiles/autoware_auto_system_msgs__rosidl_generator_c.dir/rosidl_generator_c/autoware_auto_system_msgs/msg/detail/hazard_status__functions.c.o[0m
[14.354s] [ 11%] [32mBuilding C object CMakeFiles/autoware_auto_system_msgs__rosidl_generator_c.dir/rosidl_generator_c/autoware_auto_system_msgs/msg/detail/emergency_state__functions.c.o[0m
[14.378s] [ 11%] Built target autoware_auto_system_msgs__cpp
[14.425s] [ 12%] [34m[1mGenerating C++ introspection for ROS interfaces[0m
[14.431s] [ 13%] [34m[1mGenerating C++ type support for eProsima Fast-RTPS[0m
[14.439s] [ 15%] [34m[1mGenerating C++ type support dispatch for ROS interfaces[0m
[14.465s] [ 16%] [32m[1mLinking C shared library libautoware_auto_system_msgs__rosidl_generator_c.so[0m
[14.567s] [ 16%] Built target autoware_auto_system_msgs__rosidl_generator_c
[14.595s] [ 17%] [34m[1mGenerating C type support for eProsima Fast-RTPS[0m
[14.608s] [ 18%] [34m[1mGenerating C type support dispatch for ROS interfaces[0m
[14.615s] [ 20%] [34m[1mGenerating C introspection for ROS interfaces[0m
[16.279s] [35m[1mScanning dependencies of target autoware_auto_system_msgs__rosidl_typesupport_fastrtps_c[0m
[16.343s] [35m[1mScanning dependencies of target autoware_auto_system_msgs__rosidl_typesupport_introspection_cpp[0m
[16.372s] [ 21%] [32mBuilding CXX object CMakeFiles/autoware_auto_system_msgs__rosidl_typesupport_fastrtps_c.dir/rosidl_typesupport_fastrtps_c/autoware_auto_system_msgs/msg/detail/control_diagnostic__type_support_c.cpp.o[0m
[16.381s] [ 22%] [32mBuilding CXX object CMakeFiles/autoware_auto_system_msgs__rosidl_typesupport_fastrtps_c.dir/rosidl_typesupport_fastrtps_c/autoware_auto_system_msgs/msg/detail/driving_capability__type_support_c.cpp.o[0m
[16.386s] [35m[1mScanning dependencies of target autoware_auto_system_msgs__rosidl_typesupport_cpp[0m
[16.393s] [ 24%] [32mBuilding CXX object CMakeFiles/autoware_auto_system_msgs__rosidl_typesupport_fastrtps_c.dir/rosidl_typesupport_fastrtps_c/autoware_auto_system_msgs/msg/detail/autoware_state__type_support_c.cpp.o[0m
[16.405s] [ 25%] [32mBuilding CXX object CMakeFiles/autoware_auto_system_msgs__rosidl_typesupport_fastrtps_c.dir/rosidl_typesupport_fastrtps_c/autoware_auto_system_msgs/msg/detail/emergency_state__type_support_c.cpp.o[0m
[16.405s] [ 26%] [32mBuilding CXX object CMakeFiles/autoware_auto_system_msgs__rosidl_typesupport_fastrtps_c.dir/rosidl_typesupport_fastrtps_c/autoware_auto_system_msgs/msg/detail/diagnostic_header__type_support_c.cpp.o[0m
[16.410s] [ 27%] [32mBuilding CXX object CMakeFiles/autoware_auto_system_msgs__rosidl_typesupport_fastrtps_c.dir/rosidl_typesupport_fastrtps_c/autoware_auto_system_msgs/msg/detail/hazard_status__type_support_c.cpp.o[0m
[16.459s] [ 29%] [32mBuilding CXX object CMakeFiles/autoware_auto_system_msgs__rosidl_typesupport_cpp.dir/rosidl_typesupport_cpp/autoware_auto_system_msgs/msg/autoware_state__type_support.cpp.o[0m
[16.464s] [ 30%] [32mBuilding CXX object CMakeFiles/autoware_auto_system_msgs__rosidl_typesupport_introspection_cpp.dir/rosidl_typesupport_introspection_cpp/autoware_auto_system_msgs/msg/detail/autoware_state__type_support.cpp.o[0m
[16.472s] [ 32%] [32mBuilding CXX object CMakeFiles/autoware_auto_system_msgs__rosidl_typesupport_cpp.dir/rosidl_typesupport_cpp/autoware_auto_system_msgs/msg/diagnostic_header__type_support.cpp.o[0m
[16.476s] [ 34%] [32mBuilding CXX object CMakeFiles/autoware_auto_system_msgs__rosidl_typesupport_introspection_cpp.dir/rosidl_typesupport_introspection_cpp/autoware_auto_system_msgs/msg/detail/diagnostic_header__type_support.cpp.o[0m
[16.479s] [ 35%] [32mBuilding CXX object CMakeFiles/autoware_auto_system_msgs__rosidl_typesupport_introspection_cpp.dir/rosidl_typesupport_introspection_cpp/autoware_auto_system_msgs/msg/detail/driving_capability__type_support.cpp.o[0m
[16.483s] [ 35%] [32mBuilding CXX object CMakeFiles/autoware_auto_system_msgs__rosidl_typesupport_cpp.dir/rosidl_typesupport_cpp/autoware_auto_system_msgs/msg/control_diagnostic__type_support.cpp.o[0m
[16.487s] [ 36%] [32mBuilding CXX object CMakeFiles/autoware_auto_system_msgs__rosidl_typesupport_introspection_cpp.dir/rosidl_typesupport_introspection_cpp/autoware_auto_system_msgs/msg/detail/control_diagnostic__type_support.cpp.o[0m
[16.493s] [ 37%] [32mBuilding CXX object CMakeFiles/autoware_auto_system_msgs__rosidl_typesupport_introspection_cpp.dir/rosidl_typesupport_introspection_cpp/autoware_auto_system_msgs/msg/detail/emergency_state__type_support.cpp.o[0m
[16.494s] [ 39%] [32mBuilding CXX object CMakeFiles/autoware_auto_system_msgs__rosidl_typesupport_cpp.dir/rosidl_typesupport_cpp/autoware_auto_system_msgs/msg/driving_capability__type_support.cpp.o[0m
[16.500s] [ 40%] [32mBuilding CXX object CMakeFiles/autoware_auto_system_msgs__rosidl_typesupport_fastrtps_c.dir/rosidl_typesupport_fastrtps_c/autoware_auto_system_msgs/msg/detail/hazard_status_stamped__type_support_c.cpp.o[0m
[16.505s] [35m[1mScanning dependencies of target autoware_auto_system_msgs__rosidl_typesupport_c[0m
[16.516s] [ 41%] [32mBuilding CXX object CMakeFiles/autoware_auto_system_msgs__rosidl_typesupport_introspection_cpp.dir/rosidl_typesupport_introspection_cpp/autoware_auto_system_msgs/msg/detail/hazard_status__type_support.cpp.o[0m
[16.547s] [35m[1mScanning dependencies of target autoware_auto_system_msgs__rosidl_typesupport_fastrtps_cpp[0m
[16.586s] [ 43%] [32mBuilding CXX object CMakeFiles/autoware_auto_system_msgs__rosidl_typesupport_c.dir/rosidl_typesupport_c/autoware_auto_system_msgs/msg/autoware_state__type_support.cpp.o[0m
[16.671s] [ 44%] [32mBuilding CXX object CMakeFiles/autoware_auto_system_msgs__rosidl_typesupport_fastrtps_cpp.dir/rosidl_typesupport_fastrtps_cpp/autoware_auto_system_msgs/msg/detail/dds_fastrtps/autoware_state__type_support.cpp.o[0m
[16.794s] [ 45%] [32mBuilding CXX object CMakeFiles/autoware_auto_system_msgs__rosidl_typesupport_c.dir/rosidl_typesupport_c/autoware_auto_system_msgs/msg/control_diagnostic__type_support.cpp.o[0m
[16.995s] [ 46%] [32mBuilding CXX object CMakeFiles/autoware_auto_system_msgs__rosidl_typesupport_c.dir/rosidl_typesupport_c/autoware_auto_system_msgs/msg/diagnostic_header__type_support.cpp.o[0m
[17.021s] [ 48%] [32mBuilding CXX object CMakeFiles/autoware_auto_system_msgs__rosidl_typesupport_fastrtps_cpp.dir/rosidl_typesupport_fastrtps_cpp/autoware_auto_system_msgs/msg/detail/dds_fastrtps/control_diagnostic__type_support.cpp.o[0m
[17.109s] [ 49%] [32mBuilding CXX object CMakeFiles/autoware_auto_system_msgs__rosidl_typesupport_cpp.dir/rosidl_typesupport_cpp/autoware_auto_system_msgs/msg/emergency_state__type_support.cpp.o[0m
[17.178s] [ 50%] [32mBuilding CXX object CMakeFiles/autoware_auto_system_msgs__rosidl_typesupport_c.dir/rosidl_typesupport_c/autoware_auto_system_msgs/msg/driving_capability__type_support.cpp.o[0m
[17.221s] [ 51%] [32mBuilding CXX object CMakeFiles/autoware_auto_system_msgs__rosidl_typesupport_cpp.dir/rosidl_typesupport_cpp/autoware_auto_system_msgs/msg/hazard_status__type_support.cpp.o[0m
[17.224s] [ 53%] [32mBuilding CXX object CMakeFiles/autoware_auto_system_msgs__rosidl_typesupport_fastrtps_cpp.dir/rosidl_typesupport_fastrtps_cpp/autoware_auto_system_msgs/msg/detail/dds_fastrtps/diagnostic_header__type_support.cpp.o[0m
[17.250s] [ 54%] [32mBuilding CXX object CMakeFiles/autoware_auto_system_msgs__rosidl_typesupport_introspection_cpp.dir/rosidl_typesupport_introspection_cpp/autoware_auto_system_msgs/msg/detail/hazard_status_stamped__type_support.cpp.o[0m
[17.275s] [ 56%] [32mBuilding CXX object CMakeFiles/autoware_auto_system_msgs__rosidl_typesupport_cpp.dir/rosidl_typesupport_cpp/autoware_auto_system_msgs/msg/hazard_status_stamped__type_support.cpp.o[0m
[17.275s] [ 56%] [32mBuilding CXX object CMakeFiles/autoware_auto_system_msgs__rosidl_typesupport_fastrtps_cpp.dir/rosidl_typesupport_fastrtps_cpp/autoware_auto_system_msgs/msg/detail/dds_fastrtps/driving_capability__type_support.cpp.o[0m
[17.304s] [ 58%] [32mBuilding CXX object CMakeFiles/autoware_auto_system_msgs__rosidl_typesupport_c.dir/rosidl_typesupport_c/autoware_auto_system_msgs/msg/emergency_state__type_support.cpp.o[0m
[17.304s] [ 59%] [32mBuilding CXX object CMakeFiles/autoware_auto_system_msgs__rosidl_typesupport_c.dir/rosidl_typesupport_c/autoware_auto_system_msgs/msg/hazard_status__type_support.cpp.o[0m
[17.314s] [ 60%] [32mBuilding CXX object CMakeFiles/autoware_auto_system_msgs__rosidl_typesupport_fastrtps_cpp.dir/rosidl_typesupport_fastrtps_cpp/autoware_auto_system_msgs/msg/detail/dds_fastrtps/emergency_state__type_support.cpp.o[0m
[17.336s] [ 62%] [32mBuilding CXX object CMakeFiles/autoware_auto_system_msgs__rosidl_typesupport_c.dir/rosidl_typesupport_c/autoware_auto_system_msgs/msg/hazard_status_stamped__type_support.cpp.o[0m
[17.353s] [ 63%] [32mBuilding CXX object CMakeFiles/autoware_auto_system_msgs__rosidl_typesupport_fastrtps_cpp.dir/rosidl_typesupport_fastrtps_cpp/autoware_auto_system_msgs/msg/detail/dds_fastrtps/hazard_status__type_support.cpp.o[0m
[17.358s] [ 64%] [32mBuilding CXX object CMakeFiles/autoware_auto_system_msgs__rosidl_typesupport_fastrtps_cpp.dir/rosidl_typesupport_fastrtps_cpp/autoware_auto_system_msgs/msg/detail/dds_fastrtps/hazard_status_stamped__type_support.cpp.o[0m
[17.370s] [ 65%] [32m[1mLinking CXX shared library libautoware_auto_system_msgs__rosidl_typesupport_fastrtps_c.so[0m
[17.451s] [ 67%] [32m[1mLinking CXX shared library libautoware_auto_system_msgs__rosidl_typesupport_c.so[0m
[17.567s] [35m[1mScanning dependencies of target autoware_auto_system_msgs__rosidl_typesupport_introspection_c[0m
[17.627s] [ 69%] [32mBuilding C object CMakeFiles/autoware_auto_system_msgs__rosidl_typesupport_introspection_c.dir/rosidl_typesupport_introspection_c/autoware_auto_system_msgs/msg/detail/control_diagnostic__type_support.c.o[0m
[17.629s] [ 69%] [32mBuilding C object CMakeFiles/autoware_auto_system_msgs__rosidl_typesupport_introspection_c.dir/rosidl_typesupport_introspection_c/autoware_auto_system_msgs/msg/detail/autoware_state__type_support.c.o[0m
[17.640s] [ 69%] Built target autoware_auto_system_msgs__rosidl_typesupport_c
[17.652s] [ 70%] [32mBuilding C object CMakeFiles/autoware_auto_system_msgs__rosidl_typesupport_introspection_c.dir/rosidl_typesupport_introspection_c/autoware_auto_system_msgs/msg/detail/driving_capability__type_support.c.o[0m
[17.660s] [ 72%] [32mBuilding C object CMakeFiles/autoware_auto_system_msgs__rosidl_typesupport_introspection_c.dir/rosidl_typesupport_introspection_c/autoware_auto_system_msgs/msg/detail/diagnostic_header__type_support.c.o[0m
[17.679s] [ 72%] Built target autoware_auto_system_msgs__rosidl_typesupport_fastrtps_c
[17.680s] [ 73%] [32mBuilding C object CMakeFiles/autoware_auto_system_msgs__rosidl_typesupport_introspection_c.dir/rosidl_typesupport_introspection_c/autoware_auto_system_msgs/msg/detail/emergency_state__type_support.c.o[0m
[17.692s] [ 74%] [32mBuilding C object CMakeFiles/autoware_auto_system_msgs__rosidl_typesupport_introspection_c.dir/rosidl_typesupport_introspection_c/autoware_auto_system_msgs/msg/detail/hazard_status__type_support.c.o[0m
[17.719s] [ 75%] [32mBuilding C object CMakeFiles/autoware_auto_system_msgs__rosidl_typesupport_introspection_c.dir/rosidl_typesupport_introspection_c/autoware_auto_system_msgs/msg/detail/hazard_status_stamped__type_support.c.o[0m
[17.822s] [ 77%] [32m[1mLinking C shared library libautoware_auto_system_msgs__rosidl_typesupport_introspection_c.so[0m
[17.863s] [ 78%] [32m[1mLinking CXX shared library libautoware_auto_system_msgs__rosidl_typesupport_cpp.so[0m
[17.908s] [ 79%] [32m[1mLinking CXX shared library libautoware_auto_system_msgs__rosidl_typesupport_introspection_cpp.so[0m
[17.910s] [ 79%] Built target autoware_auto_system_msgs__rosidl_typesupport_introspection_c
[17.938s] [ 79%] Built target autoware_auto_system_msgs__rosidl_typesupport_cpp
[18.005s] [ 81%] [32m[1mLinking CXX shared library libautoware_auto_system_msgs__rosidl_typesupport_fastrtps_cpp.so[0m
[18.007s] [ 81%] Built target autoware_auto_system_msgs__rosidl_typesupport_introspection_cpp
[18.074s] [ 81%] Built target autoware_auto_system_msgs__rosidl_typesupport_fastrtps_cpp
[18.089s] [35m[1mScanning dependencies of target autoware_auto_system_msgs[0m
[18.102s] [ 81%] Built target autoware_auto_system_msgs
[18.115s] [35m[1mScanning dependencies of target autoware_auto_system_msgs__py[0m
[18.129s] [ 82%] [34m[1mGenerating Python code for ROS interfaces[0m
[19.133s] [ 82%] Built target autoware_auto_system_msgs__py
[19.146s] [35m[1mScanning dependencies of target autoware_auto_system_msgs__rosidl_generator_py[0m
[19.175s] [ 83%] [32mBuilding C object CMakeFiles/autoware_auto_system_msgs__rosidl_generator_py.dir/rosidl_generator_py/autoware_auto_system_msgs/msg/_hazard_status_stamped_s.c.o[0m
[19.176s] [ 84%] [32mBuilding C object CMakeFiles/autoware_auto_system_msgs__rosidl_generator_py.dir/rosidl_generator_py/autoware_auto_system_msgs/msg/_control_diagnostic_s.c.o[0m
[19.178s] [ 86%] [32mBuilding C object CMakeFiles/autoware_auto_system_msgs__rosidl_generator_py.dir/rosidl_generator_py/autoware_auto_system_msgs/msg/_hazard_status_s.c.o[0m
[19.178s] [ 87%] [32mBuilding C object CMakeFiles/autoware_auto_system_msgs__rosidl_generator_py.dir/rosidl_generator_py/autoware_auto_system_msgs/msg/_diagnostic_header_s.c.o[0m
[19.178s] [ 89%] [32mBuilding C object CMakeFiles/autoware_auto_system_msgs__rosidl_generator_py.dir/rosidl_generator_py/autoware_auto_system_msgs/msg/_emergency_state_s.c.o[0m
[19.178s] [ 89%] [32mBuilding C object CMakeFiles/autoware_auto_system_msgs__rosidl_generator_py.dir/rosidl_generator_py/autoware_auto_system_msgs/msg/_driving_capability_s.c.o[0m
[19.179s] [ 91%] [32mBuilding C object CMakeFiles/autoware_auto_system_msgs__rosidl_generator_py.dir/rosidl_generator_py/autoware_auto_system_msgs/msg/_autoware_state_s.c.o[0m
[19.280s] [ 92%] [32m[1mLinking C shared library rosidl_generator_py/autoware_auto_system_msgs/libautoware_auto_system_msgs__rosidl_generator_py.so[0m
[19.323s] [ 92%] Built target autoware_auto_system_msgs__rosidl_generator_py
[19.336s] [35m[1mScanning dependencies of target autoware_auto_system_msgs__rosidl_typesupport_c__pyext[0m
[19.336s] [35m[1mScanning dependencies of target autoware_auto_system_msgs__rosidl_typesupport_introspection_c__pyext[0m
[19.337s] [35m[1mScanning dependencies of target autoware_auto_system_msgs__rosidl_typesupport_fastrtps_c__pyext[0m
[19.358s] [ 94%] [32mBuilding C object CMakeFiles/autoware_auto_system_msgs__rosidl_typesupport_introspection_c__pyext.dir/rosidl_generator_py/autoware_auto_system_msgs/_autoware_auto_system_msgs_s.ep.rosidl_typesupport_introspection_c.c.o[0m
[19.358s] [ 94%] [32mBuilding C object CMakeFiles/autoware_auto_system_msgs__rosidl_typesupport_fastrtps_c__pyext.dir/rosidl_generator_py/autoware_auto_system_msgs/_autoware_auto_system_msgs_s.ep.rosidl_typesupport_fastrtps_c.c.o[0m
[19.360s] [ 96%] [32mBuilding C object CMakeFiles/autoware_auto_system_msgs__rosidl_typesupport_c__pyext.dir/rosidl_generator_py/autoware_auto_system_msgs/_autoware_auto_system_msgs_s.ep.rosidl_typesupport_c.c.o[0m
[19.437s] [ 98%] [32m[1mLinking C shared library rosidl_generator_py/autoware_auto_system_msgs/autoware_auto_system_msgs_s__rosidl_typesupport_introspection_c.cpython-38-x86_64-linux-gnu.so[0m
[19.437s] [ 98%] [32m[1mLinking C shared library rosidl_generator_py/autoware_auto_system_msgs/autoware_auto_system_msgs_s__rosidl_typesupport_fastrtps_c.cpython-38-x86_64-linux-gnu.so[0m
[19.438s] [100%] [32m[1mLinking C shared library rosidl_generator_py/autoware_auto_system_msgs/autoware_auto_system_msgs_s__rosidl_typesupport_c.cpython-38-x86_64-linux-gnu.so[0m
[19.479s] [100%] Built target autoware_auto_system_msgs__rosidl_typesupport_c__pyext
[19.479s] [100%] Built target autoware_auto_system_msgs__rosidl_typesupport_fastrtps_c__pyext
[19.479s] [100%] Built target autoware_auto_system_msgs__rosidl_typesupport_introspection_c__pyext
[19.494s] Invoked command in '/home/carla/Github/C-V2X-Autoware-Carla/build/autoware_auto_system_msgs' returned '0': CMAKE_PREFIX_PATH=${CMAKE_PREFIX_PATH}:/home/carla/Github/C-V2X-Autoware-Carla/install/vehicle:/home/carla/Github/C-V2X-Autoware-Carla/install/infrastructure:/home/carla/ros2_humble/install/rqt_bag_plugins:/home/carla/ros2_humble/install/rqt_bag:/home/carla/ros2_humble/install/ros2bag:/home/carla/ros2_humble/install/tracetools_test:/home/carla/ros2_humble/install/tracetools_launch:/home/carla/ros2_humble/install/topic_monitor:/home/carla/ros2_humble/install/tf2_tools:/home/carla/ros2_humble/install/examples_tf2_py:/home/carla/ros2_humble/install/tf2_ros_py:/home/carla/ros2_humble/install/sros2:/home/carla/ros2_humble/install/rqt_topic:/home/carla/ros2_humble/install/rqt_srv:/home/carla/ros2_humble/install/rqt_shell:/home/carla/ros2_humble/install/rqt_service_caller:/home/carla/ros2_humble/install/rqt_reconfigure:/home/carla/ros2_humble/install/rqt_py_console:/home/carla/ros2_humble/install/rqt_publisher:/home/carla/ros2_humble/install/rqt_plot:/home/carla/ros2_humble/install/rqt_action:/home/carla/ros2_humble/install/rqt_msg:/home/carla/ros2_humble/install/rqt_console:/home/carla/ros2_humble/install/rqt:/home/carla/ros2_humble/install/rqt_graph:/home/carla/ros2_humble/install/rqt_gui_py:/home/carla/ros2_humble/install/rqt_gui:/home/carla/ros2_humble/install/ros2trace:/home/carla/ros2_humble/install/ros2topic:/home/carla/ros2_humble/install/ros2test:/home/carla/ros2_humble/install/ros2component:/home/carla/ros2_humble/install/ros2param:/home/carla/ros2_humble/install/ros2lifecycle:/home/carla/ros2_humble/install/ros2service:/home/carla/ros2_humble/install/ros2run:/home/carla/ros2_humble/install/ros2launch:/home/carla/ros2_humble/install/ros2pkg:/home/carla/ros2_humble/install/ros2node:/home/carla/ros2_humble/install/ros2multicast:/home/carla/ros2_humble/install/ros2interface:/home/carla/ros2_humble/install/ros2doctor:/home/carla/ros2_humble/install/ros2action:/home/carla/ros2_humble/install/ros2cli:/home/carla/ros2_humble/install/quality_of_service_demo_py:/home/carla/ros2_humble/install/lifecycle_py:/home/carla/ros2_humble/install/launch_testing_ros:/home/carla/ros2_humble/install/launch_ros:/home/carla/ros2_humble/install/examples_rclpy_pointcloud_publisher:/home/carla/ros2_humble/install/examples_rclpy_minimal_subscriber:/home/carla/ros2_humble/install/examples_rclpy_minimal_service:/home/carla/ros2_humble/install/examples_rclpy_minimal_publisher:/home/carla/ros2_humble/install/examples_rclpy_minimal_client:/home/carla/ros2_humble/install/examples_rclpy_minimal_action_server:/home/carla/ros2_humble/install/examples_rclpy_minimal_action_client:/home/carla/ros2_humble/install/examples_rclpy_guard_conditions:/home/carla/ros2_humble/install/examples_rclpy_executors:/home/carla/ros2_humble/install/demo_nodes_py:/home/carla/ros2_humble/install/action_tutorials_py:/home/carla/ros2_humble/install/ament_uncrustify:/home/carla/ros2_humble/install/tracetools_trace:/home/carla/ros2_humble/install/tracetools_read:/home/carla/ros2_humble/install/test_tracetools_launch:/home/carla/ros2_humble/install/test_launch_ros:/home/carla/ros2_humble/install/sensor_msgs_py:/home/carla/ros2_humble/install/rpyutils:/home/carla/ros2_humble/install/rosidl_runtime_py:/home/carla/ros2_humble/install/rosidl_cli:/home/carla/ros2_humble/install/launch_pytest:/home/carla/ros2_humble/install/launch_testing:/home/carla/ros2_humble/install/launch_yaml:/home/carla/ros2_humble/install/launch_xml:/home/carla/ros2_humble/install/launch:/home/carla/ros2_humble/install/osrf_pycommon:/home/carla/ros2_humble/install/launch_testing_examples:/home/carla/ros2_humble/install/domain_coordinator:/home/carla/ros2_humble/install/ament_xmllint:/home/carla/ros2_humble/install/ament_pyflakes:/home/carla/ros2_humble/install/ament_pycodestyle:/home/carla/ros2_humble/install/ament_pep257:/home/carla/ros2_humble/install/ament_pclint:/home/carla/ros2_humble/install/ament_package:/home/carla/ros2_humble/install/ament_mypy:/home/carla/ros2_humble/install/ament_lint_cmake:/home/carla/ros2_humble/install/ament_flake8:/home/carla/ros2_humble/install/ament_copyright:/home/carla/ros2_humble/install/ament_lint:/home/carla/ros2_humble/install/ament_index_python:/home/carla/ros2_humble/install/ament_cpplint:/home/carla/ros2_humble/install/ament_cppcheck:/home/carla/ros2_humble/install/ament_clang_tidy:/home/carla/ros2_humble/install/ament_clang_format /usr/bin/cmake --build /home/carla/Github/C-V2X-Autoware-Carla/build/autoware_auto_system_msgs -- -j20 -l20
[19.767s] Invoking command in '/home/carla/Github/C-V2X-Autoware-Carla/build/autoware_auto_system_msgs': CMAKE_PREFIX_PATH=${CMAKE_PREFIX_PATH}:/home/carla/Github/C-V2X-Autoware-Carla/install/vehicle:/home/carla/Github/C-V2X-Autoware-Carla/install/infrastructure:/home/carla/ros2_humble/install/rqt_bag_plugins:/home/carla/ros2_humble/install/rqt_bag:/home/carla/ros2_humble/install/ros2bag:/home/carla/ros2_humble/install/tracetools_test:/home/carla/ros2_humble/install/tracetools_launch:/home/carla/ros2_humble/install/topic_monitor:/home/carla/ros2_humble/install/tf2_tools:/home/carla/ros2_humble/install/examples_tf2_py:/home/carla/ros2_humble/install/tf2_ros_py:/home/carla/ros2_humble/install/sros2:/home/carla/ros2_humble/install/rqt_topic:/home/carla/ros2_humble/install/rqt_srv:/home/carla/ros2_humble/install/rqt_shell:/home/carla/ros2_humble/install/rqt_service_caller:/home/carla/ros2_humble/install/rqt_reconfigure:/home/carla/ros2_humble/install/rqt_py_console:/home/carla/ros2_humble/install/rqt_publisher:/home/carla/ros2_humble/install/rqt_plot:/home/carla/ros2_humble/install/rqt_action:/home/carla/ros2_humble/install/rqt_msg:/home/carla/ros2_humble/install/rqt_console:/home/carla/ros2_humble/install/rqt:/home/carla/ros2_humble/install/rqt_graph:/home/carla/ros2_humble/install/rqt_gui_py:/home/carla/ros2_humble/install/rqt_gui:/home/carla/ros2_humble/install/ros2trace:/home/carla/ros2_humble/install/ros2topic:/home/carla/ros2_humble/install/ros2test:/home/carla/ros2_humble/install/ros2component:/home/carla/ros2_humble/install/ros2param:/home/carla/ros2_humble/install/ros2lifecycle:/home/carla/ros2_humble/install/ros2service:/home/carla/ros2_humble/install/ros2run:/home/carla/ros2_humble/install/ros2launch:/home/carla/ros2_humble/install/ros2pkg:/home/carla/ros2_humble/install/ros2node:/home/carla/ros2_humble/install/ros2multicast:/home/carla/ros2_humble/install/ros2interface:/home/carla/ros2_humble/install/ros2doctor:/home/carla/ros2_humble/install/ros2action:/home/carla/ros2_humble/install/ros2cli:/home/carla/ros2_humble/install/quality_of_service_demo_py:/home/carla/ros2_humble/install/lifecycle_py:/home/carla/ros2_humble/install/launch_testing_ros:/home/carla/ros2_humble/install/launch_ros:/home/carla/ros2_humble/install/examples_rclpy_pointcloud_publisher:/home/carla/ros2_humble/install/examples_rclpy_minimal_subscriber:/home/carla/ros2_humble/install/examples_rclpy_minimal_service:/home/carla/ros2_humble/install/examples_rclpy_minimal_publisher:/home/carla/ros2_humble/install/examples_rclpy_minimal_client:/home/carla/ros2_humble/install/examples_rclpy_minimal_action_server:/home/carla/ros2_humble/install/examples_rclpy_minimal_action_client:/home/carla/ros2_humble/install/examples_rclpy_guard_conditions:/home/carla/ros2_humble/install/examples_rclpy_executors:/home/carla/ros2_humble/install/demo_nodes_py:/home/carla/ros2_humble/install/action_tutorials_py:/home/carla/ros2_humble/install/ament_uncrustify:/home/carla/ros2_humble/install/tracetools_trace:/home/carla/ros2_humble/install/tracetools_read:/home/carla/ros2_humble/install/test_tracetools_launch:/home/carla/ros2_humble/install/test_launch_ros:/home/carla/ros2_humble/install/sensor_msgs_py:/home/carla/ros2_humble/install/rpyutils:/home/carla/ros2_humble/install/rosidl_runtime_py:/home/carla/ros2_humble/install/rosidl_cli:/home/carla/ros2_humble/install/launch_pytest:/home/carla/ros2_humble/install/launch_testing:/home/carla/ros2_humble/install/launch_yaml:/home/carla/ros2_humble/install/launch_xml:/home/carla/ros2_humble/install/launch:/home/carla/ros2_humble/install/osrf_pycommon:/home/carla/ros2_humble/install/launch_testing_examples:/home/carla/ros2_humble/install/domain_coordinator:/home/carla/ros2_humble/install/ament_xmllint:/home/carla/ros2_humble/install/ament_pyflakes:/home/carla/ros2_humble/install/ament_pycodestyle:/home/carla/ros2_humble/install/ament_pep257:/home/carla/ros2_humble/install/ament_pclint:/home/carla/ros2_humble/install/ament_package:/home/carla/ros2_humble/install/ament_mypy:/home/carla/ros2_humble/install/ament_lint_cmake:/home/carla/ros2_humble/install/ament_flake8:/home/carla/ros2_humble/install/ament_copyright:/home/carla/ros2_humble/install/ament_lint:/home/carla/ros2_humble/install/ament_index_python:/home/carla/ros2_humble/install/ament_cpplint:/home/carla/ros2_humble/install/ament_cppcheck:/home/carla/ros2_humble/install/ament_clang_tidy:/home/carla/ros2_humble/install/ament_clang_format /usr/bin/cmake --install /home/carla/Github/C-V2X-Autoware-Carla/build/autoware_auto_system_msgs
[19.778s] -- Install configuration: ""
[19.778s] -- Installing: /home/carla/Github/C-V2X-Autoware-Carla/install/autoware_auto_system_msgs/share/ament_index/resource_index/rosidl_interfaces/autoware_auto_system_msgs
[19.778s] -- Installing: /home/carla/Github/C-V2X-Autoware-Carla/install/autoware_auto_system_msgs/include/autoware_auto_system_msgs/autoware_auto_system_msgs
[19.778s] -- Installing: /home/carla/Github/C-V2X-Autoware-Carla/install/autoware_auto_system_msgs/include/autoware_auto_system_msgs/autoware_auto_system_msgs/msg
[19.778s] -- Installing: /home/carla/Github/C-V2X-Autoware-Carla/install/autoware_auto_system_msgs/include/autoware_auto_system_msgs/autoware_auto_system_msgs/msg/control_diagnostic.h
[19.778s] -- Installing: /home/carla/Github/C-V2X-Autoware-Carla/install/autoware_auto_system_msgs/include/autoware_auto_system_msgs/autoware_auto_system_msgs/msg/diagnostic_header.h
[19.778s] -- Installing: /home/carla/Github/C-V2X-Autoware-Carla/install/autoware_auto_system_msgs/include/autoware_auto_system_msgs/autoware_auto_system_msgs/msg/hazard_status_stamped.h
[19.778s] -- Installing: /home/carla/Github/C-V2X-Autoware-Carla/install/autoware_auto_system_msgs/include/autoware_auto_system_msgs/autoware_auto_system_msgs/msg/detail
[19.778s] -- Installing: /home/carla/Github/C-V2X-Autoware-Carla/install/autoware_auto_system_msgs/include/autoware_auto_system_msgs/autoware_auto_system_msgs/msg/detail/emergency_state__functions.h
[19.778s] -- Installing: /home/carla/Github/C-V2X-Autoware-Carla/install/autoware_auto_system_msgs/include/autoware_auto_system_msgs/autoware_auto_system_msgs/msg/detail/control_diagnostic__struct.h
[19.779s] -- Installing: /home/carla/Github/C-V2X-Autoware-Carla/install/autoware_auto_system_msgs/include/autoware_auto_system_msgs/autoware_auto_system_msgs/msg/detail/emergency_state__functions.c
[19.779s] -- Installing: /home/carla/Github/C-V2X-Autoware-Carla/install/autoware_auto_system_msgs/include/autoware_auto_system_msgs/autoware_auto_system_msgs/msg/detail/diagnostic_header__functions.h
[19.779s] -- Installing: /home/carla/Github/C-V2X-Autoware-Carla/install/autoware_auto_system_msgs/include/autoware_auto_system_msgs/autoware_auto_system_msgs/msg/detail/control_diagnostic__functions.c
[19.779s] -- Installing: /home/carla/Github/C-V2X-Autoware-Carla/install/autoware_auto_system_msgs/include/autoware_auto_system_msgs/autoware_auto_system_msgs/msg/detail/control_diagnostic__type_support.h
[19.779s] -- Installing: /home/carla/Github/C-V2X-Autoware-Carla/install/autoware_auto_system_msgs/include/autoware_auto_system_msgs/autoware_auto_system_msgs/msg/detail/hazard_status_stamped__type_support.h
[19.779s] -- Installing: /home/carla/Github/C-V2X-Autoware-Carla/install/autoware_auto_system_msgs/include/autoware_auto_system_msgs/autoware_auto_system_msgs/msg/detail/emergency_state__type_support.h
[19.779s] -- Installing: /home/carla/Github/C-V2X-Autoware-Carla/install/autoware_auto_system_msgs/include/autoware_auto_system_msgs/autoware_auto_system_msgs/msg/detail/hazard_status__functions.c
[19.779s] -- Installing: /home/carla/Github/C-V2X-Autoware-Carla/install/autoware_auto_system_msgs/include/autoware_auto_system_msgs/autoware_auto_system_msgs/msg/detail/autoware_state__functions.c
[19.780s] -- Installing: /home/carla/Github/C-V2X-Autoware-Carla/install/autoware_auto_system_msgs/include/autoware_auto_system_msgs/autoware_auto_system_msgs/msg/detail/hazard_status__struct.h
[19.780s] -- Installing: /home/carla/Github/C-V2X-Autoware-Carla/install/autoware_auto_system_msgs/include/autoware_auto_system_msgs/autoware_auto_system_msgs/msg/detail/autoware_state__struct.h
[19.780s] -- Installing: /home/carla/Github/C-V2X-Autoware-Carla/install/autoware_auto_system_msgs/include/autoware_auto_system_msgs/autoware_auto_system_msgs/msg/detail/hazard_status__functions.h
[19.780s] -- Installing: /home/carla/Github/C-V2X-Autoware-Carla/install/autoware_auto_system_msgs/include/autoware_auto_system_msgs/autoware_auto_system_msgs/msg/detail/diagnostic_header__type_support.h
[19.780s] -- Installing: /home/carla/Github/C-V2X-Autoware-Carla/install/autoware_auto_system_msgs/include/autoware_auto_system_msgs/autoware_auto_system_msgs/msg/detail/hazard_status__type_support.h
[19.780s] -- Installing: /home/carla/Github/C-V2X-Autoware-Carla/install/autoware_auto_system_msgs/include/autoware_auto_system_msgs/autoware_auto_system_msgs/msg/detail/hazard_status_stamped__struct.h
[19.780s] -- Installing: /home/carla/Github/C-V2X-Autoware-Carla/install/autoware_auto_system_msgs/include/autoware_auto_system_msgs/autoware_auto_system_msgs/msg/detail/control_diagnostic__functions.h
[19.780s] -- Installing: /home/carla/Github/C-V2X-Autoware-Carla/install/autoware_auto_system_msgs/include/autoware_auto_system_msgs/autoware_auto_system_msgs/msg/detail/driving_capability__functions.h
[19.780s] -- Installing: /home/carla/Github/C-V2X-Autoware-Carla/install/autoware_auto_system_msgs/include/autoware_auto_system_msgs/autoware_auto_system_msgs/msg/detail/diagnostic_header__struct.h
[19.780s] -- Installing: /home/carla/Github/C-V2X-Autoware-Carla/install/autoware_auto_system_msgs/include/autoware_auto_system_msgs/autoware_auto_system_msgs/msg/detail/autoware_state__type_support.h
[19.780s] -- Installing: /home/carla/Github/C-V2X-Autoware-Carla/install/autoware_auto_system_msgs/include/autoware_auto_system_msgs/autoware_auto_system_msgs/msg/detail/driving_capability__functions.c
[19.780s] -- Installing: /home/carla/Github/C-V2X-Autoware-Carla/install/autoware_auto_system_msgs/include/autoware_auto_system_msgs/autoware_auto_system_msgs/msg/detail/driving_capability__struct.h
[19.780s] -- Installing: /home/carla/Github/C-V2X-Autoware-Carla/install/autoware_auto_system_msgs/include/autoware_auto_system_msgs/autoware_auto_system_msgs/msg/detail/hazard_status_stamped__functions.h
[19.781s] -- Installing: /home/carla/Github/C-V2X-Autoware-Carla/install/autoware_auto_system_msgs/include/autoware_auto_system_msgs/autoware_auto_system_msgs/msg/detail/autoware_state__functions.h
[19.781s] -- Installing: /home/carla/Github/C-V2X-Autoware-Carla/install/autoware_auto_system_msgs/include/autoware_auto_system_msgs/autoware_auto_system_msgs/msg/detail/driving_capability__type_support.h
[19.781s] -- Installing: /home/carla/Github/C-V2X-Autoware-Carla/install/autoware_auto_system_msgs/include/autoware_auto_system_msgs/autoware_auto_system_msgs/msg/detail/hazard_status_stamped__functions.c
[19.781s] -- Installing: /home/carla/Github/C-V2X-Autoware-Carla/install/autoware_auto_system_msgs/include/autoware_auto_system_msgs/autoware_auto_system_msgs/msg/detail/diagnostic_header__functions.c
[19.781s] -- Installing: /home/carla/Github/C-V2X-Autoware-Carla/install/autoware_auto_system_msgs/include/autoware_auto_system_msgs/autoware_auto_system_msgs/msg/detail/emergency_state__struct.h
[19.781s] -- Installing: /home/carla/Github/C-V2X-Autoware-Carla/install/autoware_auto_system_msgs/include/autoware_auto_system_msgs/autoware_auto_system_msgs/msg/rosidl_generator_c__visibility_control.h
[19.781s] -- Installing: /home/carla/Github/C-V2X-Autoware-Carla/install/autoware_auto_system_msgs/include/autoware_auto_system_msgs/autoware_auto_system_msgs/msg/hazard_status.h
[19.781s] -- Installing: /home/carla/Github/C-V2X-Autoware-Carla/install/autoware_auto_system_msgs/include/autoware_auto_system_msgs/autoware_auto_system_msgs/msg/emergency_state.h
[19.781s] -- Installing: /home/carla/Github/C-V2X-Autoware-Carla/install/autoware_auto_system_msgs/include/autoware_auto_system_msgs/autoware_auto_system_msgs/msg/autoware_state.h
[19.781s] -- Installing: /home/carla/Github/C-V2X-Autoware-Carla/install/autoware_auto_system_msgs/include/autoware_auto_system_msgs/autoware_auto_system_msgs/msg/driving_capability.h
[19.781s] -- Installing: /home/carla/Github/C-V2X-Autoware-Carla/install/autoware_auto_system_msgs/share/autoware_auto_system_msgs/environment/library_path.sh
[19.781s] -- Installing: /home/carla/Github/C-V2X-Autoware-Carla/install/autoware_auto_system_msgs/share/autoware_auto_system_msgs/environment/library_path.dsv
[19.781s] -- Installing: /home/carla/Github/C-V2X-Autoware-Carla/install/autoware_auto_system_msgs/lib/libautoware_auto_system_msgs__rosidl_generator_c.so
[19.782s] -- Set runtime path of "/home/carla/Github/C-V2X-Autoware-Carla/install/autoware_auto_system_msgs/lib/libautoware_auto_system_msgs__rosidl_generator_c.so" to ""
[19.782s] -- Up-to-date: /home/carla/Github/C-V2X-Autoware-Carla/install/autoware_auto_system_msgs/include/autoware_auto_system_msgs/autoware_auto_system_msgs
[19.782s] -- Up-to-date: /home/carla/Github/C-V2X-Autoware-Carla/install/autoware_auto_system_msgs/include/autoware_auto_system_msgs/autoware_auto_system_msgs/msg
[19.782s] -- Installing: /home/carla/Github/C-V2X-Autoware-Carla/install/autoware_auto_system_msgs/include/autoware_auto_system_msgs/autoware_auto_system_msgs/msg/rosidl_typesupport_introspection_c__visibility_control.h
[19.782s] -- Up-to-date: /home/carla/Github/C-V2X-Autoware-Carla/install/autoware_auto_system_msgs/include/autoware_auto_system_msgs/autoware_auto_system_msgs/msg/detail
[19.782s] -- Installing: /home/carla/Github/C-V2X-Autoware-Carla/install/autoware_auto_system_msgs/include/autoware_auto_system_msgs/autoware_auto_system_msgs/msg/detail/control_diagnostic__rosidl_typesupport_introspection_c.h
[19.782s] -- Installing: /home/carla/Github/C-V2X-Autoware-Carla/install/autoware_auto_system_msgs/include/autoware_auto_system_msgs/autoware_auto_system_msgs/msg/detail/diagnostic_header__type_support.c
[19.782s] -- Installing: /home/carla/Github/C-V2X-Autoware-Carla/install/autoware_auto_system_msgs/include/autoware_auto_system_msgs/autoware_auto_system_msgs/msg/detail/emergency_state__rosidl_typesupport_introspection_c.h
[19.782s] -- Installing: /home/carla/Github/C-V2X-Autoware-Carla/install/autoware_auto_system_msgs/include/autoware_auto_system_msgs/autoware_auto_system_msgs/msg/detail/control_diagnostic__type_support.c
[19.782s] -- Installing: /home/carla/Github/C-V2X-Autoware-Carla/install/autoware_auto_system_msgs/include/autoware_auto_system_msgs/autoware_auto_system_msgs/msg/detail/driving_capability__type_support.c
[19.782s] -- Installing: /home/carla/Github/C-V2X-Autoware-Carla/install/autoware_auto_system_msgs/include/autoware_auto_system_msgs/autoware_auto_system_msgs/msg/detail/hazard_status__rosidl_typesupport_introspection_c.h
[19.782s] -- Installing: /home/carla/Github/C-V2X-Autoware-Carla/install/autoware_auto_system_msgs/include/autoware_auto_system_msgs/autoware_auto_system_msgs/msg/detail/diagnostic_header__rosidl_typesupport_introspection_c.h
[19.782s] -- Installing: /home/carla/Github/C-V2X-Autoware-Carla/install/autoware_auto_system_msgs/include/autoware_auto_system_msgs/autoware_auto_system_msgs/msg/detail/emergency_state__type_support.c
[19.783s] -- Installing: /home/carla/Github/C-V2X-Autoware-Carla/install/autoware_auto_system_msgs/include/autoware_auto_system_msgs/autoware_auto_system_msgs/msg/detail/autoware_state__rosidl_typesupport_introspection_c.h
[19.783s] -- Installing: /home/carla/Github/C-V2X-Autoware-Carla/install/autoware_auto_system_msgs/include/autoware_auto_system_msgs/autoware_auto_system_msgs/msg/detail/driving_capability__rosidl_typesupport_introspection_c.h
[19.783s] -- Installing: /home/carla/Github/C-V2X-Autoware-Carla/install/autoware_auto_system_msgs/include/autoware_auto_system_msgs/autoware_auto_system_msgs/msg/detail/hazard_status_stamped__rosidl_typesupport_introspection_c.h
[19.783s] -- Installing: /home/carla/Github/C-V2X-Autoware-Carla/install/autoware_auto_system_msgs/include/autoware_auto_system_msgs/autoware_auto_system_msgs/msg/detail/autoware_state__type_support.c
[19.783s] -- Installing: /home/carla/Github/C-V2X-Autoware-Carla/install/autoware_auto_system_msgs/include/autoware_auto_system_msgs/autoware_auto_system_msgs/msg/detail/hazard_status__type_support.c
[19.783s] -- Installing: /home/carla/Github/C-V2X-Autoware-Carla/install/autoware_auto_system_msgs/include/autoware_auto_system_msgs/autoware_auto_system_msgs/msg/detail/hazard_status_stamped__type_support.c
[19.783s] -- Installing: /home/carla/Github/C-V2X-Autoware-Carla/install/autoware_auto_system_msgs/lib/libautoware_auto_system_msgs__rosidl_typesupport_introspection_c.so
[19.783s] -- Set runtime path of "/home/carla/Github/C-V2X-Autoware-Carla/install/autoware_auto_system_msgs/lib/libautoware_auto_system_msgs__rosidl_typesupport_introspection_c.so" to ""
[19.783s] -- Up-to-date: /home/carla/Github/C-V2X-Autoware-Carla/install/autoware_auto_system_msgs/include/autoware_auto_system_msgs/autoware_auto_system_msgs
[19.783s] -- Up-to-date: /home/carla/Github/C-V2X-Autoware-Carla/install/autoware_auto_system_msgs/include/autoware_auto_system_msgs/autoware_auto_system_msgs/msg
[19.783s] -- Up-to-date: /home/carla/Github/C-V2X-Autoware-Carla/install/autoware_auto_system_msgs/include/autoware_auto_system_msgs/autoware_auto_system_msgs/msg/detail
[19.783s] -- Installing: /home/carla/Github/C-V2X-Autoware-Carla/install/autoware_auto_system_msgs/include/autoware_auto_system_msgs/autoware_auto_system_msgs/msg/detail/control_diagnostic__rosidl_typesupport_fastrtps_c.h
[19.783s] -- Installing: /home/carla/Github/C-V2X-Autoware-Carla/install/autoware_auto_system_msgs/include/autoware_auto_system_msgs/autoware_auto_system_msgs/msg/detail/hazard_status_stamped__rosidl_typesupport_fastrtps_c.h
[19.783s] -- Installing: /home/carla/Github/C-V2X-Autoware-Carla/install/autoware_auto_system_msgs/include/autoware_auto_system_msgs/autoware_auto_system_msgs/msg/detail/diagnostic_header__rosidl_typesupport_fastrtps_c.h
[19.783s] -- Installing: /home/carla/Github/C-V2X-Autoware-Carla/install/autoware_auto_system_msgs/include/autoware_auto_system_msgs/autoware_auto_system_msgs/msg/detail/emergency_state__rosidl_typesupport_fastrtps_c.h
[19.783s] -- Installing: /home/carla/Github/C-V2X-Autoware-Carla/install/autoware_auto_system_msgs/include/autoware_auto_system_msgs/autoware_auto_system_msgs/msg/detail/driving_capability__rosidl_typesupport_fastrtps_c.h
[19.783s] -- Installing: /home/carla/Github/C-V2X-Autoware-Carla/install/autoware_auto_system_msgs/include/autoware_auto_system_msgs/autoware_auto_system_msgs/msg/detail/hazard_status__rosidl_typesupport_fastrtps_c.h
[19.783s] -- Installing: /home/carla/Github/C-V2X-Autoware-Carla/install/autoware_auto_system_msgs/include/autoware_auto_system_msgs/autoware_auto_system_msgs/msg/detail/autoware_state__rosidl_typesupport_fastrtps_c.h
[19.783s] -- Installing: /home/carla/Github/C-V2X-Autoware-Carla/install/autoware_auto_system_msgs/include/autoware_auto_system_msgs/autoware_auto_system_msgs/msg/rosidl_typesupport_fastrtps_c__visibility_control.h
[19.783s] -- Installing: /home/carla/Github/C-V2X-Autoware-Carla/install/autoware_auto_system_msgs/lib/libautoware_auto_system_msgs__rosidl_typesupport_fastrtps_c.so
[19.783s] -- Set runtime path of "/home/carla/Github/C-V2X-Autoware-Carla/install/autoware_auto_system_msgs/lib/libautoware_auto_system_msgs__rosidl_typesupport_fastrtps_c.so" to ""
[19.783s] -- Installing: /home/carla/Github/C-V2X-Autoware-Carla/install/autoware_auto_system_msgs/lib/libautoware_auto_system_msgs__rosidl_typesupport_c.so
[19.783s] -- Set runtime path of "/home/carla/Github/C-V2X-Autoware-Carla/install/autoware_auto_system_msgs/lib/libautoware_auto_system_msgs__rosidl_typesupport_c.so" to ""
[19.783s] -- Up-to-date: /home/carla/Github/C-V2X-Autoware-Carla/install/autoware_auto_system_msgs/include/autoware_auto_system_msgs/autoware_auto_system_msgs
[19.783s] -- Up-to-date: /home/carla/Github/C-V2X-Autoware-Carla/install/autoware_auto_system_msgs/include/autoware_auto_system_msgs/autoware_auto_system_msgs/msg
[19.783s] -- Installing: /home/carla/Github/C-V2X-Autoware-Carla/install/autoware_auto_system_msgs/include/autoware_auto_system_msgs/autoware_auto_system_msgs/msg/control_diagnostic.hpp
[19.783s] -- Installing: /home/carla/Github/C-V2X-Autoware-Carla/install/autoware_auto_system_msgs/include/autoware_auto_system_msgs/autoware_auto_system_msgs/msg/emergency_state.hpp
[19.783s] -- Up-to-date: /home/carla/Github/C-V2X-Autoware-Carla/install/autoware_auto_system_msgs/include/autoware_auto_system_msgs/autoware_auto_system_msgs/msg/detail
[19.783s] -- Installing: /home/carla/Github/C-V2X-Autoware-Carla/install/autoware_auto_system_msgs/include/autoware_auto_system_msgs/autoware_auto_system_msgs/msg/detail/driving_capability__struct.hpp
[19.784s] -- Installing: /home/carla/Github/C-V2X-Autoware-Carla/install/autoware_auto_system_msgs/include/autoware_auto_system_msgs/autoware_auto_system_msgs/msg/detail/emergency_state__builder.hpp
[19.784s] -- Installing: /home/carla/Github/C-V2X-Autoware-Carla/install/autoware_auto_system_msgs/include/autoware_auto_system_msgs/autoware_auto_system_msgs/msg/detail/emergency_state__struct.hpp
[19.784s] -- Installing: /home/carla/Github/C-V2X-Autoware-Carla/install/autoware_auto_system_msgs/include/autoware_auto_system_msgs/autoware_auto_system_msgs/msg/detail/autoware_state__struct.hpp
[19.784s] -- Installing: /home/carla/Github/C-V2X-Autoware-Carla/install/autoware_auto_system_msgs/include/autoware_auto_system_msgs/autoware_auto_system_msgs/msg/detail/diagnostic_header__traits.hpp
[19.784s] -- Installing: /home/carla/Github/C-V2X-Autoware-Carla/install/autoware_auto_system_msgs/include/autoware_auto_system_msgs/autoware_auto_system_msgs/msg/detail/hazard_status__traits.hpp
[19.784s] -- Installing: /home/carla/Github/C-V2X-Autoware-Carla/install/autoware_auto_system_msgs/include/autoware_auto_system_msgs/autoware_auto_system_msgs/msg/detail/diagnostic_header__struct.hpp
[19.784s] -- Installing: /home/carla/Github/C-V2X-Autoware-Carla/install/autoware_auto_system_msgs/include/autoware_auto_system_msgs/autoware_auto_system_msgs/msg/detail/hazard_status_stamped__traits.hpp
[19.784s] -- Installing: /home/carla/Github/C-V2X-Autoware-Carla/install/autoware_auto_system_msgs/include/autoware_auto_system_msgs/autoware_auto_system_msgs/msg/detail/driving_capability__builder.hpp
[19.784s] -- Installing: /home/carla/Github/C-V2X-Autoware-Carla/install/autoware_auto_system_msgs/include/autoware_auto_system_msgs/autoware_auto_system_msgs/msg/detail/hazard_status_stamped__builder.hpp
[19.784s] -- Installing: /home/carla/Github/C-V2X-Autoware-Carla/install/autoware_auto_system_msgs/include/autoware_auto_system_msgs/autoware_auto_system_msgs/msg/detail/emergency_state__traits.hpp
[19.784s] -- Installing: /home/carla/Github/C-V2X-Autoware-Carla/install/autoware_auto_system_msgs/include/autoware_auto_system_msgs/autoware_auto_system_msgs/msg/detail/diagnostic_header__builder.hpp
[19.784s] -- Installing: /home/carla/Github/C-V2X-Autoware-Carla/install/autoware_auto_system_msgs/include/autoware_auto_system_msgs/autoware_auto_system_msgs/msg/detail/autoware_state__builder.hpp
[19.784s] -- Installing: /home/carla/Github/C-V2X-Autoware-Carla/install/autoware_auto_system_msgs/include/autoware_auto_system_msgs/autoware_auto_system_msgs/msg/detail/driving_capability__traits.hpp
[19.784s] -- Installing: /home/carla/Github/C-V2X-Autoware-Carla/install/autoware_auto_system_msgs/include/autoware_auto_system_msgs/autoware_auto_system_msgs/msg/detail/control_diagnostic__traits.hpp
[19.784s] -- Installing: /home/carla/Github/C-V2X-Autoware-Carla/install/autoware_auto_system_msgs/include/autoware_auto_system_msgs/autoware_auto_system_msgs/msg/detail/hazard_status__struct.hpp
[19.784s] -- Installing: /home/carla/Github/C-V2X-Autoware-Carla/install/autoware_auto_system_msgs/include/autoware_auto_system_msgs/autoware_auto_system_msgs/msg/detail/control_diagnostic__struct.hpp
[19.784s] -- Installing: /home/carla/Github/C-V2X-Autoware-Carla/install/autoware_auto_system_msgs/include/autoware_auto_system_msgs/autoware_auto_system_msgs/msg/detail/hazard_status_stamped__struct.hpp
[19.784s] -- Installing: /home/carla/Github/C-V2X-Autoware-Carla/install/autoware_auto_system_msgs/include/autoware_auto_system_msgs/autoware_auto_system_msgs/msg/detail/autoware_state__traits.hpp
[19.784s] -- Installing: /home/carla/Github/C-V2X-Autoware-Carla/install/autoware_auto_system_msgs/include/autoware_auto_system_msgs/autoware_auto_system_msgs/msg/detail/hazard_status__builder.hpp
[19.784s] -- Installing: /home/carla/Github/C-V2X-Autoware-Carla/install/autoware_auto_system_msgs/include/autoware_auto_system_msgs/autoware_auto_system_msgs/msg/detail/control_diagnostic__builder.hpp
[19.784s] -- Installing: /home/carla/Github/C-V2X-Autoware-Carla/install/autoware_auto_system_msgs/include/autoware_auto_system_msgs/autoware_auto_system_msgs/msg/autoware_state.hpp
[19.784s] -- Installing: /home/carla/Github/C-V2X-Autoware-Carla/install/autoware_auto_system_msgs/include/autoware_auto_system_msgs/autoware_auto_system_msgs/msg/driving_capability.hpp
[19.784s] -- Installing: /home/carla/Github/C-V2X-Autoware-Carla/install/autoware_auto_system_msgs/include/autoware_auto_system_msgs/autoware_auto_system_msgs/msg/diagnostic_header.hpp
[19.784s] -- Installing: /home/carla/Github/C-V2X-Autoware-Carla/install/autoware_auto_system_msgs/include/autoware_auto_system_msgs/autoware_auto_system_msgs/msg/hazard_status.hpp
[19.784s] -- Installing: /home/carla/Github/C-V2X-Autoware-Carla/install/autoware_auto_system_msgs/include/autoware_auto_system_msgs/autoware_auto_system_msgs/msg/hazard_status_stamped.hpp
[19.784s] -- Up-to-date: /home/carla/Github/C-V2X-Autoware-Carla/install/autoware_auto_system_msgs/include/autoware_auto_system_msgs/autoware_auto_system_msgs
[19.784s] -- Up-to-date: /home/carla/Github/C-V2X-Autoware-Carla/install/autoware_auto_system_msgs/include/autoware_auto_system_msgs/autoware_auto_system_msgs/msg
[19.784s] -- Up-to-date: /home/carla/Github/C-V2X-Autoware-Carla/install/autoware_auto_system_msgs/include/autoware_auto_system_msgs/autoware_auto_system_msgs/msg/detail
[19.785s] -- Installing: /home/carla/Github/C-V2X-Autoware-Carla/install/autoware_auto_system_msgs/include/autoware_auto_system_msgs/autoware_auto_system_msgs/msg/detail/hazard_status_stamped__rosidl_typesupport_introspection_cpp.hpp
[19.785s] -- Installing: /home/carla/Github/C-V2X-Autoware-Carla/install/autoware_auto_system_msgs/include/autoware_auto_system_msgs/autoware_auto_system_msgs/msg/detail/autoware_state__rosidl_typesupport_introspection_cpp.hpp
[19.785s] -- Installing: /home/carla/Github/C-V2X-Autoware-Carla/install/autoware_auto_system_msgs/include/autoware_auto_system_msgs/autoware_auto_system_msgs/msg/detail/diagnostic_header__rosidl_typesupport_introspection_cpp.hpp
[19.785s] -- Installing: /home/carla/Github/C-V2X-Autoware-Carla/install/autoware_auto_system_msgs/include/autoware_auto_system_msgs/autoware_auto_system_msgs/msg/detail/driving_capability__type_support.cpp
[19.785s] -- Installing: /home/carla/Github/C-V2X-Autoware-Carla/install/autoware_auto_system_msgs/include/autoware_auto_system_msgs/autoware_auto_system_msgs/msg/detail/hazard_status_stamped__type_support.cpp
[19.785s] -- Installing: /home/carla/Github/C-V2X-Autoware-Carla/install/autoware_auto_system_msgs/include/autoware_auto_system_msgs/autoware_auto_system_msgs/msg/detail/diagnostic_header__type_support.cpp
[19.785s] -- Installing: /home/carla/Github/C-V2X-Autoware-Carla/install/autoware_auto_system_msgs/include/autoware_auto_system_msgs/autoware_auto_system_msgs/msg/detail/autoware_state__type_support.cpp
[19.785s] -- Installing: /home/carla/Github/C-V2X-Autoware-Carla/install/autoware_auto_system_msgs/include/autoware_auto_system_msgs/autoware_auto_system_msgs/msg/detail/control_diagnostic__type_support.cpp
[19.785s] -- Installing: /home/carla/Github/C-V2X-Autoware-Carla/install/autoware_auto_system_msgs/include/autoware_auto_system_msgs/autoware_auto_system_msgs/msg/detail/hazard_status__rosidl_typesupport_introspection_cpp.hpp
[19.785s] -- Installing: /home/carla/Github/C-V2X-Autoware-Carla/install/autoware_auto_system_msgs/include/autoware_auto_system_msgs/autoware_auto_system_msgs/msg/detail/emergency_state__type_support.cpp
[19.785s] -- Installing: /home/carla/Github/C-V2X-Autoware-Carla/install/autoware_auto_system_msgs/include/autoware_auto_system_msgs/autoware_auto_system_msgs/msg/detail/emergency_state__rosidl_typesupport_introspection_cpp.hpp
[19.786s] -- Installing: /home/carla/Github/C-V2X-Autoware-Carla/install/autoware_auto_system_msgs/include/autoware_auto_system_msgs/autoware_auto_system_msgs/msg/detail/control_diagnostic__rosidl_typesupport_introspection_cpp.hpp
[19.786s] -- Installing: /home/carla/Github/C-V2X-Autoware-Carla/install/autoware_auto_system_msgs/include/autoware_auto_system_msgs/autoware_auto_system_msgs/msg/detail/hazard_status__type_support.cpp
[19.786s] -- Installing: /home/carla/Github/C-V2X-Autoware-Carla/install/autoware_auto_system_msgs/include/autoware_auto_system_msgs/autoware_auto_system_msgs/msg/detail/driving_capability__rosidl_typesupport_introspection_cpp.hpp
[19.786s] -- Installing: /home/carla/Github/C-V2X-Autoware-Carla/install/autoware_auto_system_msgs/lib/libautoware_auto_system_msgs__rosidl_typesupport_introspection_cpp.so
[19.786s] -- Set runtime path of "/home/carla/Github/C-V2X-Autoware-Carla/install/autoware_auto_system_msgs/lib/libautoware_auto_system_msgs__rosidl_typesupport_introspection_cpp.so" to ""
[19.786s] -- Up-to-date: /home/carla/Github/C-V2X-Autoware-Carla/install/autoware_auto_system_msgs/include/autoware_auto_system_msgs/autoware_auto_system_msgs
[19.786s] -- Up-to-date: /home/carla/Github/C-V2X-Autoware-Carla/install/autoware_auto_system_msgs/include/autoware_auto_system_msgs/autoware_auto_system_msgs/msg
[19.786s] -- Installing: /home/carla/Github/C-V2X-Autoware-Carla/install/autoware_auto_system_msgs/include/autoware_auto_system_msgs/autoware_auto_system_msgs/msg/rosidl_typesupport_fastrtps_cpp__visibility_control.h
[19.786s] -- Up-to-date: /home/carla/Github/C-V2X-Autoware-Carla/install/autoware_auto_system_msgs/include/autoware_auto_system_msgs/autoware_auto_system_msgs/msg/detail
[19.786s] -- Installing: /home/carla/Github/C-V2X-Autoware-Carla/install/autoware_auto_system_msgs/include/autoware_auto_system_msgs/autoware_auto_system_msgs/msg/detail/emergency_state__rosidl_typesupport_fastrtps_cpp.hpp
[19.786s] -- Installing: /home/carla/Github/C-V2X-Autoware-Carla/install/autoware_auto_system_msgs/include/autoware_auto_system_msgs/autoware_auto_system_msgs/msg/detail/diagnostic_header__rosidl_typesupport_fastrtps_cpp.hpp
[19.786s] -- Installing: /home/carla/Github/C-V2X-Autoware-Carla/install/autoware_auto_system_msgs/include/autoware_auto_system_msgs/autoware_auto_system_msgs/msg/detail/autoware_state__rosidl_typesupport_fastrtps_cpp.hpp
[19.786s] -- Installing: /home/carla/Github/C-V2X-Autoware-Carla/install/autoware_auto_system_msgs/include/autoware_auto_system_msgs/autoware_auto_system_msgs/msg/detail/hazard_status__rosidl_typesupport_fastrtps_cpp.hpp
[19.786s] -- Installing: /home/carla/Github/C-V2X-Autoware-Carla/install/autoware_auto_system_msgs/include/autoware_auto_system_msgs/autoware_auto_system_msgs/msg/detail/dds_fastrtps
[19.787s] -- Installing: /home/carla/Github/C-V2X-Autoware-Carla/install/autoware_auto_system_msgs/include/autoware_auto_system_msgs/autoware_auto_system_msgs/msg/detail/control_diagnostic__rosidl_typesupport_fastrtps_cpp.hpp
[19.787s] -- Installing: /home/carla/Github/C-V2X-Autoware-Carla/install/autoware_auto_system_msgs/include/autoware_auto_system_msgs/autoware_auto_system_msgs/msg/detail/hazard_status_stamped__rosidl_typesupport_fastrtps_cpp.hpp
[19.787s] -- Installing: /home/carla/Github/C-V2X-Autoware-Carla/install/autoware_auto_system_msgs/include/autoware_auto_system_msgs/autoware_auto_system_msgs/msg/detail/driving_capability__rosidl_typesupport_fastrtps_cpp.hpp
[19.787s] -- Installing: /home/carla/Github/C-V2X-Autoware-Carla/install/autoware_auto_system_msgs/lib/libautoware_auto_system_msgs__rosidl_typesupport_fastrtps_cpp.so
[19.787s] -- Set runtime path of "/home/carla/Github/C-V2X-Autoware-Carla/install/autoware_auto_system_msgs/lib/libautoware_auto_system_msgs__rosidl_typesupport_fastrtps_cpp.so" to ""
[19.787s] -- Installing: /home/carla/Github/C-V2X-Autoware-Carla/install/autoware_auto_system_msgs/lib/libautoware_auto_system_msgs__rosidl_typesupport_cpp.so
[19.787s] -- Set runtime path of "/home/carla/Github/C-V2X-Autoware-Carla/install/autoware_auto_system_msgs/lib/libautoware_auto_system_msgs__rosidl_typesupport_cpp.so" to ""
[19.787s] -- Installing: /home/carla/Github/C-V2X-Autoware-Carla/install/autoware_auto_system_msgs/share/autoware_auto_system_msgs/environment/pythonpath.sh
[19.787s] -- Installing: /home/carla/Github/C-V2X-Autoware-Carla/install/autoware_auto_system_msgs/share/autoware_auto_system_msgs/environment/pythonpath.dsv
[19.787s] -- Installing: /home/carla/Github/C-V2X-Autoware-Carla/install/autoware_auto_system_msgs/lib/python3.8/site-packages/autoware_auto_system_msgs-1.0.0-py3.8.egg-info
[19.787s] -- Installing: /home/carla/Github/C-V2X-Autoware-Carla/install/autoware_auto_system_msgs/lib/python3.8/site-packages/autoware_auto_system_msgs-1.0.0-py3.8.egg-info/SOURCES.txt
[19.787s] -- Installing: /home/carla/Github/C-V2X-Autoware-Carla/install/autoware_auto_system_msgs/lib/python3.8/site-packages/autoware_auto_system_msgs-1.0.0-py3.8.egg-info/PKG-INFO
[19.787s] -- Installing: /home/carla/Github/C-V2X-Autoware-Carla/install/autoware_auto_system_msgs/lib/python3.8/site-packages/autoware_auto_system_msgs-1.0.0-py3.8.egg-info/dependency_links.txt
[19.788s] -- Installing: /home/carla/Github/C-V2X-Autoware-Carla/install/autoware_auto_system_msgs/lib/python3.8/site-packages/autoware_auto_system_msgs-1.0.0-py3.8.egg-info/top_level.txt
[19.788s] -- Installing: /home/carla/Github/C-V2X-Autoware-Carla/install/autoware_auto_system_msgs/lib/python3.8/site-packages/autoware_auto_system_msgs
[19.788s] -- Installing: /home/carla/Github/C-V2X-Autoware-Carla/install/autoware_auto_system_msgs/lib/python3.8/site-packages/autoware_auto_system_msgs/libautoware_auto_system_msgs__rosidl_generator_py.so
[19.788s] -- Installing: /home/carla/Github/C-V2X-Autoware-Carla/install/autoware_auto_system_msgs/lib/python3.8/site-packages/autoware_auto_system_msgs/_autoware_auto_system_msgs_s.ep.rosidl_typesupport_fastrtps_c.c
[19.788s] -- Installing: /home/carla/Github/C-V2X-Autoware-Carla/install/autoware_auto_system_msgs/lib/python3.8/site-packages/autoware_auto_system_msgs/_autoware_auto_system_msgs_s.ep.rosidl_typesupport_introspection_c.c
[19.788s] -- Installing: /home/carla/Github/C-V2X-Autoware-Carla/install/autoware_auto_system_msgs/lib/python3.8/site-packages/autoware_auto_system_msgs/autoware_auto_system_msgs_s__rosidl_typesupport_introspection_c.cpython-38-x86_64-linux-gnu.so
[19.788s] -- Installing: /home/carla/Github/C-V2X-Autoware-Carla/install/autoware_auto_system_msgs/lib/python3.8/site-packages/autoware_auto_system_msgs/autoware_auto_system_msgs_s__rosidl_typesupport_fastrtps_c.cpython-38-x86_64-linux-gnu.so
[19.788s] -- Installing: /home/carla/Github/C-V2X-Autoware-Carla/install/autoware_auto_system_msgs/lib/python3.8/site-packages/autoware_auto_system_msgs/_autoware_auto_system_msgs_s.ep.rosidl_typesupport_c.c
[19.788s] -- Installing: /home/carla/Github/C-V2X-Autoware-Carla/install/autoware_auto_system_msgs/lib/python3.8/site-packages/autoware_auto_system_msgs/__init__.py
[19.788s] -- Installing: /home/carla/Github/C-V2X-Autoware-Carla/install/autoware_auto_system_msgs/lib/python3.8/site-packages/autoware_auto_system_msgs/msg
[19.788s] -- Installing: /home/carla/Github/C-V2X-Autoware-Carla/install/autoware_auto_system_msgs/lib/python3.8/site-packages/autoware_auto_system_msgs/msg/_diagnostic_header.py
[19.788s] -- Installing: /home/carla/Github/C-V2X-Autoware-Carla/install/autoware_auto_system_msgs/lib/python3.8/site-packages/autoware_auto_system_msgs/msg/_driving_capability_s.c
[19.788s] -- Installing: /home/carla/Github/C-V2X-Autoware-Carla/install/autoware_auto_system_msgs/lib/python3.8/site-packages/autoware_auto_system_msgs/msg/_diagnostic_header_s.c
[19.788s] -- Installing: /home/carla/Github/C-V2X-Autoware-Carla/install/autoware_auto_system_msgs/lib/python3.8/site-packages/autoware_auto_system_msgs/msg/_hazard_status_stamped.py
[19.788s] -- Installing: /home/carla/Github/C-V2X-Autoware-Carla/install/autoware_auto_system_msgs/lib/python3.8/site-packages/autoware_auto_system_msgs/msg/_control_diagnostic.py
[19.789s] -- Installing: /home/carla/Github/C-V2X-Autoware-Carla/install/autoware_auto_system_msgs/lib/python3.8/site-packages/autoware_auto_system_msgs/msg/_hazard_status_stamped_s.c
[19.789s] -- Installing: /home/carla/Github/C-V2X-Autoware-Carla/install/autoware_auto_system_msgs/lib/python3.8/site-packages/autoware_auto_system_msgs/msg/_driving_capability.py
[19.789s] -- Installing: /home/carla/Github/C-V2X-Autoware-Carla/install/autoware_auto_system_msgs/lib/python3.8/site-packages/autoware_auto_system_msgs/msg/_emergency_state_s.c
[19.789s] -- Installing: /home/carla/Github/C-V2X-Autoware-Carla/install/autoware_auto_system_msgs/lib/python3.8/site-packages/autoware_auto_system_msgs/msg/_emergency_state.py
[19.789s] -- Installing: /home/carla/Github/C-V2X-Autoware-Carla/install/autoware_auto_system_msgs/lib/python3.8/site-packages/autoware_auto_system_msgs/msg/_autoware_state.py
[19.789s] -- Installing: /home/carla/Github/C-V2X-Autoware-Carla/install/autoware_auto_system_msgs/lib/python3.8/site-packages/autoware_auto_system_msgs/msg/_hazard_status.py
[19.789s] -- Installing: /home/carla/Github/C-V2X-Autoware-Carla/install/autoware_auto_system_msgs/lib/python3.8/site-packages/autoware_auto_system_msgs/msg/_control_diagnostic_s.c
[19.789s] -- Installing: /home/carla/Github/C-V2X-Autoware-Carla/install/autoware_auto_system_msgs/lib/python3.8/site-packages/autoware_auto_system_msgs/msg/__init__.py
[19.789s] -- Installing: /home/carla/Github/C-V2X-Autoware-Carla/install/autoware_auto_system_msgs/lib/python3.8/site-packages/autoware_auto_system_msgs/msg/_hazard_status_s.c
[19.789s] -- Installing: /home/carla/Github/C-V2X-Autoware-Carla/install/autoware_auto_system_msgs/lib/python3.8/site-packages/autoware_auto_system_msgs/msg/_autoware_state_s.c
[19.789s] -- Installing: /home/carla/Github/C-V2X-Autoware-Carla/install/autoware_auto_system_msgs/lib/python3.8/site-packages/autoware_auto_system_msgs/autoware_auto_system_msgs_s__rosidl_typesupport_c.cpython-38-x86_64-linux-gnu.so
[20.059s] Listing '/home/carla/Github/C-V2X-Autoware-Carla/install/autoware_auto_system_msgs/lib/python3.8/site-packages/autoware_auto_system_msgs'...
[20.059s] Compiling '/home/carla/Github/C-V2X-Autoware-Carla/install/autoware_auto_system_msgs/lib/python3.8/site-packages/autoware_auto_system_msgs/__init__.py'...
[20.059s] Listing '/home/carla/Github/C-V2X-Autoware-Carla/install/autoware_auto_system_msgs/lib/python3.8/site-packages/autoware_auto_system_msgs/msg'...
[20.059s] Compiling '/home/carla/Github/C-V2X-Autoware-Carla/install/autoware_auto_system_msgs/lib/python3.8/site-packages/autoware_auto_system_msgs/msg/__init__.py'...
[20.059s] Compiling '/home/carla/Github/C-V2X-Autoware-Carla/install/autoware_auto_system_msgs/lib/python3.8/site-packages/autoware_auto_system_msgs/msg/_autoware_state.py'...
[20.059s] Compiling '/home/carla/Github/C-V2X-Autoware-Carla/install/autoware_auto_system_msgs/lib/python3.8/site-packages/autoware_auto_system_msgs/msg/_control_diagnostic.py'...
[20.060s] Compiling '/home/carla/Github/C-V2X-Autoware-Carla/install/autoware_auto_system_msgs/lib/python3.8/site-packages/autoware_auto_system_msgs/msg/_diagnostic_header.py'...
[20.060s] Compiling '/home/carla/Github/C-V2X-Autoware-Carla/install/autoware_auto_system_msgs/lib/python3.8/site-packages/autoware_auto_system_msgs/msg/_driving_capability.py'...
[20.060s] Compiling '/home/carla/Github/C-V2X-Autoware-Carla/install/autoware_auto_system_msgs/lib/python3.8/site-packages/autoware_auto_system_msgs/msg/_emergency_state.py'...
[20.060s] Compiling '/home/carla/Github/C-V2X-Autoware-Carla/install/autoware_auto_system_msgs/lib/python3.8/site-packages/autoware_auto_system_msgs/msg/_hazard_status.py'...
[20.060s] Compiling '/home/carla/Github/C-V2X-Autoware-Carla/install/autoware_auto_system_msgs/lib/python3.8/site-packages/autoware_auto_system_msgs/msg/_hazard_status_stamped.py'...
[20.062s] -- Installing: /home/carla/Github/C-V2X-Autoware-Carla/install/autoware_auto_system_msgs/lib/python3.8/site-packages/autoware_auto_system_msgs/autoware_auto_system_msgs_s__rosidl_typesupport_introspection_c.cpython-38-x86_64-linux-gnu.so
[20.063s] -- Set runtime path of "/home/carla/Github/C-V2X-Autoware-Carla/install/autoware_auto_system_msgs/lib/python3.8/site-packages/autoware_auto_system_msgs/autoware_auto_system_msgs_s__rosidl_typesupport_introspection_c.cpython-38-x86_64-linux-gnu.so" to ""
[20.063s] -- Installing: /home/carla/Github/C-V2X-Autoware-Carla/install/autoware_auto_system_msgs/lib/python3.8/site-packages/autoware_auto_system_msgs/autoware_auto_system_msgs_s__rosidl_typesupport_fastrtps_c.cpython-38-x86_64-linux-gnu.so
[20.063s] -- Set runtime path of "/home/carla/Github/C-V2X-Autoware-Carla/install/autoware_auto_system_msgs/lib/python3.8/site-packages/autoware_auto_system_msgs/autoware_auto_system_msgs_s__rosidl_typesupport_fastrtps_c.cpython-38-x86_64-linux-gnu.so" to ""
[20.063s] -- Installing: /home/carla/Github/C-V2X-Autoware-Carla/install/autoware_auto_system_msgs/lib/python3.8/site-packages/autoware_auto_system_msgs/autoware_auto_system_msgs_s__rosidl_typesupport_c.cpython-38-x86_64-linux-gnu.so
[20.064s] -- Set runtime path of "/home/carla/Github/C-V2X-Autoware-Carla/install/autoware_auto_system_msgs/lib/python3.8/site-packages/autoware_auto_system_msgs/autoware_auto_system_msgs_s__rosidl_typesupport_c.cpython-38-x86_64-linux-gnu.so" to ""
[20.064s] -- Installing: /home/carla/Github/C-V2X-Autoware-Carla/install/autoware_auto_system_msgs/lib/libautoware_auto_system_msgs__rosidl_generator_py.so
[20.064s] -- Set runtime path of "/home/carla/Github/C-V2X-Autoware-Carla/install/autoware_auto_system_msgs/lib/libautoware_auto_system_msgs__rosidl_generator_py.so" to ""
[20.064s] -- Installing: /home/carla/Github/C-V2X-Autoware-Carla/install/autoware_auto_system_msgs/share/autoware_auto_system_msgs/msg/AutowareState.idl
[20.064s] -- Installing: /home/carla/Github/C-V2X-Autoware-Carla/install/autoware_auto_system_msgs/share/autoware_auto_system_msgs/msg/ControlDiagnostic.idl
[20.064s] -- Installing: /home/carla/Github/C-V2X-Autoware-Carla/install/autoware_auto_system_msgs/share/autoware_auto_system_msgs/msg/DiagnosticHeader.idl
[20.064s] -- Installing: /home/carla/Github/C-V2X-Autoware-Carla/install/autoware_auto_system_msgs/share/autoware_auto_system_msgs/msg/DrivingCapability.idl
[20.064s] -- Installing: /home/carla/Github/C-V2X-Autoware-Carla/install/autoware_auto_system_msgs/share/autoware_auto_system_msgs/msg/EmergencyState.idl
[20.064s] -- Installing: /home/carla/Github/C-V2X-Autoware-Carla/install/autoware_auto_system_msgs/share/autoware_auto_system_msgs/msg/HazardStatus.idl
[20.064s] -- Installing: /home/carla/Github/C-V2X-Autoware-Carla/install/autoware_auto_system_msgs/share/autoware_auto_system_msgs/msg/HazardStatusStamped.idl
[20.065s] -- Installing: /home/carla/Github/C-V2X-Autoware-Carla/install/autoware_auto_system_msgs/share/ament_index/resource_index/package_run_dependencies/autoware_auto_system_msgs
[20.065s] -- Installing: /home/carla/Github/C-V2X-Autoware-Carla/install/autoware_auto_system_msgs/share/ament_index/resource_index/parent_prefix_path/autoware_auto_system_msgs
[20.065s] -- Installing: /home/carla/Github/C-V2X-Autoware-Carla/install/autoware_auto_system_msgs/share/autoware_auto_system_msgs/environment/ament_prefix_path.sh
[20.065s] -- Installing: /home/carla/Github/C-V2X-Autoware-Carla/install/autoware_auto_system_msgs/share/autoware_auto_system_msgs/environment/ament_prefix_path.dsv
[20.065s] -- Installing: /home/carla/Github/C-V2X-Autoware-Carla/install/autoware_auto_system_msgs/share/autoware_auto_system_msgs/environment/path.sh
[20.065s] -- Installing: /home/carla/Github/C-V2X-Autoware-Carla/install/autoware_auto_system_msgs/share/autoware_auto_system_msgs/environment/path.dsv
[20.065s] -- Installing: /home/carla/Github/C-V2X-Autoware-Carla/install/autoware_auto_system_msgs/share/autoware_auto_system_msgs/local_setup.bash
[20.065s] -- Installing: /home/carla/Github/C-V2X-Autoware-Carla/install/autoware_auto_system_msgs/share/autoware_auto_system_msgs/local_setup.sh
[20.065s] -- Installing: /home/carla/Github/C-V2X-Autoware-Carla/install/autoware_auto_system_msgs/share/autoware_auto_system_msgs/local_setup.zsh
[20.065s] -- Installing: /home/carla/Github/C-V2X-Autoware-Carla/install/autoware_auto_system_msgs/share/autoware_auto_system_msgs/local_setup.dsv
[20.065s] -- Installing: /home/carla/Github/C-V2X-Autoware-Carla/install/autoware_auto_system_msgs/share/autoware_auto_system_msgs/package.dsv
[20.065s] -- Installing: /home/carla/Github/C-V2X-Autoware-Carla/install/autoware_auto_system_msgs/share/ament_index/resource_index/packages/autoware_auto_system_msgs
[20.065s] -- Installing: /home/carla/Github/C-V2X-Autoware-Carla/install/autoware_auto_system_msgs/share/autoware_auto_system_msgs/cmake/export_autoware_auto_system_msgs__rosidl_generator_cExport.cmake
[20.065s] -- Installing: /home/carla/Github/C-V2X-Autoware-Carla/install/autoware_auto_system_msgs/share/autoware_auto_system_msgs/cmake/export_autoware_auto_system_msgs__rosidl_generator_cExport-noconfig.cmake
[20.066s] -- Installing: /home/carla/Github/C-V2X-Autoware-Carla/install/autoware_auto_system_msgs/share/autoware_auto_system_msgs/cmake/autoware_auto_system_msgs__rosidl_typesupport_introspection_cExport.cmake
[20.066s] -- Installing: /home/carla/Github/C-V2X-Autoware-Carla/install/autoware_auto_system_msgs/share/autoware_auto_system_msgs/cmake/autoware_auto_system_msgs__rosidl_typesupport_introspection_cExport-noconfig.cmake
[20.066s] -- Installing: /home/carla/Github/C-V2X-Autoware-Carla/install/autoware_auto_system_msgs/share/autoware_auto_system_msgs/cmake/export_autoware_auto_system_msgs__rosidl_typesupport_fastrtps_cExport.cmake
[20.066s] -- Installing: /home/carla/Github/C-V2X-Autoware-Carla/install/autoware_auto_system_msgs/share/autoware_auto_system_msgs/cmake/export_autoware_auto_system_msgs__rosidl_typesupport_fastrtps_cExport-noconfig.cmake
[20.066s] -- Installing: /home/carla/Github/C-V2X-Autoware-Carla/install/autoware_auto_system_msgs/share/autoware_auto_system_msgs/cmake/autoware_auto_system_msgs__rosidl_typesupport_cExport.cmake
[20.066s] -- Installing: /home/carla/Github/C-V2X-Autoware-Carla/install/autoware_auto_system_msgs/share/autoware_auto_system_msgs/cmake/autoware_auto_system_msgs__rosidl_typesupport_cExport-noconfig.cmake
[20.066s] -- Installing: /home/carla/Github/C-V2X-Autoware-Carla/install/autoware_auto_system_msgs/share/autoware_auto_system_msgs/cmake/export_autoware_auto_system_msgs__rosidl_generator_cppExport.cmake
[20.066s] -- Installing: /home/carla/Github/C-V2X-Autoware-Carla/install/autoware_auto_system_msgs/share/autoware_auto_system_msgs/cmake/autoware_auto_system_msgs__rosidl_typesupport_introspection_cppExport.cmake
[20.066s] -- Installing: /home/carla/Github/C-V2X-Autoware-Carla/install/autoware_auto_system_msgs/share/autoware_auto_system_msgs/cmake/autoware_auto_system_msgs__rosidl_typesupport_introspection_cppExport-noconfig.cmake
[20.066s] -- Installing: /home/carla/Github/C-V2X-Autoware-Carla/install/autoware_auto_system_msgs/share/autoware_auto_system_msgs/cmake/export_autoware_auto_system_msgs__rosidl_typesupport_fastrtps_cppExport.cmake
[20.066s] -- Installing: /home/carla/Github/C-V2X-Autoware-Carla/install/autoware_auto_system_msgs/share/autoware_auto_system_msgs/cmake/export_autoware_auto_system_msgs__rosidl_typesupport_fastrtps_cppExport-noconfig.cmake
[20.066s] -- Installing: /home/carla/Github/C-V2X-Autoware-Carla/install/autoware_auto_system_msgs/share/autoware_auto_system_msgs/cmake/autoware_auto_system_msgs__rosidl_typesupport_cppExport.cmake
[20.066s] -- Installing: /home/carla/Github/C-V2X-Autoware-Carla/install/autoware_auto_system_msgs/share/autoware_auto_system_msgs/cmake/autoware_auto_system_msgs__rosidl_typesupport_cppExport-noconfig.cmake
[20.067s] -- Installing: /home/carla/Github/C-V2X-Autoware-Carla/install/autoware_auto_system_msgs/share/autoware_auto_system_msgs/cmake/export_autoware_auto_system_msgs__rosidl_generator_pyExport.cmake
[20.067s] -- Installing: /home/carla/Github/C-V2X-Autoware-Carla/install/autoware_auto_system_msgs/share/autoware_auto_system_msgs/cmake/export_autoware_auto_system_msgs__rosidl_generator_pyExport-noconfig.cmake
[20.067s] -- Installing: /home/carla/Github/C-V2X-Autoware-Carla/install/autoware_auto_system_msgs/share/autoware_auto_system_msgs/cmake/rosidl_cmake-extras.cmake
[20.067s] -- Installing: /home/carla/Github/C-V2X-Autoware-Carla/install/autoware_auto_system_msgs/share/autoware_auto_system_msgs/cmake/ament_cmake_export_dependencies-extras.cmake
[20.067s] -- Installing: /home/carla/Github/C-V2X-Autoware-Carla/install/autoware_auto_system_msgs/share/autoware_auto_system_msgs/cmake/ament_cmake_export_include_directories-extras.cmake
[20.067s] -- Installing: /home/carla/Github/C-V2X-Autoware-Carla/install/autoware_auto_system_msgs/share/autoware_auto_system_msgs/cmake/ament_cmake_export_libraries-extras.cmake
[20.067s] -- Installing: /home/carla/Github/C-V2X-Autoware-Carla/install/autoware_auto_system_msgs/share/autoware_auto_system_msgs/cmake/ament_cmake_export_targets-extras.cmake
[20.067s] -- Installing: /home/carla/Github/C-V2X-Autoware-Carla/install/autoware_auto_system_msgs/share/autoware_auto_system_msgs/cmake/rosidl_cmake_export_typesupport_targets-extras.cmake
[20.067s] -- Installing: /home/carla/Github/C-V2X-Autoware-Carla/install/autoware_auto_system_msgs/share/autoware_auto_system_msgs/cmake/rosidl_cmake_export_typesupport_libraries-extras.cmake
[20.067s] -- Installing: /home/carla/Github/C-V2X-Autoware-Carla/install/autoware_auto_system_msgs/share/autoware_auto_system_msgs/cmake/autoware_auto_system_msgsConfig.cmake
[20.067s] -- Installing: /home/carla/Github/C-V2X-Autoware-Carla/install/autoware_auto_system_msgs/share/autoware_auto_system_msgs/cmake/autoware_auto_system_msgsConfig-version.cmake
[20.067s] -- Installing: /home/carla/Github/C-V2X-Autoware-Carla/install/autoware_auto_system_msgs/share/autoware_auto_system_msgs/package.xml
[20.076s] Invoked command in '/home/carla/Github/C-V2X-Autoware-Carla/build/autoware_auto_system_msgs' returned '0': CMAKE_PREFIX_PATH=${CMAKE_PREFIX_PATH}:/home/carla/Github/C-V2X-Autoware-Carla/install/vehicle:/home/carla/Github/C-V2X-Autoware-Carla/install/infrastructure:/home/carla/ros2_humble/install/rqt_bag_plugins:/home/carla/ros2_humble/install/rqt_bag:/home/carla/ros2_humble/install/ros2bag:/home/carla/ros2_humble/install/tracetools_test:/home/carla/ros2_humble/install/tracetools_launch:/home/carla/ros2_humble/install/topic_monitor:/home/carla/ros2_humble/install/tf2_tools:/home/carla/ros2_humble/install/examples_tf2_py:/home/carla/ros2_humble/install/tf2_ros_py:/home/carla/ros2_humble/install/sros2:/home/carla/ros2_humble/install/rqt_topic:/home/carla/ros2_humble/install/rqt_srv:/home/carla/ros2_humble/install/rqt_shell:/home/carla/ros2_humble/install/rqt_service_caller:/home/carla/ros2_humble/install/rqt_reconfigure:/home/carla/ros2_humble/install/rqt_py_console:/home/carla/ros2_humble/install/rqt_publisher:/home/carla/ros2_humble/install/rqt_plot:/home/carla/ros2_humble/install/rqt_action:/home/carla/ros2_humble/install/rqt_msg:/home/carla/ros2_humble/install/rqt_console:/home/carla/ros2_humble/install/rqt:/home/carla/ros2_humble/install/rqt_graph:/home/carla/ros2_humble/install/rqt_gui_py:/home/carla/ros2_humble/install/rqt_gui:/home/carla/ros2_humble/install/ros2trace:/home/carla/ros2_humble/install/ros2topic:/home/carla/ros2_humble/install/ros2test:/home/carla/ros2_humble/install/ros2component:/home/carla/ros2_humble/install/ros2param:/home/carla/ros2_humble/install/ros2lifecycle:/home/carla/ros2_humble/install/ros2service:/home/carla/ros2_humble/install/ros2run:/home/carla/ros2_humble/install/ros2launch:/home/carla/ros2_humble/install/ros2pkg:/home/carla/ros2_humble/install/ros2node:/home/carla/ros2_humble/install/ros2multicast:/home/carla/ros2_humble/install/ros2interface:/home/carla/ros2_humble/install/ros2doctor:/home/carla/ros2_humble/install/ros2action:/home/carla/ros2_humble/install/ros2cli:/home/carla/ros2_humble/install/quality_of_service_demo_py:/home/carla/ros2_humble/install/lifecycle_py:/home/carla/ros2_humble/install/launch_testing_ros:/home/carla/ros2_humble/install/launch_ros:/home/carla/ros2_humble/install/examples_rclpy_pointcloud_publisher:/home/carla/ros2_humble/install/examples_rclpy_minimal_subscriber:/home/carla/ros2_humble/install/examples_rclpy_minimal_service:/home/carla/ros2_humble/install/examples_rclpy_minimal_publisher:/home/carla/ros2_humble/install/examples_rclpy_minimal_client:/home/carla/ros2_humble/install/examples_rclpy_minimal_action_server:/home/carla/ros2_humble/install/examples_rclpy_minimal_action_client:/home/carla/ros2_humble/install/examples_rclpy_guard_conditions:/home/carla/ros2_humble/install/examples_rclpy_executors:/home/carla/ros2_humble/install/demo_nodes_py:/home/carla/ros2_humble/install/action_tutorials_py:/home/carla/ros2_humble/install/ament_uncrustify:/home/carla/ros2_humble/install/tracetools_trace:/home/carla/ros2_humble/install/tracetools_read:/home/carla/ros2_humble/install/test_tracetools_launch:/home/carla/ros2_humble/install/test_launch_ros:/home/carla/ros2_humble/install/sensor_msgs_py:/home/carla/ros2_humble/install/rpyutils:/home/carla/ros2_humble/install/rosidl_runtime_py:/home/carla/ros2_humble/install/rosidl_cli:/home/carla/ros2_humble/install/launch_pytest:/home/carla/ros2_humble/install/launch_testing:/home/carla/ros2_humble/install/launch_yaml:/home/carla/ros2_humble/install/launch_xml:/home/carla/ros2_humble/install/launch:/home/carla/ros2_humble/install/osrf_pycommon:/home/carla/ros2_humble/install/launch_testing_examples:/home/carla/ros2_humble/install/domain_coordinator:/home/carla/ros2_humble/install/ament_xmllint:/home/carla/ros2_humble/install/ament_pyflakes:/home/carla/ros2_humble/install/ament_pycodestyle:/home/carla/ros2_humble/install/ament_pep257:/home/carla/ros2_humble/install/ament_pclint:/home/carla/ros2_humble/install/ament_package:/home/carla/ros2_humble/install/ament_mypy:/home/carla/ros2_humble/install/ament_lint_cmake:/home/carla/ros2_humble/install/ament_flake8:/home/carla/ros2_humble/install/ament_copyright:/home/carla/ros2_humble/install/ament_lint:/home/carla/ros2_humble/install/ament_index_python:/home/carla/ros2_humble/install/ament_cpplint:/home/carla/ros2_humble/install/ament_cppcheck:/home/carla/ros2_humble/install/ament_clang_tidy:/home/carla/ros2_humble/install/ament_clang_format /usr/bin/cmake --install /home/carla/Github/C-V2X-Autoware-Carla/build/autoware_auto_system_msgs
