[0.261s] Invoking command in '/media/william/blueicedrive/Github/AutowareUniverse-Carla/build/autoware_auto_control_msgs': /usr/bin/cmake --build /media/william/blueicedrive/Github/AutowareUniverse-Carla/build/autoware_auto_control_msgs -- -j20 -l20
[4.381s] [  1%] Built target autoware_auto_control_msgs__cpp
[4.395s] [35m[1mConsolidate compiler generated dependencies of target autoware_auto_control_msgs__rosidl_generator_c[0m
[4.406s] [35m[1mConsolidate compiler generated dependencies of target autoware_auto_control_msgs__rosidl_typesupport_cpp[0m
[4.431s] [35m[1mConsolidate compiler generated dependencies of target autoware_auto_control_msgs__rosidl_typesupport_introspection_cpp[0m
[4.456s] [35m[1mConsolidate compiler generated dependencies of target autoware_auto_control_msgs__rosidl_typesupport_fastrtps_cpp[0m
[4.478s] [ 12%] Built target autoware_auto_control_msgs__rosidl_generator_c
[4.479s] [35m[1mConsolidate compiler generated dependencies of target autoware_auto_control_msgs__rosidl_typesupport_c[0m
[4.510s] [35m[1mConsolidate compiler generated dependencies of target autoware_auto_control_msgs__rosidl_typesupport_fastrtps_c[0m
[4.545s] [35m[1mConsolidate compiler generated dependencies of target autoware_auto_control_msgs__rosidl_typesupport_introspection_c[0m
[4.556s] [ 12%] Built target ament_cmake_python_copy_autoware_auto_control_msgs
[4.684s] [ 23%] Built target autoware_auto_control_msgs__rosidl_typesupport_c
[4.693s] [ 34%] Built target autoware_auto_control_msgs__rosidl_typesupport_cpp
[5.195s] [ 47%] Built target autoware_auto_control_msgs__rosidl_typesupport_introspection_cpp
[5.247s] [ 56%] Built target autoware_auto_control_msgs__rosidl_typesupport_introspection_c
[5.514s] [ 67%] Built target autoware_auto_control_msgs__rosidl_typesupport_fastrtps_cpp
[6.156s] running egg_info
[6.169s] writing autoware_auto_control_msgs.egg-info/PKG-INFO
[6.176s] writing dependency_links to autoware_auto_control_msgs.egg-info/dependency_links.txt
[6.179s] writing top-level names to autoware_auto_control_msgs.egg-info/top_level.txt
[6.369s] gmake[1]: *** [CMakeFiles/Makefile2:240: CMakeFiles/autoware_auto_control_msgs__rosidl_typesupport_fastrtps_c.dir/all] Interrupt
[6.372s] interrupted
[6.421s] gmake[2]: *** [CMakeFiles/ament_cmake_python_build_autoware_auto_control_msgs_egg.dir/build.make:70: CMakeFiles/ament_cmake_python_build_autoware_auto_control_msgs_egg] Interrupt
[6.422s] gmake[1]: *** [CMakeFiles/Makefile2:447: CMakeFiles/ament_cmake_python_build_autoware_auto_control_msgs_egg.dir/all] Interrupt
[6.422s] gmake: *** [Makefile:146: all] Interrupt
