gmake[1]: *** [CMakeFiles/Makefile2:370: CMakeFiles/autoware_auto_system_msgs__rosidl_typesupport_introspection_cpp.dir/all] Interrupt
gmake[1]: *** [CMakeFiles/Makefile2:265: CMakeFiles/autoware_auto_system_msgs__rosidl_typesupport_introspection_c.dir/all] Interrupt
gmake[2]: *** [CMakeFiles/autoware_auto_system_msgs__rosidl_typesupport_fastrtps_c.dir/build.make:324: CMakeFiles/autoware_auto_system_msgs__rosidl_typesupport_fastrtps_c.dir/depend] Interrupt
gmake[2]: *** [CMakeFiles/autoware_auto_system_msgs__rosidl_typesupport_fastrtps_cpp.dir/build.make:319: CMakeFiles/autoware_auto_system_msgs__rosidl_typesupport_fastrtps_cpp.dir/depend] Interrupt
gmake[1]: *** [CMakeFiles/Makefile2:342: CMakeFiles/autoware_auto_system_msgs__rosidl_typesupport_fastrtps_cpp.dir/all] Interrupt
gmake[1]: *** [CMakeFiles/Makefile2:238: CMakeFiles/autoware_auto_system_msgs__rosidl_typesupport_fastrtps_c.dir/all] Interrupt
Traceback (most recent call last):
  File "/media/william/blueicedrive/Github/AutowareUniverse-Carla/build/autoware_auto_system_msgs/ament_cmake_python/autoware_auto_system_msgs/setup.py", line 1, in <module>
    from setuptools import find_packages
  File "/home/william/.local/lib/python3.10/site-packages/setuptools/__init__.py", line 16, in <module>
    from .dist import Distribution
  File "/home/william/.local/lib/python3.10/site-packages/setuptools/dist.py", line 24, in <module>
    from .extern.more_itertools import partition, unique_everseen
  File "<frozen importlib._bootstrap>", line 1027, in _find_and_load
  File "<frozen importlib._bootstrap>", line 1006, in _find_and_load_unlocked
  File "<frozen importlib._bootstrap>", line 674, in _load_unlocked
  File "<frozen importlib._bootstrap>", line 571, in module_from_spec
  File "/home/william/.local/lib/python3.10/site-packages/setuptools/extern/__init__.py", line 52, in create_module
    return self.load_module(spec.name)
  File "/home/william/.local/lib/python3.10/site-packages/setuptools/extern/__init__.py", line 37, in load_module
    __import__(extant)
  File "/home/william/.local/lib/python3.10/site-packages/setuptools/_vendor/more_itertools/__init__.py", line 1, in <module>
    from .more import *  # noqa
  File "/home/william/.local/lib/python3.10/site-packages/setuptools/_vendor/more_itertools/more.py", line 22, in <module>
    from queue import Empty, Queue
  File "/usr/lib/python3.10/queue.py", line 9, in <module>
    from _queue import SimpleQueue
  File "<frozen importlib._bootstrap>", line 1027, in _find_and_load
  File "<frozen importlib._bootstrap>", line 1002, in _find_and_load_unlocked
  File "<frozen importlib._bootstrap>", line 945, in _find_spec
  File "<frozen importlib._bootstrap_external>", line 1439, in find_spec
  File "<frozen importlib._bootstrap_external>", line 1411, in _get_spec
  File "<frozen importlib._bootstrap_external>", line 1544, in find_spec
  File "<frozen importlib._bootstrap_external>", line 147, in _path_stat
KeyboardInterrupt
gmake[2]: *** [CMakeFiles/ament_cmake_python_build_autoware_auto_system_msgs_egg.dir/build.make:70: CMakeFiles/ament_cmake_python_build_autoware_auto_system_msgs_egg] Interrupt
gmake[1]: *** [CMakeFiles/Makefile2:447: CMakeFiles/ament_cmake_python_build_autoware_auto_system_msgs_egg.dir/all] Interrupt
gmake: *** [Makefile:146: all] Interrupt
