[0.315s] Invoking command in '/media/william/blueicedrive/Github/AutowareUniverse-Carla/build/autoware_auto_system_msgs': /usr/bin/cmake --build /media/william/blueicedrive/Github/AutowareUniverse-Carla/build/autoware_auto_system_msgs -- -j20 -l20
[4.559s] [  1%] Built target autoware_auto_system_msgs__cpp
[4.568s] [35m[1mConsolidate compiler generated dependencies of target autoware_auto_system_msgs__rosidl_generator_c[0m
[4.581s] [35m[1mConsolidate compiler generated dependencies of target autoware_auto_system_msgs__rosidl_typesupport_cpp[0m
[4.606s] [35m[1mConsolidate compiler generated dependencies of target autoware_auto_system_msgs__rosidl_typesupport_introspection_cpp[0m
[4.621s] [35m[1mConsolidate compiler generated dependencies of target autoware_auto_system_msgs__rosidl_typesupport_fastrtps_cpp[0m
[4.629s] [ 12%] Built target autoware_auto_system_msgs__rosidl_generator_c
[4.714s] [35m[1mConsolidate compiler generated dependencies of target autoware_auto_system_msgs__rosidl_typesupport_c[0m
[4.881s] [ 12%] Built target ament_cmake_python_copy_autoware_auto_system_msgs
[5.207s] [35m[1mConsolidate compiler generated dependencies of target autoware_auto_system_msgs__rosidl_typesupport_introspection_c[0m
[5.209s] [35m[1mConsolidate compiler generated dependencies of target autoware_auto_system_msgs__rosidl_typesupport_fastrtps_c[0m
[6.132s] [ 24%] Built target autoware_auto_system_msgs__rosidl_typesupport_c
[6.155s] [ 35%] Built target autoware_auto_system_msgs__rosidl_typesupport_cpp
[6.349s] gmake[1]: *** [CMakeFiles/Makefile2:370: CMakeFiles/autoware_auto_system_msgs__rosidl_typesupport_introspection_cpp.dir/all] Interrupt
[6.355s] gmake[1]: *** [CMakeFiles/Makefile2:265: CMakeFiles/autoware_auto_system_msgs__rosidl_typesupport_introspection_c.dir/all] Interrupt
[6.373s] gmake[2]: *** [CMakeFiles/autoware_auto_system_msgs__rosidl_typesupport_fastrtps_c.dir/build.make:324: CMakeFiles/autoware_auto_system_msgs__rosidl_typesupport_fastrtps_c.dir/depend] Interrupt
[6.374s] gmake[2]: *** [CMakeFiles/autoware_auto_system_msgs__rosidl_typesupport_fastrtps_cpp.dir/build.make:319: CMakeFiles/autoware_auto_system_msgs__rosidl_typesupport_fastrtps_cpp.dir/depend] Interrupt
[6.377s] gmake[1]: *** [CMakeFiles/Makefile2:342: CMakeFiles/autoware_auto_system_msgs__rosidl_typesupport_fastrtps_cpp.dir/all] Interrupt
[6.379s] gmake[1]: *** [CMakeFiles/Makefile2:238: CMakeFiles/autoware_auto_system_msgs__rosidl_typesupport_fastrtps_c.dir/all] Interrupt
[6.380s] Traceback (most recent call last):
[6.381s]   File "/media/william/blueicedrive/Github/AutowareUniverse-Carla/build/autoware_auto_system_msgs/ament_cmake_python/autoware_auto_system_msgs/setup.py", line 1, in <module>
[6.391s]     from setuptools import find_packages
[6.391s]   File "/home/william/.local/lib/python3.10/site-packages/setuptools/__init__.py", line 16, in <module>
[6.392s]     from .dist import Distribution
[6.393s]   File "/home/william/.local/lib/python3.10/site-packages/setuptools/dist.py", line 24, in <module>
[6.394s]     from .extern.more_itertools import partition, unique_everseen
[6.394s]   File "<frozen importlib._bootstrap>", line 1027, in _find_and_load
[6.396s]   File "<frozen importlib._bootstrap>", line 1006, in _find_and_load_unlocked
[6.397s]   File "<frozen importlib._bootstrap>", line 674, in _load_unlocked
[6.398s]   File "<frozen importlib._bootstrap>", line 571, in module_from_spec
[6.399s]   File "/home/william/.local/lib/python3.10/site-packages/setuptools/extern/__init__.py", line 52, in create_module
[6.399s]     return self.load_module(spec.name)
[6.400s]   File "/home/william/.local/lib/python3.10/site-packages/setuptools/extern/__init__.py", line 37, in load_module
[6.401s]     __import__(extant)
[6.402s]   File "/home/william/.local/lib/python3.10/site-packages/setuptools/_vendor/more_itertools/__init__.py", line 1, in <module>
[6.403s]     from .more import *  # noqa
[6.404s]   File "/home/william/.local/lib/python3.10/site-packages/setuptools/_vendor/more_itertools/more.py", line 22, in <module>
[6.404s]     from queue import Empty, Queue
[6.405s]   File "/usr/lib/python3.10/queue.py", line 9, in <module>
[6.406s]     from _queue import SimpleQueue
[6.407s]   File "<frozen importlib._bootstrap>", line 1027, in _find_and_load
[6.408s]   File "<frozen importlib._bootstrap>", line 1002, in _find_and_load_unlocked
[6.409s]   File "<frozen importlib._bootstrap>", line 945, in _find_spec
[6.409s]   File "<frozen importlib._bootstrap_external>", line 1439, in find_spec
[6.410s]   File "<frozen importlib._bootstrap_external>", line 1411, in _get_spec
[6.410s]   File "<frozen importlib._bootstrap_external>", line 1544, in find_spec
[6.411s]   File "<frozen importlib._bootstrap_external>", line 147, in _path_stat
[6.412s] KeyboardInterrupt
[6.423s] gmake[2]: *** [CMakeFiles/ament_cmake_python_build_autoware_auto_system_msgs_egg.dir/build.make:70: CMakeFiles/ament_cmake_python_build_autoware_auto_system_msgs_egg] Interrupt
[6.424s] gmake[1]: *** [CMakeFiles/Makefile2:447: CMakeFiles/ament_cmake_python_build_autoware_auto_system_msgs_egg.dir/all] Interrupt
[6.424s] gmake: *** [Makefile:146: all] Interrupt
