[1.761s] Invoking command in '/home/carla/Github/C-V2X-Autoware-Carla/build/autoware_auto_geometry_msgs': CMAKE_PREFIX_PATH=${CMAKE_PREFIX_PATH}:/home/carla/Github/C-V2X-Autoware-Carla/install/vehicle:/home/carla/Github/C-V2X-Autoware-Carla/install/map:/home/carla/Github/C-V2X-Autoware-Carla/install/infrastructure:/home/carla/ros2_humble/install/rqt_bag_plugins:/home/carla/ros2_humble/install/rqt_bag:/home/carla/ros2_humble/install/ros2bag:/home/carla/ros2_humble/install/tracetools_test:/home/carla/ros2_humble/install/tracetools_launch:/home/carla/ros2_humble/install/topic_monitor:/home/carla/ros2_humble/install/tf2_tools:/home/carla/ros2_humble/install/examples_tf2_py:/home/carla/ros2_humble/install/tf2_ros_py:/home/carla/ros2_humble/install/sros2:/home/carla/ros2_humble/install/rqt_topic:/home/carla/ros2_humble/install/rqt_srv:/home/carla/ros2_humble/install/rqt_shell:/home/carla/ros2_humble/install/rqt_service_caller:/home/carla/ros2_humble/install/rqt_reconfigure:/home/carla/ros2_humble/install/rqt_py_console:/home/carla/ros2_humble/install/rqt_publisher:/home/carla/ros2_humble/install/rqt_plot:/home/carla/ros2_humble/install/rqt_action:/home/carla/ros2_humble/install/rqt_msg:/home/carla/ros2_humble/install/rqt_console:/home/carla/ros2_humble/install/rqt:/home/carla/ros2_humble/install/rqt_graph:/home/carla/ros2_humble/install/rqt_gui_py:/home/carla/ros2_humble/install/rqt_gui:/home/carla/ros2_humble/install/ros2trace:/home/carla/ros2_humble/install/ros2topic:/home/carla/ros2_humble/install/ros2test:/home/carla/ros2_humble/install/ros2component:/home/carla/ros2_humble/install/ros2param:/home/carla/ros2_humble/install/ros2lifecycle:/home/carla/ros2_humble/install/ros2service:/home/carla/ros2_humble/install/ros2run:/home/carla/ros2_humble/install/ros2launch:/home/carla/ros2_humble/install/ros2pkg:/home/carla/ros2_humble/install/ros2node:/home/carla/ros2_humble/install/ros2multicast:/home/carla/ros2_humble/install/ros2interface:/home/carla/ros2_humble/install/ros2doctor:/home/carla/ros2_humble/install/ros2action:/home/carla/ros2_humble/install/ros2cli:/home/carla/ros2_humble/install/quality_of_service_demo_py:/home/carla/ros2_humble/install/lifecycle_py:/home/carla/ros2_humble/install/launch_testing_ros:/home/carla/ros2_humble/install/launch_ros:/home/carla/ros2_humble/install/examples_rclpy_pointcloud_publisher:/home/carla/ros2_humble/install/examples_rclpy_minimal_subscriber:/home/carla/ros2_humble/install/examples_rclpy_minimal_service:/home/carla/ros2_humble/install/examples_rclpy_minimal_publisher:/home/carla/ros2_humble/install/examples_rclpy_minimal_client:/home/carla/ros2_humble/install/examples_rclpy_minimal_action_server:/home/carla/ros2_humble/install/examples_rclpy_minimal_action_client:/home/carla/ros2_humble/install/examples_rclpy_guard_conditions:/home/carla/ros2_humble/install/examples_rclpy_executors:/home/carla/ros2_humble/install/demo_nodes_py:/home/carla/ros2_humble/install/action_tutorials_py:/home/carla/ros2_humble/install/ament_uncrustify:/home/carla/ros2_humble/install/tracetools_trace:/home/carla/ros2_humble/install/tracetools_read:/home/carla/ros2_humble/install/test_tracetools_launch:/home/carla/ros2_humble/install/test_launch_ros:/home/carla/ros2_humble/install/sensor_msgs_py:/home/carla/ros2_humble/install/rpyutils:/home/carla/ros2_humble/install/rosidl_runtime_py:/home/carla/ros2_humble/install/rosidl_cli:/home/carla/ros2_humble/install/launch_pytest:/home/carla/ros2_humble/install/launch_testing:/home/carla/ros2_humble/install/launch_yaml:/home/carla/ros2_humble/install/launch_xml:/home/carla/ros2_humble/install/launch:/home/carla/ros2_humble/install/osrf_pycommon:/home/carla/ros2_humble/install/launch_testing_examples:/home/carla/ros2_humble/install/domain_coordinator:/home/carla/ros2_humble/install/ament_xmllint:/home/carla/ros2_humble/install/ament_pyflakes:/home/carla/ros2_humble/install/ament_pycodestyle:/home/carla/ros2_humble/install/ament_pep257:/home/carla/ros2_humble/install/ament_pclint:/home/carla/ros2_humble/install/ament_package:/home/carla/ros2_humble/install/ament_mypy:/home/carla/ros2_humble/install/ament_lint_cmake:/home/carla/ros2_humble/install/ament_flake8:/home/carla/ros2_humble/install/ament_copyright:/home/carla/ros2_humble/install/ament_lint:/home/carla/ros2_humble/install/ament_index_python:/home/carla/ros2_humble/install/ament_cpplint:/home/carla/ros2_humble/install/ament_cppcheck:/home/carla/ros2_humble/install/ament_clang_tidy:/home/carla/ros2_humble/install/ament_clang_format /usr/bin/cmake /home/carla/Github/C-V2X-Autoware-Carla/src/autoware_auto_geometry_msgs -DAMENT_CMAKE_SYMLINK_INSTALL=1 -DCMAKE_INSTALL_PREFIX=/home/carla/Github/C-V2X-Autoware-Carla/install/autoware_auto_geometry_msgs
[3.669s] -- Found ament_cmake_auto: 1.3.3 (/home/carla/ros2_humble/install/ament_cmake_auto/share/ament_cmake_auto/cmake)
[4.080s] -- Override CMake install command with custom implementation using symlinks instead of copying resources
[4.652s] -- Using all available rosidl_typesupport_c: rosidl_typesupport_introspection_c;rosidl_typesupport_fastrtps_c
[4.660s] -- Found rosidl_adapter: 3.1.4 (/home/carla/ros2_humble/install/rosidl_adapter/share/rosidl_adapter/cmake)
[4.766s] -- Using all available rosidl_typesupport_cpp: rosidl_typesupport_introspection_cpp;rosidl_typesupport_fastrtps_cpp
[6.777s] -- Found ament_cmake_cppcheck: 0.12.5 (/home/carla/ros2_humble/install/ament_cmake_cppcheck/share/ament_cmake_cppcheck/cmake)
[6.777s] -- Found ament_cmake_cpplint: 0.12.5 (/home/carla/ros2_humble/install/ament_cmake_cpplint/share/ament_cmake_cpplint/cmake)
[6.778s] -- Found ament_cmake_uncrustify: 0.12.5 (/home/carla/ros2_humble/install/ament_cmake_uncrustify/share/ament_cmake_uncrustify/cmake)
[8.354s] -- Found ament_cmake_ros: 0.10.0 (/home/carla/ros2_humble/install/ament_cmake_ros/share/ament_cmake_ros/cmake)
[11.417s] -- Using all available rosidl_typesupport_c: rosidl_typesupport_introspection_c;rosidl_typesupport_fastrtps_c
[17.542s] -- Using all available rosidl_typesupport_cpp: rosidl_typesupport_introspection_cpp;rosidl_typesupport_fastrtps_cpp
[17.918s] -- Found python_cmake_module: 0.10.0 (/home/carla/ros2_humble/install/python_cmake_module/share/python_cmake_module/cmake)
[18.313s] -- Using PYTHON_EXECUTABLE: /usr/bin/python3
[18.313s] -- Using PYTHON_INCLUDE_DIRS: /usr/include/python3.8
[18.313s] -- Using PYTHON_LIBRARIES: /usr/lib/x86_64-linux-gnu/libpython3.8.so
[18.833s] -- Found ament_cmake_flake8: 0.12.5 (/home/carla/ros2_humble/install/ament_cmake_flake8/share/ament_cmake_flake8/cmake)
[18.833s] -- Found ament_cmake_pep257: 0.12.5 (/home/carla/ros2_humble/install/ament_cmake_pep257/share/ament_cmake_pep257/cmake)
[18.836s] -- Found ament_lint_auto: 0.12.5 (/home/carla/ros2_humble/install/ament_lint_auto/share/ament_lint_auto/cmake)
[18.855s] -- Added test 'copyright' to check source files copyright and LICENSE
[18.855s] -- Added test 'lint_cmake' to check CMake code style
[18.856s] -- Added test 'xmllint' to check XML markup files
[18.863s] -- Configuring done
[18.944s] -- Generating done
[18.947s] -- Build files have been written to: /home/carla/Github/C-V2X-Autoware-Carla/build/autoware_auto_geometry_msgs
