[0.042s] Invoking command in '/home/carla/Documents/GitHub/C-V2X-Autoware-Carla/build/cv_bridge': CMAKE_PREFIX_PATH=${CMAKE_PREFIX_PATH}:/home/carla/Documents/GitHub/C-V2X-Autoware-Carla/install/vehicle:/home/carla/Documents/GitHub/C-V2X-Autoware-Carla/install/opencv_tests:/home/carla/Documents/GitHub/C-V2X-Autoware-Carla/install/infrastructure:/opt/ros/galactic /usr/bin/cmake --build /home/carla/Documents/GitHub/C-V2X-Autoware-Carla/build/cv_bridge -- -j20 -l20
[0.265s] [ 12%] Built target gtest_main
[0.265s] [ 25%] Built target gtest
[0.266s] [ 43%] Built target cv_bridge
[0.266s] [ 43%] Built target ament_cmake_python_copy_cv_bridge
[0.266s] [ 81%] Built target cv_bridge-utest
[0.266s] [100%] Built target cv_bridge_boost
[0.275s] running egg_info
[0.282s] writing cv_bridge.egg-info/PKG-INFO
[0.282s] writing dependency_links to cv_bridge.egg-info/dependency_links.txt
[0.282s] writing top-level names to cv_bridge.egg-info/top_level.txt
[0.303s] reading manifest file 'cv_bridge.egg-info/SOURCES.txt'
[0.303s] writing manifest file 'cv_bridge.egg-info/SOURCES.txt'
[0.329s] [100%] Built target ament_cmake_python_build_cv_bridge_egg
[0.501s] Invoked command in '/home/carla/Documents/GitHub/C-V2X-Autoware-Carla/build/cv_bridge' returned '0': CMAKE_PREFIX_PATH=${CMAKE_PREFIX_PATH}:/home/carla/Documents/GitHub/C-V2X-Autoware-Carla/install/vehicle:/home/carla/Documents/GitHub/C-V2X-Autoware-Carla/install/opencv_tests:/home/carla/Documents/GitHub/C-V2X-Autoware-Carla/install/infrastructure:/opt/ros/galactic /usr/bin/cmake --build /home/carla/Documents/GitHub/C-V2X-Autoware-Carla/build/cv_bridge -- -j20 -l20
[0.523s] Invoking command in '/home/carla/Documents/GitHub/C-V2X-Autoware-Carla/build/cv_bridge': CMAKE_PREFIX_PATH=${CMAKE_PREFIX_PATH}:/home/carla/Documents/GitHub/C-V2X-Autoware-Carla/install/vehicle:/home/carla/Documents/GitHub/C-V2X-Autoware-Carla/install/opencv_tests:/home/carla/Documents/GitHub/C-V2X-Autoware-Carla/install/infrastructure:/opt/ros/galactic /usr/bin/cmake --install /home/carla/Documents/GitHub/C-V2X-Autoware-Carla/build/cv_bridge
[0.528s] -- Install configuration: ""
[0.528s] -- Up-to-date: /home/carla/Documents/GitHub/C-V2X-Autoware-Carla/install/cv_bridge/share/cv_bridge/environment/pythonpath.sh
[0.528s] -- Up-to-date: /home/carla/Documents/GitHub/C-V2X-Autoware-Carla/install/cv_bridge/share/cv_bridge/environment/pythonpath.dsv
[0.528s] -- Up-to-date: /home/carla/Documents/GitHub/C-V2X-Autoware-Carla/install/cv_bridge/lib/python3.8/site-packages//cv_bridge.egg-info
[0.528s] -- Installing: /home/carla/Documents/GitHub/C-V2X-Autoware-Carla/install/cv_bridge/lib/python3.8/site-packages//cv_bridge.egg-info/top_level.txt
[0.528s] -- Installing: /home/carla/Documents/GitHub/C-V2X-Autoware-Carla/install/cv_bridge/lib/python3.8/site-packages//cv_bridge.egg-info/SOURCES.txt
[0.528s] -- Installing: /home/carla/Documents/GitHub/C-V2X-Autoware-Carla/install/cv_bridge/lib/python3.8/site-packages//cv_bridge.egg-info/dependency_links.txt
[0.528s] -- Installing: /home/carla/Documents/GitHub/C-V2X-Autoware-Carla/install/cv_bridge/lib/python3.8/site-packages//cv_bridge.egg-info/PKG-INFO
[0.529s] -- Up-to-date: /home/carla/Documents/GitHub/C-V2X-Autoware-Carla/install/cv_bridge/lib/python3.8/site-packages/cv_bridge
[0.529s] -- Up-to-date: /home/carla/Documents/GitHub/C-V2X-Autoware-Carla/install/cv_bridge/lib/python3.8/site-packages/cv_bridge/core.py
[0.529s] -- Up-to-date: /home/carla/Documents/GitHub/C-V2X-Autoware-Carla/install/cv_bridge/lib/python3.8/site-packages/cv_bridge/__init__.py
[0.546s] Listing '/home/carla/Documents/GitHub/C-V2X-Autoware-Carla/install/cv_bridge/lib/python3.8/site-packages/cv_bridge'...
[0.546s] Listing '/home/carla/Documents/GitHub/C-V2X-Autoware-Carla/install/cv_bridge/lib/python3.8/site-packages/cv_bridge/boost'...
[0.549s] -- Up-to-date: /home/carla/Documents/GitHub/C-V2X-Autoware-Carla/install/cv_bridge/lib/libcv_bridge.so
[0.549s] -- Up-to-date: /home/carla/Documents/GitHub/C-V2X-Autoware-Carla/install/cv_bridge/include/cv_bridge/cv_bridge/cv_bridge_export.h
[0.549s] -- Up-to-date: /home/carla/Documents/GitHub/C-V2X-Autoware-Carla/install/cv_bridge/lib/python3.8/site-packages/cv_bridge/boost/cv_bridge_boost.so
[0.549s] -- Up-to-date: /home/carla/Documents/GitHub/C-V2X-Autoware-Carla/install/cv_bridge/include/cv_bridge
[0.549s] -- Up-to-date: /home/carla/Documents/GitHub/C-V2X-Autoware-Carla/install/cv_bridge/include/cv_bridge/cv_bridge
[0.549s] -- Up-to-date: /home/carla/Documents/GitHub/C-V2X-Autoware-Carla/install/cv_bridge/include/cv_bridge/cv_bridge/rgb_colors.h
[0.550s] -- Up-to-date: /home/carla/Documents/GitHub/C-V2X-Autoware-Carla/install/cv_bridge/include/cv_bridge/cv_bridge/cv_bridge.h
[0.550s] -- Up-to-date: /home/carla/Documents/GitHub/C-V2X-Autoware-Carla/install/cv_bridge/lib/libcv_bridge.so
[0.550s] -- Up-to-date: /home/carla/Documents/GitHub/C-V2X-Autoware-Carla/install/cv_bridge/share/ament_index/resource_index/package_run_dependencies/cv_bridge
[0.550s] -- Up-to-date: /home/carla/Documents/GitHub/C-V2X-Autoware-Carla/install/cv_bridge/share/ament_index/resource_index/parent_prefix_path/cv_bridge
[0.550s] -- Up-to-date: /home/carla/Documents/GitHub/C-V2X-Autoware-Carla/install/cv_bridge/share/cv_bridge/environment/ament_prefix_path.sh
[0.550s] -- Up-to-date: /home/carla/Documents/GitHub/C-V2X-Autoware-Carla/install/cv_bridge/share/cv_bridge/environment/ament_prefix_path.dsv
[0.550s] -- Up-to-date: /home/carla/Documents/GitHub/C-V2X-Autoware-Carla/install/cv_bridge/share/cv_bridge/environment/path.sh
[0.550s] -- Up-to-date: /home/carla/Documents/GitHub/C-V2X-Autoware-Carla/install/cv_bridge/share/cv_bridge/environment/path.dsv
[0.550s] -- Up-to-date: /home/carla/Documents/GitHub/C-V2X-Autoware-Carla/install/cv_bridge/share/cv_bridge/local_setup.bash
[0.550s] -- Up-to-date: /home/carla/Documents/GitHub/C-V2X-Autoware-Carla/install/cv_bridge/share/cv_bridge/local_setup.sh
[0.550s] -- Up-to-date: /home/carla/Documents/GitHub/C-V2X-Autoware-Carla/install/cv_bridge/share/cv_bridge/local_setup.zsh
[0.550s] -- Up-to-date: /home/carla/Documents/GitHub/C-V2X-Autoware-Carla/install/cv_bridge/share/cv_bridge/local_setup.dsv
[0.550s] -- Installing: /home/carla/Documents/GitHub/C-V2X-Autoware-Carla/install/cv_bridge/share/cv_bridge/package.dsv
[0.550s] -- Up-to-date: /home/carla/Documents/GitHub/C-V2X-Autoware-Carla/install/cv_bridge/share/ament_index/resource_index/packages/cv_bridge
[0.550s] -- Up-to-date: /home/carla/Documents/GitHub/C-V2X-Autoware-Carla/install/cv_bridge/share/cv_bridge/cmake/export_cv_bridgeExport.cmake
[0.550s] -- Up-to-date: /home/carla/Documents/GitHub/C-V2X-Autoware-Carla/install/cv_bridge/share/cv_bridge/cmake/export_cv_bridgeExport-noconfig.cmake
[0.550s] -- Up-to-date: /home/carla/Documents/GitHub/C-V2X-Autoware-Carla/install/cv_bridge/share/cv_bridge/cmake/cv_bridge-extras.cmake
[0.551s] -- Up-to-date: /home/carla/Documents/GitHub/C-V2X-Autoware-Carla/install/cv_bridge/share/cv_bridge/cmake/ament_cmake_export_dependencies-extras.cmake
[0.551s] -- Up-to-date: /home/carla/Documents/GitHub/C-V2X-Autoware-Carla/install/cv_bridge/share/cv_bridge/cmake/ament_cmake_export_targets-extras.cmake
[0.551s] -- Up-to-date: /home/carla/Documents/GitHub/C-V2X-Autoware-Carla/install/cv_bridge/share/cv_bridge/cmake/cv_bridgeConfig.cmake
[0.551s] -- Up-to-date: /home/carla/Documents/GitHub/C-V2X-Autoware-Carla/install/cv_bridge/share/cv_bridge/cmake/cv_bridgeConfig-version.cmake
[0.551s] -- Up-to-date: /home/carla/Documents/GitHub/C-V2X-Autoware-Carla/install/cv_bridge/share/cv_bridge/package.xml
[0.552s] Invoked command in '/home/carla/Documents/GitHub/C-V2X-Autoware-Carla/build/cv_bridge' returned '0': CMAKE_PREFIX_PATH=${CMAKE_PREFIX_PATH}:/home/carla/Documents/GitHub/C-V2X-Autoware-Carla/install/vehicle:/home/carla/Documents/GitHub/C-V2X-Autoware-Carla/install/opencv_tests:/home/carla/Documents/GitHub/C-V2X-Autoware-Carla/install/infrastructure:/opt/ros/galactic /usr/bin/cmake --install /home/carla/Documents/GitHub/C-V2X-Autoware-Carla/build/cv_bridge
