[0.206s] Invoking command in '/home/carla/Documents/GitHub/C-V2X-Autoware-Carla/build/vision_opencv': AMENT_PREFIX_PATH=/home/carla/Documents/GitHub/C-V2X-Autoware-Carla/install/image_geometry:/home/carla/Documents/GitHub/C-V2X-Autoware-Carla/install/cv_bridge:${AMENT_PREFIX_PATH} CMAKE_PREFIX_PATH=/home/carla/Documents/GitHub/C-V2X-Autoware-Carla/install/image_geometry:/home/carla/Documents/GitHub/C-V2X-Autoware-Carla/install/cv_bridge:/opt/ros/galactic LD_LIBRARY_PATH=/home/carla/Documents/GitHub/C-V2X-Autoware-Carla/install/image_geometry/lib:/home/carla/Documents/GitHub/C-V2X-Autoware-Carla/install/cv_bridge/lib:${LD_LIBRARY_PATH} PYTHONPATH=/home/carla/Documents/GitHub/C-V2X-Autoware-Carla/install/image_geometry/lib/python3.8/site-packages:/home/carla/Documents/GitHub/C-V2X-Autoware-Carla/install/cv_bridge/lib/python3.8/site-packages:${PYTHONPATH} /usr/bin/cmake /home/carla/Documents/GitHub/C-V2X-Autoware-Carla/src/vision_opencv/vision_opencv -DAMENT_CMAKE_SYMLINK_INSTALL=1 -DCMAKE_INSTALL_PREFIX=/home/carla/Documents/GitHub/C-V2X-Autoware-Carla/install/vision_opencv
[0.239s] -- The C compiler identification is GNU 9.4.0
[0.275s] -- The CXX compiler identification is GNU 9.4.0
[0.279s] -- Check for working C compiler: /usr/bin/cc
[0.319s] -- Check for working C compiler: /usr/bin/cc -- works
[0.320s] -- Detecting C compiler ABI info
[0.359s] -- Detecting C compiler ABI info - done
[0.370s] -- Detecting C compile features
[0.371s] -- Detecting C compile features - done
[0.373s] -- Check for working CXX compiler: /usr/bin/c++
[0.419s] -- Check for working CXX compiler: /usr/bin/c++ -- works
[0.420s] -- Detecting CXX compiler ABI info
[0.467s] -- Detecting CXX compiler ABI info - done
[0.478s] -- Detecting CXX compile features
[0.479s] -- Detecting CXX compile features - done
[0.480s] -- Found ament_cmake: 1.1.5 (/opt/ros/galactic/share/ament_cmake/cmake)
[0.497s] -- Found PythonInterp: /usr/bin/python3 (found suitable version "3.8.10", minimum required is "3") 
[0.497s] -- Using PYTHON_EXECUTABLE: /usr/bin/python3
[0.531s] -- Override CMake install command with custom implementation using symlinks instead of copying resources
[0.601s] -- Configuring done
[0.603s] -- Generating done
[0.604s] -- Build files have been written to: /home/carla/Documents/GitHub/C-V2X-Autoware-Carla/build/vision_opencv
[0.606s] Invoked command in '/home/carla/Documents/GitHub/C-V2X-Autoware-Carla/build/vision_opencv' returned '0': AMENT_PREFIX_PATH=/home/carla/Documents/GitHub/C-V2X-Autoware-Carla/install/image_geometry:/home/carla/Documents/GitHub/C-V2X-Autoware-Carla/install/cv_bridge:${AMENT_PREFIX_PATH} CMAKE_PREFIX_PATH=/home/carla/Documents/GitHub/C-V2X-Autoware-Carla/install/image_geometry:/home/carla/Documents/GitHub/C-V2X-Autoware-Carla/install/cv_bridge:/opt/ros/galactic LD_LIBRARY_PATH=/home/carla/Documents/GitHub/C-V2X-Autoware-Carla/install/image_geometry/lib:/home/carla/Documents/GitHub/C-V2X-Autoware-Carla/install/cv_bridge/lib:${LD_LIBRARY_PATH} PYTHONPATH=/home/carla/Documents/GitHub/C-V2X-Autoware-Carla/install/image_geometry/lib/python3.8/site-packages:/home/carla/Documents/GitHub/C-V2X-Autoware-Carla/install/cv_bridge/lib/python3.8/site-packages:${PYTHONPATH} /usr/bin/cmake /home/carla/Documents/GitHub/C-V2X-Autoware-Carla/src/vision_opencv/vision_opencv -DAMENT_CMAKE_SYMLINK_INSTALL=1 -DCMAKE_INSTALL_PREFIX=/home/carla/Documents/GitHub/C-V2X-Autoware-Carla/install/vision_opencv
[0.608s] Invoking command in '/home/carla/Documents/GitHub/C-V2X-Autoware-Carla/build/vision_opencv': AMENT_PREFIX_PATH=/home/carla/Documents/GitHub/C-V2X-Autoware-Carla/install/image_geometry:/home/carla/Documents/GitHub/C-V2X-Autoware-Carla/install/cv_bridge:${AMENT_PREFIX_PATH} CMAKE_PREFIX_PATH=/home/carla/Documents/GitHub/C-V2X-Autoware-Carla/install/image_geometry:/home/carla/Documents/GitHub/C-V2X-Autoware-Carla/install/cv_bridge:/opt/ros/galactic LD_LIBRARY_PATH=/home/carla/Documents/GitHub/C-V2X-Autoware-Carla/install/image_geometry/lib:/home/carla/Documents/GitHub/C-V2X-Autoware-Carla/install/cv_bridge/lib:${LD_LIBRARY_PATH} PYTHONPATH=/home/carla/Documents/GitHub/C-V2X-Autoware-Carla/install/image_geometry/lib/python3.8/site-packages:/home/carla/Documents/GitHub/C-V2X-Autoware-Carla/install/cv_bridge/lib/python3.8/site-packages:${PYTHONPATH} /usr/bin/cmake --build /home/carla/Documents/GitHub/C-V2X-Autoware-Carla/build/vision_opencv -- -j20 -l20
[0.629s] Invoked command in '/home/carla/Documents/GitHub/C-V2X-Autoware-Carla/build/vision_opencv' returned '0': AMENT_PREFIX_PATH=/home/carla/Documents/GitHub/C-V2X-Autoware-Carla/install/image_geometry:/home/carla/Documents/GitHub/C-V2X-Autoware-Carla/install/cv_bridge:${AMENT_PREFIX_PATH} CMAKE_PREFIX_PATH=/home/carla/Documents/GitHub/C-V2X-Autoware-Carla/install/image_geometry:/home/carla/Documents/GitHub/C-V2X-Autoware-Carla/install/cv_bridge:/opt/ros/galactic LD_LIBRARY_PATH=/home/carla/Documents/GitHub/C-V2X-Autoware-Carla/install/image_geometry/lib:/home/carla/Documents/GitHub/C-V2X-Autoware-Carla/install/cv_bridge/lib:${LD_LIBRARY_PATH} PYTHONPATH=/home/carla/Documents/GitHub/C-V2X-Autoware-Carla/install/image_geometry/lib/python3.8/site-packages:/home/carla/Documents/GitHub/C-V2X-Autoware-Carla/install/cv_bridge/lib/python3.8/site-packages:${PYTHONPATH} /usr/bin/cmake --build /home/carla/Documents/GitHub/C-V2X-Autoware-Carla/build/vision_opencv -- -j20 -l20
[0.642s] Invoking command in '/home/carla/Documents/GitHub/C-V2X-Autoware-Carla/build/vision_opencv': AMENT_PREFIX_PATH=/home/carla/Documents/GitHub/C-V2X-Autoware-Carla/install/image_geometry:/home/carla/Documents/GitHub/C-V2X-Autoware-Carla/install/cv_bridge:${AMENT_PREFIX_PATH} CMAKE_PREFIX_PATH=/home/carla/Documents/GitHub/C-V2X-Autoware-Carla/install/image_geometry:/home/carla/Documents/GitHub/C-V2X-Autoware-Carla/install/cv_bridge:/opt/ros/galactic LD_LIBRARY_PATH=/home/carla/Documents/GitHub/C-V2X-Autoware-Carla/install/image_geometry/lib:/home/carla/Documents/GitHub/C-V2X-Autoware-Carla/install/cv_bridge/lib:${LD_LIBRARY_PATH} PYTHONPATH=/home/carla/Documents/GitHub/C-V2X-Autoware-Carla/install/image_geometry/lib/python3.8/site-packages:/home/carla/Documents/GitHub/C-V2X-Autoware-Carla/install/cv_bridge/lib/python3.8/site-packages:${PYTHONPATH} /usr/bin/cmake --install /home/carla/Documents/GitHub/C-V2X-Autoware-Carla/build/vision_opencv
[0.647s] -- Install configuration: ""
[0.647s] -- Execute custom install script
[0.647s] -- Symlinking: /home/carla/Documents/GitHub/C-V2X-Autoware-Carla/install/vision_opencv/share/ament_index/resource_index/package_run_dependencies/vision_opencv
[0.652s] -- Symlinking: /home/carla/Documents/GitHub/C-V2X-Autoware-Carla/install/vision_opencv/share/ament_index/resource_index/parent_prefix_path/vision_opencv
[0.658s] -- Symlinking: /home/carla/Documents/GitHub/C-V2X-Autoware-Carla/install/vision_opencv/share/vision_opencv/environment/ament_prefix_path.sh
[0.663s] -- Symlinking: /home/carla/Documents/GitHub/C-V2X-Autoware-Carla/install/vision_opencv/share/vision_opencv/environment/ament_prefix_path.dsv
[0.668s] -- Symlinking: /home/carla/Documents/GitHub/C-V2X-Autoware-Carla/install/vision_opencv/share/vision_opencv/environment/path.sh
[0.673s] -- Symlinking: /home/carla/Documents/GitHub/C-V2X-Autoware-Carla/install/vision_opencv/share/vision_opencv/environment/path.dsv
[0.678s] -- Symlinking: /home/carla/Documents/GitHub/C-V2X-Autoware-Carla/install/vision_opencv/share/vision_opencv/local_setup.bash
[0.683s] -- Symlinking: /home/carla/Documents/GitHub/C-V2X-Autoware-Carla/install/vision_opencv/share/vision_opencv/local_setup.sh
[0.688s] -- Symlinking: /home/carla/Documents/GitHub/C-V2X-Autoware-Carla/install/vision_opencv/share/vision_opencv/local_setup.zsh
[0.693s] -- Symlinking: /home/carla/Documents/GitHub/C-V2X-Autoware-Carla/install/vision_opencv/share/vision_opencv/local_setup.dsv
[0.698s] -- Symlinking: /home/carla/Documents/GitHub/C-V2X-Autoware-Carla/install/vision_opencv/share/vision_opencv/package.dsv
[0.703s] -- Symlinking: /home/carla/Documents/GitHub/C-V2X-Autoware-Carla/install/vision_opencv/share/ament_index/resource_index/packages/vision_opencv
[0.708s] -- Symlinking: /home/carla/Documents/GitHub/C-V2X-Autoware-Carla/install/vision_opencv/share/vision_opencv/cmake/vision_opencvConfig.cmake
[0.713s] -- Symlinking: /home/carla/Documents/GitHub/C-V2X-Autoware-Carla/install/vision_opencv/share/vision_opencv/cmake/vision_opencvConfig-version.cmake
[0.718s] -- Symlinking: /home/carla/Documents/GitHub/C-V2X-Autoware-Carla/install/vision_opencv/share/vision_opencv/package.xml
[0.730s] Invoked command in '/home/carla/Documents/GitHub/C-V2X-Autoware-Carla/build/vision_opencv' returned '0': AMENT_PREFIX_PATH=/home/carla/Documents/GitHub/C-V2X-Autoware-Carla/install/image_geometry:/home/carla/Documents/GitHub/C-V2X-Autoware-Carla/install/cv_bridge:${AMENT_PREFIX_PATH} CMAKE_PREFIX_PATH=/home/carla/Documents/GitHub/C-V2X-Autoware-Carla/install/image_geometry:/home/carla/Documents/GitHub/C-V2X-Autoware-Carla/install/cv_bridge:/opt/ros/galactic LD_LIBRARY_PATH=/home/carla/Documents/GitHub/C-V2X-Autoware-Carla/install/image_geometry/lib:/home/carla/Documents/GitHub/C-V2X-Autoware-Carla/install/cv_bridge/lib:${LD_LIBRARY_PATH} PYTHONPATH=/home/carla/Documents/GitHub/C-V2X-Autoware-Carla/install/image_geometry/lib/python3.8/site-packages:/home/carla/Documents/GitHub/C-V2X-Autoware-Carla/install/cv_bridge/lib/python3.8/site-packages:${PYTHONPATH} /usr/bin/cmake --install /home/carla/Documents/GitHub/C-V2X-Autoware-Carla/build/vision_opencv
