[0.874s] Invoking command in '/home/carla/Documents/GitHub/C-V2X-Autoware-Carla/src/infrastructure': PYTHONPATH=/home/carla/Documents/GitHub/C-V2X-Autoware-Carla/build/infrastructure/prefix_override:/home/carla/Documents/GitHub/C-V2X-Autoware-Carla/install/infrastructure/lib/python3.8/site-packages:${PYTHONPATH} /usr/bin/python3 setup.py egg_info --egg-base ../../build/infrastructure build --build-base /home/carla/Documents/GitHub/C-V2X-Autoware-Carla/build/infrastructure/build install --record /home/carla/Documents/GitHub/C-V2X-Autoware-Carla/build/infrastructure/install.log --single-version-externally-managed
[1.078s] running egg_info
[1.085s] writing ../../build/infrastructure/infrastructure.egg-info/PKG-INFO
[1.085s] writing dependency_links to ../../build/infrastructure/infrastructure.egg-info/dependency_links.txt
[1.085s] writing entry points to ../../build/infrastructure/infrastructure.egg-info/entry_points.txt
[1.085s] writing requirements to ../../build/infrastructure/infrastructure.egg-info/requires.txt
[1.085s] writing top-level names to ../../build/infrastructure/infrastructure.egg-info/top_level.txt
[1.106s] reading manifest file '../../build/infrastructure/infrastructure.egg-info/SOURCES.txt'
[1.107s] writing manifest file '../../build/infrastructure/infrastructure.egg-info/SOURCES.txt'
[1.107s] running build
[1.107s] running build_py
[1.107s] running install
[1.107s] /home/carla/.local/lib/python3.8/site-packages/setuptools/command/install.py:34: SetuptoolsDeprecationWarning: setup.py install is deprecated. Use build and pip and other standards-based tools.
[1.107s]   warnings.warn(
[1.110s] running install_lib
[1.118s] running install_data
[1.125s] running install_egg_info
[1.132s] removing '/home/carla/Documents/GitHub/C-V2X-Autoware-Carla/install/infrastructure/lib/python3.8/site-packages/infrastructure-0.0.0-py3.8.egg-info' (and everything under it)
[1.132s] Copying ../../build/infrastructure/infrastructure.egg-info to /home/carla/Documents/GitHub/C-V2X-Autoware-Carla/install/infrastructure/lib/python3.8/site-packages/infrastructure-0.0.0-py3.8.egg-info
[1.133s] running install_scripts
[1.162s] Installing MAP script to /home/carla/Documents/GitHub/C-V2X-Autoware-Carla/install/infrastructure/lib/infrastructure
[1.162s] Installing SSM script to /home/carla/Documents/GitHub/C-V2X-Autoware-Carla/install/infrastructure/lib/infrastructure
[1.162s] writing list of installed files to '/home/carla/Documents/GitHub/C-V2X-Autoware-Carla/build/infrastructure/install.log'
[1.192s] Invoked command in '/home/carla/Documents/GitHub/C-V2X-Autoware-Carla/src/infrastructure' returned '0': PYTHONPATH=/home/carla/Documents/GitHub/C-V2X-Autoware-Carla/build/infrastructure/prefix_override:/home/carla/Documents/GitHub/C-V2X-Autoware-Carla/install/infrastructure/lib/python3.8/site-packages:${PYTHONPATH} /usr/bin/python3 setup.py egg_info --egg-base ../../build/infrastructure build --build-base /home/carla/Documents/GitHub/C-V2X-Autoware-Carla/build/infrastructure/build install --record /home/carla/Documents/GitHub/C-V2X-Autoware-Carla/build/infrastructure/install.log --single-version-externally-managed
