[0.215s] DEBUG:colcon:Command line arguments: ['/usr/bin/colcon', 'build', '--symlink-install']
[0.215s] DEBUG:colcon:Parsed command line arguments: Namespace(allow_overriding=[], ament_cmake_args=None, base_paths=['.'], build_base='build', catkin_cmake_args=None, catkin_skip_building_tests=False, cmake_args=None, cmake_clean_cache=False, cmake_clean_first=False, cmake_force_configure=False, cmake_target=None, cmake_target_skip_unavailable=False, continue_on_error=False, event_handlers=None, executor='parallel', ignore_user_meta=False, install_base='install', log_base=None, log_level=None, main=<bound method BuildVerb.main of <colcon_core.verb.build.BuildVerb object at 0x7f22bc459d90>>, merge_install=False, metas=['./colcon.meta'], packages_above=None, packages_above_and_dependencies=None, packages_above_depth=None, packages_end=None, packages_ignore=None, packages_ignore_regex=None, packages_select=None, packages_select_build_failed=False, packages_select_by_dep=None, packages_select_regex=None, packages_select_test_failures=False, packages_skip=None, packages_skip_build_finished=False, packages_skip_by_dep=None, packages_skip_regex=None, packages_skip_test_passed=False, packages_skip_up_to=None, packages_start=None, packages_up_to=None, packages_up_to_regex=None, parallel_workers=20, paths=None, symlink_install=True, test_result_base=None, verb_extension=<colcon_core.verb.build.BuildVerb object at 0x7f22bc459d90>, verb_name='build', verb_parser=<colcon_defaults.argument_parser.defaults.DefaultArgumentsDecorator object at 0x7f22bc12e0a0>)
[0.248s] Level 1:colcon.colcon_core.package_discovery:discover_packages(colcon_meta) check parameters
[0.248s] Level 1:colcon.colcon_core.package_discovery:discover_packages(recursive) check parameters
[0.248s] Level 1:colcon.colcon_core.package_discovery:discover_packages(ignore) check parameters
[0.248s] Level 1:colcon.colcon_core.package_discovery:discover_packages(path) check parameters
[0.248s] Level 1:colcon.colcon_core.package_discovery:discover_packages(colcon_meta) discover
[0.248s] Level 1:colcon.colcon_core.package_discovery:discover_packages(recursive) discover
[0.248s] INFO:colcon.colcon_core.package_discovery:Crawling recursively for packages in '/home/carla/Documents/GitHub/C-V2X-Autoware-Carla'
[0.248s] Level 1:colcon.colcon_core.package_identification:_identify(.) by extensions ['ignore', 'ignore_ament_install']
[0.248s] Level 1:colcon.colcon_core.package_identification:_identify(.) by extension 'ignore'
[0.248s] Level 1:colcon.colcon_core.package_identification:_identify(.) by extension 'ignore_ament_install'
[0.248s] Level 1:colcon.colcon_core.package_identification:_identify(.) by extensions ['colcon_pkg']
[0.248s] Level 1:colcon.colcon_core.package_identification:_identify(.) by extension 'colcon_pkg'
[0.248s] Level 1:colcon.colcon_core.package_identification:_identify(.) by extensions ['colcon_meta']
[0.248s] Level 1:colcon.colcon_core.package_identification:_identify(.) by extension 'colcon_meta'
[0.248s] Level 1:colcon.colcon_core.package_identification:_identify(.) by extensions ['ros']
[0.248s] Level 1:colcon.colcon_core.package_identification:_identify(.) by extension 'ros'
[0.259s] Level 1:colcon.colcon_core.package_identification:_identify(.) by extensions ['cmake', 'python']
[0.259s] Level 1:colcon.colcon_core.package_identification:_identify(.) by extension 'cmake'
[0.259s] Level 1:colcon.colcon_core.package_identification:_identify(.) by extension 'python'
[0.259s] Level 1:colcon.colcon_core.package_identification:_identify(.) by extensions ['python_setup_py']
[0.259s] Level 1:colcon.colcon_core.package_identification:_identify(.) by extension 'python_setup_py'
[0.259s] Level 1:colcon.colcon_core.package_identification:_identify(build) by extensions ['ignore', 'ignore_ament_install']
[0.259s] Level 1:colcon.colcon_core.package_identification:_identify(build) by extension 'ignore'
[0.259s] Level 1:colcon.colcon_core.package_identification:_identify(build) ignored
[0.259s] Level 1:colcon.colcon_core.package_identification:_identify(install) by extensions ['ignore', 'ignore_ament_install']
[0.259s] Level 1:colcon.colcon_core.package_identification:_identify(install) by extension 'ignore'
[0.259s] Level 1:colcon.colcon_core.package_identification:_identify(install) ignored
[0.260s] Level 1:colcon.colcon_core.package_identification:_identify(log) by extensions ['ignore', 'ignore_ament_install']
[0.260s] Level 1:colcon.colcon_core.package_identification:_identify(log) by extension 'ignore'
[0.260s] Level 1:colcon.colcon_core.package_identification:_identify(log) ignored
[0.260s] Level 1:colcon.colcon_core.package_identification:_identify(src) by extensions ['ignore', 'ignore_ament_install']
[0.260s] Level 1:colcon.colcon_core.package_identification:_identify(src) by extension 'ignore'
[0.260s] Level 1:colcon.colcon_core.package_identification:_identify(src) by extension 'ignore_ament_install'
[0.260s] Level 1:colcon.colcon_core.package_identification:_identify(src) by extensions ['colcon_pkg']
[0.260s] Level 1:colcon.colcon_core.package_identification:_identify(src) by extension 'colcon_pkg'
[0.260s] Level 1:colcon.colcon_core.package_identification:_identify(src) by extensions ['colcon_meta']
[0.260s] Level 1:colcon.colcon_core.package_identification:_identify(src) by extension 'colcon_meta'
[0.260s] Level 1:colcon.colcon_core.package_identification:_identify(src) by extensions ['ros']
[0.260s] Level 1:colcon.colcon_core.package_identification:_identify(src) by extension 'ros'
[0.260s] Level 1:colcon.colcon_core.package_identification:_identify(src) by extensions ['cmake', 'python']
[0.260s] Level 1:colcon.colcon_core.package_identification:_identify(src) by extension 'cmake'
[0.260s] Level 1:colcon.colcon_core.package_identification:_identify(src) by extension 'python'
[0.260s] Level 1:colcon.colcon_core.package_identification:_identify(src) by extensions ['python_setup_py']
[0.260s] Level 1:colcon.colcon_core.package_identification:_identify(src) by extension 'python_setup_py'
[0.260s] Level 1:colcon.colcon_core.package_identification:_identify(src/v2x_msg) by extensions ['ignore', 'ignore_ament_install']
[0.260s] Level 1:colcon.colcon_core.package_identification:_identify(src/v2x_msg) by extension 'ignore'
[0.260s] Level 1:colcon.colcon_core.package_identification:_identify(src/v2x_msg) by extension 'ignore_ament_install'
[0.260s] Level 1:colcon.colcon_core.package_identification:_identify(src/v2x_msg) by extensions ['colcon_pkg']
[0.260s] Level 1:colcon.colcon_core.package_identification:_identify(src/v2x_msg) by extension 'colcon_pkg'
[0.260s] Level 1:colcon.colcon_core.package_identification:_identify(src/v2x_msg) by extensions ['colcon_meta']
[0.260s] Level 1:colcon.colcon_core.package_identification:_identify(src/v2x_msg) by extension 'colcon_meta'
[0.260s] Level 1:colcon.colcon_core.package_identification:_identify(src/v2x_msg) by extensions ['ros']
[0.260s] Level 1:colcon.colcon_core.package_identification:_identify(src/v2x_msg) by extension 'ros'
[0.262s] DEBUG:colcon.colcon_core.package_identification:Package 'src/v2x_msg' with type 'ros.ament_cmake' and name 'v2x_msg'
[0.262s] Level 1:colcon.colcon_core.package_identification:_identify(src/vehicle) by extensions ['ignore', 'ignore_ament_install']
[0.262s] Level 1:colcon.colcon_core.package_identification:_identify(src/vehicle) by extension 'ignore'
[0.262s] Level 1:colcon.colcon_core.package_identification:_identify(src/vehicle) by extension 'ignore_ament_install'
[0.262s] Level 1:colcon.colcon_core.package_identification:_identify(src/vehicle) by extensions ['colcon_pkg']
[0.262s] Level 1:colcon.colcon_core.package_identification:_identify(src/vehicle) by extension 'colcon_pkg'
[0.262s] Level 1:colcon.colcon_core.package_identification:_identify(src/vehicle) by extensions ['colcon_meta']
[0.262s] Level 1:colcon.colcon_core.package_identification:_identify(src/vehicle) by extension 'colcon_meta'
[0.262s] Level 1:colcon.colcon_core.package_identification:_identify(src/vehicle) by extensions ['ros']
[0.262s] Level 1:colcon.colcon_core.package_identification:_identify(src/vehicle) by extension 'ros'
[0.262s] DEBUG:colcon.colcon_core.package_identification:Package 'src/vehicle' with type 'ros.ament_python' and name 'vehicle'
[0.262s] Level 1:colcon.colcon_core.package_identification:_identify(src/vision_opencv) by extensions ['ignore', 'ignore_ament_install']
[0.262s] Level 1:colcon.colcon_core.package_identification:_identify(src/vision_opencv) by extension 'ignore'
[0.262s] Level 1:colcon.colcon_core.package_identification:_identify(src/vision_opencv) by extension 'ignore_ament_install'
[0.262s] Level 1:colcon.colcon_core.package_identification:_identify(src/vision_opencv) by extensions ['colcon_pkg']
[0.262s] Level 1:colcon.colcon_core.package_identification:_identify(src/vision_opencv) by extension 'colcon_pkg'
[0.262s] Level 1:colcon.colcon_core.package_identification:_identify(src/vision_opencv) by extensions ['colcon_meta']
[0.262s] Level 1:colcon.colcon_core.package_identification:_identify(src/vision_opencv) by extension 'colcon_meta'
[0.262s] Level 1:colcon.colcon_core.package_identification:_identify(src/vision_opencv) by extensions ['ros']
[0.262s] Level 1:colcon.colcon_core.package_identification:_identify(src/vision_opencv) by extension 'ros'
[0.262s] Level 1:colcon.colcon_core.package_identification:_identify(src/vision_opencv) by extensions ['cmake', 'python']
[0.262s] Level 1:colcon.colcon_core.package_identification:_identify(src/vision_opencv) by extension 'cmake'
[0.262s] Level 1:colcon.colcon_core.package_identification:_identify(src/vision_opencv) by extension 'python'
[0.262s] Level 1:colcon.colcon_core.package_identification:_identify(src/vision_opencv) by extensions ['python_setup_py']
[0.262s] Level 1:colcon.colcon_core.package_identification:_identify(src/vision_opencv) by extension 'python_setup_py'
[0.263s] Level 1:colcon.colcon_core.package_identification:_identify(src/vision_opencv/cv_bridge) by extensions ['ignore', 'ignore_ament_install']
[0.263s] Level 1:colcon.colcon_core.package_identification:_identify(src/vision_opencv/cv_bridge) by extension 'ignore'
[0.263s] Level 1:colcon.colcon_core.package_identification:_identify(src/vision_opencv/cv_bridge) by extension 'ignore_ament_install'
[0.263s] Level 1:colcon.colcon_core.package_identification:_identify(src/vision_opencv/cv_bridge) by extensions ['colcon_pkg']
[0.263s] Level 1:colcon.colcon_core.package_identification:_identify(src/vision_opencv/cv_bridge) by extension 'colcon_pkg'
[0.263s] Level 1:colcon.colcon_core.package_identification:_identify(src/vision_opencv/cv_bridge) by extensions ['colcon_meta']
[0.263s] Level 1:colcon.colcon_core.package_identification:_identify(src/vision_opencv/cv_bridge) by extension 'colcon_meta'
[0.263s] Level 1:colcon.colcon_core.package_identification:_identify(src/vision_opencv/cv_bridge) by extensions ['ros']
[0.263s] Level 1:colcon.colcon_core.package_identification:_identify(src/vision_opencv/cv_bridge) by extension 'ros'
[0.263s] DEBUG:colcon.colcon_core.package_identification:Package 'src/vision_opencv/cv_bridge' with type 'ros.ament_cmake' and name 'cv_bridge'
[0.263s] Level 1:colcon.colcon_core.package_identification:_identify(src/vision_opencv/image_geometry) by extensions ['ignore', 'ignore_ament_install']
[0.263s] Level 1:colcon.colcon_core.package_identification:_identify(src/vision_opencv/image_geometry) by extension 'ignore'
[0.263s] Level 1:colcon.colcon_core.package_identification:_identify(src/vision_opencv/image_geometry) by extension 'ignore_ament_install'
[0.263s] Level 1:colcon.colcon_core.package_identification:_identify(src/vision_opencv/image_geometry) by extensions ['colcon_pkg']
[0.263s] Level 1:colcon.colcon_core.package_identification:_identify(src/vision_opencv/image_geometry) by extension 'colcon_pkg'
[0.264s] Level 1:colcon.colcon_core.package_identification:_identify(src/vision_opencv/image_geometry) by extensions ['colcon_meta']
[0.264s] Level 1:colcon.colcon_core.package_identification:_identify(src/vision_opencv/image_geometry) by extension 'colcon_meta'
[0.264s] Level 1:colcon.colcon_core.package_identification:_identify(src/vision_opencv/image_geometry) by extensions ['ros']
[0.264s] Level 1:colcon.colcon_core.package_identification:_identify(src/vision_opencv/image_geometry) by extension 'ros'
[0.264s] DEBUG:colcon.colcon_core.package_identification:Package 'src/vision_opencv/image_geometry' with type 'ros.ament_cmake' and name 'image_geometry'
[0.264s] Level 1:colcon.colcon_core.package_identification:_identify(src/vision_opencv/opencv_tests) by extensions ['ignore', 'ignore_ament_install']
[0.264s] Level 1:colcon.colcon_core.package_identification:_identify(src/vision_opencv/opencv_tests) by extension 'ignore'
[0.264s] Level 1:colcon.colcon_core.package_identification:_identify(src/vision_opencv/opencv_tests) by extension 'ignore_ament_install'
[0.264s] Level 1:colcon.colcon_core.package_identification:_identify(src/vision_opencv/opencv_tests) by extensions ['colcon_pkg']
[0.264s] Level 1:colcon.colcon_core.package_identification:_identify(src/vision_opencv/opencv_tests) by extension 'colcon_pkg'
[0.264s] Level 1:colcon.colcon_core.package_identification:_identify(src/vision_opencv/opencv_tests) by extensions ['colcon_meta']
[0.264s] Level 1:colcon.colcon_core.package_identification:_identify(src/vision_opencv/opencv_tests) by extension 'colcon_meta'
[0.264s] Level 1:colcon.colcon_core.package_identification:_identify(src/vision_opencv/opencv_tests) by extensions ['ros']
[0.264s] Level 1:colcon.colcon_core.package_identification:_identify(src/vision_opencv/opencv_tests) by extension 'ros'
[0.264s] DEBUG:colcon.colcon_core.package_identification:Package 'src/vision_opencv/opencv_tests' with type 'ros.ament_python' and name 'opencv_tests'
[0.264s] Level 1:colcon.colcon_core.package_identification:_identify(src/vision_opencv/vision_opencv) by extensions ['ignore', 'ignore_ament_install']
[0.264s] Level 1:colcon.colcon_core.package_identification:_identify(src/vision_opencv/vision_opencv) by extension 'ignore'
[0.265s] Level 1:colcon.colcon_core.package_identification:_identify(src/vision_opencv/vision_opencv) by extension 'ignore_ament_install'
[0.265s] Level 1:colcon.colcon_core.package_identification:_identify(src/vision_opencv/vision_opencv) by extensions ['colcon_pkg']
[0.265s] Level 1:colcon.colcon_core.package_identification:_identify(src/vision_opencv/vision_opencv) by extension 'colcon_pkg'
[0.265s] Level 1:colcon.colcon_core.package_identification:_identify(src/vision_opencv/vision_opencv) by extensions ['colcon_meta']
[0.265s] Level 1:colcon.colcon_core.package_identification:_identify(src/vision_opencv/vision_opencv) by extension 'colcon_meta'
[0.265s] Level 1:colcon.colcon_core.package_identification:_identify(src/vision_opencv/vision_opencv) by extensions ['ros']
[0.265s] Level 1:colcon.colcon_core.package_identification:_identify(src/vision_opencv/vision_opencv) by extension 'ros'
[0.265s] DEBUG:colcon.colcon_core.package_identification:Package 'src/vision_opencv/vision_opencv' with type 'ros.ament_cmake' and name 'vision_opencv'
[0.265s] Level 1:colcon.colcon_core.package_discovery:discover_packages(recursive) using defaults
[0.265s] Level 1:colcon.colcon_core.package_discovery:discover_packages(ignore) discover
[0.265s] Level 1:colcon.colcon_core.package_discovery:discover_packages(ignore) using defaults
[0.265s] Level 1:colcon.colcon_core.package_discovery:discover_packages(path) discover
[0.265s] Level 1:colcon.colcon_core.package_discovery:discover_packages(path) using defaults
[0.281s] Level 1:colcon.colcon_core.package_discovery:discover_packages(prefix_path) check parameters
[0.281s] Level 1:colcon.colcon_core.package_discovery:discover_packages(prefix_path) discover
[0.283s] DEBUG:colcon.colcon_installed_package_information.package_discovery:Found 268 installed packages in /opt/ros/galactic
[0.284s] Level 1:colcon.colcon_core.package_discovery:discover_packages(prefix_path) using defaults
[0.319s] WARNING:colcon.colcon_core.package_selection:Some selected packages are already built in one or more underlay workspaces:
	'image_geometry' is in: /opt/ros/galactic
	'cv_bridge' is in: /opt/ros/galactic
If a package in a merged underlay workspace is overridden and it installs headers, then all packages in the overlay must sort their include directories by workspace order. Failure to do so may result in build failures or undefined behavior at run time.
If the overridden package is used by another package in any underlay, then the overriding package in the overlay must be API and ABI compatible or undefined behavior at run time may occur.

If you understand the risks and want to override a package anyways, add the following to the command line:
	--allow-overriding cv_bridge image_geometry

This may be promoted to an error in a future release of colcon-override-check.
[0.321s] Level 5:colcon.colcon_core.verb:set package 'cv_bridge' build argument 'cmake_args' from command line to 'None'
[0.321s] Level 5:colcon.colcon_core.verb:set package 'cv_bridge' build argument 'cmake_target' from command line to 'None'
[0.321s] Level 5:colcon.colcon_core.verb:set package 'cv_bridge' build argument 'cmake_target_skip_unavailable' from command line to 'False'
[0.321s] Level 5:colcon.colcon_core.verb:set package 'cv_bridge' build argument 'cmake_clean_cache' from command line to 'False'
[0.321s] Level 5:colcon.colcon_core.verb:set package 'cv_bridge' build argument 'cmake_clean_first' from command line to 'False'
[0.321s] Level 5:colcon.colcon_core.verb:set package 'cv_bridge' build argument 'cmake_force_configure' from command line to 'False'
[0.321s] Level 5:colcon.colcon_core.verb:set package 'cv_bridge' build argument 'ament_cmake_args' from command line to 'None'
[0.321s] Level 5:colcon.colcon_core.verb:set package 'cv_bridge' build argument 'catkin_cmake_args' from command line to 'None'
[0.321s] Level 5:colcon.colcon_core.verb:set package 'cv_bridge' build argument 'catkin_skip_building_tests' from command line to 'False'
[0.321s] DEBUG:colcon.colcon_core.verb:Building package 'cv_bridge' with the following arguments: {'ament_cmake_args': None, 'build_base': '/home/carla/Documents/GitHub/C-V2X-Autoware-Carla/build/cv_bridge', 'catkin_cmake_args': None, 'catkin_skip_building_tests': False, 'cmake_args': None, 'cmake_clean_cache': False, 'cmake_clean_first': False, 'cmake_force_configure': False, 'cmake_target': None, 'cmake_target_skip_unavailable': False, 'install_base': '/home/carla/Documents/GitHub/C-V2X-Autoware-Carla/install/cv_bridge', 'merge_install': False, 'path': '/home/carla/Documents/GitHub/C-V2X-Autoware-Carla/src/vision_opencv/cv_bridge', 'symlink_install': True, 'test_result_base': None}
[0.322s] Level 5:colcon.colcon_core.verb:set package 'image_geometry' build argument 'cmake_args' from command line to 'None'
[0.322s] Level 5:colcon.colcon_core.verb:set package 'image_geometry' build argument 'cmake_target' from command line to 'None'
[0.322s] Level 5:colcon.colcon_core.verb:set package 'image_geometry' build argument 'cmake_target_skip_unavailable' from command line to 'False'
[0.322s] Level 5:colcon.colcon_core.verb:set package 'image_geometry' build argument 'cmake_clean_cache' from command line to 'False'
[0.322s] Level 5:colcon.colcon_core.verb:set package 'image_geometry' build argument 'cmake_clean_first' from command line to 'False'
[0.322s] Level 5:colcon.colcon_core.verb:set package 'image_geometry' build argument 'cmake_force_configure' from command line to 'False'
[0.322s] Level 5:colcon.colcon_core.verb:set package 'image_geometry' build argument 'ament_cmake_args' from command line to 'None'
[0.322s] Level 5:colcon.colcon_core.verb:set package 'image_geometry' build argument 'catkin_cmake_args' from command line to 'None'
[0.322s] Level 5:colcon.colcon_core.verb:set package 'image_geometry' build argument 'catkin_skip_building_tests' from command line to 'False'
[0.322s] DEBUG:colcon.colcon_core.verb:Building package 'image_geometry' with the following arguments: {'ament_cmake_args': None, 'build_base': '/home/carla/Documents/GitHub/C-V2X-Autoware-Carla/build/image_geometry', 'catkin_cmake_args': None, 'catkin_skip_building_tests': False, 'cmake_args': None, 'cmake_clean_cache': False, 'cmake_clean_first': False, 'cmake_force_configure': False, 'cmake_target': None, 'cmake_target_skip_unavailable': False, 'install_base': '/home/carla/Documents/GitHub/C-V2X-Autoware-Carla/install/image_geometry', 'merge_install': False, 'path': '/home/carla/Documents/GitHub/C-V2X-Autoware-Carla/src/vision_opencv/image_geometry', 'symlink_install': True, 'test_result_base': None}
[0.323s] Level 5:colcon.colcon_core.verb:set package 'v2x_msg' build argument 'cmake_args' from command line to 'None'
[0.323s] Level 5:colcon.colcon_core.verb:set package 'v2x_msg' build argument 'cmake_target' from command line to 'None'
[0.323s] Level 5:colcon.colcon_core.verb:set package 'v2x_msg' build argument 'cmake_target_skip_unavailable' from command line to 'False'
[0.323s] Level 5:colcon.colcon_core.verb:set package 'v2x_msg' build argument 'cmake_clean_cache' from command line to 'False'
[0.323s] Level 5:colcon.colcon_core.verb:set package 'v2x_msg' build argument 'cmake_clean_first' from command line to 'False'
[0.323s] Level 5:colcon.colcon_core.verb:set package 'v2x_msg' build argument 'cmake_force_configure' from command line to 'False'
[0.323s] Level 5:colcon.colcon_core.verb:set package 'v2x_msg' build argument 'ament_cmake_args' from command line to 'None'
[0.323s] Level 5:colcon.colcon_core.verb:set package 'v2x_msg' build argument 'catkin_cmake_args' from command line to 'None'
[0.323s] Level 5:colcon.colcon_core.verb:set package 'v2x_msg' build argument 'catkin_skip_building_tests' from command line to 'False'
[0.323s] DEBUG:colcon.colcon_core.verb:Building package 'v2x_msg' with the following arguments: {'ament_cmake_args': None, 'build_base': '/home/carla/Documents/GitHub/C-V2X-Autoware-Carla/build/v2x_msg', 'catkin_cmake_args': None, 'catkin_skip_building_tests': False, 'cmake_args': None, 'cmake_clean_cache': False, 'cmake_clean_first': False, 'cmake_force_configure': False, 'cmake_target': None, 'cmake_target_skip_unavailable': False, 'install_base': '/home/carla/Documents/GitHub/C-V2X-Autoware-Carla/install/v2x_msg', 'merge_install': False, 'path': '/home/carla/Documents/GitHub/C-V2X-Autoware-Carla/src/v2x_msg', 'symlink_install': True, 'test_result_base': None}
[0.324s] Level 5:colcon.colcon_core.verb:set package 'vehicle' build argument 'cmake_args' from command line to 'None'
[0.324s] Level 5:colcon.colcon_core.verb:set package 'vehicle' build argument 'cmake_target' from command line to 'None'
[0.324s] Level 5:colcon.colcon_core.verb:set package 'vehicle' build argument 'cmake_target_skip_unavailable' from command line to 'False'
[0.324s] Level 5:colcon.colcon_core.verb:set package 'vehicle' build argument 'cmake_clean_cache' from command line to 'False'
[0.324s] Level 5:colcon.colcon_core.verb:set package 'vehicle' build argument 'cmake_clean_first' from command line to 'False'
[0.324s] Level 5:colcon.colcon_core.verb:set package 'vehicle' build argument 'cmake_force_configure' from command line to 'False'
[0.324s] Level 5:colcon.colcon_core.verb:set package 'vehicle' build argument 'ament_cmake_args' from command line to 'None'
[0.324s] Level 5:colcon.colcon_core.verb:set package 'vehicle' build argument 'catkin_cmake_args' from command line to 'None'
[0.324s] Level 5:colcon.colcon_core.verb:set package 'vehicle' build argument 'catkin_skip_building_tests' from command line to 'False'
[0.324s] DEBUG:colcon.colcon_core.verb:Building package 'vehicle' with the following arguments: {'ament_cmake_args': None, 'build_base': '/home/carla/Documents/GitHub/C-V2X-Autoware-Carla/build/vehicle', 'catkin_cmake_args': None, 'catkin_skip_building_tests': False, 'cmake_args': None, 'cmake_clean_cache': False, 'cmake_clean_first': False, 'cmake_force_configure': False, 'cmake_target': None, 'cmake_target_skip_unavailable': False, 'install_base': '/home/carla/Documents/GitHub/C-V2X-Autoware-Carla/install/vehicle', 'merge_install': False, 'path': '/home/carla/Documents/GitHub/C-V2X-Autoware-Carla/src/vehicle', 'symlink_install': True, 'test_result_base': None}
[0.325s] Level 5:colcon.colcon_core.verb:set package 'opencv_tests' build argument 'cmake_args' from command line to 'None'
[0.325s] Level 5:colcon.colcon_core.verb:set package 'opencv_tests' build argument 'cmake_target' from command line to 'None'
[0.325s] Level 5:colcon.colcon_core.verb:set package 'opencv_tests' build argument 'cmake_target_skip_unavailable' from command line to 'False'
[0.325s] Level 5:colcon.colcon_core.verb:set package 'opencv_tests' build argument 'cmake_clean_cache' from command line to 'False'
[0.325s] Level 5:colcon.colcon_core.verb:set package 'opencv_tests' build argument 'cmake_clean_first' from command line to 'False'
[0.325s] Level 5:colcon.colcon_core.verb:set package 'opencv_tests' build argument 'cmake_force_configure' from command line to 'False'
[0.325s] Level 5:colcon.colcon_core.verb:set package 'opencv_tests' build argument 'ament_cmake_args' from command line to 'None'
[0.325s] Level 5:colcon.colcon_core.verb:set package 'opencv_tests' build argument 'catkin_cmake_args' from command line to 'None'
[0.325s] Level 5:colcon.colcon_core.verb:set package 'opencv_tests' build argument 'catkin_skip_building_tests' from command line to 'False'
[0.325s] DEBUG:colcon.colcon_core.verb:Building package 'opencv_tests' with the following arguments: {'ament_cmake_args': None, 'build_base': '/home/carla/Documents/GitHub/C-V2X-Autoware-Carla/build/opencv_tests', 'catkin_cmake_args': None, 'catkin_skip_building_tests': False, 'cmake_args': None, 'cmake_clean_cache': False, 'cmake_clean_first': False, 'cmake_force_configure': False, 'cmake_target': None, 'cmake_target_skip_unavailable': False, 'install_base': '/home/carla/Documents/GitHub/C-V2X-Autoware-Carla/install/opencv_tests', 'merge_install': False, 'path': '/home/carla/Documents/GitHub/C-V2X-Autoware-Carla/src/vision_opencv/opencv_tests', 'symlink_install': True, 'test_result_base': None}
[0.326s] Level 5:colcon.colcon_core.verb:set package 'vision_opencv' build argument 'cmake_args' from command line to 'None'
[0.326s] Level 5:colcon.colcon_core.verb:set package 'vision_opencv' build argument 'cmake_target' from command line to 'None'
[0.326s] Level 5:colcon.colcon_core.verb:set package 'vision_opencv' build argument 'cmake_target_skip_unavailable' from command line to 'False'
[0.326s] Level 5:colcon.colcon_core.verb:set package 'vision_opencv' build argument 'cmake_clean_cache' from command line to 'False'
[0.326s] Level 5:colcon.colcon_core.verb:set package 'vision_opencv' build argument 'cmake_clean_first' from command line to 'False'
[0.326s] Level 5:colcon.colcon_core.verb:set package 'vision_opencv' build argument 'cmake_force_configure' from command line to 'False'
[0.326s] Level 5:colcon.colcon_core.verb:set package 'vision_opencv' build argument 'ament_cmake_args' from command line to 'None'
[0.326s] Level 5:colcon.colcon_core.verb:set package 'vision_opencv' build argument 'catkin_cmake_args' from command line to 'None'
[0.326s] Level 5:colcon.colcon_core.verb:set package 'vision_opencv' build argument 'catkin_skip_building_tests' from command line to 'False'
[0.326s] DEBUG:colcon.colcon_core.verb:Building package 'vision_opencv' with the following arguments: {'ament_cmake_args': None, 'build_base': '/home/carla/Documents/GitHub/C-V2X-Autoware-Carla/build/vision_opencv', 'catkin_cmake_args': None, 'catkin_skip_building_tests': False, 'cmake_args': None, 'cmake_clean_cache': False, 'cmake_clean_first': False, 'cmake_force_configure': False, 'cmake_target': None, 'cmake_target_skip_unavailable': False, 'install_base': '/home/carla/Documents/GitHub/C-V2X-Autoware-Carla/install/vision_opencv', 'merge_install': False, 'path': '/home/carla/Documents/GitHub/C-V2X-Autoware-Carla/src/vision_opencv/vision_opencv', 'symlink_install': True, 'test_result_base': None}
[0.326s] INFO:colcon.colcon_core.executor:Executing jobs using 'parallel' executor
[0.331s] DEBUG:colcon.colcon_parallel_executor.executor.parallel:run_until_complete
[0.331s] INFO:colcon.colcon_ros.task.ament_cmake.build:Building ROS package in '/home/carla/Documents/GitHub/C-V2X-Autoware-Carla/src/vision_opencv/cv_bridge' with build type 'ament_cmake'
[0.331s] INFO:colcon.colcon_cmake.task.cmake.build:Building CMake package in '/home/carla/Documents/GitHub/C-V2X-Autoware-Carla/src/vision_opencv/cv_bridge'
[0.335s] INFO:colcon.colcon_core.plugin_system:Skipping extension 'colcon_core.shell.bat': Not used on non-Windows systems
[0.335s] INFO:colcon.colcon_core.shell:Skip shell extension 'powershell' for command environment: Not usable outside of PowerShell
[0.335s] DEBUG:colcon.colcon_core.shell:Skip shell extension 'dsv' for command environment
[0.338s] INFO:colcon.colcon_ros.task.ament_cmake.build:Building ROS package in '/home/carla/Documents/GitHub/C-V2X-Autoware-Carla/src/vision_opencv/image_geometry' with build type 'ament_cmake'
[0.338s] INFO:colcon.colcon_cmake.task.cmake.build:Building CMake package in '/home/carla/Documents/GitHub/C-V2X-Autoware-Carla/src/vision_opencv/image_geometry'
[0.340s] INFO:colcon.colcon_core.shell:Skip shell extension 'powershell' for command environment: Not usable outside of PowerShell
[0.340s] DEBUG:colcon.colcon_core.shell:Skip shell extension 'dsv' for command environment
[0.343s] INFO:colcon.colcon_ros.task.ament_cmake.build:Building ROS package in '/home/carla/Documents/GitHub/C-V2X-Autoware-Carla/src/v2x_msg' with build type 'ament_cmake'
[0.344s] INFO:colcon.colcon_cmake.task.cmake.build:Building CMake package in '/home/carla/Documents/GitHub/C-V2X-Autoware-Carla/src/v2x_msg'
[0.345s] INFO:colcon.colcon_core.shell:Skip shell extension 'powershell' for command environment: Not usable outside of PowerShell
[0.346s] DEBUG:colcon.colcon_core.shell:Skip shell extension 'dsv' for command environment
[0.351s] INFO:colcon.colcon_ros.task.ament_python.build:Building ROS package in '/home/carla/Documents/GitHub/C-V2X-Autoware-Carla/src/vehicle' with build type 'ament_python'
[0.351s] Level 1:colcon.colcon_core.shell:create_environment_hook('vehicle', 'ament_prefix_path')
[0.355s] INFO:colcon.colcon_core.shell:Creating environment hook '/home/carla/Documents/GitHub/C-V2X-Autoware-Carla/install/vehicle/share/vehicle/hook/ament_prefix_path.ps1'
[0.356s] INFO:colcon.colcon_core.shell:Creating environment descriptor '/home/carla/Documents/GitHub/C-V2X-Autoware-Carla/install/vehicle/share/vehicle/hook/ament_prefix_path.dsv'
[0.357s] INFO:colcon.colcon_core.shell:Creating environment hook '/home/carla/Documents/GitHub/C-V2X-Autoware-Carla/install/vehicle/share/vehicle/hook/ament_prefix_path.sh'
[0.361s] INFO:colcon.colcon_core.shell:Skip shell extension 'powershell' for command environment: Not usable outside of PowerShell
[0.361s] DEBUG:colcon.colcon_core.shell:Skip shell extension 'dsv' for command environment
[0.369s] DEBUG:colcon.colcon_core.event_handler.log_command:Invoking command in '/home/carla/Documents/GitHub/C-V2X-Autoware-Carla/build/cv_bridge': CMAKE_PREFIX_PATH=/opt/ros/galactic /usr/bin/cmake /home/carla/Documents/GitHub/C-V2X-Autoware-Carla/src/vision_opencv/cv_bridge -DAMENT_CMAKE_SYMLINK_INSTALL=1 -DCMAKE_INSTALL_PREFIX=/home/carla/Documents/GitHub/C-V2X-Autoware-Carla/install/cv_bridge
[0.375s] DEBUG:colcon.colcon_core.event_handler.log_command:Invoking command in '/home/carla/Documents/GitHub/C-V2X-Autoware-Carla/build/image_geometry': CMAKE_PREFIX_PATH=/opt/ros/galactic /usr/bin/cmake /home/carla/Documents/GitHub/C-V2X-Autoware-Carla/src/vision_opencv/image_geometry -DAMENT_CMAKE_SYMLINK_INSTALL=1 -DCMAKE_INSTALL_PREFIX=/home/carla/Documents/GitHub/C-V2X-Autoware-Carla/install/image_geometry
[0.378s] DEBUG:colcon.colcon_core.event_handler.log_command:Invoking command in '/home/carla/Documents/GitHub/C-V2X-Autoware-Carla/build/v2x_msg': CMAKE_PREFIX_PATH=/opt/ros/galactic /usr/bin/cmake /home/carla/Documents/GitHub/C-V2X-Autoware-Carla/src/v2x_msg -DAMENT_CMAKE_SYMLINK_INSTALL=1 -DCMAKE_INSTALL_PREFIX=/home/carla/Documents/GitHub/C-V2X-Autoware-Carla/install/v2x_msg
[0.591s] INFO:colcon.colcon_core.task.python.build:Building Python package in '/home/carla/Documents/GitHub/C-V2X-Autoware-Carla/src/vehicle'
[0.595s] INFO:colcon.colcon_core.shell:Skip shell extension 'powershell' for command environment: Not usable outside of PowerShell
[0.595s] DEBUG:colcon.colcon_core.shell:Skip shell extension 'dsv' for command environment
[1.025s] DEBUG:colcon.colcon_core.event_handler.log_command:Invoking command in '/home/carla/Documents/GitHub/C-V2X-Autoware-Carla/build/vehicle': PYTHONPATH=/home/carla/Documents/GitHub/C-V2X-Autoware-Carla/install/vehicle/lib/python3.8/site-packages:${PYTHONPATH} /usr/bin/python3 setup.py develop --prefix /home/carla/Documents/GitHub/C-V2X-Autoware-Carla/install/vehicle --editable --build-directory /home/carla/Documents/GitHub/C-V2X-Autoware-Carla/build/vehicle/build --no-deps install_data --install-dir /home/carla/Documents/GitHub/C-V2X-Autoware-Carla/install/vehicle
[1.410s] DEBUG:colcon.colcon_core.event_handler.log_command:Invoked command in '/home/carla/Documents/GitHub/C-V2X-Autoware-Carla/build/image_geometry' returned '0': CMAKE_PREFIX_PATH=/opt/ros/galactic /usr/bin/cmake /home/carla/Documents/GitHub/C-V2X-Autoware-Carla/src/vision_opencv/image_geometry -DAMENT_CMAKE_SYMLINK_INSTALL=1 -DCMAKE_INSTALL_PREFIX=/home/carla/Documents/GitHub/C-V2X-Autoware-Carla/install/image_geometry
[1.413s] DEBUG:colcon.colcon_core.event_handler.log_command:Invoking command in '/home/carla/Documents/GitHub/C-V2X-Autoware-Carla/build/image_geometry': CMAKE_PREFIX_PATH=/opt/ros/galactic /usr/bin/cmake --build /home/carla/Documents/GitHub/C-V2X-Autoware-Carla/build/image_geometry -- -j20 -l20
[1.476s] DEBUG:colcon.colcon_core.event_handler.log_command:Invoked command in '/home/carla/Documents/GitHub/C-V2X-Autoware-Carla/build/v2x_msg' returned '0': CMAKE_PREFIX_PATH=/opt/ros/galactic /usr/bin/cmake /home/carla/Documents/GitHub/C-V2X-Autoware-Carla/src/v2x_msg -DAMENT_CMAKE_SYMLINK_INSTALL=1 -DCMAKE_INSTALL_PREFIX=/home/carla/Documents/GitHub/C-V2X-Autoware-Carla/install/v2x_msg
[1.479s] DEBUG:colcon.colcon_core.event_handler.log_command:Invoking command in '/home/carla/Documents/GitHub/C-V2X-Autoware-Carla/build/v2x_msg': CMAKE_PREFIX_PATH=/opt/ros/galactic /usr/bin/cmake --build /home/carla/Documents/GitHub/C-V2X-Autoware-Carla/build/v2x_msg -- -j20 -l20
[1.507s] Level 1:colcon.colcon_core.shell:create_environment_hook('vehicle', 'pythonpath_develop')
[1.510s] INFO:colcon.colcon_core.shell:Creating environment hook '/home/carla/Documents/GitHub/C-V2X-Autoware-Carla/build/vehicle/share/vehicle/hook/pythonpath_develop.ps1'
[1.511s] DEBUG:colcon.colcon_core.event_handler.log_command:Invoked command in '/home/carla/Documents/GitHub/C-V2X-Autoware-Carla/build/vehicle' returned '0': PYTHONPATH=/home/carla/Documents/GitHub/C-V2X-Autoware-Carla/install/vehicle/lib/python3.8/site-packages:${PYTHONPATH} /usr/bin/python3 setup.py develop --prefix /home/carla/Documents/GitHub/C-V2X-Autoware-Carla/install/vehicle --editable --build-directory /home/carla/Documents/GitHub/C-V2X-Autoware-Carla/build/vehicle/build --no-deps install_data --install-dir /home/carla/Documents/GitHub/C-V2X-Autoware-Carla/install/vehicle
[1.511s] INFO:colcon.colcon_core.shell:Creating environment descriptor '/home/carla/Documents/GitHub/C-V2X-Autoware-Carla/build/vehicle/share/vehicle/hook/pythonpath_develop.dsv'
[1.511s] INFO:colcon.colcon_core.shell:Creating environment hook '/home/carla/Documents/GitHub/C-V2X-Autoware-Carla/build/vehicle/share/vehicle/hook/pythonpath_develop.sh'
[1.518s] Level 1:colcon.colcon_core.environment:checking '/home/carla/Documents/GitHub/C-V2X-Autoware-Carla/install/vehicle' for CMake module files
[1.519s] Level 1:colcon.colcon_core.environment:checking '/home/carla/Documents/GitHub/C-V2X-Autoware-Carla/install/vehicle' for CMake config files
[1.519s] Level 1:colcon.colcon_core.environment:checking '/home/carla/Documents/GitHub/C-V2X-Autoware-Carla/install/vehicle/lib'
[1.519s] Level 1:colcon.colcon_core.environment:checking '/home/carla/Documents/GitHub/C-V2X-Autoware-Carla/install/vehicle/bin'
[1.519s] Level 1:colcon.colcon_core.environment:checking '/home/carla/Documents/GitHub/C-V2X-Autoware-Carla/install/vehicle/lib/pkgconfig/vehicle.pc'
[1.520s] Level 1:colcon.colcon_core.environment:checking '/home/carla/Documents/GitHub/C-V2X-Autoware-Carla/install/vehicle/lib/python3.8/site-packages'
[1.520s] Level 1:colcon.colcon_core.shell:create_environment_hook('vehicle', 'pythonpath')
[1.523s] INFO:colcon.colcon_core.shell:Creating environment hook '/home/carla/Documents/GitHub/C-V2X-Autoware-Carla/install/vehicle/share/vehicle/hook/pythonpath.ps1'
[1.523s] INFO:colcon.colcon_core.shell:Creating environment descriptor '/home/carla/Documents/GitHub/C-V2X-Autoware-Carla/install/vehicle/share/vehicle/hook/pythonpath.dsv'
[1.523s] INFO:colcon.colcon_core.shell:Creating environment hook '/home/carla/Documents/GitHub/C-V2X-Autoware-Carla/install/vehicle/share/vehicle/hook/pythonpath.sh'
[1.524s] Level 1:colcon.colcon_core.environment:checking '/home/carla/Documents/GitHub/C-V2X-Autoware-Carla/install/vehicle/bin'
[1.524s] Level 1:colcon.colcon_core.environment:create_environment_scripts_only(vehicle)
[1.527s] INFO:colcon.colcon_core.shell:Creating package script '/home/carla/Documents/GitHub/C-V2X-Autoware-Carla/install/vehicle/share/vehicle/package.ps1'
[1.527s] INFO:colcon.colcon_core.shell:Creating package descriptor '/home/carla/Documents/GitHub/C-V2X-Autoware-Carla/install/vehicle/share/vehicle/package.dsv'
[1.528s] INFO:colcon.colcon_core.shell:Creating package script '/home/carla/Documents/GitHub/C-V2X-Autoware-Carla/install/vehicle/share/vehicle/package.sh'
[1.528s] INFO:colcon.colcon_core.shell:Creating package script '/home/carla/Documents/GitHub/C-V2X-Autoware-Carla/install/vehicle/share/vehicle/package.bash'
[1.529s] INFO:colcon.colcon_core.shell:Creating package script '/home/carla/Documents/GitHub/C-V2X-Autoware-Carla/install/vehicle/share/vehicle/package.zsh'
[1.529s] Level 1:colcon.colcon_core.environment:create_file_with_runtime_dependencies(/home/carla/Documents/GitHub/C-V2X-Autoware-Carla/install/vehicle/share/colcon-core/packages/vehicle)
[2.479s] DEBUG:colcon.colcon_core.event_handler.log_command:Invoked command in '/home/carla/Documents/GitHub/C-V2X-Autoware-Carla/build/v2x_msg' returned '0': CMAKE_PREFIX_PATH=/opt/ros/galactic /usr/bin/cmake --build /home/carla/Documents/GitHub/C-V2X-Autoware-Carla/build/v2x_msg -- -j20 -l20
[3.484s] DEBUG:colcon.colcon_core.event_handler.log_command:Invoking command in '/home/carla/Documents/GitHub/C-V2X-Autoware-Carla/build/v2x_msg': CMAKE_PREFIX_PATH=/opt/ros/galactic /usr/bin/cmake --install /home/carla/Documents/GitHub/C-V2X-Autoware-Carla/build/v2x_msg
[3.968s] DEBUG:colcon.colcon_core.event_handler.log_command:Invoked command in '/home/carla/Documents/GitHub/C-V2X-Autoware-Carla/build/cv_bridge' returned '0': CMAKE_PREFIX_PATH=/opt/ros/galactic /usr/bin/cmake /home/carla/Documents/GitHub/C-V2X-Autoware-Carla/src/vision_opencv/cv_bridge -DAMENT_CMAKE_SYMLINK_INSTALL=1 -DCMAKE_INSTALL_PREFIX=/home/carla/Documents/GitHub/C-V2X-Autoware-Carla/install/cv_bridge
[3.970s] DEBUG:colcon.colcon_core.event_handler.log_command:Invoking command in '/home/carla/Documents/GitHub/C-V2X-Autoware-Carla/build/cv_bridge': CMAKE_PREFIX_PATH=/opt/ros/galactic /usr/bin/cmake --build /home/carla/Documents/GitHub/C-V2X-Autoware-Carla/build/cv_bridge -- -j20 -l20
[4.338s] DEBUG:colcon.colcon_core.event_handler.log_command:Invoked command in '/home/carla/Documents/GitHub/C-V2X-Autoware-Carla/build/image_geometry' returned '0': CMAKE_PREFIX_PATH=/opt/ros/galactic /usr/bin/cmake --build /home/carla/Documents/GitHub/C-V2X-Autoware-Carla/build/image_geometry -- -j20 -l20
[4.358s] DEBUG:colcon.colcon_core.event_handler.log_command:Invoking command in '/home/carla/Documents/GitHub/C-V2X-Autoware-Carla/build/image_geometry': CMAKE_PREFIX_PATH=/opt/ros/galactic /usr/bin/cmake --install /home/carla/Documents/GitHub/C-V2X-Autoware-Carla/build/image_geometry
[4.539s] Level 1:colcon.colcon_core.environment:create_environment_scripts_only(image_geometry)
[4.544s] Level 1:colcon.colcon_core.environment:checking '/home/carla/Documents/GitHub/C-V2X-Autoware-Carla/install/image_geometry' for CMake module files
[4.545s] DEBUG:colcon.colcon_core.event_handler.log_command:Invoked command in '/home/carla/Documents/GitHub/C-V2X-Autoware-Carla/build/image_geometry' returned '0': CMAKE_PREFIX_PATH=/opt/ros/galactic /usr/bin/cmake --install /home/carla/Documents/GitHub/C-V2X-Autoware-Carla/build/image_geometry
[4.545s] Level 1:colcon.colcon_core.environment:checking '/home/carla/Documents/GitHub/C-V2X-Autoware-Carla/install/image_geometry' for CMake config files
[4.545s] Level 1:colcon.colcon_core.shell:create_environment_hook('image_geometry', 'cmake_prefix_path')
[4.547s] INFO:colcon.colcon_core.shell:Creating environment hook '/home/carla/Documents/GitHub/C-V2X-Autoware-Carla/install/image_geometry/share/image_geometry/hook/cmake_prefix_path.ps1'
[4.548s] INFO:colcon.colcon_core.shell:Creating environment descriptor '/home/carla/Documents/GitHub/C-V2X-Autoware-Carla/install/image_geometry/share/image_geometry/hook/cmake_prefix_path.dsv'
[4.548s] INFO:colcon.colcon_core.shell:Creating environment hook '/home/carla/Documents/GitHub/C-V2X-Autoware-Carla/install/image_geometry/share/image_geometry/hook/cmake_prefix_path.sh'
[4.548s] Level 1:colcon.colcon_core.environment:checking '/home/carla/Documents/GitHub/C-V2X-Autoware-Carla/install/image_geometry/lib'
[4.548s] Level 1:colcon.colcon_core.shell:create_environment_hook('image_geometry', 'ld_library_path_lib')
[4.550s] INFO:colcon.colcon_core.shell:Creating environment hook '/home/carla/Documents/GitHub/C-V2X-Autoware-Carla/install/image_geometry/share/image_geometry/hook/ld_library_path_lib.ps1'
[4.550s] INFO:colcon.colcon_core.shell:Creating environment descriptor '/home/carla/Documents/GitHub/C-V2X-Autoware-Carla/install/image_geometry/share/image_geometry/hook/ld_library_path_lib.dsv'
[4.550s] INFO:colcon.colcon_core.shell:Creating environment hook '/home/carla/Documents/GitHub/C-V2X-Autoware-Carla/install/image_geometry/share/image_geometry/hook/ld_library_path_lib.sh'
[4.550s] Level 1:colcon.colcon_core.environment:checking '/home/carla/Documents/GitHub/C-V2X-Autoware-Carla/install/image_geometry/bin'
[4.550s] Level 1:colcon.colcon_core.environment:checking '/home/carla/Documents/GitHub/C-V2X-Autoware-Carla/install/image_geometry/lib/pkgconfig/image_geometry.pc'
[4.550s] Level 1:colcon.colcon_core.environment:checking '/home/carla/Documents/GitHub/C-V2X-Autoware-Carla/install/image_geometry/lib/python3.8/site-packages'
[4.550s] Level 1:colcon.colcon_core.shell:create_environment_hook('image_geometry', 'pythonpath')
[4.552s] INFO:colcon.colcon_core.shell:Creating environment hook '/home/carla/Documents/GitHub/C-V2X-Autoware-Carla/install/image_geometry/share/image_geometry/hook/pythonpath.ps1'
[4.553s] INFO:colcon.colcon_core.shell:Creating environment descriptor '/home/carla/Documents/GitHub/C-V2X-Autoware-Carla/install/image_geometry/share/image_geometry/hook/pythonpath.dsv'
[4.553s] INFO:colcon.colcon_core.shell:Creating environment hook '/home/carla/Documents/GitHub/C-V2X-Autoware-Carla/install/image_geometry/share/image_geometry/hook/pythonpath.sh'
[4.553s] Level 1:colcon.colcon_core.environment:checking '/home/carla/Documents/GitHub/C-V2X-Autoware-Carla/install/image_geometry/bin'
[4.555s] INFO:colcon.colcon_core.shell:Creating package script '/home/carla/Documents/GitHub/C-V2X-Autoware-Carla/install/image_geometry/share/image_geometry/package.ps1'
[4.555s] INFO:colcon.colcon_core.shell:Creating package descriptor '/home/carla/Documents/GitHub/C-V2X-Autoware-Carla/install/image_geometry/share/image_geometry/package.dsv'
[4.555s] INFO:colcon.colcon_core.shell:Creating package script '/home/carla/Documents/GitHub/C-V2X-Autoware-Carla/install/image_geometry/share/image_geometry/package.sh'
[4.555s] INFO:colcon.colcon_core.shell:Creating package script '/home/carla/Documents/GitHub/C-V2X-Autoware-Carla/install/image_geometry/share/image_geometry/package.bash'
[4.556s] INFO:colcon.colcon_core.shell:Creating package script '/home/carla/Documents/GitHub/C-V2X-Autoware-Carla/install/image_geometry/share/image_geometry/package.zsh'
[4.556s] Level 1:colcon.colcon_core.environment:create_file_with_runtime_dependencies(/home/carla/Documents/GitHub/C-V2X-Autoware-Carla/install/image_geometry/share/colcon-core/packages/image_geometry)
[4.573s] Level 1:colcon.colcon_core.environment:create_environment_scripts_only(image_geometry)
[4.575s] Level 1:colcon.colcon_core.environment:checking '/home/carla/Documents/GitHub/C-V2X-Autoware-Carla/install/image_geometry' for CMake module files
[4.576s] Level 1:colcon.colcon_core.environment:checking '/home/carla/Documents/GitHub/C-V2X-Autoware-Carla/install/image_geometry' for CMake config files
[4.576s] Level 1:colcon.colcon_core.shell:create_environment_hook('image_geometry', 'cmake_prefix_path')
[4.578s] INFO:colcon.colcon_core.shell:Creating environment hook '/home/carla/Documents/GitHub/C-V2X-Autoware-Carla/install/image_geometry/share/image_geometry/hook/cmake_prefix_path.ps1'
[4.578s] INFO:colcon.colcon_core.shell:Creating environment descriptor '/home/carla/Documents/GitHub/C-V2X-Autoware-Carla/install/image_geometry/share/image_geometry/hook/cmake_prefix_path.dsv'
[4.579s] INFO:colcon.colcon_core.shell:Creating environment hook '/home/carla/Documents/GitHub/C-V2X-Autoware-Carla/install/image_geometry/share/image_geometry/hook/cmake_prefix_path.sh'
[4.579s] Level 1:colcon.colcon_core.environment:checking '/home/carla/Documents/GitHub/C-V2X-Autoware-Carla/install/image_geometry/lib'
[4.579s] Level 1:colcon.colcon_core.shell:create_environment_hook('image_geometry', 'ld_library_path_lib')
[4.581s] INFO:colcon.colcon_core.shell:Creating environment hook '/home/carla/Documents/GitHub/C-V2X-Autoware-Carla/install/image_geometry/share/image_geometry/hook/ld_library_path_lib.ps1'
[4.581s] INFO:colcon.colcon_core.shell:Creating environment descriptor '/home/carla/Documents/GitHub/C-V2X-Autoware-Carla/install/image_geometry/share/image_geometry/hook/ld_library_path_lib.dsv'
[4.581s] INFO:colcon.colcon_core.shell:Creating environment hook '/home/carla/Documents/GitHub/C-V2X-Autoware-Carla/install/image_geometry/share/image_geometry/hook/ld_library_path_lib.sh'
[4.581s] Level 1:colcon.colcon_core.environment:checking '/home/carla/Documents/GitHub/C-V2X-Autoware-Carla/install/image_geometry/bin'
[4.581s] Level 1:colcon.colcon_core.environment:checking '/home/carla/Documents/GitHub/C-V2X-Autoware-Carla/install/image_geometry/lib/pkgconfig/image_geometry.pc'
[4.581s] Level 1:colcon.colcon_core.environment:checking '/home/carla/Documents/GitHub/C-V2X-Autoware-Carla/install/image_geometry/lib/python3.8/site-packages'
[4.581s] Level 1:colcon.colcon_core.shell:create_environment_hook('image_geometry', 'pythonpath')
[4.583s] INFO:colcon.colcon_core.shell:Creating environment hook '/home/carla/Documents/GitHub/C-V2X-Autoware-Carla/install/image_geometry/share/image_geometry/hook/pythonpath.ps1'
[4.584s] INFO:colcon.colcon_core.shell:Creating environment descriptor '/home/carla/Documents/GitHub/C-V2X-Autoware-Carla/install/image_geometry/share/image_geometry/hook/pythonpath.dsv'
[4.584s] INFO:colcon.colcon_core.shell:Creating environment hook '/home/carla/Documents/GitHub/C-V2X-Autoware-Carla/install/image_geometry/share/image_geometry/hook/pythonpath.sh'
[4.584s] Level 1:colcon.colcon_core.environment:checking '/home/carla/Documents/GitHub/C-V2X-Autoware-Carla/install/image_geometry/bin'
[4.586s] INFO:colcon.colcon_core.shell:Creating package script '/home/carla/Documents/GitHub/C-V2X-Autoware-Carla/install/image_geometry/share/image_geometry/package.ps1'
[4.586s] INFO:colcon.colcon_core.shell:Creating package descriptor '/home/carla/Documents/GitHub/C-V2X-Autoware-Carla/install/image_geometry/share/image_geometry/package.dsv'
[4.587s] INFO:colcon.colcon_core.shell:Creating package script '/home/carla/Documents/GitHub/C-V2X-Autoware-Carla/install/image_geometry/share/image_geometry/package.sh'
[4.587s] INFO:colcon.colcon_core.shell:Creating package script '/home/carla/Documents/GitHub/C-V2X-Autoware-Carla/install/image_geometry/share/image_geometry/package.bash'
[4.587s] INFO:colcon.colcon_core.shell:Creating package script '/home/carla/Documents/GitHub/C-V2X-Autoware-Carla/install/image_geometry/share/image_geometry/package.zsh'
[4.587s] Level 1:colcon.colcon_core.environment:create_file_with_runtime_dependencies(/home/carla/Documents/GitHub/C-V2X-Autoware-Carla/install/image_geometry/share/colcon-core/packages/image_geometry)
[8.528s] DEBUG:colcon.colcon_core.event_handler.log_command:Invoked command in '/home/carla/Documents/GitHub/C-V2X-Autoware-Carla/build/cv_bridge' returned '0': CMAKE_PREFIX_PATH=/opt/ros/galactic /usr/bin/cmake --build /home/carla/Documents/GitHub/C-V2X-Autoware-Carla/build/cv_bridge -- -j20 -l20
[8.542s] DEBUG:colcon.colcon_core.event_handler.log_command:Invoking command in '/home/carla/Documents/GitHub/C-V2X-Autoware-Carla/build/cv_bridge': CMAKE_PREFIX_PATH=/opt/ros/galactic /usr/bin/cmake --install /home/carla/Documents/GitHub/C-V2X-Autoware-Carla/build/cv_bridge
[8.723s] Level 1:colcon.colcon_core.environment:create_environment_scripts_only(cv_bridge)
[8.726s] Level 1:colcon.colcon_core.environment:checking '/home/carla/Documents/GitHub/C-V2X-Autoware-Carla/install/cv_bridge' for CMake module files
[8.727s] DEBUG:colcon.colcon_core.event_handler.log_command:Invoked command in '/home/carla/Documents/GitHub/C-V2X-Autoware-Carla/build/cv_bridge' returned '0': CMAKE_PREFIX_PATH=/opt/ros/galactic /usr/bin/cmake --install /home/carla/Documents/GitHub/C-V2X-Autoware-Carla/build/cv_bridge
[8.727s] Level 1:colcon.colcon_core.environment:checking '/home/carla/Documents/GitHub/C-V2X-Autoware-Carla/install/cv_bridge' for CMake config files
[8.727s] Level 1:colcon.colcon_core.shell:create_environment_hook('cv_bridge', 'cmake_prefix_path')
[8.729s] INFO:colcon.colcon_core.shell:Creating environment hook '/home/carla/Documents/GitHub/C-V2X-Autoware-Carla/install/cv_bridge/share/cv_bridge/hook/cmake_prefix_path.ps1'
[8.729s] INFO:colcon.colcon_core.shell:Creating environment descriptor '/home/carla/Documents/GitHub/C-V2X-Autoware-Carla/install/cv_bridge/share/cv_bridge/hook/cmake_prefix_path.dsv'
[8.729s] INFO:colcon.colcon_core.shell:Creating environment hook '/home/carla/Documents/GitHub/C-V2X-Autoware-Carla/install/cv_bridge/share/cv_bridge/hook/cmake_prefix_path.sh'
[8.729s] Level 1:colcon.colcon_core.environment:checking '/home/carla/Documents/GitHub/C-V2X-Autoware-Carla/install/cv_bridge/lib'
[8.729s] Level 1:colcon.colcon_core.shell:create_environment_hook('cv_bridge', 'ld_library_path_lib')
[8.731s] INFO:colcon.colcon_core.shell:Creating environment hook '/home/carla/Documents/GitHub/C-V2X-Autoware-Carla/install/cv_bridge/share/cv_bridge/hook/ld_library_path_lib.ps1'
[8.732s] INFO:colcon.colcon_core.shell:Creating environment descriptor '/home/carla/Documents/GitHub/C-V2X-Autoware-Carla/install/cv_bridge/share/cv_bridge/hook/ld_library_path_lib.dsv'
[8.732s] INFO:colcon.colcon_core.shell:Creating environment hook '/home/carla/Documents/GitHub/C-V2X-Autoware-Carla/install/cv_bridge/share/cv_bridge/hook/ld_library_path_lib.sh'
[8.732s] Level 1:colcon.colcon_core.environment:checking '/home/carla/Documents/GitHub/C-V2X-Autoware-Carla/install/cv_bridge/bin'
[8.732s] Level 1:colcon.colcon_core.environment:checking '/home/carla/Documents/GitHub/C-V2X-Autoware-Carla/install/cv_bridge/lib/pkgconfig/cv_bridge.pc'
[8.732s] Level 1:colcon.colcon_core.environment:checking '/home/carla/Documents/GitHub/C-V2X-Autoware-Carla/install/cv_bridge/lib/python3.8/site-packages'
[8.732s] Level 1:colcon.colcon_core.shell:create_environment_hook('cv_bridge', 'pythonpath')
[8.734s] INFO:colcon.colcon_core.shell:Creating environment hook '/home/carla/Documents/GitHub/C-V2X-Autoware-Carla/install/cv_bridge/share/cv_bridge/hook/pythonpath.ps1'
[8.734s] INFO:colcon.colcon_core.shell:Creating environment descriptor '/home/carla/Documents/GitHub/C-V2X-Autoware-Carla/install/cv_bridge/share/cv_bridge/hook/pythonpath.dsv'
[8.734s] INFO:colcon.colcon_core.shell:Creating environment hook '/home/carla/Documents/GitHub/C-V2X-Autoware-Carla/install/cv_bridge/share/cv_bridge/hook/pythonpath.sh'
[8.735s] Level 1:colcon.colcon_core.environment:checking '/home/carla/Documents/GitHub/C-V2X-Autoware-Carla/install/cv_bridge/bin'
[8.736s] INFO:colcon.colcon_core.shell:Creating package script '/home/carla/Documents/GitHub/C-V2X-Autoware-Carla/install/cv_bridge/share/cv_bridge/package.ps1'
[8.737s] INFO:colcon.colcon_core.shell:Creating package descriptor '/home/carla/Documents/GitHub/C-V2X-Autoware-Carla/install/cv_bridge/share/cv_bridge/package.dsv'
[8.737s] INFO:colcon.colcon_core.shell:Creating package script '/home/carla/Documents/GitHub/C-V2X-Autoware-Carla/install/cv_bridge/share/cv_bridge/package.sh'
[8.737s] INFO:colcon.colcon_core.shell:Creating package script '/home/carla/Documents/GitHub/C-V2X-Autoware-Carla/install/cv_bridge/share/cv_bridge/package.bash'
[8.738s] INFO:colcon.colcon_core.shell:Creating package script '/home/carla/Documents/GitHub/C-V2X-Autoware-Carla/install/cv_bridge/share/cv_bridge/package.zsh'
[8.738s] Level 1:colcon.colcon_core.environment:create_file_with_runtime_dependencies(/home/carla/Documents/GitHub/C-V2X-Autoware-Carla/install/cv_bridge/share/colcon-core/packages/cv_bridge)
[8.753s] Level 1:colcon.colcon_core.environment:create_environment_scripts_only(cv_bridge)
[8.755s] Level 1:colcon.colcon_core.environment:checking '/home/carla/Documents/GitHub/C-V2X-Autoware-Carla/install/cv_bridge' for CMake module files
[8.755s] Level 1:colcon.colcon_core.environment:checking '/home/carla/Documents/GitHub/C-V2X-Autoware-Carla/install/cv_bridge' for CMake config files
[8.756s] Level 1:colcon.colcon_core.shell:create_environment_hook('cv_bridge', 'cmake_prefix_path')
[8.757s] INFO:colcon.colcon_core.shell:Creating environment hook '/home/carla/Documents/GitHub/C-V2X-Autoware-Carla/install/cv_bridge/share/cv_bridge/hook/cmake_prefix_path.ps1'
[8.758s] INFO:colcon.colcon_core.shell:Creating environment descriptor '/home/carla/Documents/GitHub/C-V2X-Autoware-Carla/install/cv_bridge/share/cv_bridge/hook/cmake_prefix_path.dsv'
[8.758s] INFO:colcon.colcon_core.shell:Creating environment hook '/home/carla/Documents/GitHub/C-V2X-Autoware-Carla/install/cv_bridge/share/cv_bridge/hook/cmake_prefix_path.sh'
[8.758s] Level 1:colcon.colcon_core.environment:checking '/home/carla/Documents/GitHub/C-V2X-Autoware-Carla/install/cv_bridge/lib'
[8.758s] Level 1:colcon.colcon_core.shell:create_environment_hook('cv_bridge', 'ld_library_path_lib')
[8.760s] INFO:colcon.colcon_core.shell:Creating environment hook '/home/carla/Documents/GitHub/C-V2X-Autoware-Carla/install/cv_bridge/share/cv_bridge/hook/ld_library_path_lib.ps1'
[8.760s] INFO:colcon.colcon_core.shell:Creating environment descriptor '/home/carla/Documents/GitHub/C-V2X-Autoware-Carla/install/cv_bridge/share/cv_bridge/hook/ld_library_path_lib.dsv'
[8.760s] INFO:colcon.colcon_core.shell:Creating environment hook '/home/carla/Documents/GitHub/C-V2X-Autoware-Carla/install/cv_bridge/share/cv_bridge/hook/ld_library_path_lib.sh'
[8.760s] Level 1:colcon.colcon_core.environment:checking '/home/carla/Documents/GitHub/C-V2X-Autoware-Carla/install/cv_bridge/bin'
[8.760s] Level 1:colcon.colcon_core.environment:checking '/home/carla/Documents/GitHub/C-V2X-Autoware-Carla/install/cv_bridge/lib/pkgconfig/cv_bridge.pc'
[8.761s] Level 1:colcon.colcon_core.environment:checking '/home/carla/Documents/GitHub/C-V2X-Autoware-Carla/install/cv_bridge/lib/python3.8/site-packages'
[8.761s] Level 1:colcon.colcon_core.shell:create_environment_hook('cv_bridge', 'pythonpath')
[8.762s] INFO:colcon.colcon_core.shell:Creating environment hook '/home/carla/Documents/GitHub/C-V2X-Autoware-Carla/install/cv_bridge/share/cv_bridge/hook/pythonpath.ps1'
[8.763s] INFO:colcon.colcon_core.shell:Creating environment descriptor '/home/carla/Documents/GitHub/C-V2X-Autoware-Carla/install/cv_bridge/share/cv_bridge/hook/pythonpath.dsv'
[8.763s] INFO:colcon.colcon_core.shell:Creating environment hook '/home/carla/Documents/GitHub/C-V2X-Autoware-Carla/install/cv_bridge/share/cv_bridge/hook/pythonpath.sh'
[8.763s] Level 1:colcon.colcon_core.environment:checking '/home/carla/Documents/GitHub/C-V2X-Autoware-Carla/install/cv_bridge/bin'
[8.765s] INFO:colcon.colcon_core.shell:Creating package script '/home/carla/Documents/GitHub/C-V2X-Autoware-Carla/install/cv_bridge/share/cv_bridge/package.ps1'
[8.765s] INFO:colcon.colcon_core.shell:Creating package descriptor '/home/carla/Documents/GitHub/C-V2X-Autoware-Carla/install/cv_bridge/share/cv_bridge/package.dsv'
[8.765s] INFO:colcon.colcon_core.shell:Creating package script '/home/carla/Documents/GitHub/C-V2X-Autoware-Carla/install/cv_bridge/share/cv_bridge/package.sh'
[8.766s] INFO:colcon.colcon_core.shell:Creating package script '/home/carla/Documents/GitHub/C-V2X-Autoware-Carla/install/cv_bridge/share/cv_bridge/package.bash'
[8.766s] INFO:colcon.colcon_core.shell:Creating package script '/home/carla/Documents/GitHub/C-V2X-Autoware-Carla/install/cv_bridge/share/cv_bridge/package.zsh'
[8.766s] Level 1:colcon.colcon_core.environment:create_file_with_runtime_dependencies(/home/carla/Documents/GitHub/C-V2X-Autoware-Carla/install/cv_bridge/share/colcon-core/packages/cv_bridge)
[8.767s] INFO:colcon.colcon_ros.task.ament_python.build:Building ROS package in '/home/carla/Documents/GitHub/C-V2X-Autoware-Carla/src/vision_opencv/opencv_tests' with build type 'ament_python'
[8.767s] Level 1:colcon.colcon_core.shell:create_environment_hook('opencv_tests', 'ament_prefix_path')
[8.768s] INFO:colcon.colcon_core.shell:Creating environment hook '/home/carla/Documents/GitHub/C-V2X-Autoware-Carla/install/opencv_tests/share/opencv_tests/hook/ament_prefix_path.ps1'
[8.769s] INFO:colcon.colcon_core.shell:Creating environment descriptor '/home/carla/Documents/GitHub/C-V2X-Autoware-Carla/install/opencv_tests/share/opencv_tests/hook/ament_prefix_path.dsv'
[8.769s] INFO:colcon.colcon_core.shell:Creating environment hook '/home/carla/Documents/GitHub/C-V2X-Autoware-Carla/install/opencv_tests/share/opencv_tests/hook/ament_prefix_path.sh'
[8.771s] INFO:colcon.colcon_core.shell:Skip shell extension 'powershell' for command environment: Not usable outside of PowerShell
[8.771s] DEBUG:colcon.colcon_core.shell:Skip shell extension 'dsv' for command environment
[8.775s] INFO:colcon.colcon_ros.task.ament_cmake.build:Building ROS package in '/home/carla/Documents/GitHub/C-V2X-Autoware-Carla/src/vision_opencv/vision_opencv' with build type 'ament_cmake'
[8.775s] INFO:colcon.colcon_cmake.task.cmake.build:Building CMake package in '/home/carla/Documents/GitHub/C-V2X-Autoware-Carla/src/vision_opencv/vision_opencv'
[8.777s] INFO:colcon.colcon_core.shell:Skip shell extension 'powershell' for command environment: Not usable outside of PowerShell
[8.777s] DEBUG:colcon.colcon_core.shell:Skip shell extension 'dsv' for command environment
[8.971s] INFO:colcon.colcon_core.task.python.build:Building Python package in '/home/carla/Documents/GitHub/C-V2X-Autoware-Carla/src/vision_opencv/opencv_tests'
[8.974s] INFO:colcon.colcon_core.shell:Skip shell extension 'powershell' for command environment: Not usable outside of PowerShell
[8.974s] DEBUG:colcon.colcon_core.shell:Skip shell extension 'dsv' for command environment
[8.983s] DEBUG:colcon.colcon_core.event_handler.log_command:Invoking command in '/home/carla/Documents/GitHub/C-V2X-Autoware-Carla/build/vision_opencv': AMENT_PREFIX_PATH=/home/carla/Documents/GitHub/C-V2X-Autoware-Carla/install/image_geometry:/home/carla/Documents/GitHub/C-V2X-Autoware-Carla/install/cv_bridge:${AMENT_PREFIX_PATH} CMAKE_PREFIX_PATH=/home/carla/Documents/GitHub/C-V2X-Autoware-Carla/install/image_geometry:/home/carla/Documents/GitHub/C-V2X-Autoware-Carla/install/cv_bridge:/opt/ros/galactic LD_LIBRARY_PATH=/home/carla/Documents/GitHub/C-V2X-Autoware-Carla/install/image_geometry/lib:/home/carla/Documents/GitHub/C-V2X-Autoware-Carla/install/cv_bridge/lib:${LD_LIBRARY_PATH} PYTHONPATH=/home/carla/Documents/GitHub/C-V2X-Autoware-Carla/install/image_geometry/lib/python3.8/site-packages:/home/carla/Documents/GitHub/C-V2X-Autoware-Carla/install/cv_bridge/lib/python3.8/site-packages:${PYTHONPATH} /usr/bin/cmake /home/carla/Documents/GitHub/C-V2X-Autoware-Carla/src/vision_opencv/vision_opencv -DAMENT_CMAKE_SYMLINK_INSTALL=1 -DCMAKE_INSTALL_PREFIX=/home/carla/Documents/GitHub/C-V2X-Autoware-Carla/install/vision_opencv
[9.360s] DEBUG:colcon.colcon_core.event_handler.log_command:Invoking command in '/home/carla/Documents/GitHub/C-V2X-Autoware-Carla/build/opencv_tests': AMENT_PREFIX_PATH=/home/carla/Documents/GitHub/C-V2X-Autoware-Carla/install/cv_bridge:${AMENT_PREFIX_PATH} CMAKE_PREFIX_PATH=/home/carla/Documents/GitHub/C-V2X-Autoware-Carla/install/cv_bridge LD_LIBRARY_PATH=/home/carla/Documents/GitHub/C-V2X-Autoware-Carla/install/cv_bridge/lib:${LD_LIBRARY_PATH} PYTHONPATH=/home/carla/Documents/GitHub/C-V2X-Autoware-Carla/install/opencv_tests/lib/python3.8/site-packages:/home/carla/Documents/GitHub/C-V2X-Autoware-Carla/install/cv_bridge/lib/python3.8/site-packages:${PYTHONPATH} /usr/bin/python3 setup.py develop --prefix /home/carla/Documents/GitHub/C-V2X-Autoware-Carla/install/opencv_tests --editable --build-directory /home/carla/Documents/GitHub/C-V2X-Autoware-Carla/build/opencv_tests/build --no-deps install_data --install-dir /home/carla/Documents/GitHub/C-V2X-Autoware-Carla/install/opencv_tests
[9.383s] DEBUG:colcon.colcon_core.event_handler.log_command:Invoked command in '/home/carla/Documents/GitHub/C-V2X-Autoware-Carla/build/vision_opencv' returned '0': AMENT_PREFIX_PATH=/home/carla/Documents/GitHub/C-V2X-Autoware-Carla/install/image_geometry:/home/carla/Documents/GitHub/C-V2X-Autoware-Carla/install/cv_bridge:${AMENT_PREFIX_PATH} CMAKE_PREFIX_PATH=/home/carla/Documents/GitHub/C-V2X-Autoware-Carla/install/image_geometry:/home/carla/Documents/GitHub/C-V2X-Autoware-Carla/install/cv_bridge:/opt/ros/galactic LD_LIBRARY_PATH=/home/carla/Documents/GitHub/C-V2X-Autoware-Carla/install/image_geometry/lib:/home/carla/Documents/GitHub/C-V2X-Autoware-Carla/install/cv_bridge/lib:${LD_LIBRARY_PATH} PYTHONPATH=/home/carla/Documents/GitHub/C-V2X-Autoware-Carla/install/image_geometry/lib/python3.8/site-packages:/home/carla/Documents/GitHub/C-V2X-Autoware-Carla/install/cv_bridge/lib/python3.8/site-packages:${PYTHONPATH} /usr/bin/cmake /home/carla/Documents/GitHub/C-V2X-Autoware-Carla/src/vision_opencv/vision_opencv -DAMENT_CMAKE_SYMLINK_INSTALL=1 -DCMAKE_INSTALL_PREFIX=/home/carla/Documents/GitHub/C-V2X-Autoware-Carla/install/vision_opencv
[9.385s] DEBUG:colcon.colcon_core.event_handler.log_command:Invoking command in '/home/carla/Documents/GitHub/C-V2X-Autoware-Carla/build/vision_opencv': AMENT_PREFIX_PATH=/home/carla/Documents/GitHub/C-V2X-Autoware-Carla/install/image_geometry:/home/carla/Documents/GitHub/C-V2X-Autoware-Carla/install/cv_bridge:${AMENT_PREFIX_PATH} CMAKE_PREFIX_PATH=/home/carla/Documents/GitHub/C-V2X-Autoware-Carla/install/image_geometry:/home/carla/Documents/GitHub/C-V2X-Autoware-Carla/install/cv_bridge:/opt/ros/galactic LD_LIBRARY_PATH=/home/carla/Documents/GitHub/C-V2X-Autoware-Carla/install/image_geometry/lib:/home/carla/Documents/GitHub/C-V2X-Autoware-Carla/install/cv_bridge/lib:${LD_LIBRARY_PATH} PYTHONPATH=/home/carla/Documents/GitHub/C-V2X-Autoware-Carla/install/image_geometry/lib/python3.8/site-packages:/home/carla/Documents/GitHub/C-V2X-Autoware-Carla/install/cv_bridge/lib/python3.8/site-packages:${PYTHONPATH} /usr/bin/cmake --build /home/carla/Documents/GitHub/C-V2X-Autoware-Carla/build/vision_opencv -- -j20 -l20
[9.406s] DEBUG:colcon.colcon_core.event_handler.log_command:Invoked command in '/home/carla/Documents/GitHub/C-V2X-Autoware-Carla/build/vision_opencv' returned '0': AMENT_PREFIX_PATH=/home/carla/Documents/GitHub/C-V2X-Autoware-Carla/install/image_geometry:/home/carla/Documents/GitHub/C-V2X-Autoware-Carla/install/cv_bridge:${AMENT_PREFIX_PATH} CMAKE_PREFIX_PATH=/home/carla/Documents/GitHub/C-V2X-Autoware-Carla/install/image_geometry:/home/carla/Documents/GitHub/C-V2X-Autoware-Carla/install/cv_bridge:/opt/ros/galactic LD_LIBRARY_PATH=/home/carla/Documents/GitHub/C-V2X-Autoware-Carla/install/image_geometry/lib:/home/carla/Documents/GitHub/C-V2X-Autoware-Carla/install/cv_bridge/lib:${LD_LIBRARY_PATH} PYTHONPATH=/home/carla/Documents/GitHub/C-V2X-Autoware-Carla/install/image_geometry/lib/python3.8/site-packages:/home/carla/Documents/GitHub/C-V2X-Autoware-Carla/install/cv_bridge/lib/python3.8/site-packages:${PYTHONPATH} /usr/bin/cmake --build /home/carla/Documents/GitHub/C-V2X-Autoware-Carla/build/vision_opencv -- -j20 -l20
[9.419s] DEBUG:colcon.colcon_core.event_handler.log_command:Invoking command in '/home/carla/Documents/GitHub/C-V2X-Autoware-Carla/build/vision_opencv': AMENT_PREFIX_PATH=/home/carla/Documents/GitHub/C-V2X-Autoware-Carla/install/image_geometry:/home/carla/Documents/GitHub/C-V2X-Autoware-Carla/install/cv_bridge:${AMENT_PREFIX_PATH} CMAKE_PREFIX_PATH=/home/carla/Documents/GitHub/C-V2X-Autoware-Carla/install/image_geometry:/home/carla/Documents/GitHub/C-V2X-Autoware-Carla/install/cv_bridge:/opt/ros/galactic LD_LIBRARY_PATH=/home/carla/Documents/GitHub/C-V2X-Autoware-Carla/install/image_geometry/lib:/home/carla/Documents/GitHub/C-V2X-Autoware-Carla/install/cv_bridge/lib:${LD_LIBRARY_PATH} PYTHONPATH=/home/carla/Documents/GitHub/C-V2X-Autoware-Carla/install/image_geometry/lib/python3.8/site-packages:/home/carla/Documents/GitHub/C-V2X-Autoware-Carla/install/cv_bridge/lib/python3.8/site-packages:${PYTHONPATH} /usr/bin/cmake --install /home/carla/Documents/GitHub/C-V2X-Autoware-Carla/build/vision_opencv
[9.502s] Level 1:colcon.colcon_core.environment:create_environment_scripts_only(vision_opencv)
[9.507s] Level 1:colcon.colcon_core.environment:checking '/home/carla/Documents/GitHub/C-V2X-Autoware-Carla/install/vision_opencv' for CMake module files
[9.507s] DEBUG:colcon.colcon_core.event_handler.log_command:Invoked command in '/home/carla/Documents/GitHub/C-V2X-Autoware-Carla/build/vision_opencv' returned '0': AMENT_PREFIX_PATH=/home/carla/Documents/GitHub/C-V2X-Autoware-Carla/install/image_geometry:/home/carla/Documents/GitHub/C-V2X-Autoware-Carla/install/cv_bridge:${AMENT_PREFIX_PATH} CMAKE_PREFIX_PATH=/home/carla/Documents/GitHub/C-V2X-Autoware-Carla/install/image_geometry:/home/carla/Documents/GitHub/C-V2X-Autoware-Carla/install/cv_bridge:/opt/ros/galactic LD_LIBRARY_PATH=/home/carla/Documents/GitHub/C-V2X-Autoware-Carla/install/image_geometry/lib:/home/carla/Documents/GitHub/C-V2X-Autoware-Carla/install/cv_bridge/lib:${LD_LIBRARY_PATH} PYTHONPATH=/home/carla/Documents/GitHub/C-V2X-Autoware-Carla/install/image_geometry/lib/python3.8/site-packages:/home/carla/Documents/GitHub/C-V2X-Autoware-Carla/install/cv_bridge/lib/python3.8/site-packages:${PYTHONPATH} /usr/bin/cmake --install /home/carla/Documents/GitHub/C-V2X-Autoware-Carla/build/vision_opencv
[9.508s] Level 1:colcon.colcon_core.environment:checking '/home/carla/Documents/GitHub/C-V2X-Autoware-Carla/install/vision_opencv' for CMake config files
[9.508s] Level 1:colcon.colcon_core.shell:create_environment_hook('vision_opencv', 'cmake_prefix_path')
[9.510s] INFO:colcon.colcon_core.shell:Creating environment hook '/home/carla/Documents/GitHub/C-V2X-Autoware-Carla/install/vision_opencv/share/vision_opencv/hook/cmake_prefix_path.ps1'
[9.510s] INFO:colcon.colcon_core.shell:Creating environment descriptor '/home/carla/Documents/GitHub/C-V2X-Autoware-Carla/install/vision_opencv/share/vision_opencv/hook/cmake_prefix_path.dsv'
[9.511s] INFO:colcon.colcon_core.shell:Creating environment hook '/home/carla/Documents/GitHub/C-V2X-Autoware-Carla/install/vision_opencv/share/vision_opencv/hook/cmake_prefix_path.sh'
[9.511s] Level 1:colcon.colcon_core.environment:checking '/home/carla/Documents/GitHub/C-V2X-Autoware-Carla/install/vision_opencv/bin'
[9.511s] Level 1:colcon.colcon_core.environment:checking '/home/carla/Documents/GitHub/C-V2X-Autoware-Carla/install/vision_opencv/lib/pkgconfig/vision_opencv.pc'
[9.511s] Level 1:colcon.colcon_core.environment:checking '/home/carla/Documents/GitHub/C-V2X-Autoware-Carla/install/vision_opencv/lib/python3.8/site-packages'
[9.511s] Level 1:colcon.colcon_core.environment:checking '/home/carla/Documents/GitHub/C-V2X-Autoware-Carla/install/vision_opencv/bin'
[9.513s] INFO:colcon.colcon_core.shell:Creating package script '/home/carla/Documents/GitHub/C-V2X-Autoware-Carla/install/vision_opencv/share/vision_opencv/package.ps1'
[9.514s] INFO:colcon.colcon_core.shell:Creating package descriptor '/home/carla/Documents/GitHub/C-V2X-Autoware-Carla/install/vision_opencv/share/vision_opencv/package.dsv'
[9.514s] INFO:colcon.colcon_core.shell:Creating package script '/home/carla/Documents/GitHub/C-V2X-Autoware-Carla/install/vision_opencv/share/vision_opencv/package.sh'
[9.514s] INFO:colcon.colcon_core.shell:Creating package script '/home/carla/Documents/GitHub/C-V2X-Autoware-Carla/install/vision_opencv/share/vision_opencv/package.bash'
[9.514s] INFO:colcon.colcon_core.shell:Creating package script '/home/carla/Documents/GitHub/C-V2X-Autoware-Carla/install/vision_opencv/share/vision_opencv/package.zsh'
[9.514s] Level 1:colcon.colcon_core.environment:create_file_with_runtime_dependencies(/home/carla/Documents/GitHub/C-V2X-Autoware-Carla/install/vision_opencv/share/colcon-core/packages/vision_opencv)
[9.528s] Level 1:colcon.colcon_core.environment:create_environment_scripts_only(vision_opencv)
[9.530s] Level 1:colcon.colcon_core.environment:checking '/home/carla/Documents/GitHub/C-V2X-Autoware-Carla/install/vision_opencv' for CMake module files
[9.531s] Level 1:colcon.colcon_core.environment:checking '/home/carla/Documents/GitHub/C-V2X-Autoware-Carla/install/vision_opencv' for CMake config files
[9.531s] Level 1:colcon.colcon_core.shell:create_environment_hook('vision_opencv', 'cmake_prefix_path')
[9.533s] INFO:colcon.colcon_core.shell:Creating environment hook '/home/carla/Documents/GitHub/C-V2X-Autoware-Carla/install/vision_opencv/share/vision_opencv/hook/cmake_prefix_path.ps1'
[9.533s] INFO:colcon.colcon_core.shell:Creating environment descriptor '/home/carla/Documents/GitHub/C-V2X-Autoware-Carla/install/vision_opencv/share/vision_opencv/hook/cmake_prefix_path.dsv'
[9.533s] INFO:colcon.colcon_core.shell:Creating environment hook '/home/carla/Documents/GitHub/C-V2X-Autoware-Carla/install/vision_opencv/share/vision_opencv/hook/cmake_prefix_path.sh'
[9.534s] Level 1:colcon.colcon_core.environment:checking '/home/carla/Documents/GitHub/C-V2X-Autoware-Carla/install/vision_opencv/bin'
[9.534s] Level 1:colcon.colcon_core.environment:checking '/home/carla/Documents/GitHub/C-V2X-Autoware-Carla/install/vision_opencv/lib/pkgconfig/vision_opencv.pc'
[9.534s] Level 1:colcon.colcon_core.environment:checking '/home/carla/Documents/GitHub/C-V2X-Autoware-Carla/install/vision_opencv/lib/python3.8/site-packages'
[9.534s] Level 1:colcon.colcon_core.environment:checking '/home/carla/Documents/GitHub/C-V2X-Autoware-Carla/install/vision_opencv/bin'
[9.536s] INFO:colcon.colcon_core.shell:Creating package script '/home/carla/Documents/GitHub/C-V2X-Autoware-Carla/install/vision_opencv/share/vision_opencv/package.ps1'
[9.536s] INFO:colcon.colcon_core.shell:Creating package descriptor '/home/carla/Documents/GitHub/C-V2X-Autoware-Carla/install/vision_opencv/share/vision_opencv/package.dsv'
[9.536s] INFO:colcon.colcon_core.shell:Creating package script '/home/carla/Documents/GitHub/C-V2X-Autoware-Carla/install/vision_opencv/share/vision_opencv/package.sh'
[9.537s] INFO:colcon.colcon_core.shell:Creating package script '/home/carla/Documents/GitHub/C-V2X-Autoware-Carla/install/vision_opencv/share/vision_opencv/package.bash'
[9.537s] INFO:colcon.colcon_core.shell:Creating package script '/home/carla/Documents/GitHub/C-V2X-Autoware-Carla/install/vision_opencv/share/vision_opencv/package.zsh'
[9.537s] Level 1:colcon.colcon_core.environment:create_file_with_runtime_dependencies(/home/carla/Documents/GitHub/C-V2X-Autoware-Carla/install/vision_opencv/share/colcon-core/packages/vision_opencv)
[9.810s] Level 1:colcon.colcon_core.shell:create_environment_hook('opencv_tests', 'pythonpath_develop')
[9.812s] INFO:colcon.colcon_core.shell:Creating environment hook '/home/carla/Documents/GitHub/C-V2X-Autoware-Carla/build/opencv_tests/share/opencv_tests/hook/pythonpath_develop.ps1'
[9.812s] DEBUG:colcon.colcon_core.event_handler.log_command:Invoked command in '/home/carla/Documents/GitHub/C-V2X-Autoware-Carla/build/opencv_tests' returned '0': AMENT_PREFIX_PATH=/home/carla/Documents/GitHub/C-V2X-Autoware-Carla/install/cv_bridge:${AMENT_PREFIX_PATH} CMAKE_PREFIX_PATH=/home/carla/Documents/GitHub/C-V2X-Autoware-Carla/install/cv_bridge LD_LIBRARY_PATH=/home/carla/Documents/GitHub/C-V2X-Autoware-Carla/install/cv_bridge/lib:${LD_LIBRARY_PATH} PYTHONPATH=/home/carla/Documents/GitHub/C-V2X-Autoware-Carla/install/opencv_tests/lib/python3.8/site-packages:/home/carla/Documents/GitHub/C-V2X-Autoware-Carla/install/cv_bridge/lib/python3.8/site-packages:${PYTHONPATH} /usr/bin/python3 setup.py develop --prefix /home/carla/Documents/GitHub/C-V2X-Autoware-Carla/install/opencv_tests --editable --build-directory /home/carla/Documents/GitHub/C-V2X-Autoware-Carla/build/opencv_tests/build --no-deps install_data --install-dir /home/carla/Documents/GitHub/C-V2X-Autoware-Carla/install/opencv_tests
[9.813s] INFO:colcon.colcon_core.shell:Creating environment descriptor '/home/carla/Documents/GitHub/C-V2X-Autoware-Carla/build/opencv_tests/share/opencv_tests/hook/pythonpath_develop.dsv'
[9.813s] INFO:colcon.colcon_core.shell:Creating environment hook '/home/carla/Documents/GitHub/C-V2X-Autoware-Carla/build/opencv_tests/share/opencv_tests/hook/pythonpath_develop.sh'
[9.815s] Level 1:colcon.colcon_core.environment:checking '/home/carla/Documents/GitHub/C-V2X-Autoware-Carla/install/opencv_tests' for CMake module files
[9.816s] Level 1:colcon.colcon_core.environment:checking '/home/carla/Documents/GitHub/C-V2X-Autoware-Carla/install/opencv_tests' for CMake config files
[9.816s] Level 1:colcon.colcon_core.environment:checking '/home/carla/Documents/GitHub/C-V2X-Autoware-Carla/install/opencv_tests/lib'
[9.816s] Level 1:colcon.colcon_core.environment:checking '/home/carla/Documents/GitHub/C-V2X-Autoware-Carla/install/opencv_tests/bin'
[9.816s] Level 1:colcon.colcon_core.environment:checking '/home/carla/Documents/GitHub/C-V2X-Autoware-Carla/install/opencv_tests/lib/pkgconfig/opencv_tests.pc'
[9.816s] Level 1:colcon.colcon_core.environment:checking '/home/carla/Documents/GitHub/C-V2X-Autoware-Carla/install/opencv_tests/lib/python3.8/site-packages'
[9.816s] Level 1:colcon.colcon_core.shell:create_environment_hook('opencv_tests', 'pythonpath')
[9.818s] INFO:colcon.colcon_core.shell:Creating environment hook '/home/carla/Documents/GitHub/C-V2X-Autoware-Carla/install/opencv_tests/share/opencv_tests/hook/pythonpath.ps1'
[9.818s] INFO:colcon.colcon_core.shell:Creating environment descriptor '/home/carla/Documents/GitHub/C-V2X-Autoware-Carla/install/opencv_tests/share/opencv_tests/hook/pythonpath.dsv'
[9.819s] INFO:colcon.colcon_core.shell:Creating environment hook '/home/carla/Documents/GitHub/C-V2X-Autoware-Carla/install/opencv_tests/share/opencv_tests/hook/pythonpath.sh'
[9.819s] Level 1:colcon.colcon_core.environment:checking '/home/carla/Documents/GitHub/C-V2X-Autoware-Carla/install/opencv_tests/bin'
[9.819s] Level 1:colcon.colcon_core.environment:create_environment_scripts_only(opencv_tests)
[9.821s] INFO:colcon.colcon_core.shell:Creating package script '/home/carla/Documents/GitHub/C-V2X-Autoware-Carla/install/opencv_tests/share/opencv_tests/package.ps1'
[9.821s] INFO:colcon.colcon_core.shell:Creating package descriptor '/home/carla/Documents/GitHub/C-V2X-Autoware-Carla/install/opencv_tests/share/opencv_tests/package.dsv'
[9.821s] INFO:colcon.colcon_core.shell:Creating package script '/home/carla/Documents/GitHub/C-V2X-Autoware-Carla/install/opencv_tests/share/opencv_tests/package.sh'
[9.821s] INFO:colcon.colcon_core.shell:Creating package script '/home/carla/Documents/GitHub/C-V2X-Autoware-Carla/install/opencv_tests/share/opencv_tests/package.bash'
[9.821s] INFO:colcon.colcon_core.shell:Creating package script '/home/carla/Documents/GitHub/C-V2X-Autoware-Carla/install/opencv_tests/share/opencv_tests/package.zsh'
[9.822s] Level 1:colcon.colcon_core.environment:create_file_with_runtime_dependencies(/home/carla/Documents/GitHub/C-V2X-Autoware-Carla/install/opencv_tests/share/colcon-core/packages/opencv_tests)
[14.413s] Level 1:colcon.colcon_core.environment:create_environment_scripts_only(v2x_msg)
[14.418s] Level 1:colcon.colcon_core.environment:checking '/home/carla/Documents/GitHub/C-V2X-Autoware-Carla/install/v2x_msg' for CMake module files
[14.419s] DEBUG:colcon.colcon_core.event_handler.log_command:Invoked command in '/home/carla/Documents/GitHub/C-V2X-Autoware-Carla/build/v2x_msg' returned '0': CMAKE_PREFIX_PATH=/opt/ros/galactic /usr/bin/cmake --install /home/carla/Documents/GitHub/C-V2X-Autoware-Carla/build/v2x_msg
[14.419s] Level 1:colcon.colcon_core.environment:checking '/home/carla/Documents/GitHub/C-V2X-Autoware-Carla/install/v2x_msg' for CMake config files
[14.419s] Level 1:colcon.colcon_core.shell:create_environment_hook('v2x_msg', 'cmake_prefix_path')
[14.423s] INFO:colcon.colcon_core.shell:Creating environment hook '/home/carla/Documents/GitHub/C-V2X-Autoware-Carla/install/v2x_msg/share/v2x_msg/hook/cmake_prefix_path.ps1'
[14.423s] INFO:colcon.colcon_core.shell:Creating environment descriptor '/home/carla/Documents/GitHub/C-V2X-Autoware-Carla/install/v2x_msg/share/v2x_msg/hook/cmake_prefix_path.dsv'
[14.424s] INFO:colcon.colcon_core.shell:Creating environment hook '/home/carla/Documents/GitHub/C-V2X-Autoware-Carla/install/v2x_msg/share/v2x_msg/hook/cmake_prefix_path.sh'
[14.424s] Level 1:colcon.colcon_core.environment:checking '/home/carla/Documents/GitHub/C-V2X-Autoware-Carla/install/v2x_msg/lib'
[14.424s] Level 1:colcon.colcon_core.shell:create_environment_hook('v2x_msg', 'ld_library_path_lib')
[14.428s] INFO:colcon.colcon_core.shell:Creating environment hook '/home/carla/Documents/GitHub/C-V2X-Autoware-Carla/install/v2x_msg/share/v2x_msg/hook/ld_library_path_lib.ps1'
[14.428s] INFO:colcon.colcon_core.shell:Creating environment descriptor '/home/carla/Documents/GitHub/C-V2X-Autoware-Carla/install/v2x_msg/share/v2x_msg/hook/ld_library_path_lib.dsv'
[14.428s] INFO:colcon.colcon_core.shell:Creating environment hook '/home/carla/Documents/GitHub/C-V2X-Autoware-Carla/install/v2x_msg/share/v2x_msg/hook/ld_library_path_lib.sh'
[14.429s] Level 1:colcon.colcon_core.environment:checking '/home/carla/Documents/GitHub/C-V2X-Autoware-Carla/install/v2x_msg/bin'
[14.429s] Level 1:colcon.colcon_core.environment:checking '/home/carla/Documents/GitHub/C-V2X-Autoware-Carla/install/v2x_msg/lib/pkgconfig/v2x_msg.pc'
[14.429s] Level 1:colcon.colcon_core.environment:checking '/home/carla/Documents/GitHub/C-V2X-Autoware-Carla/install/v2x_msg/lib/python3.8/site-packages'
[14.429s] Level 1:colcon.colcon_core.shell:create_environment_hook('v2x_msg', 'pythonpath')
[14.432s] INFO:colcon.colcon_core.shell:Creating environment hook '/home/carla/Documents/GitHub/C-V2X-Autoware-Carla/install/v2x_msg/share/v2x_msg/hook/pythonpath.ps1'
[14.447s] INFO:colcon.colcon_core.shell:Creating environment descriptor '/home/carla/Documents/GitHub/C-V2X-Autoware-Carla/install/v2x_msg/share/v2x_msg/hook/pythonpath.dsv'
[14.447s] INFO:colcon.colcon_core.shell:Creating environment hook '/home/carla/Documents/GitHub/C-V2X-Autoware-Carla/install/v2x_msg/share/v2x_msg/hook/pythonpath.sh'
[14.448s] Level 1:colcon.colcon_core.environment:checking '/home/carla/Documents/GitHub/C-V2X-Autoware-Carla/install/v2x_msg/bin'
[14.451s] INFO:colcon.colcon_core.shell:Creating package script '/home/carla/Documents/GitHub/C-V2X-Autoware-Carla/install/v2x_msg/share/v2x_msg/package.ps1'
[14.452s] INFO:colcon.colcon_core.shell:Creating package descriptor '/home/carla/Documents/GitHub/C-V2X-Autoware-Carla/install/v2x_msg/share/v2x_msg/package.dsv'
[14.452s] INFO:colcon.colcon_core.shell:Creating package script '/home/carla/Documents/GitHub/C-V2X-Autoware-Carla/install/v2x_msg/share/v2x_msg/package.sh'
[14.453s] INFO:colcon.colcon_core.shell:Creating package script '/home/carla/Documents/GitHub/C-V2X-Autoware-Carla/install/v2x_msg/share/v2x_msg/package.bash'
[14.453s] INFO:colcon.colcon_core.shell:Creating package script '/home/carla/Documents/GitHub/C-V2X-Autoware-Carla/install/v2x_msg/share/v2x_msg/package.zsh'
[14.453s] Level 1:colcon.colcon_core.environment:create_file_with_runtime_dependencies(/home/carla/Documents/GitHub/C-V2X-Autoware-Carla/install/v2x_msg/share/colcon-core/packages/v2x_msg)
[15.434s] Level 1:colcon.colcon_core.environment:create_environment_scripts_only(v2x_msg)
[15.436s] Level 1:colcon.colcon_core.environment:checking '/home/carla/Documents/GitHub/C-V2X-Autoware-Carla/install/v2x_msg' for CMake module files
[15.437s] Level 1:colcon.colcon_core.environment:checking '/home/carla/Documents/GitHub/C-V2X-Autoware-Carla/install/v2x_msg' for CMake config files
[15.437s] Level 1:colcon.colcon_core.shell:create_environment_hook('v2x_msg', 'cmake_prefix_path')
[15.438s] INFO:colcon.colcon_core.shell:Creating environment hook '/home/carla/Documents/GitHub/C-V2X-Autoware-Carla/install/v2x_msg/share/v2x_msg/hook/cmake_prefix_path.ps1'
[15.439s] INFO:colcon.colcon_core.shell:Creating environment descriptor '/home/carla/Documents/GitHub/C-V2X-Autoware-Carla/install/v2x_msg/share/v2x_msg/hook/cmake_prefix_path.dsv'
[15.439s] INFO:colcon.colcon_core.shell:Creating environment hook '/home/carla/Documents/GitHub/C-V2X-Autoware-Carla/install/v2x_msg/share/v2x_msg/hook/cmake_prefix_path.sh'
[15.439s] Level 1:colcon.colcon_core.environment:checking '/home/carla/Documents/GitHub/C-V2X-Autoware-Carla/install/v2x_msg/lib'
[15.439s] Level 1:colcon.colcon_core.shell:create_environment_hook('v2x_msg', 'ld_library_path_lib')
[15.441s] INFO:colcon.colcon_core.shell:Creating environment hook '/home/carla/Documents/GitHub/C-V2X-Autoware-Carla/install/v2x_msg/share/v2x_msg/hook/ld_library_path_lib.ps1'
[15.441s] INFO:colcon.colcon_core.shell:Creating environment descriptor '/home/carla/Documents/GitHub/C-V2X-Autoware-Carla/install/v2x_msg/share/v2x_msg/hook/ld_library_path_lib.dsv'
[15.441s] INFO:colcon.colcon_core.shell:Creating environment hook '/home/carla/Documents/GitHub/C-V2X-Autoware-Carla/install/v2x_msg/share/v2x_msg/hook/ld_library_path_lib.sh'
[15.441s] Level 1:colcon.colcon_core.environment:checking '/home/carla/Documents/GitHub/C-V2X-Autoware-Carla/install/v2x_msg/bin'
[15.441s] Level 1:colcon.colcon_core.environment:checking '/home/carla/Documents/GitHub/C-V2X-Autoware-Carla/install/v2x_msg/lib/pkgconfig/v2x_msg.pc'
[15.442s] Level 1:colcon.colcon_core.environment:checking '/home/carla/Documents/GitHub/C-V2X-Autoware-Carla/install/v2x_msg/lib/python3.8/site-packages'
[15.442s] Level 1:colcon.colcon_core.shell:create_environment_hook('v2x_msg', 'pythonpath')
[15.443s] INFO:colcon.colcon_core.shell:Creating environment hook '/home/carla/Documents/GitHub/C-V2X-Autoware-Carla/install/v2x_msg/share/v2x_msg/hook/pythonpath.ps1'
[15.443s] INFO:colcon.colcon_core.shell:Creating environment descriptor '/home/carla/Documents/GitHub/C-V2X-Autoware-Carla/install/v2x_msg/share/v2x_msg/hook/pythonpath.dsv'
[15.444s] INFO:colcon.colcon_core.shell:Creating environment hook '/home/carla/Documents/GitHub/C-V2X-Autoware-Carla/install/v2x_msg/share/v2x_msg/hook/pythonpath.sh'
[15.449s] Level 1:colcon.colcon_core.environment:checking '/home/carla/Documents/GitHub/C-V2X-Autoware-Carla/install/v2x_msg/bin'
[15.451s] INFO:colcon.colcon_core.shell:Creating package script '/home/carla/Documents/GitHub/C-V2X-Autoware-Carla/install/v2x_msg/share/v2x_msg/package.ps1'
[15.452s] INFO:colcon.colcon_core.shell:Creating package descriptor '/home/carla/Documents/GitHub/C-V2X-Autoware-Carla/install/v2x_msg/share/v2x_msg/package.dsv'
[15.452s] INFO:colcon.colcon_core.shell:Creating package script '/home/carla/Documents/GitHub/C-V2X-Autoware-Carla/install/v2x_msg/share/v2x_msg/package.sh'
[15.452s] INFO:colcon.colcon_core.shell:Creating package script '/home/carla/Documents/GitHub/C-V2X-Autoware-Carla/install/v2x_msg/share/v2x_msg/package.bash'
[15.452s] INFO:colcon.colcon_core.shell:Creating package script '/home/carla/Documents/GitHub/C-V2X-Autoware-Carla/install/v2x_msg/share/v2x_msg/package.zsh'
[15.452s] Level 1:colcon.colcon_core.environment:create_file_with_runtime_dependencies(/home/carla/Documents/GitHub/C-V2X-Autoware-Carla/install/v2x_msg/share/colcon-core/packages/v2x_msg)
[15.453s] DEBUG:colcon.colcon_parallel_executor.executor.parallel:closing loop
[15.453s] DEBUG:colcon.colcon_parallel_executor.executor.parallel:loop closed
[15.453s] DEBUG:colcon.colcon_parallel_executor.executor.parallel:run_until_complete finished with '0'
[15.453s] DEBUG:colcon.colcon_core.event_reactor:joining thread
[15.461s] INFO:colcon.colcon_core.plugin_system:Skipping extension 'colcon_notification.desktop_notification.terminal_notifier': Not used on non-Darwin systems
[15.461s] INFO:colcon.colcon_core.plugin_system:Skipping extension 'colcon_notification.desktop_notification.win32': Not used on non-Windows systems
[15.461s] INFO:colcon.colcon_notification.desktop_notification:Sending desktop notification using 'notify2'
[15.473s] DEBUG:colcon.colcon_core.event_reactor:joined thread
[15.475s] INFO:colcon.colcon_core.shell:Creating prefix script '/home/carla/Documents/GitHub/C-V2X-Autoware-Carla/install/local_setup.ps1'
[15.476s] INFO:colcon.colcon_core.shell:Creating prefix util module '/home/carla/Documents/GitHub/C-V2X-Autoware-Carla/install/_local_setup_util_ps1.py'
[15.476s] INFO:colcon.colcon_core.shell:Creating prefix chain script '/home/carla/Documents/GitHub/C-V2X-Autoware-Carla/install/setup.ps1'
[15.477s] INFO:colcon.colcon_core.shell:Creating prefix script '/home/carla/Documents/GitHub/C-V2X-Autoware-Carla/install/local_setup.sh'
[15.477s] INFO:colcon.colcon_core.shell:Creating prefix util module '/home/carla/Documents/GitHub/C-V2X-Autoware-Carla/install/_local_setup_util_sh.py'
[15.478s] INFO:colcon.colcon_core.shell:Creating prefix chain script '/home/carla/Documents/GitHub/C-V2X-Autoware-Carla/install/setup.sh'
[15.479s] INFO:colcon.colcon_core.shell:Creating prefix script '/home/carla/Documents/GitHub/C-V2X-Autoware-Carla/install/local_setup.bash'
[15.479s] INFO:colcon.colcon_core.shell:Creating prefix chain script '/home/carla/Documents/GitHub/C-V2X-Autoware-Carla/install/setup.bash'
[15.480s] INFO:colcon.colcon_core.shell:Creating prefix script '/home/carla/Documents/GitHub/C-V2X-Autoware-Carla/install/local_setup.zsh'
[15.480s] INFO:colcon.colcon_core.shell:Creating prefix chain script '/home/carla/Documents/GitHub/C-V2X-Autoware-Carla/install/setup.zsh'
