[2.569s] Invoking command in '/home/carla/Github/C-V2X-Autoware-Carla/src/vehicle': PYTHONPATH=/home/carla/Github/C-V2X-Autoware-Carla/build/vehicle/prefix_override:/home/carla/Github/C-V2X-Autoware-Carla/install/vehicle/lib/python3.8/site-packages:${PYTHONPATH} /usr/bin/python3 setup.py egg_info --egg-base ../../build/vehicle build --build-base /home/carla/Github/C-V2X-Autoware-Carla/build/vehicle/build install --record /home/carla/Github/C-V2X-Autoware-Carla/build/vehicle/install.log --single-version-externally-managed
[3.317s] running egg_info
[3.318s] writing ../../build/vehicle/vehicle.egg-info/PKG-INFO
[3.318s] writing dependency_links to ../../build/vehicle/vehicle.egg-info/dependency_links.txt
[3.318s] writing entry points to ../../build/vehicle/vehicle.egg-info/entry_points.txt
[3.318s] writing requirements to ../../build/vehicle/vehicle.egg-info/requires.txt
[3.318s] writing top-level names to ../../build/vehicle/vehicle.egg-info/top_level.txt
[3.364s] reading manifest file '../../build/vehicle/vehicle.egg-info/SOURCES.txt'
[3.365s] writing manifest file '../../build/vehicle/vehicle.egg-info/SOURCES.txt'
[3.365s] running build
[3.365s] running build_py
[3.365s] copying vehicle/host_vehicle.py -> /home/carla/Github/C-V2X-Autoware-Carla/build/vehicle/build/lib/vehicle
[3.366s] running install
[3.369s] running install_lib
[3.370s] copying /home/carla/Github/C-V2X-Autoware-Carla/build/vehicle/build/lib/vehicle/host_vehicle.py -> /home/carla/Github/C-V2X-Autoware-Carla/install/vehicle/lib/python3.8/site-packages/vehicle
[3.373s] byte-compiling /home/carla/Github/C-V2X-Autoware-Carla/install/vehicle/lib/python3.8/site-packages/vehicle/host_vehicle.py to host_vehicle.cpython-38.pyc
[3.380s] running install_data
[3.381s] running install_egg_info
[3.386s] removing '/home/carla/Github/C-V2X-Autoware-Carla/install/vehicle/lib/python3.8/site-packages/vehicle-0.0.0-py3.8.egg-info' (and everything under it)
[3.386s] Copying ../../build/vehicle/vehicle.egg-info to /home/carla/Github/C-V2X-Autoware-Carla/install/vehicle/lib/python3.8/site-packages/vehicle-0.0.0-py3.8.egg-info
[3.387s] running install_scripts
[3.418s] Installing host_vehicle script to /home/carla/Github/C-V2X-Autoware-Carla/install/vehicle/lib/vehicle
[3.418s] Installing remote_vehicle script to /home/carla/Github/C-V2X-Autoware-Carla/install/vehicle/lib/vehicle
[3.418s] Installing ren_vehicle script to /home/carla/Github/C-V2X-Autoware-Carla/install/vehicle/lib/vehicle
[3.419s] writing list of installed files to '/home/carla/Github/C-V2X-Autoware-Carla/build/vehicle/install.log'
[3.494s] Invoked command in '/home/carla/Github/C-V2X-Autoware-Carla/src/vehicle' returned '0': PYTHONPATH=/home/carla/Github/C-V2X-Autoware-Carla/build/vehicle/prefix_override:/home/carla/Github/C-V2X-Autoware-Carla/install/vehicle/lib/python3.8/site-packages:${PYTHONPATH} /usr/bin/python3 setup.py egg_info --egg-base ../../build/vehicle build --build-base /home/carla/Github/C-V2X-Autoware-Carla/build/vehicle/build install --record /home/carla/Github/C-V2X-Autoware-Carla/build/vehicle/install.log --single-version-externally-managed
