[0.094s] Invoking command in '/home/carla/Github/C-V2X-Autoware-Carla/build/autoware_auto_system_msgs': CMAKE_PREFIX_PATH=${CMAKE_PREFIX_PATH}:/home/carla/Github/C-V2X-Autoware-Carla/install/vehicle:/home/carla/Github/C-V2X-Autoware-Carla/install/infrastructure:/home/carla/ros2_humble/install/rqt_bag_plugins:/home/carla/ros2_humble/install/rqt_bag:/home/carla/ros2_humble/install/ros2bag:/home/carla/ros2_humble/install/tracetools_test:/home/carla/ros2_humble/install/tracetools_launch:/home/carla/ros2_humble/install/topic_monitor:/home/carla/ros2_humble/install/tf2_tools:/home/carla/ros2_humble/install/examples_tf2_py:/home/carla/ros2_humble/install/tf2_ros_py:/home/carla/ros2_humble/install/sros2:/home/carla/ros2_humble/install/rqt_topic:/home/carla/ros2_humble/install/rqt_srv:/home/carla/ros2_humble/install/rqt_shell:/home/carla/ros2_humble/install/rqt_service_caller:/home/carla/ros2_humble/install/rqt_reconfigure:/home/carla/ros2_humble/install/rqt_py_console:/home/carla/ros2_humble/install/rqt_publisher:/home/carla/ros2_humble/install/rqt_plot:/home/carla/ros2_humble/install/rqt_action:/home/carla/ros2_humble/install/rqt_msg:/home/carla/ros2_humble/install/rqt_console:/home/carla/ros2_humble/install/rqt:/home/carla/ros2_humble/install/rqt_graph:/home/carla/ros2_humble/install/rqt_gui_py:/home/carla/ros2_humble/install/rqt_gui:/home/carla/ros2_humble/install/ros2trace:/home/carla/ros2_humble/install/ros2topic:/home/carla/ros2_humble/install/ros2test:/home/carla/ros2_humble/install/ros2component:/home/carla/ros2_humble/install/ros2param:/home/carla/ros2_humble/install/ros2lifecycle:/home/carla/ros2_humble/install/ros2service:/home/carla/ros2_humble/install/ros2run:/home/carla/ros2_humble/install/ros2launch:/home/carla/ros2_humble/install/ros2pkg:/home/carla/ros2_humble/install/ros2node:/home/carla/ros2_humble/install/ros2multicast:/home/carla/ros2_humble/install/ros2interface:/home/carla/ros2_humble/install/ros2doctor:/home/carla/ros2_humble/install/ros2action:/home/carla/ros2_humble/install/ros2cli:/home/carla/ros2_humble/install/quality_of_service_demo_py:/home/carla/ros2_humble/install/lifecycle_py:/home/carla/ros2_humble/install/launch_testing_ros:/home/carla/ros2_humble/install/launch_ros:/home/carla/ros2_humble/install/examples_rclpy_pointcloud_publisher:/home/carla/ros2_humble/install/examples_rclpy_minimal_subscriber:/home/carla/ros2_humble/install/examples_rclpy_minimal_service:/home/carla/ros2_humble/install/examples_rclpy_minimal_publisher:/home/carla/ros2_humble/install/examples_rclpy_minimal_client:/home/carla/ros2_humble/install/examples_rclpy_minimal_action_server:/home/carla/ros2_humble/install/examples_rclpy_minimal_action_client:/home/carla/ros2_humble/install/examples_rclpy_guard_conditions:/home/carla/ros2_humble/install/examples_rclpy_executors:/home/carla/ros2_humble/install/demo_nodes_py:/home/carla/ros2_humble/install/action_tutorials_py:/home/carla/ros2_humble/install/ament_uncrustify:/home/carla/ros2_humble/install/tracetools_trace:/home/carla/ros2_humble/install/tracetools_read:/home/carla/ros2_humble/install/test_tracetools_launch:/home/carla/ros2_humble/install/test_launch_ros:/home/carla/ros2_humble/install/sensor_msgs_py:/home/carla/ros2_humble/install/rpyutils:/home/carla/ros2_humble/install/rosidl_runtime_py:/home/carla/ros2_humble/install/rosidl_cli:/home/carla/ros2_humble/install/launch_pytest:/home/carla/ros2_humble/install/launch_testing:/home/carla/ros2_humble/install/launch_yaml:/home/carla/ros2_humble/install/launch_xml:/home/carla/ros2_humble/install/launch:/home/carla/ros2_humble/install/osrf_pycommon:/home/carla/ros2_humble/install/launch_testing_examples:/home/carla/ros2_humble/install/domain_coordinator:/home/carla/ros2_humble/install/ament_xmllint:/home/carla/ros2_humble/install/ament_pyflakes:/home/carla/ros2_humble/install/ament_pycodestyle:/home/carla/ros2_humble/install/ament_pep257:/home/carla/ros2_humble/install/ament_pclint:/home/carla/ros2_humble/install/ament_package:/home/carla/ros2_humble/install/ament_mypy:/home/carla/ros2_humble/install/ament_lint_cmake:/home/carla/ros2_humble/install/ament_flake8:/home/carla/ros2_humble/install/ament_copyright:/home/carla/ros2_humble/install/ament_lint:/home/carla/ros2_humble/install/ament_index_python:/home/carla/ros2_humble/install/ament_cpplint:/home/carla/ros2_humble/install/ament_cppcheck:/home/carla/ros2_humble/install/ament_clang_tidy:/home/carla/ros2_humble/install/ament_clang_format /usr/bin/cmake --build /home/carla/Github/C-V2X-Autoware-Carla/build/autoware_auto_system_msgs -- -j20 -l20
[0.723s] [  1%] Built target autoware_auto_system_msgs__cpp
[0.723s] [ 12%] Built target autoware_auto_system_msgs__rosidl_generator_c
[0.724s] [ 12%] Built target ament_cmake_python_copy_autoware_auto_system_msgs
[0.725s] [ 29%] Built target autoware_auto_system_msgs__rosidl_typesupport_fastrtps_cpp
[0.725s] [ 35%] Built target autoware_auto_system_msgs__rosidl_typesupport_introspection_cpp
[0.725s] [ 46%] Built target autoware_auto_system_msgs__rosidl_typesupport_cpp
[0.725s] [ 58%] Built target autoware_auto_system_msgs__rosidl_typesupport_introspection_c
[0.725s] [ 69%] Built target autoware_auto_system_msgs__rosidl_typesupport_c
[0.725s] [ 81%] Built target autoware_auto_system_msgs__rosidl_typesupport_fastrtps_c
[0.725s] [ 81%] Built target autoware_auto_system_msgs
[0.725s] [ 82%] Built target autoware_auto_system_msgs__py
[0.725s] [ 92%] Built target autoware_auto_system_msgs__rosidl_generator_py
[0.725s] [ 94%] Built target autoware_auto_system_msgs__rosidl_typesupport_fastrtps_c__pyext
[0.725s] [ 97%] Built target autoware_auto_system_msgs__rosidl_typesupport_c__pyext
[0.725s] [100%] Built target autoware_auto_system_msgs__rosidl_typesupport_introspection_c__pyext
[0.775s] running egg_info
[0.776s] writing autoware_auto_system_msgs.egg-info/PKG-INFO
[0.776s] writing dependency_links to autoware_auto_system_msgs.egg-info/dependency_links.txt
[0.776s] writing top-level names to autoware_auto_system_msgs.egg-info/top_level.txt
[0.801s] reading manifest file 'autoware_auto_system_msgs.egg-info/SOURCES.txt'
[0.802s] writing manifest file 'autoware_auto_system_msgs.egg-info/SOURCES.txt'
[0.836s] [100%] Built target ament_cmake_python_build_autoware_auto_system_msgs_egg
[1.292s] Invoked command in '/home/carla/Github/C-V2X-Autoware-Carla/build/autoware_auto_system_msgs' returned '0': CMAKE_PREFIX_PATH=${CMAKE_PREFIX_PATH}:/home/carla/Github/C-V2X-Autoware-Carla/install/vehicle:/home/carla/Github/C-V2X-Autoware-Carla/install/infrastructure:/home/carla/ros2_humble/install/rqt_bag_plugins:/home/carla/ros2_humble/install/rqt_bag:/home/carla/ros2_humble/install/ros2bag:/home/carla/ros2_humble/install/tracetools_test:/home/carla/ros2_humble/install/tracetools_launch:/home/carla/ros2_humble/install/topic_monitor:/home/carla/ros2_humble/install/tf2_tools:/home/carla/ros2_humble/install/examples_tf2_py:/home/carla/ros2_humble/install/tf2_ros_py:/home/carla/ros2_humble/install/sros2:/home/carla/ros2_humble/install/rqt_topic:/home/carla/ros2_humble/install/rqt_srv:/home/carla/ros2_humble/install/rqt_shell:/home/carla/ros2_humble/install/rqt_service_caller:/home/carla/ros2_humble/install/rqt_reconfigure:/home/carla/ros2_humble/install/rqt_py_console:/home/carla/ros2_humble/install/rqt_publisher:/home/carla/ros2_humble/install/rqt_plot:/home/carla/ros2_humble/install/rqt_action:/home/carla/ros2_humble/install/rqt_msg:/home/carla/ros2_humble/install/rqt_console:/home/carla/ros2_humble/install/rqt:/home/carla/ros2_humble/install/rqt_graph:/home/carla/ros2_humble/install/rqt_gui_py:/home/carla/ros2_humble/install/rqt_gui:/home/carla/ros2_humble/install/ros2trace:/home/carla/ros2_humble/install/ros2topic:/home/carla/ros2_humble/install/ros2test:/home/carla/ros2_humble/install/ros2component:/home/carla/ros2_humble/install/ros2param:/home/carla/ros2_humble/install/ros2lifecycle:/home/carla/ros2_humble/install/ros2service:/home/carla/ros2_humble/install/ros2run:/home/carla/ros2_humble/install/ros2launch:/home/carla/ros2_humble/install/ros2pkg:/home/carla/ros2_humble/install/ros2node:/home/carla/ros2_humble/install/ros2multicast:/home/carla/ros2_humble/install/ros2interface:/home/carla/ros2_humble/install/ros2doctor:/home/carla/ros2_humble/install/ros2action:/home/carla/ros2_humble/install/ros2cli:/home/carla/ros2_humble/install/quality_of_service_demo_py:/home/carla/ros2_humble/install/lifecycle_py:/home/carla/ros2_humble/install/launch_testing_ros:/home/carla/ros2_humble/install/launch_ros:/home/carla/ros2_humble/install/examples_rclpy_pointcloud_publisher:/home/carla/ros2_humble/install/examples_rclpy_minimal_subscriber:/home/carla/ros2_humble/install/examples_rclpy_minimal_service:/home/carla/ros2_humble/install/examples_rclpy_minimal_publisher:/home/carla/ros2_humble/install/examples_rclpy_minimal_client:/home/carla/ros2_humble/install/examples_rclpy_minimal_action_server:/home/carla/ros2_humble/install/examples_rclpy_minimal_action_client:/home/carla/ros2_humble/install/examples_rclpy_guard_conditions:/home/carla/ros2_humble/install/examples_rclpy_executors:/home/carla/ros2_humble/install/demo_nodes_py:/home/carla/ros2_humble/install/action_tutorials_py:/home/carla/ros2_humble/install/ament_uncrustify:/home/carla/ros2_humble/install/tracetools_trace:/home/carla/ros2_humble/install/tracetools_read:/home/carla/ros2_humble/install/test_tracetools_launch:/home/carla/ros2_humble/install/test_launch_ros:/home/carla/ros2_humble/install/sensor_msgs_py:/home/carla/ros2_humble/install/rpyutils:/home/carla/ros2_humble/install/rosidl_runtime_py:/home/carla/ros2_humble/install/rosidl_cli:/home/carla/ros2_humble/install/launch_pytest:/home/carla/ros2_humble/install/launch_testing:/home/carla/ros2_humble/install/launch_yaml:/home/carla/ros2_humble/install/launch_xml:/home/carla/ros2_humble/install/launch:/home/carla/ros2_humble/install/osrf_pycommon:/home/carla/ros2_humble/install/launch_testing_examples:/home/carla/ros2_humble/install/domain_coordinator:/home/carla/ros2_humble/install/ament_xmllint:/home/carla/ros2_humble/install/ament_pyflakes:/home/carla/ros2_humble/install/ament_pycodestyle:/home/carla/ros2_humble/install/ament_pep257:/home/carla/ros2_humble/install/ament_pclint:/home/carla/ros2_humble/install/ament_package:/home/carla/ros2_humble/install/ament_mypy:/home/carla/ros2_humble/install/ament_lint_cmake:/home/carla/ros2_humble/install/ament_flake8:/home/carla/ros2_humble/install/ament_copyright:/home/carla/ros2_humble/install/ament_lint:/home/carla/ros2_humble/install/ament_index_python:/home/carla/ros2_humble/install/ament_cpplint:/home/carla/ros2_humble/install/ament_cppcheck:/home/carla/ros2_humble/install/ament_clang_tidy:/home/carla/ros2_humble/install/ament_clang_format /usr/bin/cmake --build /home/carla/Github/C-V2X-Autoware-Carla/build/autoware_auto_system_msgs -- -j20 -l20
[1.641s] Invoking command in '/home/carla/Github/C-V2X-Autoware-Carla/build/autoware_auto_system_msgs': CMAKE_PREFIX_PATH=${CMAKE_PREFIX_PATH}:/home/carla/Github/C-V2X-Autoware-Carla/install/vehicle:/home/carla/Github/C-V2X-Autoware-Carla/install/infrastructure:/home/carla/ros2_humble/install/rqt_bag_plugins:/home/carla/ros2_humble/install/rqt_bag:/home/carla/ros2_humble/install/ros2bag:/home/carla/ros2_humble/install/tracetools_test:/home/carla/ros2_humble/install/tracetools_launch:/home/carla/ros2_humble/install/topic_monitor:/home/carla/ros2_humble/install/tf2_tools:/home/carla/ros2_humble/install/examples_tf2_py:/home/carla/ros2_humble/install/tf2_ros_py:/home/carla/ros2_humble/install/sros2:/home/carla/ros2_humble/install/rqt_topic:/home/carla/ros2_humble/install/rqt_srv:/home/carla/ros2_humble/install/rqt_shell:/home/carla/ros2_humble/install/rqt_service_caller:/home/carla/ros2_humble/install/rqt_reconfigure:/home/carla/ros2_humble/install/rqt_py_console:/home/carla/ros2_humble/install/rqt_publisher:/home/carla/ros2_humble/install/rqt_plot:/home/carla/ros2_humble/install/rqt_action:/home/carla/ros2_humble/install/rqt_msg:/home/carla/ros2_humble/install/rqt_console:/home/carla/ros2_humble/install/rqt:/home/carla/ros2_humble/install/rqt_graph:/home/carla/ros2_humble/install/rqt_gui_py:/home/carla/ros2_humble/install/rqt_gui:/home/carla/ros2_humble/install/ros2trace:/home/carla/ros2_humble/install/ros2topic:/home/carla/ros2_humble/install/ros2test:/home/carla/ros2_humble/install/ros2component:/home/carla/ros2_humble/install/ros2param:/home/carla/ros2_humble/install/ros2lifecycle:/home/carla/ros2_humble/install/ros2service:/home/carla/ros2_humble/install/ros2run:/home/carla/ros2_humble/install/ros2launch:/home/carla/ros2_humble/install/ros2pkg:/home/carla/ros2_humble/install/ros2node:/home/carla/ros2_humble/install/ros2multicast:/home/carla/ros2_humble/install/ros2interface:/home/carla/ros2_humble/install/ros2doctor:/home/carla/ros2_humble/install/ros2action:/home/carla/ros2_humble/install/ros2cli:/home/carla/ros2_humble/install/quality_of_service_demo_py:/home/carla/ros2_humble/install/lifecycle_py:/home/carla/ros2_humble/install/launch_testing_ros:/home/carla/ros2_humble/install/launch_ros:/home/carla/ros2_humble/install/examples_rclpy_pointcloud_publisher:/home/carla/ros2_humble/install/examples_rclpy_minimal_subscriber:/home/carla/ros2_humble/install/examples_rclpy_minimal_service:/home/carla/ros2_humble/install/examples_rclpy_minimal_publisher:/home/carla/ros2_humble/install/examples_rclpy_minimal_client:/home/carla/ros2_humble/install/examples_rclpy_minimal_action_server:/home/carla/ros2_humble/install/examples_rclpy_minimal_action_client:/home/carla/ros2_humble/install/examples_rclpy_guard_conditions:/home/carla/ros2_humble/install/examples_rclpy_executors:/home/carla/ros2_humble/install/demo_nodes_py:/home/carla/ros2_humble/install/action_tutorials_py:/home/carla/ros2_humble/install/ament_uncrustify:/home/carla/ros2_humble/install/tracetools_trace:/home/carla/ros2_humble/install/tracetools_read:/home/carla/ros2_humble/install/test_tracetools_launch:/home/carla/ros2_humble/install/test_launch_ros:/home/carla/ros2_humble/install/sensor_msgs_py:/home/carla/ros2_humble/install/rpyutils:/home/carla/ros2_humble/install/rosidl_runtime_py:/home/carla/ros2_humble/install/rosidl_cli:/home/carla/ros2_humble/install/launch_pytest:/home/carla/ros2_humble/install/launch_testing:/home/carla/ros2_humble/install/launch_yaml:/home/carla/ros2_humble/install/launch_xml:/home/carla/ros2_humble/install/launch:/home/carla/ros2_humble/install/osrf_pycommon:/home/carla/ros2_humble/install/launch_testing_examples:/home/carla/ros2_humble/install/domain_coordinator:/home/carla/ros2_humble/install/ament_xmllint:/home/carla/ros2_humble/install/ament_pyflakes:/home/carla/ros2_humble/install/ament_pycodestyle:/home/carla/ros2_humble/install/ament_pep257:/home/carla/ros2_humble/install/ament_pclint:/home/carla/ros2_humble/install/ament_package:/home/carla/ros2_humble/install/ament_mypy:/home/carla/ros2_humble/install/ament_lint_cmake:/home/carla/ros2_humble/install/ament_flake8:/home/carla/ros2_humble/install/ament_copyright:/home/carla/ros2_humble/install/ament_lint:/home/carla/ros2_humble/install/ament_index_python:/home/carla/ros2_humble/install/ament_cpplint:/home/carla/ros2_humble/install/ament_cppcheck:/home/carla/ros2_humble/install/ament_clang_tidy:/home/carla/ros2_humble/install/ament_clang_format /usr/bin/cmake --install /home/carla/Github/C-V2X-Autoware-Carla/build/autoware_auto_system_msgs
[1.661s] -- Install configuration: ""
[1.661s] -- Up-to-date: /home/carla/Github/C-V2X-Autoware-Carla/install/autoware_auto_system_msgs/share/ament_index/resource_index/rosidl_interfaces/autoware_auto_system_msgs
[1.661s] -- Up-to-date: /home/carla/Github/C-V2X-Autoware-Carla/install/autoware_auto_system_msgs/include/autoware_auto_system_msgs/autoware_auto_system_msgs
[1.661s] -- Up-to-date: /home/carla/Github/C-V2X-Autoware-Carla/install/autoware_auto_system_msgs/include/autoware_auto_system_msgs/autoware_auto_system_msgs/msg
[1.661s] -- Up-to-date: /home/carla/Github/C-V2X-Autoware-Carla/install/autoware_auto_system_msgs/include/autoware_auto_system_msgs/autoware_auto_system_msgs/msg/control_diagnostic.h
[1.661s] -- Up-to-date: /home/carla/Github/C-V2X-Autoware-Carla/install/autoware_auto_system_msgs/include/autoware_auto_system_msgs/autoware_auto_system_msgs/msg/diagnostic_header.h
[1.661s] -- Up-to-date: /home/carla/Github/C-V2X-Autoware-Carla/install/autoware_auto_system_msgs/include/autoware_auto_system_msgs/autoware_auto_system_msgs/msg/hazard_status_stamped.h
[1.661s] -- Up-to-date: /home/carla/Github/C-V2X-Autoware-Carla/install/autoware_auto_system_msgs/include/autoware_auto_system_msgs/autoware_auto_system_msgs/msg/detail
[1.661s] -- Up-to-date: /home/carla/Github/C-V2X-Autoware-Carla/install/autoware_auto_system_msgs/include/autoware_auto_system_msgs/autoware_auto_system_msgs/msg/detail/emergency_state__functions.h
[1.661s] -- Up-to-date: /home/carla/Github/C-V2X-Autoware-Carla/install/autoware_auto_system_msgs/include/autoware_auto_system_msgs/autoware_auto_system_msgs/msg/detail/control_diagnostic__struct.h
[1.662s] -- Up-to-date: /home/carla/Github/C-V2X-Autoware-Carla/install/autoware_auto_system_msgs/include/autoware_auto_system_msgs/autoware_auto_system_msgs/msg/detail/emergency_state__functions.c
[1.662s] -- Up-to-date: /home/carla/Github/C-V2X-Autoware-Carla/install/autoware_auto_system_msgs/include/autoware_auto_system_msgs/autoware_auto_system_msgs/msg/detail/diagnostic_header__functions.h
[1.662s] -- Up-to-date: /home/carla/Github/C-V2X-Autoware-Carla/install/autoware_auto_system_msgs/include/autoware_auto_system_msgs/autoware_auto_system_msgs/msg/detail/control_diagnostic__functions.c
[1.662s] -- Up-to-date: /home/carla/Github/C-V2X-Autoware-Carla/install/autoware_auto_system_msgs/include/autoware_auto_system_msgs/autoware_auto_system_msgs/msg/detail/control_diagnostic__type_support.h
[1.662s] -- Up-to-date: /home/carla/Github/C-V2X-Autoware-Carla/install/autoware_auto_system_msgs/include/autoware_auto_system_msgs/autoware_auto_system_msgs/msg/detail/hazard_status_stamped__type_support.h
[1.662s] -- Up-to-date: /home/carla/Github/C-V2X-Autoware-Carla/install/autoware_auto_system_msgs/include/autoware_auto_system_msgs/autoware_auto_system_msgs/msg/detail/emergency_state__type_support.h
[1.662s] -- Up-to-date: /home/carla/Github/C-V2X-Autoware-Carla/install/autoware_auto_system_msgs/include/autoware_auto_system_msgs/autoware_auto_system_msgs/msg/detail/hazard_status__functions.c
[1.662s] -- Up-to-date: /home/carla/Github/C-V2X-Autoware-Carla/install/autoware_auto_system_msgs/include/autoware_auto_system_msgs/autoware_auto_system_msgs/msg/detail/autoware_state__functions.c
[1.662s] -- Up-to-date: /home/carla/Github/C-V2X-Autoware-Carla/install/autoware_auto_system_msgs/include/autoware_auto_system_msgs/autoware_auto_system_msgs/msg/detail/hazard_status__struct.h
[1.662s] -- Up-to-date: /home/carla/Github/C-V2X-Autoware-Carla/install/autoware_auto_system_msgs/include/autoware_auto_system_msgs/autoware_auto_system_msgs/msg/detail/autoware_state__struct.h
[1.662s] -- Up-to-date: /home/carla/Github/C-V2X-Autoware-Carla/install/autoware_auto_system_msgs/include/autoware_auto_system_msgs/autoware_auto_system_msgs/msg/detail/hazard_status__functions.h
[1.662s] -- Up-to-date: /home/carla/Github/C-V2X-Autoware-Carla/install/autoware_auto_system_msgs/include/autoware_auto_system_msgs/autoware_auto_system_msgs/msg/detail/diagnostic_header__type_support.h
[1.662s] -- Up-to-date: /home/carla/Github/C-V2X-Autoware-Carla/install/autoware_auto_system_msgs/include/autoware_auto_system_msgs/autoware_auto_system_msgs/msg/detail/hazard_status__type_support.h
[1.662s] -- Up-to-date: /home/carla/Github/C-V2X-Autoware-Carla/install/autoware_auto_system_msgs/include/autoware_auto_system_msgs/autoware_auto_system_msgs/msg/detail/hazard_status_stamped__struct.h
[1.662s] -- Up-to-date: /home/carla/Github/C-V2X-Autoware-Carla/install/autoware_auto_system_msgs/include/autoware_auto_system_msgs/autoware_auto_system_msgs/msg/detail/control_diagnostic__functions.h
[1.662s] -- Up-to-date: /home/carla/Github/C-V2X-Autoware-Carla/install/autoware_auto_system_msgs/include/autoware_auto_system_msgs/autoware_auto_system_msgs/msg/detail/driving_capability__functions.h
[1.662s] -- Up-to-date: /home/carla/Github/C-V2X-Autoware-Carla/install/autoware_auto_system_msgs/include/autoware_auto_system_msgs/autoware_auto_system_msgs/msg/detail/diagnostic_header__struct.h
[1.663s] -- Up-to-date: /home/carla/Github/C-V2X-Autoware-Carla/install/autoware_auto_system_msgs/include/autoware_auto_system_msgs/autoware_auto_system_msgs/msg/detail/autoware_state__type_support.h
[1.663s] -- Up-to-date: /home/carla/Github/C-V2X-Autoware-Carla/install/autoware_auto_system_msgs/include/autoware_auto_system_msgs/autoware_auto_system_msgs/msg/detail/driving_capability__functions.c
[1.663s] -- Up-to-date: /home/carla/Github/C-V2X-Autoware-Carla/install/autoware_auto_system_msgs/include/autoware_auto_system_msgs/autoware_auto_system_msgs/msg/detail/driving_capability__struct.h
[1.663s] -- Up-to-date: /home/carla/Github/C-V2X-Autoware-Carla/install/autoware_auto_system_msgs/include/autoware_auto_system_msgs/autoware_auto_system_msgs/msg/detail/hazard_status_stamped__functions.h
[1.663s] -- Up-to-date: /home/carla/Github/C-V2X-Autoware-Carla/install/autoware_auto_system_msgs/include/autoware_auto_system_msgs/autoware_auto_system_msgs/msg/detail/autoware_state__functions.h
[1.663s] -- Up-to-date: /home/carla/Github/C-V2X-Autoware-Carla/install/autoware_auto_system_msgs/include/autoware_auto_system_msgs/autoware_auto_system_msgs/msg/detail/driving_capability__type_support.h
[1.663s] -- Up-to-date: /home/carla/Github/C-V2X-Autoware-Carla/install/autoware_auto_system_msgs/include/autoware_auto_system_msgs/autoware_auto_system_msgs/msg/detail/hazard_status_stamped__functions.c
[1.663s] -- Up-to-date: /home/carla/Github/C-V2X-Autoware-Carla/install/autoware_auto_system_msgs/include/autoware_auto_system_msgs/autoware_auto_system_msgs/msg/detail/diagnostic_header__functions.c
[1.663s] -- Up-to-date: /home/carla/Github/C-V2X-Autoware-Carla/install/autoware_auto_system_msgs/include/autoware_auto_system_msgs/autoware_auto_system_msgs/msg/detail/emergency_state__struct.h
[1.663s] -- Up-to-date: /home/carla/Github/C-V2X-Autoware-Carla/install/autoware_auto_system_msgs/include/autoware_auto_system_msgs/autoware_auto_system_msgs/msg/rosidl_generator_c__visibility_control.h
[1.663s] -- Up-to-date: /home/carla/Github/C-V2X-Autoware-Carla/install/autoware_auto_system_msgs/include/autoware_auto_system_msgs/autoware_auto_system_msgs/msg/hazard_status.h
[1.663s] -- Up-to-date: /home/carla/Github/C-V2X-Autoware-Carla/install/autoware_auto_system_msgs/include/autoware_auto_system_msgs/autoware_auto_system_msgs/msg/emergency_state.h
[1.663s] -- Up-to-date: /home/carla/Github/C-V2X-Autoware-Carla/install/autoware_auto_system_msgs/include/autoware_auto_system_msgs/autoware_auto_system_msgs/msg/autoware_state.h
[1.663s] -- Up-to-date: /home/carla/Github/C-V2X-Autoware-Carla/install/autoware_auto_system_msgs/include/autoware_auto_system_msgs/autoware_auto_system_msgs/msg/driving_capability.h
[1.663s] -- Up-to-date: /home/carla/Github/C-V2X-Autoware-Carla/install/autoware_auto_system_msgs/share/autoware_auto_system_msgs/environment/library_path.sh
[1.663s] -- Up-to-date: /home/carla/Github/C-V2X-Autoware-Carla/install/autoware_auto_system_msgs/share/autoware_auto_system_msgs/environment/library_path.dsv
[1.663s] -- Up-to-date: /home/carla/Github/C-V2X-Autoware-Carla/install/autoware_auto_system_msgs/lib/libautoware_auto_system_msgs__rosidl_generator_c.so
[1.663s] -- Up-to-date: /home/carla/Github/C-V2X-Autoware-Carla/install/autoware_auto_system_msgs/include/autoware_auto_system_msgs/autoware_auto_system_msgs
[1.664s] -- Up-to-date: /home/carla/Github/C-V2X-Autoware-Carla/install/autoware_auto_system_msgs/include/autoware_auto_system_msgs/autoware_auto_system_msgs/msg
[1.664s] -- Up-to-date: /home/carla/Github/C-V2X-Autoware-Carla/install/autoware_auto_system_msgs/include/autoware_auto_system_msgs/autoware_auto_system_msgs/msg/rosidl_typesupport_introspection_c__visibility_control.h
[1.664s] -- Up-to-date: /home/carla/Github/C-V2X-Autoware-Carla/install/autoware_auto_system_msgs/include/autoware_auto_system_msgs/autoware_auto_system_msgs/msg/detail
[1.665s] -- Up-to-date: /home/carla/Github/C-V2X-Autoware-Carla/install/autoware_auto_system_msgs/include/autoware_auto_system_msgs/autoware_auto_system_msgs/msg/detail/control_diagnostic__rosidl_typesupport_introspection_c.h
[1.665s] -- Up-to-date: /home/carla/Github/C-V2X-Autoware-Carla/install/autoware_auto_system_msgs/include/autoware_auto_system_msgs/autoware_auto_system_msgs/msg/detail/diagnostic_header__type_support.c
[1.665s] -- Up-to-date: /home/carla/Github/C-V2X-Autoware-Carla/install/autoware_auto_system_msgs/include/autoware_auto_system_msgs/autoware_auto_system_msgs/msg/detail/emergency_state__rosidl_typesupport_introspection_c.h
[1.665s] -- Up-to-date: /home/carla/Github/C-V2X-Autoware-Carla/install/autoware_auto_system_msgs/include/autoware_auto_system_msgs/autoware_auto_system_msgs/msg/detail/control_diagnostic__type_support.c
[1.665s] -- Up-to-date: /home/carla/Github/C-V2X-Autoware-Carla/install/autoware_auto_system_msgs/include/autoware_auto_system_msgs/autoware_auto_system_msgs/msg/detail/driving_capability__type_support.c
[1.665s] -- Up-to-date: /home/carla/Github/C-V2X-Autoware-Carla/install/autoware_auto_system_msgs/include/autoware_auto_system_msgs/autoware_auto_system_msgs/msg/detail/hazard_status__rosidl_typesupport_introspection_c.h
[1.665s] -- Up-to-date: /home/carla/Github/C-V2X-Autoware-Carla/install/autoware_auto_system_msgs/include/autoware_auto_system_msgs/autoware_auto_system_msgs/msg/detail/diagnostic_header__rosidl_typesupport_introspection_c.h
[1.666s] -- Up-to-date: /home/carla/Github/C-V2X-Autoware-Carla/install/autoware_auto_system_msgs/include/autoware_auto_system_msgs/autoware_auto_system_msgs/msg/detail/emergency_state__type_support.c
[1.666s] -- Up-to-date: /home/carla/Github/C-V2X-Autoware-Carla/install/autoware_auto_system_msgs/include/autoware_auto_system_msgs/autoware_auto_system_msgs/msg/detail/autoware_state__rosidl_typesupport_introspection_c.h
[1.666s] -- Up-to-date: /home/carla/Github/C-V2X-Autoware-Carla/install/autoware_auto_system_msgs/include/autoware_auto_system_msgs/autoware_auto_system_msgs/msg/detail/driving_capability__rosidl_typesupport_introspection_c.h
[1.666s] -- Up-to-date: /home/carla/Github/C-V2X-Autoware-Carla/install/autoware_auto_system_msgs/include/autoware_auto_system_msgs/autoware_auto_system_msgs/msg/detail/hazard_status_stamped__rosidl_typesupport_introspection_c.h
[1.666s] -- Up-to-date: /home/carla/Github/C-V2X-Autoware-Carla/install/autoware_auto_system_msgs/include/autoware_auto_system_msgs/autoware_auto_system_msgs/msg/detail/autoware_state__type_support.c
[1.666s] -- Up-to-date: /home/carla/Github/C-V2X-Autoware-Carla/install/autoware_auto_system_msgs/include/autoware_auto_system_msgs/autoware_auto_system_msgs/msg/detail/hazard_status__type_support.c
[1.666s] -- Up-to-date: /home/carla/Github/C-V2X-Autoware-Carla/install/autoware_auto_system_msgs/include/autoware_auto_system_msgs/autoware_auto_system_msgs/msg/detail/hazard_status_stamped__type_support.c
[1.666s] -- Up-to-date: /home/carla/Github/C-V2X-Autoware-Carla/install/autoware_auto_system_msgs/lib/libautoware_auto_system_msgs__rosidl_typesupport_introspection_c.so
[1.666s] -- Up-to-date: /home/carla/Github/C-V2X-Autoware-Carla/install/autoware_auto_system_msgs/include/autoware_auto_system_msgs/autoware_auto_system_msgs
[1.666s] -- Up-to-date: /home/carla/Github/C-V2X-Autoware-Carla/install/autoware_auto_system_msgs/include/autoware_auto_system_msgs/autoware_auto_system_msgs/msg
[1.666s] -- Up-to-date: /home/carla/Github/C-V2X-Autoware-Carla/install/autoware_auto_system_msgs/include/autoware_auto_system_msgs/autoware_auto_system_msgs/msg/detail
[1.666s] -- Up-to-date: /home/carla/Github/C-V2X-Autoware-Carla/install/autoware_auto_system_msgs/include/autoware_auto_system_msgs/autoware_auto_system_msgs/msg/detail/control_diagnostic__rosidl_typesupport_fastrtps_c.h
[1.666s] -- Up-to-date: /home/carla/Github/C-V2X-Autoware-Carla/install/autoware_auto_system_msgs/include/autoware_auto_system_msgs/autoware_auto_system_msgs/msg/detail/hazard_status_stamped__rosidl_typesupport_fastrtps_c.h
[1.666s] -- Up-to-date: /home/carla/Github/C-V2X-Autoware-Carla/install/autoware_auto_system_msgs/include/autoware_auto_system_msgs/autoware_auto_system_msgs/msg/detail/diagnostic_header__rosidl_typesupport_fastrtps_c.h
[1.667s] -- Up-to-date: /home/carla/Github/C-V2X-Autoware-Carla/install/autoware_auto_system_msgs/include/autoware_auto_system_msgs/autoware_auto_system_msgs/msg/detail/emergency_state__rosidl_typesupport_fastrtps_c.h
[1.667s] -- Up-to-date: /home/carla/Github/C-V2X-Autoware-Carla/install/autoware_auto_system_msgs/include/autoware_auto_system_msgs/autoware_auto_system_msgs/msg/detail/driving_capability__rosidl_typesupport_fastrtps_c.h
[1.667s] -- Up-to-date: /home/carla/Github/C-V2X-Autoware-Carla/install/autoware_auto_system_msgs/include/autoware_auto_system_msgs/autoware_auto_system_msgs/msg/detail/hazard_status__rosidl_typesupport_fastrtps_c.h
[1.667s] -- Up-to-date: /home/carla/Github/C-V2X-Autoware-Carla/install/autoware_auto_system_msgs/include/autoware_auto_system_msgs/autoware_auto_system_msgs/msg/detail/autoware_state__rosidl_typesupport_fastrtps_c.h
[1.667s] -- Up-to-date: /home/carla/Github/C-V2X-Autoware-Carla/install/autoware_auto_system_msgs/include/autoware_auto_system_msgs/autoware_auto_system_msgs/msg/rosidl_typesupport_fastrtps_c__visibility_control.h
[1.667s] -- Up-to-date: /home/carla/Github/C-V2X-Autoware-Carla/install/autoware_auto_system_msgs/lib/libautoware_auto_system_msgs__rosidl_typesupport_fastrtps_c.so
[1.667s] -- Up-to-date: /home/carla/Github/C-V2X-Autoware-Carla/install/autoware_auto_system_msgs/lib/libautoware_auto_system_msgs__rosidl_typesupport_c.so
[1.667s] -- Up-to-date: /home/carla/Github/C-V2X-Autoware-Carla/install/autoware_auto_system_msgs/include/autoware_auto_system_msgs/autoware_auto_system_msgs
[1.667s] -- Up-to-date: /home/carla/Github/C-V2X-Autoware-Carla/install/autoware_auto_system_msgs/include/autoware_auto_system_msgs/autoware_auto_system_msgs/msg
[1.667s] -- Up-to-date: /home/carla/Github/C-V2X-Autoware-Carla/install/autoware_auto_system_msgs/include/autoware_auto_system_msgs/autoware_auto_system_msgs/msg/control_diagnostic.hpp
[1.667s] -- Up-to-date: /home/carla/Github/C-V2X-Autoware-Carla/install/autoware_auto_system_msgs/include/autoware_auto_system_msgs/autoware_auto_system_msgs/msg/emergency_state.hpp
[1.667s] -- Up-to-date: /home/carla/Github/C-V2X-Autoware-Carla/install/autoware_auto_system_msgs/include/autoware_auto_system_msgs/autoware_auto_system_msgs/msg/detail
[1.667s] -- Up-to-date: /home/carla/Github/C-V2X-Autoware-Carla/install/autoware_auto_system_msgs/include/autoware_auto_system_msgs/autoware_auto_system_msgs/msg/detail/driving_capability__struct.hpp
[1.667s] -- Up-to-date: /home/carla/Github/C-V2X-Autoware-Carla/install/autoware_auto_system_msgs/include/autoware_auto_system_msgs/autoware_auto_system_msgs/msg/detail/emergency_state__builder.hpp
[1.667s] -- Up-to-date: /home/carla/Github/C-V2X-Autoware-Carla/install/autoware_auto_system_msgs/include/autoware_auto_system_msgs/autoware_auto_system_msgs/msg/detail/emergency_state__struct.hpp
[1.667s] -- Up-to-date: /home/carla/Github/C-V2X-Autoware-Carla/install/autoware_auto_system_msgs/include/autoware_auto_system_msgs/autoware_auto_system_msgs/msg/detail/autoware_state__struct.hpp
[1.667s] -- Up-to-date: /home/carla/Github/C-V2X-Autoware-Carla/install/autoware_auto_system_msgs/include/autoware_auto_system_msgs/autoware_auto_system_msgs/msg/detail/diagnostic_header__traits.hpp
[1.667s] -- Up-to-date: /home/carla/Github/C-V2X-Autoware-Carla/install/autoware_auto_system_msgs/include/autoware_auto_system_msgs/autoware_auto_system_msgs/msg/detail/hazard_status__traits.hpp
[1.668s] -- Up-to-date: /home/carla/Github/C-V2X-Autoware-Carla/install/autoware_auto_system_msgs/include/autoware_auto_system_msgs/autoware_auto_system_msgs/msg/detail/diagnostic_header__struct.hpp
[1.668s] -- Up-to-date: /home/carla/Github/C-V2X-Autoware-Carla/install/autoware_auto_system_msgs/include/autoware_auto_system_msgs/autoware_auto_system_msgs/msg/detail/hazard_status_stamped__traits.hpp
[1.668s] -- Up-to-date: /home/carla/Github/C-V2X-Autoware-Carla/install/autoware_auto_system_msgs/include/autoware_auto_system_msgs/autoware_auto_system_msgs/msg/detail/driving_capability__builder.hpp
[1.668s] -- Up-to-date: /home/carla/Github/C-V2X-Autoware-Carla/install/autoware_auto_system_msgs/include/autoware_auto_system_msgs/autoware_auto_system_msgs/msg/detail/hazard_status_stamped__builder.hpp
[1.668s] -- Up-to-date: /home/carla/Github/C-V2X-Autoware-Carla/install/autoware_auto_system_msgs/include/autoware_auto_system_msgs/autoware_auto_system_msgs/msg/detail/emergency_state__traits.hpp
[1.668s] -- Up-to-date: /home/carla/Github/C-V2X-Autoware-Carla/install/autoware_auto_system_msgs/include/autoware_auto_system_msgs/autoware_auto_system_msgs/msg/detail/diagnostic_header__builder.hpp
[1.668s] -- Up-to-date: /home/carla/Github/C-V2X-Autoware-Carla/install/autoware_auto_system_msgs/include/autoware_auto_system_msgs/autoware_auto_system_msgs/msg/detail/autoware_state__builder.hpp
[1.668s] -- Up-to-date: /home/carla/Github/C-V2X-Autoware-Carla/install/autoware_auto_system_msgs/include/autoware_auto_system_msgs/autoware_auto_system_msgs/msg/detail/driving_capability__traits.hpp
[1.668s] -- Up-to-date: /home/carla/Github/C-V2X-Autoware-Carla/install/autoware_auto_system_msgs/include/autoware_auto_system_msgs/autoware_auto_system_msgs/msg/detail/control_diagnostic__traits.hpp
[1.668s] -- Up-to-date: /home/carla/Github/C-V2X-Autoware-Carla/install/autoware_auto_system_msgs/include/autoware_auto_system_msgs/autoware_auto_system_msgs/msg/detail/hazard_status__struct.hpp
[1.668s] -- Up-to-date: /home/carla/Github/C-V2X-Autoware-Carla/install/autoware_auto_system_msgs/include/autoware_auto_system_msgs/autoware_auto_system_msgs/msg/detail/control_diagnostic__struct.hpp
[1.668s] -- Up-to-date: /home/carla/Github/C-V2X-Autoware-Carla/install/autoware_auto_system_msgs/include/autoware_auto_system_msgs/autoware_auto_system_msgs/msg/detail/hazard_status_stamped__struct.hpp
[1.668s] -- Up-to-date: /home/carla/Github/C-V2X-Autoware-Carla/install/autoware_auto_system_msgs/include/autoware_auto_system_msgs/autoware_auto_system_msgs/msg/detail/autoware_state__traits.hpp
[1.668s] -- Up-to-date: /home/carla/Github/C-V2X-Autoware-Carla/install/autoware_auto_system_msgs/include/autoware_auto_system_msgs/autoware_auto_system_msgs/msg/detail/hazard_status__builder.hpp
[1.668s] -- Up-to-date: /home/carla/Github/C-V2X-Autoware-Carla/install/autoware_auto_system_msgs/include/autoware_auto_system_msgs/autoware_auto_system_msgs/msg/detail/control_diagnostic__builder.hpp
[1.668s] -- Up-to-date: /home/carla/Github/C-V2X-Autoware-Carla/install/autoware_auto_system_msgs/include/autoware_auto_system_msgs/autoware_auto_system_msgs/msg/autoware_state.hpp
[1.668s] -- Up-to-date: /home/carla/Github/C-V2X-Autoware-Carla/install/autoware_auto_system_msgs/include/autoware_auto_system_msgs/autoware_auto_system_msgs/msg/driving_capability.hpp
[1.668s] -- Up-to-date: /home/carla/Github/C-V2X-Autoware-Carla/install/autoware_auto_system_msgs/include/autoware_auto_system_msgs/autoware_auto_system_msgs/msg/diagnostic_header.hpp
[1.668s] -- Up-to-date: /home/carla/Github/C-V2X-Autoware-Carla/install/autoware_auto_system_msgs/include/autoware_auto_system_msgs/autoware_auto_system_msgs/msg/hazard_status.hpp
[1.668s] -- Up-to-date: /home/carla/Github/C-V2X-Autoware-Carla/install/autoware_auto_system_msgs/include/autoware_auto_system_msgs/autoware_auto_system_msgs/msg/hazard_status_stamped.hpp
[1.669s] -- Up-to-date: /home/carla/Github/C-V2X-Autoware-Carla/install/autoware_auto_system_msgs/include/autoware_auto_system_msgs/autoware_auto_system_msgs
[1.669s] -- Up-to-date: /home/carla/Github/C-V2X-Autoware-Carla/install/autoware_auto_system_msgs/include/autoware_auto_system_msgs/autoware_auto_system_msgs/msg
[1.669s] -- Up-to-date: /home/carla/Github/C-V2X-Autoware-Carla/install/autoware_auto_system_msgs/include/autoware_auto_system_msgs/autoware_auto_system_msgs/msg/detail
[1.669s] -- Up-to-date: /home/carla/Github/C-V2X-Autoware-Carla/install/autoware_auto_system_msgs/include/autoware_auto_system_msgs/autoware_auto_system_msgs/msg/detail/hazard_status_stamped__rosidl_typesupport_introspection_cpp.hpp
[1.669s] -- Up-to-date: /home/carla/Github/C-V2X-Autoware-Carla/install/autoware_auto_system_msgs/include/autoware_auto_system_msgs/autoware_auto_system_msgs/msg/detail/autoware_state__rosidl_typesupport_introspection_cpp.hpp
[1.669s] -- Up-to-date: /home/carla/Github/C-V2X-Autoware-Carla/install/autoware_auto_system_msgs/include/autoware_auto_system_msgs/autoware_auto_system_msgs/msg/detail/diagnostic_header__rosidl_typesupport_introspection_cpp.hpp
[1.669s] -- Up-to-date: /home/carla/Github/C-V2X-Autoware-Carla/install/autoware_auto_system_msgs/include/autoware_auto_system_msgs/autoware_auto_system_msgs/msg/detail/driving_capability__type_support.cpp
[1.669s] -- Up-to-date: /home/carla/Github/C-V2X-Autoware-Carla/install/autoware_auto_system_msgs/include/autoware_auto_system_msgs/autoware_auto_system_msgs/msg/detail/hazard_status_stamped__type_support.cpp
[1.669s] -- Up-to-date: /home/carla/Github/C-V2X-Autoware-Carla/install/autoware_auto_system_msgs/include/autoware_auto_system_msgs/autoware_auto_system_msgs/msg/detail/diagnostic_header__type_support.cpp
[1.669s] -- Up-to-date: /home/carla/Github/C-V2X-Autoware-Carla/install/autoware_auto_system_msgs/include/autoware_auto_system_msgs/autoware_auto_system_msgs/msg/detail/autoware_state__type_support.cpp
[1.669s] -- Up-to-date: /home/carla/Github/C-V2X-Autoware-Carla/install/autoware_auto_system_msgs/include/autoware_auto_system_msgs/autoware_auto_system_msgs/msg/detail/control_diagnostic__type_support.cpp
[1.669s] -- Up-to-date: /home/carla/Github/C-V2X-Autoware-Carla/install/autoware_auto_system_msgs/include/autoware_auto_system_msgs/autoware_auto_system_msgs/msg/detail/hazard_status__rosidl_typesupport_introspection_cpp.hpp
[1.669s] -- Up-to-date: /home/carla/Github/C-V2X-Autoware-Carla/install/autoware_auto_system_msgs/include/autoware_auto_system_msgs/autoware_auto_system_msgs/msg/detail/emergency_state__type_support.cpp
[1.669s] -- Up-to-date: /home/carla/Github/C-V2X-Autoware-Carla/install/autoware_auto_system_msgs/include/autoware_auto_system_msgs/autoware_auto_system_msgs/msg/detail/emergency_state__rosidl_typesupport_introspection_cpp.hpp
[1.669s] -- Up-to-date: /home/carla/Github/C-V2X-Autoware-Carla/install/autoware_auto_system_msgs/include/autoware_auto_system_msgs/autoware_auto_system_msgs/msg/detail/control_diagnostic__rosidl_typesupport_introspection_cpp.hpp
[1.669s] -- Up-to-date: /home/carla/Github/C-V2X-Autoware-Carla/install/autoware_auto_system_msgs/include/autoware_auto_system_msgs/autoware_auto_system_msgs/msg/detail/hazard_status__type_support.cpp
[1.669s] -- Up-to-date: /home/carla/Github/C-V2X-Autoware-Carla/install/autoware_auto_system_msgs/include/autoware_auto_system_msgs/autoware_auto_system_msgs/msg/detail/driving_capability__rosidl_typesupport_introspection_cpp.hpp
[1.669s] -- Up-to-date: /home/carla/Github/C-V2X-Autoware-Carla/install/autoware_auto_system_msgs/lib/libautoware_auto_system_msgs__rosidl_typesupport_introspection_cpp.so
[1.669s] -- Up-to-date: /home/carla/Github/C-V2X-Autoware-Carla/install/autoware_auto_system_msgs/include/autoware_auto_system_msgs/autoware_auto_system_msgs
[1.669s] -- Up-to-date: /home/carla/Github/C-V2X-Autoware-Carla/install/autoware_auto_system_msgs/include/autoware_auto_system_msgs/autoware_auto_system_msgs/msg
[1.670s] -- Up-to-date: /home/carla/Github/C-V2X-Autoware-Carla/install/autoware_auto_system_msgs/include/autoware_auto_system_msgs/autoware_auto_system_msgs/msg/rosidl_typesupport_fastrtps_cpp__visibility_control.h
[1.670s] -- Up-to-date: /home/carla/Github/C-V2X-Autoware-Carla/install/autoware_auto_system_msgs/include/autoware_auto_system_msgs/autoware_auto_system_msgs/msg/detail
[1.670s] -- Up-to-date: /home/carla/Github/C-V2X-Autoware-Carla/install/autoware_auto_system_msgs/include/autoware_auto_system_msgs/autoware_auto_system_msgs/msg/detail/emergency_state__rosidl_typesupport_fastrtps_cpp.hpp
[1.670s] -- Up-to-date: /home/carla/Github/C-V2X-Autoware-Carla/install/autoware_auto_system_msgs/include/autoware_auto_system_msgs/autoware_auto_system_msgs/msg/detail/diagnostic_header__rosidl_typesupport_fastrtps_cpp.hpp
[1.670s] -- Up-to-date: /home/carla/Github/C-V2X-Autoware-Carla/install/autoware_auto_system_msgs/include/autoware_auto_system_msgs/autoware_auto_system_msgs/msg/detail/autoware_state__rosidl_typesupport_fastrtps_cpp.hpp
[1.670s] -- Up-to-date: /home/carla/Github/C-V2X-Autoware-Carla/install/autoware_auto_system_msgs/include/autoware_auto_system_msgs/autoware_auto_system_msgs/msg/detail/hazard_status__rosidl_typesupport_fastrtps_cpp.hpp
[1.670s] -- Up-to-date: /home/carla/Github/C-V2X-Autoware-Carla/install/autoware_auto_system_msgs/include/autoware_auto_system_msgs/autoware_auto_system_msgs/msg/detail/dds_fastrtps
[1.670s] -- Up-to-date: /home/carla/Github/C-V2X-Autoware-Carla/install/autoware_auto_system_msgs/include/autoware_auto_system_msgs/autoware_auto_system_msgs/msg/detail/control_diagnostic__rosidl_typesupport_fastrtps_cpp.hpp
[1.670s] -- Up-to-date: /home/carla/Github/C-V2X-Autoware-Carla/install/autoware_auto_system_msgs/include/autoware_auto_system_msgs/autoware_auto_system_msgs/msg/detail/hazard_status_stamped__rosidl_typesupport_fastrtps_cpp.hpp
[1.670s] -- Up-to-date: /home/carla/Github/C-V2X-Autoware-Carla/install/autoware_auto_system_msgs/include/autoware_auto_system_msgs/autoware_auto_system_msgs/msg/detail/driving_capability__rosidl_typesupport_fastrtps_cpp.hpp
[1.670s] -- Up-to-date: /home/carla/Github/C-V2X-Autoware-Carla/install/autoware_auto_system_msgs/lib/libautoware_auto_system_msgs__rosidl_typesupport_fastrtps_cpp.so
[1.670s] -- Up-to-date: /home/carla/Github/C-V2X-Autoware-Carla/install/autoware_auto_system_msgs/lib/libautoware_auto_system_msgs__rosidl_typesupport_cpp.so
[1.670s] -- Up-to-date: /home/carla/Github/C-V2X-Autoware-Carla/install/autoware_auto_system_msgs/share/autoware_auto_system_msgs/environment/pythonpath.sh
[1.670s] -- Up-to-date: /home/carla/Github/C-V2X-Autoware-Carla/install/autoware_auto_system_msgs/share/autoware_auto_system_msgs/environment/pythonpath.dsv
[1.670s] -- Up-to-date: /home/carla/Github/C-V2X-Autoware-Carla/install/autoware_auto_system_msgs/lib/python3.8/site-packages/autoware_auto_system_msgs-1.0.0-py3.8.egg-info
[1.670s] -- Installing: /home/carla/Github/C-V2X-Autoware-Carla/install/autoware_auto_system_msgs/lib/python3.8/site-packages/autoware_auto_system_msgs-1.0.0-py3.8.egg-info/SOURCES.txt
[1.670s] -- Installing: /home/carla/Github/C-V2X-Autoware-Carla/install/autoware_auto_system_msgs/lib/python3.8/site-packages/autoware_auto_system_msgs-1.0.0-py3.8.egg-info/PKG-INFO
[1.670s] -- Installing: /home/carla/Github/C-V2X-Autoware-Carla/install/autoware_auto_system_msgs/lib/python3.8/site-packages/autoware_auto_system_msgs-1.0.0-py3.8.egg-info/dependency_links.txt
[1.670s] -- Installing: /home/carla/Github/C-V2X-Autoware-Carla/install/autoware_auto_system_msgs/lib/python3.8/site-packages/autoware_auto_system_msgs-1.0.0-py3.8.egg-info/top_level.txt
[1.670s] -- Up-to-date: /home/carla/Github/C-V2X-Autoware-Carla/install/autoware_auto_system_msgs/lib/python3.8/site-packages/autoware_auto_system_msgs
[1.671s] -- Up-to-date: /home/carla/Github/C-V2X-Autoware-Carla/install/autoware_auto_system_msgs/lib/python3.8/site-packages/autoware_auto_system_msgs/libautoware_auto_system_msgs__rosidl_generator_py.so
[1.671s] -- Up-to-date: /home/carla/Github/C-V2X-Autoware-Carla/install/autoware_auto_system_msgs/lib/python3.8/site-packages/autoware_auto_system_msgs/_autoware_auto_system_msgs_s.ep.rosidl_typesupport_fastrtps_c.c
[1.671s] -- Up-to-date: /home/carla/Github/C-V2X-Autoware-Carla/install/autoware_auto_system_msgs/lib/python3.8/site-packages/autoware_auto_system_msgs/_autoware_auto_system_msgs_s.ep.rosidl_typesupport_introspection_c.c
[1.671s] -- Up-to-date: /home/carla/Github/C-V2X-Autoware-Carla/install/autoware_auto_system_msgs/lib/python3.8/site-packages/autoware_auto_system_msgs/autoware_auto_system_msgs_s__rosidl_typesupport_introspection_c.cpython-38-x86_64-linux-gnu.so
[1.671s] -- Up-to-date: /home/carla/Github/C-V2X-Autoware-Carla/install/autoware_auto_system_msgs/lib/python3.8/site-packages/autoware_auto_system_msgs/autoware_auto_system_msgs_s__rosidl_typesupport_fastrtps_c.cpython-38-x86_64-linux-gnu.so
[1.671s] -- Up-to-date: /home/carla/Github/C-V2X-Autoware-Carla/install/autoware_auto_system_msgs/lib/python3.8/site-packages/autoware_auto_system_msgs/_autoware_auto_system_msgs_s.ep.rosidl_typesupport_c.c
[1.671s] -- Up-to-date: /home/carla/Github/C-V2X-Autoware-Carla/install/autoware_auto_system_msgs/lib/python3.8/site-packages/autoware_auto_system_msgs/__init__.py
[1.671s] -- Up-to-date: /home/carla/Github/C-V2X-Autoware-Carla/install/autoware_auto_system_msgs/lib/python3.8/site-packages/autoware_auto_system_msgs/msg
[1.671s] -- Up-to-date: /home/carla/Github/C-V2X-Autoware-Carla/install/autoware_auto_system_msgs/lib/python3.8/site-packages/autoware_auto_system_msgs/msg/_diagnostic_header.py
[1.671s] -- Up-to-date: /home/carla/Github/C-V2X-Autoware-Carla/install/autoware_auto_system_msgs/lib/python3.8/site-packages/autoware_auto_system_msgs/msg/_driving_capability_s.c
[1.671s] -- Up-to-date: /home/carla/Github/C-V2X-Autoware-Carla/install/autoware_auto_system_msgs/lib/python3.8/site-packages/autoware_auto_system_msgs/msg/_diagnostic_header_s.c
[1.671s] -- Up-to-date: /home/carla/Github/C-V2X-Autoware-Carla/install/autoware_auto_system_msgs/lib/python3.8/site-packages/autoware_auto_system_msgs/msg/_hazard_status_stamped.py
[1.671s] -- Up-to-date: /home/carla/Github/C-V2X-Autoware-Carla/install/autoware_auto_system_msgs/lib/python3.8/site-packages/autoware_auto_system_msgs/msg/_control_diagnostic.py
[1.671s] -- Up-to-date: /home/carla/Github/C-V2X-Autoware-Carla/install/autoware_auto_system_msgs/lib/python3.8/site-packages/autoware_auto_system_msgs/msg/_hazard_status_stamped_s.c
[1.671s] -- Up-to-date: /home/carla/Github/C-V2X-Autoware-Carla/install/autoware_auto_system_msgs/lib/python3.8/site-packages/autoware_auto_system_msgs/msg/_driving_capability.py
[1.671s] -- Up-to-date: /home/carla/Github/C-V2X-Autoware-Carla/install/autoware_auto_system_msgs/lib/python3.8/site-packages/autoware_auto_system_msgs/msg/_emergency_state_s.c
[1.671s] -- Up-to-date: /home/carla/Github/C-V2X-Autoware-Carla/install/autoware_auto_system_msgs/lib/python3.8/site-packages/autoware_auto_system_msgs/msg/_emergency_state.py
[1.671s] -- Up-to-date: /home/carla/Github/C-V2X-Autoware-Carla/install/autoware_auto_system_msgs/lib/python3.8/site-packages/autoware_auto_system_msgs/msg/_autoware_state.py
[1.671s] -- Up-to-date: /home/carla/Github/C-V2X-Autoware-Carla/install/autoware_auto_system_msgs/lib/python3.8/site-packages/autoware_auto_system_msgs/msg/_hazard_status.py
[1.671s] -- Up-to-date: /home/carla/Github/C-V2X-Autoware-Carla/install/autoware_auto_system_msgs/lib/python3.8/site-packages/autoware_auto_system_msgs/msg/_control_diagnostic_s.c
[1.672s] -- Up-to-date: /home/carla/Github/C-V2X-Autoware-Carla/install/autoware_auto_system_msgs/lib/python3.8/site-packages/autoware_auto_system_msgs/msg/__init__.py
[1.672s] -- Up-to-date: /home/carla/Github/C-V2X-Autoware-Carla/install/autoware_auto_system_msgs/lib/python3.8/site-packages/autoware_auto_system_msgs/msg/_hazard_status_s.c
[1.672s] -- Up-to-date: /home/carla/Github/C-V2X-Autoware-Carla/install/autoware_auto_system_msgs/lib/python3.8/site-packages/autoware_auto_system_msgs/msg/_autoware_state_s.c
[1.672s] -- Up-to-date: /home/carla/Github/C-V2X-Autoware-Carla/install/autoware_auto_system_msgs/lib/python3.8/site-packages/autoware_auto_system_msgs/autoware_auto_system_msgs_s__rosidl_typesupport_c.cpython-38-x86_64-linux-gnu.so
[1.995s] Listing '/home/carla/Github/C-V2X-Autoware-Carla/install/autoware_auto_system_msgs/lib/python3.8/site-packages/autoware_auto_system_msgs'...
[1.995s] Listing '/home/carla/Github/C-V2X-Autoware-Carla/install/autoware_auto_system_msgs/lib/python3.8/site-packages/autoware_auto_system_msgs/msg'...
[2.000s] -- Up-to-date: /home/carla/Github/C-V2X-Autoware-Carla/install/autoware_auto_system_msgs/lib/python3.8/site-packages/autoware_auto_system_msgs/autoware_auto_system_msgs_s__rosidl_typesupport_introspection_c.cpython-38-x86_64-linux-gnu.so
[2.000s] -- Up-to-date: /home/carla/Github/C-V2X-Autoware-Carla/install/autoware_auto_system_msgs/lib/python3.8/site-packages/autoware_auto_system_msgs/autoware_auto_system_msgs_s__rosidl_typesupport_fastrtps_c.cpython-38-x86_64-linux-gnu.so
[2.001s] -- Up-to-date: /home/carla/Github/C-V2X-Autoware-Carla/install/autoware_auto_system_msgs/lib/python3.8/site-packages/autoware_auto_system_msgs/autoware_auto_system_msgs_s__rosidl_typesupport_c.cpython-38-x86_64-linux-gnu.so
[2.001s] -- Up-to-date: /home/carla/Github/C-V2X-Autoware-Carla/install/autoware_auto_system_msgs/lib/libautoware_auto_system_msgs__rosidl_generator_py.so
[2.001s] -- Up-to-date: /home/carla/Github/C-V2X-Autoware-Carla/install/autoware_auto_system_msgs/share/autoware_auto_system_msgs/msg/AutowareState.idl
[2.001s] -- Up-to-date: /home/carla/Github/C-V2X-Autoware-Carla/install/autoware_auto_system_msgs/share/autoware_auto_system_msgs/msg/ControlDiagnostic.idl
[2.001s] -- Up-to-date: /home/carla/Github/C-V2X-Autoware-Carla/install/autoware_auto_system_msgs/share/autoware_auto_system_msgs/msg/DiagnosticHeader.idl
[2.001s] -- Up-to-date: /home/carla/Github/C-V2X-Autoware-Carla/install/autoware_auto_system_msgs/share/autoware_auto_system_msgs/msg/DrivingCapability.idl
[2.001s] -- Up-to-date: /home/carla/Github/C-V2X-Autoware-Carla/install/autoware_auto_system_msgs/share/autoware_auto_system_msgs/msg/EmergencyState.idl
[2.002s] -- Up-to-date: /home/carla/Github/C-V2X-Autoware-Carla/install/autoware_auto_system_msgs/share/autoware_auto_system_msgs/msg/HazardStatus.idl
[2.002s] -- Up-to-date: /home/carla/Github/C-V2X-Autoware-Carla/install/autoware_auto_system_msgs/share/autoware_auto_system_msgs/msg/HazardStatusStamped.idl
[2.002s] -- Up-to-date: /home/carla/Github/C-V2X-Autoware-Carla/install/autoware_auto_system_msgs/share/ament_index/resource_index/package_run_dependencies/autoware_auto_system_msgs
[2.002s] -- Up-to-date: /home/carla/Github/C-V2X-Autoware-Carla/install/autoware_auto_system_msgs/share/ament_index/resource_index/parent_prefix_path/autoware_auto_system_msgs
[2.002s] -- Up-to-date: /home/carla/Github/C-V2X-Autoware-Carla/install/autoware_auto_system_msgs/share/autoware_auto_system_msgs/environment/ament_prefix_path.dsv
[2.002s] -- Up-to-date: /home/carla/Github/C-V2X-Autoware-Carla/install/autoware_auto_system_msgs/share/autoware_auto_system_msgs/environment/path.dsv
[2.002s] -- Up-to-date: /home/carla/Github/C-V2X-Autoware-Carla/install/autoware_auto_system_msgs/share/autoware_auto_system_msgs/local_setup.bash
[2.002s] -- Up-to-date: /home/carla/Github/C-V2X-Autoware-Carla/install/autoware_auto_system_msgs/share/autoware_auto_system_msgs/local_setup.sh
[2.002s] -- Up-to-date: /home/carla/Github/C-V2X-Autoware-Carla/install/autoware_auto_system_msgs/share/autoware_auto_system_msgs/local_setup.zsh
[2.002s] -- Up-to-date: /home/carla/Github/C-V2X-Autoware-Carla/install/autoware_auto_system_msgs/share/autoware_auto_system_msgs/local_setup.dsv
[2.002s] -- Installing: /home/carla/Github/C-V2X-Autoware-Carla/install/autoware_auto_system_msgs/share/autoware_auto_system_msgs/package.dsv
[2.002s] -- Up-to-date: /home/carla/Github/C-V2X-Autoware-Carla/install/autoware_auto_system_msgs/share/ament_index/resource_index/packages/autoware_auto_system_msgs
[2.002s] -- Up-to-date: /home/carla/Github/C-V2X-Autoware-Carla/install/autoware_auto_system_msgs/share/autoware_auto_system_msgs/cmake/export_autoware_auto_system_msgs__rosidl_generator_cExport.cmake
[2.002s] -- Up-to-date: /home/carla/Github/C-V2X-Autoware-Carla/install/autoware_auto_system_msgs/share/autoware_auto_system_msgs/cmake/export_autoware_auto_system_msgs__rosidl_generator_cExport-noconfig.cmake
[2.002s] -- Up-to-date: /home/carla/Github/C-V2X-Autoware-Carla/install/autoware_auto_system_msgs/share/autoware_auto_system_msgs/cmake/autoware_auto_system_msgs__rosidl_typesupport_introspection_cExport.cmake
[2.003s] -- Up-to-date: /home/carla/Github/C-V2X-Autoware-Carla/install/autoware_auto_system_msgs/share/autoware_auto_system_msgs/cmake/autoware_auto_system_msgs__rosidl_typesupport_introspection_cExport-noconfig.cmake
[2.003s] -- Up-to-date: /home/carla/Github/C-V2X-Autoware-Carla/install/autoware_auto_system_msgs/share/autoware_auto_system_msgs/cmake/export_autoware_auto_system_msgs__rosidl_typesupport_fastrtps_cExport.cmake
[2.003s] -- Up-to-date: /home/carla/Github/C-V2X-Autoware-Carla/install/autoware_auto_system_msgs/share/autoware_auto_system_msgs/cmake/export_autoware_auto_system_msgs__rosidl_typesupport_fastrtps_cExport-noconfig.cmake
[2.003s] -- Up-to-date: /home/carla/Github/C-V2X-Autoware-Carla/install/autoware_auto_system_msgs/share/autoware_auto_system_msgs/cmake/autoware_auto_system_msgs__rosidl_typesupport_cExport.cmake
[2.003s] -- Up-to-date: /home/carla/Github/C-V2X-Autoware-Carla/install/autoware_auto_system_msgs/share/autoware_auto_system_msgs/cmake/autoware_auto_system_msgs__rosidl_typesupport_cExport-noconfig.cmake
[2.003s] -- Up-to-date: /home/carla/Github/C-V2X-Autoware-Carla/install/autoware_auto_system_msgs/share/autoware_auto_system_msgs/cmake/export_autoware_auto_system_msgs__rosidl_generator_cppExport.cmake
[2.003s] -- Up-to-date: /home/carla/Github/C-V2X-Autoware-Carla/install/autoware_auto_system_msgs/share/autoware_auto_system_msgs/cmake/autoware_auto_system_msgs__rosidl_typesupport_introspection_cppExport.cmake
[2.003s] -- Up-to-date: /home/carla/Github/C-V2X-Autoware-Carla/install/autoware_auto_system_msgs/share/autoware_auto_system_msgs/cmake/autoware_auto_system_msgs__rosidl_typesupport_introspection_cppExport-noconfig.cmake
[2.003s] -- Up-to-date: /home/carla/Github/C-V2X-Autoware-Carla/install/autoware_auto_system_msgs/share/autoware_auto_system_msgs/cmake/export_autoware_auto_system_msgs__rosidl_typesupport_fastrtps_cppExport.cmake
[2.003s] -- Up-to-date: /home/carla/Github/C-V2X-Autoware-Carla/install/autoware_auto_system_msgs/share/autoware_auto_system_msgs/cmake/export_autoware_auto_system_msgs__rosidl_typesupport_fastrtps_cppExport-noconfig.cmake
[2.003s] -- Up-to-date: /home/carla/Github/C-V2X-Autoware-Carla/install/autoware_auto_system_msgs/share/autoware_auto_system_msgs/cmake/autoware_auto_system_msgs__rosidl_typesupport_cppExport.cmake
[2.004s] -- Up-to-date: /home/carla/Github/C-V2X-Autoware-Carla/install/autoware_auto_system_msgs/share/autoware_auto_system_msgs/cmake/autoware_auto_system_msgs__rosidl_typesupport_cppExport-noconfig.cmake
[2.004s] -- Up-to-date: /home/carla/Github/C-V2X-Autoware-Carla/install/autoware_auto_system_msgs/share/autoware_auto_system_msgs/cmake/export_autoware_auto_system_msgs__rosidl_generator_pyExport.cmake
[2.004s] -- Up-to-date: /home/carla/Github/C-V2X-Autoware-Carla/install/autoware_auto_system_msgs/share/autoware_auto_system_msgs/cmake/export_autoware_auto_system_msgs__rosidl_generator_pyExport-noconfig.cmake
[2.004s] -- Up-to-date: /home/carla/Github/C-V2X-Autoware-Carla/install/autoware_auto_system_msgs/share/autoware_auto_system_msgs/cmake/rosidl_cmake-extras.cmake
[2.004s] -- Up-to-date: /home/carla/Github/C-V2X-Autoware-Carla/install/autoware_auto_system_msgs/share/autoware_auto_system_msgs/cmake/ament_cmake_export_dependencies-extras.cmake
[2.004s] -- Up-to-date: /home/carla/Github/C-V2X-Autoware-Carla/install/autoware_auto_system_msgs/share/autoware_auto_system_msgs/cmake/ament_cmake_export_include_directories-extras.cmake
[2.004s] -- Up-to-date: /home/carla/Github/C-V2X-Autoware-Carla/install/autoware_auto_system_msgs/share/autoware_auto_system_msgs/cmake/ament_cmake_export_libraries-extras.cmake
[2.004s] -- Up-to-date: /home/carla/Github/C-V2X-Autoware-Carla/install/autoware_auto_system_msgs/share/autoware_auto_system_msgs/cmake/ament_cmake_export_targets-extras.cmake
[2.004s] -- Up-to-date: /home/carla/Github/C-V2X-Autoware-Carla/install/autoware_auto_system_msgs/share/autoware_auto_system_msgs/cmake/rosidl_cmake_export_typesupport_targets-extras.cmake
[2.004s] -- Up-to-date: /home/carla/Github/C-V2X-Autoware-Carla/install/autoware_auto_system_msgs/share/autoware_auto_system_msgs/cmake/rosidl_cmake_export_typesupport_libraries-extras.cmake
[2.004s] -- Up-to-date: /home/carla/Github/C-V2X-Autoware-Carla/install/autoware_auto_system_msgs/share/autoware_auto_system_msgs/cmake/autoware_auto_system_msgsConfig.cmake
[2.004s] -- Up-to-date: /home/carla/Github/C-V2X-Autoware-Carla/install/autoware_auto_system_msgs/share/autoware_auto_system_msgs/cmake/autoware_auto_system_msgsConfig-version.cmake
[2.004s] -- Up-to-date: /home/carla/Github/C-V2X-Autoware-Carla/install/autoware_auto_system_msgs/share/autoware_auto_system_msgs/package.xml
[2.012s] Invoked command in '/home/carla/Github/C-V2X-Autoware-Carla/build/autoware_auto_system_msgs' returned '0': CMAKE_PREFIX_PATH=${CMAKE_PREFIX_PATH}:/home/carla/Github/C-V2X-Autoware-Carla/install/vehicle:/home/carla/Github/C-V2X-Autoware-Carla/install/infrastructure:/home/carla/ros2_humble/install/rqt_bag_plugins:/home/carla/ros2_humble/install/rqt_bag:/home/carla/ros2_humble/install/ros2bag:/home/carla/ros2_humble/install/tracetools_test:/home/carla/ros2_humble/install/tracetools_launch:/home/carla/ros2_humble/install/topic_monitor:/home/carla/ros2_humble/install/tf2_tools:/home/carla/ros2_humble/install/examples_tf2_py:/home/carla/ros2_humble/install/tf2_ros_py:/home/carla/ros2_humble/install/sros2:/home/carla/ros2_humble/install/rqt_topic:/home/carla/ros2_humble/install/rqt_srv:/home/carla/ros2_humble/install/rqt_shell:/home/carla/ros2_humble/install/rqt_service_caller:/home/carla/ros2_humble/install/rqt_reconfigure:/home/carla/ros2_humble/install/rqt_py_console:/home/carla/ros2_humble/install/rqt_publisher:/home/carla/ros2_humble/install/rqt_plot:/home/carla/ros2_humble/install/rqt_action:/home/carla/ros2_humble/install/rqt_msg:/home/carla/ros2_humble/install/rqt_console:/home/carla/ros2_humble/install/rqt:/home/carla/ros2_humble/install/rqt_graph:/home/carla/ros2_humble/install/rqt_gui_py:/home/carla/ros2_humble/install/rqt_gui:/home/carla/ros2_humble/install/ros2trace:/home/carla/ros2_humble/install/ros2topic:/home/carla/ros2_humble/install/ros2test:/home/carla/ros2_humble/install/ros2component:/home/carla/ros2_humble/install/ros2param:/home/carla/ros2_humble/install/ros2lifecycle:/home/carla/ros2_humble/install/ros2service:/home/carla/ros2_humble/install/ros2run:/home/carla/ros2_humble/install/ros2launch:/home/carla/ros2_humble/install/ros2pkg:/home/carla/ros2_humble/install/ros2node:/home/carla/ros2_humble/install/ros2multicast:/home/carla/ros2_humble/install/ros2interface:/home/carla/ros2_humble/install/ros2doctor:/home/carla/ros2_humble/install/ros2action:/home/carla/ros2_humble/install/ros2cli:/home/carla/ros2_humble/install/quality_of_service_demo_py:/home/carla/ros2_humble/install/lifecycle_py:/home/carla/ros2_humble/install/launch_testing_ros:/home/carla/ros2_humble/install/launch_ros:/home/carla/ros2_humble/install/examples_rclpy_pointcloud_publisher:/home/carla/ros2_humble/install/examples_rclpy_minimal_subscriber:/home/carla/ros2_humble/install/examples_rclpy_minimal_service:/home/carla/ros2_humble/install/examples_rclpy_minimal_publisher:/home/carla/ros2_humble/install/examples_rclpy_minimal_client:/home/carla/ros2_humble/install/examples_rclpy_minimal_action_server:/home/carla/ros2_humble/install/examples_rclpy_minimal_action_client:/home/carla/ros2_humble/install/examples_rclpy_guard_conditions:/home/carla/ros2_humble/install/examples_rclpy_executors:/home/carla/ros2_humble/install/demo_nodes_py:/home/carla/ros2_humble/install/action_tutorials_py:/home/carla/ros2_humble/install/ament_uncrustify:/home/carla/ros2_humble/install/tracetools_trace:/home/carla/ros2_humble/install/tracetools_read:/home/carla/ros2_humble/install/test_tracetools_launch:/home/carla/ros2_humble/install/test_launch_ros:/home/carla/ros2_humble/install/sensor_msgs_py:/home/carla/ros2_humble/install/rpyutils:/home/carla/ros2_humble/install/rosidl_runtime_py:/home/carla/ros2_humble/install/rosidl_cli:/home/carla/ros2_humble/install/launch_pytest:/home/carla/ros2_humble/install/launch_testing:/home/carla/ros2_humble/install/launch_yaml:/home/carla/ros2_humble/install/launch_xml:/home/carla/ros2_humble/install/launch:/home/carla/ros2_humble/install/osrf_pycommon:/home/carla/ros2_humble/install/launch_testing_examples:/home/carla/ros2_humble/install/domain_coordinator:/home/carla/ros2_humble/install/ament_xmllint:/home/carla/ros2_humble/install/ament_pyflakes:/home/carla/ros2_humble/install/ament_pycodestyle:/home/carla/ros2_humble/install/ament_pep257:/home/carla/ros2_humble/install/ament_pclint:/home/carla/ros2_humble/install/ament_package:/home/carla/ros2_humble/install/ament_mypy:/home/carla/ros2_humble/install/ament_lint_cmake:/home/carla/ros2_humble/install/ament_flake8:/home/carla/ros2_humble/install/ament_copyright:/home/carla/ros2_humble/install/ament_lint:/home/carla/ros2_humble/install/ament_index_python:/home/carla/ros2_humble/install/ament_cpplint:/home/carla/ros2_humble/install/ament_cppcheck:/home/carla/ros2_humble/install/ament_clang_tidy:/home/carla/ros2_humble/install/ament_clang_format /usr/bin/cmake --install /home/carla/Github/C-V2X-Autoware-Carla/build/autoware_auto_system_msgs
