[0.493s] Invoking command in '/home/carla/Github/C-V2X-Autoware-Carla/src/vehicle': PYTHONPATH=/home/carla/Github/C-V2X-Autoware-Carla/build/vehicle/prefix_override:/home/carla/Github/C-V2X-Autoware-Carla/install/vehicle/lib/python3.8/site-packages: /usr/bin/python3 -W ignore:setup.py install is deprecated setup.py egg_info --egg-base ../../build/vehicle build --build-base /home/carla/Github/C-V2X-Autoware-Carla/build/vehicle/build install --record /home/carla/Github/C-V2X-Autoware-Carla/build/vehicle/install.log --single-version-externally-managed install_data
[0.619s] running egg_info
[0.626s] writing ../../build/vehicle/vehicle.egg-info/PKG-INFO
[0.626s] writing dependency_links to ../../build/vehicle/vehicle.egg-info/dependency_links.txt
[0.626s] writing entry points to ../../build/vehicle/vehicle.egg-info/entry_points.txt
[0.627s] writing requirements to ../../build/vehicle/vehicle.egg-info/requires.txt
[0.627s] writing top-level names to ../../build/vehicle/vehicle.egg-info/top_level.txt
[0.641s] reading manifest file '../../build/vehicle/vehicle.egg-info/SOURCES.txt'
[0.642s] writing manifest file '../../build/vehicle/vehicle.egg-info/SOURCES.txt'
[0.642s] running build
[0.642s] running build_py
[0.642s] copying vehicle/host_vehicle.py -> /home/carla/Github/C-V2X-Autoware-Carla/build/vehicle/build/lib/vehicle
[0.642s] copying vehicle/remote_vehicle.py -> /home/carla/Github/C-V2X-Autoware-Carla/build/vehicle/build/lib/vehicle
[0.642s] copying vehicle/start_multiple.py -> /home/carla/Github/C-V2X-Autoware-Carla/build/vehicle/build/lib/vehicle
[0.642s] copying vehicle/__init__.py -> /home/carla/Github/C-V2X-Autoware-Carla/build/vehicle/build/lib/vehicle
[0.643s] copying vehicle/ren_vehicle.py -> /home/carla/Github/C-V2X-Autoware-Carla/build/vehicle/build/lib/vehicle
[0.643s] running install
[0.646s] running install_lib
[0.653s] copying /home/carla/Github/C-V2X-Autoware-Carla/build/vehicle/build/lib/vehicle/host_vehicle.py -> /home/carla/Github/C-V2X-Autoware-Carla/install/vehicle/lib/python3.8/site-packages/vehicle
[0.654s] byte-compiling /home/carla/Github/C-V2X-Autoware-Carla/install/vehicle/lib/python3.8/site-packages/vehicle/host_vehicle.py to host_vehicle.cpython-38.pyc
[0.658s] running install_data
[0.658s] copying resource/vehicle -> /home/carla/Github/C-V2X-Autoware-Carla/install/vehicle/share/ament_index/resource_index/packages
[0.658s] copying package.xml -> /home/carla/Github/C-V2X-Autoware-Carla/install/vehicle/share/vehicle
[0.658s] running install_egg_info
[0.665s] removing '/home/carla/Github/C-V2X-Autoware-Carla/install/vehicle/lib/python3.8/site-packages/vehicle-0.0.0-py3.8.egg-info' (and everything under it)
[0.665s] Copying ../../build/vehicle/vehicle.egg-info to /home/carla/Github/C-V2X-Autoware-Carla/install/vehicle/lib/python3.8/site-packages/vehicle-0.0.0-py3.8.egg-info
[0.666s] running install_scripts
[0.742s] Installing host_vehicle script to /home/carla/Github/C-V2X-Autoware-Carla/install/vehicle/lib/vehicle
[0.742s] Installing remote_vehicle script to /home/carla/Github/C-V2X-Autoware-Carla/install/vehicle/lib/vehicle
[0.742s] Installing ren_vehicle script to /home/carla/Github/C-V2X-Autoware-Carla/install/vehicle/lib/vehicle
[0.743s] writing list of installed files to '/home/carla/Github/C-V2X-Autoware-Carla/build/vehicle/install.log'
[0.767s] Invoked command in '/home/carla/Github/C-V2X-Autoware-Carla/src/vehicle' returned '0': PYTHONPATH=/home/carla/Github/C-V2X-Autoware-Carla/build/vehicle/prefix_override:/home/carla/Github/C-V2X-Autoware-Carla/install/vehicle/lib/python3.8/site-packages: /usr/bin/python3 -W ignore:setup.py install is deprecated setup.py egg_info --egg-base ../../build/vehicle build --build-base /home/carla/Github/C-V2X-Autoware-Carla/build/vehicle/build install --record /home/carla/Github/C-V2X-Autoware-Carla/build/vehicle/install.log --single-version-externally-managed install_data
