[0.054s] Invoking command in '/media/william/blueicedrive/Github/AutowareUniverse-Carla/build/autoware_auto_control_msgs': CMAKE_PREFIX_PATH=${CMAKE_PREFIX_PATH}:/media/william/blueicedrive/Github/AutowareUniverse-Carla/install/vehicle:/opt/ros/humble /usr/bin/cmake /media/william/blueicedrive/Github/AutowareUniverse-Carla/src/autoware_auto_control_msgs -DCMAKE_INSTALL_PREFIX=/media/william/blueicedrive/Github/AutowareUniverse-Carla/install/autoware_auto_control_msgs
[1.017s] -- The C compiler identification is GNU 11.4.0
[1.017s] -- The CXX compiler identification is GNU 11.4.0
[1.017s] -- Detecting C compiler ABI info
[1.017s] -- Detecting C compiler ABI info - done
[1.017s] -- Check for working C compiler: /usr/bin/cc - skipped
[1.018s] -- Detecting C compile features
[1.018s] -- Detecting C compile features - done
[1.018s] -- Detecting CXX compiler ABI info
[1.018s] -- Detecting CXX compiler ABI info - done
[1.018s] -- Check for working CXX compiler: /usr/bin/c++ - skipped
[1.018s] -- Detecting CXX compile features
[1.018s] -- Detecting CXX compile features - done
[1.021s] -- Found ament_cmake_auto: 1.3.9 (/opt/ros/humble/share/ament_cmake_auto/cmake)
[1.148s] -- Found Python3: /usr/bin/python3 (found version "3.10.12") found components: Interpreter 
[1.392s] -- Using all available rosidl_typesupport_c: rosidl_typesupport_fastrtps_c;rosidl_typesupport_introspection_c
[1.422s] -- Found rosidl_adapter: 3.1.5 (/opt/ros/humble/share/rosidl_adapter/cmake)
[1.547s] -- Using all available rosidl_typesupport_cpp: rosidl_typesupport_fastrtps_cpp;rosidl_typesupport_introspection_cpp
[1.851s] -- Found ament_cmake_cppcheck: 0.12.11 (/opt/ros/humble/share/ament_cmake_cppcheck/cmake)
[1.866s] -- Found ament_cmake_cpplint: 0.12.11 (/opt/ros/humble/share/ament_cmake_cpplint/cmake)
[1.881s] -- Found ament_cmake_uncrustify: 0.12.11 (/opt/ros/humble/share/ament_cmake_uncrustify/cmake)
[1.894s] -- Found ament_cmake_ros: 0.10.0 (/opt/ros/humble/share/ament_cmake_ros/cmake)
[2.192s] -- Using all available rosidl_typesupport_c: rosidl_typesupport_fastrtps_c;rosidl_typesupport_introspection_c
[2.591s] -- Using all available rosidl_typesupport_cpp: rosidl_typesupport_fastrtps_cpp;rosidl_typesupport_introspection_cpp
[2.624s] -- Found PythonInterp: /usr/bin/python3 (found suitable version "3.10.12", minimum required is "3.6") 
[2.636s] -- Found python_cmake_module: 0.10.0 (/opt/ros/humble/share/python_cmake_module/cmake)
[2.673s] -- Found PythonLibs: /usr/lib/x86_64-linux-gnu/libpython3.10.so (found suitable version "3.10.12", minimum required is "3.5") 
[2.674s] -- Using PYTHON_EXECUTABLE: /usr/bin/python3
[2.674s] -- Using PYTHON_INCLUDE_DIRS: /usr/include/python3.10
[2.674s] -- Using PYTHON_LIBRARIES: /usr/lib/x86_64-linux-gnu/libpython3.10.so
[2.702s] -- Found PythonExtra: .so  
[2.960s] -- Found ament_cmake_flake8: 0.12.11 (/opt/ros/humble/share/ament_cmake_flake8/cmake)
[2.974s] -- Found ament_cmake_pep257: 0.12.11 (/opt/ros/humble/share/ament_cmake_pep257/cmake)
[2.990s] -- Found ament_lint_auto: 0.12.11 (/opt/ros/humble/share/ament_lint_auto/cmake)
[3.156s] -- Added test 'copyright' to check source files copyright and LICENSE
[3.164s] -- Added test 'lint_cmake' to check CMake code style
[3.169s] -- Added test 'xmllint' to check XML markup files
[3.229s] -- Configuring done
[3.492s] -- Generating done
[3.510s] -- Build files have been written to: /media/william/blueicedrive/Github/AutowareUniverse-Carla/build/autoware_auto_control_msgs
[3.517s] Invoked command in '/media/william/blueicedrive/Github/AutowareUniverse-Carla/build/autoware_auto_control_msgs' returned '0': CMAKE_PREFIX_PATH=${CMAKE_PREFIX_PATH}:/media/william/blueicedrive/Github/AutowareUniverse-Carla/install/vehicle:/opt/ros/humble /usr/bin/cmake /media/william/blueicedrive/Github/AutowareUniverse-Carla/src/autoware_auto_control_msgs -DCMAKE_INSTALL_PREFIX=/media/william/blueicedrive/Github/AutowareUniverse-Carla/install/autoware_auto_control_msgs
[3.518s] Invoking command in '/media/william/blueicedrive/Github/AutowareUniverse-Carla/build/autoware_auto_control_msgs': CMAKE_PREFIX_PATH=${CMAKE_PREFIX_PATH}:/media/william/blueicedrive/Github/AutowareUniverse-Carla/install/vehicle:/opt/ros/humble /usr/bin/cmake --build /media/william/blueicedrive/Github/AutowareUniverse-Carla/build/autoware_auto_control_msgs -- -j20 -l20
[3.571s] [  1%] [34m[1mGenerating C code for ROS interfaces[0m
[3.588s] [  3%] [34m[1mGenerating C++ code for ROS interfaces[0m
[3.598s] [  3%] Built target ament_cmake_python_copy_autoware_auto_control_msgs
[3.768s] running egg_info
[3.768s] creating autoware_auto_control_msgs.egg-info
[3.768s] writing autoware_auto_control_msgs.egg-info/PKG-INFO
[3.769s] writing dependency_links to autoware_auto_control_msgs.egg-info/dependency_links.txt
[3.769s] writing top-level names to autoware_auto_control_msgs.egg-info/top_level.txt
[3.769s] writing manifest file 'autoware_auto_control_msgs.egg-info/SOURCES.txt'
[3.771s] reading manifest file 'autoware_auto_control_msgs.egg-info/SOURCES.txt'
[3.772s] writing manifest file 'autoware_auto_control_msgs.egg-info/SOURCES.txt'
[3.796s] [  3%] Built target ament_cmake_python_build_autoware_auto_control_msgs_egg
[3.909s] [  3%] Built target autoware_auto_control_msgs__cpp
[3.928s] [  7%] [32mBuilding C object CMakeFiles/autoware_auto_control_msgs__rosidl_generator_c.dir/rosidl_generator_c/autoware_auto_control_msgs/msg/detail/ackermann_control_command__functions.c.o[0m
[3.928s] [  9%] [32mBuilding C object CMakeFiles/autoware_auto_control_msgs__rosidl_generator_c.dir/rosidl_generator_c/autoware_auto_control_msgs/msg/detail/ackermann_lateral_command__functions.c.o[0m
[3.928s] [  9%] [32mBuilding C object CMakeFiles/autoware_auto_control_msgs__rosidl_generator_c.dir/rosidl_generator_c/autoware_auto_control_msgs/msg/detail/high_level_control_command__functions.c.o[0m
[3.930s] [ 10%] [32mBuilding C object CMakeFiles/autoware_auto_control_msgs__rosidl_generator_c.dir/rosidl_generator_c/autoware_auto_control_msgs/msg/detail/longitudinal_command__functions.c.o[0m
[3.931s] [ 12%] [34m[1mGenerating C++ type support dispatch for ROS interfaces[0m
[3.932s] [ 14%] [34m[1mGenerating C++ introspection for ROS interfaces[0m
[3.932s] [ 16%] [34m[1mGenerating C++ type support for eProsima Fast-RTPS[0m
[4.074s] [ 18%] [32m[1mLinking C shared library libautoware_auto_control_msgs__rosidl_generator_c.so[0m
[4.135s] [ 18%] Built target autoware_auto_control_msgs__rosidl_generator_c
[4.184s] [ 20%] [34m[1mGenerating C type support dispatch for ROS interfaces[0m
[4.184s] [ 23%] [34m[1mGenerating C type support for eProsima Fast-RTPS[0m
[4.185s] [ 23%] [34m[1mGenerating C introspection for ROS interfaces[0m
[4.418s] [ 25%] [32mBuilding CXX object CMakeFiles/autoware_auto_control_msgs__rosidl_typesupport_cpp.dir/rosidl_typesupport_cpp/autoware_auto_control_msgs/msg/high_level_control_command__type_support.cpp.o[0m
[4.424s] [ 27%] [32mBuilding CXX object CMakeFiles/autoware_auto_control_msgs__rosidl_typesupport_cpp.dir/rosidl_typesupport_cpp/autoware_auto_control_msgs/msg/ackermann_lateral_command__type_support.cpp.o[0m
[4.425s] [ 29%] [32mBuilding CXX object CMakeFiles/autoware_auto_control_msgs__rosidl_typesupport_cpp.dir/rosidl_typesupport_cpp/autoware_auto_control_msgs/msg/longitudinal_command__type_support.cpp.o[0m
[4.426s] [ 30%] [32mBuilding CXX object CMakeFiles/autoware_auto_control_msgs__rosidl_typesupport_cpp.dir/rosidl_typesupport_cpp/autoware_auto_control_msgs/msg/ackermann_control_command__type_support.cpp.o[0m
[4.471s] [ 32%] [32mBuilding CXX object CMakeFiles/autoware_auto_control_msgs__rosidl_typesupport_introspection_cpp.dir/rosidl_typesupport_introspection_cpp/autoware_auto_control_msgs/msg/detail/ackermann_control_command__type_support.cpp.o[0m
[4.472s] [ 38%] [32mBuilding CXX object CMakeFiles/autoware_auto_control_msgs__rosidl_typesupport_introspection_cpp.dir/rosidl_typesupport_introspection_cpp/autoware_auto_control_msgs/msg/detail/longitudinal_command__type_support.cpp.o[0m
[4.473s] [ 38%] [32mBuilding CXX object CMakeFiles/autoware_auto_control_msgs__rosidl_typesupport_introspection_cpp.dir/rosidl_typesupport_introspection_cpp/autoware_auto_control_msgs/msg/detail/high_level_control_command__type_support.cpp.o[0m
[4.473s] [ 38%] [32mBuilding CXX object CMakeFiles/autoware_auto_control_msgs__rosidl_typesupport_introspection_cpp.dir/rosidl_typesupport_introspection_cpp/autoware_auto_control_msgs/msg/detail/ackermann_lateral_command__type_support.cpp.o[0m
[4.493s] [ 40%] [32mBuilding CXX object CMakeFiles/autoware_auto_control_msgs__rosidl_typesupport_fastrtps_cpp.dir/rosidl_typesupport_fastrtps_cpp/autoware_auto_control_msgs/msg/detail/dds_fastrtps/ackermann_control_command__type_support.cpp.o[0m
[4.494s] [ 43%] [32mBuilding CXX object CMakeFiles/autoware_auto_control_msgs__rosidl_typesupport_fastrtps_cpp.dir/rosidl_typesupport_fastrtps_cpp/autoware_auto_control_msgs/msg/detail/dds_fastrtps/ackermann_lateral_command__type_support.cpp.o[0m
[4.495s] [ 43%] [32mBuilding CXX object CMakeFiles/autoware_auto_control_msgs__rosidl_typesupport_fastrtps_cpp.dir/rosidl_typesupport_fastrtps_cpp/autoware_auto_control_msgs/msg/detail/dds_fastrtps/high_level_control_command__type_support.cpp.o[0m
[4.499s] [ 45%] [32mBuilding CXX object CMakeFiles/autoware_auto_control_msgs__rosidl_typesupport_fastrtps_cpp.dir/rosidl_typesupport_fastrtps_cpp/autoware_auto_control_msgs/msg/detail/dds_fastrtps/longitudinal_command__type_support.cpp.o[0m
[4.989s] [ 50%] [32mBuilding CXX object CMakeFiles/autoware_auto_control_msgs__rosidl_typesupport_c.dir/rosidl_typesupport_c/autoware_auto_control_msgs/msg/ackermann_control_command__type_support.cpp.o[0m
[4.990s] [ 50%] [32mBuilding CXX object CMakeFiles/autoware_auto_control_msgs__rosidl_typesupport_c.dir/rosidl_typesupport_c/autoware_auto_control_msgs/msg/longitudinal_command__type_support.cpp.o[0m
[4.990s] [ 50%] [32mBuilding CXX object CMakeFiles/autoware_auto_control_msgs__rosidl_typesupport_c.dir/rosidl_typesupport_c/autoware_auto_control_msgs/msg/high_level_control_command__type_support.cpp.o[0m
[4.996s] [ 52%] [32mBuilding CXX object CMakeFiles/autoware_auto_control_msgs__rosidl_typesupport_c.dir/rosidl_typesupport_c/autoware_auto_control_msgs/msg/ackermann_lateral_command__type_support.cpp.o[0m
[4.998s] [ 54%] [32m[1mLinking CXX shared library libautoware_auto_control_msgs__rosidl_typesupport_cpp.so[0m
[5.020s] [ 56%] [32m[1mLinking CXX shared library libautoware_auto_control_msgs__rosidl_typesupport_introspection_cpp.so[0m
[5.208s] [ 58%] [32mBuilding CXX object CMakeFiles/autoware_auto_control_msgs__rosidl_typesupport_fastrtps_c.dir/rosidl_typesupport_fastrtps_c/autoware_auto_control_msgs/msg/detail/longitudinal_command__type_support_c.cpp.o[0m
[5.231s] [ 61%] [32mBuilding C object CMakeFiles/autoware_auto_control_msgs__rosidl_typesupport_introspection_c.dir/rosidl_typesupport_introspection_c/autoware_auto_control_msgs/msg/detail/ackermann_control_command__type_support.c.o[0m
[5.233s] [ 61%] [32mBuilding C object CMakeFiles/autoware_auto_control_msgs__rosidl_typesupport_introspection_c.dir/rosidl_typesupport_introspection_c/autoware_auto_control_msgs/msg/detail/longitudinal_command__type_support.c.o[0m
[5.257s] [ 65%] [32mBuilding CXX object CMakeFiles/autoware_auto_control_msgs__rosidl_typesupport_fastrtps_c.dir/rosidl_typesupport_fastrtps_c/autoware_auto_control_msgs/msg/detail/high_level_control_command__type_support_c.cpp.o[0m
[5.258s] [ 65%] [32mBuilding C object CMakeFiles/autoware_auto_control_msgs__rosidl_typesupport_introspection_c.dir/rosidl_typesupport_introspection_c/autoware_auto_control_msgs/msg/detail/ackermann_lateral_command__type_support.c.o[0m
[5.279s] [ 67%] [32mBuilding CXX object CMakeFiles/autoware_auto_control_msgs__rosidl_typesupport_fastrtps_c.dir/rosidl_typesupport_fastrtps_c/autoware_auto_control_msgs/msg/detail/ackermann_lateral_command__type_support_c.cpp.o[0m
[5.298s] [ 69%] [32mBuilding C object CMakeFiles/autoware_auto_control_msgs__rosidl_typesupport_introspection_c.dir/rosidl_typesupport_introspection_c/autoware_auto_control_msgs/msg/detail/high_level_control_command__type_support.c.o[0m
[5.363s] [ 70%] [32mBuilding CXX object CMakeFiles/autoware_auto_control_msgs__rosidl_typesupport_fastrtps_c.dir/rosidl_typesupport_fastrtps_c/autoware_auto_control_msgs/msg/detail/ackermann_control_command__type_support_c.cpp.o[0m
[5.850s] [ 72%] [32m[1mLinking CXX shared library libautoware_auto_control_msgs__rosidl_typesupport_fastrtps_cpp.so[0m
[5.892s] [ 74%] [32m[1mLinking CXX shared library libautoware_auto_control_msgs__rosidl_typesupport_c.so[0m
[6.008s] [ 74%] Built target autoware_auto_control_msgs__rosidl_typesupport_cpp
[6.315s] [ 74%] Built target autoware_auto_control_msgs__rosidl_typesupport_introspection_cpp
[6.338s] [ 76%] [32m[1mLinking C shared library libautoware_auto_control_msgs__rosidl_typesupport_introspection_c.so[0m
[6.454s] [ 76%] Built target autoware_auto_control_msgs__rosidl_typesupport_c
[6.554s] [ 76%] Built target autoware_auto_control_msgs__rosidl_typesupport_fastrtps_cpp
[6.703s] [ 78%] [32m[1mLinking CXX shared library libautoware_auto_control_msgs__rosidl_typesupport_fastrtps_c.so[0m
[6.724s] [ 78%] Built target autoware_auto_control_msgs__rosidl_typesupport_introspection_c
[7.362s] [ 78%] Built target autoware_auto_control_msgs__rosidl_typesupport_fastrtps_c
[8.234s] [ 78%] Built target autoware_auto_control_msgs
[8.812s] [ 80%] [34m[1mGenerating Python code for ROS interfaces[0m
[10.400s] [ 80%] Built target autoware_auto_control_msgs__py
[10.521s] [ 85%] [32mBuilding C object CMakeFiles/autoware_auto_control_msgs__rosidl_generator_py.dir/rosidl_generator_py/autoware_auto_control_msgs/msg/_ackermann_lateral_command_s.c.o[0m
[10.522s] [ 85%] [32mBuilding C object CMakeFiles/autoware_auto_control_msgs__rosidl_generator_py.dir/rosidl_generator_py/autoware_auto_control_msgs/msg/_ackermann_control_command_s.c.o[0m
[10.531s] [ 85%] [32mBuilding C object CMakeFiles/autoware_auto_control_msgs__rosidl_generator_py.dir/rosidl_generator_py/autoware_auto_control_msgs/msg/_longitudinal_command_s.c.o[0m
[10.532s] [ 87%] [32mBuilding C object CMakeFiles/autoware_auto_control_msgs__rosidl_generator_py.dir/rosidl_generator_py/autoware_auto_control_msgs/msg/_high_level_control_command_s.c.o[0m
[10.866s] [ 89%] [32m[1mLinking C shared library rosidl_generator_py/autoware_auto_control_msgs/libautoware_auto_control_msgs__rosidl_generator_py.so[0m
[12.471s] [ 89%] Built target autoware_auto_control_msgs__rosidl_generator_py
[12.669s] [ 90%] [32mBuilding C object CMakeFiles/autoware_auto_control_msgs__rosidl_typesupport_fastrtps_c__pyext.dir/rosidl_generator_py/autoware_auto_control_msgs/_autoware_auto_control_msgs_s.ep.rosidl_typesupport_fastrtps_c.c.o[0m
[12.671s] [ 92%] [32mBuilding C object CMakeFiles/autoware_auto_control_msgs__rosidl_typesupport_c__pyext.dir/rosidl_generator_py/autoware_auto_control_msgs/_autoware_auto_control_msgs_s.ep.rosidl_typesupport_c.c.o[0m
[12.672s] [ 94%] [32mBuilding C object CMakeFiles/autoware_auto_control_msgs__rosidl_typesupport_introspection_c__pyext.dir/rosidl_generator_py/autoware_auto_control_msgs/_autoware_auto_control_msgs_s.ep.rosidl_typesupport_introspection_c.c.o[0m
[13.488s] [ 96%] [32m[1mLinking C shared library rosidl_generator_py/autoware_auto_control_msgs/autoware_auto_control_msgs_s__rosidl_typesupport_c.cpython-310-x86_64-linux-gnu.so[0m
[13.499s] [ 98%] [32m[1mLinking C shared library rosidl_generator_py/autoware_auto_control_msgs/autoware_auto_control_msgs_s__rosidl_typesupport_fastrtps_c.cpython-310-x86_64-linux-gnu.so[0m
[13.503s] [100%] [32m[1mLinking C shared library rosidl_generator_py/autoware_auto_control_msgs/autoware_auto_control_msgs_s__rosidl_typesupport_introspection_c.cpython-310-x86_64-linux-gnu.so[0m
[13.808s] [100%] Built target autoware_auto_control_msgs__rosidl_typesupport_fastrtps_c__pyext
[13.810s] [100%] Built target autoware_auto_control_msgs__rosidl_typesupport_introspection_c__pyext
[13.810s] [100%] Built target autoware_auto_control_msgs__rosidl_typesupport_c__pyext
[13.831s] Invoked command in '/media/william/blueicedrive/Github/AutowareUniverse-Carla/build/autoware_auto_control_msgs' returned '0': CMAKE_PREFIX_PATH=${CMAKE_PREFIX_PATH}:/media/william/blueicedrive/Github/AutowareUniverse-Carla/install/vehicle:/opt/ros/humble /usr/bin/cmake --build /media/william/blueicedrive/Github/AutowareUniverse-Carla/build/autoware_auto_control_msgs -- -j20 -l20
[16.439s] Invoking command in '/media/william/blueicedrive/Github/AutowareUniverse-Carla/build/autoware_auto_control_msgs': CMAKE_PREFIX_PATH=${CMAKE_PREFIX_PATH}:/media/william/blueicedrive/Github/AutowareUniverse-Carla/install/vehicle:/opt/ros/humble /usr/bin/cmake --install /media/william/blueicedrive/Github/AutowareUniverse-Carla/build/autoware_auto_control_msgs
[16.479s] -- Install configuration: ""
[16.485s] -- Installing: /media/william/blueicedrive/Github/AutowareUniverse-Carla/install/autoware_auto_control_msgs/share/ament_index/resource_index/rosidl_interfaces/autoware_auto_control_msgs
[16.496s] -- Installing: /media/william/blueicedrive/Github/AutowareUniverse-Carla/install/autoware_auto_control_msgs/include/autoware_auto_control_msgs/autoware_auto_control_msgs
[16.500s] -- Installing: /media/william/blueicedrive/Github/AutowareUniverse-Carla/install/autoware_auto_control_msgs/include/autoware_auto_control_msgs/autoware_auto_control_msgs/msg
[16.506s] -- Installing: /media/william/blueicedrive/Github/AutowareUniverse-Carla/install/autoware_auto_control_msgs/include/autoware_auto_control_msgs/autoware_auto_control_msgs/msg/ackermann_control_command.h
[16.532s] -- Installing: /media/william/blueicedrive/Github/AutowareUniverse-Carla/install/autoware_auto_control_msgs/include/autoware_auto_control_msgs/autoware_auto_control_msgs/msg/ackermann_lateral_command.h
[16.549s] -- Installing: /media/william/blueicedrive/Github/AutowareUniverse-Carla/install/autoware_auto_control_msgs/include/autoware_auto_control_msgs/autoware_auto_control_msgs/msg/detail
[16.555s] -- Installing: /media/william/blueicedrive/Github/AutowareUniverse-Carla/install/autoware_auto_control_msgs/include/autoware_auto_control_msgs/autoware_auto_control_msgs/msg/detail/ackermann_control_command__functions.c
[16.566s] -- Installing: /media/william/blueicedrive/Github/AutowareUniverse-Carla/install/autoware_auto_control_msgs/include/autoware_auto_control_msgs/autoware_auto_control_msgs/msg/detail/ackermann_control_command__functions.h
[16.581s] -- Installing: /media/william/blueicedrive/Github/AutowareUniverse-Carla/install/autoware_auto_control_msgs/include/autoware_auto_control_msgs/autoware_auto_control_msgs/msg/detail/ackermann_control_command__struct.h
[16.608s] -- Installing: /media/william/blueicedrive/Github/AutowareUniverse-Carla/install/autoware_auto_control_msgs/include/autoware_auto_control_msgs/autoware_auto_control_msgs/msg/detail/ackermann_control_command__type_support.h
[16.618s] -- Installing: /media/william/blueicedrive/Github/AutowareUniverse-Carla/install/autoware_auto_control_msgs/include/autoware_auto_control_msgs/autoware_auto_control_msgs/msg/detail/ackermann_lateral_command__functions.c
[16.644s] -- Installing: /media/william/blueicedrive/Github/AutowareUniverse-Carla/install/autoware_auto_control_msgs/include/autoware_auto_control_msgs/autoware_auto_control_msgs/msg/detail/ackermann_lateral_command__functions.h
[16.663s] -- Installing: /media/william/blueicedrive/Github/AutowareUniverse-Carla/install/autoware_auto_control_msgs/include/autoware_auto_control_msgs/autoware_auto_control_msgs/msg/detail/ackermann_lateral_command__struct.h
[16.674s] -- Installing: /media/william/blueicedrive/Github/AutowareUniverse-Carla/install/autoware_auto_control_msgs/include/autoware_auto_control_msgs/autoware_auto_control_msgs/msg/detail/ackermann_lateral_command__type_support.h
[16.692s] -- Installing: /media/william/blueicedrive/Github/AutowareUniverse-Carla/install/autoware_auto_control_msgs/include/autoware_auto_control_msgs/autoware_auto_control_msgs/msg/detail/high_level_control_command__functions.c
[16.702s] -- Installing: /media/william/blueicedrive/Github/AutowareUniverse-Carla/install/autoware_auto_control_msgs/include/autoware_auto_control_msgs/autoware_auto_control_msgs/msg/detail/high_level_control_command__functions.h
[16.710s] -- Installing: /media/william/blueicedrive/Github/AutowareUniverse-Carla/install/autoware_auto_control_msgs/include/autoware_auto_control_msgs/autoware_auto_control_msgs/msg/detail/high_level_control_command__struct.h
[16.749s] -- Installing: /media/william/blueicedrive/Github/AutowareUniverse-Carla/install/autoware_auto_control_msgs/include/autoware_auto_control_msgs/autoware_auto_control_msgs/msg/detail/high_level_control_command__type_support.h
[16.815s] -- Installing: /media/william/blueicedrive/Github/AutowareUniverse-Carla/install/autoware_auto_control_msgs/include/autoware_auto_control_msgs/autoware_auto_control_msgs/msg/detail/longitudinal_command__functions.c
[16.830s] -- Installing: /media/william/blueicedrive/Github/AutowareUniverse-Carla/install/autoware_auto_control_msgs/include/autoware_auto_control_msgs/autoware_auto_control_msgs/msg/detail/longitudinal_command__functions.h
[16.944s] -- Installing: /media/william/blueicedrive/Github/AutowareUniverse-Carla/install/autoware_auto_control_msgs/include/autoware_auto_control_msgs/autoware_auto_control_msgs/msg/detail/longitudinal_command__struct.h
[16.960s] -- Installing: /media/william/blueicedrive/Github/AutowareUniverse-Carla/install/autoware_auto_control_msgs/include/autoware_auto_control_msgs/autoware_auto_control_msgs/msg/detail/longitudinal_command__type_support.h
[16.984s] -- Installing: /media/william/blueicedrive/Github/AutowareUniverse-Carla/install/autoware_auto_control_msgs/include/autoware_auto_control_msgs/autoware_auto_control_msgs/msg/high_level_control_command.h
[17.064s] -- Installing: /media/william/blueicedrive/Github/AutowareUniverse-Carla/install/autoware_auto_control_msgs/include/autoware_auto_control_msgs/autoware_auto_control_msgs/msg/longitudinal_command.h
[17.084s] -- Installing: /media/william/blueicedrive/Github/AutowareUniverse-Carla/install/autoware_auto_control_msgs/include/autoware_auto_control_msgs/autoware_auto_control_msgs/msg/rosidl_generator_c__visibility_control.h
[17.090s] -- Installing: /media/william/blueicedrive/Github/AutowareUniverse-Carla/install/autoware_auto_control_msgs/share/autoware_auto_control_msgs/environment/library_path.sh
[17.093s] -- Installing: /media/william/blueicedrive/Github/AutowareUniverse-Carla/install/autoware_auto_control_msgs/share/autoware_auto_control_msgs/environment/library_path.dsv
[17.099s] -- Installing: /media/william/blueicedrive/Github/AutowareUniverse-Carla/install/autoware_auto_control_msgs/lib/libautoware_auto_control_msgs__rosidl_generator_c.so
[17.106s] -- Set runtime path of "/media/william/blueicedrive/Github/AutowareUniverse-Carla/install/autoware_auto_control_msgs/lib/libautoware_auto_control_msgs__rosidl_generator_c.so" to ""
[17.107s] -- Up-to-date: /media/william/blueicedrive/Github/AutowareUniverse-Carla/install/autoware_auto_control_msgs/include/autoware_auto_control_msgs/autoware_auto_control_msgs
[17.109s] -- Up-to-date: /media/william/blueicedrive/Github/AutowareUniverse-Carla/install/autoware_auto_control_msgs/include/autoware_auto_control_msgs/autoware_auto_control_msgs/msg
[17.112s] -- Up-to-date: /media/william/blueicedrive/Github/AutowareUniverse-Carla/install/autoware_auto_control_msgs/include/autoware_auto_control_msgs/autoware_auto_control_msgs/msg/detail
[17.115s] -- Installing: /media/william/blueicedrive/Github/AutowareUniverse-Carla/install/autoware_auto_control_msgs/include/autoware_auto_control_msgs/autoware_auto_control_msgs/msg/detail/ackermann_control_command__rosidl_typesupport_fastrtps_c.h
[17.125s] -- Installing: /media/william/blueicedrive/Github/AutowareUniverse-Carla/install/autoware_auto_control_msgs/include/autoware_auto_control_msgs/autoware_auto_control_msgs/msg/detail/ackermann_lateral_command__rosidl_typesupport_fastrtps_c.h
[17.135s] -- Installing: /media/william/blueicedrive/Github/AutowareUniverse-Carla/install/autoware_auto_control_msgs/include/autoware_auto_control_msgs/autoware_auto_control_msgs/msg/detail/high_level_control_command__rosidl_typesupport_fastrtps_c.h
[17.173s] -- Installing: /media/william/blueicedrive/Github/AutowareUniverse-Carla/install/autoware_auto_control_msgs/include/autoware_auto_control_msgs/autoware_auto_control_msgs/msg/detail/longitudinal_command__rosidl_typesupport_fastrtps_c.h
[17.186s] -- Installing: /media/william/blueicedrive/Github/AutowareUniverse-Carla/install/autoware_auto_control_msgs/include/autoware_auto_control_msgs/autoware_auto_control_msgs/msg/rosidl_typesupport_fastrtps_c__visibility_control.h
[17.212s] -- Installing: /media/william/blueicedrive/Github/AutowareUniverse-Carla/install/autoware_auto_control_msgs/lib/libautoware_auto_control_msgs__rosidl_typesupport_fastrtps_c.so
[17.229s] -- Set runtime path of "/media/william/blueicedrive/Github/AutowareUniverse-Carla/install/autoware_auto_control_msgs/lib/libautoware_auto_control_msgs__rosidl_typesupport_fastrtps_c.so" to ""
[17.231s] -- Up-to-date: /media/william/blueicedrive/Github/AutowareUniverse-Carla/install/autoware_auto_control_msgs/include/autoware_auto_control_msgs/autoware_auto_control_msgs
[17.235s] -- Up-to-date: /media/william/blueicedrive/Github/AutowareUniverse-Carla/install/autoware_auto_control_msgs/include/autoware_auto_control_msgs/autoware_auto_control_msgs/msg
[17.286s] -- Up-to-date: /media/william/blueicedrive/Github/AutowareUniverse-Carla/install/autoware_auto_control_msgs/include/autoware_auto_control_msgs/autoware_auto_control_msgs/msg/detail
[17.290s] -- Installing: /media/william/blueicedrive/Github/AutowareUniverse-Carla/install/autoware_auto_control_msgs/include/autoware_auto_control_msgs/autoware_auto_control_msgs/msg/detail/ackermann_control_command__rosidl_typesupport_introspection_c.h
[17.315s] -- Installing: /media/william/blueicedrive/Github/AutowareUniverse-Carla/install/autoware_auto_control_msgs/include/autoware_auto_control_msgs/autoware_auto_control_msgs/msg/detail/ackermann_control_command__type_support.c
[17.324s] -- Installing: /media/william/blueicedrive/Github/AutowareUniverse-Carla/install/autoware_auto_control_msgs/include/autoware_auto_control_msgs/autoware_auto_control_msgs/msg/detail/ackermann_lateral_command__rosidl_typesupport_introspection_c.h
[17.332s] -- Installing: /media/william/blueicedrive/Github/AutowareUniverse-Carla/install/autoware_auto_control_msgs/include/autoware_auto_control_msgs/autoware_auto_control_msgs/msg/detail/ackermann_lateral_command__type_support.c
[17.353s] -- Installing: /media/william/blueicedrive/Github/AutowareUniverse-Carla/install/autoware_auto_control_msgs/include/autoware_auto_control_msgs/autoware_auto_control_msgs/msg/detail/high_level_control_command__rosidl_typesupport_introspection_c.h
[17.365s] -- Installing: /media/william/blueicedrive/Github/AutowareUniverse-Carla/install/autoware_auto_control_msgs/include/autoware_auto_control_msgs/autoware_auto_control_msgs/msg/detail/high_level_control_command__type_support.c
[17.379s] -- Installing: /media/william/blueicedrive/Github/AutowareUniverse-Carla/install/autoware_auto_control_msgs/include/autoware_auto_control_msgs/autoware_auto_control_msgs/msg/detail/longitudinal_command__rosidl_typesupport_introspection_c.h
[17.388s] -- Installing: /media/william/blueicedrive/Github/AutowareUniverse-Carla/install/autoware_auto_control_msgs/include/autoware_auto_control_msgs/autoware_auto_control_msgs/msg/detail/longitudinal_command__type_support.c
[17.397s] -- Installing: /media/william/blueicedrive/Github/AutowareUniverse-Carla/install/autoware_auto_control_msgs/include/autoware_auto_control_msgs/autoware_auto_control_msgs/msg/rosidl_typesupport_introspection_c__visibility_control.h
[17.407s] -- Installing: /media/william/blueicedrive/Github/AutowareUniverse-Carla/install/autoware_auto_control_msgs/lib/libautoware_auto_control_msgs__rosidl_typesupport_introspection_c.so
[17.419s] -- Set runtime path of "/media/william/blueicedrive/Github/AutowareUniverse-Carla/install/autoware_auto_control_msgs/lib/libautoware_auto_control_msgs__rosidl_typesupport_introspection_c.so" to ""
[17.423s] -- Installing: /media/william/blueicedrive/Github/AutowareUniverse-Carla/install/autoware_auto_control_msgs/lib/libautoware_auto_control_msgs__rosidl_typesupport_c.so
[17.434s] -- Set runtime path of "/media/william/blueicedrive/Github/AutowareUniverse-Carla/install/autoware_auto_control_msgs/lib/libautoware_auto_control_msgs__rosidl_typesupport_c.so" to ""
[17.436s] -- Up-to-date: /media/william/blueicedrive/Github/AutowareUniverse-Carla/install/autoware_auto_control_msgs/include/autoware_auto_control_msgs/autoware_auto_control_msgs
[17.440s] -- Up-to-date: /media/william/blueicedrive/Github/AutowareUniverse-Carla/install/autoware_auto_control_msgs/include/autoware_auto_control_msgs/autoware_auto_control_msgs/msg
[17.445s] -- Installing: /media/william/blueicedrive/Github/AutowareUniverse-Carla/install/autoware_auto_control_msgs/include/autoware_auto_control_msgs/autoware_auto_control_msgs/msg/ackermann_control_command.hpp
[17.455s] -- Installing: /media/william/blueicedrive/Github/AutowareUniverse-Carla/install/autoware_auto_control_msgs/include/autoware_auto_control_msgs/autoware_auto_control_msgs/msg/ackermann_lateral_command.hpp
[17.464s] -- Up-to-date: /media/william/blueicedrive/Github/AutowareUniverse-Carla/install/autoware_auto_control_msgs/include/autoware_auto_control_msgs/autoware_auto_control_msgs/msg/detail
[17.468s] -- Installing: /media/william/blueicedrive/Github/AutowareUniverse-Carla/install/autoware_auto_control_msgs/include/autoware_auto_control_msgs/autoware_auto_control_msgs/msg/detail/ackermann_control_command__builder.hpp
[17.480s] -- Installing: /media/william/blueicedrive/Github/AutowareUniverse-Carla/install/autoware_auto_control_msgs/include/autoware_auto_control_msgs/autoware_auto_control_msgs/msg/detail/ackermann_control_command__struct.hpp
[17.495s] -- Installing: /media/william/blueicedrive/Github/AutowareUniverse-Carla/install/autoware_auto_control_msgs/include/autoware_auto_control_msgs/autoware_auto_control_msgs/msg/detail/ackermann_control_command__traits.hpp
[17.561s] -- Installing: /media/william/blueicedrive/Github/AutowareUniverse-Carla/install/autoware_auto_control_msgs/include/autoware_auto_control_msgs/autoware_auto_control_msgs/msg/detail/ackermann_lateral_command__builder.hpp
[17.590s] -- Installing: /media/william/blueicedrive/Github/AutowareUniverse-Carla/install/autoware_auto_control_msgs/include/autoware_auto_control_msgs/autoware_auto_control_msgs/msg/detail/ackermann_lateral_command__struct.hpp
[17.617s] -- Installing: /media/william/blueicedrive/Github/AutowareUniverse-Carla/install/autoware_auto_control_msgs/include/autoware_auto_control_msgs/autoware_auto_control_msgs/msg/detail/ackermann_lateral_command__traits.hpp
[17.714s] -- Installing: /media/william/blueicedrive/Github/AutowareUniverse-Carla/install/autoware_auto_control_msgs/include/autoware_auto_control_msgs/autoware_auto_control_msgs/msg/detail/high_level_control_command__builder.hpp
[17.798s] -- Installing: /media/william/blueicedrive/Github/AutowareUniverse-Carla/install/autoware_auto_control_msgs/include/autoware_auto_control_msgs/autoware_auto_control_msgs/msg/detail/high_level_control_command__struct.hpp
[17.855s] -- Installing: /media/william/blueicedrive/Github/AutowareUniverse-Carla/install/autoware_auto_control_msgs/include/autoware_auto_control_msgs/autoware_auto_control_msgs/msg/detail/high_level_control_command__traits.hpp
[17.867s] -- Installing: /media/william/blueicedrive/Github/AutowareUniverse-Carla/install/autoware_auto_control_msgs/include/autoware_auto_control_msgs/autoware_auto_control_msgs/msg/detail/longitudinal_command__builder.hpp
[17.878s] -- Installing: /media/william/blueicedrive/Github/AutowareUniverse-Carla/install/autoware_auto_control_msgs/include/autoware_auto_control_msgs/autoware_auto_control_msgs/msg/detail/longitudinal_command__struct.hpp
[17.890s] -- Installing: /media/william/blueicedrive/Github/AutowareUniverse-Carla/install/autoware_auto_control_msgs/include/autoware_auto_control_msgs/autoware_auto_control_msgs/msg/detail/longitudinal_command__traits.hpp
[17.902s] -- Installing: /media/william/blueicedrive/Github/AutowareUniverse-Carla/install/autoware_auto_control_msgs/include/autoware_auto_control_msgs/autoware_auto_control_msgs/msg/high_level_control_command.hpp
[17.935s] -- Installing: /media/william/blueicedrive/Github/AutowareUniverse-Carla/install/autoware_auto_control_msgs/include/autoware_auto_control_msgs/autoware_auto_control_msgs/msg/longitudinal_command.hpp
[17.946s] -- Up-to-date: /media/william/blueicedrive/Github/AutowareUniverse-Carla/install/autoware_auto_control_msgs/include/autoware_auto_control_msgs/autoware_auto_control_msgs
[17.950s] -- Up-to-date: /media/william/blueicedrive/Github/AutowareUniverse-Carla/install/autoware_auto_control_msgs/include/autoware_auto_control_msgs/autoware_auto_control_msgs/msg
[17.972s] -- Up-to-date: /media/william/blueicedrive/Github/AutowareUniverse-Carla/install/autoware_auto_control_msgs/include/autoware_auto_control_msgs/autoware_auto_control_msgs/msg/detail
[17.978s] -- Installing: /media/william/blueicedrive/Github/AutowareUniverse-Carla/install/autoware_auto_control_msgs/include/autoware_auto_control_msgs/autoware_auto_control_msgs/msg/detail/ackermann_control_command__rosidl_typesupport_fastrtps_cpp.hpp
[18.010s] -- Installing: /media/william/blueicedrive/Github/AutowareUniverse-Carla/install/autoware_auto_control_msgs/include/autoware_auto_control_msgs/autoware_auto_control_msgs/msg/detail/ackermann_lateral_command__rosidl_typesupport_fastrtps_cpp.hpp
[18.028s] -- Installing: /media/william/blueicedrive/Github/AutowareUniverse-Carla/install/autoware_auto_control_msgs/include/autoware_auto_control_msgs/autoware_auto_control_msgs/msg/detail/dds_fastrtps
[18.052s] -- Installing: /media/william/blueicedrive/Github/AutowareUniverse-Carla/install/autoware_auto_control_msgs/include/autoware_auto_control_msgs/autoware_auto_control_msgs/msg/detail/high_level_control_command__rosidl_typesupport_fastrtps_cpp.hpp
[18.132s] -- Installing: /media/william/blueicedrive/Github/AutowareUniverse-Carla/install/autoware_auto_control_msgs/include/autoware_auto_control_msgs/autoware_auto_control_msgs/msg/detail/longitudinal_command__rosidl_typesupport_fastrtps_cpp.hpp
[18.226s] -- Installing: /media/william/blueicedrive/Github/AutowareUniverse-Carla/install/autoware_auto_control_msgs/include/autoware_auto_control_msgs/autoware_auto_control_msgs/msg/rosidl_typesupport_fastrtps_cpp__visibility_control.h
[18.270s] -- Installing: /media/william/blueicedrive/Github/AutowareUniverse-Carla/install/autoware_auto_control_msgs/lib/libautoware_auto_control_msgs__rosidl_typesupport_fastrtps_cpp.so
[18.294s] -- Set runtime path of "/media/william/blueicedrive/Github/AutowareUniverse-Carla/install/autoware_auto_control_msgs/lib/libautoware_auto_control_msgs__rosidl_typesupport_fastrtps_cpp.so" to ""
[18.296s] -- Up-to-date: /media/william/blueicedrive/Github/AutowareUniverse-Carla/install/autoware_auto_control_msgs/include/autoware_auto_control_msgs/autoware_auto_control_msgs
[18.301s] -- Up-to-date: /media/william/blueicedrive/Github/AutowareUniverse-Carla/install/autoware_auto_control_msgs/include/autoware_auto_control_msgs/autoware_auto_control_msgs/msg
[18.308s] -- Up-to-date: /media/william/blueicedrive/Github/AutowareUniverse-Carla/install/autoware_auto_control_msgs/include/autoware_auto_control_msgs/autoware_auto_control_msgs/msg/detail
[18.315s] -- Installing: /media/william/blueicedrive/Github/AutowareUniverse-Carla/install/autoware_auto_control_msgs/include/autoware_auto_control_msgs/autoware_auto_control_msgs/msg/detail/ackermann_control_command__rosidl_typesupport_introspection_cpp.hpp
[18.344s] -- Installing: /media/william/blueicedrive/Github/AutowareUniverse-Carla/install/autoware_auto_control_msgs/include/autoware_auto_control_msgs/autoware_auto_control_msgs/msg/detail/ackermann_control_command__type_support.cpp
[18.356s] -- Installing: /media/william/blueicedrive/Github/AutowareUniverse-Carla/install/autoware_auto_control_msgs/include/autoware_auto_control_msgs/autoware_auto_control_msgs/msg/detail/ackermann_lateral_command__rosidl_typesupport_introspection_cpp.hpp
[18.373s] -- Installing: /media/william/blueicedrive/Github/AutowareUniverse-Carla/install/autoware_auto_control_msgs/include/autoware_auto_control_msgs/autoware_auto_control_msgs/msg/detail/ackermann_lateral_command__type_support.cpp
[18.388s] -- Installing: /media/william/blueicedrive/Github/AutowareUniverse-Carla/install/autoware_auto_control_msgs/include/autoware_auto_control_msgs/autoware_auto_control_msgs/msg/detail/high_level_control_command__rosidl_typesupport_introspection_cpp.hpp
[18.399s] -- Installing: /media/william/blueicedrive/Github/AutowareUniverse-Carla/install/autoware_auto_control_msgs/include/autoware_auto_control_msgs/autoware_auto_control_msgs/msg/detail/high_level_control_command__type_support.cpp
[18.416s] -- Installing: /media/william/blueicedrive/Github/AutowareUniverse-Carla/install/autoware_auto_control_msgs/include/autoware_auto_control_msgs/autoware_auto_control_msgs/msg/detail/longitudinal_command__rosidl_typesupport_introspection_cpp.hpp
[18.428s] -- Installing: /media/william/blueicedrive/Github/AutowareUniverse-Carla/install/autoware_auto_control_msgs/include/autoware_auto_control_msgs/autoware_auto_control_msgs/msg/detail/longitudinal_command__type_support.cpp
[18.438s] -- Installing: /media/william/blueicedrive/Github/AutowareUniverse-Carla/install/autoware_auto_control_msgs/lib/libautoware_auto_control_msgs__rosidl_typesupport_introspection_cpp.so
[18.473s] -- Set runtime path of "/media/william/blueicedrive/Github/AutowareUniverse-Carla/install/autoware_auto_control_msgs/lib/libautoware_auto_control_msgs__rosidl_typesupport_introspection_cpp.so" to ""
[18.475s] -- Installing: /media/william/blueicedrive/Github/AutowareUniverse-Carla/install/autoware_auto_control_msgs/lib/libautoware_auto_control_msgs__rosidl_typesupport_cpp.so
[18.511s] -- Set runtime path of "/media/william/blueicedrive/Github/AutowareUniverse-Carla/install/autoware_auto_control_msgs/lib/libautoware_auto_control_msgs__rosidl_typesupport_cpp.so" to ""
[18.515s] -- Installing: /media/william/blueicedrive/Github/AutowareUniverse-Carla/install/autoware_auto_control_msgs/share/autoware_auto_control_msgs/environment/pythonpath.sh
[18.581s] -- Installing: /media/william/blueicedrive/Github/AutowareUniverse-Carla/install/autoware_auto_control_msgs/share/autoware_auto_control_msgs/environment/pythonpath.dsv
[18.601s] -- Installing: /media/william/blueicedrive/Github/AutowareUniverse-Carla/install/autoware_auto_control_msgs/local/lib/python3.10/dist-packages/autoware_auto_control_msgs-1.0.0-py3.10.egg-info
[18.614s] -- Installing: /media/william/blueicedrive/Github/AutowareUniverse-Carla/install/autoware_auto_control_msgs/local/lib/python3.10/dist-packages/autoware_auto_control_msgs-1.0.0-py3.10.egg-info/dependency_links.txt
[18.631s] -- Installing: /media/william/blueicedrive/Github/AutowareUniverse-Carla/install/autoware_auto_control_msgs/local/lib/python3.10/dist-packages/autoware_auto_control_msgs-1.0.0-py3.10.egg-info/PKG-INFO
[18.649s] -- Installing: /media/william/blueicedrive/Github/AutowareUniverse-Carla/install/autoware_auto_control_msgs/local/lib/python3.10/dist-packages/autoware_auto_control_msgs-1.0.0-py3.10.egg-info/SOURCES.txt
[18.669s] -- Installing: /media/william/blueicedrive/Github/AutowareUniverse-Carla/install/autoware_auto_control_msgs/local/lib/python3.10/dist-packages/autoware_auto_control_msgs-1.0.0-py3.10.egg-info/top_level.txt
[18.683s] -- Installing: /media/william/blueicedrive/Github/AutowareUniverse-Carla/install/autoware_auto_control_msgs/local/lib/python3.10/dist-packages/autoware_auto_control_msgs
[18.689s] -- Installing: /media/william/blueicedrive/Github/AutowareUniverse-Carla/install/autoware_auto_control_msgs/local/lib/python3.10/dist-packages/autoware_auto_control_msgs/autoware_auto_control_msgs_s__rosidl_typesupport_c.cpython-310-x86_64-linux-gnu.so
[18.696s] -- Installing: /media/william/blueicedrive/Github/AutowareUniverse-Carla/install/autoware_auto_control_msgs/local/lib/python3.10/dist-packages/autoware_auto_control_msgs/autoware_auto_control_msgs_s__rosidl_typesupport_fastrtps_c.cpython-310-x86_64-linux-gnu.so
[18.705s] -- Installing: /media/william/blueicedrive/Github/AutowareUniverse-Carla/install/autoware_auto_control_msgs/local/lib/python3.10/dist-packages/autoware_auto_control_msgs/autoware_auto_control_msgs_s__rosidl_typesupport_introspection_c.cpython-310-x86_64-linux-gnu.so
[18.715s] -- Installing: /media/william/blueicedrive/Github/AutowareUniverse-Carla/install/autoware_auto_control_msgs/local/lib/python3.10/dist-packages/autoware_auto_control_msgs/libautoware_auto_control_msgs__rosidl_generator_py.so
[18.724s] -- Installing: /media/william/blueicedrive/Github/AutowareUniverse-Carla/install/autoware_auto_control_msgs/local/lib/python3.10/dist-packages/autoware_auto_control_msgs/msg
[18.728s] -- Installing: /media/william/blueicedrive/Github/AutowareUniverse-Carla/install/autoware_auto_control_msgs/local/lib/python3.10/dist-packages/autoware_auto_control_msgs/msg/_ackermann_control_command.py
[18.736s] -- Installing: /media/william/blueicedrive/Github/AutowareUniverse-Carla/install/autoware_auto_control_msgs/local/lib/python3.10/dist-packages/autoware_auto_control_msgs/msg/_ackermann_control_command_s.c
[18.760s] -- Installing: /media/william/blueicedrive/Github/AutowareUniverse-Carla/install/autoware_auto_control_msgs/local/lib/python3.10/dist-packages/autoware_auto_control_msgs/msg/_ackermann_lateral_command.py
[18.785s] -- Installing: /media/william/blueicedrive/Github/AutowareUniverse-Carla/install/autoware_auto_control_msgs/local/lib/python3.10/dist-packages/autoware_auto_control_msgs/msg/_ackermann_lateral_command_s.c
[18.793s] -- Installing: /media/william/blueicedrive/Github/AutowareUniverse-Carla/install/autoware_auto_control_msgs/local/lib/python3.10/dist-packages/autoware_auto_control_msgs/msg/_high_level_control_command.py
[18.822s] -- Installing: /media/william/blueicedrive/Github/AutowareUniverse-Carla/install/autoware_auto_control_msgs/local/lib/python3.10/dist-packages/autoware_auto_control_msgs/msg/_high_level_control_command_s.c
[18.836s] -- Installing: /media/william/blueicedrive/Github/AutowareUniverse-Carla/install/autoware_auto_control_msgs/local/lib/python3.10/dist-packages/autoware_auto_control_msgs/msg/_longitudinal_command.py
[18.842s] -- Installing: /media/william/blueicedrive/Github/AutowareUniverse-Carla/install/autoware_auto_control_msgs/local/lib/python3.10/dist-packages/autoware_auto_control_msgs/msg/_longitudinal_command_s.c
[18.887s] -- Installing: /media/william/blueicedrive/Github/AutowareUniverse-Carla/install/autoware_auto_control_msgs/local/lib/python3.10/dist-packages/autoware_auto_control_msgs/msg/__init__.py
[18.985s] -- Installing: /media/william/blueicedrive/Github/AutowareUniverse-Carla/install/autoware_auto_control_msgs/local/lib/python3.10/dist-packages/autoware_auto_control_msgs/_autoware_auto_control_msgs_s.ep.rosidl_typesupport_c.c
[19.089s] -- Installing: /media/william/blueicedrive/Github/AutowareUniverse-Carla/install/autoware_auto_control_msgs/local/lib/python3.10/dist-packages/autoware_auto_control_msgs/_autoware_auto_control_msgs_s.ep.rosidl_typesupport_fastrtps_c.c
[19.135s] -- Installing: /media/william/blueicedrive/Github/AutowareUniverse-Carla/install/autoware_auto_control_msgs/local/lib/python3.10/dist-packages/autoware_auto_control_msgs/_autoware_auto_control_msgs_s.ep.rosidl_typesupport_introspection_c.c
[19.145s] -- Installing: /media/william/blueicedrive/Github/AutowareUniverse-Carla/install/autoware_auto_control_msgs/local/lib/python3.10/dist-packages/autoware_auto_control_msgs/__init__.py
[19.198s] Listing '/media/william/blueicedrive/Github/AutowareUniverse-Carla/install/autoware_auto_control_msgs/local/lib/python3.10/dist-packages/autoware_auto_control_msgs'...
[19.198s] Compiling '/media/william/blueicedrive/Github/AutowareUniverse-Carla/install/autoware_auto_control_msgs/local/lib/python3.10/dist-packages/autoware_auto_control_msgs/__init__.py'...
[19.198s] Listing '/media/william/blueicedrive/Github/AutowareUniverse-Carla/install/autoware_auto_control_msgs/local/lib/python3.10/dist-packages/autoware_auto_control_msgs/msg'...
[19.198s] Compiling '/media/william/blueicedrive/Github/AutowareUniverse-Carla/install/autoware_auto_control_msgs/local/lib/python3.10/dist-packages/autoware_auto_control_msgs/msg/__init__.py'...
[19.199s] Compiling '/media/william/blueicedrive/Github/AutowareUniverse-Carla/install/autoware_auto_control_msgs/local/lib/python3.10/dist-packages/autoware_auto_control_msgs/msg/_ackermann_control_command.py'...
[19.199s] Compiling '/media/william/blueicedrive/Github/AutowareUniverse-Carla/install/autoware_auto_control_msgs/local/lib/python3.10/dist-packages/autoware_auto_control_msgs/msg/_ackermann_lateral_command.py'...
[19.199s] Compiling '/media/william/blueicedrive/Github/AutowareUniverse-Carla/install/autoware_auto_control_msgs/local/lib/python3.10/dist-packages/autoware_auto_control_msgs/msg/_high_level_control_command.py'...
[19.199s] Compiling '/media/william/blueicedrive/Github/AutowareUniverse-Carla/install/autoware_auto_control_msgs/local/lib/python3.10/dist-packages/autoware_auto_control_msgs/msg/_longitudinal_command.py'...
[19.203s] -- Installing: /media/william/blueicedrive/Github/AutowareUniverse-Carla/install/autoware_auto_control_msgs/local/lib/python3.10/dist-packages/autoware_auto_control_msgs/autoware_auto_control_msgs_s__rosidl_typesupport_fastrtps_c.cpython-310-x86_64-linux-gnu.so
[19.207s] -- Set runtime path of "/media/william/blueicedrive/Github/AutowareUniverse-Carla/install/autoware_auto_control_msgs/local/lib/python3.10/dist-packages/autoware_auto_control_msgs/autoware_auto_control_msgs_s__rosidl_typesupport_fastrtps_c.cpython-310-x86_64-linux-gnu.so" to ""
[19.209s] -- Installing: /media/william/blueicedrive/Github/AutowareUniverse-Carla/install/autoware_auto_control_msgs/local/lib/python3.10/dist-packages/autoware_auto_control_msgs/autoware_auto_control_msgs_s__rosidl_typesupport_introspection_c.cpython-310-x86_64-linux-gnu.so
[19.214s] -- Set runtime path of "/media/william/blueicedrive/Github/AutowareUniverse-Carla/install/autoware_auto_control_msgs/local/lib/python3.10/dist-packages/autoware_auto_control_msgs/autoware_auto_control_msgs_s__rosidl_typesupport_introspection_c.cpython-310-x86_64-linux-gnu.so" to ""
[19.216s] -- Installing: /media/william/blueicedrive/Github/AutowareUniverse-Carla/install/autoware_auto_control_msgs/local/lib/python3.10/dist-packages/autoware_auto_control_msgs/autoware_auto_control_msgs_s__rosidl_typesupport_c.cpython-310-x86_64-linux-gnu.so
[19.220s] -- Set runtime path of "/media/william/blueicedrive/Github/AutowareUniverse-Carla/install/autoware_auto_control_msgs/local/lib/python3.10/dist-packages/autoware_auto_control_msgs/autoware_auto_control_msgs_s__rosidl_typesupport_c.cpython-310-x86_64-linux-gnu.so" to ""
[19.220s] -- Installing: /media/william/blueicedrive/Github/AutowareUniverse-Carla/install/autoware_auto_control_msgs/lib/libautoware_auto_control_msgs__rosidl_generator_py.so
[19.233s] -- Set runtime path of "/media/william/blueicedrive/Github/AutowareUniverse-Carla/install/autoware_auto_control_msgs/lib/libautoware_auto_control_msgs__rosidl_generator_py.so" to ""
[19.234s] -- Installing: /media/william/blueicedrive/Github/AutowareUniverse-Carla/install/autoware_auto_control_msgs/share/autoware_auto_control_msgs/msg/AckermannControlCommand.idl
[19.237s] -- Installing: /media/william/blueicedrive/Github/AutowareUniverse-Carla/install/autoware_auto_control_msgs/share/autoware_auto_control_msgs/msg/AckermannLateralCommand.idl
[19.239s] -- Installing: /media/william/blueicedrive/Github/AutowareUniverse-Carla/install/autoware_auto_control_msgs/share/autoware_auto_control_msgs/msg/HighLevelControlCommand.idl
[19.241s] -- Installing: /media/william/blueicedrive/Github/AutowareUniverse-Carla/install/autoware_auto_control_msgs/share/autoware_auto_control_msgs/msg/LongitudinalCommand.idl
[19.256s] -- Installing: /media/william/blueicedrive/Github/AutowareUniverse-Carla/install/autoware_auto_control_msgs/share/ament_index/resource_index/package_run_dependencies/autoware_auto_control_msgs
[19.261s] -- Installing: /media/william/blueicedrive/Github/AutowareUniverse-Carla/install/autoware_auto_control_msgs/share/ament_index/resource_index/parent_prefix_path/autoware_auto_control_msgs
[19.264s] -- Installing: /media/william/blueicedrive/Github/AutowareUniverse-Carla/install/autoware_auto_control_msgs/share/autoware_auto_control_msgs/environment/ament_prefix_path.sh
[19.266s] -- Installing: /media/william/blueicedrive/Github/AutowareUniverse-Carla/install/autoware_auto_control_msgs/share/autoware_auto_control_msgs/environment/ament_prefix_path.dsv
[19.268s] -- Installing: /media/william/blueicedrive/Github/AutowareUniverse-Carla/install/autoware_auto_control_msgs/share/autoware_auto_control_msgs/environment/path.sh
[19.275s] -- Installing: /media/william/blueicedrive/Github/AutowareUniverse-Carla/install/autoware_auto_control_msgs/share/autoware_auto_control_msgs/environment/path.dsv
[19.278s] -- Installing: /media/william/blueicedrive/Github/AutowareUniverse-Carla/install/autoware_auto_control_msgs/share/autoware_auto_control_msgs/local_setup.bash
[19.281s] -- Installing: /media/william/blueicedrive/Github/AutowareUniverse-Carla/install/autoware_auto_control_msgs/share/autoware_auto_control_msgs/local_setup.sh
[19.284s] -- Installing: /media/william/blueicedrive/Github/AutowareUniverse-Carla/install/autoware_auto_control_msgs/share/autoware_auto_control_msgs/local_setup.zsh
[19.287s] -- Installing: /media/william/blueicedrive/Github/AutowareUniverse-Carla/install/autoware_auto_control_msgs/share/autoware_auto_control_msgs/local_setup.dsv
[19.290s] -- Installing: /media/william/blueicedrive/Github/AutowareUniverse-Carla/install/autoware_auto_control_msgs/share/autoware_auto_control_msgs/package.dsv
[19.293s] -- Installing: /media/william/blueicedrive/Github/AutowareUniverse-Carla/install/autoware_auto_control_msgs/share/ament_index/resource_index/packages/autoware_auto_control_msgs
[19.297s] -- Installing: /media/william/blueicedrive/Github/AutowareUniverse-Carla/install/autoware_auto_control_msgs/share/autoware_auto_control_msgs/cmake/export_autoware_auto_control_msgs__rosidl_generator_cExport.cmake
[19.301s] -- Installing: /media/william/blueicedrive/Github/AutowareUniverse-Carla/install/autoware_auto_control_msgs/share/autoware_auto_control_msgs/cmake/export_autoware_auto_control_msgs__rosidl_generator_cExport-noconfig.cmake
[19.305s] -- Installing: /media/william/blueicedrive/Github/AutowareUniverse-Carla/install/autoware_auto_control_msgs/share/autoware_auto_control_msgs/cmake/export_autoware_auto_control_msgs__rosidl_typesupport_fastrtps_cExport.cmake
[19.308s] -- Installing: /media/william/blueicedrive/Github/AutowareUniverse-Carla/install/autoware_auto_control_msgs/share/autoware_auto_control_msgs/cmake/export_autoware_auto_control_msgs__rosidl_typesupport_fastrtps_cExport-noconfig.cmake
[19.312s] -- Installing: /media/william/blueicedrive/Github/AutowareUniverse-Carla/install/autoware_auto_control_msgs/share/autoware_auto_control_msgs/cmake/autoware_auto_control_msgs__rosidl_typesupport_introspection_cExport.cmake
[19.316s] -- Installing: /media/william/blueicedrive/Github/AutowareUniverse-Carla/install/autoware_auto_control_msgs/share/autoware_auto_control_msgs/cmake/autoware_auto_control_msgs__rosidl_typesupport_introspection_cExport-noconfig.cmake
[19.320s] -- Installing: /media/william/blueicedrive/Github/AutowareUniverse-Carla/install/autoware_auto_control_msgs/share/autoware_auto_control_msgs/cmake/autoware_auto_control_msgs__rosidl_typesupport_cExport.cmake
[19.324s] -- Installing: /media/william/blueicedrive/Github/AutowareUniverse-Carla/install/autoware_auto_control_msgs/share/autoware_auto_control_msgs/cmake/autoware_auto_control_msgs__rosidl_typesupport_cExport-noconfig.cmake
[19.327s] -- Installing: /media/william/blueicedrive/Github/AutowareUniverse-Carla/install/autoware_auto_control_msgs/share/autoware_auto_control_msgs/cmake/export_autoware_auto_control_msgs__rosidl_generator_cppExport.cmake
[19.330s] -- Installing: /media/william/blueicedrive/Github/AutowareUniverse-Carla/install/autoware_auto_control_msgs/share/autoware_auto_control_msgs/cmake/export_autoware_auto_control_msgs__rosidl_typesupport_fastrtps_cppExport.cmake
[19.334s] -- Installing: /media/william/blueicedrive/Github/AutowareUniverse-Carla/install/autoware_auto_control_msgs/share/autoware_auto_control_msgs/cmake/export_autoware_auto_control_msgs__rosidl_typesupport_fastrtps_cppExport-noconfig.cmake
[19.381s] -- Installing: /media/william/blueicedrive/Github/AutowareUniverse-Carla/install/autoware_auto_control_msgs/share/autoware_auto_control_msgs/cmake/autoware_auto_control_msgs__rosidl_typesupport_introspection_cppExport.cmake
[19.385s] -- Installing: /media/william/blueicedrive/Github/AutowareUniverse-Carla/install/autoware_auto_control_msgs/share/autoware_auto_control_msgs/cmake/autoware_auto_control_msgs__rosidl_typesupport_introspection_cppExport-noconfig.cmake
[19.389s] -- Installing: /media/william/blueicedrive/Github/AutowareUniverse-Carla/install/autoware_auto_control_msgs/share/autoware_auto_control_msgs/cmake/autoware_auto_control_msgs__rosidl_typesupport_cppExport.cmake
[19.392s] -- Installing: /media/william/blueicedrive/Github/AutowareUniverse-Carla/install/autoware_auto_control_msgs/share/autoware_auto_control_msgs/cmake/autoware_auto_control_msgs__rosidl_typesupport_cppExport-noconfig.cmake
[19.396s] -- Installing: /media/william/blueicedrive/Github/AutowareUniverse-Carla/install/autoware_auto_control_msgs/share/autoware_auto_control_msgs/cmake/export_autoware_auto_control_msgs__rosidl_generator_pyExport.cmake
[19.401s] -- Installing: /media/william/blueicedrive/Github/AutowareUniverse-Carla/install/autoware_auto_control_msgs/share/autoware_auto_control_msgs/cmake/export_autoware_auto_control_msgs__rosidl_generator_pyExport-noconfig.cmake
[19.404s] -- Installing: /media/william/blueicedrive/Github/AutowareUniverse-Carla/install/autoware_auto_control_msgs/share/autoware_auto_control_msgs/cmake/rosidl_cmake-extras.cmake
[19.408s] -- Installing: /media/william/blueicedrive/Github/AutowareUniverse-Carla/install/autoware_auto_control_msgs/share/autoware_auto_control_msgs/cmake/ament_cmake_export_dependencies-extras.cmake
[19.411s] -- Installing: /media/william/blueicedrive/Github/AutowareUniverse-Carla/install/autoware_auto_control_msgs/share/autoware_auto_control_msgs/cmake/ament_cmake_export_include_directories-extras.cmake
[19.415s] -- Installing: /media/william/blueicedrive/Github/AutowareUniverse-Carla/install/autoware_auto_control_msgs/share/autoware_auto_control_msgs/cmake/ament_cmake_export_libraries-extras.cmake
[19.418s] -- Installing: /media/william/blueicedrive/Github/AutowareUniverse-Carla/install/autoware_auto_control_msgs/share/autoware_auto_control_msgs/cmake/ament_cmake_export_targets-extras.cmake
[19.422s] -- Installing: /media/william/blueicedrive/Github/AutowareUniverse-Carla/install/autoware_auto_control_msgs/share/autoware_auto_control_msgs/cmake/rosidl_cmake_export_typesupport_targets-extras.cmake
[19.425s] -- Installing: /media/william/blueicedrive/Github/AutowareUniverse-Carla/install/autoware_auto_control_msgs/share/autoware_auto_control_msgs/cmake/rosidl_cmake_export_typesupport_libraries-extras.cmake
[19.429s] -- Installing: /media/william/blueicedrive/Github/AutowareUniverse-Carla/install/autoware_auto_control_msgs/share/autoware_auto_control_msgs/cmake/autoware_auto_control_msgsConfig.cmake
[19.431s] -- Installing: /media/william/blueicedrive/Github/AutowareUniverse-Carla/install/autoware_auto_control_msgs/share/autoware_auto_control_msgs/cmake/autoware_auto_control_msgsConfig-version.cmake
[19.434s] -- Installing: /media/william/blueicedrive/Github/AutowareUniverse-Carla/install/autoware_auto_control_msgs/share/autoware_auto_control_msgs/package.xml
[19.440s] Invoked command in '/media/william/blueicedrive/Github/AutowareUniverse-Carla/build/autoware_auto_control_msgs' returned '0': CMAKE_PREFIX_PATH=${CMAKE_PREFIX_PATH}:/media/william/blueicedrive/Github/AutowareUniverse-Carla/install/vehicle:/opt/ros/humble /usr/bin/cmake --install /media/william/blueicedrive/Github/AutowareUniverse-Carla/build/autoware_auto_control_msgs
