-- The C compiler identification is GNU 9.4.0
-- The CXX compiler identification is GNU 9.4.0
-- Check for working C compiler: /usr/bin/cc
-- Check for working C compiler: /usr/bin/cc -- works
-- Detecting C compiler ABI info
-- Detecting C compiler ABI info - done
-- Detecting C compile features
-- Detecting C compile features - done
-- Check for working CXX compiler: /usr/bin/c++
-- Check for working CXX compiler: /usr/bin/c++ -- works
-- Detecting CXX compiler ABI info
-- Detecting CXX compiler ABI info - done
-- Detecting CXX compile features
-- Detecting CXX compile features - done
-- Found ament_cmake_auto: 1.3.3 (/home/carla/ros2_humble/install/ament_cmake_auto/share/ament_cmake_auto/cmake)
-- Found Python3: /usr/bin/python3.8 (found version "3.8.10") found components: Interpreter 
-- Found ament_lint_auto: 0.12.5 (/home/carla/ros2_humble/install/ament_lint_auto/share/ament_lint_auto/cmake)
-- Added test 'copyright' to check source files copyright and LICENSE
-- Added test 'lint_cmake' to check CMake code style
-- Added test 'xmllint' to check XML markup files
-- Configuring done
-- Generating done
-- Build files have been written to: /home/carla/Github/C-V2X-Autoware-Carla/build/autoware_auto_msgs
-- Install configuration: ""
-- Installing: /home/carla/Github/C-V2X-Autoware-Carla/install/autoware_auto_msgs/share/ament_index/resource_index/package_run_dependencies/autoware_auto_msgs
-- Installing: /home/carla/Github/C-V2X-Autoware-Carla/install/autoware_auto_msgs/share/ament_index/resource_index/parent_prefix_path/autoware_auto_msgs
-- Installing: /home/carla/Github/C-V2X-Autoware-Carla/install/autoware_auto_msgs/share/autoware_auto_msgs/environment/ament_prefix_path.sh
-- Installing: /home/carla/Github/C-V2X-Autoware-Carla/install/autoware_auto_msgs/share/autoware_auto_msgs/environment/ament_prefix_path.dsv
-- Installing: /home/carla/Github/C-V2X-Autoware-Carla/install/autoware_auto_msgs/share/autoware_auto_msgs/environment/path.sh
-- Installing: /home/carla/Github/C-V2X-Autoware-Carla/install/autoware_auto_msgs/share/autoware_auto_msgs/environment/path.dsv
-- Installing: /home/carla/Github/C-V2X-Autoware-Carla/install/autoware_auto_msgs/share/autoware_auto_msgs/local_setup.bash
-- Installing: /home/carla/Github/C-V2X-Autoware-Carla/install/autoware_auto_msgs/share/autoware_auto_msgs/local_setup.sh
-- Installing: /home/carla/Github/C-V2X-Autoware-Carla/install/autoware_auto_msgs/share/autoware_auto_msgs/local_setup.zsh
-- Installing: /home/carla/Github/C-V2X-Autoware-Carla/install/autoware_auto_msgs/share/autoware_auto_msgs/local_setup.dsv
-- Installing: /home/carla/Github/C-V2X-Autoware-Carla/install/autoware_auto_msgs/share/autoware_auto_msgs/package.dsv
-- Installing: /home/carla/Github/C-V2X-Autoware-Carla/install/autoware_auto_msgs/share/ament_index/resource_index/packages/autoware_auto_msgs
-- Installing: /home/carla/Github/C-V2X-Autoware-Carla/install/autoware_auto_msgs/share/autoware_auto_msgs/cmake/autoware_auto_msgsConfig.cmake
-- Installing: /home/carla/Github/C-V2X-Autoware-Carla/install/autoware_auto_msgs/share/autoware_auto_msgs/cmake/autoware_auto_msgsConfig-version.cmake
-- Installing: /home/carla/Github/C-V2X-Autoware-Carla/install/autoware_auto_msgs/share/autoware_auto_msgs/package.xml
