[0.471s] DEBUG:colcon:Command line arguments: ['/usr/bin/colcon', 'build', '--symlink-install']
[0.471s] DEBUG:colcon:Parsed command line arguments: Namespace(allow_overriding=[], ament_cmake_args=None, base_paths=['.'], build_base='build', catkin_cmake_args=None, catkin_skip_building_tests=False, cmake_args=None, cmake_clean_cache=False, cmake_clean_first=False, cmake_force_configure=False, cmake_target=None, cmake_target_skip_unavailable=False, continue_on_error=False, event_handlers=None, executor='parallel', ignore_user_meta=False, install_base='install', log_base=None, log_level=None, main=<bound method BuildVerb.main of <colcon_core.verb.build.BuildVerb object at 0x7f40b7040c70>>, merge_install=False, metas=['./colcon.meta'], packages_above=None, packages_above_and_dependencies=None, packages_above_depth=None, packages_end=None, packages_ignore=None, packages_ignore_regex=None, packages_select=None, packages_select_build_failed=False, packages_select_by_dep=None, packages_select_regex=None, packages_select_test_failures=False, packages_skip=None, packages_skip_build_finished=False, packages_skip_by_dep=None, packages_skip_regex=None, packages_skip_test_passed=False, packages_skip_up_to=None, packages_start=None, packages_up_to=None, packages_up_to_regex=None, parallel_workers=20, paths=None, symlink_install=True, test_result_base=None, verb_extension=<colcon_core.verb.build.BuildVerb object at 0x7f40b7040c70>, verb_name='build', verb_parser=<colcon_defaults.argument_parser.defaults.DefaultArgumentsDecorator object at 0x7f40b704a220>)
[0.504s] Level 1:colcon.colcon_core.package_discovery:discover_packages(colcon_meta) check parameters
[0.504s] Level 1:colcon.colcon_core.package_discovery:discover_packages(recursive) check parameters
[0.504s] Level 1:colcon.colcon_core.package_discovery:discover_packages(ignore) check parameters
[0.504s] Level 1:colcon.colcon_core.package_discovery:discover_packages(path) check parameters
[0.504s] Level 1:colcon.colcon_core.package_discovery:discover_packages(colcon_meta) discover
[0.504s] Level 1:colcon.colcon_core.package_discovery:discover_packages(recursive) discover
[0.504s] INFO:colcon.colcon_core.package_discovery:Crawling recursively for packages in '/home/carla/Github/C-V2X-Autoware-Carla'
[0.504s] Level 1:colcon.colcon_core.package_identification:_identify(.) by extensions ['ignore', 'ignore_ament_install']
[0.504s] Level 1:colcon.colcon_core.package_identification:_identify(.) by extension 'ignore'
[0.504s] Level 1:colcon.colcon_core.package_identification:_identify(.) by extension 'ignore_ament_install'
[0.504s] Level 1:colcon.colcon_core.package_identification:_identify(.) by extensions ['colcon_pkg']
[0.504s] Level 1:colcon.colcon_core.package_identification:_identify(.) by extension 'colcon_pkg'
[0.505s] Level 1:colcon.colcon_core.package_identification:_identify(.) by extensions ['colcon_meta']
[0.505s] Level 1:colcon.colcon_core.package_identification:_identify(.) by extension 'colcon_meta'
[0.505s] Level 1:colcon.colcon_core.package_identification:_identify(.) by extensions ['ros']
[0.505s] Level 1:colcon.colcon_core.package_identification:_identify(.) by extension 'ros'
[0.512s] Level 1:colcon.colcon_core.package_identification:_identify(.) by extensions ['cmake', 'python']
[0.512s] Level 1:colcon.colcon_core.package_identification:_identify(.) by extension 'cmake'
[0.512s] Level 1:colcon.colcon_core.package_identification:_identify(.) by extension 'python'
[0.512s] Level 1:colcon.colcon_core.package_identification:_identify(.) by extensions ['python_setup_py']
[0.512s] Level 1:colcon.colcon_core.package_identification:_identify(.) by extension 'python_setup_py'
[0.513s] Level 1:colcon.colcon_core.package_identification:_identify(build) by extensions ['ignore', 'ignore_ament_install']
[0.513s] Level 1:colcon.colcon_core.package_identification:_identify(build) by extension 'ignore'
[0.513s] Level 1:colcon.colcon_core.package_identification:_identify(build) ignored
[0.513s] Level 1:colcon.colcon_core.package_identification:_identify(install) by extensions ['ignore', 'ignore_ament_install']
[0.513s] Level 1:colcon.colcon_core.package_identification:_identify(install) by extension 'ignore'
[0.513s] Level 1:colcon.colcon_core.package_identification:_identify(install) ignored
[0.513s] Level 1:colcon.colcon_core.package_identification:_identify(log) by extensions ['ignore', 'ignore_ament_install']
[0.513s] Level 1:colcon.colcon_core.package_identification:_identify(log) by extension 'ignore'
[0.513s] Level 1:colcon.colcon_core.package_identification:_identify(log) ignored
[0.513s] Level 1:colcon.colcon_core.package_identification:_identify(src) by extensions ['ignore', 'ignore_ament_install']
[0.513s] Level 1:colcon.colcon_core.package_identification:_identify(src) by extension 'ignore'
[0.513s] Level 1:colcon.colcon_core.package_identification:_identify(src) by extension 'ignore_ament_install'
[0.513s] Level 1:colcon.colcon_core.package_identification:_identify(src) by extensions ['colcon_pkg']
[0.513s] Level 1:colcon.colcon_core.package_identification:_identify(src) by extension 'colcon_pkg'
[0.513s] Level 1:colcon.colcon_core.package_identification:_identify(src) by extensions ['colcon_meta']
[0.513s] Level 1:colcon.colcon_core.package_identification:_identify(src) by extension 'colcon_meta'
[0.513s] Level 1:colcon.colcon_core.package_identification:_identify(src) by extensions ['ros']
[0.513s] Level 1:colcon.colcon_core.package_identification:_identify(src) by extension 'ros'
[0.513s] Level 1:colcon.colcon_core.package_identification:_identify(src) by extensions ['cmake', 'python']
[0.513s] Level 1:colcon.colcon_core.package_identification:_identify(src) by extension 'cmake'
[0.513s] Level 1:colcon.colcon_core.package_identification:_identify(src) by extension 'python'
[0.513s] Level 1:colcon.colcon_core.package_identification:_identify(src) by extensions ['python_setup_py']
[0.513s] Level 1:colcon.colcon_core.package_identification:_identify(src) by extension 'python_setup_py'
[0.513s] Level 1:colcon.colcon_core.package_identification:_identify(src/infrastructure) by extensions ['ignore', 'ignore_ament_install']
[0.513s] Level 1:colcon.colcon_core.package_identification:_identify(src/infrastructure) by extension 'ignore'
[0.513s] Level 1:colcon.colcon_core.package_identification:_identify(src/infrastructure) by extension 'ignore_ament_install'
[0.513s] Level 1:colcon.colcon_core.package_identification:_identify(src/infrastructure) by extensions ['colcon_pkg']
[0.513s] Level 1:colcon.colcon_core.package_identification:_identify(src/infrastructure) by extension 'colcon_pkg'
[0.513s] Level 1:colcon.colcon_core.package_identification:_identify(src/infrastructure) by extensions ['colcon_meta']
[0.513s] Level 1:colcon.colcon_core.package_identification:_identify(src/infrastructure) by extension 'colcon_meta'
[0.513s] Level 1:colcon.colcon_core.package_identification:_identify(src/infrastructure) by extensions ['ros']
[0.513s] Level 1:colcon.colcon_core.package_identification:_identify(src/infrastructure) by extension 'ros'
[0.515s] DEBUG:colcon.colcon_core.package_identification:Package 'src/infrastructure' with type 'ros.ament_python' and name 'infrastructure'
[0.515s] Level 1:colcon.colcon_core.package_identification:_identify(src/v2x_msg) by extensions ['ignore', 'ignore_ament_install']
[0.515s] Level 1:colcon.colcon_core.package_identification:_identify(src/v2x_msg) by extension 'ignore'
[0.515s] Level 1:colcon.colcon_core.package_identification:_identify(src/v2x_msg) by extension 'ignore_ament_install'
[0.515s] Level 1:colcon.colcon_core.package_identification:_identify(src/v2x_msg) by extensions ['colcon_pkg']
[0.515s] Level 1:colcon.colcon_core.package_identification:_identify(src/v2x_msg) by extension 'colcon_pkg'
[0.515s] Level 1:colcon.colcon_core.package_identification:_identify(src/v2x_msg) by extensions ['colcon_meta']
[0.515s] Level 1:colcon.colcon_core.package_identification:_identify(src/v2x_msg) by extension 'colcon_meta'
[0.515s] Level 1:colcon.colcon_core.package_identification:_identify(src/v2x_msg) by extensions ['ros']
[0.515s] Level 1:colcon.colcon_core.package_identification:_identify(src/v2x_msg) by extension 'ros'
[0.515s] DEBUG:colcon.colcon_core.package_identification:Failed to parse potential ROS package manifest in'src/v2x_msg': Error(s) in package 'src/v2x_msg/package.xml':
The manifest contains invalid XML:
mismatched tag: line 9, column 47
[0.516s] Level 1:colcon.colcon_core.package_identification:_identify(src/v2x_msg) by extensions ['cmake', 'python']
[0.516s] Level 1:colcon.colcon_core.package_identification:_identify(src/v2x_msg) by extension 'cmake'
[0.516s] Level 1:colcon.colcon_core.package_identification:_identify(src/v2x_msg) by extension 'python'
[0.516s] DEBUG:colcon.colcon_core.package_identification:Package 'src/v2x_msg' with type 'cmake' and name 'v2x_msg'
[0.517s] Level 1:colcon.colcon_core.package_identification:_identify(src/vehicle) by extensions ['ignore', 'ignore_ament_install']
[0.517s] Level 1:colcon.colcon_core.package_identification:_identify(src/vehicle) by extension 'ignore'
[0.517s] Level 1:colcon.colcon_core.package_identification:_identify(src/vehicle) by extension 'ignore_ament_install'
[0.517s] Level 1:colcon.colcon_core.package_identification:_identify(src/vehicle) by extensions ['colcon_pkg']
[0.517s] Level 1:colcon.colcon_core.package_identification:_identify(src/vehicle) by extension 'colcon_pkg'
[0.517s] Level 1:colcon.colcon_core.package_identification:_identify(src/vehicle) by extensions ['colcon_meta']
[0.517s] Level 1:colcon.colcon_core.package_identification:_identify(src/vehicle) by extension 'colcon_meta'
[0.517s] Level 1:colcon.colcon_core.package_identification:_identify(src/vehicle) by extensions ['ros']
[0.517s] Level 1:colcon.colcon_core.package_identification:_identify(src/vehicle) by extension 'ros'
[0.517s] DEBUG:colcon.colcon_core.package_identification:Package 'src/vehicle' with type 'ros.ament_python' and name 'vehicle'
[0.517s] Level 1:colcon.colcon_core.package_discovery:discover_packages(recursive) using defaults
[0.517s] Level 1:colcon.colcon_core.package_discovery:discover_packages(ignore) discover
[0.517s] Level 1:colcon.colcon_core.package_discovery:discover_packages(ignore) using defaults
[0.517s] Level 1:colcon.colcon_core.package_discovery:discover_packages(path) discover
[0.517s] Level 1:colcon.colcon_core.package_discovery:discover_packages(path) using defaults
[0.543s] Level 1:colcon.colcon_core.package_discovery:discover_packages(prefix_path) check parameters
[0.543s] Level 1:colcon.colcon_core.package_discovery:discover_packages(prefix_path) discover
[0.553s] DEBUG:colcon.colcon_installed_package_information.package_discovery:Found 343 installed packages in /home/carla/ros2_humble/install
[0.554s] Level 1:colcon.colcon_core.package_discovery:discover_packages(prefix_path) using defaults
[0.833s] Level 5:colcon.colcon_core.verb:set package 'infrastructure' build argument 'cmake_args' from command line to 'None'
[0.833s] Level 5:colcon.colcon_core.verb:set package 'infrastructure' build argument 'cmake_target' from command line to 'None'
[0.833s] Level 5:colcon.colcon_core.verb:set package 'infrastructure' build argument 'cmake_target_skip_unavailable' from command line to 'False'
[0.833s] Level 5:colcon.colcon_core.verb:set package 'infrastructure' build argument 'cmake_clean_cache' from command line to 'False'
[0.833s] Level 5:colcon.colcon_core.verb:set package 'infrastructure' build argument 'cmake_clean_first' from command line to 'False'
[0.834s] Level 5:colcon.colcon_core.verb:set package 'infrastructure' build argument 'cmake_force_configure' from command line to 'False'
[0.834s] Level 5:colcon.colcon_core.verb:set package 'infrastructure' build argument 'ament_cmake_args' from command line to 'None'
[0.834s] Level 5:colcon.colcon_core.verb:set package 'infrastructure' build argument 'catkin_cmake_args' from command line to 'None'
[0.834s] Level 5:colcon.colcon_core.verb:set package 'infrastructure' build argument 'catkin_skip_building_tests' from command line to 'False'
[0.834s] DEBUG:colcon.colcon_core.verb:Building package 'infrastructure' with the following arguments: {'ament_cmake_args': None, 'build_base': '/home/carla/Github/C-V2X-Autoware-Carla/build/infrastructure', 'catkin_cmake_args': None, 'catkin_skip_building_tests': False, 'cmake_args': None, 'cmake_clean_cache': False, 'cmake_clean_first': False, 'cmake_force_configure': False, 'cmake_target': None, 'cmake_target_skip_unavailable': False, 'install_base': '/home/carla/Github/C-V2X-Autoware-Carla/install/infrastructure', 'merge_install': False, 'path': '/home/carla/Github/C-V2X-Autoware-Carla/src/infrastructure', 'symlink_install': True, 'test_result_base': None}
[0.836s] Level 5:colcon.colcon_core.verb:set package 'v2x_msg' build argument 'cmake_args' from command line to 'None'
[0.836s] Level 5:colcon.colcon_core.verb:set package 'v2x_msg' build argument 'cmake_target' from command line to 'None'
[0.836s] Level 5:colcon.colcon_core.verb:set package 'v2x_msg' build argument 'cmake_target_skip_unavailable' from command line to 'False'
[0.836s] Level 5:colcon.colcon_core.verb:set package 'v2x_msg' build argument 'cmake_clean_cache' from command line to 'False'
[0.836s] Level 5:colcon.colcon_core.verb:set package 'v2x_msg' build argument 'cmake_clean_first' from command line to 'False'
[0.836s] Level 5:colcon.colcon_core.verb:set package 'v2x_msg' build argument 'cmake_force_configure' from command line to 'False'
[0.836s] Level 5:colcon.colcon_core.verb:set package 'v2x_msg' build argument 'ament_cmake_args' from command line to 'None'
[0.836s] Level 5:colcon.colcon_core.verb:set package 'v2x_msg' build argument 'catkin_cmake_args' from command line to 'None'
[0.836s] Level 5:colcon.colcon_core.verb:set package 'v2x_msg' build argument 'catkin_skip_building_tests' from command line to 'False'
[0.836s] DEBUG:colcon.colcon_core.verb:Building package 'v2x_msg' with the following arguments: {'ament_cmake_args': None, 'build_base': '/home/carla/Github/C-V2X-Autoware-Carla/build/v2x_msg', 'catkin_cmake_args': None, 'catkin_skip_building_tests': False, 'cmake_args': None, 'cmake_clean_cache': False, 'cmake_clean_first': False, 'cmake_force_configure': False, 'cmake_target': None, 'cmake_target_skip_unavailable': False, 'install_base': '/home/carla/Github/C-V2X-Autoware-Carla/install/v2x_msg', 'merge_install': False, 'path': '/home/carla/Github/C-V2X-Autoware-Carla/src/v2x_msg', 'symlink_install': True, 'test_result_base': None}
[0.837s] Level 5:colcon.colcon_core.verb:set package 'vehicle' build argument 'cmake_args' from command line to 'None'
[0.837s] Level 5:colcon.colcon_core.verb:set package 'vehicle' build argument 'cmake_target' from command line to 'None'
[0.837s] Level 5:colcon.colcon_core.verb:set package 'vehicle' build argument 'cmake_target_skip_unavailable' from command line to 'False'
[0.837s] Level 5:colcon.colcon_core.verb:set package 'vehicle' build argument 'cmake_clean_cache' from command line to 'False'
[0.837s] Level 5:colcon.colcon_core.verb:set package 'vehicle' build argument 'cmake_clean_first' from command line to 'False'
[0.837s] Level 5:colcon.colcon_core.verb:set package 'vehicle' build argument 'cmake_force_configure' from command line to 'False'
[0.837s] Level 5:colcon.colcon_core.verb:set package 'vehicle' build argument 'ament_cmake_args' from command line to 'None'
[0.837s] Level 5:colcon.colcon_core.verb:set package 'vehicle' build argument 'catkin_cmake_args' from command line to 'None'
[0.837s] Level 5:colcon.colcon_core.verb:set package 'vehicle' build argument 'catkin_skip_building_tests' from command line to 'False'
[0.837s] DEBUG:colcon.colcon_core.verb:Building package 'vehicle' with the following arguments: {'ament_cmake_args': None, 'build_base': '/home/carla/Github/C-V2X-Autoware-Carla/build/vehicle', 'catkin_cmake_args': None, 'catkin_skip_building_tests': False, 'cmake_args': None, 'cmake_clean_cache': False, 'cmake_clean_first': False, 'cmake_force_configure': False, 'cmake_target': None, 'cmake_target_skip_unavailable': False, 'install_base': '/home/carla/Github/C-V2X-Autoware-Carla/install/vehicle', 'merge_install': False, 'path': '/home/carla/Github/C-V2X-Autoware-Carla/src/vehicle', 'symlink_install': True, 'test_result_base': None}
[0.838s] INFO:colcon.colcon_core.executor:Executing jobs using 'parallel' executor
[0.843s] DEBUG:colcon.colcon_parallel_executor.executor.parallel:run_until_complete
[0.843s] INFO:colcon.colcon_ros.task.ament_python.build:Building ROS package in '/home/carla/Github/C-V2X-Autoware-Carla/src/infrastructure' with build type 'ament_python'
[0.843s] Level 1:colcon.colcon_core.shell:create_environment_hook('infrastructure', 'ament_prefix_path')
[0.850s] INFO:colcon.colcon_core.plugin_system:Skipping extension 'colcon_core.shell.bat': Not used on non-Windows systems
[0.850s] INFO:colcon.colcon_core.shell:Creating environment hook '/home/carla/Github/C-V2X-Autoware-Carla/install/infrastructure/share/infrastructure/hook/ament_prefix_path.ps1'
[0.851s] INFO:colcon.colcon_core.shell:Creating environment descriptor '/home/carla/Github/C-V2X-Autoware-Carla/install/infrastructure/share/infrastructure/hook/ament_prefix_path.dsv'
[0.851s] INFO:colcon.colcon_core.shell:Creating environment hook '/home/carla/Github/C-V2X-Autoware-Carla/install/infrastructure/share/infrastructure/hook/ament_prefix_path.sh'
[0.853s] INFO:colcon.colcon_core.shell:Skip shell extension 'powershell' for command environment: Not usable outside of PowerShell
[0.853s] DEBUG:colcon.colcon_core.shell:Skip shell extension 'dsv' for command environment
[0.864s] INFO:colcon.colcon_cmake.task.cmake.build:Building CMake package in '/home/carla/Github/C-V2X-Autoware-Carla/src/v2x_msg'
[0.866s] INFO:colcon.colcon_core.shell:Skip shell extension 'powershell' for command environment: Not usable outside of PowerShell
[0.866s] DEBUG:colcon.colcon_core.shell:Skip shell extension 'dsv' for command environment
[0.877s] INFO:colcon.colcon_ros.task.ament_python.build:Building ROS package in '/home/carla/Github/C-V2X-Autoware-Carla/src/vehicle' with build type 'ament_python'
[0.877s] Level 1:colcon.colcon_core.shell:create_environment_hook('vehicle', 'ament_prefix_path')
[0.880s] INFO:colcon.colcon_core.shell:Creating environment hook '/home/carla/Github/C-V2X-Autoware-Carla/install/vehicle/share/vehicle/hook/ament_prefix_path.ps1'
[0.881s] INFO:colcon.colcon_core.shell:Creating environment descriptor '/home/carla/Github/C-V2X-Autoware-Carla/install/vehicle/share/vehicle/hook/ament_prefix_path.dsv'
[0.881s] INFO:colcon.colcon_core.shell:Creating environment hook '/home/carla/Github/C-V2X-Autoware-Carla/install/vehicle/share/vehicle/hook/ament_prefix_path.sh'
[0.883s] INFO:colcon.colcon_core.shell:Skip shell extension 'powershell' for command environment: Not usable outside of PowerShell
[0.883s] DEBUG:colcon.colcon_core.shell:Skip shell extension 'dsv' for command environment
[1.283s] INFO:colcon.colcon_core.task.python.build:Building Python package in '/home/carla/Github/C-V2X-Autoware-Carla/src/infrastructure'
[1.285s] INFO:colcon.colcon_core.shell:Skip shell extension 'powershell' for command environment: Not usable outside of PowerShell
[1.286s] DEBUG:colcon.colcon_core.shell:Skip shell extension 'dsv' for command environment
[1.299s] DEBUG:colcon.colcon_core.event_handler.log_command:Invoking command in '/home/carla/Github/C-V2X-Autoware-Carla/build/v2x_msg': /usr/bin/cmake /home/carla/Github/C-V2X-Autoware-Carla/src/v2x_msg -DCMAKE_INSTALL_PREFIX=/home/carla/Github/C-V2X-Autoware-Carla/install/v2x_msg
[1.686s] INFO:colcon.colcon_core.task.python.build:Building Python package in '/home/carla/Github/C-V2X-Autoware-Carla/src/vehicle'
[1.688s] INFO:colcon.colcon_core.shell:Skip shell extension 'powershell' for command environment: Not usable outside of PowerShell
[1.688s] DEBUG:colcon.colcon_core.shell:Skip shell extension 'dsv' for command environment
[2.230s] DEBUG:colcon.colcon_core.event_handler.log_command:Invoking command in '/home/carla/Github/C-V2X-Autoware-Carla/build/infrastructure': PYTHONPATH=/home/carla/Github/C-V2X-Autoware-Carla/build/infrastructure/prefix_override:/home/carla/Github/C-V2X-Autoware-Carla/install/infrastructure/lib/python3.8/site-packages:${PYTHONPATH} /usr/bin/python3 setup.py develop --editable --build-directory /home/carla/Github/C-V2X-Autoware-Carla/build/infrastructure/build --no-deps install_data
[2.232s] DEBUG:colcon.colcon_core.event_handler.log_command:Invoking command in '/home/carla/Github/C-V2X-Autoware-Carla/build/vehicle': PYTHONPATH=/home/carla/Github/C-V2X-Autoware-Carla/build/vehicle/prefix_override:/home/carla/Github/C-V2X-Autoware-Carla/install/vehicle/lib/python3.8/site-packages:${PYTHONPATH} /usr/bin/python3 setup.py develop --editable --build-directory /home/carla/Github/C-V2X-Autoware-Carla/build/vehicle/build --no-deps install_data
[2.779s] Level 1:colcon.colcon_core.shell:create_environment_hook('infrastructure', 'pythonpath_develop')
[2.781s] INFO:colcon.colcon_core.shell:Creating environment hook '/home/carla/Github/C-V2X-Autoware-Carla/build/infrastructure/share/infrastructure/hook/pythonpath_develop.ps1'
[2.781s] DEBUG:colcon.colcon_core.event_handler.log_command:Invoked command in '/home/carla/Github/C-V2X-Autoware-Carla/build/infrastructure' returned '0': PYTHONPATH=/home/carla/Github/C-V2X-Autoware-Carla/build/infrastructure/prefix_override:/home/carla/Github/C-V2X-Autoware-Carla/install/infrastructure/lib/python3.8/site-packages:${PYTHONPATH} /usr/bin/python3 setup.py develop --editable --build-directory /home/carla/Github/C-V2X-Autoware-Carla/build/infrastructure/build --no-deps install_data
[2.782s] INFO:colcon.colcon_core.shell:Creating environment descriptor '/home/carla/Github/C-V2X-Autoware-Carla/build/infrastructure/share/infrastructure/hook/pythonpath_develop.dsv'
[2.782s] INFO:colcon.colcon_core.shell:Creating environment hook '/home/carla/Github/C-V2X-Autoware-Carla/build/infrastructure/share/infrastructure/hook/pythonpath_develop.sh'
[2.791s] Level 1:colcon.colcon_core.environment:checking '/home/carla/Github/C-V2X-Autoware-Carla/install/infrastructure' for CMake module files
[2.791s] Level 1:colcon.colcon_core.environment:checking '/home/carla/Github/C-V2X-Autoware-Carla/install/infrastructure' for CMake config files
[2.792s] Level 1:colcon.colcon_core.environment:checking '/home/carla/Github/C-V2X-Autoware-Carla/install/infrastructure/lib'
[2.792s] Level 1:colcon.colcon_core.environment:checking '/home/carla/Github/C-V2X-Autoware-Carla/install/infrastructure/bin'
[2.792s] Level 1:colcon.colcon_core.environment:checking '/home/carla/Github/C-V2X-Autoware-Carla/install/infrastructure/lib/pkgconfig/infrastructure.pc'
[2.792s] Level 1:colcon.colcon_core.environment:checking '/home/carla/Github/C-V2X-Autoware-Carla/install/infrastructure/lib/python3.8/site-packages'
[2.792s] Level 1:colcon.colcon_core.shell:create_environment_hook('infrastructure', 'pythonpath')
[2.794s] INFO:colcon.colcon_core.shell:Creating environment hook '/home/carla/Github/C-V2X-Autoware-Carla/install/infrastructure/share/infrastructure/hook/pythonpath.ps1'
[2.794s] INFO:colcon.colcon_core.shell:Creating environment descriptor '/home/carla/Github/C-V2X-Autoware-Carla/install/infrastructure/share/infrastructure/hook/pythonpath.dsv'
[2.794s] INFO:colcon.colcon_core.shell:Creating environment hook '/home/carla/Github/C-V2X-Autoware-Carla/install/infrastructure/share/infrastructure/hook/pythonpath.sh'
[2.795s] Level 1:colcon.colcon_core.environment:checking '/home/carla/Github/C-V2X-Autoware-Carla/install/infrastructure/bin'
[2.795s] Level 1:colcon.colcon_core.environment:create_environment_scripts_only(infrastructure)
[2.797s] INFO:colcon.colcon_core.shell:Creating package script '/home/carla/Github/C-V2X-Autoware-Carla/install/infrastructure/share/infrastructure/package.ps1'
[2.797s] INFO:colcon.colcon_core.shell:Creating package descriptor '/home/carla/Github/C-V2X-Autoware-Carla/install/infrastructure/share/infrastructure/package.dsv'
[2.797s] INFO:colcon.colcon_core.shell:Creating package script '/home/carla/Github/C-V2X-Autoware-Carla/install/infrastructure/share/infrastructure/package.sh'
[2.798s] INFO:colcon.colcon_core.shell:Creating package script '/home/carla/Github/C-V2X-Autoware-Carla/install/infrastructure/share/infrastructure/package.bash'
[2.798s] INFO:colcon.colcon_core.shell:Creating package script '/home/carla/Github/C-V2X-Autoware-Carla/install/infrastructure/share/infrastructure/package.zsh'
[2.798s] Level 1:colcon.colcon_core.environment:create_file_with_runtime_dependencies(/home/carla/Github/C-V2X-Autoware-Carla/install/infrastructure/share/colcon-core/packages/infrastructure)
[2.799s] Level 1:colcon.colcon_core.shell:create_environment_hook('vehicle', 'pythonpath_develop')
[2.801s] INFO:colcon.colcon_core.shell:Creating environment hook '/home/carla/Github/C-V2X-Autoware-Carla/build/vehicle/share/vehicle/hook/pythonpath_develop.ps1'
[2.801s] DEBUG:colcon.colcon_core.event_handler.log_command:Invoked command in '/home/carla/Github/C-V2X-Autoware-Carla/build/vehicle' returned '0': PYTHONPATH=/home/carla/Github/C-V2X-Autoware-Carla/build/vehicle/prefix_override:/home/carla/Github/C-V2X-Autoware-Carla/install/vehicle/lib/python3.8/site-packages:${PYTHONPATH} /usr/bin/python3 setup.py develop --editable --build-directory /home/carla/Github/C-V2X-Autoware-Carla/build/vehicle/build --no-deps install_data
[2.801s] INFO:colcon.colcon_core.shell:Creating environment descriptor '/home/carla/Github/C-V2X-Autoware-Carla/build/vehicle/share/vehicle/hook/pythonpath_develop.dsv'
[2.801s] INFO:colcon.colcon_core.shell:Creating environment hook '/home/carla/Github/C-V2X-Autoware-Carla/build/vehicle/share/vehicle/hook/pythonpath_develop.sh'
[2.805s] Level 1:colcon.colcon_core.environment:checking '/home/carla/Github/C-V2X-Autoware-Carla/install/vehicle' for CMake module files
[2.805s] Level 1:colcon.colcon_core.environment:checking '/home/carla/Github/C-V2X-Autoware-Carla/install/vehicle' for CMake config files
[2.805s] Level 1:colcon.colcon_core.environment:checking '/home/carla/Github/C-V2X-Autoware-Carla/install/vehicle/lib'
[2.805s] Level 1:colcon.colcon_core.environment:checking '/home/carla/Github/C-V2X-Autoware-Carla/install/vehicle/bin'
[2.805s] Level 1:colcon.colcon_core.environment:checking '/home/carla/Github/C-V2X-Autoware-Carla/install/vehicle/lib/pkgconfig/vehicle.pc'
[2.805s] Level 1:colcon.colcon_core.environment:checking '/home/carla/Github/C-V2X-Autoware-Carla/install/vehicle/lib/python3.8/site-packages'
[2.805s] Level 1:colcon.colcon_core.shell:create_environment_hook('vehicle', 'pythonpath')
[2.807s] INFO:colcon.colcon_core.shell:Creating environment hook '/home/carla/Github/C-V2X-Autoware-Carla/install/vehicle/share/vehicle/hook/pythonpath.ps1'
[2.807s] INFO:colcon.colcon_core.shell:Creating environment descriptor '/home/carla/Github/C-V2X-Autoware-Carla/install/vehicle/share/vehicle/hook/pythonpath.dsv'
[2.808s] INFO:colcon.colcon_core.shell:Creating environment hook '/home/carla/Github/C-V2X-Autoware-Carla/install/vehicle/share/vehicle/hook/pythonpath.sh'
[2.808s] Level 1:colcon.colcon_core.environment:checking '/home/carla/Github/C-V2X-Autoware-Carla/install/vehicle/bin'
[2.808s] Level 1:colcon.colcon_core.environment:create_environment_scripts_only(vehicle)
[2.810s] INFO:colcon.colcon_core.shell:Creating package script '/home/carla/Github/C-V2X-Autoware-Carla/install/vehicle/share/vehicle/package.ps1'
[2.810s] INFO:colcon.colcon_core.shell:Creating package descriptor '/home/carla/Github/C-V2X-Autoware-Carla/install/vehicle/share/vehicle/package.dsv'
[2.810s] INFO:colcon.colcon_core.shell:Creating package script '/home/carla/Github/C-V2X-Autoware-Carla/install/vehicle/share/vehicle/package.sh'
[2.810s] INFO:colcon.colcon_core.shell:Creating package script '/home/carla/Github/C-V2X-Autoware-Carla/install/vehicle/share/vehicle/package.bash'
[2.811s] INFO:colcon.colcon_core.shell:Creating package script '/home/carla/Github/C-V2X-Autoware-Carla/install/vehicle/share/vehicle/package.zsh'
[2.811s] Level 1:colcon.colcon_core.environment:create_file_with_runtime_dependencies(/home/carla/Github/C-V2X-Autoware-Carla/install/vehicle/share/colcon-core/packages/vehicle)
[4.446s] DEBUG:colcon.colcon_core.event_handler.log_command:Invoked command in '/home/carla/Github/C-V2X-Autoware-Carla/build/v2x_msg' returned '1': /usr/bin/cmake /home/carla/Github/C-V2X-Autoware-Carla/src/v2x_msg -DCMAKE_INSTALL_PREFIX=/home/carla/Github/C-V2X-Autoware-Carla/install/v2x_msg
[4.456s] DEBUG:colcon.colcon_parallel_executor.executor.parallel:closing loop
[4.457s] DEBUG:colcon.colcon_parallel_executor.executor.parallel:loop closed
[4.457s] DEBUG:colcon.colcon_parallel_executor.executor.parallel:run_until_complete finished with '1'
[4.457s] DEBUG:colcon.colcon_core.event_reactor:joining thread
[4.467s] INFO:colcon.colcon_core.plugin_system:Skipping extension 'colcon_notification.desktop_notification.terminal_notifier': Not used on non-Darwin systems
[4.467s] INFO:colcon.colcon_core.plugin_system:Skipping extension 'colcon_notification.desktop_notification.win32': Not used on non-Windows systems
[4.467s] INFO:colcon.colcon_notification.desktop_notification:Sending desktop notification using 'notify2'
[4.485s] DEBUG:colcon.colcon_core.event_reactor:joined thread
[4.489s] INFO:colcon.colcon_core.shell:Creating prefix script '/home/carla/Github/C-V2X-Autoware-Carla/install/local_setup.ps1'
[4.490s] INFO:colcon.colcon_core.shell:Creating prefix util module '/home/carla/Github/C-V2X-Autoware-Carla/install/_local_setup_util_ps1.py'
[4.491s] INFO:colcon.colcon_core.shell:Creating prefix chain script '/home/carla/Github/C-V2X-Autoware-Carla/install/setup.ps1'
[4.500s] INFO:colcon.colcon_core.shell:Creating prefix script '/home/carla/Github/C-V2X-Autoware-Carla/install/local_setup.sh'
[4.501s] INFO:colcon.colcon_core.shell:Creating prefix util module '/home/carla/Github/C-V2X-Autoware-Carla/install/_local_setup_util_sh.py'
[4.501s] INFO:colcon.colcon_core.shell:Creating prefix chain script '/home/carla/Github/C-V2X-Autoware-Carla/install/setup.sh'
[4.506s] INFO:colcon.colcon_core.shell:Creating prefix script '/home/carla/Github/C-V2X-Autoware-Carla/install/local_setup.bash'
[4.506s] INFO:colcon.colcon_core.shell:Creating prefix chain script '/home/carla/Github/C-V2X-Autoware-Carla/install/setup.bash'
[4.511s] INFO:colcon.colcon_core.shell:Creating prefix script '/home/carla/Github/C-V2X-Autoware-Carla/install/local_setup.zsh'
[4.511s] INFO:colcon.colcon_core.shell:Creating prefix chain script '/home/carla/Github/C-V2X-Autoware-Carla/install/setup.zsh'
