running egg_info
writing ../../build/vehicle/vehicle.egg-info/PKG-INFO
writing dependency_links to ../../build/vehicle/vehicle.egg-info/dependency_links.txt
writing entry points to ../../build/vehicle/vehicle.egg-info/entry_points.txt
writing requirements to ../../build/vehicle/vehicle.egg-info/requires.txt
writing top-level names to ../../build/vehicle/vehicle.egg-info/top_level.txt
reading manifest file '../../build/vehicle/vehicle.egg-info/SOURCES.txt'
writing manifest file '../../build/vehicle/vehicle.egg-info/SOURCES.txt'
running build
running build_py
copying vehicle/host_vehicle.py -> /home/carla/Github/C-V2X-Autoware-Carla/build/vehicle/build/lib/vehicle
copying vehicle/remote_vehicle.py -> /home/carla/Github/C-V2X-Autoware-Carla/build/vehicle/build/lib/vehicle
copying vehicle/start_multiple.py -> /home/carla/Github/C-V2X-Autoware-Carla/build/vehicle/build/lib/vehicle
copying vehicle/__init__.py -> /home/carla/Github/C-V2X-Autoware-Carla/build/vehicle/build/lib/vehicle
copying vehicle/ren_vehicle.py -> /home/carla/Github/C-V2X-Autoware-Carla/build/vehicle/build/lib/vehicle
running install
/home/carla/.local/lib/python3.8/site-packages/setuptools/_distutils/cmd.py:66: SetuptoolsDeprecationWarning: setup.py install is deprecated.
!!

        ********************************************************************************
        Please avoid running ``setup.py`` directly.
        Instead, use pypa/build, pypa/installer or other
        standards-based tools.

        See https://blog.ganssle.io/articles/2021/10/setup-py-deprecated.html for details.
        ********************************************************************************

!!
  self.initialize_options()
running install_lib
copying /home/carla/Github/C-V2X-Autoware-Carla/build/vehicle/build/lib/vehicle/host_vehicle.py -> /home/carla/Github/C-V2X-Autoware-Carla/install/vehicle/lib/python3.8/site-packages/vehicle
byte-compiling /home/carla/Github/C-V2X-Autoware-Carla/install/vehicle/lib/python3.8/site-packages/vehicle/host_vehicle.py to host_vehicle.cpython-38.pyc
running install_data
copying resource/vehicle -> /home/carla/Github/C-V2X-Autoware-Carla/install/vehicle/share/ament_index/resource_index/packages
copying package.xml -> /home/carla/Github/C-V2X-Autoware-Carla/install/vehicle/share/vehicle
running install_egg_info
removing '/home/carla/Github/C-V2X-Autoware-Carla/install/vehicle/lib/python3.8/site-packages/vehicle-0.0.0-py3.8.egg-info' (and everything under it)
Copying ../../build/vehicle/vehicle.egg-info to /home/carla/Github/C-V2X-Autoware-Carla/install/vehicle/lib/python3.8/site-packages/vehicle-0.0.0-py3.8.egg-info
running install_scripts
Installing host_vehicle script to /home/carla/Github/C-V2X-Autoware-Carla/install/vehicle/lib/vehicle
Installing remote_vehicle script to /home/carla/Github/C-V2X-Autoware-Carla/install/vehicle/lib/vehicle
Installing ren_vehicle script to /home/carla/Github/C-V2X-Autoware-Carla/install/vehicle/lib/vehicle
writing list of installed files to '/home/carla/Github/C-V2X-Autoware-Carla/build/vehicle/install.log'
