[0.630s] Invoking command in '/media/william/blueicedrive/Github/AutowareUniverse-Carla/src/vehicle': PYTHONPATH=/media/william/blueicedrive/Github/AutowareUniverse-Carla/build/vehicle/prefix_override:/usr/lib/python3/dist-packages/colcon_core/task/python/colcon_distutils_commands:/media/william/blueicedrive/Github/AutowareUniverse-Carla/install/vehicle/lib/python3.10/site-packages:${PYTHONPATH} /usr/bin/python3 -W ignore:setup.py install is deprecated setup.py egg_info --egg-base ../../build/vehicle build --build-base /media/william/blueicedrive/Github/AutowareUniverse-Carla/build/vehicle/build install --record /media/william/blueicedrive/Github/AutowareUniverse-Carla/build/vehicle/install.log --single-version-externally-managed install_data
[0.849s] running egg_info
[0.857s] writing ../../build/vehicle/vehicle.egg-info/PKG-INFO
[0.858s] writing dependency_links to ../../build/vehicle/vehicle.egg-info/dependency_links.txt
[0.858s] writing entry points to ../../build/vehicle/vehicle.egg-info/entry_points.txt
[0.858s] writing requirements to ../../build/vehicle/vehicle.egg-info/requires.txt
[0.858s] writing top-level names to ../../build/vehicle/vehicle.egg-info/top_level.txt
[0.878s] reading manifest file '../../build/vehicle/vehicle.egg-info/SOURCES.txt'
[0.880s] writing manifest file '../../build/vehicle/vehicle.egg-info/SOURCES.txt'
[0.880s] running build
[0.880s] running build_py
[0.880s] copying vehicle/host_vehicle.py -> /media/william/blueicedrive/Github/AutowareUniverse-Carla/build/vehicle/build/lib/vehicle
[0.881s] copying vehicle/remote_vehicle.py -> /media/william/blueicedrive/Github/AutowareUniverse-Carla/build/vehicle/build/lib/vehicle
[0.881s] copying vehicle/ren_vehicle.py -> /media/william/blueicedrive/Github/AutowareUniverse-Carla/build/vehicle/build/lib/vehicle
[0.882s] copying vehicle/start_multiple.py -> /media/william/blueicedrive/Github/AutowareUniverse-Carla/build/vehicle/build/lib/vehicle
[0.882s] copying vehicle/__init__.py -> /media/william/blueicedrive/Github/AutowareUniverse-Carla/build/vehicle/build/lib/vehicle
[0.882s] running install
[0.885s] running install_lib
[0.894s] copying /media/william/blueicedrive/Github/AutowareUniverse-Carla/build/vehicle/build/lib/vehicle/host_vehicle.py -> /media/william/blueicedrive/Github/AutowareUniverse-Carla/install/vehicle/lib/python3.10/site-packages/vehicle
[0.897s] byte-compiling /media/william/blueicedrive/Github/AutowareUniverse-Carla/install/vehicle/lib/python3.10/site-packages/vehicle/host_vehicle.py to host_vehicle.cpython-310.pyc
[0.901s] running install_data
[0.901s] copying resource/vehicle -> /media/william/blueicedrive/Github/AutowareUniverse-Carla/install/vehicle/share/ament_index/resource_index/packages
[0.902s] copying package.xml -> /media/william/blueicedrive/Github/AutowareUniverse-Carla/install/vehicle/share/vehicle
[0.902s] running install_egg_info
[0.913s] removing '/media/william/blueicedrive/Github/AutowareUniverse-Carla/install/vehicle/lib/python3.10/site-packages/vehicle-0.0.0-py3.10.egg-info' (and everything under it)
[0.914s] Copying ../../build/vehicle/vehicle.egg-info to /media/william/blueicedrive/Github/AutowareUniverse-Carla/install/vehicle/lib/python3.10/site-packages/vehicle-0.0.0-py3.10.egg-info
[0.919s] running install_scripts
[1.006s] Installing host_vehicle script to /media/william/blueicedrive/Github/AutowareUniverse-Carla/install/vehicle/lib/vehicle
[1.006s] Installing remote_vehicle script to /media/william/blueicedrive/Github/AutowareUniverse-Carla/install/vehicle/lib/vehicle
[1.006s] Installing ren_vehicle script to /media/william/blueicedrive/Github/AutowareUniverse-Carla/install/vehicle/lib/vehicle
[1.007s] writing list of installed files to '/media/william/blueicedrive/Github/AutowareUniverse-Carla/build/vehicle/install.log'
[1.023s] Invoked command in '/media/william/blueicedrive/Github/AutowareUniverse-Carla/src/vehicle' returned '0': PYTHONPATH=/media/william/blueicedrive/Github/AutowareUniverse-Carla/build/vehicle/prefix_override:/usr/lib/python3/dist-packages/colcon_core/task/python/colcon_distutils_commands:/media/william/blueicedrive/Github/AutowareUniverse-Carla/install/vehicle/lib/python3.10/site-packages:${PYTHONPATH} /usr/bin/python3 -W ignore:setup.py install is deprecated setup.py egg_info --egg-base ../../build/vehicle build --build-base /media/william/blueicedrive/Github/AutowareUniverse-Carla/build/vehicle/build install --record /media/william/blueicedrive/Github/AutowareUniverse-Carla/build/vehicle/install.log --single-version-externally-managed install_data
